0, 500, 0, 0, true, 101481604, 0, 1442861768
0, 500, 0, 1, true, 88503343, 0, 106935408
0, 500, 0, 2, true, 91400183, 0, 644717776
0, 500, 0, 3, true, 88996778, 0, 645130880
0, 500, 0, 4, true, 86240101, 0, 106911384
0, 500, 0, 5, true, 91397165, 0, 644640248
0, 500, 0, 6, true, 85994007, 0, 645073064
0, 500, 0, 7, true, 85643551, 0, 107031864
0, 500, 0, 8, true, 85318595, 0, 107015232
0, 500, 0, 9, true, 88050060, 0, 107094312
0, 500, 0, 10, true, 96334894, 0, 645214624
0, 500, 0, 11, true, 88997252, 0, 105788312
0, 500, 0, 12, true, 87060396, 0, 104599000
0, 500, 0, 13, true, 86520477, 0, 104238088
0, 500, 0, 14, true, 85398946, 0, 104327704
0, 500, 0, 15, true, 86198579, 0, 104304264
0, 500, 0, 16, true, 87871253, 0, 642014896
0, 500, 0, 17, true, 85567343, 0, 642160784
0, 500, 0, 18, true, 85910596, 0, 104401808
0, 500, 0, 19, true, 85701352, 0, 104443648
0, 500, 0, 20, true, 85659223, 0, 104472192
0, 500, 0, 21, true, 86184753, 0, 104416024
0, 500, 0, 22, true, 86329914, 0, 104135336
0, 500, 0, 23, true, 85781504, 0, 104376520
0, 500, 0, 24, true, 86109887, 0, 104092952
0, 500, 0, 25, true, 86256296, 0, 104075144
0, 500, 0, 26, true, 85650738, 0, 103680376
0, 500, 0, 27, true, 86239607, 0, 103345712
0, 500, 0, 28, true, 85871735, 0, 641039792
0, 500, 0, 29, true, 85558825, 0, 641096680
0, 500, 0, 30, true, 85657265, 0, 103460640
0, 500, 0, 31, true, 86654616, 0, 103388224
0, 500, 0, 32, true, 86123684, 0, 103474456
0, 500, 0, 33, true, 86325863, 0, 103453640
0, 500, 0, 34, true, 87049352, 0, 103473616
0, 500, 0, 35, true, 86637836, 0, 103720424
0, 500, 0, 36, true, 86133272, 0, 103717536
0, 500, 0, 37, true, 85643818, 0, 103751320
0, 500, 0, 38, true, 85346959, 0, 103889192
0, 500, 0, 39, true, 85824266, 0, 103904944
0, 500, 0, 40, true, 85383208, 0, 103896808
0, 500, 0, 41, true, 85683110, 0, 104023896
0, 500, 0, 42, true, 85538566, 0, 103935528
0, 500, 0, 43, true, 85629167, 0, 104046648
0, 500, 0, 44, true, 85268288, 0, 103811160
0, 500, 0, 45, true, 85669001, 0, 103788552
0, 500, 0, 46, true, 85350500, 0, 103778888
0, 500, 0, 47, true, 85723231, 0, 103798512
0, 500, 0, 48, true, 85523719, 0, 103863456
0, 500, 0, 49, true, 86113092, 0, 0
0, 500, 0, 50, true, 85571066, 0, 103912656
0, 500, 0, 51, true, 85504856, 0, 103935632
0, 500, 0, 52, true, 85405533, 0, 103941136
0, 500, 0, 53, true, 86085230, 0, 103869416
0, 500, 0, 54, true, 85216649, 0, 103938000
0, 500, 0, 55, true, 85081248, 0, 103945048
0, 500, 0, 56, true, 85799438, 0, 103968736
0, 500, 0, 57, true, 85226925, 0, 103972144
0, 500, 0, 58, true, 85365130, 0, 641653384
0, 500, 0, 59, true, 85337676, 0, 103971872
0, 500, 0, 60, true, 86043459, 0, 103990904
0, 500, 0, 61, true, 85565421, 0, 103990952
0, 500, 0, 62, true, 85252941, 0, 103991016
0, 500, 0, 63, true, 85146845, 0, 103963248
0, 500, 0, 64, true, 85461288, 0, 103952272
0, 500, 0, 65, true, 85569409, 0, 104082848
0, 500, 0, 66, true, 87525570, 0, 104057648
0, 500, 0, 67, true, 85943421, 0, 104629848
0, 500, 0, 68, true, 85713995, 0, 104596504
0, 500, 0, 69, true, 85530771, 0, 104550720
0, 500, 0, 70, true, 85180726, 0, 642283896
0, 500, 0, 71, true, 85661381, 0, 104581968
0, 500, 0, 72, true, 85639224, 0, 104604088
0, 500, 0, 73, true, 85226593, 0, 104586856
0, 500, 0, 74, true, 85568321, 0, 104575952
0, 500, 0, 75, true, 85723552, 0, 0
0, 500, 0, 76, true, 85303762, 0, 104647600
0, 500, 0, 77, true, 85164627, 0, 104585496
0, 500, 0, 78, true, 85557922, 0, 104671968
0, 500, 0, 79, true, 85239097, 0, 104651712
0, 500, 0, 80, true, 85753075, 0, 104620336
0, 500, 0, 81, true, 85720784, 0, 104682208
0, 500, 0, 82, true, 85930354, 0, 104625808
0, 500, 0, 83, true, 85226127, 0, 104585472
0, 500, 0, 84, true, 86571318, 0, 104647696
0, 500, 0, 85, true, 85585057, 0, 104601416
0, 500, 0, 86, true, 86083683, 0, 642381776
0, 500, 0, 87, true, 85400293, 0, 104636968
0, 500, 0, 88, true, 85977963, 0, 104663456
0, 500, 0, 89, true, 85598168, 0, 104629008
0, 500, 0, 90, true, 85776703, 0, 104660976
0, 500, 0, 91, true, 85416101, 0, 104722456
0, 500, 0, 92, true, 85865078, 0, 104708328
0, 500, 0, 93, true, 85974177, 0, 104695024
0, 500, 0, 94, true, 85562305, 0, 104729368
0, 500, 0, 95, true, 86055985, 0, 104737160
0, 500, 0, 96, true, 85479868, 0, 104769904
0, 500, 0, 97, true, 85697056, 0, 104776456
0, 500, 0, 98, true, 86011406, 0, 104774944
0, 500, 0, 99, true, 85544162, 0, 104616032
0, 1000, 0, 0, true, 159579497, 0, 104842752
0, 1000, 0, 1, true, 157970341, 0, 104341136
0, 1000, 0, 2, true, 157864020, 0, 104133096
0, 1000, 0, 3, true, 157781542, 0, 103959328
0, 1000, 0, 4, true, 158369647, 0, 103821568
0, 1000, 0, 5, true, 157377256, 0, 103825760
0, 1000, 0, 6, true, 158432400, 0, 103777816
0, 1000, 0, 7, true, 158324160, 0, 103724864
0, 1000, 0, 8, true, 157870822, 0, 103812080
0, 1000, 0, 9, true, 157810078, 0, 103770272
0, 1000, 0, 10, true, 159684199, 0, 103731848
0, 1000, 0, 11, true, 157292407, 0, 103740752
0, 1000, 0, 12, true, 158527781, 0, 1816854528
0, 1000, 0, 13, true, 158336770, 0, 1816790952
0, 1000, 0, 14, true, 158407297, 0, 103754768
0, 1000, 0, 15, true, 157292555, 0, 103806288
0, 1000, 0, 16, true, 158187304, 0, 103807880
0, 1000, 0, 17, true, 158112818, 0, 103818472
0, 1000, 0, 18, true, 157982794, 0, 103739448
0, 1000, 0, 19, true, 157643588, 0, 1816444616
0, 1000, 0, 20, true, 157720291, 0, 103785200
0, 1000, 0, 21, true, 158411080, 0, 103731664
0, 1000, 0, 22, true, 158635714, 0, 103723928
0, 1000, 0, 23, true, 158443510, 0, 1816962480
0, 1000, 0, 24, true, 157305976, 0, 103942816
0, 1000, 0, 25, true, 157523659, 0, 103937472
0, 1000, 0, 26, true, 158044618, 0, 103956720
0, 1000, 0, 27, true, 157643407, 0, 103906440
0, 1000, 0, 28, true, 157561513, 0, 103941576
0, 1000, 0, 29, true, 157590131, 0, 103966072
0, 1000, 0, 30, true, 159691099, 0, 104016824
0, 1000, 0, 31, true, 158601904, 0, 104415696
0, 1000, 0, 32, true, 157601614, 0, 104394792
0, 1000, 0, 33, true, 157471080, 0, 104444560
0, 1000, 0, 34, true, 157132347, 0, 1817154432
0, 1000, 0, 35, true, 157406749, 0, 104479480
0, 1000, 0, 36, true, 157783573, 0, 104435896
0, 1000, 0, 37, true, 158734570, 0, 1817190936
0, 1000, 0, 38, true, 157486681, 0, 104470616
0, 1000, 0, 39, true, 157113755, 0, 104460408
0, 1000, 0, 40, true, 157246887, 0, 104489584
0, 1000, 0, 41, true, 158408806, 0, 104496024
0, 1000, 0, 42, true, 157889843, 0, 104496056
0, 1000, 0, 43, true, 158040808, 0, 1817174256
0, 1000, 0, 44, true, 157404080, 0, 104447376
0, 1000, 0, 45, true, 157130361, 0, 104463584
0, 1000, 0, 46, true, 158020701, 0, 104463376
0, 1000, 0, 47, true, 158594789, 0, 104462064
0, 1000, 0, 48, true, 157503724, 0, 104430664
0, 1000, 0, 49, true, 157564344, 0, 104493472
0, 1000, 0, 50, true, 157477989, 0, 104465048
0, 1000, 0, 51, true, 157570003, 0, 104464912
0, 1000, 0, 52, true, 157445896, 0, 104497912
0, 1000, 0, 53, true, 157264171, 0, 104449256
0, 1000, 0, 54, true, 157340061, 0, 104530976
0, 1000, 0, 55, true, 157836128, 0, 1817425200
0, 1000, 0, 56, true, 158335517, 0, 104509448
0, 1000, 0, 57, true, 157344498, 0, 104556176
0, 1000, 0, 58, true, 157552374, 0, 104521584
0, 1000, 0, 59, true, 157086382, 0, 104495456
0, 1000, 0, 60, true, 158557936, 0, 104565688
0, 1000, 0, 61, true, 157871471, 0, 104584328
0, 1000, 0, 62, true, 157775090, 0, 1817239696
0, 1000, 0, 63, true, 157139130, 0, 104584920
0, 1000, 0, 64, true, 157366965, 0, 1817301120
0, 1000, 0, 65, true, 158518442, 0, 1817274288
0, 1000, 0, 66, true, 158746875, 0, 104589816
0, 1000, 0, 67, true, 158504933, 0, 104585880
0, 1000, 0, 68, true, 157272870, 0, 104575040
0, 1000, 0, 69, true, 157691813, 0, 104619720
0, 1000, 0, 70, true, 157063032, 0, 104634504
0, 1000, 0, 71, true, 158865168, 0, 1817318264
0, 1000, 0, 72, true, 158281914, 0, 104608136
0, 1000, 0, 73, true, 157123693, 0, 104603416
0, 1000, 0, 74, true, 157486829, 0, 1817303344
0, 1000, 0, 75, true, 157553721, 0, 104632200
0, 1000, 0, 76, true, 157685342, 0, 104601584
0, 1000, 0, 77, true, 157566766, 0, 104632280
0, 1000, 0, 78, true, 157924984, 0, 104610760
0, 1000, 0, 79, true, 158243198, 0, 1817333432
0, 1000, 0, 80, true, 157541348, 0, 104610784
0, 1000, 0, 81, true, 157575920, 0, 104634728
0, 1000, 0, 82, true, 157173489, 0, 104634632
0, 1000, 0, 83, true, 157158438, 0, 104611280
0, 1000, 0, 84, true, 156852398, 0, 104623448
0, 1000, 0, 85, true, 158643480, 0, 104594936
0, 1000, 0, 86, true, 158274485, 0, 104656168
0, 1000, 0, 87, true, 156648494, 0, 1817473144
0, 1000, 0, 88, true, 157675113, 0, 104678888
0, 1000, 0, 89, true, 157735589, 0, 104676400
0, 1000, 0, 90, true, 157912239, 0, 104723240
0, 1000, 0, 91, true, 158486917, 0, 104662008
0, 1000, 0, 92, true, 158402609, 0, 104701800
0, 1000, 0, 93, true, 157271724, 0, 104703464
0, 1000, 0, 94, true, 167617293, 0, 104747968
0, 1000, 0, 95, true, 172185865, 0, 104665240
0, 1000, 0, 96, true, 158315773, 0, 104579960
0, 1000, 0, 97, true, 165181055, 0, 104600296
0, 1000, 0, 98, true, 157608061, 0, 104633096
0, 1000, 0, 99, true, 162203826, 0, 1817383016
0, 1500, 0, 0, true, 355908745, 0, 2501845688
0, 1500, 0, 1, true, 553521832, 0, 3450570592
0, 1500, 0, 2, true, 370524006, 0, 3630176240
0, 1500, 0, 3, true, 344500604, 0, 3579285288
0, 1500, 0, 4, true, 341589585, 0, 3606625840
0, 1500, 0, 5, true, 339597528, 0, 3560489432
0, 1500, 0, 6, true, 341806403, 0, 3554656744
0, 1500, 0, 7, true, 339434599, 0, 3546260968
0, 1500, 0, 8, true, 343748170, 0, 3545212440
0, 1500, 0, 9, true, 339633774, 0, 3538923064
0, 1500, 0, 10, true, 340286963, 0, 3540536040
0, 1500, 0, 11, true, 340350340, 0, 3534810616
0, 1500, 0, 12, true, 340136545, 0, 3537432104
0, 1500, 0, 13, true, 340742660, 0, 3532112920
0, 1500, 0, 14, true, 339836038, 0, 3536384000
0, 1500, 0, 15, true, 343750588, 0, 3531144256
0, 1500, 0, 16, true, 341217027, 0, 3535369592
0, 1500, 0, 17, true, 338996524, 0, 3530673832
0, 1500, 0, 18, true, 339327223, 0, 3534903536
0, 1500, 0, 19, true, 339523709, 0, 3530180080
0, 1500, 0, 20, true, 340349183, 0, 3534371208
0, 1500, 0, 21, true, 340208944, 0, 3530102184
0, 1500, 0, 22, true, 340215420, 0, 3534402976
0, 1500, 0, 23, true, 339467022, 0, 3530103368
0, 1500, 0, 24, true, 339798361, 0, 3534370936
0, 1500, 0, 25, true, 339335016, 0, 3530127496
0, 1500, 0, 26, true, 339835365, 0, 3534336040
0, 1500, 0, 27, true, 339342350, 0, 3530143384
0, 1500, 0, 28, true, 339519615, 0, 3534305128
0, 1500, 0, 29, true, 360907455, 0, 3530110872
0, 1500, 0, 30, true, 344782981, 0, 3534306808
0, 1500, 0, 31, true, 353300577, 0, 3530157488
0, 1500, 0, 32, true, 346990553, 0, 3534393008
0, 1500, 0, 33, true, 338977881, 0, 3530184168
0, 1500, 0, 34, true, 338895434, 0, 3534379864
0, 1500, 0, 35, true, 341873149, 0, 3530186664
0, 1500, 0, 36, true, 347422295, 0, 3534415800
0, 1500, 0, 37, true, 346004862, 0, 3530177096
0, 1500, 0, 38, true, 339233425, 0, 3534361784
0, 1500, 0, 39, true, 357910859, 0, 3530245464
0, 1500, 0, 40, true, 340616711, 0, 3534363512
0, 1500, 0, 41, true, 341300878, 0, 3530249304
0, 1500, 0, 42, true, 340373265, 0, 3534449496
0, 1500, 0, 43, true, 342705944, 0, 3530254272
0, 1500, 0, 44, true, 340125739, 0, 3534483360
0, 1500, 0, 45, true, 343298984, 0, 3530219136
0, 1500, 0, 46, true, 342262001, 0, 3534376408
0, 1500, 0, 47, true, 341032474, 0, 3530182152
0, 1500, 0, 48, true, 339811103, 0, 3534452408
0, 1500, 0, 49, true, 341375651, 0, 3530205832
0, 1500, 0, 50, true, 338465256, 0, 3534455976
0, 1500, 0, 51, true, 339627572, 0, 3530194872
0, 1500, 0, 52, true, 341687446, 0, 3534466344
0, 1500, 0, 53, true, 339971231, 0, 3530273976
0, 1500, 0, 54, true, 339309409, 0, 3534473336
0, 1500, 0, 55, true, 340563245, 0, 3530240248
0, 1500, 0, 56, true, 341072738, 0, 3534452384
0, 1500, 0, 57, true, 340703752, 0, 3530288784
0, 1500, 0, 58, true, 342532274, 0, 3534634656
0, 1500, 0, 59, true, 339826738, 0, 3530546344
0, 1500, 0, 60, true, 339906885, 0, 3534746696
0, 1500, 0, 61, true, 340214211, 0, 3530661936
0, 1500, 0, 62, true, 340634493, 0, 3534781120
0, 1500, 0, 63, true, 341085405, 0, 3530636344
0, 1500, 0, 64, true, 339883673, 0, 3534872776
0, 1500, 0, 65, true, 339409113, 0, 3530645928
0, 1500, 0, 66, true, 339077463, 0, 3534911000
0, 1500, 0, 67, true, 341007063, 0, 3530679064
0, 1500, 0, 68, true, 339696054, 0, 3534882592
0, 1500, 0, 69, true, 339719959, 0, 3530611608
0, 1500, 0, 70, true, 338633005, 0, 3534841712
0, 1500, 0, 71, true, 338634404, 0, 3530611704
0, 1500, 0, 72, true, 340761506, 0, 3534881960
0, 1500, 0, 73, true, 340369990, 0, 3530611800
0, 1500, 0, 74, true, 339441501, 0, 3534839616
0, 1500, 0, 75, true, 341128323, 0, 3530655032
0, 1500, 0, 76, true, 339498052, 0, 3534920808
0, 1500, 0, 77, true, 339094554, 0, 3530627992
0, 1500, 0, 78, true, 338377371, 0, 3534858096
0, 1500, 0, 79, true, 340536783, 0, 3530665168
0, 1500, 0, 80, true, 339744969, 0, 3534860856
0, 1500, 0, 81, true, 340361917, 0, 3530628184
0, 1500, 0, 82, true, 338406554, 0, 3534827624
0, 1500, 0, 83, true, 340089766, 0, 3530711800
0, 1500, 0, 84, true, 341582389, 0, 3534848776
0, 1500, 0, 85, true, 341601418, 0, 3530669808
0, 1500, 0, 86, true, 338790752, 0, 3534904256
0, 1500, 0, 87, true, 339247287, 0, 3530652624
0, 1500, 0, 88, true, 341965914, 0, 3534906344
0, 1500, 0, 89, true, 340387545, 0, 3530672696
0, 1500, 0, 90, true, 341365446, 0, 3534832264
0, 1500, 0, 91, true, 338979499, 0, 3530672792
0, 1500, 0, 92, true, 341597284, 0, 3534867016
0, 1500, 0, 93, true, 339262972, 0, 3530638104
0, 1500, 0, 94, true, 340446005, 0, 3534902304
0, 1500, 0, 95, true, 341562939, 0, 3530717728
0, 1500, 0, 96, true, 339097768, 0, 3534912856
0, 1500, 0, 97, true, 341909298, 0, 3530642840
0, 1500, 0, 98, true, 338878406, 0, 3534913488
0, 1500, 0, 99, true, 339100682, 0, 3530677736
0, 2000, 0, 0, true, 648317325, 0, 3568110296
0, 2000, 0, 1, true, 650112734, 0, 3597679840
0, 2000, 0, 2, true, 648367253, 0, 3618192648
0, 2000, 0, 3, true, 650196998, 0, 3611841984
0, 2000, 0, 4, true, 649807563, 0, 3585555528
0, 2000, 0, 5, true, 651145495, 0, 3617558656
0, 2000, 0, 6, true, 648511855, 0, 3627530624
0, 2000, 0, 7, true, 646769374, 0, 3620667752
0, 2000, 0, 8, true, 647232491, 0, 3629088800
0, 2000, 0, 9, true, 648126114, 0, 3622264920
0, 2000, 0, 10, true, 647024927, 0, 3629088896
0, 2000, 0, 11, true, 647970270, 0, 3621722952
0, 2000, 0, 12, true, 646845828, 0, 3590274504
0, 2000, 0, 13, true, 648434663, 0, 3621713744
0, 2000, 0, 14, true, 648044522, 0, 3629563720
0, 2000, 0, 15, true, 647564917, 0, 3622284000
0, 2000, 0, 16, true, 648210499, 0, 3590782600
0, 2000, 0, 17, true, 645421280, 0, 3622236888
0, 2000, 0, 18, true, 647656319, 0, 3590832872
0, 2000, 0, 19, true, 652570115, 0, 3622243176
0, 2000, 0, 20, true, 648343813, 0, 3629578064
0, 2000, 0, 21, true, 648449122, 0, 3622242392
0, 2000, 0, 22, true, 651737268, 0, 3629622544
0, 2000, 0, 23, true, 648371191, 0, 3622302368
0, 2000, 0, 24, true, 645352750, 0, 3629692200
0, 2000, 0, 25, true, 646579582, 0, 3622336512
0, 2000, 0, 26, true, 649117276, 0, 3629660184
0, 2000, 0, 27, true, 647632050, 0, 3622347144
0, 2000, 0, 28, true, 647310501, 0, 3590896776
0, 2000, 0, 29, true, 650676349, 0, 3622305728
0, 2000, 0, 30, true, 648972080, 0, 3629696928
0, 2000, 0, 31, true, 648434330, 0, 3622336944
0, 2000, 0, 32, true, 646836448, 0, 3629770048
0, 2000, 0, 33, true, 651283443, 0, 3583622744
0, 2000, 0, 34, true, 646677889, 0, 3629840136
0, 2000, 0, 35, true, 649405327, 0, 3622493672
0, 2000, 0, 36, true, 648038316, 0, 3629859976
0, 2000, 0, 37, true, 649627714, 0, 3583763624
0, 2000, 0, 38, true, 647174785, 0, 3591034632
0, 2000, 0, 39, true, 649979102, 0, 3583686872
0, 2000, 0, 40, true, 659522838, 0, 3629821128
0, 2000, 0, 41, true, 723963780, 0, 3583727512
0, 2000, 0, 42, true, 652867079, 0, 3591059816
0, 2000, 0, 43, true, 714673455, 0, 3583680152
0, 2000, 0, 44, true, 647278802, 0, 3629772240
0, 2000, 0, 45, true, 646181708, 0, 3583702648
0, 2000, 0, 46, true, 693279088, 0, 3629830896
0, 2000, 0, 47, true, 654579969, 0, 3583677752
0, 2000, 0, 48, true, 649824696, 0, 3591042824
0, 2000, 0, 49, true, 651858744, 0, 3583694648
0, 2000, 0, 50, true, 648645612, 0, 3591036904
0, 2000, 0, 51, true, 648113821, 0, 3583723256
0, 2000, 0, 52, true, 652862287, 0, 3591171928
0, 2000, 0, 53, true, 651996415, 0, 3622501608
0, 2000, 0, 54, true, 647451071, 0, 3591022472
0, 2000, 0, 55, true, 648430028, 0, 3622465304
0, 2000, 0, 56, true, 647458936, 0, 3629881616
0, 2000, 0, 57, true, 646831137, 0, 3622561144
0, 2000, 0, 58, true, 647774980, 0, 3629787624
0, 2000, 0, 59, true, 648052103, 0, 3622470776
0, 2000, 0, 60, true, 649635587, 0, 3629833336
0, 2000, 0, 61, true, 647111688, 0, 3583739624
0, 2000, 0, 62, true, 649072547, 0, 3591096760
0, 2000, 0, 63, true, 647716799, 0, 3583699848
0, 2000, 0, 64, true, 646238205, 0, 3591141912
0, 2000, 0, 65, true, 651618295, 0, 3622568816
0, 2000, 0, 66, true, 647352305, 0, 3591142328
0, 2000, 0, 67, true, 650897048, 0, 3622559160
0, 2000, 0, 68, true, 647694986, 0, 3629934016
0, 2000, 0, 69, true, 648993262, 0, 3583801288
0, 2000, 0, 70, true, 647325451, 0, 3591141368
0, 2000, 0, 71, true, 648066214, 0, 3622598184
0, 2000, 0, 72, true, 647695712, 0, 3591132632
0, 2000, 0, 73, true, 650303881, 0, 3622587056
0, 2000, 0, 74, true, 648976580, 0, 3591102968
0, 2000, 0, 75, true, 648855022, 0, 3622559976
0, 2000, 0, 76, true, 648379339, 0, 3591149080
0, 2000, 0, 77, true, 651938712, 0, 3622580832
0, 2000, 0, 78, true, 648757582, 0, 3591121720
0, 2000, 0, 79, true, 649831521, 0, 3622550576
0, 2000, 0, 80, true, 649113881, 0, 3629995768
0, 2000, 0, 81, true, 647221564, 0, 3623115480
0, 2000, 0, 82, true, 647050373, 0, 3630272488
0, 2000, 0, 83, true, 648713249, 0, 3622635160
0, 2000, 0, 84, true, 648588907, 0, 3591213992
0, 2000, 0, 85, true, 648941520, 0, 3583889704
0, 2000, 0, 86, true, 651391479, 0, 3630056000
0, 2000, 0, 87, true, 652461533, 0, 3622775712
0, 2000, 0, 88, true, 646613843, 0, 3591352264
0, 2000, 0, 89, true, 648486094, 0, 3622822856
0, 2000, 0, 90, true, 650353204, 0, 3591360552
0, 2000, 0, 91, true, 648976121, 0, 3622783840
0, 2000, 0, 92, true, 649916275, 0, 3630157528
0, 2000, 0, 93, true, 651590335, 0, 3584053432
0, 2000, 0, 94, true, 649281149, 0, 3630140976
0, 2000, 0, 95, true, 649499389, 0, 3622820144
0, 2000, 0, 96, true, 649445441, 0, 3630201048
0, 2000, 0, 97, true, 648522400, 0, 3622811496
0, 2000, 0, 98, true, 647745184, 0, 3630103184
0, 2000, 0, 99, true, 650344374, 0, 3584028600
0, 2500, 0, 0, true, 1134012947, 0, 3603217120
0, 2500, 0, 1, true, 1138379197, 0, 3664068192
0, 2500, 0, 2, true, 1135360063, 0, 3669477872
0, 2500, 0, 3, true, 1138070521, 0, 3672251152
0, 2500, 0, 4, true, 1134718809, 0, 3673028040
0, 2500, 0, 5, true, 1137489981, 0, 3674814480
0, 2500, 0, 6, true, 1137675654, 0, 3674093592
0, 2500, 0, 7, true, 1139198974, 0, 3674546224
0, 2500, 0, 8, true, 1134807578, 0, 3675045104
0, 2500, 0, 9, true, 1135302672, 0, 3675105496
0, 2500, 0, 10, true, 1135431835, 0, 3675066392
0, 2500, 0, 11, true, 1137453230, 0, 3675385240
0, 2500, 0, 12, true, 1137534788, 0, 3674105864
0, 2500, 0, 13, true, 1135406027, 0, 3675069480
0, 2500, 0, 14, true, 1137062579, 0, 3622346056
0, 2500, 0, 15, true, 1136913114, 0, 3675038400
0, 2500, 0, 16, true, 1136019797, 0, 3622227032
0, 2500, 0, 17, true, 1135105030, 0, 3675399136
0, 2500, 0, 18, true, 1135641846, 0, 3674935888
0, 2500, 0, 19, true, 1141455144, 0, 3674114632
0, 2500, 0, 20, true, 1137147955, 0, 3675087904
0, 2500, 0, 21, true, 1139030288, 0, 3675357352
0, 2500, 0, 22, true, 1137205346, 0, 3674650968
0, 2500, 0, 23, true, 1136809264, 0, 3675100024
0, 2500, 0, 24, true, 1136798377, 0, 3675311672
0, 2500, 0, 25, true, 1137399000, 0, 3621695624
0, 2500, 0, 26, true, 1137488553, 0, 3675050552
0, 2500, 0, 27, true, 1136719004, 0, 3674959080
0, 2500, 0, 28, true, 1137065105, 0, 3622188936
0, 2500, 0, 29, true, 1134171701, 0, 3674921112
0, 2500, 0, 30, true, 1138003136, 0, 3622179240
0, 2500, 0, 31, true, 1134875455, 0, 3675014776
0, 2500, 0, 32, true, 1134775035, 0, 3675038152
0, 2500, 0, 33, true, 1136447434, 0, 3675021592
0, 2500, 0, 34, true, 1137391362, 0, 3674982016
0, 2500, 0, 35, true, 1134860397, 0, 3675358512
0, 2500, 0, 36, true, 1137672928, 0, 3674877240
0, 2500, 0, 37, true, 1139432471, 0, 3673959184
0, 2500, 0, 38, true, 1139374966, 0, 3675291272
0, 2500, 0, 39, true, 1138467159, 0, 3673979984
0, 2500, 0, 40, true, 1138664993, 0, 3674977600
0, 2500, 0, 41, true, 1136050262, 0, 3675018472
0, 2500, 0, 42, true, 1136684981, 0, 3674993184
0, 2500, 0, 43, true, 1134531864, 0, 3674930872
0, 2500, 0, 44, true, 1137233424, 0, 3674964584
0, 2500, 0, 45, true, 1140312851, 0, 3674964048
0, 2500, 0, 46, true, 1137471014, 0, 3674986776
0, 2500, 0, 47, true, 1139844912, 0, 3622181224
0, 2500, 0, 48, true, 1136378137, 0, 3675262016
0, 2500, 0, 49, true, 1136960621, 0, 3674016688
0, 2500, 0, 50, true, 1135294187, 0, 3675025920
0, 2500, 0, 51, true, 1136298880, 0, 3674986472
0, 2500, 0, 52, true, 1138715852, 0, 3674974368
0, 2500, 0, 53, true, 1133090948, 0, 3675021224
0, 2500, 0, 54, true, 1135384871, 0, 3674961384
0, 2500, 0, 55, true, 1134304006, 0, 3675003640
0, 2500, 0, 56, true, 1137173010, 0, 3674940728
0, 2500, 0, 57, true, 1137311135, 0, 3674988792
0, 2500, 0, 58, true, 1137817638, 0, 3674980320
0, 2500, 0, 59, true, 1133442514, 0, 3622474584
0, 2500, 0, 60, true, 1137047837, 0, 3674024256
0, 2500, 0, 61, true, 1134519042, 0, 3622191272
0, 2500, 0, 62, true, 1132361112, 0, 3675236448
0, 2500, 0, 63, true, 1134643897, 0, 3621694936
0, 2500, 0, 64, true, 1135256882, 0, 3674963112
0, 2500, 0, 65, true, 1134269140, 0, 3674934384
0, 2500, 0, 66, true, 1138944630, 0, 3622156152
0, 2500, 0, 67, true, 1135479167, 0, 3674978024
0, 2500, 0, 68, true, 1140167191, 0, 3674990376
0, 2500, 0, 69, true, 1137696367, 0, 3674944440
0, 2500, 0, 70, true, 1135359518, 0, 3674943368
0, 2500, 0, 71, true, 1134374277, 0, 3674914880
0, 2500, 0, 72, true, 1138568227, 0, 3674911576
0, 2500, 0, 73, true, 1136758262, 0, 3674918240
0, 2500, 0, 74, true, 1134462982, 0, 3675259872
0, 2500, 0, 75, true, 1136472062, 0, 3674033408
0, 2500, 0, 76, true, 1138245473, 0, 3674919128
0, 2500, 0, 77, true, 1135047381, 0, 3674970136
0, 2500, 0, 78, true, 1133042555, 0, 3674939488
0, 2500, 0, 79, true, 1135332772, 0, 3674988128
0, 2500, 0, 80, true, 1139701186, 0, 3675274336
0, 2500, 0, 81, true, 1138090013, 0, 3673958320
0, 2500, 0, 82, true, 1134838763, 0, 3674931272
0, 2500, 0, 83, true, 1136410032, 0, 3674991304
0, 2500, 0, 84, true, 1136180826, 0, 3674922728
0, 2500, 0, 85, true, 1134987424, 0, 3674932776
0, 2500, 0, 86, true, 1133618509, 0, 3674996184
0, 2500, 0, 87, true, 1137108726, 0, 3622230832
0, 2500, 0, 88, true, 1135932498, 0, 3675016960
0, 2500, 0, 89, true, 1134440690, 0, 3674979560
0, 2500, 0, 90, true, 1141278525, 0, 3674953928
0, 2500, 0, 91, true, 1135299489, 0, 3674892744
0, 2500, 0, 92, true, 1132973210, 0, 3622158824
0, 2500, 0, 93, true, 1133654541, 0, 3674965272
0, 2500, 0, 94, true, 1140010704, 0, 3674965320
0, 2500, 0, 95, true, 1138430608, 0, 3674947544
0, 2500, 0, 96, true, 1135685390, 0, 3674949120
0, 2500, 0, 97, true, 1133030347, 0, 3674958880
0, 2500, 0, 98, true, 1135715739, 0, 3674974616
0, 2500, 0, 99, true, 1135481627, 0, 3675023312
0, 3000, 0, 0, true, 1864259211, 0, 3617336152
0, 3000, 0, 1, true, 1863161382, 0, 3689182104
0, 3000, 0, 2, true, 1863092127, 0, 3625326072
0, 3000, 0, 3, true, 1866689065, 0, 3674782736
0, 3000, 0, 4, true, 1862516305, 0, 3695656080
0, 3000, 0, 5, true, 1875516797, 0, 3687801352
0, 3000, 0, 6, true, 1863402386, 0, 3694870544
0, 3000, 0, 7, true, 1867881707, 0, 3676271232
0, 3000, 0, 8, true, 1865968104, 0, 3695551848
0, 3000, 0, 9, true, 1873159947, 0, 3607569544
0, 3000, 0, 10, true, 1868235711, 0, 3626471856
0, 3000, 0, 11, true, 1870826792, 0, 3688274056
0, 3000, 0, 12, true, 1867243661, 0, 3626404688
0, 3000, 0, 13, true, 1868288019, 0, 3676277376
0, 3000, 0, 14, true, 1862549519, 0, 3695615056
0, 3000, 0, 15, true, 1869174625, 0, 3675812912
0, 3000, 0, 16, true, 1862439946, 0, 3695657032
0, 3000, 0, 17, true, 1870673689, 0, 3676383384
0, 3000, 0, 18, true, 1863338246, 0, 3626441272
0, 3000, 0, 19, true, 1864698331, 0, 3696413776
0, 3000, 0, 20, true, 1863718125, 0, 3594006992
0, 3000, 0, 21, true, 1864824998, 0, 3696355360
0, 3000, 0, 22, true, 1867578473, 0, 3692620192
0, 3000, 0, 23, true, 1878262345, 0, 3676040760
0, 3000, 0, 24, true, 1865964202, 0, 3695906432
0, 3000, 0, 25, true, 1862463358, 0, 3695658832
0, 3000, 0, 26, true, 1862705193, 0, 3692501944
0, 3000, 0, 27, true, 1876646692, 0, 3676033336
0, 3000, 0, 28, true, 1867132008, 0, 3695911872
0, 3000, 0, 29, true, 1866706247, 0, 3674804888
0, 3000, 0, 30, true, 1864232194, 0, 3695579280
0, 3000, 0, 31, true, 1864894053, 0, 3675325824
0, 3000, 0, 32, true, 1868116610, 0, 3695624048
0, 3000, 0, 33, true, 1868816739, 0, 3675871704
0, 3000, 0, 34, true, 1863705710, 0, 3695608584
0, 3000, 0, 35, true, 1857757904, 0, 3696426200
0, 3000, 0, 36, true, 1862761801, 0, 3695708104
0, 3000, 0, 37, true, 1867036252, 0, 3675376008
0, 3000, 0, 38, true, 1864829955, 0, 3695622808
0, 3000, 0, 39, true, 1870576588, 0, 3675338072
0, 3000, 0, 40, true, 1859629444, 0, 3693328232
0, 3000, 0, 41, true, 1874745505, 0, 3675531416
0, 3000, 0, 42, true, 1866186019, 0, 3695965944
0, 3000, 0, 43, true, 1871980551, 0, 3674899912
0, 3000, 0, 44, true, 1870797763, 0, 3715044800
0, 3000, 0, 45, true, 1866452434, 0, 3674858064
0, 3000, 0, 46, true, 1864277243, 0, 3714867816
0, 3000, 0, 47, true, 1864049404, 0, 3690662224
0, 3000, 0, 48, true, 1879366448, 0, 3674538616
0, 3000, 0, 49, true, 1859030949, 0, 3695988384
0, 3000, 0, 50, true, 1871375822, 0, 3674889464
0, 3000, 0, 51, true, 1862204674, 0, 3695649736
0, 3000, 0, 52, true, 1864870274, 0, 3675370784
0, 3000, 0, 53, true, 1864499195, 0, 3695643376
0, 3000, 0, 54, true, 1864499038, 0, 3607173192
0, 3000, 0, 55, true, 1861233860, 0, 3695674880
0, 3000, 0, 56, true, 1872199784, 0, 3607181480
0, 3000, 0, 57, true, 1866116147, 0, 3693455136
0, 3000, 0, 58, true, 1867909111, 0, 3696402112
0, 3000, 0, 59, true, 1869052640, 0, 3692683472
0, 3000, 0, 60, true, 1873036707, 0, 3676113440
0, 3000, 0, 61, true, 1868053327, 0, 3695938960
0, 3000, 0, 62, true, 1867459042, 0, 3674903720
0, 3000, 0, 63, true, 1863159733, 0, 3695686192
0, 3000, 0, 64, true, 1866307690, 0, 3675429168
0, 3000, 0, 65, true, 1865064978, 0, 3693446936
0, 3000, 0, 66, true, 1865731477, 0, 3696407808
0, 3000, 0, 67, true, 1869984883, 0, 3692749344
0, 3000, 0, 68, true, 1875866365, 0, 3676091272
0, 3000, 0, 69, true, 1861155695, 0, 3695944920
0, 3000, 0, 70, true, 1866536425, 0, 3674888464
0, 3000, 0, 71, true, 1861489279, 0, 3695667760
0, 3000, 0, 72, true, 1867804184, 0, 3675887888
0, 3000, 0, 73, true, 1864638738, 0, 3624224520
0, 3000, 0, 74, true, 1875454823, 0, 3675544824
0, 3000, 0, 75, true, 1862763909, 0, 3695940608
0, 3000, 0, 76, true, 1864043881, 0, 3674865832
0, 3000, 0, 77, true, 1863259718, 0, 3693392816
0, 3000, 0, 78, true, 1884610086, 0, 3578150080
0, 3000, 0, 79, true, 1863092837, 0, 3696107672
0, 3000, 0, 80, true, 1866306882, 0, 3695924520
0, 3000, 0, 81, true, 1868809003, 0, 3692695656
0, 3000, 0, 82, true, 1876072634, 0, 3676234552
0, 3000, 0, 83, true, 1865443125, 0, 3696089064
0, 3000, 0, 84, true, 1868008917, 0, 3674976528
0, 3000, 0, 85, true, 1861398333, 0, 3693538936
0, 3000, 0, 86, true, 1872331023, 0, 3676190272
0, 3000, 0, 87, true, 1868936310, 0, 3626736008
0, 3000, 0, 88, true, 1863388569, 0, 3674990184
0, 3000, 0, 89, true, 1862467476, 0, 3695760096
0, 3000, 0, 90, true, 1873128320, 0, 3676103344
0, 3000, 0, 91, true, 1868417619, 0, 3624376808
0, 3000, 0, 92, true, 1873964715, 0, 3676232728
0, 3000, 0, 93, true, 1864327234, 0, 3693849496
0, 3000, 0, 94, true, 1875072892, 0, 3676263544
0, 3000, 0, 95, true, 1860220721, 0, 3696094456
0, 3000, 0, 96, true, 1866309290, 0, 3627714616
0, 3000, 0, 97, true, 1863683387, 0, 3692669520
0, 3000, 0, 98, true, 1876612944, 0, 3676273704
0, 3000, 0, 99, true, 1861903609, 0, 3696041656
0, 3500, 0, 0, true, 2864415758, 0, 3564035776
0, 3500, 0, 1, true, 2859391123, 0, 3524974392
0, 3500, 0, 2, true, 2869144736, 0, 3580867104
0, 3500, 0, 3, true, 2856051266, 0, 3597503816
0, 3500, 0, 4, true, 2861247142, 0, 3592197936
0, 3500, 0, 5, true, 2864808117, 0, 3570585008
0, 3500, 0, 6, true, 2860832347, 0, 3587026960
0, 3500, 0, 7, true, 2860907887, 0, 3594987848
0, 3500, 0, 8, true, 2867836783, 0, 3447324840
0, 3500, 0, 9, true, 2864494506, 0, 3593927008
0, 3500, 0, 10, true, 2862202423, 0, 3589097272
0, 3500, 0, 11, true, 2870851966, 0, 3570694624
0, 3500, 0, 12, true, 2862000886, 0, 3587039232
0, 3500, 0, 13, true, 2860918289, 0, 3597265184
0, 3500, 0, 14, true, 2862410638, 0, 3592143936
0, 3500, 0, 15, true, 2867207502, 0, 3729635168
0, 3500, 0, 16, true, 2854761265, 0, 3489232376
0, 3500, 0, 17, true, 2873876524, 0, 3350871016
0, 3500, 0, 18, true, 2865920573, 0, 3731776504
0, 3500, 0, 19, true, 2861694834, 0, 3572912584
0, 3500, 0, 20, true, 2865754938, 0, 3433870904
0, 3500, 0, 21, true, 2861151543, 0, 3191138344
0, 3500, 0, 22, true, 2868601653, 0, 3579525976
0, 3500, 0, 23, true, 2869270296, 0, 3438823464
0, 3500, 0, 24, true, 2865951109, 0, 3287999600
0, 3500, 0, 25, true, 2868587222, 0, 3579411968
0, 3500, 0, 26, true, 2908038455, 0, 3701394848
0, 3500, 0, 27, true, 2862897815, 0, 3626812808
0, 3500, 0, 28, true, 2866686439, 0, 3572159896
0, 3500, 0, 29, true, 2856373470, 0, 3507148632
0, 3500, 0, 30, true, 2907069850, 0, 3697951832
0, 3500, 0, 31, true, 2871619142, 0, 3539550656
0, 3500, 0, 32, true, 2859717136, 0, 3572241192
0, 3500, 0, 33, true, 2861722155, 0, 3594450752
0, 3500, 0, 34, true, 2861377400, 0, 3446904496
0, 3500, 0, 35, true, 2866831306, 0, 3594017432
0, 3500, 0, 36, true, 2859243259, 0, 3729906640
0, 3500, 0, 37, true, 2866382812, 0, 3593744520
0, 3500, 0, 38, true, 2863423280, 0, 3492225944
0, 3500, 0, 39, true, 2870896702, 0, 3425002168
0, 3500, 0, 40, true, 2868214684, 0, 3268920512
0, 3500, 0, 41, true, 2861047847, 0, 3581349248
0, 3500, 0, 42, true, 2870660191, 0, 3728025560
0, 3500, 0, 43, true, 2865689687, 0, 3721448712
0, 3500, 0, 44, true, 2858278484, 0, 3555740312
0, 3500, 0, 45, true, 2859945749, 0, 3730021448
0, 3500, 0, 46, true, 2856750197, 0, 3727775224
0, 3500, 0, 47, true, 2862664748, 0, 3637164648
0, 3500, 0, 48, true, 2866818712, 0, 3717532552
0, 3500, 0, 49, true, 2858979894, 0, 3466175584
0, 3500, 0, 50, true, 2868025585, 0, 3729996976
0, 3500, 0, 51, true, 2859817638, 0, 3570053336
0, 3500, 0, 52, true, 2867991982, 0, 3431514144
0, 3500, 0, 53, true, 2868672467, 0, 3188779872
0, 3500, 0, 54, true, 2866186002, 0, 3579831400
0, 3500, 0, 55, true, 2864474290, 0, 3439105336
0, 3500, 0, 56, true, 2873686561, 0, 3387343608
0, 3500, 0, 57, true, 2858692584, 0, 3728769824
0, 3500, 0, 58, true, 2861654517, 0, 3720775552
0, 3500, 0, 59, true, 2871137655, 0, 3469289160
0, 3500, 0, 60, true, 2863627705, 0, 3643298296
0, 3500, 0, 61, true, 2863643233, 0, 3569513600
0, 3500, 0, 62, true, 2867987510, 0, 3433205656
0, 3500, 0, 63, true, 2872438973, 0, 3732175400
0, 3500, 0, 64, true, 2862811500, 0, 3721296656
0, 3500, 0, 65, true, 2859322626, 0, 3560925152
0, 3500, 0, 66, true, 2867993942, 0, 3673665184
0, 3500, 0, 67, true, 2867344653, 0, 3722239552
0, 3500, 0, 68, true, 2863855037, 0, 3450778432
0, 3500, 0, 69, true, 2866277569, 0, 3733648920
0, 3500, 0, 70, true, 2862360313, 0, 3597605120
0, 3500, 0, 71, true, 2860555227, 0, 3579028000
0, 3500, 0, 72, true, 2869742335, 0, 3336969096
0, 3500, 0, 73, true, 2867625361, 0, 3366605352
0, 3500, 0, 74, true, 2856555768, 0, 3728023664
0, 3500, 0, 75, true, 2861969798, 0, 3720839160
0, 3500, 0, 76, true, 2862258057, 0, 3556732024
0, 3500, 0, 77, true, 2864336348, 0, 3570965952
0, 3500, 0, 78, true, 2857910945, 0, 3648270344
0, 3500, 0, 79, true, 2864435663, 0, 3724935128
0, 3500, 0, 80, true, 2864166090, 0, 3636472696
0, 3500, 0, 81, true, 2860580362, 0, 3572959168
0, 3500, 0, 82, true, 2858320105, 0, 3433542720
0, 3500, 0, 83, true, 2868927874, 0, 3644357320
0, 3500, 0, 84, true, 2874174634, 0, 3635092728
0, 3500, 0, 85, true, 2860199333, 0, 3560959328
0, 3500, 0, 86, true, 2857489148, 0, 3643378632
0, 3500, 0, 87, true, 2861540401, 0, 3596290840
0, 3500, 0, 88, true, 2862228404, 0, 3491343560
0, 3500, 0, 89, true, 2870778190, 0, 3424091064
0, 3500, 0, 90, true, 2869080740, 0, 3366159480
0, 3500, 0, 91, true, 2860225860, 0, 3728650128
0, 3500, 0, 92, true, 2866764666, 0, 3720929296
0, 3500, 0, 93, true, 2866314832, 0, 3469432824
0, 3500, 0, 94, true, 2865767984, 0, 3730007032
0, 3500, 0, 95, true, 2866234242, 0, 3602800336
0, 3500, 0, 96, true, 2858736666, 0, 3725068824
0, 3500, 0, 97, true, 2857963325, 0, 3631425096
0, 3500, 0, 98, true, 2866652169, 0, 3467289840
0, 3500, 0, 99, true, 2870219588, 0, 3730073456
0, 4000, 0, 0, true, 4173331921, 0, 3453729096
0, 4000, 0, 1, true, 4176030081, 0, 3139583928
0, 4000, 0, 2, true, 4167238540, 0, 3204871192
0, 4000, 0, 3, true, 4205624778, 0, 3246497488
0, 4000, 0, 4, true, 4185793750, 0, 3525472472
0, 4000, 0, 5, true, 4188016013, 0, 3222849240
0, 4000, 0, 6, true, 4163429921, 0, 3142046976
0, 4000, 0, 7, true, 4176047889, 0, 3124922744
0, 4000, 0, 8, true, 4167638845, 0, 3044984472
0, 4000, 0, 9, true, 4171135303, 0, 2998801512
0, 4000, 0, 10, true, 4178936071, 0, 2822957536
0, 4000, 0, 11, true, 4183960324, 0, 2910345512
0, 4000, 0, 12, true, 4206730724, 0, 2938343152
0, 4000, 0, 13, true, 4265420838, 0, 3443027800
0, 4000, 0, 14, true, 4169545144, 0, 3584962728
0, 4000, 0, 15, true, 4180432832, 0, 3393852096
0, 4000, 0, 16, true, 4177385638, 0, 3385664464
0, 4000, 0, 17, true, 4167141100, 0, 3068888032
0, 4000, 0, 18, true, 4181937121, 0, 3484040888
0, 4000, 0, 19, true, 4174995909, 0, 3293932320
0, 4000, 0, 20, true, 4186048618, 0, 3407000224
0, 4000, 0, 21, true, 4183782181, 0, 3233334720
0, 4000, 0, 22, true, 4164989060, 0, 3046914712
0, 4000, 0, 23, true, 4171795954, 0, 3188175176
0, 4000, 0, 24, true, 4171854760, 0, 3098928680
0, 4000, 0, 25, true, 4168711210, 0, 2927151800
0, 4000, 0, 26, true, 4178214042, 0, 3397317472
0, 4000, 0, 27, true, 4181287263, 0, 3246758616
0, 4000, 0, 28, true, 4244698221, 0, 3669883248
0, 4000, 0, 29, true, 4161993334, 0, 3488603040
0, 4000, 0, 30, true, 4156851268, 0, 3493222464
0, 4000, 0, 31, true, 4161430445, 0, 3595673776
0, 4000, 0, 32, true, 4174698393, 0, 3489129648
0, 4000, 0, 33, true, 4178991379, 0, 3454928576
0, 4000, 0, 34, true, 4171848474, 0, 3271636072
0, 4000, 0, 35, true, 4175763330, 0, 3105472856
0, 4000, 0, 36, true, 4166476298, 0, 3584362080
0, 4000, 0, 37, true, 4187728676, 0, 3222888728
0, 4000, 0, 38, true, 4176502970, 0, 2946471680
0, 4000, 0, 39, true, 4172864545, 0, 3031007984
0, 4000, 0, 40, true, 4173722678, 0, 2862302568
0, 4000, 0, 41, true, 4176250157, 0, 3202524624
0, 4000, 0, 42, true, 4160302819, 0, 3281471040
0, 4000, 0, 43, true, 4161123151, 0, 3517719952
0, 4000, 0, 44, true, 4174666916, 0, 3426393896
0, 4000, 0, 45, true, 4169692398, 0, 3222252368
0, 4000, 0, 46, true, 4165654360, 0, 3257094880
0, 4000, 0, 47, true, 4190005593, 0, 3593006224
0, 4000, 0, 48, true, 4175843858, 0, 3296723472
0, 4000, 0, 49, true, 4299460911, 0, 3391154192
0, 4000, 0, 50, true, 4172884789, 0, 3759639592
0, 4000, 0, 51, true, 4176847956, 0, 3595040648
0, 4000, 0, 52, true, 4180451074, 0, 3255327216
0, 4000, 0, 53, true, 4171806688, 0, 3216284928
0, 4000, 0, 54, true, 4176140851, 0, 3032370816
0, 4000, 0, 55, true, 4165516666, 0, 3399967768
0, 4000, 0, 56, true, 4166217301, 0, 3124926536
0, 4000, 0, 57, true, 4174820754, 0, 3465662152
0, 4000, 0, 58, true, 4167669924, 0, 3391145640
0, 4000, 0, 59, true, 4179069007, 0, 3481187464
0, 4000, 0, 60, true, 4181014896, 0, 3562371808
0, 4000, 0, 61, true, 4181244000, 0, 3324372088
0, 4000, 0, 62, true, 4176408293, 0, 3138607832
0, 4000, 0, 63, true, 4182975784, 0, 3210964088
0, 4000, 0, 64, true, 4178458508, 0, 3143132352
0, 4000, 0, 65, true, 4289842607, 0, 3465648472
0, 4000, 0, 66, true, 4172833348, 0, 3501593776
0, 4000, 0, 67, true, 4180948306, 0, 3410920664
0, 4000, 0, 68, true, 4159315682, 0, 3403598024
0, 4000, 0, 69, true, 4173745058, 0, 3333365632
0, 4000, 0, 70, true, 4166928281, 0, 3584677400
0, 4000, 0, 71, true, 4168996745, 0, 3591199248
0, 4000, 0, 72, true, 4163139354, 0, 3590608752
0, 4000, 0, 73, true, 4170623914, 0, 3481896128
0, 4000, 0, 74, true, 4168451974, 0, 3481913136
0, 4000, 0, 75, true, 4156301572, 0, 3295173920
0, 4000, 0, 76, true, 4184181603, 0, 3424283152
0, 4000, 0, 77, true, 4186147494, 0, 3246722024
0, 4000, 0, 78, true, 4182172304, 0, 3384763776
0, 4000, 0, 79, true, 4174632768, 0, 3210874440
0, 4000, 0, 80, true, 4167806683, 0, 3590070240
0, 4000, 0, 81, true, 4170752238, 0, 3482647928
0, 4000, 0, 82, true, 4171225415, 0, 3587669336
0, 4000, 0, 83, true, 4162016401, 0, 3662177656
0, 4000, 0, 84, true, 4163915308, 0, 3620067104
0, 4000, 0, 85, true, 4165121256, 0, 3313381504
0, 4000, 0, 86, true, 4173880817, 0, 3286638848
0, 4000, 0, 87, true, 4177527875, 0, 3210032440
0, 4000, 0, 88, true, 4173671178, 0, 3015804944
0, 4000, 0, 89, true, 4180172878, 0, 2846551392
0, 4000, 0, 90, true, 4174990004, 0, 2925250784
0, 4000, 0, 91, true, 4175442614, 0, 3288627008
0, 4000, 0, 92, true, 4167503941, 0, 3553375768
0, 4000, 0, 93, true, 4178238532, 0, 3588341584
0, 4000, 0, 94, true, 4163139146, 0, 3405770344
0, 4000, 0, 95, true, 4178053049, 0, 3513180216
0, 4000, 0, 96, true, 4162091542, 0, 3458743576
0, 4000, 0, 97, true, 4188266107, 0, 3409227424
0, 4000, 0, 98, true, 4178378098, 0, 3219187832
0, 4000, 0, 99, true, 4174421563, 0, 3590855112
0, 4500, 0, 0, true, 5835856245, 0, 3301197384
0, 4500, 0, 1, true, 5827640619, 0, 3371713928
0, 4500, 0, 2, true, 5824444970, 0, 3712606096
0, 4500, 0, 3, true, 5825542962, 0, 3501613328
0, 4500, 0, 4, true, 5829726288, 0, 3410745992
0, 4500, 0, 5, true, 5837711633, 0, 3585049472
0, 4500, 0, 6, true, 5836436161, 0, 3448258136
0, 4500, 0, 7, true, 5830709980, 0, 3578421160
0, 4500, 0, 8, true, 5823840870, 0, 3464468256
0, 4500, 0, 9, true, 5841624785, 0, 3810303776
0, 4500, 0, 10, true, 5818479571, 0, 3664808928
0, 4500, 0, 11, true, 5820814803, 0, 3390600960
0, 4500, 0, 12, true, 5822265238, 0, 3249835392
0, 4500, 0, 13, true, 5874988537, 0, 3173603080
0, 4500, 0, 14, true, 5826118783, 0, 3428277872
0, 4500, 0, 15, true, 5820829281, 0, 3341233312
0, 4500, 0, 16, true, 5832038732, 0, 3418530864
0, 4500, 0, 17, true, 5832260657, 0, 3095919640
0, 4500, 0, 18, true, 5817975040, 0, 3282528344
0, 4500, 0, 19, true, 5929455479, 0, 3479774312
0, 4500, 0, 20, true, 5840035921, 0, 3443565928
0, 4500, 0, 21, true, 5823375714, 0, 3489104064
0, 4500, 0, 22, true, 5825317825, 0, 3311833848
0, 4500, 0, 23, true, 5918537238, 0, 3510124520
0, 4500, 0, 24, true, 6100518697, 0, 3851217952
0, 4500, 0, 25, true, 5828719974, 0, 3705396352
0, 4500, 0, 26, true, 5829786670, 0, 3581081168
0, 4500, 0, 27, true, 5834607756, 0, 3358475848
0, 4500, 0, 28, true, 5829571113, 0, 3478385192
0, 4500, 0, 29, true, 5927035168, 0, 3606695560
0, 4500, 0, 30, true, 5824804322, 0, 3564461704
0, 4500, 0, 31, true, 5825361549, 0, 3575300712
0, 4500, 0, 32, true, 5838433122, 0, 3347502280
0, 4500, 0, 33, true, 5832501159, 0, 3156996520
0, 4500, 0, 34, true, 5820548856, 0, 3586709488
0, 4500, 0, 35, true, 5826578487, 0, 3342619600
0, 4500, 0, 36, true, 5837171637, 0, 3262722552
0, 4500, 0, 37, true, 5829448802, 0, 3490140304
0, 4500, 0, 38, true, 5838080059, 0, 3285925632
0, 4500, 0, 39, true, 5833340339, 0, 3585132840
0, 4500, 0, 40, true, 5838176518, 0, 3374517232
0, 4500, 0, 41, true, 5826642470, 0, 3597812824
0, 4500, 0, 42, true, 5825740350, 0, 3584492544
0, 4500, 0, 43, true, 5836210666, 0, 3576510528
0, 4500, 0, 44, true, 5840407545, 0, 3597028616
0, 4500, 0, 45, true, 5836324394, 0, 3381338288
0, 4500, 0, 46, true, 5835955573, 0, 3211480216
0, 4500, 0, 47, true, 5835926896, 0, 3588957640
0, 4500, 0, 48, true, 5835934939, 0, 3674957024
0, 4500, 0, 49, true, 5831820109, 0, 3466456624
0, 4500, 0, 50, true, 5829036130, 0, 3569228616
0, 4500, 0, 51, true, 5824824599, 0, 3513015472
0, 4500, 0, 52, true, 5833350648, 0, 3592929752
0, 4500, 0, 53, true, 5831426562, 0, 3393314600
0, 4500, 0, 54, true, 5862423579, 0, 3398071800
0, 4500, 0, 55, true, 5838292511, 0, 3453808528
0, 4500, 0, 56, true, 5829985224, 0, 3445800760
0, 4500, 0, 57, true, 5827028701, 0, 3456358648
0, 4500, 0, 58, true, 5834382899, 0, 3655353720
0, 4500, 0, 59, true, 5834928250, 0, 3570728744
0, 4500, 0, 60, true, 5830551759, 0, 3202042376
0, 4500, 0, 61, true, 5892772999, 0, 3386604696
0, 4500, 0, 62, true, 5893623696, 0, 3615358024
0, 4500, 0, 63, true, 5825098001, 0, 3461384512
0, 4500, 0, 64, true, 5828672647, 0, 3441830984
0, 4500, 0, 65, true, 5823871162, 0, 3688936296
0, 4500, 0, 66, true, 5837348984, 0, 3580927584
0, 4500, 0, 67, true, 5829133186, 0, 3210363656
0, 4500, 0, 68, true, 5833595560, 0, 3041223576
0, 4500, 0, 69, true, 5831487196, 0, 3145993280
0, 4500, 0, 70, true, 5844031850, 0, 2958192472
0, 4500, 0, 71, true, 5842409052, 0, 3238196040
0, 4500, 0, 72, true, 5835325090, 0, 3487805184
0, 4500, 0, 73, true, 5823856079, 0, 3561197192
0, 4500, 0, 74, true, 5833111832, 0, 3243036224
0, 4500, 0, 75, true, 5829635159, 0, 3263315072
0, 4500, 0, 76, true, 5826080507, 0, 3473147432
0, 4500, 0, 77, true, 5831225276, 0, 3176761688
0, 4500, 0, 78, true, 5829942738, 0, 3770268832
0, 4500, 0, 79, true, 5829915536, 0, 3440222600
0, 4500, 0, 80, true, 5817420852, 0, 3417974944
0, 4500, 0, 81, true, 5832190547, 0, 3543313744
0, 4500, 0, 82, true, 5829418130, 0, 3204182440
0, 4500, 0, 83, true, 5887171734, 0, 3407782632
0, 4500, 0, 84, true, 5824121912, 0, 3533581528
0, 4500, 0, 85, true, 5819430451, 0, 3453337688
0, 4500, 0, 86, true, 5823068003, 0, 3469743880
0, 4500, 0, 87, true, 5826623812, 0, 3458861200
0, 4500, 0, 88, true, 5823842120, 0, 3458486200
0, 4500, 0, 89, true, 5829434428, 0, 3253396840
0, 4500, 0, 90, true, 5824150140, 0, 3461151768
0, 4500, 0, 91, true, 5825816678, 0, 3451703320
0, 4500, 0, 92, true, 5833507320, 0, 3421901760
0, 4500, 0, 93, true, 5835146104, 0, 3208365608
0, 4500, 0, 94, true, 5830889126, 0, 3586795048
0, 4500, 0, 95, true, 5836533140, 0, 3593303880
0, 4500, 0, 96, true, 5829764171, 0, 3663328576
0, 4500, 0, 97, true, 5820947079, 0, 3330680120
0, 4500, 0, 98, true, 5814205572, 0, 3457380064
0, 4500, 0, 99, true, 5824701473, 0, 3315986144
0, 5000, 0, 0, true, 7867239785, 0, 3566964840
0, 5000, 0, 1, true, 7865501617, 0, 3344532008
0, 5000, 0, 2, true, 7875823942, 0, 3748926192
0, 5000, 0, 3, true, 7882878504, 0, 3554855736
0, 5000, 0, 4, true, 7871415577, 0, 3588224576
0, 5000, 0, 5, true, 7878610715, 0, 3447394160
0, 5000, 0, 6, true, 7864360872, 0, 3576658624
0, 5000, 0, 7, true, 7874017551, 0, 3709449248
0, 5000, 0, 8, true, 7890770592, 0, 3657850952
0, 5000, 0, 9, true, 7886260875, 0, 3591473000
0, 5000, 0, 10, true, 7886879591, 0, 3373195376
0, 5000, 0, 11, true, 7873083952, 0, 3603974008
0, 5000, 0, 12, true, 7888504933, 0, 3592616808
0, 5000, 0, 13, true, 7960661158, 0, 3603437512
0, 5000, 0, 14, true, 7865994245, 0, 3419688184
0, 5000, 0, 15, true, 7889889775, 0, 3337509360
0, 5000, 0, 16, true, 7899928459, 0, 3288251512
0, 5000, 0, 17, true, 7870518422, 0, 3479458368
0, 5000, 0, 18, true, 7874518420, 0, 3124783400
0, 5000, 0, 19, true, 7883049201, 0, 3589146792
0, 5000, 0, 20, true, 7885953660, 0, 3360443360
0, 5000, 0, 21, true, 7877470478, 0, 3746129656
0, 5000, 0, 22, true, 7869065015, 0, 3527075304
0, 5000, 0, 23, true, 7867545159, 0, 3808126896
0, 5000, 0, 24, true, 7875415374, 0, 3569364696
0, 5000, 0, 25, true, 7868224427, 0, 3517741576
0, 5000, 0, 26, true, 7883448172, 0, 3296118720
0, 5000, 0, 27, true, 7884246180, 0, 3552572344
0, 5000, 0, 28, true, 7879596299, 0, 3495524144
0, 5000, 0, 29, true, 7880159430, 0, 3322736152
0, 5000, 0, 30, true, 7883312069, 0, 3169869840
0, 5000, 0, 31, true, 7886352528, 0, 3532669408
0, 5000, 0, 32, true, 7866397151, 0, 3565493512
0, 5000, 0, 33, true, 7897646927, 0, 3588890784
0, 5000, 0, 34, true, 7870172418, 0, 3388953480
0, 5000, 0, 35, true, 7872967445, 0, 3233192200
0, 5000, 0, 36, true, 7887751124, 0, 3071283888
0, 5000, 0, 37, true, 7887627190, 0, 3620375800
0, 5000, 0, 38, true, 7883417145, 0, 3426669224
0, 5000, 0, 39, true, 7893502332, 0, 3487080504
0, 5000, 0, 40, true, 7883075675, 0, 3560749192
0, 5000, 0, 41, true, 7883712144, 0, 3588870968
0, 5000, 0, 42, true, 7886629240, 0, 3684254096
0, 5000, 0, 43, true, 7883097368, 0, 3613586016
0, 5000, 0, 44, true, 7879131706, 0, 3375128680
0, 5000, 0, 45, true, 7891013895, 0, 3381054256
0, 5000, 0, 46, true, 7872244166, 0, 3627504208
0, 5000, 0, 47, true, 7879370349, 0, 3249721688
0, 5000, 0, 48, true, 7867945361, 0, 3592513368
0, 5000, 0, 49, true, 7888846045, 0, 3438249104
0, 5000, 0, 50, true, 7891647015, 0, 3486136448
0, 5000, 0, 51, true, 7878050470, 0, 3593008632
0, 5000, 0, 52, true, 7891848535, 0, 3578097576
0, 5000, 0, 53, true, 7891233257, 0, 3587768520
0, 5000, 0, 54, true, 7868874769, 0, 3520398488
0, 5000, 0, 55, true, 7887668471, 0, 3626360712
0, 5000, 0, 56, true, 7893097531, 0, 3330857840
0, 5000, 0, 57, true, 7889639452, 0, 3346276688
0, 5000, 0, 58, true, 7880663537, 0, 3375746696
0, 5000, 0, 59, true, 7991975144, 0, 3687890016
0, 5000, 0, 60, true, 7894824416, 0, 3810702600
0, 5000, 0, 61, true, 7890954960, 0, 3585037648
0, 5000, 0, 62, true, 7882905630, 0, 3594493320
0, 5000, 0, 63, true, 7888492375, 0, 3378520584
0, 5000, 0, 64, true, 7875332214, 0, 3735860568
0, 5000, 0, 65, true, 7873845740, 0, 3354619664
0, 5000, 0, 66, true, 7883552569, 0, 3578196032
0, 5000, 0, 67, true, 7884881599, 0, 3595396576
0, 5000, 0, 68, true, 7873018691, 0, 3473216688
0, 5000, 0, 69, true, 7928734195, 0, 3522902000
0, 5000, 0, 70, true, 7886676210, 0, 3435406000
0, 5000, 0, 71, true, 7886128608, 0, 3814148112
0, 5000, 0, 72, true, 7871487668, 0, 3681252600
0, 5000, 0, 73, true, 7878367030, 0, 3288500664
0, 5000, 0, 74, true, 7884158861, 0, 3450117208
0, 5000, 0, 75, true, 7886616164, 0, 3244349768
0, 5000, 0, 76, true, 7888265132, 0, 3591233928
0, 5000, 0, 77, true, 7880298832, 0, 3287610280
0, 5000, 0, 78, true, 7869006846, 0, 3655608112
0, 5000, 0, 79, true, 7895095348, 0, 3543143040
0, 5000, 0, 80, true, 7881294601, 0, 3492225432
0, 5000, 0, 81, true, 7967644332, 0, 3755207008
0, 5000, 0, 82, true, 7863547308, 0, 3749879712
0, 5000, 0, 83, true, 7862146776, 0, 3712502816
0, 5000, 0, 84, true, 7880917078, 0, 3439489616
0, 5000, 0, 85, true, 7876039552, 0, 3243385608
0, 5000, 0, 86, true, 7866946340, 0, 3595381536
0, 5000, 0, 87, true, 7873555510, 0, 3545514712
0, 5000, 0, 88, true, 7881140022, 0, 3381034240
0, 5000, 0, 89, true, 7881002520, 0, 3195170360
0, 5000, 0, 90, true, 7883751908, 0, 3528608384
0, 5000, 0, 91, true, 7868262786, 0, 3154872736
0, 5000, 0, 92, true, 7986834358, 0, 3695229456
0, 5000, 0, 93, true, 7873372326, 0, 3537443520
0, 5000, 0, 94, true, 7869983130, 0, 3812065160
0, 5000, 0, 95, true, 7888140826, 0, 3576677288
0, 5000, 0, 96, true, 7882190249, 0, 3757453088
0, 5000, 0, 97, true, 7885420453, 0, 3538278672
0, 5000, 0, 98, true, 7896310691, 0, 3363443824
0, 5000, 0, 99, true, 7880032522, 0, 3814080856
0, 5500, 0, 0, true, 10371707585, 0, 3433988224
0, 5500, 0, 1, true, 10363220802, 0, 3430781880
0, 5500, 0, 2, true, 10368860419, 0, 3616577464
0, 5500, 0, 3, true, 10369077428, 0, 3437262896
0, 5500, 0, 4, true, 10355888959, 0, 3596561824
0, 5500, 0, 5, true, 10436182432, 0, 3615789936
0, 5500, 0, 6, true, 10363777936, 0, 3551660928
0, 5500, 0, 7, true, 10369671407, 0, 3416757648
0, 5500, 0, 8, true, 10351418987, 0, 3657045256
0, 5500, 0, 9, true, 10358460159, 0, 3599603872
0, 5500, 0, 10, true, 10366493909, 0, 3771949816
0, 5500, 0, 11, true, 10361484144, 0, 3421885592
0, 5500, 0, 12, true, 10365248137, 0, 3832597896
0, 5500, 0, 13, true, 10400636329, 0, 3789515632
0, 5500, 0, 14, true, 10369291286, 0, 3552563608
0, 5500, 0, 15, true, 10373265705, 0, 3492690840
0, 5500, 0, 16, true, 10373536409, 0, 3252246408
0, 5500, 0, 17, true, 10336412093, 0, 3711563648
0, 5500, 0, 18, true, 10359104098, 0, 3658035272
0, 5500, 0, 19, true, 10357170161, 0, 3589038192
0, 5500, 0, 20, true, 10363121003, 0, 3309209808
0, 5500, 0, 21, true, 10364607531, 0, 3836964944
0, 5500, 0, 22, true, 10356956965, 0, 3600315712
0, 5500, 0, 23, true, 10356269573, 0, 3608484568
0, 5500, 0, 24, true, 10364602950, 0, 3613014560
0, 5500, 0, 25, true, 10357985720, 0, 3718551864
0, 5500, 0, 26, true, 10355417492, 0, 3484684128
0, 5500, 0, 27, true, 10445970217, 0, 3795394768
0, 5500, 0, 28, true, 10346744406, 0, 3427369144
0, 5500, 0, 29, true, 10362018387, 0, 3402593200
0, 5500, 0, 30, true, 10342952433, 0, 3668887096
0, 5500, 0, 31, true, 10350732961, 0, 3837017272
0, 5500, 0, 32, true, 10360350625, 0, 3833207448
0, 5500, 0, 33, true, 10362315217, 0, 3720831960
0, 5500, 0, 34, true, 10357794169, 0, 3502859296
0, 5500, 0, 35, true, 10368871193, 0, 3588569856
0, 5500, 0, 36, true, 10364053799, 0, 3661486048
0, 5500, 0, 37, true, 10364125575, 0, 3731040464
0, 5500, 0, 38, true, 10374035228, 0, 3418065976
0, 5500, 0, 39, true, 10363327525, 0, 3602022792
0, 5500, 0, 40, true, 10365145120, 0, 3195444872
0, 5500, 0, 41, true, 10358304815, 0, 3155179400
0, 5500, 0, 42, true, 10367718977, 0, 3086598888
0, 5500, 0, 43, true, 10372958535, 0, 3420624136
0, 5500, 0, 44, true, 10356101965, 0, 3565047608
0, 5500, 0, 45, true, 10360655930, 0, 3336766640
0, 5500, 0, 46, true, 10377605965, 0, 3296706376
0, 5500, 0, 47, true, 10425187447, 0, 3781159880
0, 5500, 0, 48, true, 10358379837, 0, 3579258672
0, 5500, 0, 49, true, 10356565686, 0, 3833626816
0, 5500, 0, 50, true, 10353182352, 0, 3598509088
0, 5500, 0, 51, true, 10370545394, 0, 3409757616
0, 5500, 0, 52, true, 10368397249, 0, 3450419880
0, 5500, 0, 53, true, 10372402381, 0, 3385479136
0, 5500, 0, 54, true, 10446566640, 0, 3602966016
0, 5500, 0, 55, true, 10415257357, 0, 3781926472
0, 5500, 0, 56, true, 10368004423, 0, 3414010480
0, 5500, 0, 57, true, 10371222151, 0, 3683556816
0, 5500, 0, 58, true, 10365261866, 0, 3457211928
0, 5500, 0, 59, true, 10378381878, 0, 3213743616
0, 5500, 0, 60, true, 10349997573, 0, 3539053216
0, 5500, 0, 61, true, 10355608822, 0, 3155955176
0, 5500, 0, 62, true, 10366896576, 0, 3414546664
0, 5500, 0, 63, true, 10366610442, 0, 3834667912
0, 5500, 0, 64, true, 10381404839, 0, 3787078912
0, 5500, 0, 65, true, 10380108528, 0, 3423197416
0, 5500, 0, 66, true, 10361468906, 0, 3589813272
0, 5500, 0, 67, true, 10365990559, 0, 3602948312
0, 5500, 0, 68, true, 10353493427, 0, 3836078392
0, 5500, 0, 69, true, 10361299077, 0, 3833968480
0, 5500, 0, 70, true, 10385808450, 0, 3691877824
0, 5500, 0, 71, true, 10364215102, 0, 3835405248
0, 5500, 0, 72, true, 10376832309, 0, 3559542584
0, 5500, 0, 73, true, 10362558011, 0, 3270671800
0, 5500, 0, 74, true, 10366034781, 0, 3832447088
0, 5500, 0, 75, true, 10367862950, 0, 3601520000
0, 5500, 0, 76, true, 10371103192, 0, 3422051512
0, 5500, 0, 77, true, 10357907747, 0, 3658164584
0, 5500, 0, 78, true, 10348166354, 0, 3836966784
0, 5500, 0, 79, true, 10368377418, 0, 3767452912
0, 5500, 0, 80, true, 10345994010, 0, 3610793072
0, 5500, 0, 81, true, 10349477537, 0, 3523907400
0, 5500, 0, 82, true, 10373934497, 0, 3780241512
0, 5500, 0, 83, true, 10346565074, 0, 3657735608
0, 5500, 0, 84, true, 10338216369, 0, 3744067752
0, 5500, 0, 85, true, 10354375522, 0, 3508098520
0, 5500, 0, 86, true, 10360620926, 0, 3422629144
0, 5500, 0, 87, true, 10363371867, 0, 3372974768
0, 5500, 0, 88, true, 10366597217, 0, 3733465640
0, 5500, 0, 89, true, 10357672421, 0, 3519933560
0, 5500, 0, 90, true, 10350325090, 0, 3604865048
0, 5500, 0, 91, true, 10363118909, 0, 3371529672
0, 5500, 0, 92, true, 10349287062, 0, 3411186632
0, 5500, 0, 93, true, 10363701910, 0, 3552773184
0, 5500, 0, 94, true, 10358185495, 0, 3799285608
0, 5500, 0, 95, true, 10358023623, 0, 3552777016
0, 5500, 0, 96, true, 10359683965, 0, 3625333600
0, 5500, 0, 97, true, 10402413110, 0, 3688709392
0, 5500, 0, 98, true, 10342628244, 0, 3608751072
0, 5500, 0, 99, true, 10368976083, 0, 3562333720
0, 6000, 0, 0, true, 13335754518, 0, 3617847440
0, 6000, 0, 1, true, 13311220818, 0, 3788452656
0, 6000, 0, 2, true, 13312762411, 0, 3799089144
0, 6000, 0, 3, true, 13308310967, 0, 3387515896
0, 6000, 0, 4, true, 13308950089, 0, 3857448448
0, 6000, 0, 5, true, 13336726463, 0, 3821748008
0, 6000, 0, 6, true, 13308555546, 0, 3861525512
0, 6000, 0, 7, true, 13325487377, 0, 3818471008
0, 6000, 0, 8, true, 13300250714, 0, 3800840688
0, 6000, 0, 9, true, 13305260890, 0, 3503939616
0, 6000, 0, 10, true, 13335931123, 0, 3614680920
0, 6000, 0, 11, true, 13291997770, 0, 3861650320
0, 6000, 0, 12, true, 13303820488, 0, 3396427808
0, 6000, 0, 13, true, 13302090494, 0, 3661578152
0, 6000, 0, 14, true, 13299889718, 0, 3615220208
0, 6000, 0, 15, true, 13403888274, 0, 3815026120
0, 6000, 0, 16, true, 13333578959, 0, 3828850984
0, 6000, 0, 17, true, 13306566353, 0, 3550426576
0, 6000, 0, 18, true, 13322536343, 0, 3508305616
0, 6000, 0, 19, true, 13314503065, 0, 3668176376
0, 6000, 0, 20, true, 13358832400, 0, 3824435768
0, 6000, 0, 21, true, 13281041775, 0, 3802058080
0, 6000, 0, 22, true, 13311281691, 0, 3861013616
0, 6000, 0, 23, true, 13301792812, 0, 3757273824
0, 6000, 0, 24, true, 13328499758, 0, 3621317952
0, 6000, 0, 25, true, 13332247667, 0, 3609198304
0, 6000, 0, 26, true, 13307362932, 0, 3470012504
0, 6000, 0, 27, true, 13328776851, 0, 3690857072
0, 6000, 0, 28, true, 13314013891, 0, 3864047168
0, 6000, 0, 29, true, 13301127822, 0, 3712048104
0, 6000, 0, 30, true, 13310060287, 0, 3607684376
0, 6000, 0, 31, true, 13298681781, 0, 3604375288
0, 6000, 0, 32, true, 13405936714, 0, 3760725200
0, 6000, 0, 33, true, 13305017199, 0, 3859273144
0, 6000, 0, 34, true, 13298803131, 0, 3820514896
0, 6000, 0, 35, true, 13305996350, 0, 3948932064
0, 6000, 0, 36, true, 13314053925, 0, 3754870408
0, 6000, 0, 37, true, 13288183998, 0, 3506644320
0, 6000, 0, 38, true, 13299371821, 0, 3853187440
0, 6000, 0, 39, true, 13313359461, 0, 3750366040
0, 6000, 0, 40, true, 13287782156, 0, 3864634048
0, 6000, 0, 41, true, 13302652023, 0, 3764618320
0, 6000, 0, 42, true, 13299687363, 0, 3600708032
0, 6000, 0, 43, true, 13305693505, 0, 3657305352
0, 6000, 0, 44, true, 13308226297, 0, 3748446104
0, 6000, 0, 45, true, 13309190751, 0, 3661850376
0, 6000, 0, 46, true, 13311402495, 0, 3831215888
0, 6000, 0, 47, true, 13307839109, 0, 3721918384
0, 6000, 0, 48, true, 13365562156, 0, 3613331216
0, 6000, 0, 49, true, 13324348870, 0, 3808922568
0, 6000, 0, 50, true, 13307398367, 0, 3858221984
0, 6000, 0, 51, true, 13300812480, 0, 3662142816
0, 6000, 0, 52, true, 13297998025, 0, 3758184328
0, 6000, 0, 53, true, 13292854840, 0, 3658541840
0, 6000, 0, 54, true, 13289379377, 0, 3646553784
0, 6000, 0, 55, true, 13315876532, 0, 3778549040
0, 6000, 0, 56, true, 13298043328, 0, 3600231600
0, 6000, 0, 57, true, 13402980901, 0, 3826197744
0, 6000, 0, 58, true, 13312107507, 0, 3658115888
0, 6000, 0, 59, true, 13303775122, 0, 3842994536
0, 6000, 0, 60, true, 13297692053, 0, 3814810248
0, 6000, 0, 61, true, 13306507075, 0, 3819625624
0, 6000, 0, 62, true, 13308327169, 0, 3860634248
0, 6000, 0, 63, true, 13302638068, 0, 3671950800
0, 6000, 0, 64, true, 13309557011, 0, 3599643448
0, 6000, 0, 65, true, 13402460890, 0, 3619435768
0, 6000, 0, 66, true, 13302646349, 0, 3601677104
0, 6000, 0, 67, true, 13374335033, 0, 3739328328
0, 6000, 0, 68, true, 13310264776, 0, 3860116384
0, 6000, 0, 69, true, 13311890256, 0, 3754991312
0, 6000, 0, 70, true, 13330840885, 0, 3472230504
0, 6000, 0, 71, true, 13321014057, 0, 3631707024
0, 6000, 0, 72, true, 13299221024, 0, 3664678304
0, 6000, 0, 73, true, 13320807533, 0, 3806380808
0, 6000, 0, 74, true, 13299846604, 0, 3763534632
0, 6000, 0, 75, true, 13302897914, 0, 3611917064
0, 6000, 0, 76, true, 13314636124, 0, 3485276552
0, 6000, 0, 77, true, 13309376154, 0, 3541975544
0, 6000, 0, 78, true, 13274829819, 0, 3862743416
0, 6000, 0, 79, true, 13297640519, 0, 3746435440
0, 6000, 0, 80, true, 13317748848, 0, 3603691032
0, 6000, 0, 81, true, 13309429397, 0, 3589466576
0, 6000, 0, 82, true, 13299020197, 0, 3861693664
0, 6000, 0, 83, true, 13291988434, 0, 3600650328
0, 6000, 0, 84, true, 13275797806, 0, 3854296584
0, 6000, 0, 85, true, 13296318487, 0, 3618405944
0, 6000, 0, 86, true, 13299901622, 0, 3393035480
0, 6000, 0, 87, true, 13290357693, 0, 3133865552
0, 6000, 0, 88, true, 13292831872, 0, 3599399832
0, 6000, 0, 89, true, 13363961605, 0, 3626528152
0, 6000, 0, 90, true, 13293355577, 0, 3620774072
0, 6000, 0, 91, true, 13283425826, 0, 3771400800
0, 6000, 0, 92, true, 13304603493, 0, 3763269696
0, 6000, 0, 93, true, 13289522319, 0, 3307824936
0, 6000, 0, 94, true, 13286039187, 0, 3775987336
0, 6000, 0, 95, true, 13285565441, 0, 3860277720
0, 6000, 0, 96, true, 13297671218, 0, 3814100528
0, 6000, 0, 97, true, 13288505484, 0, 3623951528
0, 6000, 0, 98, true, 13287213268, 0, 3601243128
0, 6000, 0, 99, true, 13304961928, 0, 3444082288
0, 6500, 0, 0, true, 16748617815, 0, 3664305600
0, 6500, 0, 1, true, 16760131120, 0, 3864113112
0, 6500, 0, 2, true, 16781640345, 0, 3628019440
0, 6500, 0, 3, true, 16813862432, 0, 3773156600
0, 6500, 0, 4, true, 16767167136, 0, 3707946792
0, 6500, 0, 5, true, 16767052866, 0, 3456139144
0, 6500, 0, 6, true, 16761185180, 0, 3783570232
0, 6500, 0, 7, true, 16767246880, 0, 3888688536
0, 6500, 0, 8, true, 16742615959, 0, 3640262688
0, 6500, 0, 9, true, 16734040407, 0, 3892790752
0, 6500, 0, 10, true, 16766466678, 0, 3841647168
0, 6500, 0, 11, true, 16754369982, 0, 3538815888
0, 6500, 0, 12, true, 16748042574, 0, 3857553904
0, 6500, 0, 13, true, 16750403756, 0, 3390398584
0, 6500, 0, 14, true, 16856085999, 0, 3860653224
0, 6500, 0, 15, true, 16760110941, 0, 3639415936
0, 6500, 0, 16, true, 16736032884, 0, 3551630608
0, 6500, 0, 17, true, 16751568151, 0, 3852385072
0, 6500, 0, 18, true, 16773640765, 0, 3652992072
0, 6500, 0, 19, true, 16793684989, 0, 3915663056
0, 6500, 0, 20, true, 16753064961, 0, 3622018888
0, 6500, 0, 21, true, 16756032895, 0, 3854323912
0, 6500, 0, 22, true, 16774756628, 0, 3682135456
0, 6500, 0, 23, true, 16780169115, 0, 3970672664
0, 6500, 0, 24, true, 16768357983, 0, 3624985152
0, 6500, 0, 25, true, 16774830215, 0, 3841442064
0, 6500, 0, 26, true, 16741802939, 0, 3569542584
0, 6500, 0, 27, true, 16733211384, 0, 3890193360
0, 6500, 0, 28, true, 16747344106, 0, 3886958832
0, 6500, 0, 29, true, 16753097897, 0, 3882563584
0, 6500, 0, 30, true, 16754640596, 0, 3724090224
0, 6500, 0, 31, true, 16769373359, 0, 3886781992
0, 6500, 0, 32, true, 16759142543, 0, 3560258232
0, 6500, 0, 33, true, 16753201891, 0, 3886733128
0, 6500, 0, 34, true, 16746472978, 0, 3620466136
0, 6500, 0, 35, true, 16760146650, 0, 3767094544
0, 6500, 0, 36, true, 16756252402, 0, 3623337992
0, 6500, 0, 37, true, 16769272644, 0, 3384599472
0, 6500, 0, 38, true, 16747739915, 0, 3713247512
0, 6500, 0, 39, true, 16780534983, 0, 3615875376
0, 6500, 0, 40, true, 16741606737, 0, 3887358080
0, 6500, 0, 41, true, 16772178049, 0, 3804913216
0, 6500, 0, 42, true, 16802658411, 0, 3846124120
0, 6500, 0, 43, true, 16793609879, 0, 3856400472
0, 6500, 0, 44, true, 16764420654, 0, 3399031168
0, 6500, 0, 45, true, 16761795057, 0, 3418684248
0, 6500, 0, 46, true, 16751446215, 0, 3720032064
0, 6500, 0, 47, true, 16748674647, 0, 3889872520
0, 6500, 0, 48, true, 16754116737, 0, 3460675672
0, 6500, 0, 49, true, 16745661735, 0, 3885747424
0, 6500, 0, 50, true, 16756845342, 0, 3849853168
0, 6500, 0, 51, true, 16761713193, 0, 3764952096
0, 6500, 0, 52, true, 16763013373, 0, 3527624448
0, 6500, 0, 53, true, 16751888703, 0, 3564794208
0, 6500, 0, 54, true, 16751868876, 0, 3629195912
0, 6500, 0, 55, true, 16780815916, 0, 3512499928
0, 6500, 0, 56, true, 16804953849, 0, 3850900936
0, 6500, 0, 57, true, 16749518629, 0, 3401880888
0, 6500, 0, 58, true, 16777723660, 0, 3778358320
0, 6500, 0, 59, true, 16756911310, 0, 3768109328
0, 6500, 0, 60, true, 16746903075, 0, 3630489848
0, 6500, 0, 61, true, 16760196580, 0, 3763425664
0, 6500, 0, 62, true, 16765504472, 0, 3841572304
0, 6500, 0, 63, true, 16794050528, 0, 3859394184
0, 6500, 0, 64, true, 16740603308, 0, 3477248824
0, 6500, 0, 65, true, 16761013184, 0, 3787064048
0, 6500, 0, 66, true, 16757930411, 0, 3753420624
0, 6500, 0, 67, true, 16800168477, 0, 3843435208
0, 6500, 0, 68, true, 16747696678, 0, 3763033760
0, 6500, 0, 69, true, 16763416059, 0, 3856142888
0, 6500, 0, 70, true, 16735796681, 0, 3844988864
0, 6500, 0, 71, true, 16785069273, 0, 3397193328
0, 6500, 0, 72, true, 16820848200, 0, 3482520744
0, 6500, 0, 73, true, 16819229679, 0, 3776945528
0, 6500, 0, 74, true, 16762828707, 0, 3538120464
0, 6500, 0, 75, true, 16777626546, 0, 3861034784
0, 6500, 0, 76, true, 16740029478, 0, 3763643200
0, 6500, 0, 77, true, 16747146471, 0, 3628550304
0, 6500, 0, 78, true, 16748737228, 0, 3884822096
0, 6500, 0, 79, true, 16782615413, 0, 3617360056
0, 6500, 0, 80, true, 16734771057, 0, 3887245576
0, 6500, 0, 81, true, 16784144564, 0, 3613622824
0, 6500, 0, 82, true, 16860161965, 0, 3636740848
0, 6500, 0, 83, true, 16749801224, 0, 3844105008
0, 6500, 0, 84, true, 16769579204, 0, 3660106216
0, 6500, 0, 85, true, 16754681164, 0, 3480498464
0, 6500, 0, 86, true, 16770213666, 0, 3854445640
0, 6500, 0, 87, true, 16765439756, 0, 3810226400
0, 6500, 0, 88, true, 16816893723, 0, 3861188744
0, 6500, 0, 89, true, 16742199297, 0, 3619674384
0, 6500, 0, 90, true, 16742169444, 0, 3845403616
0, 6500, 0, 91, true, 16768225534, 0, 3660280288
0, 6500, 0, 92, true, 16823781650, 0, 3701183168
0, 6500, 0, 93, true, 16754897426, 0, 3865761832
0, 6500, 0, 94, true, 16777167730, 0, 3695570792
0, 6500, 0, 95, true, 16779994488, 0, 3843828720
0, 6500, 0, 96, true, 16756795087, 0, 3616400640
0, 6500, 0, 97, true, 16735183751, 0, 3882557440
0, 6500, 0, 98, true, 16791981815, 0, 3847970864
0, 6500, 0, 99, true, 16779778155, 0, 3628168776
0, 7000, 0, 0, true, 20882084094, 0, 3629018312
0, 7000, 0, 1, true, 20765696029, 0, 3913221336
0, 7000, 0, 2, true, 20773119159, 0, 3656473256
0, 7000, 0, 3, true, 20789447166, 0, 3776973328
0, 7000, 0, 4, true, 20769428827, 0, 3740770176
0, 7000, 0, 5, true, 20831723417, 0, 4049151656
0, 7000, 0, 6, true, 20786619100, 0, 3657346280
0, 7000, 0, 7, true, 20778291723, 0, 3666414112
0, 7000, 0, 8, true, 20799533815, 0, 3893972960
0, 7000, 0, 9, true, 20822008185, 0, 3890889776
0, 7000, 0, 10, true, 20820235710, 0, 3890968408
0, 7000, 0, 11, true, 20770699808, 0, 3536478840
0, 7000, 0, 12, true, 20800581388, 0, 3895824040
0, 7000, 0, 13, true, 20771817672, 0, 3631774352
0, 7000, 0, 14, true, 20807525443, 0, 3645979144
0, 7000, 0, 15, true, 20796491635, 0, 3895366320
0, 7000, 0, 16, true, 20780913011, 0, 3439782760
0, 7000, 0, 17, true, 20784346510, 0, 3501102064
0, 7000, 0, 18, true, 20846484074, 0, 4027792592
0, 7000, 0, 19, true, 20784900503, 0, 3506265704
0, 7000, 0, 20, true, 20780374767, 0, 3886089672
0, 7000, 0, 21, true, 20778733664, 0, 3774452200
0, 7000, 0, 22, true, 20772040513, 0, 3917830264
0, 7000, 0, 23, true, 20768637988, 0, 3713557688
0, 7000, 0, 24, true, 20789501112, 0, 3918736224
0, 7000, 0, 25, true, 20783442977, 0, 3891324864
0, 7000, 0, 26, true, 20816860240, 0, 3900384776
0, 7000, 0, 27, true, 20783428375, 0, 3792705880
0, 7000, 0, 28, true, 20793050075, 0, 3759374672
0, 7000, 0, 29, true, 20785756465, 0, 3880660416
0, 7000, 0, 30, true, 20831968183, 0, 4047638504
0, 7000, 0, 31, true, 20787500777, 0, 3788525776
0, 7000, 0, 32, true, 20785030263, 0, 3891951376
0, 7000, 0, 33, true, 20780722909, 0, 3660458952
0, 7000, 0, 34, true, 20792900586, 0, 3885007448
0, 7000, 0, 35, true, 20769477614, 0, 3823087376
0, 7000, 0, 36, true, 20867271991, 0, 3744855752
0, 7000, 0, 37, true, 20793457822, 0, 3883821120
0, 7000, 0, 38, true, 20790165243, 0, 3901599288
0, 7000, 0, 39, true, 20783427900, 0, 3896703864
0, 7000, 0, 40, true, 20793481179, 0, 3538989712
0, 7000, 0, 41, true, 20812589887, 0, 3895603176
0, 7000, 0, 42, true, 20830418257, 0, 4050035656
0, 7000, 0, 43, true, 20786242941, 0, 3542864888
0, 7000, 0, 44, true, 20803853672, 0, 3477324816
0, 7000, 0, 45, true, 20806994438, 0, 3630071872
0, 7000, 0, 46, true, 20762464186, 0, 3854616360
0, 7000, 0, 47, true, 20809214034, 0, 3889252552
0, 7000, 0, 48, true, 20792329035, 0, 3916700944
0, 7000, 0, 49, true, 20819688832, 0, 3904200664
0, 7000, 0, 50, true, 20784327189, 0, 3905351960
0, 7000, 0, 51, true, 20774039919, 0, 3762708992
0, 7000, 0, 52, true, 20866284282, 0, 3872256160
0, 7000, 0, 53, true, 20810303114, 0, 3894755984
0, 7000, 0, 54, true, 20800274572, 0, 3908002968
0, 7000, 0, 55, true, 20828189074, 0, 3639714928
0, 7000, 0, 56, true, 20814736851, 0, 3717104160
0, 7000, 0, 57, true, 20818207108, 0, 3617090296
0, 7000, 0, 58, true, 20772285804, 0, 3601080640
0, 7000, 0, 59, true, 20847665785, 0, 3882054144
0, 7000, 0, 60, true, 20779754812, 0, 3912596272
0, 7000, 0, 61, true, 20799341027, 0, 3645535248
0, 7000, 0, 62, true, 20767644141, 0, 3884247960
0, 7000, 0, 63, true, 20786951055, 0, 3660239624
0, 7000, 0, 64, true, 20776480599, 0, 3630997008
0, 7000, 0, 65, true, 20779649653, 0, 3638204832
0, 7000, 0, 66, true, 20785026805, 0, 3916998392
0, 7000, 0, 67, true, 20803029029, 0, 3648181656
0, 7000, 0, 68, true, 20783788266, 0, 3909936488
0, 7000, 0, 69, true, 20779158652, 0, 3540093960
0, 7000, 0, 70, true, 20780602717, 0, 3543092064
0, 7000, 0, 71, true, 20780527848, 0, 3656492760
0, 7000, 0, 72, true, 20810374280, 0, 3633803272
0, 7000, 0, 73, true, 20785910663, 0, 3893708912
0, 7000, 0, 74, true, 20770379101, 0, 3669325944
0, 7000, 0, 75, true, 20784835341, 0, 3909540648
0, 7000, 0, 76, true, 20760597708, 0, 3919627536
0, 7000, 0, 77, true, 20768387290, 0, 3913325976
0, 7000, 0, 78, true, 20776695200, 0, 3913412312
0, 7000, 0, 79, true, 20799813128, 0, 3657869464
0, 7000, 0, 80, true, 20783952059, 0, 3912745392
0, 7000, 0, 81, true, 20777347262, 0, 3594987376
0, 7000, 0, 82, true, 20799091124, 0, 3913565896
0, 7000, 0, 83, true, 20810165527, 0, 3892870752
0, 7000, 0, 84, true, 20803901210, 0, 3890036592
0, 7000, 0, 85, true, 20781386412, 0, 4048292624
0, 7000, 0, 86, true, 20785298970, 0, 3558837296
0, 7000, 0, 87, true, 20794946683, 0, 3912030128
0, 7000, 0, 88, true, 20779582498, 0, 3644274816
0, 7000, 0, 89, true, 20766138274, 0, 3632480984
0, 7000, 0, 90, true, 20777765957, 0, 3677230696
0, 7000, 0, 91, true, 20774602416, 0, 3909096080
0, 7000, 0, 92, true, 20776420160, 0, 3905148576
0, 7000, 0, 93, true, 20808601421, 0, 3439918904
0, 7000, 0, 94, true, 20766437108, 0, 3646628056
0, 7000, 0, 95, true, 20771727208, 0, 3642259784
0, 7000, 0, 96, true, 20790003459, 0, 3884843496
0, 7000, 0, 97, true, 20813900406, 0, 3632331032
0, 7000, 0, 98, true, 20779873048, 0, 3911832024
0, 7000, 0, 99, true, 20773613782, 0, 3707115104
0, 7500, 0, 0, true, 25426109788, 0, 3425763736
0, 7500, 0, 1, true, 25411624362, 0, 3657341368
0, 7500, 0, 2, true, 25408743199, 0, 3922920736
0, 7500, 0, 3, true, 25454402220, 0, 3936764336
0, 7500, 0, 4, true, 25399561249, 0, 3657857840
0, 7500, 0, 5, true, 25453250174, 0, 3928116264
0, 7500, 0, 6, true, 25444958782, 0, 4093245256
0, 7500, 0, 7, true, 25420352620, 0, 3927998016
0, 7500, 0, 8, true, 25437950583, 0, 3935337792
0, 7500, 0, 9, true, 25387680105, 0, 4014881408
0, 7500, 0, 10, true, 25391725673, 0, 3923763648
0, 7500, 0, 11, true, 25385625880, 0, 3944764304
0, 7500, 0, 12, true, 25396105919, 0, 3657616656
0, 7500, 0, 13, true, 25439677273, 0, 3922844648
0, 7500, 0, 14, true, 25416465213, 0, 3947046160
0, 7500, 0, 15, true, 25420166082, 0, 3957073928
0, 7500, 0, 16, true, 25429938512, 0, 3926962704
0, 7500, 0, 17, true, 25426424268, 0, 3742589296
0, 7500, 0, 18, true, 25430016549, 0, 3854339112
0, 7500, 0, 19, true, 25400363408, 0, 3569744352
0, 7500, 0, 20, true, 25415425534, 0, 3867247576
0, 7500, 0, 21, true, 25471420377, 0, 3644531488
0, 7500, 0, 22, true, 25415654064, 0, 3539403584
0, 7500, 0, 23, true, 25409120732, 0, 3809826744
0, 7500, 0, 24, true, 25460764314, 0, 3915609368
0, 7500, 0, 25, true, 25454054302, 0, 3936156744
0, 7500, 0, 26, true, 25414208612, 0, 3661333368
0, 7500, 0, 27, true, 25416508151, 0, 3865169712
0, 7500, 0, 28, true, 25410342338, 0, 3680032336
0, 7500, 0, 29, true, 25391639007, 0, 3948478704
0, 7500, 0, 30, true, 25444705556, 0, 4091821672
0, 7500, 0, 31, true, 25408260713, 0, 3653403680
0, 7500, 0, 32, true, 25395957166, 0, 3641642552
0, 7500, 0, 33, true, 25404466653, 0, 3664122560
0, 7500, 0, 34, true, 25402538919, 0, 3950334792
0, 7500, 0, 35, true, 25426949932, 0, 3929083080
0, 7500, 0, 36, true, 25365829257, 0, 3949322832
0, 7500, 0, 37, true, 25395205574, 0, 3945389056
0, 7500, 0, 38, true, 25410371180, 0, 3925630264
0, 7500, 0, 39, true, 25435572849, 0, 3928018656
0, 7500, 0, 40, true, 25397161819, 0, 3652453568
0, 7500, 0, 41, true, 25401648657, 0, 3948691040
0, 7500, 0, 42, true, 25406684744, 0, 3831617008
0, 7500, 0, 43, true, 25455993326, 0, 4095151400
0, 7500, 0, 44, true, 25451145891, 0, 4093624912
0, 7500, 0, 45, true, 25391330818, 0, 3930689792
0, 7500, 0, 46, true, 25384009429, 0, 3942420176
0, 7500, 0, 47, true, 25449578809, 0, 4025679392
0, 7500, 0, 48, true, 25418221411, 0, 3656685880
0, 7500, 0, 49, true, 25399345154, 0, 3952321168
0, 7500, 0, 50, true, 25386672048, 0, 3816891424
0, 7500, 0, 51, true, 25406096649, 0, 3660623304
0, 7500, 0, 52, true, 25414858804, 0, 3950766920
0, 7500, 0, 53, true, 25439431568, 0, 3767864464
0, 7500, 0, 54, true, 25393120162, 0, 3658052176
0, 7500, 0, 55, true, 25380322827, 0, 3953497616
0, 7500, 0, 56, true, 25405512475, 0, 3510048584
0, 7500, 0, 57, true, 25394687322, 0, 3816582008
0, 7500, 0, 58, true, 25403538003, 0, 3945333160
0, 7500, 0, 59, true, 25397155942, 0, 3457056584
0, 7500, 0, 60, true, 25391972208, 0, 3933983712
0, 7500, 0, 61, true, 25424933326, 0, 3655888392
0, 7500, 0, 62, true, 25422022289, 0, 3931184280
0, 7500, 0, 63, true, 25402228462, 0, 3950221984
0, 7500, 0, 64, true, 25418902307, 0, 3950005176
0, 7500, 0, 65, true, 25420967769, 0, 3925367576
0, 7500, 0, 66, true, 25410483845, 0, 3534421032
0, 7500, 0, 67, true, 25407116308, 0, 3949361272
0, 7500, 0, 68, true, 25385116545, 0, 3646832488
0, 7500, 0, 69, true, 25410808583, 0, 3800679272
0, 7500, 0, 70, true, 25393183969, 0, 3640446536
0, 7500, 0, 71, true, 25444211751, 0, 4096306912
0, 7500, 0, 72, true, 25430345477, 0, 3647839816
0, 7500, 0, 73, true, 25483742820, 0, 4097955448
0, 7500, 0, 74, true, 25408719144, 0, 3947561384
0, 7500, 0, 75, true, 25444267728, 0, 3924445376
0, 7500, 0, 76, true, 25405388133, 0, 3828471976
0, 7500, 0, 77, true, 25400471391, 0, 3952211776
0, 7500, 0, 78, true, 25434308858, 0, 4102264376
0, 7500, 0, 79, true, 25412520388, 0, 3657558080
0, 7500, 0, 80, true, 25432258953, 0, 4097847264
0, 7500, 0, 81, true, 25403805144, 0, 3948799544
0, 7500, 0, 82, true, 25412579198, 0, 3936780320
0, 7500, 0, 83, true, 25412325763, 0, 3649613640
0, 7500, 0, 84, true, 25415673057, 0, 3945259360
0, 7500, 0, 85, true, 25447739690, 0, 3932226856
0, 7500, 0, 86, true, 25420511982, 0, 3951075504
0, 7500, 0, 87, true, 25401170145, 0, 3923821480
0, 7500, 0, 88, true, 25390860541, 0, 3535916472
0, 7500, 0, 89, true, 25401942182, 0, 3637667392
0, 7500, 0, 90, true, 25399931863, 0, 3882043888
0, 7500, 0, 91, true, 25464252691, 0, 3931347936
0, 7500, 0, 92, true, 25397763106, 0, 3937796656
0, 7500, 0, 93, true, 25392758232, 0, 3951060888
0, 7500, 0, 94, true, 25417343149, 0, 3814723296
0, 7500, 0, 95, true, 25430814657, 0, 3653573456
0, 7500, 0, 96, true, 25439151410, 0, 4023247664
0, 7500, 0, 97, true, 25422819211, 0, 3921201808
0, 7500, 0, 98, true, 25474295945, 0, 3849401224
0, 7500, 0, 99, true, 25403053118, 0, 3951009320
0, 8000, 0, 0, false, 30661871135, 0, 3658350088
0, 8000, 0, 1, false, 30713763415, 0, 3972224144
0, 8000, 0, 2, false, 30667248539, 0, 4007903448
0, 8000, 0, 3, false, 30718755210, 0, 4080833728
0, 8000, 0, 4, false, 30689926040, 0, 3666361864
0, 8000, 0, 5, false, 30744217809, 0, 3827889080
0, 8000, 0, 6, false, 30676036327, 0, 3987029608
0, 8000, 0, 7, false, 30715971135, 0, 4151257168
0, 8000, 0, 8, false, 30677975288, 0, 3957091704
0, 8000, 0, 9, false, 30727525455, 0, 4149729376
0, 8000, 0, 10, false, 30701592637, 0, 3821275040
0, 8000, 0, 11, false, 30666707627, 0, 3974038832
0, 8000, 0, 12, false, 30682741145, 0, 3979152888
0, 8000, 0, 13, false, 30700790896, 0, 4143006640
0, 8000, 0, 14, false, 30743528016, 0, 4139883552
0, 8000, 0, 15, false, 30677563637, 0, 3977735480
0, 8000, 0, 16, false, 30969725460, 0, 3654648136
0, 8000, 0, 17, false, 30658923661, 0, 3976587336
0, 8000, 0, 18, false, 30669110187, 0, 3688112184
0, 8000, 0, 19, false, 30706045959, 0, 4152577464
0, 8000, 0, 20, false, 30685463669, 0, 3986186952
0, 8000, 0, 21, false, 30672960100, 0, 3982140216
0, 8000, 0, 22, false, 30653187227, 0, 3965879288
0, 8000, 0, 23, false, 30725761961, 0, 4124662968
0, 8000, 0, 24, false, 30670204542, 0, 3982886248
0, 8000, 0, 25, false, 30696827032, 0, 3983199728
0, 8000, 0, 26, false, 30735738481, 0, 3666408992
0, 8000, 0, 27, false, 30680975008, 0, 3984801960
0, 8000, 0, 28, false, 30685942908, 0, 3982722904
0, 8000, 0, 29, false, 30692589037, 0, 3657607216
0, 8000, 0, 30, false, 30700012608, 0, 4118173856
0, 8000, 0, 31, false, 30744917695, 0, 3653417784
