0, 0, 50000, 0, true, 288522084, 0, 388668440
0, 0, 50000, 1, true, 281170285, 0, 86129704
0, 0, 50000, 2, true, 279876385, 0, 86008664
0, 0, 50000, 3, true, 281669468, 0, 85871744
0, 0, 50000, 4, true, 280426052, 0, 828530664
0, 0, 50000, 5, true, 283538604, 0, 85735616
0, 0, 50000, 6, true, 281380201, 0, 85783528
0, 0, 50000, 7, true, 281042207, 0, 825994064
0, 0, 50000, 8, true, 280446446, 0, 823843120
0, 0, 50000, 9, true, 279474652, 0, 823366992
0, 0, 50000, 10, true, 278695736, 0, 85722168
0, 0, 50000, 11, true, 277375994, 0, 85711512
0, 0, 50000, 12, true, 278559027, 0, 822225072
0, 0, 50000, 13, true, 278200606, 0, 822262944
0, 0, 50000, 14, true, 277787945, 0, 85717144
0, 0, 50000, 15, true, 278499345, 0, 85718632
0, 0, 50000, 16, true, 279735464, 0, 85718688
0, 0, 50000, 17, true, 278464734, 0, 85738296
0, 0, 50000, 18, true, 280126005, 0, 822224320
0, 0, 50000, 19, true, 279786417, 0, 822192136
0, 0, 50000, 20, true, 279118592, 0, 85741288
0, 0, 50000, 21, true, 279167187, 0, 85716944
0, 0, 50000, 22, true, 280241801, 0, 85740704
0, 0, 50000, 23, true, 278471358, 0, 85686296
0, 0, 50000, 24, true, 277659693, 0, 85710120
0, 0, 50000, 25, true, 277646093, 0, 85744896
0, 0, 50000, 26, true, 277600555, 0, 822181040
0, 0, 50000, 27, true, 279377509, 0, 822227624
0, 0, 50000, 28, true, 278504365, 0, 822191352
0, 0, 50000, 29, true, 278203911, 0, 85714544
0, 0, 50000, 30, true, 277033997, 0, 85706832
0, 0, 50000, 31, true, 277376441, 0, 85741032
0, 0, 50000, 32, true, 277929620, 0, 85694512
0, 0, 50000, 33, true, 277269472, 0, 85708616
0, 0, 50000, 34, true, 277821999, 0, 85676320
0, 0, 50000, 35, true, 279734953, 0, 85741864
0, 0, 50000, 36, true, 279005672, 0, 822192184
0, 0, 50000, 37, true, 278066107, 0, 85743560
0, 0, 50000, 38, true, 278230722, 0, 85787944
0, 0, 50000, 39, true, 277384900, 0, 85720344
0, 0, 50000, 40, true, 279686301, 0, 822249864
0, 0, 50000, 41, true, 278583031, 0, 822227032
0, 0, 50000, 42, true, 277580600, 0, 85739696
0, 0, 50000, 43, true, 278291274, 0, 822184688
0, 0, 50000, 44, true, 280751637, 0, 822232136
0, 0, 50000, 45, true, 278506868, 0, 85709888
0, 0, 50000, 46, true, 277478427, 0, 85708616
0, 0, 50000, 47, true, 279319139, 0, 822180264
0, 0, 50000, 48, true, 277307773, 0, 85718400
0, 0, 50000, 49, true, 280442207, 0, 822209816
0, 0, 50000, 50, true, 278249155, 0, 85685728
0, 0, 50000, 51, true, 279849899, 0, 85755824
0, 0, 50000, 52, true, 278696995, 0, 85741304
0, 0, 50000, 53, true, 278440198, 0, 85719592
0, 0, 50000, 54, true, 278239573, 0, 85675712
0, 0, 50000, 55, true, 277522041, 0, 822212032
0, 0, 50000, 56, true, 278454328, 0, 85741280
0, 0, 50000, 57, true, 279563774, 0, 85719712
0, 0, 50000, 58, true, 279005609, 0, 822210608
0, 0, 50000, 59, true, 279440784, 0, 85739680
0, 0, 50000, 60, true, 280080396, 0, 822186848
0, 0, 50000, 61, true, 278016169, 0, 85776112
0, 0, 50000, 62, true, 279040920, 0, 85689016
0, 0, 50000, 63, true, 279618291, 0, 85755984
0, 0, 50000, 64, true, 278924086, 0, 822211160
0, 0, 50000, 65, true, 281552601, 0, 822233520
0, 0, 50000, 66, true, 277747760, 0, 822229960
0, 0, 50000, 67, true, 278265716, 0, 85741632
0, 0, 50000, 68, true, 278281428, 0, 85743808
0, 0, 50000, 69, true, 277701782, 0, 85724392
0, 0, 50000, 70, true, 277369529, 0, 85713128
0, 0, 50000, 71, true, 279511925, 0, 85711240
0, 0, 50000, 72, true, 277999856, 0, 822215512
0, 0, 50000, 73, true, 279395563, 0, 822196408
0, 0, 50000, 74, true, 277390101, 0, 822228168
0, 0, 50000, 75, true, 278633862, 0, 822227504
0, 0, 50000, 76, true, 279195031, 0, 822231136
0, 0, 50000, 77, true, 278619679, 0, 85717640
0, 0, 50000, 78, true, 278392680, 0, 85757752
0, 0, 50000, 79, true, 278723266, 0, 822242976
0, 0, 50000, 80, true, 278164103, 0, 85721928
0, 0, 50000, 81, true, 280292906, 0, 85757136
0, 0, 50000, 82, true, 278543422, 0, 822188096
0, 0, 50000, 83, true, 279408570, 0, 822236328
0, 0, 50000, 84, true, 278390627, 0, 85720224
0, 0, 50000, 85, true, 278861044, 0, 85722976
0, 0, 50000, 86, true, 277356022, 0, 822227296
0, 0, 50000, 87, true, 279966459, 0, 85740496
0, 0, 50000, 88, true, 278265801, 0, 85744752
0, 0, 50000, 89, true, 279441797, 0, 85746984
0, 0, 50000, 90, true, 277206940, 0, 85742832
0, 0, 50000, 91, true, 277657314, 0, 822229072
0, 0, 50000, 92, true, 279267926, 0, 822262376
0, 0, 50000, 93, true, 279166814, 0, 85747144
0, 0, 50000, 94, true, 278140526, 0, 85745104
0, 0, 50000, 95, true, 281029084, 0, 85745128
0, 0, 50000, 96, true, 278846278, 0, 85775856
0, 0, 50000, 97, true, 279629895, 0, 85747376
0, 0, 50000, 98, true, 277935088, 0, 85681872
0, 0, 50000, 99, true, 278305761, 0, 822183616
0, 0, 100000, 0, true, 501870104, 0, 85764592
0, 0, 100000, 1, true, 505495330, 0, 85854416
0, 0, 100000, 2, true, 500714809, 0, 85952176
0, 0, 100000, 3, true, 500639220, 0, 85915048
0, 0, 100000, 4, true, 499475356, 0, 85963960
0, 0, 100000, 5, true, 499203585, 0, 85965536
0, 0, 100000, 6, true, 500762141, 0, 85944280
0, 0, 100000, 7, true, 502570775, 0, 85930944
0, 0, 100000, 8, true, 501078851, 0, 1194841832
0, 0, 100000, 9, true, 501323051, 0, 85910560
0, 0, 100000, 10, true, 506525892, 0, 85935264
0, 0, 100000, 11, true, 502948631, 0, 86091840
0, 0, 100000, 12, true, 505319675, 0, 86078432
0, 0, 100000, 13, true, 501045810, 0, 1174667272
0, 0, 100000, 14, true, 502184901, 0, 86055680
0, 0, 100000, 15, true, 500270885, 0, 86108064
0, 0, 100000, 16, true, 500428192, 0, 1173614288
0, 0, 100000, 17, true, 500252418, 0, 86118240
0, 0, 100000, 18, true, 499751423, 0, 1173559704
0, 0, 100000, 19, true, 503745530, 0, 1174705456
0, 0, 100000, 20, true, 502307761, 0, 86071784
0, 0, 100000, 21, true, 500968944, 0, 1174652568
0, 0, 100000, 22, true, 499772028, 0, 1173615072
0, 0, 100000, 23, true, 503104968, 0, 86086584
0, 0, 100000, 24, true, 500114719, 0, 86102648
0, 0, 100000, 25, true, 501316303, 0, 86106248
0, 0, 100000, 26, true, 504398594, 0, 86080864
0, 0, 100000, 27, true, 500680299, 0, 86077840
0, 0, 100000, 28, true, 499294747, 0, 86074064
0, 0, 100000, 29, true, 501178505, 0, 86108576
0, 0, 100000, 30, true, 504064996, 0, 86098728
0, 0, 100000, 31, true, 503368545, 0, 1174646232
0, 0, 100000, 32, true, 502942145, 0, 86037336
0, 0, 100000, 33, true, 500148967, 0, 86123448
0, 0, 100000, 34, true, 501072185, 0, 86083272
0, 0, 100000, 35, true, 501979045, 0, 86091264
0, 0, 100000, 36, true, 501993762, 0, 86081096
0, 0, 100000, 37, true, 503913302, 0, 1174661688
0, 0, 100000, 38, true, 504092308, 0, 86059232
0, 0, 100000, 39, true, 504497497, 0, 86048296
0, 0, 100000, 40, true, 500995441, 0, 86042264
0, 0, 100000, 41, true, 500334033, 0, 86107440
0, 0, 100000, 42, true, 504227281, 0, 86083760
0, 0, 100000, 43, true, 501188679, 0, 86107512
0, 0, 100000, 44, true, 504199384, 0, 1173612368
0, 0, 100000, 45, true, 501905439, 0, 86056520
0, 0, 100000, 46, true, 504732722, 0, 86073440
0, 0, 100000, 47, true, 500830219, 0, 86111896
0, 0, 100000, 48, true, 501010198, 0, 86121048
0, 0, 100000, 49, true, 503742054, 0, 86089648
0, 0, 100000, 50, true, 500459940, 0, 86104352
0, 0, 100000, 51, true, 499826427, 0, 1174672576
0, 0, 100000, 52, true, 501943294, 0, 86059912
0, 0, 100000, 53, true, 501294996, 0, 86143024
0, 0, 100000, 54, true, 502081431, 0, 1173617000
0, 0, 100000, 55, true, 501656860, 0, 1174673928
0, 0, 100000, 56, true, 502907302, 0, 86106656
0, 0, 100000, 57, true, 500251082, 0, 86143040
0, 0, 100000, 58, true, 500283605, 0, 86102552
0, 0, 100000, 59, true, 503668707, 0, 86065880
0, 0, 100000, 60, true, 500629104, 0, 86074272
0, 0, 100000, 61, true, 501884759, 0, 1174697608
0, 0, 100000, 62, true, 503294797, 0, 1173619904
0, 0, 100000, 63, true, 503208137, 0, 1174677992
0, 0, 100000, 64, true, 504191786, 0, 86052016
0, 0, 100000, 65, true, 503273077, 0, 86082152
0, 0, 100000, 66, true, 499549482, 0, 86076648
0, 0, 100000, 67, true, 503150265, 0, 86080496
0, 0, 100000, 68, true, 504292079, 0, 86103344
0, 0, 100000, 69, true, 501187568, 0, 86090992
0, 0, 100000, 70, true, 500978342, 0, 86126608
0, 0, 100000, 71, true, 501721617, 0, 86109280
0, 0, 100000, 72, true, 500992147, 0, 86118296
0, 0, 100000, 73, true, 502832165, 0, 1174628168
0, 0, 100000, 74, true, 502483953, 0, 86107816
0, 0, 100000, 75, true, 502843201, 0, 1174670688
0, 0, 100000, 76, true, 501078072, 0, 86087824
0, 0, 100000, 77, true, 502397196, 0, 1174627904
0, 0, 100000, 78, true, 501794580, 0, 1173646008
0, 0, 100000, 79, true, 500264853, 0, 1174682864
0, 0, 100000, 80, true, 500547723, 0, 86103864
0, 0, 100000, 81, true, 503373659, 0, 86091544
0, 0, 100000, 82, true, 500140108, 0, 86077608
0, 0, 100000, 83, true, 501143715, 0, 86114152
0, 0, 100000, 84, true, 501217726, 0, 86091096
0, 0, 100000, 85, true, 504448800, 0, 1174660944
0, 0, 100000, 86, true, 504003679, 0, 1173618840
0, 0, 100000, 87, true, 500653741, 0, 86097560
0, 0, 100000, 88, true, 500534289, 0, 1173599432
0, 0, 100000, 89, true, 503593423, 0, 1174643928
0, 0, 100000, 90, true, 501737052, 0, 86113016
0, 0, 100000, 91, true, 503700829, 0, 86085792
0, 0, 100000, 92, true, 499975811, 0, 86045480
0, 0, 100000, 93, true, 499918866, 0, 1174662048
0, 0, 100000, 94, true, 500090286, 0, 86088592
0, 0, 100000, 95, true, 500080427, 0, 86051264
0, 0, 100000, 96, true, 500701098, 0, 86111208
0, 0, 100000, 97, true, 504469860, 0, 86103080
0, 0, 100000, 98, true, 500311147, 0, 86046208
0, 0, 100000, 99, true, 499564734, 0, 86115240
0, 0, 150000, 0, true, 958841017, 0, 1373268184
0, 0, 150000, 1, true, 966412039, 0, 1810017944
0, 0, 150000, 2, true, 932570133, 0, 1856714248
0, 0, 150000, 3, true, 904967289, 0, 1850768728
0, 0, 150000, 4, true, 726287194, 0, 455614840
0, 0, 150000, 5, true, 724529091, 0, 89854560
0, 0, 150000, 6, true, 730669127, 0, 89813896
0, 0, 150000, 7, true, 726865059, 0, 89704928
0, 0, 150000, 8, true, 724656025, 0, 89681928
0, 0, 150000, 9, true, 728301452, 0, 89685128
0, 0, 150000, 10, true, 726597310, 0, 89668704
0, 0, 150000, 11, true, 729816338, 0, 89688160
0, 0, 150000, 12, true, 723627492, 0, 1531061712
0, 0, 150000, 13, true, 724343629, 0, 1530124096
0, 0, 150000, 14, true, 724694832, 0, 89613264
0, 0, 150000, 15, true, 722746990, 0, 89603080
0, 0, 150000, 16, true, 727516093, 0, 89617144
0, 0, 150000, 17, true, 728983542, 0, 1530442000
0, 0, 150000, 18, true, 726675188, 0, 89597064
0, 0, 150000, 19, true, 727482673, 0, 89610512
0, 0, 150000, 20, true, 730223456, 0, 89621376
0, 0, 150000, 21, true, 728306085, 0, 89564144
0, 0, 150000, 22, true, 724622546, 0, 89625912
0, 0, 150000, 23, true, 726182726, 0, 89619184
0, 0, 150000, 24, true, 724117144, 0, 89571784
0, 0, 150000, 25, true, 724615255, 0, 1529357552
0, 0, 150000, 26, true, 728837500, 0, 89625352
0, 0, 150000, 27, true, 723311043, 0, 1529951184
0, 0, 150000, 28, true, 729912860, 0, 1530620240
0, 0, 150000, 29, true, 725726111, 0, 1530427648
0, 0, 150000, 30, true, 723300880, 0, 89565112
0, 0, 150000, 31, true, 731067361, 0, 89593752
0, 0, 150000, 32, true, 729687460, 0, 89595616
0, 0, 150000, 33, true, 729051719, 0, 1529862848
0, 0, 150000, 34, true, 725462251, 0, 89568168
0, 0, 150000, 35, true, 724426745, 0, 89619800
0, 0, 150000, 36, true, 730515808, 0, 89607680
0, 0, 150000, 37, true, 725125325, 0, 89589624
0, 0, 150000, 38, true, 726407498, 0, 89594672
0, 0, 150000, 39, true, 724492078, 0, 89566056
0, 0, 150000, 40, true, 723696569, 0, 1529785552
0, 0, 150000, 41, true, 727426948, 0, 89634240
0, 0, 150000, 42, true, 730639482, 0, 1530602760
0, 0, 150000, 43, true, 726554642, 0, 1530399984
0, 0, 150000, 44, true, 726013324, 0, 89618664
0, 0, 150000, 45, true, 724382429, 0, 1530424048
0, 0, 150000, 46, true, 730020117, 0, 89616680
0, 0, 150000, 47, true, 724817645, 0, 89625752
0, 0, 150000, 48, true, 725646015, 0, 1530993736
0, 0, 150000, 49, true, 724128127, 0, 1530427040
0, 0, 150000, 50, true, 728948514, 0, 89544120
0, 0, 150000, 51, true, 730134437, 0, 89612624
0, 0, 150000, 52, true, 729338226, 0, 1529967320
0, 0, 150000, 53, true, 724623011, 0, 1530620584
0, 0, 150000, 54, true, 729985034, 0, 1530397032
0, 0, 150000, 55, true, 723279460, 0, 1530921328
0, 0, 150000, 56, true, 725537786, 0, 1530432696
0, 0, 150000, 57, true, 724858640, 0, 89590792
0, 0, 150000, 58, true, 727293088, 0, 89630352
0, 0, 150000, 59, true, 797773339, 0, 89573160
0, 0, 150000, 60, true, 726279395, 0, 0
0, 0, 150000, 61, true, 727886829, 0, 89558272
0, 0, 150000, 62, true, 725798365, 0, 89621064
0, 0, 150000, 63, true, 725053031, 0, 89628432
0, 0, 150000, 64, true, 730570915, 0, 89602248
0, 0, 150000, 65, true, 731264546, 0, 89626640
0, 0, 150000, 66, true, 727021838, 0, 89578528
0, 0, 150000, 67, true, 725817141, 0, 89622136
0, 0, 150000, 68, true, 742733345, 0, 89634944
0, 0, 150000, 69, true, 755394399, 0, 89575184
0, 0, 150000, 70, true, 790164538, 0, 89563696
0, 0, 150000, 71, true, 734421301, 0, 89620312
0, 0, 150000, 72, true, 723882396, 0, 89616176
0, 0, 150000, 73, true, 730260465, 0, 89573936
0, 0, 150000, 74, true, 729948046, 0, 89581272
0, 0, 150000, 75, true, 725367120, 0, 89578320
0, 0, 150000, 76, true, 730832622, 0, 1530587176
0, 0, 150000, 77, true, 724719635, 0, 89575024
0, 0, 150000, 78, true, 728894074, 0, 89557176
0, 0, 150000, 79, true, 725342154, 0, 1530381040
0, 0, 150000, 80, true, 723641452, 0, 89613472
0, 0, 150000, 81, true, 727865111, 0, 1529846896
0, 0, 150000, 82, true, 724137969, 0, 1529973568
0, 0, 150000, 83, true, 726491967, 0, 1530621032
0, 0, 150000, 84, true, 727096173, 0, 89607536
0, 0, 150000, 85, true, 724650667, 0, 89596616
0, 0, 150000, 86, true, 727256657, 0, 89634296
0, 0, 150000, 87, true, 728462391, 0, 1529366728
0, 0, 150000, 88, true, 725326786, 0, 1529869600
0, 0, 150000, 89, true, 730921397, 0, 89603880
0, 0, 150000, 90, true, 724348261, 0, 89590384
0, 0, 150000, 91, true, 725319726, 0, 89597328
0, 0, 150000, 92, true, 725967925, 0, 89590608
0, 0, 150000, 93, true, 726743120, 0, 89628272
0, 0, 150000, 94, true, 728449082, 0, 89597328
0, 0, 150000, 95, true, 725287018, 0, 89594856
0, 0, 150000, 96, true, 724835921, 0, 1529987752
0, 0, 150000, 97, true, 725383698, 0, 89567776
0, 0, 150000, 98, true, 726877714, 0, 1530385648
0, 0, 150000, 99, true, 727121619, 0, 89571112
0, 0, 200000, 0, true, 1197796332, 0, 1546330008
0, 0, 200000, 1, true, 1175210247, 0, 2134512728
0, 0, 200000, 2, true, 1182222390, 0, 2174433648
0, 0, 200000, 3, true, 1174753465, 0, 2188427192
0, 0, 200000, 4, true, 1209515215, 0, 1786430448
0, 0, 200000, 5, true, 1202673518, 0, 1882897928
0, 0, 200000, 6, true, 970816878, 0, 94739336
0, 0, 200000, 7, true, 966965698, 0, 98464272
0, 0, 200000, 8, true, 966508352, 0, 1898589752
0, 0, 200000, 9, true, 972123801, 0, 98277344
0, 0, 200000, 10, true, 965971719, 0, 98228544
0, 0, 200000, 11, true, 967252709, 0, 98182872
0, 0, 200000, 12, true, 973854251, 0, 98138912
0, 0, 200000, 13, true, 970564954, 0, 98122984
0, 0, 200000, 14, true, 967495989, 0, 1899863552
0, 0, 200000, 15, true, 966856141, 0, 98141440
0, 0, 200000, 16, true, 973691818, 0, 98169248
0, 0, 200000, 17, true, 967318907, 0, 1897899616
0, 0, 200000, 18, true, 966210596, 0, 98170280
0, 0, 200000, 19, true, 972353214, 0, 1900425152
0, 0, 200000, 20, true, 968773477, 0, 98165360
0, 0, 200000, 21, true, 968752924, 0, 98170888
0, 0, 200000, 22, true, 968863858, 0, 98074592
0, 0, 200000, 23, true, 966639828, 0, 98066448
0, 0, 200000, 24, true, 968077962, 0, 98105776
0, 0, 200000, 25, true, 969017748, 0, 98120872
0, 0, 200000, 26, true, 968014807, 0, 98128840
0, 0, 200000, 27, true, 969416020, 0, 1900391648
0, 0, 200000, 28, true, 968972679, 0, 98107712
0, 0, 200000, 29, true, 971193326, 0, 98105328
0, 0, 200000, 30, true, 968321647, 0, 98064728
0, 0, 200000, 31, true, 966224170, 0, 98132712
0, 0, 200000, 32, true, 974118548, 0, 98136872
0, 0, 200000, 33, true, 966483070, 0, 98071120
0, 0, 200000, 34, true, 969145641, 0, 98177344
0, 0, 200000, 35, true, 965206680, 0, 98131120
0, 0, 200000, 36, true, 965673876, 0, 98143888
0, 0, 200000, 37, true, 969214949, 0, 1897872408
0, 0, 200000, 38, true, 971669991, 0, 98107488
0, 0, 200000, 39, true, 965990061, 0, 98131184
0, 0, 200000, 40, true, 965772291, 0, 98120272
0, 0, 200000, 41, true, 966573837, 0, 98124312
0, 0, 200000, 42, true, 966400471, 0, 1899783384
0, 0, 200000, 43, true, 968514791, 0, 98110960
0, 0, 200000, 44, true, 965947101, 0, 98105712
0, 0, 200000, 45, true, 965712844, 0, 98059536
0, 0, 200000, 46, true, 969211103, 0, 98097616
0, 0, 200000, 47, true, 967379339, 0, 1900414984
0, 0, 200000, 48, true, 966699101, 0, 98152816
0, 0, 200000, 49, true, 967152453, 0, 98078200
0, 0, 200000, 50, true, 970913327, 0, 98132888
0, 0, 200000, 51, true, 972679685, 0, 1900410232
0, 0, 200000, 52, true, 969415980, 0, 1899997680
0, 0, 200000, 53, true, 965438553, 0, 98069832
0, 0, 200000, 54, true, 967347980, 0, 98126544
0, 0, 200000, 55, true, 965624783, 0, 98146680
0, 0, 200000, 56, true, 974452553, 0, 98138552
0, 0, 200000, 57, true, 965686826, 0, 98133520
0, 0, 200000, 58, true, 966888146, 0, 1899742024
0, 0, 200000, 59, true, 968595676, 0, 1900427344
0, 0, 200000, 60, true, 966205222, 0, 98092040
0, 0, 200000, 61, true, 972098360, 0, 1897847440
0, 0, 200000, 62, true, 968561187, 0, 98131152
0, 0, 200000, 63, true, 972266290, 0, 98114952
0, 0, 200000, 64, true, 965516786, 0, 1899979304
0, 0, 200000, 65, true, 971433526, 0, 1897884992
0, 0, 200000, 66, true, 965258580, 0, 1899819000
0, 0, 200000, 67, true, 968995703, 0, 98140912
0, 0, 200000, 68, true, 966358799, 0, 98121928
0, 0, 200000, 69, true, 973047794, 0, 98114072
0, 0, 200000, 70, true, 967456968, 0, 1899790472
0, 0, 200000, 71, true, 968539712, 0, 98161832
0, 0, 200000, 72, true, 971203888, 0, 1900001648
0, 0, 200000, 73, true, 968111150, 0, 1899757456
0, 0, 200000, 74, true, 968424600, 0, 98083248
0, 0, 200000, 75, true, 973454911, 0, 1900380464
0, 0, 200000, 76, true, 973778119, 0, 98091040
0, 0, 200000, 77, true, 969222963, 0, 98042776
0, 0, 200000, 78, true, 968334301, 0, 1899695592
0, 0, 200000, 79, true, 968190489, 0, 98080352
0, 0, 200000, 80, true, 968944132, 0, 1899944216
0, 0, 200000, 81, true, 967253661, 0, 98053064
0, 0, 200000, 82, true, 965983316, 0, 1899718648
0, 0, 200000, 83, true, 966633620, 0, 1900365832
0, 0, 200000, 84, true, 973311081, 0, 98067568
0, 0, 200000, 85, true, 973570504, 0, 1897819040
0, 0, 200000, 86, true, 974604432, 0, 98081648
0, 0, 200000, 87, true, 967875374, 0, 1900364896
0, 0, 200000, 88, true, 965825771, 0, 1899943648
0, 0, 200000, 89, true, 964390444, 0, 98059800
0, 0, 200000, 90, true, 965698471, 0, 1899722864
0, 0, 200000, 91, true, 965674808, 0, 98083024
0, 0, 200000, 92, true, 968426815, 0, 98067872
0, 0, 200000, 93, true, 972062327, 0, 98076160
0, 0, 200000, 94, true, 965801340, 0, 98049272
0, 0, 200000, 95, true, 967104255, 0, 1900376520
0, 0, 200000, 96, true, 966392594, 0, 1899980992
0, 0, 200000, 97, true, 964385762, 0, 98075952
0, 0, 200000, 98, true, 965678041, 0, 98063648
0, 0, 200000, 99, true, 967292781, 0, 98022208
0, 0, 250000, 0, true, 1572231181, 0, 1982949048
0, 0, 250000, 1, true, 1606216576, 0, 2741584024
0, 0, 250000, 2, true, 1565230203, 0, 2819112016
0, 0, 250000, 3, true, 1206538274, 0, 104778352
0, 0, 250000, 4, true, 1197556181, 0, 2232720072
0, 0, 250000, 5, true, 1202764222, 0, 105203784
0, 0, 250000, 6, true, 1205517484, 0, 2232369264
0, 0, 250000, 7, true, 1201457650, 0, 2232343656
0, 0, 250000, 8, true, 1200069669, 0, 105053200
0, 0, 250000, 9, true, 1202843346, 0, 104993440
0, 0, 250000, 10, true, 1204671169, 0, 104977320
0, 0, 250000, 11, true, 1200437402, 0, 104924672
0, 0, 250000, 12, true, 1206945202, 0, 105006864
0, 0, 250000, 13, true, 1207936860, 0, 104980032
0, 0, 250000, 14, true, 1208404429, 0, 105008960
0, 0, 250000, 15, true, 1204210104, 0, 105021480
0, 0, 250000, 16, true, 1197133928, 0, 104984176
0, 0, 250000, 17, true, 1198343387, 0, 105035520
0, 0, 250000, 18, true, 1199752274, 0, 105011288
0, 0, 250000, 19, true, 1201017788, 0, 105013080
0, 0, 250000, 20, true, 1203597516, 0, 104939160
0, 0, 250000, 21, true, 1200702939, 0, 2233219712
0, 0, 250000, 22, true, 1199991945, 0, 2234054528
0, 0, 250000, 23, true, 1206048457, 0, 105002976
0, 0, 250000, 24, true, 1204508814, 0, 104976624
0, 0, 250000, 25, true, 1199449544, 0, 104978432
0, 0, 250000, 26, true, 1197920921, 0, 104970488
0, 0, 250000, 27, true, 1198945555, 0, 105009576
0, 0, 250000, 28, true, 1206555685, 0, 104991864
0, 0, 250000, 29, true, 1207795034, 0, 104972488
0, 0, 250000, 30, true, 1199956867, 0, 104976952
0, 0, 250000, 31, true, 1197672395, 0, 104930952
0, 0, 250000, 32, true, 1197684127, 0, 104926664
0, 0, 250000, 33, true, 1209858956, 0, 104933608
0, 0, 250000, 34, true, 1201263089, 0, 104931208
0, 0, 250000, 35, true, 1202751773, 0, 104955912
0, 0, 250000, 36, true, 1197125812, 0, 104958104
0, 0, 250000, 37, true, 1201928388, 0, 2234029896
0, 0, 250000, 38, true, 1209710403, 0, 2233022928
0, 0, 250000, 39, true, 1202317271, 0, 104958200
0, 0, 250000, 40, true, 1198501696, 0, 104909192
0, 0, 250000, 41, true, 1208611227, 0, 104986856
0, 0, 250000, 42, true, 1199180574, 0, 104960496
0, 0, 250000, 43, true, 1198746683, 0, 2234031488
0, 0, 250000, 44, true, 1199118681, 0, 104957680
0, 0, 250000, 45, true, 1205155410, 0, 104944504
0, 0, 250000, 46, true, 1199711799, 0, 2234018232
0, 0, 250000, 47, true, 1199156933, 0, 104934072
0, 0, 250000, 48, true, 1200364957, 0, 104900800
0, 0, 250000, 49, true, 1196611111, 0, 104939608
0, 0, 250000, 50, true, 1210641168, 0, 104960104
0, 0, 250000, 51, true, 1198700787, 0, 104933720
0, 0, 250000, 52, true, 1199163030, 0, 2234019680
0, 0, 250000, 53, true, 1200896147, 0, 104927432
0, 0, 250000, 54, true, 1200817866, 0, 2233207672
0, 0, 250000, 55, true, 1203962516, 0, 2234014752
0, 0, 250000, 56, true, 1207116945, 0, 104965640
0, 0, 250000, 57, true, 1203488162, 0, 104970016
0, 0, 250000, 58, true, 1206441983, 0, 104971800
0, 0, 250000, 59, true, 1209209208, 0, 2233030648
0, 0, 250000, 60, true, 1204117506, 0, 2233226488
0, 0, 250000, 61, true, 1198255104, 0, 2234039208
0, 0, 250000, 62, true, 1206937286, 0, 104910992
0, 0, 250000, 63, true, 1201160232, 0, 104972440
0, 0, 250000, 64, true, 1202369886, 0, 104985360
0, 0, 250000, 65, true, 1205213457, 0, 2233032536
0, 0, 250000, 66, true, 1203213739, 0, 104985504
0, 0, 250000, 67, true, 1199355665, 0, 104966056
0, 0, 250000, 68, true, 1207863025, 0, 104979408
0, 0, 250000, 69, true, 1203056826, 0, 2233218664
0, 0, 250000, 70, true, 1198841410, 0, 2234047264
0, 0, 250000, 71, true, 1206529045, 0, 2233038648
0, 0, 250000, 72, true, 1198769570, 0, 104968912
0, 0, 250000, 73, true, 1197043275, 0, 2234071832
0, 0, 250000, 74, true, 1207685922, 0, 2233033072
0, 0, 250000, 75, true, 1203364583, 0, 2233230416
0, 0, 250000, 76, true, 1208204543, 0, 104944416
0, 0, 250000, 77, true, 1201469223, 0, 2233017832
0, 0, 250000, 78, true, 1208739746, 0, 105004096
0, 0, 250000, 79, true, 1202595732, 0, 105010976
0, 0, 250000, 80, true, 1198675794, 0, 104933584
0, 0, 250000, 81, true, 1199641673, 0, 2233212528
0, 0, 250000, 82, true, 1203415350, 0, 104974096
0, 0, 250000, 83, true, 1198634361, 0, 104963784
0, 0, 250000, 84, true, 1203041399, 0, 104961984
0, 0, 250000, 85, true, 1198846393, 0, 104933088
0, 0, 250000, 86, true, 1205973075, 0, 104966264
0, 0, 250000, 87, true, 1206803407, 0, 104937592
0, 0, 250000, 88, true, 1208139131, 0, 2234020144
0, 0, 250000, 89, true, 1197074449, 0, 104937552
0, 0, 250000, 90, true, 1210192783, 0, 104934192
0, 0, 250000, 91, true, 1201386579, 0, 104964048
0, 0, 250000, 92, true, 1199985384, 0, 104960184
0, 0, 250000, 93, true, 1206725631, 0, 2233220840
0, 0, 250000, 94, true, 1201565630, 0, 104968376
0, 0, 250000, 95, true, 1197541604, 0, 104956112
0, 0, 250000, 96, true, 1199610838, 0, 2233222472
0, 0, 250000, 97, true, 1199110197, 0, 104970600
0, 0, 250000, 98, true, 1204567398, 0, 2233024056
0, 0, 250000, 99, true, 1200823488, 0, 104963712
0, 0, 300000, 0, true, 1895409568, 0, 2336855032
0, 0, 300000, 1, true, 1939191699, 0, 3257638192
0, 0, 300000, 2, true, 1427544817, 0, 1706773648
0, 0, 300000, 3, true, 1440061365, 0, 2608840896
0, 0, 300000, 4, true, 1430906985, 0, 111083640
0, 0, 300000, 5, true, 1433049777, 0, 110833136
0, 0, 300000, 6, true, 1439761894, 0, 110778648
0, 0, 300000, 7, true, 1441054858, 0, 2627315440
0, 0, 300000, 8, true, 1428688026, 0, 110861360
0, 0, 300000, 9, true, 1442500735, 0, 2608578152
0, 0, 300000, 10, true, 1434533099, 0, 110800432
0, 0, 300000, 11, true, 1430103734, 0, 110742720
0, 0, 300000, 12, true, 1431775045, 0, 0
0, 0, 300000, 13, true, 1432138151, 0, 2609282352
0, 0, 300000, 14, true, 1429306226, 0, 110718568
0, 0, 300000, 15, true, 1429981809, 0, 110709296
0, 0, 300000, 16, true, 1423913626, 0, 110703208
0, 0, 300000, 17, true, 1435211446, 0, 110733328
0, 0, 300000, 18, true, 1426337624, 0, 110707600
0, 0, 300000, 19, true, 1434199976, 0, 110663704
0, 0, 300000, 20, true, 1432433643, 0, 110727904
0, 0, 300000, 21, true, 1432002290, 0, 2608798872
0, 0, 300000, 22, true, 1432237190, 0, 2608798112
0, 0, 300000, 23, true, 1428882583, 0, 110676528
0, 0, 300000, 24, true, 1428265805, 0, 110727368
0, 0, 300000, 25, true, 1436620328, 0, 110696728
0, 0, 300000, 26, true, 1429872603, 0, 110725336
0, 0, 300000, 27, true, 1437404292, 0, 110705248
0, 0, 300000, 28, true, 1438578112, 0, 110675192
0, 0, 300000, 29, true, 1432369205, 0, 110664160
0, 0, 300000, 30, true, 1428594043, 0, 2608785104
0, 0, 300000, 31, true, 1429943076, 0, 2608804328
0, 0, 300000, 32, true, 1431505941, 0, 110731936
0, 0, 300000, 33, true, 1439282788, 0, 110698928
0, 0, 300000, 34, true, 1429631033, 0, 110704104
0, 0, 300000, 35, true, 1433973365, 0, 2608786384
0, 0, 300000, 36, true, 1428317771, 0, 110730592
0, 0, 300000, 37, true, 1428531111, 0, 110730640
0, 0, 300000, 38, true, 1430954718, 0, 2608798904
0, 0, 300000, 39, true, 1428500933, 0, 2608800400
0, 0, 300000, 40, true, 1437144317, 0, 2608762760
0, 0, 300000, 41, true, 1433492086, 0, 110684264
0, 0, 300000, 42, true, 1431256573, 0, 110778552
0, 0, 300000, 43, true, 1430506862, 0, 110675968
0, 0, 300000, 44, true, 1440245924, 0, 2608794248
0, 0, 300000, 45, true, 1439471419, 0, 110708536
0, 0, 300000, 46, true, 1433200632, 0, 110676680
0, 0, 300000, 47, true, 1428796528, 0, 110665608
0, 0, 300000, 48, true, 1432924410, 0, 2608787176
0, 0, 300000, 49, true, 1439812089, 0, 2608802064
0, 0, 300000, 50, true, 1426436166, 0, 110729152
0, 0, 300000, 51, true, 1427146995, 0, 2608798864
0, 0, 300000, 52, true, 1438902769, 0, 110754280
0, 0, 300000, 53, true, 1440032706, 0, 110706752
0, 0, 300000, 54, true, 1428263322, 0, 110735312
0, 0, 300000, 55, true, 1433813949, 0, 2608791640
0, 0, 300000, 56, true, 1431243316, 0, 2608804104
0, 0, 300000, 57, true, 1437309189, 0, 110680144
0, 0, 300000, 58, true, 1430363813, 0, 110735272
0, 0, 300000, 59, true, 1426845073, 0, 110720192
0, 0, 300000, 60, true, 1432511695, 0, 110734200
0, 0, 300000, 61, true, 1439337187, 0, 2608819368
0, 0, 300000, 62, true, 1429802394, 0, 110736312
0, 0, 300000, 63, true, 1435967332, 0, 2608803880
0, 0, 300000, 64, true, 1431960453, 0, 2608806120
0, 0, 300000, 65, true, 1442147780, 0, 110767032
0, 0, 300000, 66, true, 1430889458, 0, 110736768
0, 0, 300000, 67, true, 1432713841, 0, 110747392
0, 0, 300000, 68, true, 1431808896, 0, 110721008
0, 0, 300000, 69, true, 1431204450, 0, 2608794016
0, 0, 300000, 70, true, 1439976593, 0, 110729440
0, 0, 300000, 71, true, 1430068374, 0, 110624440
0, 0, 300000, 72, true, 1429640734, 0, 110651120
0, 0, 300000, 73, true, 1441692014, 0, 2608753528
0, 0, 300000, 74, true, 1428529598, 0, 110596176
0, 0, 300000, 75, true, 1427735445, 0, 110681920
0, 0, 300000, 76, true, 1432742463, 0, 110649192
0, 0, 300000, 77, true, 1429937447, 0, 2608719848
0, 0, 300000, 78, true, 1440101928, 0, 110651360
0, 0, 300000, 79, true, 1429934117, 0, 110651424
0, 0, 300000, 80, true, 1427960337, 0, 110620856
0, 0, 300000, 81, true, 1429322676, 0, 2608726144
0, 0, 300000, 82, true, 1429356889, 0, 2608683992
0, 0, 300000, 83, true, 1426629997, 0, 110614648
0, 0, 300000, 84, true, 1438468715, 0, 110615320
0, 0, 300000, 85, true, 1434266716, 0, 2608691816
0, 0, 300000, 86, true, 1438227548, 0, 2608707280
0, 0, 300000, 87, true, 1439082138, 0, 110582696
0, 0, 300000, 88, true, 1428429407, 0, 110571616
0, 0, 300000, 89, true, 1429573109, 0, 110649864
0, 0, 300000, 90, true, 1432997400, 0, 110564624
0, 0, 300000, 91, true, 1427753198, 0, 110588048
0, 0, 300000, 92, true, 1430754834, 0, 110627200
0, 0, 300000, 93, true, 1441739827, 0, 2608676928
0, 0, 300000, 94, true, 1437127577, 0, 110574296
0, 0, 300000, 95, true, 1429662403, 0, 110621088
0, 0, 300000, 96, true, 1428620989, 0, 2608728312
0, 0, 300000, 97, true, 1434825536, 0, 110629504
0, 0, 300000, 98, true, 1427218847, 0, 110596192
0, 0, 300000, 99, true, 1428213154, 0, 110654256
0, 0, 350000, 0, true, 2194646622, 0, 2626890408
0, 0, 350000, 1, true, 2224165390, 0, 3695191984
0, 0, 350000, 2, true, 2026916768, 0, 3381037848
0, 0, 350000, 3, true, 1789482979, 0, 2836259080
0, 0, 350000, 4, true, 1811804681, 0, 2031677128
0, 0, 350000, 5, true, 1809826443, 0, 2068903264
0, 0, 350000, 6, true, 1814911693, 0, 2121330264
0, 0, 350000, 7, true, 1834920387, 0, 2172187480
0, 0, 350000, 8, true, 1809054970, 0, 2101927696
0, 0, 350000, 9, true, 1830092555, 0, 2160129568
0, 0, 350000, 10, true, 1815882518, 0, 2113435184
0, 0, 350000, 11, true, 1833663973, 0, 2174766344
0, 0, 350000, 12, true, 1812523269, 0, 2111329480
0, 0, 350000, 13, true, 1829162935, 0, 2174245368
0, 0, 350000, 14, true, 1820369830, 0, 2112868984
0, 0, 350000, 15, true, 1830558451, 0, 2175781784
0, 0, 350000, 16, true, 1817301529, 0, 2112911216
0, 0, 350000, 17, true, 1829885150, 0, 2176940704
0, 0, 350000, 18, true, 1823042021, 0, 2112392496
0, 0, 350000, 19, true, 1850093247, 0, 2176383896
0, 0, 350000, 20, true, 1831004607, 0, 2113427896
0, 0, 350000, 21, true, 1841376743, 0, 2176908280
0, 0, 350000, 22, true, 1816131579, 0, 2112945192
0, 0, 350000, 23, true, 1840156551, 0, 2176843960
0, 0, 350000, 24, true, 1811964021, 0, 2112904776
0, 0, 350000, 25, true, 1846419646, 0, 2176911344
0, 0, 350000, 26, true, 1823151256, 0, 2112945144
0, 0, 350000, 27, true, 1828664592, 0, 2176911488
0, 0, 350000, 28, true, 1818983578, 0, 2112917440
0, 0, 350000, 29, true, 1833391552, 0, 2176911584
0, 0, 350000, 30, true, 1815465148, 0, 2112947880
0, 0, 350000, 31, true, 1842864053, 0, 2176869896
0, 0, 350000, 32, true, 1823053155, 0, 2112870168
0, 0, 350000, 33, true, 1834523003, 0, 2176910352
0, 0, 350000, 34, true, 1815948336, 0, 2112942504
0, 0, 350000, 35, true, 1830501017, 0, 2176910736
0, 0, 350000, 36, true, 1815005691, 0, 2112915072
0, 0, 350000, 37, true, 1830096162, 0, 2176909416
0, 0, 350000, 38, true, 1814228443, 0, 2112946880
0, 0, 350000, 39, true, 1842516023, 0, 2176888568
0, 0, 350000, 40, true, 1811966429, 0, 2112915168
0, 0, 350000, 41, true, 1830384386, 0, 2176834824
0, 0, 350000, 42, true, 1815597253, 0, 2112947936
0, 0, 350000, 43, true, 1838669653, 0, 2176911120
0, 0, 350000, 44, true, 1811387039, 0, 2112947176
0, 0, 350000, 45, true, 1835557357, 0, 2176904008
0, 0, 350000, 46, true, 1820994040, 0, 2112947512
0, 0, 350000, 47, true, 1834615510, 0, 2176908048
0, 0, 350000, 48, true, 1818045555, 0, 2112938536
0, 0, 350000, 49, true, 1839285010, 0, 2176880064
0, 0, 350000, 50, true, 1815012905, 0, 2112876192
0, 0, 350000, 51, true, 1837189545, 0, 2176828264
0, 0, 350000, 52, true, 1800416209, 0, 2112940472
0, 0, 350000, 53, true, 1835133819, 0, 2176828360
0, 0, 350000, 54, true, 1824094168, 0, 2112937816
0, 0, 350000, 55, true, 1831710486, 0, 2176905168
0, 0, 350000, 56, true, 1826097519, 0, 2112919592
0, 0, 350000, 57, true, 1836275915, 0, 2176873568
0, 0, 350000, 58, true, 1823554368, 0, 2112943248
0, 0, 350000, 59, true, 1837333723, 0, 2176905360
0, 0, 350000, 60, true, 1815899293, 0, 2112876704
0, 0, 350000, 61, true, 1835321766, 0, 2176905456
0, 0, 350000, 62, true, 1813753229, 0, 2112876800
0, 0, 350000, 63, true, 1839392595, 0, 2176904136
0, 0, 350000, 64, true, 1821738996, 0, 2112875480
0, 0, 350000, 65, true, 1834585162, 0, 2176905760
0, 0, 350000, 66, true, 1811374723, 0, 2112877248
0, 0, 350000, 67, true, 1830508207, 0, 2176863648
0, 0, 350000, 68, true, 1812981809, 0, 2112909312
0, 0, 350000, 69, true, 1825712645, 0, 2176905512
0, 0, 350000, 70, true, 1892050033, 0, 2112941192
0, 0, 350000, 71, true, 1832044243, 0, 2176913672
0, 0, 350000, 72, true, 1811826842, 0, 2112942520
0, 0, 350000, 73, true, 1836020800, 0, 2176906320
0, 0, 350000, 74, true, 1839975532, 0, 2112912400
0, 0, 350000, 75, true, 1838581902, 0, 2176908352
0, 0, 350000, 76, true, 1832901953, 0, 2112900944
0, 0, 350000, 77, true, 1847786800, 0, 2176866064
0, 0, 350000, 78, true, 1946819276, 0, 2112934936
0, 0, 350000, 79, true, 1841904465, 0, 2176863384
0, 0, 350000, 80, true, 1835216444, 0, 2112942656
0, 0, 350000, 81, true, 1845121847, 0, 2176902176
0, 0, 350000, 82, true, 1822508629, 0, 2112939088
0, 0, 350000, 83, true, 1835518672, 0, 2176869472
0, 0, 350000, 84, true, 1832056443, 0, 2112901736
0, 0, 350000, 85, true, 1832995795, 0, 2176939048
0, 0, 350000, 86, true, 1817248654, 0, 2112867096
0, 0, 350000, 87, true, 1841059977, 0, 2176874224
0, 0, 350000, 88, true, 1822242000, 0, 2112867192
0, 0, 350000, 89, true, 1845899274, 0, 2176865112
0, 0, 350000, 90, true, 1816039301, 0, 2112943952
0, 0, 350000, 91, true, 1827856643, 0, 2176843536
0, 0, 350000, 92, true, 1810833190, 0, 2112904056
0, 0, 350000, 93, true, 1841671989, 0, 2176830568
0, 0, 350000, 94, true, 1824175067, 0, 2112943328
0, 0, 350000, 95, true, 1834862842, 0, 2176897760
0, 0, 350000, 96, true, 1814658836, 0, 2112902288
0, 0, 350000, 97, true, 1841233688, 0, 2176907000
0, 0, 350000, 98, true, 1830679584, 0, 2112878488
0, 0, 350000, 99, true, 1821401947, 0, 2176831144
0, 0, 400000, 0, true, 2045318463, 0, 2112897848
0, 0, 400000, 1, true, 2049991049, 0, 2176869368
0, 0, 400000, 2, true, 2073371170, 0, 2260263224
0, 0, 400000, 3, true, 2081453860, 0, 2311643248
0, 0, 400000, 4, true, 2060919360, 0, 2218320896
0, 0, 400000, 5, true, 2090891170, 0, 2277540704
0, 0, 400000, 6, true, 2062914646, 0, 2227758176
0, 0, 400000, 7, true, 2078007398, 0, 2286926056
0, 0, 400000, 8, true, 2070306359, 0, 2224087496
0, 0, 400000, 9, true, 2078587411, 0, 2283332848
0, 0, 400000, 10, true, 2076966278, 0, 2225622448
0, 0, 400000, 11, true, 2076195324, 0, 2284897776
0, 0, 400000, 12, true, 2071758698, 0, 2225631944
0, 0, 400000, 13, true, 2079763350, 0, 2284330488
0, 0, 400000, 14, true, 2060817518, 0, 2224571992
0, 0, 400000, 15, true, 2089572050, 0, 2283815832
0, 0, 400000, 16, true, 2057070518, 0, 2225613984
0, 0, 400000, 17, true, 2092868347, 0, 2284367200
0, 0, 400000, 18, true, 2066833453, 0, 2224528520
0, 0, 400000, 19, true, 2086276371, 0, 2283772968
0, 0, 400000, 20, true, 2067533344, 0, 2225620992
0, 0, 400000, 21, true, 2083052955, 0, 2284341264
0, 0, 400000, 22, true, 2066641282, 0, 2224528568
0, 0, 400000, 23, true, 2082829297, 0, 2283809896
0, 0, 400000, 24, true, 2077524356, 0, 2225685864
0, 0, 400000, 25, true, 2082056359, 0, 2284307832
0, 0, 400000, 26, true, 2067909225, 0, 2224528760
0, 0, 400000, 27, true, 2088842644, 0, 2283816432
0, 0, 400000, 28, true, 2067964163, 0, 2225619528
0, 0, 400000, 29, true, 2087057842, 0, 2284337152
0, 0, 400000, 30, true, 2064002333, 0, 2224596048
0, 0, 400000, 31, true, 2082063401, 0, 2283808280
0, 0, 400000, 32, true, 2069664870, 0, 2225656272
0, 0, 400000, 33, true, 2085014165, 0, 2284367712
0, 0, 400000, 34, true, 2059687878, 0, 2224529720
0, 0, 400000, 35, true, 2079725509, 0, 2283817400
0, 0, 400000, 36, true, 2071973612, 0, 2225687256
0, 0, 400000, 37, true, 2077788327, 0, 2284343960
0, 0, 400000, 38, true, 2062754513, 0, 2224575792
0, 0, 400000, 39, true, 2079301077, 0, 2283851360
0, 0, 400000, 40, true, 2061060070, 0, 2225628792
0, 0, 400000, 41, true, 2073693984, 0, 2284300552
0, 0, 400000, 42, true, 2068324539, 0, 2224531768
0, 0, 400000, 43, true, 2082427895, 0, 2283811096
0, 0, 400000, 44, true, 2084454172, 0, 2225656536
0, 0, 400000, 45, true, 2084880643, 0, 2284354600
0, 0, 400000, 46, true, 2060256351, 0, 2224542488
0, 0, 400000, 47, true, 2069686286, 0, 2283853264
0, 0, 400000, 48, true, 2065167695, 0, 2225657480
0, 0, 400000, 49, true, 2082302610, 0, 2284334456
0, 0, 400000, 50, true, 2061461024, 0, 2224609408
0, 0, 400000, 51, true, 2105888131, 0, 2283815056
0, 0, 400000, 52, true, 2072820356, 0, 2225424104
0, 0, 400000, 53, true, 2077648063, 0, 2284076128
0, 0, 400000, 54, true, 2051806054, 0, 2224306488
0, 0, 400000, 55, true, 2078642095, 0, 2283518552
0, 0, 400000, 56, true, 2074988411, 0, 2225312312
0, 0, 400000, 57, true, 2083539309, 0, 2283999608
0, 0, 400000, 58, true, 2059112381, 0, 2224264344
0, 0, 400000, 59, true, 2082718264, 0, 2283475416
0, 0, 400000, 60, true, 2066246736, 0, 2225279496
0, 0, 400000, 61, true, 2100087920, 0, 2284043744
0, 0, 400000, 62, true, 2059910793, 0, 2224274928
0, 0, 400000, 63, true, 2082362393, 0, 2283475608
0, 0, 400000, 64, true, 2070949335, 0, 2225356400
0, 0, 400000, 65, true, 2074844190, 0, 2284076848
0, 0, 400000, 66, true, 2074067416, 0, 2224308160
0, 0, 400000, 67, true, 2091380204, 0, 2283552768
0, 0, 400000, 68, true, 2078685572, 0, 2225356880
0, 0, 400000, 69, true, 2087092772, 0, 2284077184
0, 0, 400000, 70, true, 2067551287, 0, 2224275600
0, 0, 400000, 71, true, 2090538367, 0, 2283513016
0, 0, 400000, 72, true, 2065725621, 0, 2225356216
0, 0, 400000, 73, true, 2083639637, 0, 2284076520
0, 0, 400000, 74, true, 2062362149, 0, 2224242680
0, 0, 400000, 75, true, 2092402614, 0, 2283545976
0, 0, 400000, 76, true, 2071066881, 0, 2225389608
0, 0, 400000, 77, true, 2077231613, 0, 2284034376
0, 0, 400000, 78, true, 2059109565, 0, 2224308168
0, 0, 400000, 79, true, 2076719561, 0, 2283548328
0, 0, 400000, 80, true, 2068884811, 0, 2225390224
0, 0, 400000, 81, true, 2091632897, 0, 2284044992
0, 0, 400000, 82, true, 2081298762, 0, 2224243408
0, 0, 400000, 83, true, 2083684689, 0, 2283476856
0, 0, 400000, 84, true, 2061625138, 0, 2225282904
0, 0, 400000, 85, true, 2087607594, 0, 2284037912
0, 0, 400000, 86, true, 2079716413, 0, 2224275176
0, 0, 400000, 87, true, 2087251096, 0, 2283517928
0, 0, 400000, 88, true, 2095286740, 0, 2225389744
0, 0, 400000, 89, true, 2082284307, 0, 2284011712
0, 0, 400000, 90, true, 2068082501, 0, 2224341264
0, 0, 400000, 91, true, 2077325465, 0, 2283553952
0, 0, 400000, 92, true, 2062844468, 0, 2225357984
0, 0, 400000, 93, true, 2087512569, 0, 2284078304
0, 0, 400000, 94, true, 2066902844, 0, 2224267576
0, 0, 400000, 95, true, 2080621619, 0, 2283586056
0, 0, 400000, 96, true, 2066839602, 0, 2225358224
0, 0, 400000, 97, true, 2077643740, 0, 2284077816
0, 0, 400000, 98, true, 2062716870, 0, 2224276376
0, 0, 400000, 99, true, 2096247249, 0, 2283479752
0, 0, 450000, 0, true, 2263300132, 0, 2225341968
0, 0, 450000, 1, true, 2266619084, 0, 2284033704
0, 0, 450000, 2, true, 2300253209, 0, 2378415976
0, 0, 450000, 3, true, 2317044399, 0, 2426673856
0, 0, 450000, 4, true, 2284680732, 0, 2338527952
0, 0, 450000, 5, true, 2305674391, 0, 2393104736
0, 0, 450000, 6, true, 2284051748, 0, 2344902440
0, 0, 450000, 7, true, 2324504900, 0, 2399428200
0, 0, 450000, 8, true, 2292535017, 0, 2342215288
0, 0, 450000, 9, true, 2306602220, 0, 2396278896
0, 0, 450000, 10, true, 2287828498, 0, 2343847856
0, 0, 450000, 11, true, 2314457591, 0, 2398345016
0, 0, 450000, 12, true, 2297230636, 0, 2342766176
0, 0, 450000, 13, true, 2313609924, 0, 2396767928
0, 0, 450000, 14, true, 2297630356, 0, 2343253864
0, 0, 450000, 15, true, 2302998219, 0, 2397298704
0, 0, 450000, 16, true, 2287689179, 0, 2343253960
0, 0, 450000, 17, true, 2322825251, 0, 2397331528
0, 0, 450000, 18, true, 2299104365, 0, 2342805616
0, 0, 450000, 19, true, 2302843072, 0, 2397266048
0, 0, 450000, 20, true, 2289343014, 0, 2343289104
0, 0, 450000, 21, true, 2308699519, 0, 2397323824
0, 0, 450000, 22, true, 2282649695, 0, 2343323752
0, 0, 450000, 23, true, 2302749852, 0, 2397303808
0, 0, 450000, 24, true, 2285601819, 0, 2342775904
0, 0, 450000, 25, true, 2317230366, 0, 2397363688
0, 0, 450000, 26, true, 2289935991, 0, 2343330296
0, 0, 450000, 27, true, 2304456739, 0, 2397299208
0, 0, 450000, 28, true, 2284383188, 0, 2343254536
0, 0, 450000, 29, true, 2319851817, 0, 2397256248
0, 0, 450000, 30, true, 2292079222, 0, 2342807056
0, 0, 450000, 31, true, 2311861000, 0, 2397333344
0, 0, 450000, 32, true, 2286417379, 0, 2343301888
0, 0, 450000, 33, true, 2312460958, 0, 2397292424
0, 0, 450000, 34, true, 2295526714, 0, 2343332112
0, 0, 450000, 35, true, 2311305347, 0, 2397291848
0, 0, 450000, 36, true, 2306556720, 0, 2342766040
0, 0, 450000, 37, true, 2320940256, 0, 2397291944
0, 0, 450000, 38, true, 2284712348, 0, 2343331688
0, 0, 450000, 39, true, 2320279168, 0, 2397301248
0, 0, 450000, 40, true, 2286916870, 0, 2343299600
0, 0, 450000, 41, true, 2302682228, 0, 2397257400
0, 0, 450000, 42, true, 2298914335, 0, 2342808344
0, 0, 450000, 43, true, 2316397387, 0, 2397325000
0, 0, 450000, 44, true, 2299392354, 0, 2343332592
0, 0, 450000, 45, true, 2301422325, 0, 2397333440
0, 0, 450000, 46, true, 2296127475, 0, 2343255976
0, 0, 450000, 47, true, 2334164915, 0, 2397301768
0, 0, 450000, 48, true, 2286916060, 0, 2342808448
0, 0, 450000, 49, true, 2323009504, 0, 2397334496
0, 0, 450000, 50, true, 2286221946, 0, 2343332264
0, 0, 450000, 51, true, 2309703410, 0, 2397333936
0, 0, 450000, 52, true, 2293774018, 0, 2343327536
0, 0, 450000, 53, true, 2318698680, 0, 2397334688
0, 0, 450000, 54, true, 2295312811, 0, 2342776112
0, 0, 450000, 55, true, 2303997902, 0, 2397301984
0, 0, 450000, 56, true, 2285848817, 0, 2343302304
0, 0, 450000, 57, true, 2320406511, 0, 2397367032
0, 0, 450000, 58, true, 2295241117, 0, 2343269048
0, 0, 450000, 59, true, 2305473013, 0, 2397336056
0, 0, 450000, 60, true, 2283588723, 0, 2342809072
0, 0, 450000, 61, true, 2318112251, 0, 2397334216
0, 0, 450000, 62, true, 2291997586, 0, 2343333592
0, 0, 450000, 63, true, 2321690336, 0, 2397335168
0, 0, 450000, 64, true, 2295003308, 0, 2343269776
0, 0, 450000, 65, true, 2316602762, 0, 2397262280
0, 0, 450000, 66, true, 2289522133, 0, 2342736520
0, 0, 450000, 67, true, 2304524433, 0, 2397297472
0, 0, 450000, 68, true, 2296170971, 0, 2343338912
0, 0, 450000, 69, true, 2309999481, 0, 2397338712
0, 0, 450000, 70, true, 2292353313, 0, 2343304296
0, 0, 450000, 71, true, 2310307639, 0, 2397262712
0, 0, 450000, 72, true, 2291387936, 0, 2342770184
0, 0, 450000, 73, true, 2302574649, 0, 2397263384
0, 0, 450000, 74, true, 2292588159, 0, 2343297928
0, 0, 450000, 75, true, 2299712474, 0, 2397307624
0, 0, 450000, 76, true, 2297178458, 0, 2343311368
0, 0, 450000, 77, true, 2315731896, 0, 2397306904
0, 0, 450000, 78, true, 2290486442, 0, 2342775096
0, 0, 450000, 79, true, 2303913179, 0, 2397342144
0, 0, 450000, 80, true, 2287129279, 0, 2343340792
0, 0, 450000, 81, true, 2307565619, 0, 2397320320
0, 0, 450000, 82, true, 2307230824, 0, 2343264776
0, 0, 450000, 83, true, 2311431434, 0, 2397266488
0, 0, 450000, 84, true, 2290401455, 0, 2342783816
0, 0, 450000, 85, true, 2307143757, 0, 2397310664
0, 0, 450000, 86, true, 2294875574, 0, 2343340824
0, 0, 450000, 87, true, 2308518602, 0, 2397309760
0, 0, 450000, 88, true, 2290937757, 0, 2343341776
0, 0, 450000, 89, true, 2305256784, 0, 2397322080
0, 0, 450000, 90, true, 2283778278, 0, 2342821768
0, 0, 450000, 91, true, 2320500664, 0, 2397355112
0, 0, 450000, 92, true, 2293417612, 0, 2343346544
0, 0, 450000, 93, true, 2308712990, 0, 2397278360
0, 0, 450000, 94, true, 2286827347, 0, 2343311480
0, 0, 450000, 95, true, 2311859418, 0, 2397354312
0, 0, 450000, 96, true, 2288271333, 0, 2342795880
0, 0, 450000, 97, true, 2313130699, 0, 2397352248
0, 0, 450000, 98, true, 2297749748, 0, 2343277224
0, 0, 450000, 99, true, 2302652078, 0, 2397355648
0, 0, 500000, 0, true, 2520389814, 0, 2343274344
0, 0, 500000, 1, true, 2512076399, 0, 2397343976
0, 0, 500000, 2, true, 2546475856, 0, 2484867320
0, 0, 500000, 3, true, 2539317436, 0, 2525723736
0, 0, 500000, 4, true, 2517657475, 0, 2448134480
0, 0, 500000, 5, true, 2541275864, 0, 2498012664
0, 0, 500000, 6, true, 2521072053, 0, 2451799272
0, 0, 500000, 7, true, 2536226951, 0, 2501608520
0, 0, 500000, 8, true, 2523082376, 0, 2450261080
0, 0, 500000, 9, true, 2548397183, 0, 2500110624
0, 0, 500000, 10, true, 2533886652, 0, 2450302448
0, 0, 500000, 11, true, 2557406298, 0, 2500078896
0, 0, 500000, 12, true, 2520014039, 0, 2450270640
0, 0, 500000, 13, true, 2550384004, 0, 2500110200
0, 0, 500000, 14, true, 2527213784, 0, 2450827176
0, 0, 500000, 15, true, 2539165302, 0, 2500593096
0, 0, 500000, 16, true, 2532062905, 0, 2450303600
0, 0, 500000, 17, true, 2534018046, 0, 2500111144
0, 0, 500000, 18, true, 2533759580, 0, 2450271032
0, 0, 500000, 19, true, 2542680190, 0, 2500034392
0, 0, 500000, 20, true, 2524048483, 0, 2450270160
0, 0, 500000, 21, true, 2558019910, 0, 2500073384
0, 0, 500000, 22, true, 2548531905, 0, 2450827320
0, 0, 500000, 23, true, 2538810200, 0, 2500635536
0, 0, 500000, 24, true, 2515002882, 0, 2450275024
0, 0, 500000, 25, true, 2534480483, 0, 2500071672
0, 0, 500000, 26, true, 2538329816, 0, 2450263896
0, 0, 500000, 27, true, 2533808790, 0, 2500113408
0, 0, 500000, 28, true, 2517604804, 0, 2450797952
0, 0, 500000, 29, true, 2526540671, 0, 2500636376
0, 0, 500000, 30, true, 2527696868, 0, 2450305576
0, 0, 500000, 31, true, 2553338192, 0, 2500112744
0, 0, 500000, 32, true, 2534137342, 0, 2450272904
0, 0, 500000, 33, true, 2554433944, 0, 2500113984
0, 0, 500000, 34, true, 2519507455, 0, 2450230248
0, 0, 500000, 35, true, 2530017942, 0, 2500071984
0, 0, 500000, 36, true, 2544388186, 0, 2451313216
0, 0, 500000, 37, true, 2529418369, 0, 2500562040
0, 0, 500000, 38, true, 2525639476, 0, 2450787816
0, 0, 500000, 39, true, 2547737726, 0, 2500562136
0, 0, 500000, 40, true, 2533805537, 0, 2450307200
0, 0, 500000, 41, true, 2552372511, 0, 2500049040
0, 0, 500000, 42, true, 2538280128, 0, 2450302296
0, 0, 500000, 43, true, 2538620822, 0, 2500087464
0, 0, 500000, 44, true, 2525225138, 0, 2451289832
0, 0, 500000, 45, true, 2545504897, 0, 2500639136
0, 0, 500000, 46, true, 2523477058, 0, 2450831792
0, 0, 500000, 47, true, 2535092658, 0, 2500638472
0, 0, 500000, 48, true, 2531000713, 0, 2450268048
0, 0, 500000, 49, true, 2532032596, 0, 2500114176
0, 0, 500000, 50, true, 2534461022, 0, 2450307072
0, 0, 500000, 51, true, 2529965697, 0, 2500082032
0, 0, 500000, 52, true, 2518052299, 0, 2450274688
0, 0, 500000, 53, true, 2536766620, 0, 2500109792
0, 0, 500000, 54, true, 2530865363, 0, 2450280856
0, 0, 500000, 55, true, 2540961523, 0, 2500113480
0, 0, 500000, 56, true, 2540911180, 0, 2450755592
0, 0, 500000, 57, true, 2535595140, 0, 2500563000
0, 0, 500000, 58, true, 2524395989, 0, 2450231400
0, 0, 500000, 59, true, 2545853324, 0, 2500119968
0, 0, 500000, 60, true, 2515646073, 0, 2450247088
0, 0, 500000, 61, true, 2553399203, 0, 2500043352
0, 0, 500000, 62, true, 2525147489, 0, 2450311888
0, 0, 500000, 63, true, 2541502365, 0, 2500119304
0, 0, 500000, 64, true, 2525769175, 0, 2450246424
0, 0, 500000, 65, true, 2551122507, 0, 2500077112
0, 0, 500000, 66, true, 2523461937, 0, 2450312544
0, 0, 500000, 67, true, 2549370026, 0, 2500077256
0, 0, 500000, 68, true, 2535367759, 0, 2450794200
0, 0, 500000, 69, true, 2547856929, 0, 2500645160
0, 0, 500000, 70, true, 2515717072, 0, 2450281512
0, 0, 500000, 71, true, 2540956575, 0, 2500044120
0, 0, 500000, 72, true, 2521022233, 0, 2450312904
0, 0, 500000, 73, true, 2530452067, 0, 2500087296
0, 0, 500000, 74, true, 2542716381, 0, 2450279000
0, 0, 500000, 75, true, 2541589798, 0, 2500121024
0, 0, 500000, 76, true, 2533749415, 0, 2451330240
0, 0, 500000, 77, true, 2533309186, 0, 2500678176
0, 0, 500000, 78, true, 2518466111, 0, 2451329584
0, 0, 500000, 79, true, 2535267001, 0, 2500644640
0, 0, 500000, 80, true, 2538852088, 0, 2450282208
0, 0, 500000, 81, true, 2522286572, 0, 2500115456
0, 0, 500000, 82, true, 2515541840, 0, 2450275344
0, 0, 500000, 83, true, 2536529095, 0, 2500079304
0, 0, 500000, 84, true, 2534805299, 0, 2450271960
0, 0, 500000, 85, true, 2534678742, 0, 2500044792
0, 0, 500000, 86, true, 2534877347, 0, 2450237480
0, 0, 500000, 87, true, 2547031552, 0, 2500114552
0, 0, 500000, 88, true, 2520047368, 0, 2450828960
0, 0, 500000, 89, true, 2560020607, 0, 2500645368
0, 0, 500000, 90, true, 2520279312, 0, 2450308528
0, 0, 500000, 91, true, 2538255754, 0, 2500121792
0, 0, 500000, 92, true, 2519586603, 0, 2450272096
0, 0, 500000, 93, true, 2542593071, 0, 2500079600
0, 0, 500000, 94, true, 2516583959, 0, 2450281216
0, 0, 500000, 95, true, 2537403061, 0, 2500088352
0, 0, 500000, 96, true, 2524369020, 0, 2450281568
0, 0, 500000, 97, true, 2541515937, 0, 2500078280
0, 0, 500000, 98, true, 2538223149, 0, 2450310528
0, 0, 500000, 99, true, 2546590104, 0, 2500086696
0, 0, 550000, 0, true, 2714365900, 0, 2450268232
0, 0, 550000, 1, true, 2731181234, 0, 2470291896
0, 0, 550000, 2, true, 2749039489, 0, 2578717512
0, 0, 550000, 3, true, 2784146213, 0, 2658417208
0, 0, 550000, 4, true, 2739652851, 0, 2573025816
0, 0, 550000, 5, true, 2755834852, 0, 2618117984
0, 0, 550000, 6, true, 2760976645, 0, 2571954016
0, 0, 550000, 7, true, 2761208764, 0, 2617063904
0, 0, 550000, 8, true, 2743003143, 0, 2572445632
0, 0, 550000, 9, true, 2751601655, 0, 2617043208
0, 0, 550000, 10, true, 2765731834, 0, 2572969152
0, 0, 550000, 11, true, 2767390926, 0, 2617534952
0, 0, 550000, 12, true, 2768871882, 0, 2571960808
0, 0, 550000, 13, true, 2761019896, 0, 2616491352
0, 0, 550000, 14, true, 2746274285, 0, 2572489248
0, 0, 550000, 15, true, 2755129873, 0, 2617026944
0, 0, 550000, 16, true, 2744266788, 0, 2573038928
0, 0, 550000, 17, true, 2759325061, 0, 2617603592
0, 0, 550000, 18, true, 2750218383, 0, 2571901192
0, 0, 550000, 19, true, 2756503219, 0, 2616529232
0, 0, 550000, 20, true, 2746916695, 0, 2572488328
0, 0, 550000, 21, true, 2779878702, 0, 2617020472
0, 0, 550000, 22, true, 2740368152, 0, 2572791352
0, 0, 550000, 23, true, 2760146348, 0, 2617237624
0, 0, 550000, 24, true, 2757554497, 0, 2571618664
0, 0, 550000, 25, true, 2745382738, 0, 2616224408
0, 0, 550000, 26, true, 2758720077, 0, 2572117024
0, 0, 550000, 27, true, 2756769640, 0, 2616745208
0, 0, 550000, 28, true, 2771351236, 0, 2572706056
0, 0, 550000, 29, true, 2755748514, 0, 2617232632
0, 0, 550000, 30, true, 2750064080, 0, 2571619592
0, 0, 550000, 31, true, 2753337982, 0, 2616178776
0, 0, 550000, 32, true, 2768695566, 0, 2572139720
0, 0, 550000, 33, true, 2756674886, 0, 2616778792
0, 0, 550000, 34, true, 2748562897, 0, 2572708320
0, 0, 550000, 35, true, 2764743083, 0, 2617270696
0, 0, 550000, 36, true, 2742448841, 0, 2571657688
0, 0, 550000, 37, true, 2745295849, 0, 2616156920
0, 0, 550000, 38, true, 2740340824, 0, 2572149056
0, 0, 550000, 39, true, 2750567530, 0, 2616089408
0, 0, 550000, 40, true, 2754348066, 0, 2571553408
0, 0, 550000, 41, true, 2750473896, 0, 2616053928
0, 0, 550000, 42, true, 2751524489, 0, 2570462824
0, 0, 550000, 43, true, 2752397936, 0, 2614959976
0, 0, 550000, 44, true, 2742615421, 0, 2570919832
0, 0, 550000, 45, true, 2757100734, 0, 2615523256
0, 0, 550000, 46, true, 2750736195, 0, 2571444216
0, 0, 550000, 47, true, 2754131564, 0, 2616085592
0, 0, 550000, 48, true, 2732948484, 0, 2570472448
0, 0, 550000, 49, true, 2751389568, 0, 2615015352
0, 0, 550000, 50, true, 2745782899, 0, 2570966000
0, 0, 550000, 51, true, 2753844430, 0, 2615523320
0, 0, 550000, 52, true, 2752729515, 0, 2571566368
0, 0, 550000, 53, true, 2769351306, 0, 2616050248
0, 0, 550000, 54, true, 2751207339, 0, 2570437240
0, 0, 550000, 55, true, 2771436433, 0, 2615111248
0, 0, 550000, 56, true, 2770936025, 0, 2571011664
0, 0, 550000, 57, true, 2755766945, 0, 2615598344
0, 0, 550000, 58, true, 2744943118, 0, 2571529336
0, 0, 550000, 59, true, 2763639849, 0, 2616120040
0, 0, 550000, 60, true, 2760863234, 0, 2570478200
0, 0, 550000, 61, true, 2766541573, 0, 2615040720
0, 0, 550000, 62, true, 2750106100, 0, 2570996608
0, 0, 550000, 63, true, 2769489162, 0, 2615526440
0, 0, 550000, 64, true, 2739652799, 0, 2571562976
0, 0, 550000, 65, true, 2760814500, 0, 2616159832
0, 0, 550000, 66, true, 2756119955, 0, 2570484952
0, 0, 550000, 67, true, 2756111933, 0, 2615049480
0, 0, 550000, 68, true, 2741061873, 0, 2571009336
0, 0, 550000, 69, true, 2759085101, 0, 2615650712
0, 0, 550000, 70, true, 2761165542, 0, 2571609816
0, 0, 550000, 71, true, 2750371104, 0, 2616141592
0, 0, 550000, 72, true, 2742838801, 0, 2570587512
0, 0, 550000, 73, true, 2765969206, 0, 2615126928
0, 0, 550000, 74, true, 2769626445, 0, 2571054160
0, 0, 550000, 75, true, 2758694089, 0, 2615574296
0, 0, 550000, 76, true, 2744181060, 0, 2571610104
0, 0, 550000, 77, true, 2750692044, 0, 2616202576
0, 0, 550000, 78, true, 2741259075, 0, 2570530128
0, 0, 550000, 79, true, 2754284079, 0, 2615091480
0, 0, 550000, 80, true, 2735499346, 0, 2571057280
0, 0, 550000, 81, true, 2768228383, 0, 2615666048
0, 0, 550000, 82, true, 2744171294, 0, 2571593104
0, 0, 550000, 83, true, 2773369829, 0, 2616189608
0, 0, 550000, 84, true, 2747470718, 0, 2570535128
0, 0, 550000, 85, true, 2751286731, 0, 2615107336
0, 0, 550000, 86, true, 2745652095, 0, 2571037352
0, 0, 550000, 87, true, 2760703256, 0, 2615594200
0, 0, 550000, 88, true, 2746527282, 0, 2571591816
0, 0, 550000, 89, true, 2772039357, 0, 2587035488
0, 0, 550000, 90, true, 2751532828, 0, 2570543336
0, 0, 550000, 91, true, 2755012583, 0, 2615042296
0, 0, 550000, 92, true, 2742469950, 0, 2571025000
0, 0, 550000, 93, true, 2755905265, 0, 2615556152
0, 0, 550000, 94, true, 2751431973, 0, 2571583512
0, 0, 550000, 95, true, 2765241753, 0, 2616080536
0, 0, 550000, 96, true, 2768517750, 0, 2570500856
0, 0, 550000, 97, true, 2749084045, 0, 2615108352
0, 0, 550000, 98, true, 2751154683, 0, 2571068912
0, 0, 550000, 99, true, 2754448822, 0, 2615631592
0, 0, 600000, 0, true, 2957813166, 0, 2571546376
0, 0, 600000, 1, true, 2970879859, 0, 2616151872
0, 0, 600000, 2, true, 3003842372, 0, 2660422240
0, 0, 600000, 3, true, 2992427138, 0, 2752985280
0, 0, 600000, 4, true, 2982999094, 0, 2679038240
0, 0, 600000, 5, true, 2994905201, 0, 2719430944
0, 0, 600000, 6, true, 2978828834, 0, 2678989960
0, 0, 600000, 7, true, 3006026724, 0, 2718912576
0, 0, 600000, 8, true, 2971963398, 0, 2679095008
0, 0, 600000, 9, true, 3002285395, 0, 2718875376
0, 0, 600000, 10, true, 2977580861, 0, 2678465864
0, 0, 600000, 11, true, 2984754274, 0, 2718836088
0, 0, 600000, 12, true, 2985259490, 0, 2678498952
0, 0, 600000, 13, true, 2993375496, 0, 2718912032
0, 0, 600000, 14, true, 2981236667, 0, 2679033392
0, 0, 600000, 15, true, 2984286363, 0, 2718909832
0, 0, 600000, 16, true, 2987241783, 0, 2678550192
0, 0, 600000, 17, true, 2991488979, 0, 2718846864
0, 0, 600000, 18, true, 2983698642, 0, 2678543096
0, 0, 600000, 19, true, 3002481568, 0, 2718914848
0, 0, 600000, 20, true, 2994111722, 0, 2678511816
0, 0, 600000, 21, true, 2975529911, 0, 2718913248
0, 0, 600000, 22, true, 2984623566, 0, 2679067440
0, 0, 600000, 23, true, 2987185918, 0, 2718945528
0, 0, 600000, 24, true, 2985108133, 0, 2678477064
0, 0, 600000, 25, true, 2977777934, 0, 2718912616
0, 0, 600000, 26, true, 2983726828, 0, 2678543344
0, 0, 600000, 27, true, 2988369686, 0, 2718849560
0, 0, 600000, 28, true, 2972275767, 0, 2679067112
0, 0, 600000, 29, true, 2985754868, 0, 2718913664
0, 0, 600000, 30, true, 2983750539, 0, 2678501432
0, 0, 600000, 31, true, 2987980392, 0, 2718838856
0, 0, 600000, 32, true, 2996228042, 0, 2678543632
0, 0, 600000, 33, true, 2996500222, 0, 2718873160
0, 0, 600000, 34, true, 3000216345, 0, 2678991880
0, 0, 600000, 35, true, 3013283043, 0, 2718837816
0, 0, 600000, 36, true, 2977424334, 0, 2678500776
0, 0, 600000, 37, true, 2990660542, 0, 2718838616
0, 0, 600000, 38, true, 2971907274, 0, 2678543640
0, 0, 600000, 39, true, 2980960833, 0, 2718908864
0, 0, 600000, 40, true, 2995817553, 0, 2678544592
0, 0, 600000, 41, true, 3005650726, 0, 2718849248
0, 0, 600000, 42, true, 2975957632, 0, 2679099896
0, 0, 600000, 43, true, 3010602364, 0, 2718883568
0, 0, 600000, 44, true, 2993546329, 0, 2678464264
0, 0, 600000, 45, true, 2996260568, 0, 2718834488
0, 0, 600000, 46, true, 2990593361, 0, 2678540216
0, 0, 600000, 47, true, 2988446963, 0, 2718869320
0, 0, 600000, 48, true, 2992008563, 0, 2678531928
0, 0, 600000, 49, true, 3003425759, 0, 2718911392
0, 0, 600000, 50, true, 2992770259, 0, 2678510432
0, 0, 600000, 51, true, 3001957242, 0, 2718834776
0, 0, 600000, 52, true, 2985387442, 0, 2678541328
0, 0, 600000, 53, true, 2991887776, 0, 2718889896
0, 0, 600000, 54, true, 2973419454, 0, 2678999656
0, 0, 600000, 55, true, 3000811165, 0, 2718922304
0, 0, 600000, 56, true, 2983217153, 0, 2678551320
0, 0, 600000, 57, true, 2992695465, 0, 2718921824
0, 0, 600000, 58, true, 2975549061, 0, 2678486128
0, 0, 600000, 59, true, 2981738731, 0, 2718881192
0, 0, 600000, 60, true, 3000756595, 0, 2678554976
0, 0, 600000, 61, true, 2986262643, 0, 2718891384
0, 0, 600000, 62, true, 2982720818, 0, 2679076136
0, 0, 600000, 63, true, 2991348160, 0, 2718921824
0, 0, 600000, 64, true, 2982364159, 0, 2678551944
0, 0, 600000, 65, true, 2980832057, 0, 2718846216
0, 0, 600000, 66, true, 2979081384, 0, 2678519320
0, 0, 600000, 67, true, 2989625144, 0, 2718914952
0, 0, 600000, 68, true, 2999717416, 0, 2678552424
0, 0, 600000, 69, true, 2980508309, 0, 2718884640
0, 0, 600000, 70, true, 2971328044, 0, 2678516664
0, 0, 600000, 71, true, 2996891777, 0, 2718923360
0, 0, 600000, 72, true, 2975706625, 0, 2679076104
0, 0, 600000, 73, true, 2979645933, 0, 2718846744
0, 0, 600000, 74, true, 2974571664, 0, 2678510136
0, 0, 600000, 75, true, 2991175180, 0, 2718913936
0, 0, 600000, 76, true, 2988882746, 0, 2678478240
0, 0, 600000, 77, true, 2992690499, 0, 2718923784
0, 0, 600000, 78, true, 2973707969, 0, 2678518904
0, 0, 600000, 79, true, 2996254587, 0, 2718923744
0, 0, 600000, 80, true, 2977309533, 0, 2679077288
0, 0, 600000, 81, true, 2986706866, 0, 2718920680
0, 0, 600000, 82, true, 2967616317, 0, 2678485736
0, 0, 600000, 83, true, 2979802761, 0, 2718886032
0, 0, 600000, 84, true, 2974502961, 0, 2678586712
0, 0, 600000, 85, true, 2984768674, 0, 2718923416
0, 0, 600000, 86, true, 2978714699, 0, 2678520488
0, 0, 600000, 87, true, 3000308304, 0, 2718924128
0, 0, 600000, 88, true, 2979234308, 0, 2678554000
0, 0, 600000, 89, true, 3011059494, 0, 2718891424
0, 0, 600000, 90, true, 2993475952, 0, 2679041088
0, 0, 600000, 91, true, 2986732899, 0, 2718922904
0, 0, 600000, 92, true, 2979470975, 0, 2678477480
0, 0, 600000, 93, true, 2982308274, 0, 2718847704
0, 0, 600000, 94, true, 2974617723, 0, 2678510952
0, 0, 600000, 95, true, 2993156915, 0, 2718924648
0, 0, 600000, 96, true, 2997322569, 0, 2678488952
0, 0, 600000, 97, true, 2989297666, 0, 2718956904
0, 0, 600000, 98, true, 2982580883, 0, 2678522000
0, 0, 600000, 99, true, 2987129520, 0, 2718859424
0, 0, 650000, 0, true, 3232263530, 0, 2679065000
0, 0, 650000, 1, true, 3219926675, 0, 2718917288
0, 0, 650000, 2, true, 3201605074, 0, 2791764536
0, 0, 650000, 3, true, 3222631280, 0, 2862574144
0, 0, 650000, 4, true, 3217854843, 0, 2820106248
0, 0, 650000, 5, true, 3223944582, 0, 2851487480
0, 0, 650000, 6, true, 3212599499, 0, 2798643920
0, 0, 650000, 7, true, 3219125995, 0, 2833738496
0, 0, 650000, 8, true, 3207232334, 0, 2803253128
0, 0, 650000, 9, true, 3220322432, 0, 2837932864
0, 0, 650000, 10, true, 3224181953, 0, 2802276312
0, 0, 650000, 11, true, 3227142745, 0, 2837371416
0, 0, 650000, 12, true, 3218499222, 0, 2802239880
0, 0, 650000, 13, true, 3232471216, 0, 2836884512
0, 0, 650000, 14, true, 3236760027, 0, 2802249264
0, 0, 650000, 15, true, 3221267857, 0, 2836879560
0, 0, 650000, 16, true, 3215023680, 0, 2802800080
0, 0, 650000, 17, true, 3229764650, 0, 2837896592
0, 0, 650000, 18, true, 3203297509, 0, 2802283680
0, 0, 650000, 19, true, 3223718880, 0, 2836894096
0, 0, 650000, 20, true, 3229847469, 0, 2802764024
0, 0, 650000, 21, true, 3215327700, 0, 2837856760
0, 0, 650000, 22, true, 3221897861, 0, 2802276888
0, 0, 650000, 23, true, 3217950102, 0, 2836884376
0, 0, 650000, 24, true, 3223152633, 0, 2802740136
0, 0, 650000, 25, true, 3229511794, 0, 2837891688
0, 0, 650000, 26, true, 3206908911, 0, 2802250720
0, 0, 650000, 27, true, 3230135704, 0, 2836808472
0, 0, 650000, 28, true, 3205169781, 0, 2802805896
0, 0, 650000, 29, true, 3211197812, 0, 2837933856
0, 0, 650000, 30, true, 3216592004, 0, 2802205608
0, 0, 650000, 31, true, 3220599733, 0, 2836912704
0, 0, 650000, 32, true, 3235267050, 0, 2802806088
0, 0, 650000, 33, true, 3226359049, 0, 2837896520
0, 0, 650000, 34, true, 3214627264, 0, 2802255656
0, 0, 650000, 35, true, 3212048723, 0, 2836886112
0, 0, 650000, 36, true, 3215973910, 0, 2802741872
0, 0, 650000, 37, true, 3206632566, 0, 2837902432
0, 0, 650000, 38, true, 3215469403, 0, 2802284048
0, 0, 650000, 39, true, 3227118660, 0, 2836810392
0, 0, 650000, 40, true, 3219450522, 0, 2802774808
0, 0, 650000, 41, true, 3212132659, 0, 2837870048
0, 0, 650000, 42, true, 3210763323, 0, 2802284192
0, 0, 650000, 43, true, 3209885421, 0, 2836864768
0, 0, 650000, 44, true, 3229643406, 0, 2802774968
0, 0, 650000, 45, true, 3217010018, 0, 2837928752
0, 0, 650000, 46, true, 3228478250, 0, 2802288360
0, 0, 650000, 47, true, 3211056476, 0, 2836854816
0, 0, 650000, 48, true, 3207645915, 0, 2802732104
0, 0, 650000, 49, true, 3220318033, 0, 2808811704
0, 0, 650000, 50, true, 3196023314, 0, 2802306384
0, 0, 650000, 51, true, 3226004957, 0, 2836887952
0, 0, 650000, 52, true, 3205988073, 0, 2802830720
0, 0, 650000, 53, true, 3216954270, 0, 2837958112
0, 0, 650000, 54, true, 3204125830, 0, 2802306712
0, 0, 650000, 55, true, 3246683954, 0, 2836867656
0, 0, 650000, 56, true, 3201637178, 0, 2802788952
0, 0, 650000, 57, true, 3215460090, 0, 2837957440
0, 0, 650000, 58, true, 3202580060, 0, 2802338680
0, 0, 650000, 59, true, 3216036869, 0, 2836833112
0, 0, 650000, 60, true, 3215938682, 0, 2802793336
0, 0, 650000, 61, true, 3238131023, 0, 2837957880
0, 0, 650000, 62, true, 3222290125, 0, 2802269144
0, 0, 650000, 63, true, 3233629763, 0, 2836872296
0, 0, 650000, 64, true, 3222549199, 0, 2802792720
0, 0, 650000, 65, true, 3216964524, 0, 2837922360
0, 0, 650000, 66, true, 3218898459, 0, 2802230728
0, 0, 650000, 67, true, 3230210218, 0, 2836867304
0, 0, 650000, 68, true, 3230190689, 0, 2802831824
0, 0, 650000, 69, true, 3209494517, 0, 2837900248
0, 0, 650000, 70, true, 3215743542, 0, 2802230920
0, 0, 650000, 71, true, 3218888231, 0, 2836910656
0, 0, 650000, 72, true, 3228962512, 0, 2802788824
0, 0, 650000, 73, true, 3237965617, 0, 2837926696
0, 0, 650000, 74, true, 3243939889, 0, 2802269200
0, 0, 650000, 75, true, 3212954865, 0, 2836874064
0, 0, 650000, 76, true, 3232919013, 0, 2802832344
0, 0, 650000, 77, true, 3219584462, 0, 2837953696
0, 0, 650000, 78, true, 3239036545, 0, 2802231304
0, 0, 650000, 79, true, 3220113877, 0, 2836879816
0, 0, 650000, 80, true, 3209207889, 0, 2802835848
0, 0, 650000, 81, true, 3218702560, 0, 2837970792
0, 0, 650000, 82, true, 3206833482, 0, 2802284304
0, 0, 650000, 83, true, 3242758618, 0, 2836882368
0, 0, 650000, 84, true, 3219323826, 0, 2802807632
0, 0, 650000, 85, true, 3205876334, 0, 2837969600
0, 0, 650000, 86, true, 3231109989, 0, 2802318128
0, 0, 650000, 87, true, 3235489775, 0, 2836887560
0, 0, 650000, 88, true, 3223005706, 0, 2802765800
0, 0, 650000, 89, true, 3206911598, 0, 2837964000
0, 0, 650000, 90, true, 3206433603, 0, 2802281504
0, 0, 650000, 91, true, 3236585060, 0, 2836881080
0, 0, 650000, 92, true, 3209391592, 0, 2802769768
0, 0, 650000, 93, true, 3214250658, 0, 2838001400
0, 0, 650000, 94, true, 3212348232, 0, 2802284296
0, 0, 650000, 95, true, 3211776060, 0, 2836888496
0, 0, 650000, 96, true, 3229204927, 0, 2802777024
0, 0, 650000, 97, true, 3217475682, 0, 2837893672
0, 0, 650000, 98, true, 3213142341, 0, 2802318992
0, 0, 650000, 99, true, 3244538646, 0, 2836899560
0, 0, 700000, 0, true, 3490328331, 0, 2802796456
0, 0, 700000, 1, true, 3514461100, 0, 2916753488
0, 0, 700000, 2, true, 3453915916, 0, 2910274456
0, 0, 700000, 3, true, 3477684467, 0, 2976826280
0, 0, 700000, 4, true, 3466072528, 0, 2913428752
0, 0, 700000, 5, true, 3473555103, 0, 2943794424
0, 0, 700000, 6, true, 3445961690, 0, 2909750360
0, 0, 700000, 7, true, 3474403740, 0, 2940201168
0, 0, 700000, 8, true, 3450349766, 0, 2911364560
0, 0, 700000, 9, true, 3460827126, 0, 2941741264
0, 0, 700000, 10, true, 3492735870, 0, 2910240232
0, 0, 700000, 11, true, 3455343273, 0, 2940692880
0, 0, 700000, 12, true, 3472898100, 0, 2910799352
0, 0, 700000, 13, true, 3460306565, 0, 2941250080
0, 0, 700000, 14, true, 3452242229, 0, 2911356096
0, 0, 700000, 15, true, 3478650575, 0, 2941738176
0, 0, 700000, 16, true, 3469820020, 0, 2910316768
0, 0, 700000, 17, true, 3469131555, 0, 2940692600
0, 0, 700000, 18, true, 3462683755, 0, 2911332280
0, 0, 700000, 19, true, 3463300061, 0, 2941282520
0, 0, 700000, 20, true, 3461005880, 0, 2910866264
0, 0, 700000, 21, true, 3471650974, 0, 2941219760
0, 0, 700000, 22, true, 3457394576, 0, 2910315600
0, 0, 700000, 23, true, 3453396918, 0, 2940693504
0, 0, 700000, 24, true, 3476142030, 0, 2910284848
0, 0, 700000, 25, true, 3493015975, 0, 2940661552
0, 0, 700000, 26, true, 3476751123, 0, 2910798776
0, 0, 700000, 27, true, 3466082648, 0, 2941217296
0, 0, 700000, 28, true, 3488904081, 0, 2910316952
0, 0, 700000, 29, true, 3477151540, 0, 2940660136
0, 0, 700000, 30, true, 3462979086, 0, 2910837664
0, 0, 700000, 31, true, 3455083868, 0, 2941245896
0, 0, 700000, 32, true, 3489546918, 0, 2910875056
0, 0, 700000, 33, true, 3498873213, 0, 2941220496
0, 0, 700000, 34, true, 3489193708, 0, 2910766248
0, 0, 700000, 35, true, 3462850931, 0, 2941175000
0, 0, 700000, 36, true, 3487436109, 0, 2910805240
0, 0, 700000, 37, true, 3467988396, 0, 2941251424
0, 0, 700000, 38, true, 3460645784, 0, 2910810192
0, 0, 700000, 39, true, 3467092324, 0, 2941251040
0, 0, 700000, 40, true, 3465376612, 0, 2910809584
0, 0, 700000, 41, true, 3457550577, 0, 2941175288
0, 0, 700000, 42, true, 3470287629, 0, 2910766632
0, 0, 700000, 43, true, 3461297134, 0, 2941208328
0, 0, 700000, 44, true, 3468111849, 0, 2910841592
0, 0, 700000, 45, true, 3457228148, 0, 2941218240
0, 0, 700000, 46, true, 3470534244, 0, 2910843488
0, 0, 700000, 47, true, 3469217296, 0, 2941210312
0, 0, 700000, 48, true, 3466713523, 0, 2910801624
0, 0, 700000, 49, true, 3459134000, 0, 2941175672
0, 0, 700000, 50, true, 3461549848, 0, 2910801624
0, 0, 700000, 51, true, 3491521190, 0, 2912101352
0, 0, 700000, 52, true, 3475815633, 0, 2910867384
0, 0, 700000, 53, true, 3494150425, 0, 2941210568
0, 0, 700000, 54, true, 3464318440, 0, 2910836712
0, 0, 700000, 55, true, 3452780088, 0, 2941252056
0, 0, 700000, 56, true, 3473825657, 0, 2910838968
0, 0, 700000, 57, true, 3477747024, 0, 2941215048
0, 0, 700000, 58, true, 3476966943, 0, 2910811296
0, 0, 700000, 59, true, 3468087985, 0, 2941176152
0, 0, 700000, 60, true, 3453577935, 0, 2910843344
0, 0, 700000, 61, true, 3445368967, 0, 2941252344
0, 0, 700000, 62, true, 3446276166, 0, 2910800632
0, 0, 700000, 63, true, 3492548168, 0, 2941176344
0, 0, 700000, 64, true, 3469231390, 0, 2910843784
0, 0, 700000, 65, true, 3489605056, 0, 2941176584
0, 0, 700000, 66, true, 3467324855, 0, 2910844168
0, 0, 700000, 67, true, 3466669931, 0, 2941176824
0, 0, 700000, 68, true, 3463366818, 0, 2910770352
0, 0, 700000, 69, true, 3488369526, 0, 2941253600
0, 0, 700000, 70, true, 3482472832, 0, 2910844360
0, 0, 700000, 71, true, 3450335970, 0, 2941247872
0, 0, 700000, 72, true, 3494732655, 0, 2910772008
0, 0, 700000, 73, true, 3484068683, 0, 2941261072
0, 0, 700000, 74, true, 3467711542, 0, 2910820368
0, 0, 700000, 75, true, 3487574681, 0, 2941228512
0, 0, 700000, 76, true, 3443845726, 0, 2910786336
0, 0, 700000, 77, true, 3462512277, 0, 2941227760
0, 0, 700000, 78, true, 3476111679, 0, 2910820904
0, 0, 700000, 79, true, 3483519348, 0, 2941218216
0, 0, 700000, 80, true, 3469692981, 0, 2910774120
0, 0, 700000, 81, true, 3463301858, 0, 2941226944
0, 0, 700000, 82, true, 3473224304, 0, 2910785488
0, 0, 700000, 83, true, 3569473865, 0, 2941259680
0, 0, 700000, 84, true, 3467902798, 0, 2910818256
0, 0, 700000, 85, true, 3489970810, 0, 2941254728
0, 0, 700000, 86, true, 3487140179, 0, 2910774408
0, 0, 700000, 87, true, 3465352391, 0, 2941259192
0, 0, 700000, 88, true, 3477028885, 0, 2910774504
0, 0, 700000, 89, true, 3482362744, 0, 2941259632
0, 0, 700000, 90, true, 3466527122, 0, 2910811336
0, 0, 700000, 91, true, 3461681654, 0, 2941259208
0, 0, 700000, 92, true, 3471794745, 0, 2910817752
0, 0, 700000, 93, true, 3456128738, 0, 2941183448
0, 0, 700000, 94, true, 3450918480, 0, 2910809736
0, 0, 700000, 95, true, 3493380130, 0, 2941260552
0, 0, 700000, 96, true, 3492286243, 0, 2910851600
0, 0, 700000, 97, true, 3464232153, 0, 2941183784
0, 0, 700000, 98, true, 3473289479, 0, 2910775928
0, 0, 700000, 99, true, 3468662145, 0, 2941221888
0, 0, 750000, 0, true, 4892724078, 0, 3041495416
0, 0, 750000, 1, true, 6299766034, 0, 5898697096
0, 0, 750000, 2, true, 5677180993, 0, 7817235240
0, 0, 750000, 3, true, 5194910266, 0, 3495909480
0, 0, 750000, 4, true, 5159568533, 0, 7066913592
0, 0, 750000, 5, true, 5153574367, 0, 7793410544
0, 0, 750000, 6, true, 5120675001, 0, 7104237088
0, 0, 750000, 7, true, 5165188472, 0, 7103886400
0, 0, 750000, 8, true, 5175625003, 0, 7104376680
0, 0, 750000, 9, true, 5219682709, 0, 7104249960
0, 0, 750000, 10, true, 5062684276, 0, 3532776936
0, 0, 750000, 11, true, 5142832180, 0, 3533003240
0, 0, 750000, 12, true, 5201909281, 0, 7104412808
0, 0, 750000, 13, true, 5027273094, 0, 7797424584
0, 0, 750000, 14, true, 5139685076, 0, 7104244736
0, 0, 750000, 15, true, 5048064023, 0, 7103790184
0, 0, 750000, 16, true, 5073553345, 0, 7104488648
0, 0, 750000, 17, true, 5208647426, 0, 7104417016
0, 0, 750000, 18, true, 5102693002, 0, 7797464536
0, 0, 750000, 19, true, 5165170832, 0, 7794471064
0, 0, 750000, 20, true, 5227481086, 0, 7104050992
0, 0, 750000, 21, true, 5018146271, 0, 7104102240
0, 0, 750000, 22, true, 5125047721, 0, 7104737040
0, 0, 750000, 23, true, 5204675423, 0, 7104492792
0, 0, 750000, 24, true, 5184437752, 0, 7104269688
0, 0, 750000, 25, true, 5150487129, 0, 7104261672
0, 0, 750000, 26, true, 5183792707, 0, 7103909512
0, 0, 750000, 27, true, 5138045736, 0, 7104295552
0, 0, 750000, 28, true, 5164817658, 0, 7104279168
0, 0, 750000, 29, true, 5013780775, 0, 3533154680
0, 0, 750000, 30, true, 5124419354, 0, 7104182208
0, 0, 750000, 31, true, 5189790956, 0, 7103642352
0, 0, 750000, 32, true, 5100320599, 0, 7103906880
0, 0, 750000, 33, true, 5136417311, 0, 7104456080
0, 0, 750000, 34, true, 5133475372, 0, 7797415680
0, 0, 750000, 35, true, 5168222545, 0, 7104295568
0, 0, 750000, 36, true, 5042385130, 0, 7794480576
0, 0, 750000, 37, true, 5186685846, 0, 3532964104
0, 0, 750000, 38, true, 5149282917, 0, 7103964072
0, 0, 750000, 39, true, 5199905118, 0, 7795253336
0, 0, 750000, 40, true, 5183941454, 0, 7104451808
0, 0, 750000, 41, true, 5156422174, 0, 7104286912
0, 0, 750000, 42, true, 5151762275, 0, 7104125520
0, 0, 750000, 43, true, 5107121149, 0, 7104415624
0, 0, 750000, 44, true, 5177088121, 0, 7104245872
0, 0, 750000, 45, true, 5179836314, 0, 7795616656
0, 0, 750000, 46, true, 5173658716, 0, 7104492856
0, 0, 750000, 47, true, 5120938928, 0, 7104359384
0, 0, 750000, 48, true, 5164210715, 0, 7104238648
0, 0, 750000, 49, true, 5130370306, 0, 7103713768
0, 0, 750000, 50, true, 5141463323, 0, 3532661624
0, 0, 750000, 51, true, 5101541955, 0, 7104442952
0, 0, 750000, 52, true, 5153057098, 0, 7104575992
0, 0, 750000, 53, true, 5135158682, 0, 3533014024
0, 0, 750000, 54, true, 5123049704, 0, 7104083416
0, 0, 750000, 55, true, 5162543250, 0, 7104004088
0, 0, 750000, 56, true, 5159754723, 0, 7104352320
0, 0, 750000, 57, true, 5012120512, 0, 7104355912
0, 0, 750000, 58, true, 5195741480, 0, 7104335936
0, 0, 750000, 59, true, 5219097605, 0, 7104309920
0, 0, 750000, 60, true, 4997899398, 0, 7103982336
0, 0, 750000, 61, true, 5000221697, 0, 7104364648
0, 0, 750000, 62, true, 5159110279, 0, 3532825656
0, 0, 750000, 63, true, 5220638458, 0, 7104255496
0, 0, 750000, 64, true, 5162152659, 0, 7104051776
0, 0, 750000, 65, true, 5149553911, 0, 7104019904
0, 0, 750000, 66, true, 5172142486, 0, 7104050944
0, 0, 750000, 67, true, 5137858039, 0, 7104338096
0, 0, 750000, 68, true, 5191014936, 0, 3503933408
0, 0, 750000, 69, true, 5209846995, 0, 7104260200
0, 0, 750000, 70, true, 5172398018, 0, 7103975448
0, 0, 750000, 71, true, 5009500439, 0, 7103706400
0, 0, 750000, 72, true, 5158606386, 0, 7104421072
0, 0, 750000, 73, true, 5093411028, 0, 3532785512
0, 0, 750000, 74, true, 5137121126, 0, 7104126256
0, 0, 750000, 75, true, 5150115898, 0, 7104274776
0, 0, 750000, 76, true, 5115426622, 0, 7104044384
0, 0, 750000, 77, true, 5199720046, 0, 3532908584
0, 0, 750000, 78, true, 5184299539, 0, 7104230992
0, 0, 750000, 79, true, 5171023261, 0, 7797458976
0, 0, 750000, 80, true, 5181678075, 0, 7104022688
0, 0, 750000, 81, true, 5178269615, 0, 7104304552
0, 0, 750000, 82, true, 5055520081, 0, 7104345904
0, 0, 750000, 83, true, 5152551390, 0, 7104249568
0, 0, 750000, 84, true, 5155771509, 0, 7103746920
0, 0, 750000, 85, true, 5014223072, 0, 7104003048
0, 0, 750000, 86, true, 5148755946, 0, 7104014224
0, 0, 750000, 87, true, 5192149594, 0, 7104252696
0, 0, 750000, 88, true, 5162208328, 0, 7797325768
0, 0, 750000, 89, true, 5167312575, 0, 3532696168
0, 0, 750000, 90, true, 5163217481, 0, 7104280008
0, 0, 750000, 91, true, 5184177630, 0, 7104382568
0, 0, 750000, 92, true, 5077414395, 0, 7104285960
0, 0, 750000, 93, true, 5159182004, 0, 7797332888
0, 0, 750000, 94, true, 5137777545, 0, 3532761944
0, 0, 750000, 95, true, 5113511143, 0, 3532483464
0, 0, 750000, 96, true, 5103940111, 0, 7104336840
0, 0, 750000, 97, true, 5149830379, 0, 7103649960
0, 0, 750000, 98, true, 5132439279, 0, 7104309112
0, 0, 750000, 99, true, 5150311698, 0, 7797206024
0, 0, 800000, 0, true, 6064603700, 0, 4370372120
0, 0, 800000, 1, true, 5965808315, 0, 8205544248
0, 0, 800000, 2, true, 5930506005, 0, 4370388088
0, 0, 800000, 3, true, 5923118714, 0, 8205514296
0, 0, 800000, 4, true, 5974171197, 0, 8205382480
0, 0, 800000, 5, true, 5971113580, 0, 8205271376
0, 0, 800000, 6, true, 6026012546, 0, 4370590544
0, 0, 800000, 7, true, 5947940997, 0, 8204597800
0, 0, 800000, 8, true, 5976179902, 0, 8205398640
0, 0, 800000, 9, true, 5954812461, 0, 8205470328
0, 0, 800000, 10, true, 5927608717, 0, 8205201632
0, 0, 800000, 11, true, 5948683347, 0, 4370429952
0, 0, 800000, 12, true, 5959068835, 0, 8205194640
0, 0, 800000, 13, true, 5991457432, 0, 8205393520
0, 0, 800000, 14, true, 5964099196, 0, 8205437328
0, 0, 800000, 15, true, 6126898680, 0, 8205418904
0, 0, 800000, 16, true, 5921822767, 0, 8205142928
0, 0, 800000, 17, true, 6099653012, 0, 4370534664
0, 0, 800000, 18, true, 5953926889, 0, 8204611296
0, 0, 800000, 19, true, 5948896278, 0, 8205339600
0, 0, 800000, 20, true, 5966926971, 0, 8205348136
0, 0, 800000, 21, true, 5948039261, 0, 8205173112
0, 0, 800000, 22, true, 6072471713, 0, 8205208736
0, 0, 800000, 23, true, 5965766917, 0, 8204644168
0, 0, 800000, 24, true, 5943654294, 0, 8205069984
0, 0, 800000, 25, true, 6072378579, 0, 8205214944
0, 0, 800000, 26, true, 5930936712, 0, 8204632872
0, 0, 800000, 27, true, 5969438364, 0, 8205484504
0, 0, 800000, 28, true, 5957230713, 0, 8205318720
0, 0, 800000, 29, true, 5938190205, 0, 8205321976
0, 0, 800000, 30, true, 5995659348, 0, 8205206392
0, 0, 800000, 31, true, 5921647834, 0, 8205391848
0, 0, 800000, 32, true, 5935213846, 0, 8205217432
0, 0, 800000, 33, true, 5946407597, 0, 8205237504
0, 0, 800000, 34, true, 5947376881, 0, 8205131208
0, 0, 800000, 35, true, 6039020893, 0, 8205477544
0, 0, 800000, 36, true, 6006382503, 0, 8204708984
0, 0, 800000, 37, true, 5922105537, 0, 8205369144
0, 0, 800000, 38, true, 5990928127, 0, 8205408424
0, 0, 800000, 39, true, 5969013570, 0, 8204628296
0, 0, 800000, 40, true, 5989448747, 0, 8205417000
0, 0, 800000, 41, true, 5979936261, 0, 8205534440
0, 0, 800000, 42, true, 5968950585, 0, 8205405512
0, 0, 800000, 43, true, 5970019718, 0, 8205226344
0, 0, 800000, 44, true, 5948981427, 0, 8205421376
0, 0, 800000, 45, true, 5924421997, 0, 8205217032
0, 0, 800000, 46, true, 5982595821, 0, 8205321744
0, 0, 800000, 47, true, 5909375890, 0, 8205062416
0, 0, 800000, 48, true, 5920441924, 0, 4370456968
0, 0, 800000, 49, true, 5895319461, 0, 8205148080
0, 0, 800000, 50, true, 5975579806, 0, 4370528872
0, 0, 800000, 51, true, 5908781396, 0, 8205347712
0, 0, 800000, 52, true, 5970378711, 0, 8205161048
0, 0, 800000, 53, true, 6489302741, 0, 8205195904
0, 0, 800000, 54, true, 5958372469, 0, 4341456376
0, 0, 800000, 55, true, 5920880603, 0, 8205361408
0, 0, 800000, 56, true, 5948740723, 0, 8205429184
0, 0, 800000, 57, true, 5943317011, 0, 4370531600
0, 0, 800000, 58, true, 5969711273, 0, 8205427656
0, 0, 800000, 59, true, 5971874876, 0, 8205258976
0, 0, 800000, 60, true, 5948340658, 0, 8205287984
0, 0, 800000, 61, true, 5932891591, 0, 8205356632
0, 0, 800000, 62, true, 5945624483, 0, 8205360008
0, 0, 800000, 63, true, 6067687150, 0, 8205617112
0, 0, 800000, 64, true, 5969022527, 0, 8204723712
0, 0, 800000, 65, true, 5998631987, 0, 8205096672
0, 0, 800000, 66, true, 5915883938, 0, 8205205736
0, 0, 800000, 67, true, 6126619473, 0, 4370476480
0, 0, 800000, 68, true, 5954733208, 0, 8204678640
0, 0, 800000, 69, true, 5923184578, 0, 4370507416
0, 0, 800000, 70, true, 5961858647, 0, 8205149824
0, 0, 800000, 71, true, 5929063580, 0, 8205144912
0, 0, 800000, 72, true, 5957870516, 0, 4370522464
0, 0, 800000, 73, true, 5962489470, 0, 8205281536
0, 0, 800000, 74, true, 5943779572, 0, 8205531800
0, 0, 800000, 75, true, 5976400594, 0, 8205188824
0, 0, 800000, 76, true, 5939086643, 0, 8205333144
0, 0, 800000, 77, true, 5964755365, 0, 8205388336
0, 0, 800000, 78, true, 5959134785, 0, 8205125408
0, 0, 800000, 79, true, 5935991122, 0, 4370524720
0, 0, 800000, 80, true, 5945983087, 0, 8205284688
0, 0, 800000, 81, true, 6072040438, 0, 8205476928
0, 0, 800000, 82, true, 5987214927, 0, 8204844248
0, 0, 800000, 83, true, 5947309007, 0, 8205285104
0, 0, 800000, 84, true, 5930903857, 0, 8205520248
0, 0, 800000, 85, true, 5976933389, 0, 8205036488
0, 0, 800000, 86, true, 5997581410, 0, 8205401784
0, 0, 800000, 87, true, 5959992600, 0, 4370515024
0, 0, 800000, 88, true, 5947804571, 0, 4370558144
0, 0, 800000, 89, true, 5954138161, 0, 8205424328
0, 0, 800000, 90, true, 5944489724, 0, 8205396200
0, 0, 800000, 91, true, 5968979225, 0, 8205257608
0, 0, 800000, 92, true, 5978071963, 0, 8205090264
0, 0, 800000, 93, true, 5985254544, 0, 8205415016
0, 0, 800000, 94, true, 5982233026, 0, 8205433136
0, 0, 800000, 95, true, 5964050400, 0, 4370516976
0, 0, 800000, 96, true, 6098162993, 0, 8205349264
0, 0, 800000, 97, true, 5956756125, 0, 8204604232
0, 0, 800000, 98, true, 5916957068, 0, 8205459264
0, 0, 800000, 99, true, 6095249407, 0, 8205352760
0, 0, 850000, 0, true, 6271961083, 0, 4424699048
0, 0, 850000, 1, true, 6457250372, 0, 8602012264
0, 0, 850000, 2, true, 6360503781, 0, 8516702048
0, 0, 850000, 3, true, 6385167672, 0, 8518098920
0, 0, 850000, 4, true, 6328057734, 0, 8600315600
0, 0, 850000, 5, true, 6398147197, 0, 8517972312
0, 0, 850000, 6, true, 6311832267, 0, 8516964944
0, 0, 850000, 7, true, 6331726973, 0, 8605260752
0, 0, 850000, 8, true, 6427747062, 0, 8602632480
0, 0, 850000, 9, true, 6326419721, 0, 8599757992
0, 0, 850000, 10, true, 6462862746, 0, 8517548128
0, 0, 850000, 11, true, 6326935555, 0, 4424723096
0, 0, 850000, 12, true, 6426721692, 0, 8601895008
0, 0, 850000, 13, true, 6325170893, 0, 4424444664
0, 0, 850000, 14, true, 6424308398, 0, 8517733056
0, 0, 850000, 15, true, 6345123970, 0, 8604233256
0, 0, 850000, 16, true, 6337071451, 0, 8602199792
0, 0, 850000, 17, true, 6335505523, 0, 8518200472
0, 0, 850000, 18, true, 6320093379, 0, 8517930688
0, 0, 850000, 19, true, 6299353422, 0, 8518011560
0, 0, 850000, 20, true, 6317623924, 0, 8517803040
0, 0, 850000, 21, true, 6286396086, 0, 8518095096
0, 0, 850000, 22, true, 6330423072, 0, 4424608936
0, 0, 850000, 23, true, 6330307975, 0, 8526627432
0, 0, 850000, 24, true, 6305544603, 0, 8517800728
0, 0, 850000, 25, true, 6286810585, 0, 8518046376
0, 0, 850000, 26, true, 6341922608, 0, 4424293984
0, 0, 850000, 27, true, 6361121664, 0, 8518004256
0, 0, 850000, 28, true, 6326966139, 0, 8517125664
0, 0, 850000, 29, true, 6276024003, 0, 8601210672
0, 0, 850000, 30, true, 6448413273, 0, 8517813272
0, 0, 850000, 31, true, 6303213827, 0, 8517156040
0, 0, 850000, 32, true, 6322267227, 0, 8518120904
0, 0, 850000, 33, true, 6330552785, 0, 8518189512
0, 0, 850000, 34, true, 6518945624, 0, 8526245792
0, 0, 850000, 35, true, 6287347826, 0, 8517654912
0, 0, 850000, 36, true, 6404345289, 0, 8602562480
0, 0, 850000, 37, true, 6278300476, 0, 8516972336
0, 0, 850000, 38, true, 6348269889, 0, 4424215816
0, 0, 850000, 39, true, 6332586393, 0, 8525508392
0, 0, 850000, 40, true, 6281967587, 0, 8516925256
0, 0, 850000, 41, true, 6318974766, 0, 8518037368
0, 0, 850000, 42, true, 6314746558, 0, 8517923872
0, 0, 850000, 43, true, 6316048128, 0, 8518174928
0, 0, 850000, 44, true, 6295050053, 0, 8517912224
0, 0, 850000, 45, true, 6315022601, 0, 8518108288
0, 0, 850000, 46, true, 6416286212, 0, 8517698088
0, 0, 850000, 47, true, 6463496204, 0, 8517238888
0, 0, 850000, 48, true, 6413776244, 0, 8517284800
0, 0, 850000, 49, true, 6305572739, 0, 8517270480
0, 0, 850000, 50, true, 6337150983, 0, 8517642880
0, 0, 850000, 51, true, 6367449812, 0, 8605786264
0, 0, 850000, 52, true, 6338333475, 0, 8517153152
0, 0, 850000, 53, true, 6381006221, 0, 8518057104
0, 0, 850000, 54, true, 6313036747, 0, 8516734152
0, 0, 850000, 55, true, 6351899541, 0, 8605632696
0, 0, 850000, 56, true, 6457983718, 0, 8518103584
0, 0, 850000, 57, true, 6308434454, 0, 8517301144
0, 0, 850000, 58, true, 6450157469, 0, 4424421992
0, 0, 850000, 59, true, 6286539722, 0, 8517608696
0, 0, 850000, 60, true, 6341283903, 0, 8517901864
0, 0, 850000, 61, true, 6294890249, 0, 4424630104
0, 0, 850000, 62, true, 6309374382, 0, 8526173760
0, 0, 850000, 63, true, 6339805407, 0, 8517881480
0, 0, 850000, 64, true, 6385341626, 0, 8602090528
0, 0, 850000, 65, true, 6295824171, 0, 8517198608
0, 0, 850000, 66, true, 6353418919, 0, 4424366784
0, 0, 850000, 67, true, 6336506537, 0, 8518395656
0, 0, 850000, 68, true, 6318081876, 0, 8517845920
0, 0, 850000, 69, true, 6281311198, 0, 8518179552
0, 0, 850000, 70, true, 6289438356, 0, 8517718352
0, 0, 850000, 71, true, 6356594597, 0, 8518250736
0, 0, 850000, 72, true, 6287524102, 0, 8525273968
0, 0, 850000, 73, true, 6295159763, 0, 8518029288
0, 0, 850000, 74, true, 6322590248, 0, 8518044936
0, 0, 850000, 75, true, 6362180823, 0, 8518312088
0, 0, 850000, 76, true, 6410558932, 0, 8517125104
0, 0, 850000, 77, true, 6310671004, 0, 8517162224
0, 0, 850000, 78, true, 6305610230, 0, 8517525288
0, 0, 850000, 79, true, 6448147237, 0, 8518381976
0, 0, 850000, 80, true, 6432945464, 0, 8525486840
0, 0, 850000, 81, true, 6287425532, 0, 4424696888
0, 0, 850000, 82, true, 6294322074, 0, 8518026480
0, 0, 850000, 83, true, 6312760208, 0, 8601695032
0, 0, 850000, 84, true, 6456539156, 0, 4424260096
0, 0, 850000, 85, true, 6333937778, 0, 8517445608
0, 0, 850000, 86, true, 6333069020, 0, 8602311872
0, 0, 850000, 87, true, 6299327852, 0, 8518214304
0, 0, 850000, 88, true, 6346879889, 0, 8601562304
0, 0, 850000, 89, true, 6299588214, 0, 8517888976
0, 0, 850000, 90, true, 6287975497, 0, 8602339696
0, 0, 850000, 91, true, 6276018301, 0, 8518277256
0, 0, 850000, 92, true, 6250999545, 0, 4424426864
0, 0, 850000, 93, true, 6331593949, 0, 8518503376
0, 0, 850000, 94, true, 6325860838, 0, 8517963840
0, 0, 850000, 95, true, 6404794849, 0, 8517868872
0, 0, 850000, 96, true, 6337987441, 0, 8525374776
0, 0, 850000, 97, true, 6281305392, 0, 8518280968
0, 0, 850000, 98, true, 6302881504, 0, 8517874848
0, 0, 850000, 99, true, 6342171688, 0, 4424684776
0, 0, 900000, 0, true, 6649390062, 0, 4430736840
0, 0, 900000, 1, true, 6630571794, 0, 4430760408
0, 0, 900000, 2, true, 6650712605, 0, 8748340400
0, 0, 900000, 3, true, 6649303389, 0, 9191482624
0, 0, 900000, 4, true, 6615255339, 0, 9191450632
0, 0, 900000, 5, true, 6575074854, 0, 8748460864
0, 0, 900000, 6, true, 6633145240, 0, 8748314640
0, 0, 900000, 7, true, 6662405891, 0, 8748365216
0, 0, 900000, 8, true, 6598001690, 0, 8748448248
0, 0, 900000, 9, true, 6591617197, 0, 8748606328
0, 0, 900000, 10, true, 6617112540, 0, 8748425216
0, 0, 900000, 11, true, 6625740490, 0, 9191405792
0, 0, 900000, 12, true, 6604284953, 0, 8748087496
0, 0, 900000, 13, true, 6678885313, 0, 8748447752
0, 0, 900000, 14, true, 6590360314, 0, 8748551240
0, 0, 900000, 15, true, 6665109840, 0, 8748633048
0, 0, 900000, 16, true, 6616954276, 0, 8748542984
0, 0, 900000, 17, true, 6625216436, 0, 9191444736
0, 0, 900000, 18, true, 6619749930, 0, 4430759304
0, 0, 900000, 19, true, 6596692972, 0, 9190680160
0, 0, 900000, 20, true, 6646053836, 0, 8748280128
0, 0, 900000, 21, true, 6625694740, 0, 8748579032
0, 0, 900000, 22, true, 6619817975, 0, 8748613896
0, 0, 900000, 23, true, 6611577536, 0, 8748787240
0, 0, 900000, 24, true, 6664966217, 0, 4430675752
0, 0, 900000, 25, true, 6653866491, 0, 8748501504
0, 0, 900000, 26, true, 6645920148, 0, 8748544432
0, 0, 900000, 27, true, 6618385404, 0, 4401629216
0, 0, 900000, 28, true, 6652967820, 0, 8748487056
0, 0, 900000, 29, true, 6603379355, 0, 8748306848
0, 0, 900000, 30, true, 6529794238, 0, 8748385088
0, 0, 900000, 31, true, 6616952696, 0, 8748319584
0, 0, 900000, 32, true, 6565962824, 0, 9191359712
0, 0, 900000, 33, true, 6588853428, 0, 8748095728
0, 0, 900000, 34, true, 6612606824, 0, 9191240168
0, 0, 900000, 35, true, 6639414698, 0, 8748315128
0, 0, 900000, 36, true, 6621196168, 0, 8748517024
0, 0, 900000, 37, true, 6545368232, 0, 8748618248
0, 0, 900000, 38, true, 6629415520, 0, 9191805288
0, 0, 900000, 39, true, 6591764508, 0, 8748380816
0, 0, 900000, 40, true, 6562236939, 0, 4430728168
0, 0, 900000, 41, true, 6611425177, 0, 4430842904
0, 0, 900000, 42, true, 6637104148, 0, 8748421024
0, 0, 900000, 43, true, 6603415026, 0, 8748437456
0, 0, 900000, 44, true, 6625498131, 0, 8748299096
0, 0, 900000, 45, true, 6641155810, 0, 8748243720
0, 0, 900000, 46, true, 6612755197, 0, 8748159928
0, 0, 900000, 47, true, 6572806582, 0, 8748604392
0, 0, 900000, 48, true, 6662434534, 0, 4430804200
0, 0, 900000, 49, true, 6590721168, 0, 4430720408
0, 0, 900000, 50, true, 6610916260, 0, 9190934376
0, 0, 900000, 51, true, 6590713678, 0, 4430878072
0, 0, 900000, 52, true, 6541173588, 0, 8748311560
0, 0, 900000, 53, true, 6647726589, 0, 8748606728
0, 0, 900000, 54, true, 6568996910, 0, 9190924200
0, 0, 900000, 55, true, 6625497151, 0, 8748401112
0, 0, 900000, 56, true, 6592327527, 0, 4430730856
0, 0, 900000, 57, true, 6618488898, 0, 8748686584
0, 0, 900000, 58, true, 6622228789, 0, 4430876488
0, 0, 900000, 59, true, 6653412994, 0, 8748760992
0, 0, 900000, 60, true, 6710632962, 0, 8748648528
0, 0, 900000, 61, true, 6630246906, 0, 8748378464
0, 0, 900000, 62, true, 6654774715, 0, 9191432496
0, 0, 900000, 63, true, 6664918431, 0, 9191530744
0, 0, 900000, 64, true, 6591239457, 0, 9191272048
0, 0, 900000, 65, true, 6624380436, 0, 9191516712
0, 0, 900000, 66, true, 6612179379, 0, 8748061064
0, 0, 900000, 67, true, 6656371785, 0, 9191267896
0, 0, 900000, 68, true, 6668243949, 0, 8748229896
0, 0, 900000, 69, true, 6618502355, 0, 4430717432
0, 0, 900000, 70, true, 6554790187, 0, 8748682568
0, 0, 900000, 71, true, 6588756996, 0, 4430897752
0, 0, 900000, 72, true, 6650141600, 0, 8748638648
0, 0, 900000, 73, true, 6664976901, 0, 8748645240
0, 0, 900000, 74, true, 6630689907, 0, 9191465800
0, 0, 900000, 75, true, 6639370709, 0, 9191517352
0, 0, 900000, 76, true, 6679867975, 0, 9191420968
0, 0, 900000, 77, true, 6673206340, 0, 8748295192
0, 0, 900000, 78, true, 6615080327, 0, 4430861480
0, 0, 900000, 79, true, 6572786879, 0, 8748527480
0, 0, 900000, 80, true, 6633229070, 0, 8748365432
0, 0, 900000, 81, true, 6627163315, 0, 8748376760
0, 0, 900000, 82, true, 6625178422, 0, 8748465176
0, 0, 900000, 83, true, 6630387363, 0, 8748055624
0, 0, 900000, 84, true, 6605032849, 0, 8748582488
0, 0, 900000, 85, true, 6623843280, 0, 8748293752
0, 0, 900000, 86, true, 6607855049, 0, 8748092360
0, 0, 900000, 87, true, 6644380748, 0, 9191770440
0, 0, 900000, 88, true, 6663474448, 0, 4430577160
0, 0, 900000, 89, true, 6596220303, 0, 8748041656
0, 0, 900000, 90, true, 6609436782, 0, 8748134800
0, 0, 900000, 91, true, 6649854260, 0, 8748436544
0, 0, 900000, 92, true, 6598365961, 0, 8748599288
0, 0, 900000, 93, true, 6617077836, 0, 8748619904
0, 0, 900000, 94, true, 6644711354, 0, 9191279304
0, 0, 900000, 95, true, 6637118890, 0, 8748259016
0, 0, 900000, 96, true, 6613607072, 0, 8748249568
0, 0, 900000, 97, true, 6630058028, 0, 8748257168
0, 0, 900000, 98, true, 6622817127, 0, 8748279512
0, 0, 900000, 99, true, 6640401922, 0, 8748171752
0, 0, 950000, 0, true, 7434599850, 0, 5256815000
0, 0, 950000, 1, true, 7586646660, 0, 9822459672
0, 0, 950000, 2, true, 7529304750, 0, 9822388456
0, 0, 950000, 3, true, 7749797147, 0, 9826667784
0, 0, 950000, 4, true, 7400277687, 0, 9822410848
0, 0, 950000, 5, true, 7553290624, 0, 5262419528
0, 0, 950000, 6, true, 7480747635, 0, 5258284200
0, 0, 950000, 7, true, 7326284532, 0, 9823469712
0, 0, 950000, 8, true, 7502757256, 0, 9827935904
0, 0, 950000, 9, true, 7364464302, 0, 9823536632
0, 0, 950000, 10, true, 7449256830, 0, 9823441088
0, 0, 950000, 11, true, 7572151345, 0, 9828059248
0, 0, 950000, 12, true, 7415097033, 0, 9826982208
0, 0, 950000, 13, true, 7505229890, 0, 5258157848
0, 0, 950000, 14, true, 7519343200, 0, 9827413264
0, 0, 950000, 15, true, 7473119810, 0, 9823101376
0, 0, 950000, 16, true, 7487403520, 0, 9823258800
0, 0, 950000, 17, true, 7703007902, 0, 9825928360
0, 0, 950000, 18, true, 7495090662, 0, 9821666712
0, 0, 950000, 19, true, 7501985635, 0, 9823125920
0, 0, 950000, 20, true, 7473700890, 0, 9827345496
0, 0, 950000, 21, true, 7661104286, 0, 9826116544
0, 0, 950000, 22, true, 7679422293, 0, 9821342960
0, 0, 950000, 23, true, 7672668666, 0, 5261963560
0, 0, 950000, 24, true, 7578072194, 0, 9822244928
0, 0, 950000, 25, true, 7505611115, 0, 9823116728
0, 0, 950000, 26, true, 7482409176, 0, 9823604384
0, 0, 950000, 27, true, 7512544642, 0, 9827352656
0, 0, 950000, 28, true, 7678960011, 0, 9822162696
0, 0, 950000, 29, true, 7442640166, 0, 9822565624
0, 0, 950000, 30, true, 7441408416, 0, 9823818120
0, 0, 950000, 31, true, 7735807038, 0, 9826797592
0, 0, 950000, 32, true, 7537234788, 0, 9826582312
0, 0, 950000, 33, true, 7526034782, 0, 9827522544
0, 0, 950000, 34, true, 7900550468, 0, 5262254608
0, 0, 950000, 35, true, 7418298245, 0, 9822399736
0, 0, 950000, 36, true, 7622568158, 0, 9823586144
0, 0, 950000, 37, true, 7813168224, 0, 9826696184
0, 0, 950000, 38, true, 7502732260, 0, 5258129248
0, 0, 950000, 39, true, 7435943493, 0, 9822861776
0, 0, 950000, 40, true, 7485727883, 0, 5262397240
0, 0, 950000, 41, true, 7790941186, 0, 5261829800
0, 0, 950000, 42, true, 7529770949, 0, 9825945568
0, 0, 950000, 43, true, 7489943618, 0, 5262282664
0, 0, 950000, 44, true, 7413953070, 0, 9823321792
0, 0, 950000, 45, true, 7479365557, 0, 9823502384
0, 0, 950000, 46, true, 7770102155, 0, 9826226664
0, 0, 950000, 47, true, 7568305861, 0, 9822125976
0, 0, 950000, 48, true, 7644737189, 0, 9822221768
0, 0, 950000, 49, true, 7529486605, 0, 9823388960
0, 0, 950000, 50, true, 7779955483, 0, 5262153872
0, 0, 950000, 51, true, 7655068533, 0, 5257372872
0, 0, 950000, 52, true, 7570335330, 0, 9826681376
0, 0, 950000, 53, true, 7743601108, 0, 9822429920
0, 0, 950000, 54, true, 7728053241, 0, 9825662600
0, 0, 950000, 55, true, 7556759865, 0, 9822389632
0, 0, 950000, 56, true, 7655569552, 0, 9822254312
0, 0, 950000, 57, true, 7439730503, 0, 9822159976
0, 0, 950000, 58, true, 7324784500, 0, 9823455344
0, 0, 950000, 59, true, 7782540609, 0, 9826740960
0, 0, 950000, 60, true, 7550995843, 0, 9822247520
0, 0, 950000, 61, true, 7471695982, 0, 9823516664
0, 0, 950000, 62, true, 7394326592, 0, 9823181856
0, 0, 950000, 63, true, 7544220156, 0, 5258287544
0, 0, 950000, 64, true, 7511629458, 0, 9822783872
0, 0, 950000, 65, true, 7494489608, 0, 9822866792
0, 0, 950000, 66, true, 7834366933, 0, 5262204080
0, 0, 950000, 67, true, 7532218755, 0, 9826282848
0, 0, 950000, 68, true, 7439481364, 0, 9827493952
0, 0, 950000, 69, true, 7666896685, 0, 9821689520
0, 0, 950000, 70, true, 7547891572, 0, 9822258592
0, 0, 950000, 71, true, 7772604951, 0, 9823166520
0, 0, 950000, 72, true, 7426090849, 0, 9822868360
0, 0, 950000, 73, true, 7540892916, 0, 9827993248
0, 0, 950000, 74, true, 7730326902, 0, 9826966784
0, 0, 950000, 75, true, 7540904186, 0, 9826116016
0, 0, 950000, 76, true, 7435697992, 0, 9823210232
0, 0, 950000, 77, true, 7728815756, 0, 9821714128
0, 0, 950000, 78, true, 7843068577, 0, 9821815768
0, 0, 950000, 79, true, 7548520038, 0, 5262499304
0, 0, 950000, 80, true, 7672069568, 0, 9822212744
0, 0, 950000, 81, true, 7395380269, 0, 5258393560
0, 0, 950000, 82, true, 7583148205, 0, 9827560088
0, 0, 950000, 83, true, 7606631714, 0, 9823358448
0, 0, 950000, 84, true, 7402930340, 0, 9823512544
0, 0, 950000, 85, true, 7390920024, 0, 9823273672
0, 0, 950000, 86, true, 7624991082, 0, 9823536984
0, 0, 950000, 87, true, 7467289583, 0, 9823181832
0, 0, 950000, 88, true, 7559025136, 0, 9827524456
0, 0, 950000, 89, true, 7457724165, 0, 9823269856
0, 0, 950000, 90, true, 7516050667, 0, 9823846440
0, 0, 950000, 91, true, 7443131119, 0, 9823604968
0, 0, 950000, 92, true, 7488799844, 0, 9822879456
0, 0, 950000, 93, true, 7539254610, 0, 9823180264
0, 0, 950000, 94, true, 7465802010, 0, 9823560384
0, 0, 950000, 95, true, 7604954348, 0, 5258472944
0, 0, 950000, 96, true, 7567888812, 0, 9823364752
0, 0, 950000, 97, true, 7726077151, 0, 9826513928
0, 0, 950000, 98, true, 7467176198, 0, 9826956248
0, 0, 950000, 99, true, 7522657682, 0, 5258206296
0, 0, 1000000, 0, true, 7767503106, 0, 5279350056
0, 0, 1000000, 1, true, 7782343181, 0, 10068749768
0, 0, 1000000, 2, true, 7779662592, 0, 10068717496
0, 0, 1000000, 3, true, 7952343108, 0, 10068668776
0, 0, 1000000, 4, true, 7928038429, 0, 10068227488
0, 0, 1000000, 5, true, 7790655605, 0, 5279273592
0, 0, 1000000, 6, true, 7881877459, 0, 10068471312
0, 0, 1000000, 7, true, 7876500160, 0, 10068716400
0, 0, 1000000, 8, true, 7872740723, 0, 10068716248
0, 0, 1000000, 9, true, 7819599764, 0, 5279196216
0, 0, 1000000, 10, true, 7900792043, 0, 10068697592
0, 0, 1000000, 11, true, 7952370103, 0, 10068426352
0, 0, 1000000, 12, true, 7973386353, 0, 10068583264
0, 0, 1000000, 13, true, 7921388015, 0, 5279277096
0, 0, 1000000, 14, true, 7991243358, 0, 10068764320
0, 0, 1000000, 15, true, 7811283151, 0, 10068080144
0, 0, 1000000, 16, true, 7878870606, 0, 10068777288
0, 0, 1000000, 17, true, 7878587794, 0, 10068863408
0, 0, 1000000, 18, true, 7773872863, 0, 10068976128
0, 0, 1000000, 19, true, 7802746507, 0, 10069192456
0, 0, 1000000, 20, true, 7853374798, 0, 10068789352
0, 0, 1000000, 21, true, 7820054486, 0, 10068750776
0, 0, 1000000, 22, true, 7902206780, 0, 10068908312
0, 0, 1000000, 23, true, 7904825510, 0, 10068163536
0, 0, 1000000, 24, true, 7791363709, 0, 10068827264
0, 0, 1000000, 25, true, 7844653389, 0, 10068785736
0, 0, 1000000, 26, true, 7836829111, 0, 10068803184
0, 0, 1000000, 27, true, 7795330252, 0, 5279331272
0, 0, 1000000, 28, true, 7903427745, 0, 10068663344
0, 0, 1000000, 29, true, 7934282248, 0, 10068204456
0, 0, 1000000, 30, true, 7935236745, 0, 10068360560
0, 0, 1000000, 31, true, 7865584817, 0, 10068980120
0, 0, 1000000, 32, true, 7866063910, 0, 10068880960
0, 0, 1000000, 33, true, 7839663460, 0, 10068711648
0, 0, 1000000, 34, true, 7842100375, 0, 10068824752
0, 0, 1000000, 35, true, 7816413728, 0, 10068735928
0, 0, 1000000, 36, true, 7966750609, 0, 10068755312
0, 0, 1000000, 37, true, 7806567344, 0, 10068353456
0, 0, 1000000, 38, true, 7841011415, 0, 10068448856
0, 0, 1000000, 39, true, 7896034294, 0, 5279231000
0, 0, 1000000, 40, true, 7849133347, 0, 10068939408
0, 0, 1000000, 41, true, 7826218432, 0, 10068876840
0, 0, 1000000, 42, true, 7875482309, 0, 10068794968
0, 0, 1000000, 43, true, 7874616937, 0, 10069063040
0, 0, 1000000, 44, true, 7780226392, 0, 10068487680
0, 0, 1000000, 45, true, 7822409071, 0, 10068867616
0, 0, 1000000, 46, true, 7883285129, 0, 5279378792
0, 0, 1000000, 47, true, 7804932044, 0, 10068224520
0, 0, 1000000, 48, true, 7841759840, 0, 5279341048
0, 0, 1000000, 49, true, 7927066008, 0, 10068156664
0, 0, 1000000, 50, true, 7855689174, 0, 10068864312
0, 0, 1000000, 51, true, 7950278145, 0, 10068777400
0, 0, 1000000, 52, true, 7813822618, 0, 10068142864
0, 0, 1000000, 53, true, 7920666189, 0, 10068796208
0, 0, 1000000, 54, true, 7883188862, 0, 10068535464
0, 0, 1000000, 55, true, 7918645442, 0, 10068967600
0, 0, 1000000, 56, true, 7842725578, 0, 10068196896
0, 0, 1000000, 57, true, 7824675019, 0, 10069038976
0, 0, 1000000, 58, true, 7910312592, 0, 10068953984
0, 0, 1000000, 59, true, 7996224436, 0, 10069054440
0, 0, 1000000, 60, true, 7920437375, 0, 5279302584
0, 0, 1000000, 61, true, 7809855638, 0, 10068762456
0, 0, 1000000, 62, true, 7865425170, 0, 10068288536
0, 0, 1000000, 63, true, 7825602542, 0, 10068786168
0, 0, 1000000, 64, true, 8000991692, 0, 10068810472
0, 0, 1000000, 65, true, 7957258231, 0, 5279332616
0, 0, 1000000, 66, true, 7994631283, 0, 5279342920
0, 0, 1000000, 67, true, 7899011154, 0, 10068107216
0, 0, 1000000, 68, true, 7792735077, 0, 5279431208
0, 0, 1000000, 69, true, 7776255691, 0, 10068948264
0, 0, 1000000, 70, true, 7897787043, 0, 10068762880
0, 0, 1000000, 71, true, 7973443556, 0, 10068781232
0, 0, 1000000, 72, true, 7901078621, 0, 10068034568
0, 0, 1000000, 73, true, 7889518481, 0, 5279273880
0, 0, 1000000, 74, true, 7773800706, 0, 5279382344
0, 0, 1000000, 75, true, 7765929534, 0, 5279396856
0, 0, 1000000, 76, true, 7889806033, 0, 10068990576
0, 0, 1000000, 77, true, 7899485389, 0, 10068955472
0, 0, 1000000, 78, true, 7877625190, 0, 10068782872
0, 0, 1000000, 79, true, 7952302980, 0, 10068781152
0, 0, 1000000, 80, true, 7839755808, 0, 5279415400
0, 0, 1000000, 81, true, 7947552018, 0, 10069066880
0, 0, 1000000, 82, true, 7850975008, 0, 10068356144
0, 0, 1000000, 83, true, 8018061052, 0, 10068737816
0, 0, 1000000, 84, true, 7838848097, 0, 10068941152
0, 0, 1000000, 85, true, 7843493306, 0, 5279540440
0, 0, 1000000, 86, true, 7800617126, 0, 10069098408
0, 0, 1000000, 87, true, 7853473737, 0, 10068763648
0, 0, 1000000, 88, true, 7937096714, 0, 10068921264
0, 0, 1000000, 89, true, 7794503797, 0, 5279260184
0, 0, 1000000, 90, true, 7891443446, 0, 10068739216
0, 0, 1000000, 91, true, 7851794122, 0, 10068755568
0, 0, 1000000, 92, true, 7879857763, 0, 5279451864
0, 0, 1000000, 93, true, 7857934621, 0, 10068436592
0, 0, 1000000, 94, true, 7896443244, 0, 10068720688
0, 0, 1000000, 95, true, 7877275654, 0, 10068715328
0, 0, 1000000, 96, true, 7809380785, 0, 10068755888
0, 0, 1000000, 97, true, 7947770214, 0, 10068813056
0, 0, 1000000, 98, true, 7865072123, 0, 10068305520
0, 0, 1000000, 99, true, 7845841191, 0, 5279296840
