500, 0, 0, 0, true, 373239324, 0, 1173220912
500, 0, 0, 1, true, 368557623, 0, 116137864
500, 0, 0, 2, true, 370111347, 0, 116338040
500, 0, 0, 3, true, 368111615, 0, 1027787584
500, 0, 0, 4, true, 367463183, 0, 1029370696
500, 0, 0, 5, true, 367260105, 0, 1027911008
500, 0, 0, 6, true, 367303131, 0, 1029509248
500, 0, 0, 7, true, 367807560, 0, 1027926696
500, 0, 0, 8, true, 367601476, 0, 1028035384
500, 0, 0, 9, true, 367734631, 0, 1029471648
500, 0, 0, 10, true, 367445326, 0, 116845536
500, 0, 0, 11, true, 367674989, 0, 1028084344
500, 0, 0, 12, true, 367016760, 0, 1028157272
500, 0, 0, 13, true, 366796230, 0, 117054296
500, 0, 0, 14, true, 368032889, 0, 117056816
500, 0, 0, 15, true, 367003203, 0, 117103736
500, 0, 0, 16, true, 368175098, 0, 116663712
500, 0, 0, 17, true, 366947977, 0, 113956104
500, 0, 0, 18, true, 367538631, 0, 113414424
500, 0, 0, 19, true, 367158004, 0, 113363728
500, 0, 0, 20, true, 367212381, 0, 113456152
500, 0, 0, 21, true, 366798491, 0, 113427568
500, 0, 0, 22, true, 368196596, 0, 113452856
500, 0, 0, 23, true, 368965065, 0, 113508632
500, 0, 0, 24, true, 367684670, 0, 113708600
500, 0, 0, 25, true, 367736152, 0, 113715992
500, 0, 0, 26, true, 367029290, 0, 113685880
500, 0, 0, 27, true, 367799790, 0, 1026374416
500, 0, 0, 28, true, 367366674, 0, 113792392
500, 0, 0, 29, true, 367049187, 0, 1024929448
500, 0, 0, 30, true, 367716112, 0, 113838536
500, 0, 0, 31, true, 367658339, 0, 113856392
500, 0, 0, 32, true, 367572451, 0, 113826064
500, 0, 0, 33, true, 367195964, 0, 113894872
500, 0, 0, 34, true, 368290964, 0, 113903864
500, 0, 0, 35, true, 367488955, 0, 113851176
500, 0, 0, 36, true, 368126657, 0, 113882008
500, 0, 0, 37, true, 367785982, 0, 113598144
500, 0, 0, 38, true, 368562531, 0, 113598904
500, 0, 0, 39, true, 367659646, 0, 115224000
500, 0, 0, 40, true, 367852820, 0, 113880792
500, 0, 0, 41, true, 371664561, 0, 113989960
500, 0, 0, 42, true, 366686517, 0, 113952480
500, 0, 0, 43, true, 367808581, 0, 115518160
500, 0, 0, 44, true, 367161153, 0, 114040208
500, 0, 0, 45, true, 368721934, 0, 114085336
500, 0, 0, 46, true, 366395285, 0, 114227216
500, 0, 0, 47, true, 367346806, 0, 114242056
500, 0, 0, 48, true, 366630555, 0, 114283496
500, 0, 0, 49, true, 367001821, 0, 114332104
500, 0, 0, 50, true, 366987325, 0, 114310336
500, 0, 0, 51, true, 366903043, 0, 114313184
500, 0, 0, 52, true, 366480210, 0, 114346392
500, 0, 0, 53, true, 366840725, 0, 114351928
500, 0, 0, 54, true, 367226979, 0, 0
500, 0, 0, 55, true, 368479286, 0, 114358536
500, 0, 0, 56, true, 367220753, 0, 114491080
500, 0, 0, 57, true, 367214501, 0, 114491128
500, 0, 0, 58, true, 367219237, 0, 114495496
500, 0, 0, 59, true, 366926410, 0, 1027145984
500, 0, 0, 60, true, 367171842, 0, 114615792
500, 0, 0, 61, true, 366874483, 0, 114636696
500, 0, 0, 62, true, 367764709, 0, 114642800
500, 0, 0, 63, true, 367331305, 0, 0
500, 0, 0, 64, true, 367387311, 0, 114635480
500, 0, 0, 65, true, 366690625, 0, 114637680
500, 0, 0, 66, true, 367321087, 0, 1025744792
500, 0, 0, 67, true, 366398510, 0, 114734792
500, 0, 0, 68, true, 366973020, 0, 114712192
500, 0, 0, 69, true, 366367986, 0, 114730440
500, 0, 0, 70, true, 367022722, 0, 114729696
500, 0, 0, 71, true, 366717012, 0, 1025865752
500, 0, 0, 72, true, 366545699, 0, 1025922280
500, 0, 0, 73, true, 366542609, 0, 114797432
500, 0, 0, 74, true, 367184948, 0, 114818336
500, 0, 0, 75, true, 367387796, 0, 114784048
500, 0, 0, 76, true, 367845263, 0, 114735120
500, 0, 0, 77, true, 367200282, 0, 1025862856
500, 0, 0, 78, true, 367617592, 0, 114769008
500, 0, 0, 79, true, 366698723, 0, 114772880
500, 0, 0, 80, true, 366684492, 0, 1025908760
500, 0, 0, 81, true, 368201343, 0, 114876568
500, 0, 0, 82, true, 367652343, 0, 114902080
500, 0, 0, 83, true, 366849889, 0, 114872336
500, 0, 0, 84, true, 367389332, 0, 114920832
500, 0, 0, 85, true, 367846694, 0, 114909120
500, 0, 0, 86, true, 367659581, 0, 114913584
500, 0, 0, 87, true, 370248227, 0, 114940064
500, 0, 0, 88, true, 367170620, 0, 115291536
500, 0, 0, 89, true, 367292074, 0, 115352000
500, 0, 0, 90, true, 367078293, 0, 115361008
500, 0, 0, 91, true, 366423610, 0, 1026434784
500, 0, 0, 92, true, 366528999, 0, 1026503760
500, 0, 0, 93, true, 366614482, 0, 115444720
500, 0, 0, 94, true, 366914916, 0, 115398440
500, 0, 0, 95, true, 366659013, 0, 115421136
500, 0, 0, 96, true, 367433567, 0, 115421888
500, 0, 0, 97, true, 365988584, 0, 115436792
500, 0, 0, 98, true, 367793286, 0, 115465648
500, 0, 0, 99, true, 366623290, 0, 115461776
1000, 0, 0, 0, true, 665854094, 0, 115695296
1000, 0, 0, 1, true, 664494193, 0, 114804176
1000, 0, 0, 2, true, 666174088, 0, 114290560
1000, 0, 0, 3, true, 665153429, 0, 114057960
1000, 0, 0, 4, true, 664774848, 0, 113774160
1000, 0, 0, 5, true, 663520823, 0, 113647064
1000, 0, 0, 6, true, 665363321, 0, 113568064
1000, 0, 0, 7, true, 665169528, 0, 113563520
1000, 0, 0, 8, true, 664857345, 0, 113544592
1000, 0, 0, 9, true, 664838428, 0, 113517384
1000, 0, 0, 10, true, 665743338, 0, 113536224
1000, 0, 0, 11, true, 665428336, 0, 0
1000, 0, 0, 12, true, 664774609, 0, 113470200
1000, 0, 0, 13, true, 663607093, 0, 113599144
1000, 0, 0, 14, true, 664938633, 0, 113649792
1000, 0, 0, 15, true, 665874319, 0, 113626976
1000, 0, 0, 16, true, 664693716, 0, 113589800
1000, 0, 0, 17, true, 664849449, 0, 113606008
1000, 0, 0, 18, true, 665144140, 0, 113621472
1000, 0, 0, 19, true, 664953509, 0, 113617392
1000, 0, 0, 20, true, 664687116, 0, 113728792
1000, 0, 0, 21, true, 664798902, 0, 113719680
1000, 0, 0, 22, true, 665246769, 0, 113702864
1000, 0, 0, 23, true, 664589259, 0, 114759992
1000, 0, 0, 24, true, 665278343, 0, 113864264
1000, 0, 0, 25, true, 663790050, 0, 113902704
1000, 0, 0, 26, true, 665111165, 0, 113917072
1000, 0, 0, 27, true, 665412816, 0, 113902528
1000, 0, 0, 28, true, 664543852, 0, 113657528
1000, 0, 0, 29, true, 664802645, 0, 113599992
1000, 0, 0, 30, true, 664181693, 0, 113572048
1000, 0, 0, 31, true, 664641245, 0, 113598880
1000, 0, 0, 32, true, 664584548, 0, 113557448
1000, 0, 0, 33, true, 664672835, 0, 113665400
1000, 0, 0, 34, true, 664563457, 0, 113629104
1000, 0, 0, 35, true, 666453864, 0, 113618056
1000, 0, 0, 36, true, 665245754, 0, 113606448
1000, 0, 0, 37, true, 663634318, 0, 113574856
1000, 0, 0, 38, true, 663794073, 0, 113610984
1000, 0, 0, 39, true, 664098585, 0, 113643544
1000, 0, 0, 40, true, 664904247, 0, 113669896
1000, 0, 0, 41, true, 664290375, 0, 1643940152
1000, 0, 0, 42, true, 665315592, 0, 113625048
1000, 0, 0, 43, true, 663870529, 0, 113651576
1000, 0, 0, 44, true, 664871969, 0, 113630752
1000, 0, 0, 45, true, 663748530, 0, 1643927920
1000, 0, 0, 46, true, 664753478, 0, 113676888
1000, 0, 0, 47, true, 663802099, 0, 113696784
1000, 0, 0, 48, true, 665777086, 0, 113661952
1000, 0, 0, 49, true, 664796490, 0, 113664840
1000, 0, 0, 50, true, 663057124, 0, 113677000
1000, 0, 0, 51, true, 666047833, 0, 113678088
1000, 0, 0, 52, true, 665463047, 0, 113988568
1000, 0, 0, 53, true, 664122294, 0, 114038592
1000, 0, 0, 54, true, 664120012, 0, 114010888
1000, 0, 0, 55, true, 664064949, 0, 114486488
1000, 0, 0, 56, true, 665573648, 0, 114143248
1000, 0, 0, 57, true, 665035334, 0, 114103016
1000, 0, 0, 58, true, 664721085, 0, 114094152
1000, 0, 0, 59, true, 663663834, 0, 1644423976
1000, 0, 0, 60, true, 664623956, 0, 114082432
1000, 0, 0, 61, true, 665204820, 0, 1644395816
1000, 0, 0, 62, true, 665849639, 0, 1644437888
1000, 0, 0, 63, true, 664001760, 0, 114126736
1000, 0, 0, 64, true, 665588224, 0, 114096568
1000, 0, 0, 65, true, 664766411, 0, 114131072
1000, 0, 0, 66, true, 665258648, 0, 114098184
1000, 0, 0, 67, true, 665578493, 0, 114181168
1000, 0, 0, 68, true, 665336711, 0, 1644446896
1000, 0, 0, 69, true, 665592684, 0, 114148616
1000, 0, 0, 70, true, 664301301, 0, 114155672
1000, 0, 0, 71, true, 665070248, 0, 114142656
1000, 0, 0, 72, true, 664353025, 0, 114182016
1000, 0, 0, 73, true, 664737646, 0, 114206736
1000, 0, 0, 74, true, 664372032, 0, 1644537824
1000, 0, 0, 75, true, 665285810, 0, 1644504816
1000, 0, 0, 76, true, 664015874, 0, 114186840
1000, 0, 0, 77, true, 663726315, 0, 114209968
1000, 0, 0, 78, true, 664925667, 0, 114239784
1000, 0, 0, 79, true, 663355743, 0, 114205256
1000, 0, 0, 80, true, 664476206, 0, 114166264
1000, 0, 0, 81, true, 665094441, 0, 114171064
1000, 0, 0, 82, true, 664352739, 0, 114203784
1000, 0, 0, 83, true, 664059742, 0, 114201016
1000, 0, 0, 84, true, 664388175, 0, 114201136
1000, 0, 0, 85, true, 664430533, 0, 114195008
1000, 0, 0, 86, true, 664660835, 0, 114246136
1000, 0, 0, 87, true, 664494127, 0, 114678808
1000, 0, 0, 88, true, 663986942, 0, 114185792
1000, 0, 0, 89, true, 664197855, 0, 114198136
1000, 0, 0, 90, true, 665104016, 0, 114236376
1000, 0, 0, 91, true, 663105643, 0, 114190016
1000, 0, 0, 92, true, 664468842, 0, 114208648
1000, 0, 0, 93, true, 664143326, 0, 114324192
1000, 0, 0, 94, true, 664145878, 0, 114305672
1000, 0, 0, 95, true, 664838803, 0, 114252816
1000, 0, 0, 96, true, 664501314, 0, 114305416
1000, 0, 0, 97, true, 663800276, 0, 114253448
1000, 0, 0, 98, true, 663820806, 0, 114274168
1000, 0, 0, 99, true, 663489132, 0, 1644607304
1500, 0, 0, 0, true, 961516939, 0, 114305968
1500, 0, 0, 1, true, 960570121, 0, 114558272
1500, 0, 0, 2, true, 961107611, 0, 114644144
1500, 0, 0, 3, true, 960949718, 0, 114672376
1500, 0, 0, 4, true, 961761033, 0, 2179698944
1500, 0, 0, 5, true, 961377044, 0, 115249280
1500, 0, 0, 6, true, 959096094, 0, 2180822664
1500, 0, 0, 7, true, 960274643, 0, 115320952
1500, 0, 0, 8, true, 960842822, 0, 115286528
1500, 0, 0, 9, true, 960600139, 0, 115291432
1500, 0, 0, 10, true, 960188534, 0, 115283480
1500, 0, 0, 11, true, 960227406, 0, 115322104
1500, 0, 0, 12, true, 962026469, 0, 115335272
1500, 0, 0, 13, true, 962586544, 0, 115343000
1500, 0, 0, 14, true, 960486130, 0, 2183613712
1500, 0, 0, 15, true, 962633318, 0, 115301008
1500, 0, 0, 16, true, 959895951, 0, 2184182608
1500, 0, 0, 17, true, 962440661, 0, 115815232
1500, 0, 0, 18, true, 961800588, 0, 115793296
1500, 0, 0, 19, true, 961885949, 0, 115828992
1500, 0, 0, 20, true, 959190695, 0, 2184269784
1500, 0, 0, 21, true, 959644405, 0, 2184128880
1500, 0, 0, 22, true, 961018223, 0, 115842560
1500, 0, 0, 23, true, 959288471, 0, 115857632
1500, 0, 0, 24, true, 960115884, 0, 115860632
1500, 0, 0, 25, true, 961565532, 0, 115896776
1500, 0, 0, 26, true, 960815770, 0, 115875512
1500, 0, 0, 27, true, 962375301, 0, 115845880
1500, 0, 0, 28, true, 960505606, 0, 115860024
1500, 0, 0, 29, true, 959180708, 0, 115928648
1500, 0, 0, 30, true, 961348770, 0, 115849816
1500, 0, 0, 31, true, 960960967, 0, 115929536
1500, 0, 0, 32, true, 961343312, 0, 115874480
1500, 0, 0, 33, true, 961467906, 0, 115937704
1500, 0, 0, 34, true, 960564089, 0, 115937728
1500, 0, 0, 35, true, 960034266, 0, 115902968
1500, 0, 0, 36, true, 959897805, 0, 115932888
1500, 0, 0, 37, true, 958651884, 0, 115888008
1500, 0, 0, 38, true, 958814112, 0, 115902224
1500, 0, 0, 39, true, 959839547, 0, 115953560
1500, 0, 0, 40, true, 959732607, 0, 115956344
1500, 0, 0, 41, true, 962335175, 0, 2184184080
1500, 0, 0, 42, true, 959692972, 0, 115969648
1500, 0, 0, 43, true, 960805589, 0, 115972616
1500, 0, 0, 44, true, 959889160, 0, 115957360
1500, 0, 0, 45, true, 960610359, 0, 115931632
1500, 0, 0, 46, true, 963081923, 0, 115973832
1500, 0, 0, 47, true, 960819939, 0, 115968936
1500, 0, 0, 48, true, 961029827, 0, 2184369896
1500, 0, 0, 49, true, 961863909, 0, 115936016
1500, 0, 0, 50, true, 959522281, 0, 115970712
1500, 0, 0, 51, true, 960267025, 0, 116008496
1500, 0, 0, 52, true, 959947935, 0, 116002176
1500, 0, 0, 53, true, 960692213, 0, 115958968
1500, 0, 0, 54, true, 958976407, 0, 116021704
1500, 0, 0, 55, true, 960390203, 0, 116018864
1500, 0, 0, 56, true, 958517419, 0, 116000720
1500, 0, 0, 57, true, 961324331, 0, 116048008
1500, 0, 0, 58, true, 960274784, 0, 116026008
1500, 0, 0, 59, true, 960322525, 0, 116067592
1500, 0, 0, 60, true, 958938179, 0, 116068056
1500, 0, 0, 61, true, 960304209, 0, 116067032
1500, 0, 0, 62, true, 958781510, 0, 116127208
1500, 0, 0, 63, true, 958679279, 0, 116144224
1500, 0, 0, 64, true, 961213407, 0, 116092864
1500, 0, 0, 65, true, 960840870, 0, 116049816
1500, 0, 0, 66, true, 962380720, 0, 116068488
1500, 0, 0, 67, true, 961808246, 0, 116120552
1500, 0, 0, 68, true, 960385461, 0, 115999008
1500, 0, 0, 69, true, 961822010, 0, 115992304
1500, 0, 0, 70, true, 958465981, 0, 115978696
1500, 0, 0, 71, true, 961667422, 0, 116045304
1500, 0, 0, 72, true, 960601178, 0, 116005576
1500, 0, 0, 73, true, 960880763, 0, 116030624
1500, 0, 0, 74, true, 961260799, 0, 115995208
1500, 0, 0, 75, true, 961513930, 0, 115992720
1500, 0, 0, 76, true, 960109183, 0, 116039000
1500, 0, 0, 77, true, 958301292, 0, 116044616
1500, 0, 0, 78, true, 960627378, 0, 116077728
1500, 0, 0, 79, true, 961852613, 0, 116041664
1500, 0, 0, 80, true, 960768238, 0, 116047552
1500, 0, 0, 81, true, 959371292, 0, 116024392
1500, 0, 0, 82, true, 958019536, 0, 116024824
1500, 0, 0, 83, true, 961232166, 0, 116089344
1500, 0, 0, 84, true, 959642415, 0, 116079744
1500, 0, 0, 85, true, 960998032, 0, 116056192
1500, 0, 0, 86, true, 960272500, 0, 116089400
1500, 0, 0, 87, true, 959178787, 0, 2184284680
1500, 0, 0, 88, true, 958246784, 0, 116052400
1500, 0, 0, 89, true, 961475774, 0, 116074624
1500, 0, 0, 90, true, 960486428, 0, 116071448
1500, 0, 0, 91, true, 959223230, 0, 116069616
1500, 0, 0, 92, true, 960218913, 0, 116121968
1500, 0, 0, 93, true, 960169559, 0, 116088144
1500, 0, 0, 94, true, 962674924, 0, 116085472
1500, 0, 0, 95, true, 961474338, 0, 116100496
1500, 0, 0, 96, true, 960262404, 0, 116083408
1500, 0, 0, 97, true, 962740789, 0, 116068488
1500, 0, 0, 98, true, 960212743, 0, 116086408
1500, 0, 0, 99, true, 959601686, 0, 116107176
2000, 0, 0, 0, true, 1260621651, 0, 116137160
2000, 0, 0, 1, true, 1262975773, 0, 116300712
2000, 0, 0, 2, true, 1261765683, 0, 116364656
2000, 0, 0, 3, true, 1261902174, 0, 116436000
2000, 0, 0, 4, true, 1261899988, 0, 116431344
2000, 0, 0, 5, true, 1261523828, 0, 116494520
2000, 0, 0, 6, true, 1262818606, 0, 116475760
2000, 0, 0, 7, true, 1259127052, 0, 116519864
2000, 0, 0, 8, true, 1260807521, 0, 116492408
2000, 0, 0, 9, true, 1259759047, 0, 116521048
2000, 0, 0, 10, true, 1261105726, 0, 116497344
2000, 0, 0, 11, true, 1261397458, 0, 116524088
2000, 0, 0, 12, true, 1260236568, 0, 116567008
2000, 0, 0, 13, true, 1263026887, 0, 116501512
2000, 0, 0, 14, true, 1260899061, 0, 116542736
2000, 0, 0, 15, true, 1259149085, 0, 116538800
2000, 0, 0, 16, true, 1260539629, 0, 116501776
2000, 0, 0, 17, true, 1260200944, 0, 116526240
2000, 0, 0, 18, true, 1258783259, 0, 116477520
2000, 0, 0, 19, true, 1260641879, 0, 0
2000, 0, 0, 20, true, 1261469507, 0, 0
2000, 0, 0, 21, true, 1261082679, 0, 116554128
2000, 0, 0, 22, true, 1260562263, 0, 116564592
2000, 0, 0, 23, true, 1261310626, 0, 116582760
2000, 0, 0, 24, true, 1257980939, 0, 116552144
2000, 0, 0, 25, true, 1257366082, 0, 116549848
2000, 0, 0, 26, true, 1257916395, 0, 116560472
2000, 0, 0, 27, true, 1257516897, 0, 2748706224
2000, 0, 0, 28, true, 1259750517, 0, 116566056
2000, 0, 0, 29, true, 1257993964, 0, 116491248
2000, 0, 0, 30, true, 1257704216, 0, 116594712
2000, 0, 0, 31, true, 1258827205, 0, 116500760
2000, 0, 0, 32, true, 1257215643, 0, 116518912
2000, 0, 0, 33, true, 1257790924, 0, 116565608
2000, 0, 0, 34, true, 1257852556, 0, 116568344
2000, 0, 0, 35, true, 1259519404, 0, 116560032
2000, 0, 0, 36, true, 1260841580, 0, 116560040
2000, 0, 0, 37, true, 1259097694, 0, 116560064
2000, 0, 0, 38, true, 1259546493, 0, 116568376
2000, 0, 0, 39, true, 1258324284, 0, 116560200
2000, 0, 0, 40, true, 1259767952, 0, 116581800
2000, 0, 0, 41, true, 1258947127, 0, 116550080
2000, 0, 0, 42, true, 1259783509, 0, 116575256
2000, 0, 0, 43, true, 1263745781, 0, 116564752
2000, 0, 0, 44, true, 1263624102, 0, 116762928
2000, 0, 0, 45, true, 1265858391, 0, 116793792
2000, 0, 0, 46, true, 1264735618, 0, 116828672
2000, 0, 0, 47, true, 1262925246, 0, 116793944
2000, 0, 0, 48, true, 1267444537, 0, 116839216
2000, 0, 0, 49, true, 1263480235, 0, 116828896
2000, 0, 0, 50, true, 1266242744, 0, 116794120
2000, 0, 0, 51, true, 1266183188, 0, 116812280
2000, 0, 0, 52, true, 1266682310, 0, 116847320
2000, 0, 0, 53, true, 1266206362, 0, 116809416
2000, 0, 0, 54, true, 1263506287, 0, 116845136
2000, 0, 0, 55, true, 1265417879, 0, 116816552
2000, 0, 0, 56, true, 1265905003, 0, 116808248
2000, 0, 0, 57, true, 1264045816, 0, 116834720
2000, 0, 0, 58, true, 1264947009, 0, 116835952
2000, 0, 0, 59, true, 1264163421, 0, 116804432
2000, 0, 0, 60, true, 1261261923, 0, 116845656
2000, 0, 0, 61, true, 1263996314, 0, 116808640
2000, 0, 0, 62, true, 1262859226, 0, 116817168
2000, 0, 0, 63, true, 1265026734, 0, 116814288
2000, 0, 0, 64, true, 1264245628, 0, 116846760
2000, 0, 0, 65, true, 1264102080, 0, 116859832
2000, 0, 0, 66, true, 1265973643, 0, 116834536
2000, 0, 0, 67, true, 1264512696, 0, 116900216
2000, 0, 0, 68, true, 1265416182, 0, 116918344
2000, 0, 0, 69, true, 1263205718, 0, 116889728
2000, 0, 0, 70, true, 1262323935, 0, 116887000
2000, 0, 0, 71, true, 1261751639, 0, 116900248
2000, 0, 0, 72, true, 1263537685, 0, 116834880
2000, 0, 0, 73, true, 1263060172, 0, 116896296
2000, 0, 0, 74, true, 1261902727, 0, 116907792
2000, 0, 0, 75, true, 1261548953, 0, 116858864
2000, 0, 0, 76, true, 1263833036, 0, 116893656
2000, 0, 0, 77, true, 1265301240, 0, 116862448
2000, 0, 0, 78, true, 1264976330, 0, 116909776
2000, 0, 0, 79, true, 1264078230, 0, 116875576
2000, 0, 0, 80, true, 1261878400, 0, 116881944
2000, 0, 0, 81, true, 1261193678, 0, 116946792
2000, 0, 0, 82, true, 1261950892, 0, 116863208
2000, 0, 0, 83, true, 1262425096, 0, 116865464
2000, 0, 0, 84, true, 1258959571, 0, 116918104
2000, 0, 0, 85, true, 1259913991, 0, 117027240
2000, 0, 0, 86, true, 1261536599, 0, 117045984
2000, 0, 0, 87, true, 1259996693, 0, 117044072
2000, 0, 0, 88, true, 1257787633, 0, 2749230408
2000, 0, 0, 89, true, 1260113266, 0, 117034288
2000, 0, 0, 90, true, 1257453888, 0, 2749262904
2000, 0, 0, 91, true, 1259927868, 0, 117079504
2000, 0, 0, 92, true, 1262972184, 0, 117063000
2000, 0, 0, 93, true, 1261461707, 0, 117052008
2000, 0, 0, 94, true, 1257477191, 0, 117076816
2000, 0, 0, 95, true, 1259460981, 0, 117072568
2000, 0, 0, 96, true, 1257893136, 0, 117033944
2000, 0, 0, 97, true, 1256334419, 0, 117103376
2000, 0, 0, 98, true, 1256389729, 0, 117068984
2000, 0, 0, 99, true, 1258637910, 0, 117045304
2500, 0, 0, 0, true, 5035217668, 0, 4043363416
2500, 0, 0, 1, true, 1688935458, 0, 2905584440
2500, 0, 0, 2, true, 1647010495, 0, 2177881896
2500, 0, 0, 3, true, 1653934024, 0, 1994460576
2500, 0, 0, 4, true, 1636284870, 0, 1961404368
2500, 0, 0, 5, true, 1633798041, 0, 1868037176
2500, 0, 0, 6, true, 1633245855, 0, 1928930872
2500, 0, 0, 7, true, 1637513412, 0, 1850861280
2500, 0, 0, 8, true, 1635653069, 0, 1919610312
2500, 0, 0, 9, true, 1633855362, 0, 1854563960
2500, 0, 0, 10, true, 1633979175, 0, 1926404504
2500, 0, 0, 11, true, 1634421395, 0, 1858270640
2500, 0, 0, 12, true, 1634621018, 0, 1931671152
2500, 0, 0, 13, true, 1632843568, 0, 1860368344
2500, 0, 0, 14, true, 1635192766, 0, 1933812992
2500, 0, 0, 15, true, 1631715461, 0, 1861941768
2500, 0, 0, 16, true, 1635632991, 0, 1935899160
2500, 0, 0, 17, true, 1634743278, 0, 1986748824
2500, 0, 0, 18, true, 1637228914, 0, 1935937384
2500, 0, 0, 19, true, 1634418812, 0, 1861991824
2500, 0, 0, 20, true, 1637184787, 0, 1936357768
2500, 0, 0, 21, true, 1632845649, 0, 1861986120
2500, 0, 0, 22, true, 1636110679, 0, 1936394768
2500, 0, 0, 23, true, 1632383854, 0, 1862043696
2500, 0, 0, 24, true, 1636304759, 0, 1936495832
2500, 0, 0, 25, true, 1635026368, 0, 1862043160
2500, 0, 0, 26, true, 1636449952, 0, 1936491104
2500, 0, 0, 27, true, 1632633564, 0, 1862043216
2500, 0, 0, 28, true, 1634863335, 0, 1936524896
2500, 0, 0, 29, true, 1634849228, 0, 1862066200
2500, 0, 0, 30, true, 1636539421, 0, 1936523880
2500, 0, 0, 31, true, 1634748783, 0, 1862037464
2500, 0, 0, 32, true, 1635934803, 0, 2041758872
2500, 0, 0, 33, true, 1632449571, 0, 1862075320
2500, 0, 0, 34, true, 1636107123, 0, 1936601440
2500, 0, 0, 35, true, 1630233475, 0, 1862043736
2500, 0, 0, 36, true, 1636722457, 0, 1936527336
2500, 0, 0, 37, true, 1635318417, 0, 1862111224
2500, 0, 0, 38, true, 1637224924, 0, 1936526920
2500, 0, 0, 39, true, 1634874095, 0, 1862078328
2500, 0, 0, 40, true, 1636161508, 0, 1936533352
2500, 0, 0, 41, true, 1633182802, 0, 1862045784
2500, 0, 0, 42, true, 1636725641, 0, 1936571056
2500, 0, 0, 43, true, 1634257917, 0, 1862132544
2500, 0, 0, 44, true, 1636490037, 0, 1936539944
2500, 0, 0, 45, true, 1631959010, 0, 1862045976
2500, 0, 0, 46, true, 1635710917, 0, 1936562936
2500, 0, 0, 47, true, 1631713937, 0, 1862055544
2500, 0, 0, 48, true, 1637456899, 0, 1936514928
2500, 0, 0, 49, true, 1636142342, 0, 2016849656
2500, 0, 0, 50, true, 1636083805, 0, 1936544560
2500, 0, 0, 51, true, 1633287481, 0, 1862128472
2500, 0, 0, 52, true, 1636813953, 0, 1936581320
2500, 0, 0, 53, true, 1632357757, 0, 1862087848
2500, 0, 0, 54, true, 1637026970, 0, 1936614352
2500, 0, 0, 55, true, 1634105037, 0, 1862165504
2500, 0, 0, 56, true, 1635633503, 0, 1936571672
2500, 0, 0, 57, true, 1632711920, 0, 1862164280
2500, 0, 0, 58, true, 1638104650, 0, 1936604408
2500, 0, 0, 59, true, 1633052631, 0, 2016834488
2500, 0, 0, 60, true, 1638349437, 0, 1936613176
2500, 0, 0, 61, true, 1632931164, 0, 1862127208
2500, 0, 0, 62, true, 1635793665, 0, 1936576872
2500, 0, 0, 63, true, 1630724239, 0, 1862111560
2500, 0, 0, 64, true, 1635844116, 0, 1936553944
2500, 0, 0, 65, true, 1633517300, 0, 2016816792
2500, 0, 0, 66, true, 1635515772, 0, 1936591056
2500, 0, 0, 67, true, 1632591492, 0, 1862073448
2500, 0, 0, 68, true, 1654174205, 0, 1936573200
2500, 0, 0, 69, true, 1633308353, 0, 1862118960
2500, 0, 0, 70, true, 1637806758, 0, 2041859304
2500, 0, 0, 71, true, 1634768478, 0, 1862192264
2500, 0, 0, 72, true, 1636602721, 0, 1936793112
2500, 0, 0, 73, true, 1632184856, 0, 1862420504
2500, 0, 0, 74, true, 1636017309, 0, 1936902816
2500, 0, 0, 75, true, 1633732285, 0, 1862420696
2500, 0, 0, 76, true, 1634971734, 0, 1936804072
2500, 0, 0, 77, true, 1632486583, 0, 1862453560
2500, 0, 0, 78, true, 1638583874, 0, 2042042488
2500, 0, 0, 79, true, 1631628546, 0, 1862454192
2500, 0, 0, 80, true, 1634755099, 0, 1936871744
2500, 0, 0, 81, true, 1632053878, 0, 1862947264
2500, 0, 0, 82, true, 1634180674, 0, 2032419352
2500, 0, 0, 83, true, 1634058402, 0, 1862385128
2500, 0, 0, 84, true, 1634909703, 0, 1936871448
2500, 0, 0, 85, true, 1632401277, 0, 1862383592
2500, 0, 0, 86, true, 1636125540, 0, 1936843072
2500, 0, 0, 87, true, 1637978684, 0, 1862413896
2500, 0, 0, 88, true, 1634350373, 0, 1936866744
2500, 0, 0, 89, true, 1632969846, 0, 2017104616
2500, 0, 0, 90, true, 1637889315, 0, 2042077880
2500, 0, 0, 91, true, 1636059810, 0, 1862949080
2500, 0, 0, 92, true, 1635594328, 0, 1937332456
2500, 0, 0, 93, true, 1634190960, 0, 1862418664
2500, 0, 0, 94, true, 1634960573, 0, 1936834808
2500, 0, 0, 95, true, 1631594488, 0, 1862381736
2500, 0, 0, 96, true, 1634793879, 0, 1907644360
2500, 0, 0, 97, true, 1633167747, 0, 1862348888
2500, 0, 0, 98, true, 1637324078, 0, 1936865400
2500, 0, 0, 99, true, 1632101881, 0, 1862419240
3000, 0, 0, 0, true, 2110033134, 0, 2495696184
3000, 0, 0, 1, true, 2173789965, 0, 3155340192
3000, 0, 0, 2, true, 2172137812, 0, 1979331168
3000, 0, 0, 3, true, 2082449532, 0, 1980529360
3000, 0, 0, 4, true, 2091345811, 0, 3398793856
3000, 0, 0, 5, true, 2173924586, 0, 3344317968
3000, 0, 0, 6, true, 2092390798, 0, 1980536184
3000, 0, 0, 7, true, 2172942832, 0, 3339052016
3000, 0, 0, 8, true, 2087105530, 0, 1980482168
3000, 0, 0, 9, true, 2170289142, 0, 3347964984
3000, 0, 0, 10, true, 2172907964, 0, 1979422832
3000, 0, 0, 11, true, 2168911711, 0, 3305422768
3000, 0, 0, 12, true, 2169676363, 0, 3350031232
3000, 0, 0, 13, true, 2168143766, 0, 3324315664
3000, 0, 0, 14, true, 2171081298, 0, 3337939392
3000, 0, 0, 15, true, 2102782272, 0, 3333163776
3000, 0, 0, 16, true, 2183977333, 0, 3418098296
3000, 0, 0, 17, true, 2093354177, 0, 3398706136
3000, 0, 0, 18, true, 2171756491, 0, 1979426392
3000, 0, 0, 19, true, 2173711112, 0, 3305923544
3000, 0, 0, 20, true, 2171340828, 0, 1950293816
3000, 0, 0, 21, true, 2164407166, 0, 3323205904
3000, 0, 0, 22, true, 2166394718, 0, 3338326056
3000, 0, 0, 23, true, 2089557210, 0, 3333337448
3000, 0, 0, 24, true, 2185018805, 0, 3419754368
3000, 0, 0, 25, true, 2087396215, 0, 1980557000
3000, 0, 0, 26, true, 2175226444, 0, 3397837520
3000, 0, 0, 27, true, 2165299139, 0, 3305761152
3000, 0, 0, 28, true, 2172926980, 0, 3349755864
3000, 0, 0, 29, true, 2170925751, 0, 1970474168
3000, 0, 0, 30, true, 2169191245, 0, 3338202288
3000, 0, 0, 31, true, 2088109939, 0, 3333214264
3000, 0, 0, 32, true, 2187098259, 0, 3419720440
3000, 0, 0, 33, true, 2087900623, 0, 1980525800
3000, 0, 0, 34, true, 2174932738, 0, 3397795016
3000, 0, 0, 35, true, 2166863812, 0, 1953221560
3000, 0, 0, 36, true, 2168333780, 0, 3349772888
3000, 0, 0, 37, true, 2177290763, 0, 3323364368
3000, 0, 0, 38, true, 2171479407, 0, 1979462304
3000, 0, 0, 39, true, 2089258459, 0, 3333093832
3000, 0, 0, 40, true, 2187790095, 0, 3419795672
3000, 0, 0, 41, true, 2087186363, 0, 1980534312
3000, 0, 0, 42, true, 2172517326, 0, 1979524352
3000, 0, 0, 43, true, 2164663835, 0, 3305847640
3000, 0, 0, 44, true, 2170238837, 0, 3349754552
3000, 0, 0, 45, true, 2165510717, 0, 3323277936
3000, 0, 0, 46, true, 2165346439, 0, 3338348552
3000, 0, 0, 47, true, 2088812643, 0, 3333311152
3000, 0, 0, 48, true, 2181951745, 0, 3419782736
3000, 0, 0, 49, true, 2088259249, 0, 1980521864
3000, 0, 0, 50, true, 2173894149, 0, 3397895968
3000, 0, 0, 51, true, 2168583359, 0, 3305830608
3000, 0, 0, 52, true, 2166079282, 0, 3349657680
3000, 0, 0, 53, true, 2167359571, 0, 3323356088
3000, 0, 0, 54, true, 2169015868, 0, 3338282616
3000, 0, 0, 55, true, 2087482417, 0, 3333202736
3000, 0, 0, 56, true, 2188367497, 0, 3419764840
3000, 0, 0, 57, true, 2089214492, 0, 1980559008
3000, 0, 0, 58, true, 2170955351, 0, 3397854832
3000, 0, 0, 59, true, 2166506967, 0, 3305881416
3000, 0, 0, 60, true, 2171659807, 0, 3349759408
3000, 0, 0, 61, true, 2167017436, 0, 3323276240
3000, 0, 0, 62, true, 2165788025, 0, 3338322568
3000, 0, 0, 63, true, 2091433162, 0, 1980413056
3000, 0, 0, 64, true, 2189924705, 0, 3419714104
3000, 0, 0, 65, true, 2087472290, 0, 1980536664
3000, 0, 0, 66, true, 2171725440, 0, 3397797208
3000, 0, 0, 67, true, 2165381653, 0, 3305895720
3000, 0, 0, 68, true, 2166684604, 0, 3349764328
3000, 0, 0, 69, true, 2171310108, 0, 3323334288
3000, 0, 0, 70, true, 2169268121, 0, 3338167752
3000, 0, 0, 71, true, 2086881423, 0, 3333181144
3000, 0, 0, 72, true, 2187426043, 0, 1972186720
3000, 0, 0, 73, true, 2086568497, 0, 1980490216
3000, 0, 0, 74, true, 2174245313, 0, 3397863680
3000, 0, 0, 75, true, 2170636849, 0, 3305806016
3000, 0, 0, 76, true, 2172924442, 0, 3349648024
3000, 0, 0, 77, true, 2180413513, 0, 1970509032
3000, 0, 0, 78, true, 2166792246, 0, 3338252736
3000, 0, 0, 79, true, 2087255189, 0, 3333359344
3000, 0, 0, 80, true, 2185855416, 0, 3419815904
3000, 0, 0, 81, true, 2089757582, 0, 1980552024
3000, 0, 0, 82, true, 2180893970, 0, 3397865104
3000, 0, 0, 83, true, 2167562845, 0, 3323581968
3000, 0, 0, 84, true, 2175137791, 0, 1979440752
3000, 0, 0, 85, true, 2169396739, 0, 3323264704
3000, 0, 0, 86, true, 2169444175, 0, 3338257304
3000, 0, 0, 87, true, 2087139242, 0, 3333206880
3000, 0, 0, 88, true, 2190227631, 0, 3419743464
3000, 0, 0, 89, true, 2090642164, 0, 1980505544
3000, 0, 0, 90, true, 2182185969, 0, 3397805136
3000, 0, 0, 91, true, 2171583021, 0, 3305854232
3000, 0, 0, 92, true, 2172067438, 0, 1979454664
3000, 0, 0, 93, true, 2170815009, 0, 3323304160
3000, 0, 0, 94, true, 2166415358, 0, 3338217056
3000, 0, 0, 95, true, 2087043958, 0, 3333309456
3000, 0, 0, 96, true, 2186709018, 0, 2001387184
3000, 0, 0, 97, true, 2088807132, 0, 1980518608
3000, 0, 0, 98, true, 2173197806, 0, 3397745288
3000, 0, 0, 99, true, 2170472095, 0, 3305844728
3500, 0, 0, 0, true, 4804767546, 0, 3118824928
3500, 0, 0, 1, true, 2503200856, 0, 1972861200
3500, 0, 0, 2, true, 2402654708, 0, 4017939944
3500, 0, 0, 3, true, 2391667350, 0, 3948829680
3500, 0, 0, 4, true, 2395139920, 0, 3933274816
3500, 0, 0, 5, true, 2396514002, 0, 3617139528
3500, 0, 0, 6, true, 2389712802, 0, 3688253088
3500, 0, 0, 7, true, 2395061965, 0, 1984114032
3500, 0, 0, 8, true, 2408402693, 0, 3688215552
3500, 0, 0, 9, true, 2387633372, 0, 3616822816
3500, 0, 0, 10, true, 2391178739, 0, 3688209504
3500, 0, 0, 11, true, 2388469801, 0, 3617097920
3500, 0, 0, 12, true, 2390647402, 0, 3617055864
3500, 0, 0, 13, true, 2406663592, 0, 3617046328
3500, 0, 0, 14, true, 2395013496, 0, 3694824528
3500, 0, 0, 15, true, 2398024781, 0, 1984130800
3500, 0, 0, 16, true, 2394960596, 0, 3617003136
3500, 0, 0, 17, true, 2389310078, 0, 3617115816
3500, 0, 0, 18, true, 2392286502, 0, 3617096408
3500, 0, 0, 19, true, 2389958814, 0, 3617079408
3500, 0, 0, 20, true, 2392267335, 0, 3617056984
3500, 0, 0, 21, true, 2390029868, 0, 1984195856
3500, 0, 0, 22, true, 2392331239, 0, 3688321936
3500, 0, 0, 23, true, 2395753034, 0, 3695119592
3500, 0, 0, 24, true, 2393176679, 0, 3616982680
3500, 0, 0, 25, true, 2391150891, 0, 3617107920
3500, 0, 0, 26, true, 2388448159, 0, 3695284128
3500, 0, 0, 27, true, 2395729673, 0, 1984185472
3500, 0, 0, 28, true, 2390855056, 0, 3617173824
3500, 0, 0, 29, true, 2388217546, 0, 3617195352
3500, 0, 0, 30, true, 2404559350, 0, 3617131544
3500, 0, 0, 31, true, 2393430263, 0, 3617177952
3500, 0, 0, 32, true, 2402005748, 0, 1984298576
3500, 0, 0, 33, true, 2392009442, 0, 3617157952
3500, 0, 0, 34, true, 2395817775, 0, 3617100768
3500, 0, 0, 35, true, 2389458150, 0, 3694853176
3500, 0, 0, 36, true, 2388631956, 0, 3617174712
3500, 0, 0, 37, true, 2402836599, 0, 3617215472
3500, 0, 0, 38, true, 2399041257, 0, 3617185496
3500, 0, 0, 39, true, 2393239213, 0, 1984188736
3500, 0, 0, 40, true, 2390323293, 0, 3688259376
3500, 0, 0, 41, true, 2392317895, 0, 3617133144
3500, 0, 0, 42, true, 2395063131, 0, 3617104824
3500, 0, 0, 43, true, 2397848370, 0, 1984260720
3500, 0, 0, 44, true, 2388131712, 0, 1984300496
3500, 0, 0, 45, true, 2401038309, 0, 3695060576
3500, 0, 0, 46, true, 2400588064, 0, 3617112472
3500, 0, 0, 47, true, 2392655742, 0, 3617144072
3500, 0, 0, 48, true, 2398004112, 0, 1984309488
3500, 0, 0, 49, true, 2388277922, 0, 3617204776
3500, 0, 0, 50, true, 2392477122, 0, 3617116936
3500, 0, 0, 51, true, 2393188926, 0, 3617257024
3500, 0, 0, 52, true, 2390498439, 0, 1984321520
3500, 0, 0, 53, true, 2393994214, 0, 3617170080
3500, 0, 0, 54, true, 2394537267, 0, 1984412344
3500, 0, 0, 55, true, 2405988121, 0, 3695106688
3500, 0, 0, 56, true, 2391967243, 0, 1984297136
3500, 0, 0, 57, true, 2390175945, 0, 1955103672
3500, 0, 0, 58, true, 2388855081, 0, 3688453320
3500, 0, 0, 59, true, 2395567294, 0, 1984275856
3500, 0, 0, 60, true, 2390498364, 0, 3617238624
3500, 0, 0, 61, true, 2392738344, 0, 3617212168
3500, 0, 0, 62, true, 2405043759, 0, 3617172048
3500, 0, 0, 63, true, 2387922533, 0, 3617216016
3500, 0, 0, 64, true, 2392229353, 0, 3617157688
3500, 0, 0, 65, true, 2390854125, 0, 1984243904
3500, 0, 0, 66, true, 2401047699, 0, 3617095448
3500, 0, 0, 67, true, 2390780634, 0, 3617203088
3500, 0, 0, 68, true, 2395854977, 0, 3688406912
3500, 0, 0, 69, true, 2390003571, 0, 1984267472
3500, 0, 0, 70, true, 2389273657, 0, 3688408952
3500, 0, 0, 71, true, 2391605723, 0, 3617221648
3500, 0, 0, 72, true, 2389527314, 0, 1984320304
3500, 0, 0, 73, true, 2392359452, 0, 1984255664
3500, 0, 0, 74, true, 2388943935, 0, 3617207176
3500, 0, 0, 75, true, 2393471746, 0, 3695085808
3500, 0, 0, 76, true, 2395764880, 0, 3617099328
3500, 0, 0, 77, true, 2390292683, 0, 3617125800
3500, 0, 0, 78, true, 2386867283, 0, 3688356624
3500, 0, 0, 79, true, 2388400337, 0, 1984279760
3500, 0, 0, 80, true, 2399140091, 0, 3617036760
3500, 0, 0, 81, true, 2390106121, 0, 3695225312
3500, 0, 0, 82, true, 2396504005, 0, 3617193104
3500, 0, 0, 83, true, 2392890263, 0, 3617207000
3500, 0, 0, 84, true, 2388780959, 0, 3617158176
3500, 0, 0, 85, true, 2408388422, 0, 3617215872
3500, 0, 0, 86, true, 2392798772, 0, 3617219792
3500, 0, 0, 87, true, 2387390260, 0, 1984286928
3500, 0, 0, 88, true, 2389019629, 0, 1984305752
3500, 0, 0, 89, true, 2390060054, 0, 3695404848
3500, 0, 0, 90, true, 2393854098, 0, 3617161992
3500, 0, 0, 91, true, 2396487585, 0, 3617156504
3500, 0, 0, 92, true, 2391222129, 0, 3617134576
3500, 0, 0, 93, true, 2391452386, 0, 3617222832
3500, 0, 0, 94, true, 2403078130, 0, 1984322800
3500, 0, 0, 95, true, 2388679346, 0, 3617259672
3500, 0, 0, 96, true, 2389923529, 0, 3617237312
3500, 0, 0, 97, true, 2400308878, 0, 3617238416
3500, 0, 0, 98, true, 2391712616, 0, 3617174752
3500, 0, 0, 99, true, 2402955808, 0, 3695258064
4000, 0, 0, 0, true, 2800609386, 0, 2376407376
4000, 0, 0, 1, true, 2805349228, 0, 2391050048
4000, 0, 0, 2, true, 2796808173, 0, 4587998152
4000, 0, 0, 3, true, 2804868840, 0, 4206358792
4000, 0, 0, 4, true, 2795474805, 0, 4576691624
4000, 0, 0, 5, true, 2817868071, 0, 2390959424
4000, 0, 0, 6, true, 2807998938, 0, 4563057280
4000, 0, 0, 7, true, 2818476743, 0, 2391090720
4000, 0, 0, 8, true, 2791333164, 0, 4551370960
4000, 0, 0, 9, true, 2807916569, 0, 4206375240
4000, 0, 0, 10, true, 2792145819, 0, 4542128976
4000, 0, 0, 11, true, 2810980779, 0, 2391020672
4000, 0, 0, 12, true, 2791988780, 0, 4534250480
4000, 0, 0, 13, true, 2810123568, 0, 4202808624
4000, 0, 0, 14, true, 2805433311, 0, 2390943472
4000, 0, 0, 15, true, 2795901469, 0, 4583429056
4000, 0, 0, 16, true, 2807612341, 0, 4206315784
4000, 0, 0, 17, true, 2800907181, 0, 4569812560
4000, 0, 0, 18, true, 2804013810, 0, 4206358424
4000, 0, 0, 19, true, 2793924364, 0, 4557179576
4000, 0, 0, 20, true, 2807255102, 0, 4206390784
4000, 0, 0, 21, true, 2795135572, 0, 4546875520
4000, 0, 0, 22, true, 2807192804, 0, 4206422256
4000, 0, 0, 23, true, 2794330009, 0, 4537036464
4000, 0, 0, 24, true, 2799767198, 0, 2389453360
4000, 0, 0, 25, true, 2808338164, 0, 4206391488
4000, 0, 0, 26, true, 2791036477, 0, 4584206504
4000, 0, 0, 27, true, 2805910414, 0, 4206515712
4000, 0, 0, 28, true, 2798116187, 0, 4570160688
4000, 0, 0, 29, true, 2806993811, 0, 2391348416
4000, 0, 0, 30, true, 2793252279, 0, 4557882920
4000, 0, 0, 31, true, 2804701994, 0, 4206458208
4000, 0, 0, 32, true, 2793151537, 0, 4546589504
4000, 0, 0, 33, true, 2806451998, 0, 4206481504
4000, 0, 0, 34, true, 2796176628, 0, 4537212904
4000, 0, 0, 35, true, 2798441958, 0, 4204937128
4000, 0, 0, 36, true, 2807915208, 0, 2391048624
4000, 0, 0, 37, true, 2798581641, 0, 4584339920
4000, 0, 0, 38, true, 2807560584, 0, 4206401528
4000, 0, 0, 39, true, 2795636870, 0, 4570139040
4000, 0, 0, 40, true, 2801817077, 0, 4206734048
4000, 0, 0, 41, true, 2796115940, 0, 4557901928
4000, 0, 0, 42, true, 2814070361, 0, 4206334112
4000, 0, 0, 43, true, 2801860423, 0, 4546460584
4000, 0, 0, 44, true, 2811016736, 0, 4206439376
4000, 0, 0, 45, true, 2794137586, 0, 4537142848
4000, 0, 0, 46, true, 2798380895, 0, 2389565616
4000, 0, 0, 47, true, 2808049659, 0, 2391077568
4000, 0, 0, 48, true, 2808152620, 0, 4584401944
4000, 0, 0, 49, true, 2808365398, 0, 4206442032
4000, 0, 0, 50, true, 2802939782, 0, 4570133480
4000, 0, 0, 51, true, 2812989491, 0, 4206697072
4000, 0, 0, 52, true, 2800439907, 0, 4557902512
4000, 0, 0, 53, true, 2809317520, 0, 4206424208
4000, 0, 0, 54, true, 2792729461, 0, 4546528600
4000, 0, 0, 55, true, 2800396546, 0, 2391038912
4000, 0, 0, 56, true, 2803544406, 0, 4537191584
4000, 0, 0, 57, true, 2807911173, 0, 4204981096
4000, 0, 0, 58, true, 2807282968, 0, 4206506080
4000, 0, 0, 59, true, 2799168444, 0, 4584408392
4000, 0, 0, 60, true, 2806702874, 0, 4206418560
4000, 0, 0, 61, true, 2798992002, 0, 4570139776
4000, 0, 0, 62, true, 2803230489, 0, 2391317168
4000, 0, 0, 63, true, 2798479210, 0, 4557849648
4000, 0, 0, 64, true, 2802605690, 0, 4206486208
4000, 0, 0, 65, true, 2796407126, 0, 4546563016
4000, 0, 0, 66, true, 2821332011, 0, 4206480688
4000, 0, 0, 67, true, 2792520441, 0, 4537252448
4000, 0, 0, 68, true, 2796681343, 0, 4205014224
4000, 0, 0, 69, true, 2809169904, 0, 4206504104
4000, 0, 0, 70, true, 2797562260, 0, 4584447416
4000, 0, 0, 71, true, 2807342550, 0, 2391034016
4000, 0, 0, 72, true, 2795801649, 0, 4570152288
4000, 0, 0, 73, true, 2808549195, 0, 4597229352
4000, 0, 0, 74, true, 2791434528, 0, 2352027920
4000, 0, 0, 75, true, 2799250406, 0, 4206443720
4000, 0, 0, 76, true, 2792987976, 0, 4546536248
4000, 0, 0, 77, true, 2810843491, 0, 4206402736
4000, 0, 0, 78, true, 2794969935, 0, 4537160032
4000, 0, 0, 79, true, 2798458878, 0, 4204902960
4000, 0, 0, 80, true, 2803391490, 0, 4206471624
4000, 0, 0, 81, true, 2807326919, 0, 4584446032
4000, 0, 0, 82, true, 2806393999, 0, 4206486616
4000, 0, 0, 83, true, 2796050517, 0, 4570115080
4000, 0, 0, 84, true, 2808196444, 0, 4206753648
4000, 0, 0, 85, true, 2796162597, 0, 4557886488
4000, 0, 0, 86, true, 2812615235, 0, 2390972016
4000, 0, 0, 87, true, 2791686198, 0, 4546538696
4000, 0, 0, 88, true, 2807133271, 0, 4206501736
4000, 0, 0, 89, true, 2795494567, 0, 4537184296
4000, 0, 0, 90, true, 2798493465, 0, 2389535120
4000, 0, 0, 91, true, 2804088876, 0, 4206471864
4000, 0, 0, 92, true, 2797532116, 0, 4584352344
4000, 0, 0, 93, true, 2807582513, 0, 4206427488
4000, 0, 0, 94, true, 2808356246, 0, 4570132632
4000, 0, 0, 95, true, 2804375886, 0, 4206730408
4000, 0, 0, 96, true, 2794748122, 0, 4557920920
4000, 0, 0, 97, true, 2809025774, 0, 4206468840
4000, 0, 0, 98, true, 2793873633, 0, 4546615224
4000, 0, 0, 99, true, 2806893229, 0, 4206566664
4500, 0, 0, 0, true, 3104432380, 0, 2325829496
4500, 0, 0, 1, true, 3083023867, 0, 4804327696
4500, 0, 0, 2, true, 3106225026, 0, 4736042456
4500, 0, 0, 3, true, 3097492083, 0, 4799438104
4500, 0, 0, 4, true, 3107317259, 0, 4850720664
4500, 0, 0, 5, true, 3096929898, 0, 2395499904
4500, 0, 0, 6, true, 3102448369, 0, 2361511744
4500, 0, 0, 7, true, 3084993586, 0, 4742681712
4500, 0, 0, 8, true, 3101779903, 0, 4750810072
4500, 0, 0, 9, true, 3082701760, 0, 4740253144
4500, 0, 0, 10, true, 3103857453, 0, 4751247120
4500, 0, 0, 11, true, 3081973034, 0, 4740222200
4500, 0, 0, 12, true, 3112879027, 0, 4751232808
4500, 0, 0, 13, true, 3084982723, 0, 4740167960
4500, 0, 0, 14, true, 3104537030, 0, 4751228720
4500, 0, 0, 15, true, 3092059325, 0, 4740226360
4500, 0, 0, 16, true, 3104180640, 0, 4850248328
4500, 0, 0, 17, true, 3082569539, 0, 4740236848
4500, 0, 0, 18, true, 3106804671, 0, 4751264656
4500, 0, 0, 19, true, 3076856641, 0, 4759086648
4500, 0, 0, 20, true, 3103226515, 0, 4751192984
4500, 0, 0, 21, true, 3085408848, 0, 4740202288
4500, 0, 0, 22, true, 3102632885, 0, 4751254592
4500, 0, 0, 23, true, 3084880352, 0, 2395359168
4500, 0, 0, 24, true, 3118313177, 0, 4751211448
4500, 0, 0, 25, true, 3080307301, 0, 4740216200
4500, 0, 0, 26, true, 3112982297, 0, 4850254432
4500, 0, 0, 27, true, 3079083441, 0, 4759060048
4500, 0, 0, 28, true, 3105504909, 0, 4751154224
4500, 0, 0, 29, true, 3082485945, 0, 4740209136
4500, 0, 0, 30, true, 3102759334, 0, 2363616960
4500, 0, 0, 31, true, 3080766643, 0, 4740182112
4500, 0, 0, 32, true, 3101878376, 0, 2363571872
4500, 0, 0, 33, true, 3082150519, 0, 4740136800
4500, 0, 0, 34, true, 3107386257, 0, 4751259824
4500, 0, 0, 35, true, 3078971309, 0, 4740277848
4500, 0, 0, 36, true, 3105528720, 0, 2363642144
4500, 0, 0, 37, true, 3082018732, 0, 4740226856
4500, 0, 0, 38, true, 3103037323, 0, 4751245376
4500, 0, 0, 39, true, 3078442766, 0, 4740084568
4500, 0, 0, 40, true, 3105688329, 0, 4850019456
4500, 0, 0, 41, true, 3083166996, 0, 4740213320
4500, 0, 0, 42, true, 3103760534, 0, 2363619776
4500, 0, 0, 43, true, 3080021381, 0, 4740175976
4500, 0, 0, 44, true, 3102926647, 0, 4850209920
4500, 0, 0, 45, true, 3082540621, 0, 4740193248
4500, 0, 0, 46, true, 3100568368, 0, 4751161376
4500, 0, 0, 47, true, 3078479347, 0, 4740171856
4500, 0, 0, 48, true, 3102582446, 0, 4751233872
4500, 0, 0, 49, true, 3093266210, 0, 4740224960
4500, 0, 0, 50, true, 3105157552, 0, 4751204440
4500, 0, 0, 51, true, 3081085829, 0, 4759068488
4500, 0, 0, 52, true, 3102069249, 0, 4751214504
4500, 0, 0, 53, true, 3090446238, 0, 4740165328
4500, 0, 0, 54, true, 3104158367, 0, 4751206600
4500, 0, 0, 55, true, 3083487877, 0, 4759053864
4500, 0, 0, 56, true, 3104293356, 0, 4751267856
4500, 0, 0, 57, true, 3083094477, 0, 4759099480
4500, 0, 0, 58, true, 3099471152, 0, 4751169232
4500, 0, 0, 59, true, 3080476487, 0, 4740161864
4500, 0, 0, 60, true, 3104913604, 0, 4801768928
4500, 0, 0, 61, true, 3081045505, 0, 2395318736
4500, 0, 0, 62, true, 3102284924, 0, 4751118840
4500, 0, 0, 63, true, 3076541497, 0, 4740108080
4500, 0, 0, 64, true, 3106929073, 0, 4751170096
4500, 0, 0, 65, true, 3081438999, 0, 4740163432
4500, 0, 0, 66, true, 3104000897, 0, 4751223720
4500, 0, 0, 67, true, 3082666271, 0, 4740108768
4500, 0, 0, 68, true, 3103026051, 0, 2363596848
4500, 0, 0, 69, true, 3080147363, 0, 4740117640
4500, 0, 0, 70, true, 3102926660, 0, 2363623248
4500, 0, 0, 71, true, 3084610053, 0, 4759097608
4500, 0, 0, 72, true, 3111732722, 0, 4751216312
4500, 0, 0, 73, true, 3081571909, 0, 4740214448
4500, 0, 0, 74, true, 3102086737, 0, 4801900536
4500, 0, 0, 75, true, 3078503224, 0, 2395251344
4500, 0, 0, 76, true, 3105186230, 0, 4751075848
4500, 0, 0, 77, true, 3082455631, 0, 4740156168
4500, 0, 0, 78, true, 3105281683, 0, 4751228848
4500, 0, 0, 79, true, 3090099257, 0, 4740172624
4500, 0, 0, 80, true, 3120906926, 0, 4850269224
4500, 0, 0, 81, true, 3079979018, 0, 2395343152
4500, 0, 0, 82, true, 3105839847, 0, 4850167264
4500, 0, 0, 83, true, 3080078254, 0, 4740071464
4500, 0, 0, 84, true, 3103778624, 0, 4751165024
4500, 0, 0, 85, true, 3083391617, 0, 4740181776
4500, 0, 0, 86, true, 3105537577, 0, 4751226040
4500, 0, 0, 87, true, 3084191384, 0, 4740195488
4500, 0, 0, 88, true, 3102731248, 0, 4751233344
4500, 0, 0, 89, true, 3081456417, 0, 4740212216
4500, 0, 0, 90, true, 3104092041, 0, 2363633552
4500, 0, 0, 91, true, 3079506595, 0, 4740221016
4500, 0, 0, 92, true, 3106031054, 0, 4751269400
4500, 0, 0, 93, true, 3081018511, 0, 4759126296
4500, 0, 0, 94, true, 3105351891, 0, 4751227816
4500, 0, 0, 95, true, 3082206337, 0, 4759122216
4500, 0, 0, 96, true, 3116594780, 0, 4751136528
4500, 0, 0, 97, true, 3082809032, 0, 4740129472
4500, 0, 0, 98, true, 3110268514, 0, 4751353144
4500, 0, 0, 99, true, 3081817439, 0, 4740284056
5000, 0, 0, 0, true, 3561648207, 0, 2754041008
5000, 0, 0, 1, true, 3556872459, 0, 5695335632
5000, 0, 0, 2, true, 3527000946, 0, 5815081920
5000, 0, 0, 3, true, 3518694128, 0, 5336164952
5000, 0, 0, 4, true, 3522336625, 0, 5366246208
5000, 0, 0, 5, true, 3512197164, 0, 5339387936
5000, 0, 0, 6, true, 3534059810, 0, 5366005568
5000, 0, 0, 7, true, 3513212515, 0, 5339241552
5000, 0, 0, 8, true, 3525066616, 0, 5366075040
5000, 0, 0, 9, true, 3510779390, 0, 2770034688
5000, 0, 0, 10, true, 3518642602, 0, 5366151560
5000, 0, 0, 11, true, 3518263129, 0, 5338856016
5000, 0, 0, 12, true, 3539548709, 0, 2797296496
5000, 0, 0, 13, true, 3517224885, 0, 2769980800
5000, 0, 0, 14, true, 3530000670, 0, 5366105664
5000, 0, 0, 15, true, 3517647705, 0, 5338789776
5000, 0, 0, 16, true, 3523385831, 0, 5366112704
5000, 0, 0, 17, true, 3511890940, 0, 5338852576
5000, 0, 0, 18, true, 3526130488, 0, 5366142968
5000, 0, 0, 19, true, 3516103094, 0, 5338824976
5000, 0, 0, 20, true, 3525532017, 0, 5366126536
5000, 0, 0, 21, true, 3521759179, 0, 5338670496
5000, 0, 0, 22, true, 3537230236, 0, 5365868520
5000, 0, 0, 23, true, 3533538245, 0, 5338757448
5000, 0, 0, 24, true, 3520060337, 0, 5366143552
5000, 0, 0, 25, true, 3516499581, 0, 5338870368
5000, 0, 0, 26, true, 3528702906, 0, 5366170224
5000, 0, 0, 27, true, 3522789280, 0, 5338736264
5000, 0, 0, 28, true, 3529698641, 0, 5366085648
5000, 0, 0, 29, true, 3516149786, 0, 5338770352
5000, 0, 0, 30, true, 3531051942, 0, 5365956208
5000, 0, 0, 31, true, 3514867859, 0, 5338680824
5000, 0, 0, 32, true, 3522759324, 0, 5366044408
5000, 0, 0, 33, true, 3513846166, 0, 5338768408
5000, 0, 0, 34, true, 3524713713, 0, 5366093640
5000, 0, 0, 35, true, 3509737806, 0, 2770025968
5000, 0, 0, 36, true, 3528411218, 0, 5366126744
5000, 0, 0, 37, true, 3509389084, 0, 5338794536
5000, 0, 0, 38, true, 3513241279, 0, 5366066144
5000, 0, 0, 39, true, 3523209619, 0, 5338700920
5000, 0, 0, 40, true, 3516708120, 0, 5366020672
5000, 0, 0, 41, true, 3513941201, 0, 2769995200
5000, 0, 0, 42, true, 3544752468, 0, 5366332592
5000, 0, 0, 43, true, 3515871612, 0, 5339220392
5000, 0, 0, 44, true, 3519119071, 0, 5366547960
5000, 0, 0, 45, true, 3511205929, 0, 5339158968
5000, 0, 0, 46, true, 3532075388, 0, 5366451968
5000, 0, 0, 47, true, 3513641020, 0, 5339274192
5000, 0, 0, 48, true, 3522992742, 0, 5366566600
5000, 0, 0, 49, true, 3506516346, 0, 5339262336
5000, 0, 0, 50, true, 3536909807, 0, 5366501184
5000, 0, 0, 51, true, 3507200887, 0, 5339228928
5000, 0, 0, 52, true, 3523051561, 0, 5366533720
5000, 0, 0, 53, true, 3512593509, 0, 5339216040
5000, 0, 0, 54, true, 3521532519, 0, 5366544456
5000, 0, 0, 55, true, 3513280372, 0, 2770412256
5000, 0, 0, 56, true, 3524713685, 0, 5366617504
5000, 0, 0, 57, true, 3514208631, 0, 5339245360
5000, 0, 0, 58, true, 3523839181, 0, 5366590472
5000, 0, 0, 59, true, 3513651787, 0, 5339153776
5000, 0, 0, 60, true, 3520112541, 0, 5365363008
5000, 0, 0, 61, true, 3533473261, 0, 2769431376
5000, 0, 0, 62, true, 3521108305, 0, 5364340464
5000, 0, 0, 63, true, 3517600598, 0, 5337102800
5000, 0, 0, 64, true, 3529047800, 0, 5364429552
5000, 0, 0, 65, true, 3521568984, 0, 5337124480
5000, 0, 0, 66, true, 3525200226, 0, 5364400632
5000, 0, 0, 67, true, 3516167507, 0, 5337244920
5000, 0, 0, 68, true, 3526291174, 0, 5364483272
5000, 0, 0, 69, true, 3518099219, 0, 5337109664
5000, 0, 0, 70, true, 3546261764, 0, 5364342152
5000, 0, 0, 71, true, 3517155118, 0, 5337109032
5000, 0, 0, 72, true, 3524447895, 0, 5364490672
5000, 0, 0, 73, true, 3511089844, 0, 5337159120
5000, 0, 0, 74, true, 3535738151, 0, 5364389968
5000, 0, 0, 75, true, 3509667238, 0, 2769416128
5000, 0, 0, 76, true, 3523650084, 0, 5364329504
5000, 0, 0, 77, true, 3511250295, 0, 5337101248
5000, 0, 0, 78, true, 3521578997, 0, 5364412104
5000, 0, 0, 79, true, 3520147129, 0, 5337043904
5000, 0, 0, 80, true, 3526803625, 0, 5364241776
5000, 0, 0, 81, true, 3518096470, 0, 5337126568
5000, 0, 0, 82, true, 3534075673, 0, 5364460960
5000, 0, 0, 83, true, 3516742576, 0, 5337250848
5000, 0, 0, 84, true, 3522572174, 0, 5364576504
5000, 0, 0, 85, true, 3523118506, 0, 5337104416
5000, 0, 0, 86, true, 3531787553, 0, 5364336688
5000, 0, 0, 87, true, 3517937067, 0, 5337138152
5000, 0, 0, 88, true, 3524649115, 0, 5364455480
5000, 0, 0, 89, true, 3514625706, 0, 2769412192
5000, 0, 0, 90, true, 3520863072, 0, 5364403840
5000, 0, 0, 91, true, 3511755268, 0, 5337190480
5000, 0, 0, 92, true, 3522914684, 0, 5364458376
5000, 0, 0, 93, true, 3516862217, 0, 2740016136
5000, 0, 0, 94, true, 3529595294, 0, 5364445312
5000, 0, 0, 95, true, 3515226792, 0, 5337162896
5000, 0, 0, 96, true, 3526243366, 0, 5364392000
5000, 0, 0, 97, true, 3523348240, 0, 5337140528
5000, 0, 0, 98, true, 3521589757, 0, 5364447144
5000, 0, 0, 99, true, 3524958242, 0, 5337269576
5500, 0, 0, 0, true, 3802404613, 0, 2800620624
5500, 0, 0, 1, true, 3802084387, 0, 5549467320
5500, 0, 0, 2, true, 3799279917, 0, 5970275112
5500, 0, 0, 3, true, 3803046302, 0, 5549474080
5500, 0, 0, 4, true, 3792908092, 0, 5970385808
5500, 0, 0, 5, true, 3805026551, 0, 6415074200
5500, 0, 0, 6, true, 3792106100, 0, 2800636528
5500, 0, 0, 7, true, 3802930375, 0, 5549516952
5500, 0, 0, 8, true, 3813674821, 0, 6415089528
5500, 0, 0, 9, true, 3801260205, 0, 5549344472
5500, 0, 0, 10, true, 3791725748, 0, 6415080888
5500, 0, 0, 11, true, 3798544625, 0, 5549471648
5500, 0, 0, 12, true, 3792537225, 0, 2800636816
5500, 0, 0, 13, true, 3802160349, 0, 5549492280
5500, 0, 0, 14, true, 3793822272, 0, 6415086104
5500, 0, 0, 15, true, 3818238777, 0, 5549483080
5500, 0, 0, 16, true, 3791029035, 0, 5970349744
5500, 0, 0, 17, true, 3800241745, 0, 5549458680
5500, 0, 0, 18, true, 3795726185, 0, 6415092856
5500, 0, 0, 19, true, 3800850484, 0, 5549527240
5500, 0, 0, 20, true, 3790000324, 0, 5970403976
5500, 0, 0, 21, true, 3815103484, 0, 5573419672
5500, 0, 0, 22, true, 3791747430, 0, 6415123832
5500, 0, 0, 23, true, 3804352859, 0, 5549511496
5500, 0, 0, 24, true, 3794171563, 0, 5970354168
5500, 0, 0, 25, true, 3797986388, 0, 5549510984
5500, 0, 0, 26, true, 3794957069, 0, 5970417144
5500, 0, 0, 27, true, 3814459369, 0, 5549409080
5500, 0, 0, 28, true, 3801209648, 0, 5970237632
5500, 0, 0, 29, true, 3801986231, 0, 5549400288
5500, 0, 0, 30, true, 3801146601, 0, 5970365880
5500, 0, 0, 31, true, 3806482844, 0, 5549536352
5500, 0, 0, 32, true, 3796677815, 0, 5970433440
5500, 0, 0, 33, true, 3811124054, 0, 6415110872
5500, 0, 0, 34, true, 3795275588, 0, 2800614256
5500, 0, 0, 35, true, 3801364865, 0, 5549470216
5500, 0, 0, 36, true, 3795319447, 0, 2800623632
5500, 0, 0, 37, true, 3806674805, 0, 5549497224
5500, 0, 0, 38, true, 3797582050, 0, 5970209432
5500, 0, 0, 39, true, 3799265873, 0, 5549441992
5500, 0, 0, 40, true, 3791612066, 0, 6415015000
5500, 0, 0, 41, true, 3801916217, 0, 5549513152
5500, 0, 0, 42, true, 3790927175, 0, 5970335976
5500, 0, 0, 43, true, 3794327711, 0, 5549413672
5500, 0, 0, 44, true, 3792579857, 0, 5970255416
5500, 0, 0, 45, true, 3823607278, 0, 5549431224
5500, 0, 0, 46, true, 3795093667, 0, 5970269720
5500, 0, 0, 47, true, 3805067095, 0, 5549479392
5500, 0, 0, 48, true, 3799930177, 0, 5970369696
5500, 0, 0, 49, true, 3809210932, 0, 5549547328
5500, 0, 0, 50, true, 3794408830, 0, 5970380640
5500, 0, 0, 51, true, 3812917436, 0, 5549460608
5500, 0, 0, 52, true, 3796498915, 0, 5970425232
5500, 0, 0, 53, true, 3807963509, 0, 5573355816
5500, 0, 0, 54, true, 3797727971, 0, 5970426880
5500, 0, 0, 55, true, 3803255673, 0, 6415162824
5500, 0, 0, 56, true, 3792208722, 0, 2800703840
5500, 0, 0, 57, true, 3803491176, 0, 5549581928
5500, 0, 0, 58, true, 3806876552, 0, 5970300192
5500, 0, 0, 59, true, 3803537136, 0, 2800715648
5500, 0, 0, 60, true, 3797157073, 0, 5970426160
5500, 0, 0, 61, true, 3799435632, 0, 5549658888
5500, 0, 0, 62, true, 3792388868, 0, 2800721088
5500, 0, 0, 63, true, 3802690807, 0, 5549496824
5500, 0, 0, 64, true, 3802290311, 0, 5994121448
5500, 0, 0, 65, true, 3814758928, 0, 2800624608
5500, 0, 0, 66, true, 3793669827, 0, 5970369952
5500, 0, 0, 67, true, 3799949362, 0, 5573355656
5500, 0, 0, 68, true, 3794725815, 0, 5970542032
5500, 0, 0, 69, true, 3804118675, 0, 5549543912
5500, 0, 0, 70, true, 3789875076, 0, 5970401288
5500, 0, 0, 71, true, 3793002597, 0, 5549456928
5500, 0, 0, 72, true, 3796406773, 0, 5970349752
5500, 0, 0, 73, true, 3811843497, 0, 5549442712
5500, 0, 0, 74, true, 3791856355, 0, 5970280232
5500, 0, 0, 75, true, 3810815642, 0, 2800572000
5500, 0, 0, 76, true, 3794084412, 0, 2800670944
5500, 0, 0, 77, true, 3812059242, 0, 2800709456
5500, 0, 0, 78, true, 3794064309, 0, 5970419688
5500, 0, 0, 79, true, 3798992601, 0, 5549540560
5500, 0, 0, 80, true, 3790693146, 0, 2800821456
5500, 0, 0, 81, true, 3794385835, 0, 5549517048
5500, 0, 0, 82, true, 3790953825, 0, 5970366088
5500, 0, 0, 83, true, 3798296540, 0, 5549573592
5500, 0, 0, 84, true, 3792053018, 0, 5970439608
5500, 0, 0, 85, true, 3796060980, 0, 5573457104
5500, 0, 0, 86, true, 3796526837, 0, 5970366496
5500, 0, 0, 87, true, 3807496781, 0, 5573360032
5500, 0, 0, 88, true, 3791769872, 0, 5970428088
5500, 0, 0, 89, true, 3801801791, 0, 5549551304
5500, 0, 0, 90, true, 3792185440, 0, 6415136896
5500, 0, 0, 91, true, 3798603255, 0, 2800761904
5500, 0, 0, 92, true, 3788069776, 0, 5970497256
5500, 0, 0, 93, true, 3803987607, 0, 5549518360
5500, 0, 0, 94, true, 3791973256, 0, 5970294200
5500, 0, 0, 95, true, 3793888587, 0, 2800603296
5500, 0, 0, 96, true, 3795406919, 0, 2800701648
5500, 0, 0, 97, true, 3801160305, 0, 2800687376
5500, 0, 0, 98, true, 3789869095, 0, 5970443368
5500, 0, 0, 99, true, 3810114242, 0, 5549586952
6000, 0, 0, 0, true, 4255620662, 0, 3213027728
6000, 0, 0, 1, true, 7849610674, 0, 6617966224
6000, 0, 0, 2, true, 4239119969, 0, 5733829576
6000, 0, 0, 3, true, 4273156932, 0, 6564013640
6000, 0, 0, 4, true, 4233867110, 0, 6564192208
6000, 0, 0, 5, true, 4241424453, 0, 6658685120
6000, 0, 0, 6, true, 4258788071, 0, 3213436400
6000, 0, 0, 7, true, 4236081464, 0, 3345025616
6000, 0, 0, 8, true, 4240846450, 0, 6767266504
6000, 0, 0, 9, true, 4264070712, 0, 3213410656
6000, 0, 0, 10, true, 4254388369, 0, 6561741800
6000, 0, 0, 11, true, 4230189982, 0, 6655556312
6000, 0, 0, 12, true, 4265897655, 0, 3213549200
6000, 0, 0, 13, true, 4238976098, 0, 6561547080
6000, 0, 0, 14, true, 4237247776, 0, 6655512984
6000, 0, 0, 15, true, 4255373679, 0, 3184019672
6000, 0, 0, 16, true, 4242053053, 0, 6561531152
6000, 0, 0, 17, true, 4240378135, 0, 6655599856
6000, 0, 0, 18, true, 4261456229, 0, 6564368056
6000, 0, 0, 19, true, 4249539988, 0, 6561603488
6000, 0, 0, 20, true, 4239893562, 0, 6787936832
6000, 0, 0, 21, true, 4263127796, 0, 3213484096
6000, 0, 0, 22, true, 4238955191, 0, 6561704952
6000, 0, 0, 23, true, 4234327124, 0, 6655675128
6000, 0, 0, 24, true, 4268866543, 0, 6767813320
6000, 0, 0, 25, true, 4240500900, 0, 6561472680
6000, 0, 0, 26, true, 4252254790, 0, 6655537624
6000, 0, 0, 27, true, 4259164857, 0, 6564287272
6000, 0, 0, 28, true, 4227843052, 0, 6561593408
6000, 0, 0, 29, true, 4233477929, 0, 6655520848
6000, 0, 0, 30, true, 4264017329, 0, 6564325752
6000, 0, 0, 31, true, 4241422901, 0, 6561607872
6000, 0, 0, 32, true, 4230859319, 0, 6787757824
6000, 0, 0, 33, true, 4257399364, 0, 6564303720
6000, 0, 0, 34, true, 4231090933, 0, 6561543024
6000, 0, 0, 35, true, 4239912696, 0, 6655529112
6000, 0, 0, 36, true, 4264426980, 0, 6564264952
6000, 0, 0, 37, true, 4242272054, 0, 6787678704
6000, 0, 0, 38, true, 4237024801, 0, 3304924560
6000, 0, 0, 39, true, 4254484366, 0, 6635269536
6000, 0, 0, 40, true, 4245809558, 0, 3314438208
6000, 0, 0, 41, true, 4245063763, 0, 6655616480
6000, 0, 0, 42, true, 4270548143, 0, 6564317096
6000, 0, 0, 43, true, 4261641706, 0, 6561590680
6000, 0, 0, 44, true, 4238037495, 0, 6655602352
6000, 0, 0, 45, true, 4259125020, 0, 6564352968
6000, 0, 0, 46, true, 4251019119, 0, 6561478344
6000, 0, 0, 47, true, 4234291307, 0, 6655473008
6000, 0, 0, 48, true, 4253432911, 0, 6564319720
6000, 0, 0, 49, true, 4242771926, 0, 6561458928
6000, 0, 0, 50, true, 4242135179, 0, 6655555496
6000, 0, 0, 51, true, 4260473698, 0, 6564261944
6000, 0, 0, 52, true, 4244306149, 0, 3343966976
6000, 0, 0, 53, true, 4246289075, 0, 6787760608
6000, 0, 0, 54, true, 4259786133, 0, 6564353600
6000, 0, 0, 55, true, 4235709565, 0, 6561601992
6000, 0, 0, 56, true, 4241872601, 0, 6655497864
6000, 0, 0, 57, true, 4250881384, 0, 6564315112
6000, 0, 0, 58, true, 4240071274, 0, 6561694864
6000, 0, 0, 59, true, 4231778407, 0, 6787914160
6000, 0, 0, 60, true, 4263470974, 0, 3213543376
6000, 0, 0, 61, true, 4234384708, 0, 6561574336
6000, 0, 0, 62, true, 4237870041, 0, 6655565120
6000, 0, 0, 63, true, 4252969823, 0, 6564346616
6000, 0, 0, 64, true, 4249354860, 0, 6561632904
6000, 0, 0, 65, true, 4232324152, 0, 6655634760
6000, 0, 0, 66, true, 4268016226, 0, 6564280104
6000, 0, 0, 67, true, 4240701191, 0, 6561638656
6000, 0, 0, 68, true, 4234249742, 0, 6655664832
6000, 0, 0, 69, true, 4264621752, 0, 6564329008
6000, 0, 0, 70, true, 4238974965, 0, 6787807920
6000, 0, 0, 71, true, 4232412543, 0, 3304844640
6000, 0, 0, 72, true, 4270451318, 0, 6564216600
6000, 0, 0, 73, true, 4250481963, 0, 6561535096
6000, 0, 0, 74, true, 4245604083, 0, 6655672168
6000, 0, 0, 75, true, 4258266576, 0, 3213568496
6000, 0, 0, 76, true, 4240508397, 0, 6561497776
6000, 0, 0, 77, true, 4248056696, 0, 3304789888
6000, 0, 0, 78, true, 4261299352, 0, 6564196536
6000, 0, 0, 79, true, 4240848557, 0, 3344007648
6000, 0, 0, 80, true, 4237937978, 0, 3304902800
6000, 0, 0, 81, true, 4258477023, 0, 6564433392
6000, 0, 0, 82, true, 4248537307, 0, 6561625536
6000, 0, 0, 83, true, 4251566947, 0, 6655645384
6000, 0, 0, 84, true, 4260526990, 0, 6564317224
6000, 0, 0, 85, true, 4239946735, 0, 6561507856
6000, 0, 0, 86, true, 4231740860, 0, 6787697856
6000, 0, 0, 87, true, 4258593261, 0, 6767805320
6000, 0, 0, 88, true, 4234735634, 0, 6561416224
6000, 0, 0, 89, true, 4232398020, 0, 6655422576
6000, 0, 0, 90, true, 4265955729, 0, 6564275888
6000, 0, 0, 91, true, 4242849284, 0, 6561730144
6000, 0, 0, 92, true, 4234970459, 0, 6788006784
6000, 0, 0, 93, true, 4251635075, 0, 3213496736
6000, 0, 0, 94, true, 4239562072, 0, 3343914240
6000, 0, 0, 95, true, 4223711484, 0, 6655512552
6000, 0, 0, 96, true, 4259674698, 0, 3213469264
6000, 0, 0, 97, true, 4250945409, 0, 6561564632
6000, 0, 0, 98, true, 4242386123, 0, 6767793424
6000, 0, 0, 99, true, 4255931419, 0, 3213510752
6500, 0, 0, 0, true, 4505730591, 0, 3248318192
6500, 0, 0, 1, true, 4516448672, 0, 6729879168
6500, 0, 0, 2, true, 4541302149, 0, 3232257200
6500, 0, 0, 3, true, 4540903588, 0, 7641519072
6500, 0, 0, 4, true, 4536142633, 0, 3243861744
6500, 0, 0, 5, true, 4501789064, 0, 7148351928
6500, 0, 0, 6, true, 4551278815, 0, 6751461600
6500, 0, 0, 7, true, 4537090287, 0, 3247991008
6500, 0, 0, 8, true, 4525819801, 0, 7638094304
6500, 0, 0, 9, true, 4497936976, 0, 6747676328
6500, 0, 0, 10, true, 4540807810, 0, 6750904448
6500, 0, 0, 11, true, 4536018876, 0, 7028366272
6500, 0, 0, 12, true, 4547981920, 0, 7638270856
6500, 0, 0, 13, true, 4498147156, 0, 6747734064
6500, 0, 0, 14, true, 4540086289, 0, 6750811688
6500, 0, 0, 15, true, 4544672458, 0, 7028337176
6500, 0, 0, 16, true, 4535070049, 0, 7027409024
6500, 0, 0, 17, true, 4511765806, 0, 6748243624
6500, 0, 0, 18, true, 4536786966, 0, 6751640216
6500, 0, 0, 19, true, 4540319601, 0, 3247958912
6500, 0, 0, 20, true, 4530250898, 0, 7027279208
6500, 0, 0, 21, true, 4496598490, 0, 6748300944
6500, 0, 0, 22, true, 4533789596, 0, 7645262440
6500, 0, 0, 23, true, 4534530381, 0, 3247942720
6500, 0, 0, 24, true, 4527528878, 0, 7638128352
6500, 0, 0, 25, true, 4496394513, 0, 6748235664
6500, 0, 0, 26, true, 4541482699, 0, 6751634968
6500, 0, 0, 27, true, 4544959285, 0, 7028115696
6500, 0, 0, 28, true, 4532811457, 0, 7027226016
6500, 0, 0, 29, true, 4499669433, 0, 6748234440
6500, 0, 0, 30, true, 4538381765, 0, 3219831248
6500, 0, 0, 31, true, 4545411250, 0, 7028139208
6500, 0, 0, 32, true, 4527767954, 0, 7027302944
6500, 0, 0, 33, true, 4501301902, 0, 6748276592
6500, 0, 0, 34, true, 4534464618, 0, 7139545952
6500, 0, 0, 35, true, 4553428329, 0, 7028142512
6500, 0, 0, 36, true, 4534579684, 0, 3246826800
6500, 0, 0, 37, true, 4499944731, 0, 7133153384
6500, 0, 0, 38, true, 4542817035, 0, 6750938296
6500, 0, 0, 39, true, 4535017439, 0, 7028384016
6500, 0, 0, 40, true, 4530480574, 0, 7027288040
6500, 0, 0, 41, true, 4497169627, 0, 6748265208
6500, 0, 0, 42, true, 4545105479, 0, 6751649280
6500, 0, 0, 43, true, 4533386871, 0, 3247445152
6500, 0, 0, 44, true, 4529434487, 0, 3246823472
6500, 0, 0, 45, true, 4509854305, 0, 3216995456
6500, 0, 0, 46, true, 4544041053, 0, 7139602600
6500, 0, 0, 47, true, 4545757481, 0, 7645315928
6500, 0, 0, 48, true, 4528221679, 0, 7638200352
6500, 0, 0, 49, true, 4499871711, 0, 3216983104
6500, 0, 0, 50, true, 4547851848, 0, 6751634392
6500, 0, 0, 51, true, 4539538579, 0, 7028186232
6500, 0, 0, 52, true, 4541410966, 0, 7382105904
6500, 0, 0, 53, true, 4503312185, 0, 3216463360
6500, 0, 0, 54, true, 4546908811, 0, 6750922264
6500, 0, 0, 55, true, 4543742408, 0, 7028415152
6500, 0, 0, 56, true, 4534005744, 0, 7027324576
6500, 0, 0, 57, true, 4498764020, 0, 6748258784
6500, 0, 0, 58, true, 4529710798, 0, 6751684040
6500, 0, 0, 59, true, 4543045697, 0, 3247946944
6500, 0, 0, 60, true, 4532602067, 0, 7027267384
6500, 0, 0, 61, true, 4501769966, 0, 6748256352
6500, 0, 0, 62, true, 4532390180, 0, 6751635128
6500, 0, 0, 63, true, 4542355038, 0, 3247955328
6500, 0, 0, 64, true, 4529692029, 0, 7027244920
6500, 0, 0, 65, true, 4499951002, 0, 6748257368
6500, 0, 0, 66, true, 4541973686, 0, 6751724360
6500, 0, 0, 67, true, 4564927346, 0, 7645068016
6500, 0, 0, 68, true, 4527976639, 0, 7027331592
6500, 0, 0, 69, true, 4515942816, 0, 7133098056
6500, 0, 0, 70, true, 4533318168, 0, 6751686576
6500, 0, 0, 71, true, 4539671054, 0, 3247954208
6500, 0, 0, 72, true, 4546328230, 0, 7027295392
6500, 0, 0, 73, true, 4505284016, 0, 7133019744
6500, 0, 0, 74, true, 4536658504, 0, 6751688744
6500, 0, 0, 75, true, 4541185915, 0, 7028212488
6500, 0, 0, 76, true, 4533657208, 0, 7027201616
6500, 0, 0, 77, true, 4497720420, 0, 6748157704
6500, 0, 0, 78, true, 4543157585, 0, 6751591640
6500, 0, 0, 79, true, 4541741973, 0, 7028119096
6500, 0, 0, 80, true, 4538840730, 0, 3246857232
6500, 0, 0, 81, true, 4499940531, 0, 6747786136
6500, 0, 0, 82, true, 4535322516, 0, 6750926920
6500, 0, 0, 83, true, 4536619792, 0, 7028409320
6500, 0, 0, 84, true, 4537421277, 0, 7027265736
6500, 0, 0, 85, true, 4500207993, 0, 6748158664
6500, 0, 0, 86, true, 4552668679, 0, 6751607800
6500, 0, 0, 87, true, 4539578990, 0, 7028170032
6500, 0, 0, 88, true, 4529629590, 0, 7027268880
6500, 0, 0, 89, true, 4503047410, 0, 3216988640
6500, 0, 0, 90, true, 4533727592, 0, 6751699264
6500, 0, 0, 91, true, 4537337641, 0, 7028162592
6500, 0, 0, 92, true, 4527230916, 0, 7027296552
6500, 0, 0, 93, true, 4487427201, 0, 6748305384
6500, 0, 0, 94, true, 4545159990, 0, 6751638648
6500, 0, 0, 95, true, 4539520764, 0, 3247972512
6500, 0, 0, 96, true, 4539496054, 0, 7027174040
6500, 0, 0, 97, true, 4495815668, 0, 3217013744
6500, 0, 0, 98, true, 4551148284, 0, 6751679384
6500, 0, 0, 99, true, 4542067817, 0, 7027437144
7000, 0, 0, 0, true, 5034107598, 0, 3771553008
7000, 0, 0, 1, true, 5009500918, 0, 8027215760
7000, 0, 0, 2, true, 5006753408, 0, 8427092240
7000, 0, 0, 3, true, 5004039573, 0, 8378418808
7000, 0, 0, 4, true, 4985108733, 0, 8561842976
7000, 0, 0, 5, true, 5009151007, 0, 8012646536
7000, 0, 0, 6, true, 5023912537, 0, 4183059776
7000, 0, 0, 7, true, 4987074769, 0, 8029630648
7000, 0, 0, 8, true, 5002561602, 0, 8029548336
7000, 0, 0, 9, true, 4993104498, 0, 8570583048
7000, 0, 0, 10, true, 4993247987, 0, 8005466336
7000, 0, 0, 11, true, 5001114983, 0, 8019589856
7000, 0, 0, 12, true, 5020175789, 0, 8427286544
7000, 0, 0, 13, true, 4987211429, 0, 8029495248
7000, 0, 0, 14, true, 4990636655, 0, 8029578280
7000, 0, 0, 15, true, 4992803508, 0, 8389525296
7000, 0, 0, 16, true, 5000029606, 0, 8006142168
7000, 0, 0, 17, true, 4984103601, 0, 8019832888
7000, 0, 0, 18, true, 5012519381, 0, 4182436672
7000, 0, 0, 19, true, 4990894523, 0, 8172190744
7000, 0, 0, 20, true, 5010425908, 0, 4182481744
7000, 0, 0, 21, true, 5005609751, 0, 8389311816
7000, 0, 0, 22, true, 4992170445, 0, 8006104352
7000, 0, 0, 23, true, 5008853958, 0, 8019909680
7000, 0, 0, 24, true, 5003464033, 0, 8558523696
7000, 0, 0, 25, true, 4984112329, 0, 3784495088
7000, 0, 0, 26, true, 5008300341, 0, 8029514344
7000, 0, 0, 27, true, 5012380205, 0, 8570344776
7000, 0, 0, 28, true, 5001292913, 0, 8005995224
7000, 0, 0, 29, true, 4989116991, 0, 8019861352
7000, 0, 0, 30, true, 5012328365, 0, 4182396288
7000, 0, 0, 31, true, 4987822693, 0, 3784390112
7000, 0, 0, 32, true, 4998757125, 0, 8029544408
7000, 0, 0, 33, true, 4985522235, 0, 4144389136
7000, 0, 0, 34, true, 4976062516, 0, 8572560240
7000, 0, 0, 35, true, 4995746987, 0, 8019632192
7000, 0, 0, 36, true, 5000964434, 0, 8426746832
7000, 0, 0, 37, true, 4977875825, 0, 8029469312
7000, 0, 0, 38, true, 4998582279, 0, 8029571264
7000, 0, 0, 39, true, 5017816936, 0, 8389483688
7000, 0, 0, 40, true, 5009825372, 0, 8006119928
7000, 0, 0, 41, true, 5003460061, 0, 8019834696
7000, 0, 0, 42, true, 5001437556, 0, 4182373328
7000, 0, 0, 43, true, 4982540270, 0, 8029408008
7000, 0, 0, 44, true, 4996997116, 0, 8570674200
7000, 0, 0, 45, true, 4997509483, 0, 4114810240
7000, 0, 0, 46, true, 4984820438, 0, 8006060952
7000, 0, 0, 47, true, 4994155905, 0, 8019908424
7000, 0, 0, 48, true, 5010583285, 0, 8427161760
7000, 0, 0, 49, true, 4992375958, 0, 8029479320
7000, 0, 0, 50, true, 4996221915, 0, 8029569792
7000, 0, 0, 51, true, 5001156079, 0, 8389468664
7000, 0, 0, 52, true, 4992757220, 0, 8006059976
7000, 0, 0, 53, true, 4994583962, 0, 8019824320
7000, 0, 0, 54, true, 5019664124, 0, 8558466480
7000, 0, 0, 55, true, 4996502298, 0, 8029389184
7000, 0, 0, 56, true, 5008136772, 0, 8029548056
7000, 0, 0, 57, true, 4999456144, 0, 8389484928
7000, 0, 0, 58, true, 4987263703, 0, 8006043192
7000, 0, 0, 59, true, 4987528086, 0, 8019787936
7000, 0, 0, 60, true, 5018541535, 0, 8558475344
7000, 0, 0, 61, true, 4990081342, 0, 8570223864
7000, 0, 0, 62, true, 4999004354, 0, 8029439872
7000, 0, 0, 63, true, 4998313640, 0, 8389417200
7000, 0, 0, 64, true, 4999530519, 0, 8572600000
7000, 0, 0, 65, true, 5000646226, 0, 8019775056
7000, 0, 0, 66, true, 5012090645, 0, 8426961200
7000, 0, 0, 67, true, 4985955286, 0, 8029337744
7000, 0, 0, 68, true, 5010626374, 0, 4182570352
7000, 0, 0, 69, true, 4987516644, 0, 8389477136
7000, 0, 0, 70, true, 5011338916, 0, 8006005816
7000, 0, 0, 71, true, 5001033899, 0, 8019658336
7000, 0, 0, 72, true, 4994030005, 0, 8426860984
7000, 0, 0, 73, true, 4992325515, 0, 3784339376
7000, 0, 0, 74, true, 5004352826, 0, 8029500880
7000, 0, 0, 75, true, 5000836486, 0, 8389479856
7000, 0, 0, 76, true, 4988738103, 0, 3760905856
7000, 0, 0, 77, true, 5007881104, 0, 4172870144
7000, 0, 0, 78, true, 5017395930, 0, 8427012632
7000, 0, 0, 79, true, 4989102528, 0, 3784352272
7000, 0, 0, 80, true, 5017125175, 0, 8029500144
7000, 0, 0, 81, true, 5003849883, 0, 8572616368
7000, 0, 0, 82, true, 4992669040, 0, 3760895520
7000, 0, 0, 83, true, 5005057585, 0, 8019739048
7000, 0, 0, 84, true, 5002117719, 0, 8427037032
7000, 0, 0, 85, true, 4984511703, 0, 8029431040
7000, 0, 0, 86, true, 4990890453, 0, 4182544784
7000, 0, 0, 87, true, 5027823942, 0, 8570430024
7000, 0, 0, 88, true, 5015810747, 0, 3760918464
7000, 0, 0, 89, true, 4995505523, 0, 8019810008
7000, 0, 0, 90, true, 5017459131, 0, 4182367216
7000, 0, 0, 91, true, 4984766972, 0, 8029379008
7000, 0, 0, 92, true, 4982186893, 0, 8029478400
7000, 0, 0, 93, true, 4998502662, 0, 8389434456
7000, 0, 0, 94, true, 4989680883, 0, 8006064680
7000, 0, 0, 95, true, 4999674922, 0, 4172872928
7000, 0, 0, 96, true, 5013483570, 0, 8426889704
7000, 0, 0, 97, true, 5000457243, 0, 8029222360
7000, 0, 0, 98, true, 4995731055, 0, 8029335296
7000, 0, 0, 99, true, 4995863853, 0, 8389400416
7500, 0, 0, 0, true, 5257602206, 0, 3642048584
7500, 0, 0, 1, true, 5250132217, 0, 8051884968
7500, 0, 0, 2, true, 5261833849, 0, 8642439488
7500, 0, 0, 3, true, 5258975707, 0, 3771849944
7500, 0, 0, 4, true, 5261626509, 0, 8059302248
7500, 0, 0, 5, true, 5241855335, 0, 3777569416
7500, 0, 0, 6, true, 5252244565, 0, 3781207280
7500, 0, 0, 7, true, 5246824129, 0, 3636034296
7500, 0, 0, 8, true, 5245721252, 0, 8058208208
7500, 0, 0, 9, true, 5248451588, 0, 8927698472
7500, 0, 0, 10, true, 5251688637, 0, 8058183496
7500, 0, 0, 11, true, 5252609396, 0, 8927566952
7500, 0, 0, 12, true, 5256781974, 0, 3640267688
7500, 0, 0, 13, true, 5243360111, 0, 8059662760
7500, 0, 0, 14, true, 5252952939, 0, 8059156896
7500, 0, 0, 15, true, 5257822528, 0, 8056114968
7500, 0, 0, 16, true, 5260124864, 0, 8207006136
7500, 0, 0, 17, true, 5260812039, 0, 8927666680
7500, 0, 0, 18, true, 5245470446, 0, 8058236512
7500, 0, 0, 19, true, 5249110492, 0, 8062093032
7500, 0, 0, 20, true, 5248875979, 0, 3781327536
7500, 0, 0, 21, true, 5248705705, 0, 8175170032
7500, 0, 0, 22, true, 5264919228, 0, 8066345968
7500, 0, 0, 23, true, 5245354572, 0, 3774014792
7500, 0, 0, 24, true, 5267005559, 0, 8059099056
7500, 0, 0, 25, true, 5257002752, 0, 3777491992
7500, 0, 0, 26, true, 5252119058, 0, 8207134888
7500, 0, 0, 27, true, 5247410246, 0, 8927624008
7500, 0, 0, 28, true, 5268839640, 0, 8058162440
7500, 0, 0, 29, true, 5254032543, 0, 3636086720
7500, 0, 0, 30, true, 5238257119, 0, 8058261072
7500, 0, 0, 31, true, 5246798113, 0, 3749344744
7500, 0, 0, 32, true, 5245627433, 0, 8066395600
7500, 0, 0, 33, true, 5234601560, 0, 3774064712
7500, 0, 0, 34, true, 5251918800, 0, 8059151952
7500, 0, 0, 35, true, 5247174070, 0, 8056149640
7500, 0, 0, 36, true, 5244197879, 0, 3781221624
7500, 0, 0, 37, true, 5287311586, 0, 3636077528
7500, 0, 0, 38, true, 5262617621, 0, 8058247816
7500, 0, 0, 39, true, 5264888433, 0, 8062089256
7500, 0, 0, 40, true, 5252244946, 0, 8058243608
7500, 0, 0, 41, true, 5238154672, 0, 8175254392
7500, 0, 0, 42, true, 5251312421, 0, 8066346648
7500, 0, 0, 43, true, 5244661955, 0, 8648301576
7500, 0, 0, 44, true, 5272137277, 0, 8059277720
7500, 0, 0, 45, true, 5242957835, 0, 3777520024
7500, 0, 0, 46, true, 5254799340, 0, 3781234216
7500, 0, 0, 47, true, 5245996229, 0, 3636086200
7500, 0, 0, 48, true, 5251441623, 0, 3781345840
7500, 0, 0, 49, true, 5257587369, 0, 3636096448
7500, 0, 0, 50, true, 5243532293, 0, 8058220528
7500, 0, 0, 51, true, 5242247926, 0, 8175259776
7500, 0, 0, 52, true, 5252002609, 0, 8066364320
7500, 0, 0, 53, true, 5267562351, 0, 8059736512
7500, 0, 0, 54, true, 5246684586, 0, 8935708400
7500, 0, 0, 55, true, 5258703484, 0, 3777531048
7500, 0, 0, 56, true, 5246656879, 0, 8207110384
7500, 0, 0, 57, true, 5244657315, 0, 8061997864
7500, 0, 0, 58, true, 5245340967, 0, 8058225440
7500, 0, 0, 59, true, 5250700484, 0, 3636062624
7500, 0, 0, 60, true, 5248386324, 0, 8630293816
7500, 0, 0, 61, true, 5240642201, 0, 8175259160
7500, 0, 0, 62, true, 5251072305, 0, 8066366600
7500, 0, 0, 63, true, 5251030816, 0, 3774071176
7500, 0, 0, 64, true, 5274594323, 0, 8059016896
7500, 0, 0, 65, true, 5249223140, 0, 8056130016
7500, 0, 0, 66, true, 5250665939, 0, 8207258576
7500, 0, 0, 67, true, 5252295241, 0, 3636140760
7500, 0, 0, 68, true, 5251348382, 0, 8054985184
7500, 0, 0, 69, true, 5243915887, 0, 8061168976
7500, 0, 0, 70, true, 5242567361, 0, 3780891536
7500, 0, 0, 71, true, 5243401130, 0, 8927382024
7500, 0, 0, 72, true, 5260475089, 0, 3640299528
7500, 0, 0, 73, true, 5264670033, 0, 8059804912
7500, 0, 0, 74, true, 5292744611, 0, 8058933272
7500, 0, 0, 75, true, 5243093960, 0, 3777450840
7500, 0, 0, 76, true, 5250404917, 0, 3781230568
7500, 0, 0, 77, true, 5247451298, 0, 8927660584
7500, 0, 0, 78, true, 5247314993, 0, 8058276024
7500, 0, 0, 79, true, 5255032120, 0, 8062073360
7500, 0, 0, 80, true, 5245949650, 0, 8630303456
7500, 0, 0, 81, true, 5250287916, 0, 8175300344
7500, 0, 0, 82, true, 5255835491, 0, 8066373760
7500, 0, 0, 83, true, 5238233345, 0, 3774076776
7500, 0, 0, 84, true, 5253705881, 0, 3633128832
7500, 0, 0, 85, true, 5244764798, 0, 8056288920
7500, 0, 0, 86, true, 5254116610, 0, 8207031688
7500, 0, 0, 87, true, 5258832201, 0, 8927565432
7500, 0, 0, 88, true, 5246461659, 0, 8058280184
7500, 0, 0, 89, true, 5237279037, 0, 3636093280
7500, 0, 0, 90, true, 5250592673, 0, 8058238952
7500, 0, 0, 91, true, 5247620862, 0, 8175323672
7500, 0, 0, 92, true, 5252826297, 0, 3640458552
7500, 0, 0, 93, true, 5256257716, 0, 8648263752
7500, 0, 0, 94, true, 5253084919, 0, 3633073888
7500, 0, 0, 95, true, 5247337986, 0, 8633559800
7500, 0, 0, 96, true, 5262953745, 0, 8917933160
7500, 0, 0, 97, true, 5250306815, 0, 3636211848
7500, 0, 0, 98, true, 5269070903, 0, 8630217336
7500, 0, 0, 99, true, 5252162384, 0, 3635986848
8000, 0, 0, 0, true, 11195185368, 0, 9169302192
8000, 0, 0, 1, true, 5710522889, 0, 8047306184
8000, 0, 0, 2, true, 5757151412, 0, 4852741544
8000, 0, 0, 3, true, 5716166066, 0, 4620673880
8000, 0, 0, 4, true, 5710345283, 0, 9412622456
8000, 0, 0, 5, true, 5765183106, 0, 9679983512
8000, 0, 0, 6, true, 5730697623, 0, 9465494576
8000, 0, 0, 7, true, 5711460302, 0, 9227476272
8000, 0, 0, 8, true, 5721160958, 0, 4810356440
8000, 0, 0, 9, true, 5736302178, 0, 9685830800
8000, 0, 0, 10, true, 5742368891, 0, 4620379464
8000, 0, 0, 11, true, 5705158734, 0, 4620642216
8000, 0, 0, 12, true, 5724035501, 0, 4810887192
8000, 0, 0, 13, true, 5746250032, 0, 4846932120
8000, 0, 0, 14, true, 5743569941, 0, 9462695808
8000, 0, 0, 15, true, 5724577358, 0, 9227586968
8000, 0, 0, 16, true, 5712535499, 0, 9417910064
8000, 0, 0, 17, true, 5742539293, 0, 4846915928
8000, 0, 0, 18, true, 5732498736, 0, 9462573672
8000, 0, 0, 19, true, 5706268309, 0, 9227486472
8000, 0, 0, 20, true, 5738539025, 0, 9417865568
8000, 0, 0, 21, true, 5738376181, 0, 9686059648
8000, 0, 0, 22, true, 5716755994, 0, 9462804288
8000, 0, 0, 23, true, 5722146681, 0, 9227577384
8000, 0, 0, 24, true, 5712927838, 0, 9417757600
8000, 0, 0, 25, true, 5753434139, 0, 9685858712
8000, 0, 0, 26, true, 5721933944, 0, 9462667408
8000, 0, 0, 27, true, 5709273518, 0, 9227576784
8000, 0, 0, 28, true, 5705227989, 0, 9417974424
8000, 0, 0, 29, true, 5732759515, 0, 9762947472
8000, 0, 0, 30, true, 5730391479, 0, 9462500368
8000, 0, 0, 31, true, 5722888179, 0, 9227504056
8000, 0, 0, 32, true, 5721854103, 0, 9417877656
8000, 0, 0, 33, true, 5762561171, 0, 4846925176
8000, 0, 0, 34, true, 5717666007, 0, 9462691624
8000, 0, 0, 35, true, 5721113222, 0, 9227593360
8000, 0, 0, 36, true, 5708489335, 0, 9417874896
8000, 0, 0, 37, true, 5742535259, 0, 9686063656
8000, 0, 0, 38, true, 5720788908, 0, 9462833888
8000, 0, 0, 39, true, 5720866514, 0, 9227583472
8000, 0, 0, 40, true, 5703838122, 0, 9417896520
8000, 0, 0, 41, true, 5758727532, 0, 9686137896
8000, 0, 0, 42, true, 5721840958, 0, 9462801136
8000, 0, 0, 43, true, 5712218371, 0, 9227588424
8000, 0, 0, 44, true, 5718885168, 0, 9417910968
8000, 0, 0, 45, true, 5747817711, 0, 9686120368
8000, 0, 0, 46, true, 5718312497, 0, 9760013192
8000, 0, 0, 47, true, 5715924237, 0, 9227595864
8000, 0, 0, 48, true, 5719775569, 0, 9417928768
8000, 0, 0, 49, true, 5743359191, 0, 9686108592
8000, 0, 0, 50, true, 5707849329, 0, 9462821240
8000, 0, 0, 51, true, 5716334193, 0, 9227647712
8000, 0, 0, 52, true, 5714613160, 0, 9417897952
8000, 0, 0, 53, true, 5753284537, 0, 9686090792
8000, 0, 0, 54, true, 5714418075, 0, 9759964072
8000, 0, 0, 55, true, 5733698161, 0, 9227542480
8000, 0, 0, 56, true, 5722472139, 0, 9417704288
8000, 0, 0, 57, true, 5745212010, 0, 9686024120
8000, 0, 0, 58, true, 5720064930, 0, 9462797792
8000, 0, 0, 59, true, 5740822969, 0, 4620708056
8000, 0, 0, 60, true, 5740866661, 0, 4810853016
8000, 0, 0, 61, true, 5773683921, 0, 9762678192
8000, 0, 0, 62, true, 5721031956, 0, 9462771128
8000, 0, 0, 63, true, 5707391541, 0, 9298676728
8000, 0, 0, 64, true, 5713642664, 0, 4811008856
8000, 0, 0, 65, true, 5749704314, 0, 9686131696
8000, 0, 0, 66, true, 5716847672, 0, 9462910696
8000, 0, 0, 67, true, 5721595951, 0, 9227630200
8000, 0, 0, 68, true, 5716420681, 0, 4810973448
8000, 0, 0, 69, true, 5748670884, 0, 4846946568
8000, 0, 0, 70, true, 5741235653, 0, 9462366080
8000, 0, 0, 71, true, 5715998785, 0, 4620711560
8000, 0, 0, 72, true, 5719479312, 0, 9417880752
8000, 0, 0, 73, true, 5756171668, 0, 9686080080
8000, 0, 0, 74, true, 5704450649, 0, 4620252936
8000, 0, 0, 75, true, 5718928466, 0, 9227529408
8000, 0, 0, 76, true, 5713455468, 0, 9417936128
8000, 0, 0, 77, true, 5733232732, 0, 9762887504
8000, 0, 0, 78, true, 5707854538, 0, 9462892056
8000, 0, 0, 79, true, 5705948183, 0, 9298721032
8000, 0, 0, 80, true, 5713922406, 0, 4781421376
8000, 0, 0, 81, true, 5760562950, 0, 4846961608
8000, 0, 0, 82, true, 5704840951, 0, 9462675632
8000, 0, 0, 83, true, 5728135181, 0, 9298675936
8000, 0, 0, 84, true, 5720267410, 0, 4810941448
8000, 0, 0, 85, true, 5754290921, 0, 4847032376
8000, 0, 0, 86, true, 5721141120, 0, 9462756976
8000, 0, 0, 87, true, 5716436531, 0, 9227629664
8000, 0, 0, 88, true, 5708650649, 0, 4810892488
8000, 0, 0, 89, true, 5742197747, 0, 9686114504
8000, 0, 0, 90, true, 5717079790, 0, 4620243592
8000, 0, 0, 91, true, 5713990350, 0, 9227513856
8000, 0, 0, 92, true, 5717492941, 0, 9417910712
8000, 0, 0, 93, true, 5773619800, 0, 4846983304
8000, 0, 0, 94, true, 5713473198, 0, 9462627000
8000, 0, 0, 95, true, 5713816256, 0, 9227567360
8000, 0, 0, 96, true, 5723425254, 0, 9417915984
8000, 0, 0, 97, true, 5746647266, 0, 4846969176
8000, 0, 0, 98, true, 5717331775, 0, 9462686056
8000, 0, 0, 99, true, 5724431833, 0, 9227589896
8500, 0, 0, 0, true, 6009334907, 0, 4565710168
8500, 0, 0, 1, true, 6028667908, 0, 10416246776
8500, 0, 0, 2, true, 5994659498, 0, 9405124512
8500, 0, 0, 3, true, 5983320299, 0, 9370954712
8500, 0, 0, 4, true, 6016122110, 0, 9403580688
8500, 0, 0, 5, true, 5981318346, 0, 9646669384
8500, 0, 0, 6, true, 5985526906, 0, 4239753032
8500, 0, 0, 7, true, 5994157091, 0, 9357424720
8500, 0, 0, 8, true, 5996407109, 0, 10397084584
8500, 0, 0, 9, true, 5993336827, 0, 9646743192
8500, 0, 0, 10, true, 5982158703, 0, 9405093496
8500, 0, 0, 11, true, 5995550768, 0, 9356470112
8500, 0, 0, 12, true, 5981362067, 0, 9404859920
8500, 0, 0, 13, true, 5986042008, 0, 9648154920
8500, 0, 0, 14, true, 5987619870, 0, 9404792800
8500, 0, 0, 15, true, 5986632170, 0, 9356364208
8500, 0, 0, 16, true, 5996166017, 0, 9404764848
8500, 0, 0, 17, true, 5994172848, 0, 9356743392
8500, 0, 0, 18, true, 6004503558, 0, 10397205472
8500, 0, 0, 19, true, 6006399454, 0, 9648431672
8500, 0, 0, 20, true, 5988001128, 0, 9404951248
8500, 0, 0, 21, true, 5980597896, 0, 9356528872
8500, 0, 0, 22, true, 5976720039, 0, 9404907304
8500, 0, 0, 23, true, 5986339342, 0, 9356371096
8500, 0, 0, 24, true, 5997278232, 0, 9404761280
8500, 0, 0, 25, true, 5989544021, 0, 9356381128
8500, 0, 0, 26, true, 5988026869, 0, 9404885720
8500, 0, 0, 27, true, 6005303302, 0, 9648156568
8500, 0, 0, 28, true, 5982876709, 0, 9404827344
8500, 0, 0, 29, true, 6017784062, 0, 9648150696
8500, 0, 0, 30, true, 5979259438, 0, 10396529072
8500, 0, 0, 31, true, 5986758259, 0, 9357094984
8500, 0, 0, 32, true, 5976637250, 0, 9405106608
8500, 0, 0, 33, true, 5996185748, 0, 4566987160
8500, 0, 0, 34, true, 5982169073, 0, 10023275088
8500, 0, 0, 35, true, 5992956941, 0, 4566985624
8500, 0, 0, 36, true, 5985701857, 0, 9405175136
8500, 0, 0, 37, true, 5989165622, 0, 4566947880
8500, 0, 0, 38, true, 5976270077, 0, 9405074096
8500, 0, 0, 39, true, 5969169331, 0, 9356373576
8500, 0, 0, 40, true, 5978267849, 0, 4240172440
8500, 0, 0, 41, true, 5998408128, 0, 9356460528
8500, 0, 0, 42, true, 5983219776, 0, 4240204728
8500, 0, 0, 43, true, 5988161056, 0, 9356929264
8500, 0, 0, 44, true, 5966254175, 0, 9405147728
8500, 0, 0, 45, true, 5983193250, 0, 9356486656
8500, 0, 0, 46, true, 5984608138, 0, 10396595840
8500, 0, 0, 47, true, 5978547793, 0, 9356501840
8500, 0, 0, 48, true, 5979049961, 0, 4240179864
8500, 0, 0, 49, true, 5990449015, 0, 9356425024
8500, 0, 0, 50, true, 5977493779, 0, 9404940896
8500, 0, 0, 51, true, 5997370674, 0, 9356468752
8500, 0, 0, 52, true, 5985185765, 0, 9404763856
8500, 0, 0, 53, true, 5992873666, 0, 9356937312
8500, 0, 0, 54, true, 5988279961, 0, 9405203744
8500, 0, 0, 55, true, 5997451207, 0, 9356577264
8500, 0, 0, 56, true, 5975071412, 0, 9404922632
8500, 0, 0, 57, true, 5979280874, 0, 9356421120
8500, 0, 0, 58, true, 5975577269, 0, 9404829744
8500, 0, 0, 59, true, 5993823849, 0, 9356376904
8500, 0, 0, 60, true, 5977691278, 0, 9404875688
8500, 0, 0, 61, true, 5990883030, 0, 9356491736
8500, 0, 0, 62, true, 5990372917, 0, 9404788784
8500, 0, 0, 63, true, 6015164437, 0, 4566856664
8500, 0, 0, 64, true, 5991272779, 0, 4240178264
8500, 0, 0, 65, true, 5989945536, 0, 9356420584
8500, 0, 0, 66, true, 5983205644, 0, 9404835624
8500, 0, 0, 67, true, 5982987887, 0, 9356418408
8500, 0, 0, 68, true, 5982998075, 0, 9404796184
8500, 0, 0, 69, true, 5994222744, 0, 9356706816
8500, 0, 0, 70, true, 5981672519, 0, 9404915968
8500, 0, 0, 71, true, 5982647568, 0, 9356494920
8500, 0, 0, 72, true, 5984858887, 0, 9404938528
8500, 0, 0, 73, true, 5979600362, 0, 9648151480
8500, 0, 0, 74, true, 5990343662, 0, 10396864208
8500, 0, 0, 75, true, 5993895592, 0, 9356416360
8500, 0, 0, 76, true, 5981815851, 0, 9404945344
8500, 0, 0, 77, true, 5990287531, 0, 4567069256
8500, 0, 0, 78, true, 5978713991, 0, 9405147968
8500, 0, 0, 79, true, 5988625586, 0, 9356348080
8500, 0, 0, 80, true, 5966006443, 0, 10396536416
8500, 0, 0, 81, true, 5984566569, 0, 9356594336
8500, 0, 0, 82, true, 5994086458, 0, 9405099560
8500, 0, 0, 83, true, 5984112084, 0, 9356494592
8500, 0, 0, 84, true, 5991977427, 0, 10396520560
8500, 0, 0, 85, true, 5996717797, 0, 9356655048
8500, 0, 0, 86, true, 5971560740, 0, 9404950048
8500, 0, 0, 87, true, 5990055373, 0, 9356425936
8500, 0, 0, 88, true, 5982287858, 0, 9404957280
8500, 0, 0, 89, true, 5984923060, 0, 4567020504
8500, 0, 0, 90, true, 5973998034, 0, 4240272968
8500, 0, 0, 91, true, 5993907709, 0, 9356395248
8500, 0, 0, 92, true, 5986137882, 0, 4240213496
8500, 0, 0, 93, true, 6008955637, 0, 9648300776
8500, 0, 0, 94, true, 5988033390, 0, 9405098656
8500, 0, 0, 95, true, 5987242174, 0, 9648415704
8500, 0, 0, 96, true, 5988421504, 0, 9404817888
8500, 0, 0, 97, true, 5987407626, 0, 9356387864
8500, 0, 0, 98, true, 5988219233, 0, 10396562912
8500, 0, 0, 99, true, 5989237512, 0, 4566882008
9000, 0, 0, 0, true, 6267532913, 0, 4066397880
9000, 0, 0, 1, true, 6233899062, 0, 9411344032
9000, 0, 0, 2, true, 6239510456, 0, 9586772608
9000, 0, 0, 3, true, 6240558988, 0, 4240649816
9000, 0, 0, 4, true, 6238114093, 0, 4240641672
9000, 0, 0, 5, true, 6243000594, 0, 9586574688
9000, 0, 0, 6, true, 6233483046, 0, 9586611392
9000, 0, 0, 7, true, 6243368366, 0, 4240633624
9000, 0, 0, 8, true, 6236926287, 0, 9586516680
9000, 0, 0, 9, true, 6233564828, 0, 9586531048
9000, 0, 0, 10, true, 6235840668, 0, 9586711320
9000, 0, 0, 11, true, 6270653051, 0, 9586664888
9000, 0, 0, 12, true, 6231368742, 0, 9586506464
9000, 0, 0, 13, true, 6236258376, 0, 9586568120
9000, 0, 0, 14, true, 6236444580, 0, 9586652144
9000, 0, 0, 15, true, 6225959035, 0, 9586657880
9000, 0, 0, 16, true, 6239498397, 0, 9586659712
9000, 0, 0, 17, true, 6250131714, 0, 9586513904
9000, 0, 0, 18, true, 6236352335, 0, 10758547120
9000, 0, 0, 19, true, 6226631072, 0, 9586634976
9000, 0, 0, 20, true, 6226865575, 0, 9586681936
9000, 0, 0, 21, true, 6235348502, 0, 9586685144
9000, 0, 0, 22, true, 6247446499, 0, 9586642184
9000, 0, 0, 23, true, 6240920070, 0, 9586494160
9000, 0, 0, 24, true, 6254184209, 0, 9586523688
9000, 0, 0, 25, true, 6226660048, 0, 9586530624
9000, 0, 0, 26, true, 6246422022, 0, 9586615880
9000, 0, 0, 27, true, 6243756567, 0, 4240626392
9000, 0, 0, 28, true, 6264898444, 0, 9586511816
9000, 0, 0, 29, true, 6259753218, 0, 9586663080
9000, 0, 0, 30, true, 6243312758, 0, 9586650584
9000, 0, 0, 31, true, 6242090892, 0, 10758590896
9000, 0, 0, 32, true, 6240506721, 0, 9586547952
9000, 0, 0, 33, true, 6234421156, 0, 9586591920
9000, 0, 0, 34, true, 6242187806, 0, 9586611072
9000, 0, 0, 35, true, 6229988450, 0, 9586571768
9000, 0, 0, 36, true, 6232706232, 0, 10758619456
9000, 0, 0, 37, true, 6235472571, 0, 9586599736
9000, 0, 0, 38, true, 6240698177, 0, 10758773936
9000, 0, 0, 39, true, 6239185899, 0, 10758627816
9000, 0, 0, 40, true, 6237038306, 0, 10758882536
9000, 0, 0, 41, true, 6239811909, 0, 9586497720
9000, 0, 0, 42, true, 6236299705, 0, 9586493552
9000, 0, 0, 43, true, 6244532517, 0, 9586475456
9000, 0, 0, 44, true, 6244882331, 0, 9586536912
9000, 0, 0, 45, true, 6229110144, 0, 9586496528
9000, 0, 0, 46, true, 6248325659, 0, 10758641680
9000, 0, 0, 47, true, 6240932921, 0, 9586610328
9000, 0, 0, 48, true, 6225848755, 0, 9586582456
9000, 0, 0, 49, true, 6230349811, 0, 9586517720
9000, 0, 0, 50, true, 6246953372, 0, 9586619480
9000, 0, 0, 51, true, 6244299789, 0, 9586629960
9000, 0, 0, 52, true, 6223848796, 0, 4240717512
9000, 0, 0, 53, true, 6552701474, 0, 4240670888
9000, 0, 0, 54, true, 6299586585, 0, 4211161240
9000, 0, 0, 55, true, 6222464930, 0, 9586571272
9000, 0, 0, 56, true, 6242840996, 0, 9586556776
9000, 0, 0, 57, true, 6231847181, 0, 9586605280
9000, 0, 0, 58, true, 6273721543, 0, 4240792088
9000, 0, 0, 59, true, 6238496561, 0, 9586600592
9000, 0, 0, 60, true, 6224599601, 0, 4240641608
9000, 0, 0, 61, true, 6241860825, 0, 4240690808
9000, 0, 0, 62, true, 6228556865, 0, 9586670960
9000, 0, 0, 63, true, 6236719126, 0, 9586681168
9000, 0, 0, 64, true, 6230087118, 0, 4211153288
9000, 0, 0, 65, true, 6277802295, 0, 4240736248
9000, 0, 0, 66, true, 6227339902, 0, 4240716936
9000, 0, 0, 67, true, 6242489240, 0, 9586599976
9000, 0, 0, 68, true, 6240694556, 0, 9586523992
9000, 0, 0, 69, true, 6282902686, 0, 9586618040
9000, 0, 0, 70, true, 6224082830, 0, 9586599784
9000, 0, 0, 71, true, 6240591960, 0, 9586529216
9000, 0, 0, 72, true, 6241332066, 0, 9586538920
9000, 0, 0, 73, true, 6226647103, 0, 9586569992
9000, 0, 0, 74, true, 6246022863, 0, 9586610424
9000, 0, 0, 75, true, 6234751167, 0, 9586630824
9000, 0, 0, 76, true, 6241507594, 0, 4240686568
9000, 0, 0, 77, true, 6229384399, 0, 9586611736
9000, 0, 0, 78, true, 6225777291, 0, 10758638944
9000, 0, 0, 79, true, 6233140950, 0, 9586569624
9000, 0, 0, 80, true, 6240190557, 0, 10758603272
9000, 0, 0, 81, true, 6247843330, 0, 9586635584
9000, 0, 0, 82, true, 6256206246, 0, 9586531920
9000, 0, 0, 83, true, 6233222063, 0, 9586480440
9000, 0, 0, 84, true, 6217859122, 0, 9586529296
9000, 0, 0, 85, true, 6240399224, 0, 9586504160
9000, 0, 0, 86, true, 6226454735, 0, 4240687048
9000, 0, 0, 87, true, 6228229911, 0, 4240685176
9000, 0, 0, 88, true, 6256044652, 0, 9586658376
9000, 0, 0, 89, true, 6237572551, 0, 9586577016
9000, 0, 0, 90, true, 6233571175, 0, 9586517248
9000, 0, 0, 91, true, 6234862040, 0, 10758550464
9000, 0, 0, 92, true, 6230990251, 0, 10758898184
9000, 0, 0, 93, true, 6238852513, 0, 4240687384
9000, 0, 0, 94, true, 6225804988, 0, 4240669128
9000, 0, 0, 95, true, 6237509880, 0, 9586520368
9000, 0, 0, 96, true, 6229616605, 0, 4240640040
9000, 0, 0, 97, true, 6242939972, 0, 9586529616
9000, 0, 0, 98, true, 6232044751, 0, 10758613264
9000, 0, 0, 99, true, 6303537247, 0, 9586604432
9500, 0, 0, 0, true, 6716838269, 0, 5262470440
9500, 0, 0, 1, true, 6744340414, 0, 11545577384
9500, 0, 0, 2, true, 6698070892, 0, 10704375136
9500, 0, 0, 3, true, 6744657798, 0, 11140246272
9500, 0, 0, 4, true, 6706363891, 0, 10704656840
9500, 0, 0, 5, true, 6757936984, 0, 10781648048
9500, 0, 0, 6, true, 6704614782, 0, 10705238312
9500, 0, 0, 7, true, 6733436204, 0, 10782084464
9500, 0, 0, 8, true, 6705362449, 0, 10704315592
9500, 0, 0, 9, true, 6719088696, 0, 10782630856
9500, 0, 0, 10, true, 6692609974, 0, 10704387736
9500, 0, 0, 11, true, 6745128046, 0, 11140324920
9500, 0, 0, 12, true, 6709069338, 0, 4970122104
9500, 0, 0, 13, true, 6735010236, 0, 10782402504
9500, 0, 0, 14, true, 6708703743, 0, 4970168200
9500, 0, 0, 15, true, 6747070177, 0, 11141798216
9500, 0, 0, 16, true, 6720755094, 0, 10704301296
9500, 0, 0, 17, true, 6743807561, 0, 10782161496
9500, 0, 0, 18, true, 6687322316, 0, 10704295792
9500, 0, 0, 19, true, 6752503531, 0, 5255233592
9500, 0, 0, 20, true, 6687944586, 0, 10704297856
9500, 0, 0, 21, true, 6744152624, 0, 11140266048
9500, 0, 0, 22, true, 6706466116, 0, 10704324272
9500, 0, 0, 23, true, 6740197294, 0, 5255231864
9500, 0, 0, 24, true, 6694441324, 0, 4970147256
9500, 0, 0, 25, true, 6733860131, 0, 10782425520
9500, 0, 0, 26, true, 6699389150, 0, 4970163736
9500, 0, 0, 27, true, 6736383734, 0, 10782450320
9500, 0, 0, 28, true, 6724765278, 0, 10705013296
9500, 0, 0, 29, true, 6750149264, 0, 10782397088
9500, 0, 0, 30, true, 6706448286, 0, 10705024976
9500, 0, 0, 31, true, 6742359715, 0, 10782425152
9500, 0, 0, 32, true, 6703879568, 0, 4970123064
9500, 0, 0, 33, true, 6766280918, 0, 5255319592
9500, 0, 0, 34, true, 6700804519, 0, 10704314336
9500, 0, 0, 35, true, 6737957860, 0, 10782139912
9500, 0, 0, 36, true, 6704859776, 0, 11537876352
9500, 0, 0, 37, true, 6712782460, 0, 11140271536
9500, 0, 0, 38, true, 6697571018, 0, 4970142232
9500, 0, 0, 39, true, 6733688331, 0, 10782429704
9500, 0, 0, 40, true, 6702619596, 0, 10704331256
9500, 0, 0, 41, true, 6735452045, 0, 10782151192
9500, 0, 0, 42, true, 6734514077, 0, 10704325496
9500, 0, 0, 43, true, 6739203983, 0, 10782057216
9500, 0, 0, 44, true, 6711431922, 0, 4970128056
9500, 0, 0, 45, true, 6755685168, 0, 10782387968
9500, 0, 0, 46, true, 6692834517, 0, 4970118040
9500, 0, 0, 47, true, 6734829137, 0, 10782405512
9500, 0, 0, 48, true, 6717726569, 0, 10705016064
9500, 0, 0, 49, true, 6737418134, 0, 10782414592
9500, 0, 0, 50, true, 6701358506, 0, 10704440528
9500, 0, 0, 51, true, 6735164812, 0, 10782278960
9500, 0, 0, 52, true, 6707416538, 0, 10705023176
9500, 0, 0, 53, true, 6750024943, 0, 10782435408
9500, 0, 0, 54, true, 6713990077, 0, 10704347928
9500, 0, 0, 55, true, 6765481778, 0, 10782189944
9500, 0, 0, 56, true, 6699903824, 0, 11537944656
9500, 0, 0, 57, true, 6742749908, 0, 11140252272
9500, 0, 0, 58, true, 6697574264, 0, 10704310768
9500, 0, 0, 59, true, 6726966297, 0, 10782163560
9500, 0, 0, 60, true, 6689215842, 0, 10704408896
9500, 0, 0, 61, true, 6736585169, 0, 10782245248
9500, 0, 0, 62, true, 6686747403, 0, 4970127000
9500, 0, 0, 63, true, 6735717833, 0, 10782421424
9500, 0, 0, 64, true, 6670595886, 0, 10704464160
9500, 0, 0, 65, true, 6750873489, 0, 10782285760
9500, 0, 0, 66, true, 6708125984, 0, 10704279208
9500, 0, 0, 67, true, 6738010759, 0, 10782138184
9500, 0, 0, 68, true, 6758494478, 0, 4970125656
9500, 0, 0, 69, true, 6765558774, 0, 10782401952
9500, 0, 0, 70, true, 6710426576, 0, 4970142136
9500, 0, 0, 71, true, 6730853483, 0, 10782394416
9500, 0, 0, 72, true, 6723142960, 0, 10704300840
9500, 0, 0, 73, true, 6751384037, 0, 5255259704
9500, 0, 0, 74, true, 6685935367, 0, 4970119672
9500, 0, 0, 75, true, 6739459564, 0, 10782537600
9500, 0, 0, 76, true, 6697408407, 0, 10705103008
9500, 0, 0, 77, true, 6749913508, 0, 10782370832
9500, 0, 0, 78, true, 6710903656, 0, 10704326648
9500, 0, 0, 79, true, 6746224202, 0, 10782168984
9500, 0, 0, 80, true, 6700455578, 0, 10704992304
9500, 0, 0, 81, true, 6725996605, 0, 10782402776
9500, 0, 0, 82, true, 6703715211, 0, 10704991624
9500, 0, 0, 83, true, 6743208530, 0, 11141822504
9500, 0, 0, 84, true, 6700088070, 0, 4970193576
9500, 0, 0, 85, true, 6747740171, 0, 10782479984
9500, 0, 0, 86, true, 6698182083, 0, 10704400664
9500, 0, 0, 87, true, 6748259332, 0, 10782171000
9500, 0, 0, 88, true, 6698285472, 0, 10704365136
9500, 0, 0, 89, true, 6722161129, 0, 10782203896
9500, 0, 0, 90, true, 6693460071, 0, 4970142584
9500, 0, 0, 91, true, 6735964124, 0, 10782435264
9500, 0, 0, 92, true, 6677674534, 0, 10705156320
9500, 0, 0, 93, true, 6745596275, 0, 11142062920
9500, 0, 0, 94, true, 6697746291, 0, 10705060864
9500, 0, 0, 95, true, 6740267968, 0, 10782435184
9500, 0, 0, 96, true, 6718108410, 0, 10705012768
9500, 0, 0, 97, true, 6729690216, 0, 10782298328
9500, 0, 0, 98, true, 6719792305, 0, 10704395120
9500, 0, 0, 99, true, 6728841764, 0, 10782214592
10000, 0, 0, 0, true, 6985767558, 0, 4593179048
10000, 0, 0, 1, true, 6982624300, 0, 11492028872
10000, 0, 0, 2, true, 6995787895, 0, 11182425888
10000, 0, 0, 3, true, 6989273280, 0, 11183324864
10000, 0, 0, 4, true, 6989772690, 0, 12283659720
10000, 0, 0, 5, true, 6982548463, 0, 11183598560
10000, 0, 0, 6, true, 6985873270, 0, 11183647728
10000, 0, 0, 7, true, 6985536175, 0, 12283679656
10000, 0, 0, 8, true, 6982541862, 0, 11183616784
10000, 0, 0, 9, true, 6976026423, 0, 11183650216
10000, 0, 0, 10, true, 6993357973, 0, 11183609160
10000, 0, 0, 11, true, 6986901631, 0, 5077544968
10000, 0, 0, 12, true, 6982299162, 0, 11183583760
10000, 0, 0, 13, true, 6984916661, 0, 5077584104
10000, 0, 0, 14, true, 6963622986, 0, 11183664992
10000, 0, 0, 15, true, 6982725453, 0, 11183667088
10000, 0, 0, 16, true, 6999857861, 0, 11183628160
10000, 0, 0, 17, true, 6980237730, 0, 12283660248
10000, 0, 0, 18, true, 6982029905, 0, 12283907896
10000, 0, 0, 19, true, 6986744666, 0, 11183640712
10000, 0, 0, 20, true, 6975967543, 0, 11183642632
10000, 0, 0, 21, true, 6973836858, 0, 11183637440
10000, 0, 0, 22, true, 6997696121, 0, 5077558168
10000, 0, 0, 23, true, 6988558467, 0, 11183641808
10000, 0, 0, 24, true, 6982122680, 0, 11183744200
10000, 0, 0, 25, true, 6971193596, 0, 11183732864
10000, 0, 0, 26, true, 6981846836, 0, 11183628264
10000, 0, 0, 27, true, 6979736578, 0, 11183594032
10000, 0, 0, 28, true, 7013194939, 0, 11183598568
10000, 0, 0, 29, true, 6964015094, 0, 12283638216
10000, 0, 0, 30, true, 6973380753, 0, 11183640872
10000, 0, 0, 31, true, 6978097026, 0, 11183614920
10000, 0, 0, 32, true, 6975778501, 0, 12283704760
10000, 0, 0, 33, true, 6988036417, 0, 11183676304
10000, 0, 0, 34, true, 6990591459, 0, 12283743048
10000, 0, 0, 35, true, 6989987429, 0, 11183641456
10000, 0, 0, 36, true, 6995459082, 0, 11183625392
10000, 0, 0, 37, true, 7056145402, 0, 5077650136
10000, 0, 0, 38, true, 6979220888, 0, 11183623392
10000, 0, 0, 39, true, 6955745911, 0, 12283667672
10000, 0, 0, 40, true, 6987748527, 0, 12283708568
10000, 0, 0, 41, true, 6982225198, 0, 11183654800
10000, 0, 0, 42, true, 6965861585, 0, 5077575496
10000, 0, 0, 43, true, 6989529104, 0, 11183582272
10000, 0, 0, 44, true, 6981234707, 0, 11183647856
10000, 0, 0, 45, true, 6979014702, 0, 11183615080
10000, 0, 0, 46, true, 6974073431, 0, 12283719480
10000, 0, 0, 47, true, 6975504174, 0, 5077573768
10000, 0, 0, 48, true, 6976424805, 0, 11183649088
10000, 0, 0, 49, true, 6981687302, 0, 11183627544
10000, 0, 0, 50, true, 6986053855, 0, 11183635008
10000, 0, 0, 51, true, 6989433366, 0, 11183617976
10000, 0, 0, 52, true, 6975259548, 0, 11183633344
10000, 0, 0, 53, true, 6975447366, 0, 12283655800
10000, 0, 0, 54, true, 6976792679, 0, 11183658112
10000, 0, 0, 55, true, 6992256596, 0, 11183647544
10000, 0, 0, 56, true, 6986408019, 0, 11183711152
10000, 0, 0, 57, true, 6989357108, 0, 12283934936
10000, 0, 0, 58, true, 6976132580, 0, 5077582488
10000, 0, 0, 59, true, 6978846085, 0, 11183648432
10000, 0, 0, 60, true, 6969775473, 0, 11183651360
10000, 0, 0, 61, true, 6973227375, 0, 11183661712
10000, 0, 0, 62, true, 6985382446, 0, 11183670080
10000, 0, 0, 63, true, 6994153422, 0, 11183672208
10000, 0, 0, 64, true, 6974183879, 0, 11183632816
10000, 0, 0, 65, true, 7005329557, 0, 11183612416
10000, 0, 0, 66, true, 6989238664, 0, 11183625616
10000, 0, 0, 67, true, 6987024465, 0, 11183683008
10000, 0, 0, 68, true, 6975710695, 0, 12283756392
10000, 0, 0, 69, true, 7016206609, 0, 5077646968
10000, 0, 0, 70, true, 6979695094, 0, 12283729960
10000, 0, 0, 71, true, 6975190181, 0, 12284007032
10000, 0, 0, 72, true, 6979354811, 0, 5077562072
10000, 0, 0, 73, true, 6983262073, 0, 12283658328
10000, 0, 0, 74, true, 6984079016, 0, 11183624624
10000, 0, 0, 75, true, 6979929996, 0, 5048047232
10000, 0, 0, 76, true, 6984143328, 0, 12283637960
10000, 0, 0, 77, true, 6960398662, 0, 11183679768
10000, 0, 0, 78, true, 6989618355, 0, 11183670392
10000, 0, 0, 79, true, 6986248120, 0, 11183643104
10000, 0, 0, 80, true, 7010022740, 0, 12283687304
10000, 0, 0, 81, true, 6993253013, 0, 12283664680
10000, 0, 0, 82, true, 6975742741, 0, 11183688520
10000, 0, 0, 83, true, 6993267224, 0, 11183620664
10000, 0, 0, 84, true, 6969959769, 0, 11183660704
10000, 0, 0, 85, true, 6971378487, 0, 11183678200
10000, 0, 0, 86, true, 6977225872, 0, 12283710232
10000, 0, 0, 87, true, 6978898435, 0, 11183801128
10000, 0, 0, 88, true, 6991402935, 0, 11183639256
10000, 0, 0, 89, true, 6975932736, 0, 11183674112
10000, 0, 0, 90, true, 6980870166, 0, 11183673144
10000, 0, 0, 91, true, 6983277424, 0, 11183664880
10000, 0, 0, 92, true, 6994821536, 0, 11183658168
10000, 0, 0, 93, true, 6996028243, 0, 11183664488
10000, 0, 0, 94, true, 6980181905, 0, 12283823176
10000, 0, 0, 95, true, 6973303117, 0, 11183710664
10000, 0, 0, 96, true, 6966371908, 0, 12283790760
10000, 0, 0, 97, true, 7008137638, 0, 11183803320
10000, 0, 0, 98, true, 6970795235, 0, 11183631592
10000, 0, 0, 99, true, 6976664579, 0, 12283693752
