3, 4, 10, 10, 50, 50, 5, 0, true, 0, true, 22300347, 9, 788962656
3, 4, 10, 10, 50, 50, 5, 0, true, 1, true, 24548414, 9, 96615400
3, 4, 10, 10, 50, 50, 5, 0, true, 2, true, 24450012, 9, 96599520
3, 4, 10, 10, 50, 50, 5, 0, true, 3, true, 35830715, 9, 96644048
3, 4, 10, 10, 50, 50, 5, 0, true, 4, true, 24085078, 9, 96696960
3, 4, 10, 10, 50, 50, 5, 0, true, 5, true, 26006508, 9, 96624304
3, 4, 10, 10, 50, 50, 5, 0, true, 6, true, 24722419, 9, 96684416
3, 4, 10, 10, 50, 50, 5, 0, true, 7, true, 25936507, 9, 96644240
3, 4, 10, 10, 50, 50, 5, 0, true, 8, true, 27559949, 9, 96644288
3, 4, 10, 10, 50, 50, 5, 0, true, 9, true, 26908248, 9, 96697200
3, 4, 10, 10, 50, 50, 5, 0, true, 10, true, 37642889, 9, 96644384
3, 4, 10, 10, 50, 50, 5, 0, true, 11, true, 27347086, 9, 96675280
3, 4, 10, 10, 50, 50, 5, 0, true, 12, true, 27103442, 9, 96676416
3, 4, 10, 10, 50, 50, 5, 0, true, 13, true, 35142759, 9, 96731672
3, 4, 10, 10, 50, 50, 5, 0, true, 14, true, 25207605, 9, 96695128
3, 4, 10, 10, 50, 50, 5, 0, true, 15, true, 27875632, 9, 96629512
3, 4, 10, 10, 50, 50, 5, 0, true, 16, true, 26777219, 9, 96686472
3, 4, 10, 10, 50, 50, 5, 0, true, 17, true, 26172989, 9, 96676656
3, 4, 10, 10, 50, 50, 5, 0, true, 18, true, 27694479, 9, 96699144
3, 4, 10, 10, 50, 50, 5, 0, true, 19, true, 22451665, 9, 96646928
3, 4, 10, 10, 50, 50, 5, 0, true, 20, true, 25051627, 9, 96644864
3, 4, 10, 10, 50, 50, 5, 0, true, 21, true, 19629325, 9, 96699664
3, 4, 10, 10, 50, 50, 5, 0, true, 22, true, 21460561, 9, 96697992
3, 4, 10, 10, 50, 50, 5, 0, true, 23, true, 26264497, 9, 96657656
3, 4, 10, 10, 50, 50, 5, 0, true, 24, true, 24269416, 9, 96682536
3, 4, 10, 10, 50, 50, 5, 0, true, 25, true, 24353146, 9, 96708144
3, 4, 10, 10, 50, 50, 5, 0, true, 26, true, 25582468, 9, 96647264
3, 4, 10, 10, 50, 50, 5, 0, true, 27, true, 26242435, 9, 96616648
3, 4, 10, 10, 50, 50, 5, 0, true, 28, true, 25746368, 9, 96685512
3, 4, 10, 10, 50, 50, 5, 0, true, 29, true, 35206563, 9, 96698368
3, 4, 10, 10, 50, 50, 5, 0, true, 30, true, 28145726, 9, 96627568
3, 4, 10, 10, 50, 50, 5, 0, true, 31, true, 23523619, 9, 96652888
3, 4, 10, 10, 50, 50, 5, 0, true, 32, true, 20653563, 9, 96621984
3, 4, 10, 10, 50, 50, 5, 0, true, 33, true, 23340585, 9, 96718024
3, 4, 10, 10, 50, 50, 5, 0, true, 34, true, 31459282, 9, 96662776
3, 4, 10, 10, 50, 50, 5, 0, true, 35, true, 19893702, 9, 96685928
3, 4, 10, 10, 50, 50, 5, 0, true, 36, true, 23937479, 9, 96675784
3, 4, 10, 10, 50, 50, 5, 0, true, 37, true, 26321635, 9, 96657096
3, 4, 10, 10, 50, 50, 5, 0, true, 38, true, 25252806, 9, 96654496
3, 4, 10, 10, 50, 50, 5, 0, true, 39, true, 26435279, 9, 96686304
3, 4, 10, 10, 50, 50, 5, 0, true, 40, true, 28324629, 9, 96700672
3, 4, 10, 10, 50, 50, 5, 0, true, 41, true, 23911428, 9, 96646448
3, 4, 10, 10, 50, 50, 5, 0, true, 42, true, 27668313, 9, 96593824
3, 4, 10, 10, 50, 50, 5, 0, true, 43, true, 20150875, 9, 96585224
3, 4, 10, 10, 50, 50, 5, 0, true, 44, true, 26238718, 9, 96648704
3, 4, 10, 10, 50, 50, 5, 0, true, 45, true, 25729495, 9, 96697192
3, 4, 10, 10, 50, 50, 5, 0, true, 46, true, 23825934, 9, 96646688
3, 4, 10, 10, 50, 50, 5, 0, true, 47, true, 26483634, 9, 96666832
3, 4, 10, 10, 50, 50, 5, 0, true, 48, true, 25625055, 9, 96678720
3, 4, 10, 10, 50, 50, 5, 0, true, 49, true, 26662705, 9, 96646832
3, 4, 10, 10, 50, 50, 5, 0, true, 50, true, 23109865, 9, 96655312
3, 4, 10, 10, 50, 50, 5, 0, true, 51, true, 26799948, 9, 96688712
3, 4, 10, 10, 50, 50, 5, 0, true, 52, true, 25973331, 9, 96707704
3, 4, 10, 10, 50, 50, 5, 0, true, 53, true, 27842251, 9, 96677296
3, 4, 10, 10, 50, 50, 5, 0, true, 54, true, 31790738, 9, 96655600
3, 4, 10, 10, 50, 50, 5, 0, true, 55, true, 23760660, 9, 96689136
3, 4, 10, 10, 50, 50, 5, 0, true, 56, true, 22499516, 9, 96647168
3, 4, 10, 10, 50, 50, 5, 0, true, 57, true, 29730024, 9, 96653552
3, 4, 10, 10, 50, 50, 5, 0, true, 58, true, 23572054, 9, 96653464
3, 4, 10, 10, 50, 50, 5, 0, true, 59, true, 30272934, 9, 96654960
3, 4, 10, 10, 50, 50, 5, 0, true, 60, true, 26520764, 9, 96651448
3, 4, 10, 10, 50, 50, 5, 0, true, 61, true, 20644481, 9, 96647408
3, 4, 10, 10, 50, 50, 5, 0, true, 62, true, 29693926, 9, 96660104
3, 4, 10, 10, 50, 50, 5, 0, true, 63, true, 24505506, 9, 96691264
3, 4, 10, 10, 50, 50, 5, 0, true, 64, true, 24226719, 9, 96649664
3, 4, 10, 10, 50, 50, 5, 0, true, 65, true, 28429128, 9, 96629824
3, 4, 10, 10, 50, 50, 5, 0, true, 66, true, 27738376, 9, 96650048
3, 4, 10, 10, 50, 50, 5, 0, true, 67, true, 33848729, 9, 96698536
3, 4, 10, 10, 50, 50, 5, 0, true, 68, true, 25174286, 9, 96656752
3, 4, 10, 10, 50, 50, 5, 0, true, 69, true, 22814769, 9, 96660728
3, 4, 10, 10, 50, 50, 5, 0, true, 70, true, 22519971, 9, 96718376
3, 4, 10, 10, 50, 50, 5, 0, true, 71, true, 25704162, 9, 96711216
3, 4, 10, 10, 50, 50, 5, 0, true, 72, true, 28012523, 9, 96658784
3, 4, 10, 10, 50, 50, 5, 0, true, 73, true, 24765782, 9, 96630472
3, 4, 10, 10, 50, 50, 5, 0, true, 74, true, 21571213, 9, 96621296
3, 4, 10, 10, 50, 50, 5, 0, true, 75, true, 29151438, 9, 96688304
3, 4, 10, 10, 50, 50, 5, 0, true, 76, true, 22652383, 9, 96658744
3, 4, 10, 10, 50, 50, 5, 0, true, 77, true, 26851713, 9, 96619912
3, 4, 10, 10, 50, 50, 5, 0, true, 78, true, 37052344, 9, 96619960
3, 4, 10, 10, 50, 50, 5, 0, true, 79, true, 20577363, 9, 96688784
3, 4, 10, 10, 50, 50, 5, 0, true, 80, true, 31160542, 9, 96650720
3, 4, 10, 10, 50, 50, 5, 0, true, 81, true, 24886548, 9, 96622224
3, 4, 10, 10, 50, 50, 5, 0, true, 82, true, 25342187, 9, 96665424
3, 4, 10, 10, 50, 50, 5, 0, true, 83, true, 25813410, 9, 96660864
3, 4, 10, 10, 50, 50, 5, 0, true, 84, true, 23384004, 9, 96710432
3, 4, 10, 10, 50, 50, 5, 0, true, 85, true, 34919672, 9, 96648848
3, 4, 10, 10, 50, 50, 5, 0, true, 86, true, 34234836, 9, 96648896
3, 4, 10, 10, 50, 50, 5, 0, true, 87, true, 25768906, 9, 96655280
3, 4, 10, 10, 50, 50, 5, 0, true, 88, true, 26413805, 9, 96618080
3, 4, 10, 10, 50, 50, 5, 0, true, 89, true, 22378030, 9, 96659576
3, 4, 10, 10, 50, 50, 5, 0, true, 90, true, 24109313, 9, 96691776
3, 4, 10, 10, 50, 50, 5, 0, true, 91, true, 27748157, 9, 96707864
3, 4, 10, 10, 50, 50, 5, 0, true, 92, true, 27062203, 9, 96649184
3, 4, 10, 10, 50, 50, 5, 0, true, 93, true, 32042180, 9, 96681776
3, 4, 10, 10, 50, 50, 5, 0, true, 94, true, 27517207, 9, 96655616
3, 4, 10, 10, 50, 50, 5, 0, true, 95, true, 22751416, 9, 96654424
3, 4, 10, 10, 50, 50, 5, 0, true, 96, true, 23476447, 9, 96659912
3, 4, 10, 10, 50, 50, 5, 0, true, 97, true, 27092475, 9, 96659344
3, 4, 10, 10, 50, 50, 5, 0, true, 98, true, 25762301, 9, 96651872
3, 4, 10, 10, 50, 50, 5, 0, true, 99, true, 27602907, 9, 96700360
3, 4, 10, 10, 50, 50, 6, 0, true, 0, true, 85093927, 12, 96638144
3, 4, 10, 10, 50, 50, 6, 0, true, 1, true, 96140058, 12, 96615400
3, 4, 10, 10, 50, 50, 6, 0, true, 2, true, 103736738, 12, 96611568
3, 4, 10, 10, 50, 50, 6, 0, true, 3, true, 100465849, 12, 96644048
3, 4, 10, 10, 50, 50, 6, 0, true, 4, true, 70501959, 12, 96696960
3, 4, 10, 10, 50, 50, 6, 0, true, 5, true, 83249599, 12, 96627776
3, 4, 10, 10, 50, 50, 6, 0, true, 6, true, 84519619, 12, 96685992
3, 4, 10, 10, 50, 50, 6, 0, true, 7, true, 81698288, 12, 96644240
3, 4, 10, 10, 50, 50, 6, 0, true, 8, true, 83166617, 12, 96624384
3, 4, 10, 10, 50, 50, 6, 0, true, 9, true, 69985378, 12, 96662120
3, 4, 10, 10, 50, 50, 6, 0, true, 10, true, 80175451, 12, 96698656
3, 4, 10, 10, 50, 50, 6, 0, true, 11, true, 66221033, 12, 96698704
3, 4, 10, 10, 50, 50, 6, 0, true, 12, true, 89332023, 12, 96656920
3, 4, 10, 10, 50, 50, 6, 0, true, 13, true, 85067750, 12, 96684496
3, 4, 10, 10, 50, 50, 6, 0, true, 14, true, 90120256, 12, 96659120
3, 4, 10, 10, 50, 50, 6, 0, true, 15, true, 79430107, 12, 96614352
3, 4, 10, 10, 50, 50, 6, 0, true, 16, true, 80101408, 12, 96644672
3, 4, 10, 10, 50, 50, 6, 0, true, 17, true, 129311465, 12, 96697584
3, 4, 10, 10, 50, 50, 6, 0, true, 18, true, 86777936, 12, 96657632
3, 4, 10, 10, 50, 50, 6, 0, true, 19, true, 105313973, 12, 96684784
3, 4, 10, 10, 50, 50, 6, 0, true, 20, true, 83822501, 12, 96663808
3, 4, 10, 10, 50, 50, 6, 0, true, 21, true, 79024667, 12, 96658296
3, 4, 10, 10, 50, 50, 6, 0, true, 22, true, 106034346, 12, 96697824
3, 4, 10, 10, 50, 50, 6, 0, true, 23, true, 103642761, 12, 96645008
3, 4, 10, 10, 50, 50, 6, 0, true, 24, true, 92017710, 12, 96708504
3, 4, 10, 10, 50, 50, 6, 0, true, 25, true, 78086752, 12, 96640672
3, 4, 10, 10, 50, 50, 6, 0, true, 26, true, 137254947, 12, 96648160
3, 4, 10, 10, 50, 50, 6, 0, true, 27, true, 80841374, 12, 96629520
3, 4, 10, 10, 50, 50, 6, 0, true, 28, true, 65517600, 12, 96649216
3, 4, 10, 10, 50, 50, 6, 0, true, 29, true, 92594793, 12, 96663080
3, 4, 10, 10, 50, 50, 6, 0, true, 30, true, 73925426, 12, 96678112
3, 4, 10, 10, 50, 50, 6, 0, true, 31, true, 138778446, 12, 96600912
3, 4, 10, 10, 50, 50, 6, 0, true, 32, true, 69065260, 12, 96696704
3, 4, 10, 10, 50, 50, 6, 0, true, 33, true, 96794543, 12, 96678704
3, 4, 10, 10, 50, 50, 6, 0, true, 34, true, 83110073, 12, 96695256
3, 4, 10, 10, 50, 50, 6, 0, true, 35, true, 84013619, 12, 96734144
3, 4, 10, 10, 50, 50, 6, 0, true, 36, true, 81918016, 12, 96778176
3, 4, 10, 10, 50, 50, 6, 0, true, 37, true, 84258618, 12, 96723952
3, 4, 10, 10, 50, 50, 6, 0, true, 38, true, 78011865, 12, 96701984
3, 4, 10, 10, 50, 50, 6, 0, true, 39, true, 73253166, 12, 96734800
3, 4, 10, 10, 50, 50, 6, 0, true, 40, true, 96494124, 12, 96754944
3, 4, 10, 10, 50, 50, 6, 0, true, 41, true, 70015879, 12, 96752104
3, 4, 10, 10, 50, 50, 6, 0, true, 42, true, 80632941, 12, 96786840
3, 4, 10, 10, 50, 50, 6, 0, true, 43, true, 83098862, 12, 96728544
3, 4, 10, 10, 50, 50, 6, 0, true, 44, true, 100620366, 12, 96743256
3, 4, 10, 10, 50, 50, 6, 0, true, 45, true, 80687620, 12, 96724336
3, 4, 10, 10, 50, 50, 6, 0, true, 46, true, 97694984, 12, 96741288
3, 4, 10, 10, 50, 50, 6, 0, true, 47, true, 82067393, 12, 96698080
3, 4, 10, 10, 50, 50, 6, 0, true, 48, true, 91635033, 12, 96694016
3, 4, 10, 10, 50, 50, 6, 0, true, 49, true, 110125187, 12, 96731728
3, 4, 10, 10, 50, 50, 6, 0, true, 50, true, 103962990, 12, 96786208
3, 4, 10, 10, 50, 50, 6, 0, true, 51, true, 70540284, 12, 96735464
3, 4, 10, 10, 50, 50, 6, 0, true, 52, true, 127354751, 12, 96757440
3, 4, 10, 10, 50, 50, 6, 0, true, 53, true, 77873628, 12, 96788336
3, 4, 10, 10, 50, 50, 6, 0, true, 54, true, 87851076, 12, 96726880
3, 4, 10, 10, 50, 50, 6, 0, true, 55, true, 83026713, 12, 96742952
3, 4, 10, 10, 50, 50, 6, 0, true, 56, true, 81835875, 12, 96732088
3, 4, 10, 10, 50, 50, 6, 0, true, 57, true, 79737852, 12, 96732408
3, 4, 10, 10, 50, 50, 6, 0, true, 58, true, 68875213, 12, 96781392
3, 4, 10, 10, 50, 50, 6, 0, true, 59, true, 83862818, 12, 96756048
3, 4, 10, 10, 50, 50, 6, 0, true, 60, true, 70485210, 12, 96756624
3, 4, 10, 10, 50, 50, 6, 0, true, 61, true, 85330958, 12, 96779480
3, 4, 10, 10, 50, 50, 6, 0, true, 62, true, 100496517, 12, 96730272
3, 4, 10, 10, 50, 50, 6, 0, true, 63, true, 70724428, 12, 96732400
3, 4, 10, 10, 50, 50, 6, 0, true, 64, true, 71622258, 12, 96815736
3, 4, 10, 10, 50, 50, 6, 0, true, 65, true, 101238305, 12, 96775848
3, 4, 10, 10, 50, 50, 6, 0, true, 66, true, 79757819, 12, 96734376
3, 4, 10, 10, 50, 50, 6, 0, true, 67, true, 139012885, 12, 96710000
3, 4, 10, 10, 50, 50, 6, 0, true, 68, true, 89008314, 12, 96681248
3, 4, 10, 10, 50, 50, 6, 0, true, 69, true, 76923297, 12, 96758544
3, 4, 10, 10, 50, 50, 6, 0, true, 70, true, 79458652, 12, 96727936
3, 4, 10, 10, 50, 50, 6, 0, true, 71, true, 77923806, 12, 96776424
3, 4, 10, 10, 50, 50, 6, 0, true, 72, true, 77426717, 12, 96758208
3, 4, 10, 10, 50, 50, 6, 0, true, 73, true, 117230172, 12, 96725968
3, 4, 10, 10, 50, 50, 6, 0, true, 74, true, 106597912, 12, 96740824
3, 4, 10, 10, 50, 50, 6, 0, true, 75, true, 96365480, 12, 96734680
3, 4, 10, 10, 50, 50, 6, 0, true, 76, true, 86290078, 12, 96731232
3, 4, 10, 10, 50, 50, 6, 0, true, 77, true, 129038722, 12, 96726160
3, 4, 10, 10, 50, 50, 6, 0, true, 78, true, 78851533, 12, 96741176
3, 4, 10, 10, 50, 50, 6, 0, true, 79, true, 89413829, 12, 96733520
3, 4, 10, 10, 50, 50, 6, 0, true, 80, true, 92337504, 12, 96787032
3, 4, 10, 10, 50, 50, 6, 0, true, 81, true, 81249381, 12, 96706288
3, 4, 10, 10, 50, 50, 6, 0, true, 82, true, 81426164, 12, 96726400
3, 4, 10, 10, 50, 50, 6, 0, true, 83, true, 79559625, 12, 96759216
3, 4, 10, 10, 50, 50, 6, 0, true, 84, true, 80040830, 12, 96780888
3, 4, 10, 10, 50, 50, 6, 0, true, 85, true, 118944544, 12, 96757392
3, 4, 10, 10, 50, 50, 6, 0, true, 86, true, 82637253, 12, 96758880
3, 4, 10, 10, 50, 50, 6, 0, true, 87, true, 100921262, 12, 96739080
3, 4, 10, 10, 50, 50, 6, 0, true, 88, true, 87151003, 12, 96766656
3, 4, 10, 10, 50, 50, 6, 0, true, 89, true, 80228138, 12, 96726736
3, 4, 10, 10, 50, 50, 6, 0, true, 90, true, 81134157, 12, 96726784
3, 4, 10, 10, 50, 50, 6, 0, true, 91, true, 85973003, 12, 96704816
3, 4, 10, 10, 50, 50, 6, 0, true, 92, true, 101779889, 12, 96779744
3, 4, 10, 10, 50, 50, 6, 0, true, 93, true, 117561108, 12, 96792240
3, 4, 10, 10, 50, 50, 6, 0, true, 94, true, 88459317, 12, 96781544
3, 4, 10, 10, 50, 50, 6, 0, true, 95, true, 79864512, 12, 96729136
3, 4, 10, 10, 50, 50, 6, 0, true, 96, true, 82118050, 12, 96698520
3, 4, 10, 10, 50, 50, 6, 0, true, 97, true, 88546534, 12, 96767152
3, 4, 10, 10, 50, 50, 6, 0, true, 98, true, 103488710, 12, 96790496
3, 4, 10, 10, 50, 50, 6, 0, true, 99, true, 90415446, 12, 96780448
3, 4, 10, 10, 50, 50, 7, 0, true, 0, true, 77158692, 17, 96748608
3, 4, 10, 10, 50, 50, 7, 0, true, 1, true, 69059575, 17, 96693096
3, 4, 10, 10, 50, 50, 7, 0, true, 2, true, 79182413, 17, 96729536
3, 4, 10, 10, 50, 50, 7, 0, true, 3, true, 78865361, 17, 96731168
3, 4, 10, 10, 50, 50, 7, 0, true, 4, true, 75413132, 17, 96721792
3, 4, 10, 10, 50, 50, 7, 0, true, 5, true, 88140273, 17, 96721840
3, 4, 10, 10, 50, 50, 7, 0, true, 6, true, 83300310, 17, 96752736
3, 4, 10, 10, 50, 50, 7, 0, true, 7, true, 88496430, 17, 96785552
3, 4, 10, 10, 50, 50, 7, 0, true, 8, true, 78588918, 17, 96782688
3, 4, 10, 10, 50, 50, 7, 0, true, 9, true, 88886424, 17, 96730056
3, 4, 10, 10, 50, 50, 7, 0, true, 10, true, 88938614, 17, 96775488
3, 4, 10, 10, 50, 50, 7, 0, true, 11, true, 79684341, 17, 96786832
3, 4, 10, 10, 50, 50, 7, 0, true, 12, true, 63487336, 17, 96777904
3, 4, 10, 10, 50, 50, 7, 0, true, 13, true, 91751400, 17, 96807856
3, 4, 10, 10, 50, 50, 7, 0, true, 14, true, 69758250, 17, 96776792
3, 4, 10, 10, 50, 50, 7, 0, true, 15, true, 75133009, 17, 96785360
3, 4, 10, 10, 50, 50, 7, 0, true, 16, true, 67192558, 17, 96702040
3, 4, 10, 10, 50, 50, 7, 0, true, 17, true, 74013567, 17, 96669544
3, 4, 10, 10, 50, 50, 7, 0, true, 18, true, 88495572, 17, 96689696
3, 4, 10, 10, 50, 50, 7, 0, true, 19, true, 88232481, 17, 96775456
3, 4, 10, 10, 50, 50, 7, 0, true, 20, true, 99928207, 17, 96740696
3, 4, 10, 10, 50, 50, 7, 0, true, 21, true, 79597468, 17, 96779736
3, 4, 10, 10, 50, 50, 7, 0, true, 22, true, 82276011, 17, 96722656
3, 4, 10, 10, 50, 50, 7, 0, true, 23, true, 80720280, 17, 96724816
3, 4, 10, 10, 50, 50, 7, 0, true, 24, true, 77976357, 17, 96773304
3, 4, 10, 10, 50, 50, 7, 0, true, 25, true, 80452309, 17, 96735312
3, 4, 10, 10, 50, 50, 7, 0, true, 26, true, 91084487, 17, 96765536
3, 4, 10, 10, 50, 50, 7, 0, true, 27, true, 75995445, 17, 96744504
3, 4, 10, 10, 50, 50, 7, 0, true, 28, true, 78825424, 17, 96783672
3, 4, 10, 10, 50, 50, 7, 0, true, 29, true, 89576763, 17, 96722992
3, 4, 10, 10, 50, 50, 7, 0, true, 30, true, 80473001, 17, 96810384
3, 4, 10, 10, 50, 50, 7, 0, true, 31, true, 93851899, 17, 96725200
3, 4, 10, 10, 50, 50, 7, 0, true, 32, true, 74843459, 17, 96773688
3, 4, 10, 10, 50, 50, 7, 0, true, 33, true, 74750140, 17, 96723184
3, 4, 10, 10, 50, 50, 7, 0, true, 34, true, 73603261, 17, 96706008
3, 4, 10, 10, 50, 50, 7, 0, true, 35, true, 72545676, 17, 96693584
3, 4, 10, 10, 50, 50, 7, 0, true, 36, true, 71591578, 17, 96774456
3, 4, 10, 10, 50, 50, 7, 0, true, 37, true, 86565188, 17, 96670856
3, 4, 10, 10, 50, 50, 7, 0, true, 38, true, 74285390, 17, 96763968
3, 4, 10, 10, 50, 50, 7, 0, true, 39, true, 81202781, 17, 96778424
3, 4, 10, 10, 50, 50, 7, 0, true, 40, true, 90761992, 17, 96738640
3, 4, 10, 10, 50, 50, 7, 0, true, 41, true, 72894127, 17, 96724144
3, 4, 10, 10, 50, 50, 7, 0, true, 42, true, 98771426, 17, 96726304
3, 4, 10, 10, 50, 50, 7, 0, true, 43, true, 96547075, 17, 96724240
3, 4, 10, 10, 50, 50, 7, 0, true, 44, true, 85013139, 17, 96787904
3, 4, 10, 10, 50, 50, 7, 0, true, 45, true, 78044167, 17, 96785968
3, 4, 10, 10, 50, 50, 7, 0, true, 46, true, 78440226, 17, 96785088
3, 4, 10, 10, 50, 50, 7, 0, true, 47, true, 68038227, 17, 96728936
3, 4, 10, 10, 50, 50, 7, 0, true, 48, true, 96690883, 17, 96755336
3, 4, 10, 10, 50, 50, 7, 0, true, 49, true, 94066189, 17, 96724528
3, 4, 10, 10, 50, 50, 7, 0, true, 50, true, 73970586, 17, 96777520
3, 4, 10, 10, 50, 50, 7, 0, true, 51, true, 85435865, 17, 96755472
3, 4, 10, 10, 50, 50, 7, 0, true, 52, true, 73063249, 17, 96785432
3, 4, 10, 10, 50, 50, 7, 0, true, 53, true, 74135047, 17, 96788336
3, 4, 10, 10, 50, 50, 7, 0, true, 54, true, 73044157, 17, 96779832
3, 4, 10, 10, 50, 50, 7, 0, true, 55, true, 74148141, 17, 96756752
3, 4, 10, 10, 50, 50, 7, 0, true, 56, true, 92940613, 17, 96743720
3, 4, 10, 10, 50, 50, 7, 0, true, 57, true, 75089910, 17, 96712368
3, 4, 10, 10, 50, 50, 7, 0, true, 58, true, 92635515, 17, 96741648
3, 4, 10, 10, 50, 50, 7, 0, true, 59, true, 91046697, 17, 96743176
3, 4, 10, 10, 50, 50, 7, 0, true, 60, true, 72874187, 17, 96693968
3, 4, 10, 10, 50, 50, 7, 0, true, 61, true, 82514536, 17, 96691008
3, 4, 10, 10, 50, 50, 7, 0, true, 62, true, 94511906, 17, 96688944
3, 4, 10, 10, 50, 50, 7, 0, true, 63, true, 67104571, 17, 96710792
3, 4, 10, 10, 50, 50, 7, 0, true, 64, true, 82978102, 17, 96752080
3, 4, 10, 10, 50, 50, 7, 0, true, 65, true, 66645822, 17, 96691200
3, 4, 10, 10, 50, 50, 7, 0, true, 66, true, 70130631, 17, 96739976
3, 4, 10, 10, 50, 50, 7, 0, true, 67, true, 90328672, 17, 96677832
3, 4, 10, 10, 50, 50, 7, 0, true, 68, true, 75189777, 17, 96689520
3, 4, 10, 10, 50, 50, 7, 0, true, 69, true, 71643311, 17, 96720416
3, 4, 10, 10, 50, 50, 7, 0, true, 70, true, 69847686, 17, 96751960
3, 4, 10, 10, 50, 50, 7, 0, true, 71, true, 84619246, 17, 96689664
3, 4, 10, 10, 50, 50, 7, 0, true, 72, true, 73737961, 17, 96720496
3, 4, 10, 10, 50, 50, 7, 0, true, 73, true, 80795127, 17, 96694880
3, 4, 10, 10, 50, 50, 7, 0, true, 74, true, 79531902, 17, 96707592
3, 4, 10, 10, 50, 50, 7, 0, true, 75, true, 101936780, 17, 96660096
3, 4, 10, 10, 50, 50, 7, 0, true, 76, true, 77668637, 17, 96721840
3, 4, 10, 10, 50, 50, 7, 0, true, 77, true, 63143429, 17, 96751584
3, 4, 10, 10, 50, 50, 7, 0, true, 78, true, 74484892, 17, 96722768
3, 4, 10, 10, 50, 50, 7, 0, true, 79, true, 85680398, 17, 96720896
3, 4, 10, 10, 50, 50, 7, 0, true, 80, true, 69801901, 17, 96750824
3, 4, 10, 10, 50, 50, 7, 0, true, 81, true, 66157909, 17, 96740696
3, 4, 10, 10, 50, 50, 7, 0, true, 82, true, 76009969, 17, 96744944
3, 4, 10, 10, 50, 50, 7, 0, true, 83, true, 76980252, 17, 96751872
3, 4, 10, 10, 50, 50, 7, 0, true, 84, true, 95657248, 17, 96745304
3, 4, 10, 10, 50, 50, 7, 0, true, 85, true, 75042785, 17, 96751096
3, 4, 10, 10, 50, 50, 7, 0, true, 86, true, 93398471, 17, 96751112
3, 4, 10, 10, 50, 50, 7, 0, true, 87, true, 94649855, 17, 96696568
3, 4, 10, 10, 50, 50, 7, 0, true, 88, true, 90422104, 17, 96701152
3, 4, 10, 10, 50, 50, 7, 0, true, 89, true, 85857968, 17, 96721376
3, 4, 10, 10, 50, 50, 7, 0, true, 90, true, 70022095, 17, 96669984
3, 4, 10, 10, 50, 50, 7, 0, true, 91, true, 69256240, 17, 96664192
3, 4, 10, 10, 50, 50, 7, 0, true, 92, true, 71672691, 17, 96692656
3, 4, 10, 10, 50, 50, 7, 0, true, 93, true, 81705778, 17, 96723112
3, 4, 10, 10, 50, 50, 7, 0, true, 94, true, 77157897, 17, 96725648
3, 4, 10, 10, 50, 50, 7, 0, true, 95, true, 75762765, 17, 96741368
3, 4, 10, 10, 50, 50, 7, 0, true, 96, true, 67911143, 17, 96703728
3, 4, 10, 10, 50, 50, 7, 0, true, 97, true, 168983516, 17, 96693024
3, 4, 10, 10, 50, 50, 7, 0, true, 98, true, 64336365, 17, 96709032
3, 4, 10, 10, 50, 50, 7, 0, true, 99, true, 85912469, 17, 96667872
3, 4, 10, 10, 50, 50, 8, 0, true, 0, true, 284448922, 22, 96679632
3, 4, 10, 10, 50, 50, 8, 0, true, 1, true, 309413832, 22, 96706464
3, 4, 10, 10, 50, 50, 8, 0, true, 2, true, 307591225, 22, 96662784
3, 4, 10, 10, 50, 50, 8, 0, true, 3, true, 386158268, 22, 96687648
3, 4, 10, 10, 50, 50, 8, 0, true, 4, true, 332276934, 22, 96718352
3, 4, 10, 10, 50, 50, 8, 0, true, 5, true, 459722788, 22, 96740024
3, 4, 10, 10, 50, 50, 8, 0, true, 6, true, 283418819, 22, 96687792
3, 4, 10, 10, 50, 50, 8, 0, true, 7, true, 316384332, 22, 96652960
3, 4, 10, 10, 50, 50, 8, 0, true, 8, true, 273504086, 22, 96738640
3, 4, 10, 10, 50, 50, 8, 0, true, 9, true, 420382770, 22, 96698688
3, 4, 10, 10, 50, 50, 8, 0, true, 10, true, 331253633, 22, 96706512
3, 4, 10, 10, 50, 50, 8, 0, true, 11, true, 318298383, 22, 96670024
3, 4, 10, 10, 50, 50, 8, 0, true, 12, true, 293279554, 22, 96727768
3, 4, 10, 10, 50, 50, 8, 0, true, 13, true, 436147314, 22, 96703800
3, 4, 10, 10, 50, 50, 8, 0, true, 14, true, 506596152, 22, 96750400
3, 4, 10, 10, 50, 50, 8, 0, true, 15, true, 357304236, 22, 96686112
3, 4, 10, 10, 50, 50, 8, 0, true, 16, true, 313126235, 22, 96717008
3, 4, 10, 10, 50, 50, 8, 0, true, 17, true, 305715794, 22, 96692616
3, 4, 10, 10, 50, 50, 8, 0, true, 18, true, 408638377, 22, 96726480
3, 4, 10, 10, 50, 50, 8, 0, true, 19, true, 312714390, 22, 96718728
3, 4, 10, 10, 50, 50, 8, 0, true, 20, true, 296524377, 22, 96695776
3, 4, 10, 10, 50, 50, 8, 0, true, 21, true, 331770665, 22, 96686400
3, 4, 10, 10, 50, 50, 8, 0, true, 22, true, 302320353, 22, 96741200
3, 4, 10, 10, 50, 50, 8, 0, true, 23, true, 364079258, 22, 96633624
3, 4, 10, 10, 50, 50, 8, 0, true, 24, true, 416312418, 22, 96726512
3, 4, 10, 10, 50, 50, 8, 0, true, 25, true, 372212359, 22, 96695936
3, 4, 10, 10, 50, 50, 8, 0, true, 26, true, 421154544, 22, 96728440
3, 4, 10, 10, 50, 50, 8, 0, true, 27, true, 340268486, 22, 96664248
3, 4, 10, 10, 50, 50, 8, 0, true, 28, true, 347801562, 22, 96741112
3, 4, 10, 10, 50, 50, 8, 0, true, 29, true, 306826988, 22, 96676992
3, 4, 10, 10, 50, 50, 8, 0, true, 30, true, 298009415, 22, 96724312
3, 4, 10, 10, 50, 50, 8, 0, true, 31, true, 319246639, 22, 96686880
3, 4, 10, 10, 50, 50, 8, 0, true, 32, true, 351790547, 22, 96750552
3, 4, 10, 10, 50, 50, 8, 0, true, 33, true, 321014696, 22, 96708480
3, 4, 10, 10, 50, 50, 8, 0, true, 34, true, 484917104, 22, 96693512
3, 4, 10, 10, 50, 50, 8, 0, true, 35, true, 317713698, 22, 96718496
3, 4, 10, 10, 50, 50, 8, 0, true, 36, true, 426032948, 22, 96697040
3, 4, 10, 10, 50, 50, 8, 0, true, 37, true, 348102529, 22, 96729368
3, 4, 10, 10, 50, 50, 8, 0, true, 38, true, 319489828, 22, 96694408
3, 4, 10, 10, 50, 50, 8, 0, true, 39, true, 452218583, 22, 96741224
3, 4, 10, 10, 50, 50, 8, 0, true, 40, true, 427444292, 22, 96748616
3, 4, 10, 10, 50, 50, 8, 0, true, 41, true, 299312126, 22, 96745656
3, 4, 10, 10, 50, 50, 8, 0, true, 42, true, 460541727, 22, 96741056
3, 4, 10, 10, 50, 50, 8, 0, true, 43, true, 322672782, 22, 96752736
3, 4, 10, 10, 50, 50, 8, 0, true, 44, true, 309824176, 22, 96742648
3, 4, 10, 10, 50, 50, 8, 0, true, 45, true, 468780280, 22, 96719696
3, 4, 10, 10, 50, 50, 8, 0, true, 46, true, 368481222, 22, 96749808
3, 4, 10, 10, 50, 50, 8, 0, true, 47, true, 302876735, 22, 96743952
3, 4, 10, 10, 50, 50, 8, 0, true, 48, true, 283999512, 22, 96688272
3, 4, 10, 10, 50, 50, 8, 0, true, 49, true, 321502373, 22, 96751936
3, 4, 10, 10, 50, 50, 8, 0, true, 50, true, 276309900, 22, 96699120
3, 4, 10, 10, 50, 50, 8, 0, true, 51, true, 302349690, 22, 96720704
3, 4, 10, 10, 50, 50, 8, 0, true, 52, true, 300766226, 22, 96690576
3, 4, 10, 10, 50, 50, 8, 0, true, 53, true, 385009561, 22, 96659960
3, 4, 10, 10, 50, 50, 8, 0, true, 54, true, 423495767, 22, 96690672
3, 4, 10, 10, 50, 50, 8, 0, true, 55, true, 386735613, 22, 96706392
3, 4, 10, 10, 50, 50, 8, 0, true, 56, true, 277613489, 22, 96743032
3, 4, 10, 10, 50, 50, 8, 0, true, 57, true, 431815838, 22, 96699376
3, 4, 10, 10, 50, 50, 8, 0, true, 58, true, 300281960, 22, 96701424
3, 4, 10, 10, 50, 50, 8, 0, true, 59, true, 347248498, 22, 96690912
3, 4, 10, 10, 50, 50, 8, 0, true, 60, true, 436820042, 22, 96740616
3, 4, 10, 10, 50, 50, 8, 0, true, 61, true, 355954746, 22, 96754320
3, 4, 10, 10, 50, 50, 8, 0, true, 62, true, 314285415, 22, 96749672
3, 4, 10, 10, 50, 50, 8, 0, true, 63, true, 602650609, 22, 96750624
3, 4, 10, 10, 50, 50, 8, 0, true, 64, true, 301910323, 22, 96694952
3, 4, 10, 10, 50, 50, 8, 0, true, 65, true, 366975134, 22, 96679720
3, 4, 10, 10, 50, 50, 8, 0, true, 66, true, 324515456, 22, 96689424
3, 4, 10, 10, 50, 50, 8, 0, true, 67, true, 365974422, 22, 96722240
3, 4, 10, 10, 50, 50, 8, 0, true, 68, true, 307024866, 22, 96743912
3, 4, 10, 10, 50, 50, 8, 0, true, 69, true, 403078961, 22, 96778768
3, 4, 10, 10, 50, 50, 8, 0, true, 70, true, 324896702, 22, 96721552
3, 4, 10, 10, 50, 50, 8, 0, true, 71, true, 288986906, 22, 96752008
3, 4, 10, 10, 50, 50, 8, 0, true, 72, true, 288443733, 22, 96697736
3, 4, 10, 10, 50, 50, 8, 0, true, 73, true, 310297888, 22, 96663328
3, 4, 10, 10, 50, 50, 8, 0, true, 74, true, 345751912, 22, 96692008
3, 4, 10, 10, 50, 50, 8, 0, true, 75, true, 424156479, 22, 96639288
3, 4, 10, 10, 50, 50, 8, 0, true, 76, true, 360389990, 22, 96730568
3, 4, 10, 10, 50, 50, 8, 0, true, 77, true, 278738223, 22, 96708896
3, 4, 10, 10, 50, 50, 8, 0, true, 78, true, 439483323, 22, 96703384
3, 4, 10, 10, 50, 50, 8, 0, true, 79, true, 316755000, 22, 96663192
3, 4, 10, 10, 50, 50, 8, 0, true, 80, true, 340399885, 22, 96722032
3, 4, 10, 10, 50, 50, 8, 0, true, 81, true, 345942201, 22, 96693152
3, 4, 10, 10, 50, 50, 8, 0, true, 82, true, 403397352, 22, 96721048
3, 4, 10, 10, 50, 50, 8, 0, true, 83, true, 484789256, 22, 96699664
3, 4, 10, 10, 50, 50, 8, 0, true, 84, true, 390264386, 22, 96661736
3, 4, 10, 10, 50, 50, 8, 0, true, 85, true, 286488103, 22, 96731000
3, 4, 10, 10, 50, 50, 8, 0, true, 86, true, 318849621, 22, 96670056
3, 4, 10, 10, 50, 50, 8, 0, true, 87, true, 429108025, 22, 96637560
3, 4, 10, 10, 50, 50, 8, 0, true, 88, true, 293330113, 22, 96697680
3, 4, 10, 10, 50, 50, 8, 0, true, 89, true, 365304766, 22, 96708312
3, 4, 10, 10, 50, 50, 8, 0, true, 90, true, 329472322, 22, 96755736
3, 4, 10, 10, 50, 50, 8, 0, true, 91, true, 476798610, 22, 96751352
3, 4, 10, 10, 50, 50, 8, 0, true, 92, true, 659998369, 22, 96692648
3, 4, 10, 10, 50, 50, 8, 0, true, 93, true, 306598088, 22, 96721568
3, 4, 10, 10, 50, 50, 8, 0, true, 94, true, 415388888, 22, 96701328
3, 4, 10, 10, 50, 50, 8, 0, true, 95, true, 475714476, 22, 96690816
3, 4, 10, 10, 50, 50, 8, 0, true, 96, true, 316796095, 22, 96721712
3, 4, 10, 10, 50, 50, 8, 0, true, 97, true, 436230007, 22, 96751952
3, 4, 10, 10, 50, 50, 8, 0, true, 98, true, 317341072, 22, 96755584
3, 4, 10, 10, 50, 50, 8, 0, true, 99, true, 305318111, 22, 96755632
3, 4, 10, 10, 50, 50, 9, 0, true, 0, true, 759412845, 27, 96679632
3, 4, 10, 10, 50, 50, 9, 0, true, 1, true, 764619289, 27, 96673696
3, 4, 10, 10, 50, 50, 9, 0, true, 2, true, 702077250, 27, 96703272
3, 4, 10, 10, 50, 50, 9, 0, true, 3, true, 663916327, 27, 96747168
3, 4, 10, 10, 50, 50, 9, 0, true, 4, true, 823939271, 27, 96687696
3, 4, 10, 10, 50, 50, 9, 0, true, 5, true, 704909966, 27, 96654976
3, 4, 10, 10, 50, 50, 9, 0, true, 6, true, 717311404, 27, 96655024
3, 4, 10, 10, 50, 50, 9, 0, true, 7, true, 621091307, 27, 96704672
3, 4, 10, 10, 50, 50, 9, 0, true, 8, true, 815100497, 27, 96721096
3, 4, 10, 10, 50, 50, 9, 0, true, 9, true, 646872996, 27, 96704768
3, 4, 10, 10, 50, 50, 9, 0, true, 10, true, 686235222, 27, 96685872
3, 4, 10, 10, 50, 50, 9, 0, true, 11, true, 830780532, 27, 96740672
3, 4, 10, 10, 50, 50, 9, 0, true, 12, true, 830926826, 27, 96771768
3, 4, 10, 10, 50, 50, 9, 0, true, 13, true, 535699119, 27, 96739400
3, 4, 10, 10, 50, 50, 9, 0, true, 14, true, 621152323, 27, 96718000
3, 4, 10, 10, 50, 50, 9, 0, true, 15, true, 683668598, 27, 96741176
3, 4, 10, 10, 50, 50, 9, 0, true, 16, true, 782247304, 27, 96749784
3, 4, 10, 10, 50, 50, 9, 0, true, 17, true, 693034974, 27, 96641728
3, 4, 10, 10, 50, 50, 9, 0, true, 18, true, 688988927, 27, 96707280
3, 4, 10, 10, 50, 50, 9, 0, true, 19, true, 701318431, 27, 96717344
3, 4, 10, 10, 50, 50, 9, 0, true, 20, true, 720568966, 27, 96674456
3, 4, 10, 10, 50, 50, 9, 0, true, 21, true, 838092450, 27, 96722528
3, 4, 10, 10, 50, 50, 9, 0, true, 22, true, 667927947, 27, 96688560
3, 4, 10, 10, 50, 50, 9, 0, true, 23, true, 701783010, 27, 96686496
3, 4, 10, 10, 50, 50, 9, 0, true, 24, true, 844564022, 27, 96739408
3, 4, 10, 10, 50, 50, 9, 0, true, 25, true, 694054390, 27, 96701560
3, 4, 10, 10, 50, 50, 9, 0, true, 26, true, 684853371, 27, 96726832
3, 4, 10, 10, 50, 50, 9, 0, true, 27, true, 680531042, 27, 96688800
3, 4, 10, 10, 50, 50, 9, 0, true, 28, true, 740253105, 27, 96737288
3, 4, 10, 10, 50, 50, 9, 0, true, 29, true, 801335025, 27, 96718856
3, 4, 10, 10, 50, 50, 9, 0, true, 30, true, 617089567, 27, 96747560
3, 4, 10, 10, 50, 50, 9, 0, true, 31, true, 679257704, 27, 96744600
3, 4, 10, 10, 50, 50, 9, 0, true, 32, true, 719564490, 27, 96751264
3, 4, 10, 10, 50, 50, 9, 0, true, 33, true, 706462420, 27, 96686976
3, 4, 10, 10, 50, 50, 9, 0, true, 34, true, 794808784, 27, 96740464
3, 4, 10, 10, 50, 50, 9, 0, true, 35, true, 867310754, 27, 96693560
3, 4, 10, 10, 50, 50, 9, 0, true, 36, true, 742821199, 27, 96657040
3, 4, 10, 10, 50, 50, 9, 0, true, 37, true, 651838148, 27, 96687744
3, 4, 10, 10, 50, 50, 9, 0, true, 38, true, 748161761, 27, 96689904
3, 4, 10, 10, 50, 50, 9, 0, true, 39, true, 667809849, 27, 96689952
3, 4, 10, 10, 50, 50, 9, 0, true, 40, true, 767296673, 27, 96687888
3, 4, 10, 10, 50, 50, 9, 0, true, 41, true, 779044698, 27, 96718784
3, 4, 10, 10, 50, 50, 9, 0, true, 42, true, 874574204, 27, 96775320
3, 4, 10, 10, 50, 50, 9, 0, true, 43, true, 835215963, 27, 96753344
3, 4, 10, 10, 50, 50, 9, 0, true, 44, true, 668637221, 27, 96692168
3, 4, 10, 10, 50, 50, 9, 0, true, 45, true, 737258276, 27, 96705912
3, 4, 10, 10, 50, 50, 9, 0, true, 46, true, 802711580, 27, 96705008
3, 4, 10, 10, 50, 50, 9, 0, true, 47, true, 829791128, 27, 96724288
3, 4, 10, 10, 50, 50, 9, 0, true, 48, true, 606130884, 27, 96690248
3, 4, 10, 10, 50, 50, 9, 0, true, 49, true, 757610338, 27, 96709608
3, 4, 10, 10, 50, 50, 9, 0, true, 50, true, 645731614, 27, 96664328
3, 4, 10, 10, 50, 50, 9, 0, true, 51, true, 683347429, 27, 96696824
3, 4, 10, 10, 50, 50, 9, 0, true, 52, true, 924423971, 27, 96745592
3, 4, 10, 10, 50, 50, 9, 0, true, 53, true, 820970168, 27, 96670552
3, 4, 10, 10, 50, 50, 9, 0, true, 54, true, 587499254, 27, 96728496
3, 4, 10, 10, 50, 50, 9, 0, true, 55, true, 929780760, 27, 96701336
3, 4, 10, 10, 50, 50, 9, 0, true, 56, true, 634473093, 27, 96688656
3, 4, 10, 10, 50, 50, 9, 0, true, 57, true, 718859882, 27, 96721248
3, 4, 10, 10, 50, 50, 9, 0, true, 58, true, 753870149, 27, 96703296
3, 4, 10, 10, 50, 50, 9, 0, true, 59, true, 627553036, 27, 96729040
3, 4, 10, 10, 50, 50, 9, 0, true, 60, true, 916076225, 27, 96720784
3, 4, 10, 10, 50, 50, 9, 0, true, 61, true, 772242075, 27, 96694808
3, 4, 10, 10, 50, 50, 9, 0, true, 62, true, 745824164, 27, 96741808
3, 4, 10, 10, 50, 50, 9, 0, true, 63, true, 931515409, 27, 96691104
3, 4, 10, 10, 50, 50, 9, 0, true, 64, true, 604726397, 27, 96691152
3, 4, 10, 10, 50, 50, 9, 0, true, 65, true, 649310022, 27, 96706872
3, 4, 10, 10, 50, 50, 9, 0, true, 66, true, 731810236, 27, 96691536
3, 4, 10, 10, 50, 50, 9, 0, true, 67, true, 669567798, 27, 96740024
3, 4, 10, 10, 50, 50, 9, 0, true, 68, true, 707837163, 27, 96721944
3, 4, 10, 10, 50, 50, 9, 0, true, 69, true, 575678984, 27, 96780056
3, 4, 10, 10, 50, 50, 9, 0, true, 70, true, 714327530, 27, 96696232
3, 4, 10, 10, 50, 50, 9, 0, true, 71, true, 849692972, 27, 96661112
3, 4, 10, 10, 50, 50, 9, 0, true, 72, true, 663934341, 27, 96697584
3, 4, 10, 10, 50, 50, 9, 0, true, 73, true, 769615490, 27, 96752104
3, 4, 10, 10, 50, 50, 9, 0, true, 74, true, 787204967, 27, 96720848
3, 4, 10, 10, 50, 50, 9, 0, true, 75, true, 631771055, 27, 96744232
3, 4, 10, 10, 50, 50, 9, 0, true, 76, true, 643042580, 27, 96689904
3, 4, 10, 10, 50, 50, 9, 0, true, 77, true, 726634864, 27, 96720808
3, 4, 10, 10, 50, 50, 9, 0, true, 78, true, 865221174, 27, 96698312
3, 4, 10, 10, 50, 50, 9, 0, true, 79, true, 919942337, 27, 96731848
3, 4, 10, 10, 50, 50, 9, 0, true, 80, true, 627978640, 27, 96750824
3, 4, 10, 10, 50, 50, 9, 0, true, 81, true, 937105647, 27, 96747272
3, 4, 10, 10, 50, 50, 9, 0, true, 82, true, 617325808, 27, 96744568
3, 4, 10, 10, 50, 50, 9, 0, true, 83, true, 699743884, 27, 96698672
3, 4, 10, 10, 50, 50, 9, 0, true, 84, true, 616201813, 27, 96732072
3, 4, 10, 10, 50, 50, 9, 0, true, 85, true, 683441007, 27, 96755648
3, 4, 10, 10, 50, 50, 9, 0, true, 86, true, 666905004, 27, 96702632
3, 4, 10, 10, 50, 50, 9, 0, true, 87, true, 728791512, 27, 96729192
3, 4, 10, 10, 50, 50, 9, 0, true, 88, true, 630783980, 27, 96745544
3, 4, 10, 10, 50, 50, 9, 0, true, 89, true, 686279255, 27, 96743392
3, 4, 10, 10, 50, 50, 9, 0, true, 90, true, 597113195, 27, 96744952
3, 4, 10, 10, 50, 50, 9, 0, true, 91, true, 781509871, 27, 96659968
3, 4, 10, 10, 50, 50, 9, 0, true, 92, true, 832161139, 27, 96708488
3, 4, 10, 10, 50, 50, 9, 0, true, 93, true, 737997365, 27, 96665264
3, 4, 10, 10, 50, 50, 9, 0, true, 94, true, 648628109, 27, 96670784
3, 4, 10, 10, 50, 50, 9, 0, true, 95, true, 942344444, 27, 96697152
3, 4, 10, 10, 50, 50, 9, 0, true, 96, true, 738671204, 27, 96692848
3, 4, 10, 10, 50, 50, 9, 0, true, 97, true, 699864928, 27, 96743776
3, 4, 10, 10, 50, 50, 9, 0, true, 98, true, 704469072, 27, 96746976
3, 4, 10, 10, 50, 50, 9, 0, true, 99, true, 750812796, 27, 96754744
3, 4, 10, 10, 50, 50, 10, 0, true, 0, true, 1543194584, 34, 96712400
3, 4, 10, 10, 50, 50, 10, 0, true, 1, true, 1130617464, 34, 96687552
3, 4, 10, 10, 50, 50, 10, 0, true, 2, true, 1903301860, 34, 96771128
3, 4, 10, 10, 50, 50, 10, 0, true, 3, true, 1677841184, 34, 96740600
3, 4, 10, 10, 50, 50, 10, 0, true, 4, true, 1662254581, 34, 96685584
3, 4, 10, 10, 50, 50, 10, 0, true, 5, true, 1290474965, 34, 96669952
3, 4, 10, 10, 50, 50, 10, 0, true, 6, true, 1200052097, 34, 96695000
3, 4, 10, 10, 50, 50, 10, 0, true, 7, true, 2987999255, 34, 96689944
3, 4, 10, 10, 50, 50, 10, 0, true, 8, true, 2056874352, 34, 96668544
3, 4, 10, 10, 50, 50, 10, 0, true, 9, true, 1297070057, 34, 96687352
3, 4, 10, 10, 50, 50, 10, 0, true, 10, true, 1815400295, 34, 96738808
3, 4, 10, 10, 50, 50, 10, 0, true, 11, true, 1717263472, 34, 96717488
3, 4, 10, 10, 50, 50, 10, 0, true, 12, true, 1691082609, 34, 96688080
3, 4, 10, 10, 50, 50, 10, 0, true, 13, true, 1960481618, 34, 96736568
3, 4, 10, 10, 50, 50, 10, 0, true, 14, true, 1563388860, 34, 96717632
3, 4, 10, 10, 50, 50, 10, 0, true, 15, true, 1381328620, 34, 96696440
3, 4, 10, 10, 50, 50, 10, 0, true, 16, true, 1471561281, 34, 96706328
3, 4, 10, 10, 50, 50, 10, 0, true, 17, true, 3036903046, 34, 96665880
3, 4, 10, 10, 50, 50, 10, 0, true, 18, true, 1386928551, 34, 96657704
3, 4, 10, 10, 50, 50, 10, 0, true, 19, true, 1415718463, 34, 96653536
3, 4, 10, 10, 50, 50, 10, 0, true, 20, true, 1316186602, 34, 96751056
3, 4, 10, 10, 50, 50, 10, 0, true, 21, true, 1595287928, 34, 96721280
3, 4, 10, 10, 50, 50, 10, 0, true, 22, true, 1591104386, 34, 96677648
3, 4, 10, 10, 50, 50, 10, 0, true, 23, true, 1547453973, 34, 96686496
3, 4, 10, 10, 50, 50, 10, 0, true, 24, true, 1331852211, 34, 96668056
3, 4, 10, 10, 50, 50, 10, 0, true, 25, true, 1289222019, 34, 96686592
3, 4, 10, 10, 50, 50, 10, 0, true, 26, true, 1635769346, 34, 96666544
3, 4, 10, 10, 50, 50, 10, 0, true, 27, true, 1508725788, 34, 96625368
3, 4, 10, 10, 50, 50, 10, 0, true, 28, true, 1749754927, 34, 96694600
3, 4, 10, 10, 50, 50, 10, 0, true, 29, true, 1040208721, 34, 96701064
3, 4, 10, 10, 50, 50, 10, 0, true, 30, true, 1541872341, 34, 96686832
3, 4, 10, 10, 50, 50, 10, 0, true, 31, true, 1416297145, 34, 96717728
3, 4, 10, 10, 50, 50, 10, 0, true, 32, true, 1699148999, 34, 96693544
3, 4, 10, 10, 50, 50, 10, 0, true, 33, true, 1811506895, 34, 96658424
3, 4, 10, 10, 50, 50, 10, 0, true, 34, true, 1429644494, 34, 96728208
3, 4, 10, 10, 50, 50, 10, 0, true, 35, true, 1425628277, 34, 96743376
3, 4, 10, 10, 50, 50, 10, 0, true, 36, true, 1396102418, 34, 96742072
3, 4, 10, 10, 50, 50, 10, 0, true, 37, true, 1411887931, 34, 96742808
3, 4, 10, 10, 50, 50, 10, 0, true, 38, true, 1413142738, 34, 96750832
3, 4, 10, 10, 50, 50, 10, 0, true, 39, true, 1504094173, 34, 96706784
3, 4, 10, 10, 50, 50, 10, 0, true, 40, true, 1491710807, 34, 96701272
3, 4, 10, 10, 50, 50, 10, 0, true, 41, true, 2269334274, 34, 96700184
3, 4, 10, 10, 50, 50, 10, 0, true, 42, true, 1426485520, 34, 96692200
3, 4, 10, 10, 50, 50, 10, 0, true, 43, true, 1583206248, 34, 96666584
3, 4, 10, 10, 50, 50, 10, 0, true, 44, true, 1348821159, 34, 96690192
3, 4, 10, 10, 50, 50, 10, 0, true, 45, true, 1708031355, 34, 96738680
3, 4, 10, 10, 50, 50, 10, 0, true, 46, true, 1772514708, 34, 96694512
3, 4, 10, 10, 50, 50, 10, 0, true, 47, true, 1521766711, 34, 96693320
3, 4, 10, 10, 50, 50, 10, 0, true, 48, true, 2744918834, 34, 96706448
3, 4, 10, 10, 50, 50, 10, 0, true, 49, true, 1654106908, 34, 96750664
3, 4, 10, 10, 50, 50, 10, 0, true, 50, true, 1552204794, 34, 96662216
3, 4, 10, 10, 50, 50, 10, 0, true, 51, true, 2404560842, 34, 96669080
3, 4, 10, 10, 50, 50, 10, 0, true, 52, true, 1702576374, 34, 96728432
3, 4, 10, 10, 50, 50, 10, 0, true, 53, true, 1466803668, 34, 96694920
3, 4, 10, 10, 50, 50, 10, 0, true, 54, true, 1610085780, 34, 96761520
3, 4, 10, 10, 50, 50, 10, 0, true, 55, true, 1826775018, 34, 96693728
3, 4, 10, 10, 50, 50, 10, 0, true, 56, true, 1423998440, 34, 96688656
3, 4, 10, 10, 50, 50, 10, 0, true, 57, true, 1544656306, 34, 96741568
3, 4, 10, 10, 50, 50, 10, 0, true, 58, true, 1567258275, 34, 96698816
3, 4, 10, 10, 50, 50, 10, 0, true, 59, true, 1316881998, 34, 96703536
3, 4, 10, 10, 50, 50, 10, 0, true, 60, true, 1337640586, 34, 96724976
3, 4, 10, 10, 50, 50, 10, 0, true, 61, true, 1392724606, 34, 96749624
3, 4, 10, 10, 50, 50, 10, 0, true, 62, true, 3907316851, 34, 96751288
3, 4, 10, 10, 50, 50, 10, 0, true, 63, true, 1541048708, 34, 96667752
3, 4, 10, 10, 50, 50, 10, 0, true, 64, true, 1312495993, 34, 96697408
3, 4, 10, 10, 50, 50, 10, 0, true, 65, true, 1087394777, 34, 96666384
3, 4, 10, 10, 50, 50, 10, 0, true, 66, true, 1990656074, 34, 96775056
3, 4, 10, 10, 50, 50, 10, 0, true, 67, true, 1264256883, 34, 96754176
3, 4, 10, 10, 50, 50, 10, 0, true, 68, true, 1526399258, 34, 96753248
3, 4, 10, 10, 50, 50, 10, 0, true, 69, true, 1674917608, 34, 96750296
3, 4, 10, 10, 50, 50, 10, 0, true, 70, true, 1360872683, 34, 96743992
3, 4, 10, 10, 50, 50, 10, 0, true, 71, true, 1377120399, 34, 96707448
3, 4, 10, 10, 50, 50, 10, 0, true, 72, true, 1711307569, 34, 96721648
3, 4, 10, 10, 50, 50, 10, 0, true, 73, true, 1947139300, 34, 96744032
3, 4, 10, 10, 50, 50, 10, 0, true, 74, true, 1534241230, 34, 96669832
3, 4, 10, 10, 50, 50, 10, 0, true, 75, true, 1845532377, 34, 96729824
3, 4, 10, 10, 50, 50, 10, 0, true, 76, true, 1342694571, 34, 96720752
3, 4, 10, 10, 50, 50, 10, 0, true, 77, true, 1514066511, 34, 96752600
3, 4, 10, 10, 50, 50, 10, 0, true, 78, true, 1426080860, 34, 96671512
3, 4, 10, 10, 50, 50, 10, 0, true, 79, true, 1127092047, 34, 96692160
3, 4, 10, 10, 50, 50, 10, 0, true, 80, true, 1313468020, 34, 96707880
3, 4, 10, 10, 50, 50, 10, 0, true, 81, true, 1571827867, 34, 96722080
3, 4, 10, 10, 50, 50, 10, 0, true, 82, true, 1504536392, 34, 96690192
3, 4, 10, 10, 50, 50, 10, 0, true, 83, true, 1381530203, 34, 96672440
3, 4, 10, 10, 50, 50, 10, 0, true, 84, true, 1699189882, 34, 96658096
3, 4, 10, 10, 50, 50, 10, 0, true, 85, true, 1752577162, 34, 96721184
3, 4, 10, 10, 50, 50, 10, 0, true, 86, true, 1767411130, 34, 96719960
3, 4, 10, 10, 50, 50, 10, 0, true, 87, true, 1594835034, 34, 96725312
3, 4, 10, 10, 50, 50, 10, 0, true, 88, true, 1560184639, 34, 96690480
3, 4, 10, 10, 50, 50, 10, 0, true, 89, true, 1630244288, 34, 96703232
3, 4, 10, 10, 50, 50, 10, 0, true, 90, true, 1565807750, 34, 96741128
3, 4, 10, 10, 50, 50, 10, 0, true, 91, true, 1389099293, 34, 96692736
3, 4, 10, 10, 50, 50, 10, 0, true, 92, true, 1634451921, 34, 96742440
3, 4, 10, 10, 50, 50, 10, 0, true, 93, true, 1612424560, 34, 96745096
3, 4, 10, 10, 50, 50, 10, 0, true, 94, true, 1507351443, 34, 96690768
3, 4, 10, 10, 50, 50, 10, 0, true, 95, true, 1253578553, 34, 96755984
3, 4, 10, 10, 50, 50, 10, 0, true, 96, true, 1845672617, 34, 96674992
3, 4, 10, 10, 50, 50, 10, 0, true, 97, true, 1576398566, 34, 96732712
3, 4, 10, 10, 50, 50, 10, 0, true, 98, true, 1406126421, 34, 96745624
3, 4, 10, 10, 50, 50, 10, 0, true, 99, true, 1502194398, 34, 96706104
3, 4, 10, 10, 50, 50, 11, 0, true, 0, true, 2357894770, 41, 96712400
3, 4, 10, 10, 50, 50, 11, 0, true, 1, true, 2603052732, 41, 96685440
3, 4, 10, 10, 50, 50, 11, 0, true, 2, true, 3373076183, 41, 96685488
3, 4, 10, 10, 50, 50, 11, 0, true, 3, true, 2521487939, 41, 96667736
3, 4, 10, 10, 50, 50, 11, 0, true, 4, true, 3127948016, 41, 96685584
3, 4, 10, 10, 50, 50, 11, 0, true, 5, true, 2434453120, 41, 96705728
3, 4, 10, 10, 50, 50, 11, 0, true, 6, true, 2513398460, 41, 96692296
3, 4, 10, 10, 50, 50, 11, 0, true, 7, true, 2825073013, 41, 96703512
3, 4, 10, 10, 50, 50, 11, 0, true, 8, true, 2818914577, 41, 96740048
3, 4, 10, 10, 50, 50, 11, 0, true, 9, true, 2004383217, 41, 96687936
3, 4, 10, 10, 50, 50, 11, 0, true, 10, true, 2879256185, 41, 96736424
3, 4, 10, 10, 50, 50, 11, 0, true, 11, true, 2864976244, 41, 96717856
3, 4, 10, 10, 50, 50, 11, 0, true, 12, true, 2980769817, 41, 96746696
3, 4, 10, 10, 50, 50, 11, 0, true, 13, true, 2516402813, 41, 96698664
3, 4, 10, 10, 50, 50, 11, 0, true, 14, true, 2081490136, 41, 96686064
3, 4, 10, 10, 50, 50, 11, 0, true, 15, true, 2726537497, 41, 96698760
3, 4, 10, 10, 50, 50, 11, 0, true, 16, true, 2215685756, 41, 96661648
3, 4, 10, 10, 50, 50, 11, 0, true, 17, true, 2621884138, 41, 96736760
3, 4, 10, 10, 50, 50, 11, 0, true, 18, true, 2776019312, 41, 96692592
3, 4, 10, 10, 50, 50, 11, 0, true, 19, true, 3015674862, 41, 96686304
3, 4, 10, 10, 50, 50, 11, 0, true, 20, true, 3166737549, 41, 96668392
3, 4, 10, 10, 50, 50, 11, 0, true, 21, true, 2302392913, 41, 96727008
3, 4, 10, 10, 50, 50, 11, 0, true, 22, true, 2788719982, 41, 96696512
3, 4, 10, 10, 50, 50, 11, 0, true, 23, true, 2006157354, 41, 96699360
3, 4, 10, 10, 50, 50, 11, 0, true, 24, true, 2469118937, 41, 96737096
3, 4, 10, 10, 50, 50, 11, 0, true, 25, true, 2278383368, 41, 96686592
3, 4, 10, 10, 50, 50, 11, 0, true, 26, true, 2156250459, 41, 96668656
3, 4, 10, 10, 50, 50, 11, 0, true, 27, true, 1865818713, 41, 96686688
3, 4, 10, 10, 50, 50, 11, 0, true, 28, true, 2878062544, 41, 96706832
3, 4, 10, 10, 50, 50, 11, 0, true, 29, true, 2781285629, 41, 96741160
3, 4, 10, 10, 50, 50, 11, 0, true, 30, true, 2089612073, 41, 96717680
3, 4, 10, 10, 50, 50, 11, 0, true, 31, true, 2397151885, 41, 96689888
3, 4, 10, 10, 50, 50, 11, 0, true, 32, true, 2627409149, 41, 96699656
3, 4, 10, 10, 50, 50, 11, 0, true, 33, true, 2619335394, 41, 96738672
3, 4, 10, 10, 50, 50, 11, 0, true, 34, true, 2113527818, 41, 96719168
3, 4, 10, 10, 50, 50, 11, 0, true, 35, true, 1940787069, 41, 96695960
3, 4, 10, 10, 50, 50, 11, 0, true, 36, true, 2374345825, 41, 96690680
3, 4, 10, 10, 50, 50, 11, 0, true, 37, true, 1784788228, 41, 96672064
3, 4, 10, 10, 50, 50, 11, 0, true, 38, true, 2128194770, 41, 96690776
3, 4, 10, 10, 50, 50, 11, 0, true, 39, true, 2799962526, 41, 96689952
3, 4, 10, 10, 50, 50, 11, 0, true, 40, true, 2565943571, 41, 96718304
3, 4, 10, 10, 50, 50, 11, 0, true, 41, true, 2524802940, 41, 96742208
3, 4, 10, 10, 50, 50, 11, 0, true, 42, true, 2192772412, 41, 96745704
3, 4, 10, 10, 50, 50, 11, 0, true, 43, true, 2585942418, 41, 96738584
3, 4, 10, 10, 50, 50, 11, 0, true, 44, true, 3276547645, 41, 96694416
3, 4, 10, 10, 50, 50, 11, 0, true, 45, true, 2357817289, 41, 96690232
3, 4, 10, 10, 50, 50, 11, 0, true, 46, true, 2335938394, 41, 96672360
3, 4, 10, 10, 50, 50, 11, 0, true, 47, true, 2932318615, 41, 96730024
3, 4, 10, 10, 50, 50, 11, 0, true, 48, true, 1930795868, 41, 96752976
3, 4, 10, 10, 50, 50, 11, 0, true, 49, true, 3028384260, 41, 96751872
3, 4, 10, 10, 50, 50, 11, 0, true, 50, true, 2611213396, 41, 96749408
3, 4, 10, 10, 50, 50, 11, 0, true, 51, true, 2538694522, 41, 96747264
3, 4, 10, 10, 50, 50, 11, 0, true, 52, true, 2756029140, 41, 96753168
3, 4, 10, 10, 50, 50, 11, 0, true, 53, true, 3014832085, 41, 96714088
3, 4, 10, 10, 50, 50, 11, 0, true, 54, true, 2988977757, 41, 96721328
3, 4, 10, 10, 50, 50, 11, 0, true, 55, true, 2873919621, 41, 96741472
3, 4, 10, 10, 50, 50, 11, 0, true, 56, true, 2226911802, 41, 96723536
3, 4, 10, 10, 50, 50, 11, 0, true, 57, true, 2370260121, 41, 96637936
3, 4, 10, 10, 50, 50, 11, 0, true, 58, true, 2202565341, 41, 96696248
3, 4, 10, 10, 50, 50, 11, 0, true, 59, true, 2901388356, 41, 96749528
3, 4, 10, 10, 50, 50, 11, 0, true, 60, true, 2489688045, 41, 96744576
3, 4, 10, 10, 50, 50, 11, 0, true, 61, true, 2276900365, 41, 96688896
3, 4, 10, 10, 50, 50, 11, 0, true, 62, true, 3077122473, 41, 96695280
3, 4, 10, 10, 50, 50, 11, 0, true, 63, true, 2644361461, 41, 96730736
3, 4, 10, 10, 50, 50, 11, 0, true, 64, true, 2296035374, 41, 96743560
3, 4, 10, 10, 50, 50, 11, 0, true, 65, true, 2585315256, 41, 96741952
3, 4, 10, 10, 50, 50, 11, 0, true, 66, true, 3011704223, 41, 96644944
3, 4, 10, 10, 50, 50, 11, 0, true, 67, true, 2946304235, 41, 96677728
3, 4, 10, 10, 50, 50, 11, 0, true, 68, true, 2947670305, 41, 96692528
3, 4, 10, 10, 50, 50, 11, 0, true, 69, true, 2295994077, 41, 96742432
3, 4, 10, 10, 50, 50, 11, 0, true, 70, true, 2127248850, 41, 96750392
3, 4, 10, 10, 50, 50, 11, 0, true, 71, true, 2188148309, 41, 96645184
3, 4, 10, 10, 50, 50, 11, 0, true, 72, true, 2312110102, 41, 96710736
3, 4, 10, 10, 50, 50, 11, 0, true, 73, true, 2506711904, 41, 96752104
3, 4, 10, 10, 50, 50, 11, 0, true, 74, true, 2477033936, 41, 96744080
3, 4, 10, 10, 50, 50, 11, 0, true, 75, true, 2662279839, 41, 96673752
3, 4, 10, 10, 50, 50, 11, 0, true, 76, true, 2653428830, 41, 96694000
3, 4, 10, 10, 50, 50, 11, 0, true, 77, true, 2612028209, 41, 96740504
3, 4, 10, 10, 50, 50, 11, 0, true, 78, true, 2448872947, 41, 96689168
3, 4, 10, 10, 50, 50, 11, 0, true, 79, true, 2755307760, 41, 96746560
3, 4, 10, 10, 50, 50, 11, 0, true, 80, true, 2530279134, 41, 96690096
3, 4, 10, 10, 50, 50, 11, 0, true, 81, true, 2958137637, 41, 96668128
3, 4, 10, 10, 50, 50, 11, 0, true, 82, true, 3040200337, 41, 96743056
3, 4, 10, 10, 50, 50, 11, 0, true, 83, true, 2402847999, 41, 96692216
3, 4, 10, 10, 50, 50, 11, 0, true, 84, true, 2411582365, 41, 96692400
3, 4, 10, 10, 50, 50, 11, 0, true, 85, true, 1999568411, 41, 96740888
3, 4, 10, 10, 50, 50, 11, 0, true, 86, true, 2867001925, 41, 96692496
3, 4, 10, 10, 50, 50, 11, 0, true, 87, true, 2770598076, 41, 96740984
3, 4, 10, 10, 50, 50, 11, 0, true, 88, true, 2696879261, 41, 96669888
3, 4, 10, 10, 50, 50, 11, 0, true, 89, true, 3050665165, 41, 96708312
3, 4, 10, 10, 50, 50, 11, 0, true, 90, true, 2659061334, 41, 96744952
3, 4, 10, 10, 50, 50, 11, 0, true, 91, true, 2507539310, 41, 96751664
3, 4, 10, 10, 50, 50, 11, 0, true, 92, true, 2402757223, 41, 96751400
3, 4, 10, 10, 50, 50, 11, 0, true, 93, true, 2316206489, 41, 96690720
3, 4, 10, 10, 50, 50, 11, 0, true, 94, true, 2334694695, 41, 96776400
3, 4, 10, 10, 50, 50, 11, 0, true, 95, true, 2485952244, 41, 96675136
3, 4, 10, 10, 50, 50, 11, 0, true, 96, true, 2672686413, 41, 96664296
3, 4, 10, 10, 50, 50, 11, 0, true, 97, true, 2512466442, 41, 96731520
3, 4, 10, 10, 50, 50, 11, 0, true, 98, true, 2589686977, 41, 96755952
3, 4, 10, 10, 50, 50, 11, 0, true, 99, true, 2905548160, 41, 96646816
3, 4, 10, 10, 50, 50, 12, 0, true, 0, true, 4215580600, 48, 96679632
3, 4, 10, 10, 50, 50, 12, 0, true, 1, true, 5751459993, 48, 96706464
3, 4, 10, 10, 50, 50, 12, 0, true, 2, true, 4187999011, 48, 96747832
3, 4, 10, 10, 50, 50, 12, 0, true, 3, true, 3381656308, 48, 96663520
3, 4, 10, 10, 50, 50, 12, 0, true, 4, true, 4248616255, 48, 96696256
3, 4, 10, 10, 50, 50, 12, 0, true, 5, true, 5870411198, 48, 96716416
3, 4, 10, 10, 50, 50, 12, 0, true, 6, true, 4802992611, 48, 96746408
3, 4, 10, 10, 50, 50, 12, 0, true, 7, true, 5260248638, 48, 96748072
3, 4, 10, 10, 50, 50, 12, 0, true, 8, true, 3753433452, 48, 96749224
3, 4, 10, 10, 50, 50, 12, 0, true, 9, true, 5709802019, 48, 96746864
3, 4, 10, 10, 50, 50, 12, 0, true, 10, true, 4837063419, 48, 96685872
3, 4, 10, 10, 50, 50, 12, 0, true, 11, true, 4536867413, 48, 96771552
3, 4, 10, 10, 50, 50, 12, 0, true, 12, true, 4041604097, 48, 96669864
3, 4, 10, 10, 50, 50, 12, 0, true, 13, true, 4085841109, 48, 96725784
3, 4, 10, 10, 50, 50, 12, 0, true, 14, true, 4836007245, 48, 96715944
3, 4, 10, 10, 50, 50, 12, 0, true, 15, true, 5601660415, 48, 96656352
3, 4, 10, 10, 50, 50, 12, 0, true, 16, true, 4106462955, 48, 96739024
3, 4, 10, 10, 50, 50, 12, 0, true, 17, true, 3868050678, 48, 96705152
3, 4, 10, 10, 50, 50, 12, 0, true, 18, true, 5294494140, 48, 96692592
3, 4, 10, 10, 50, 50, 12, 0, true, 19, true, 5237383501, 48, 96688160
3, 4, 10, 10, 50, 50, 12, 0, true, 20, true, 3943820024, 48, 96692688
3, 4, 10, 10, 50, 50, 12, 0, true, 21, true, 4592570846, 48, 96702992
3, 4, 10, 10, 50, 50, 12, 0, true, 22, true, 4092171911, 48, 96686448
3, 4, 10, 10, 50, 50, 12, 0, true, 23, true, 4262840763, 48, 96657944
3, 4, 10, 10, 50, 50, 12, 0, true, 24, true, 3231031841, 48, 96666712
3, 4, 10, 10, 50, 50, 12, 0, true, 25, true, 4642979700, 48, 96729992
3, 4, 10, 10, 50, 50, 12, 0, true, 26, true, 4631067850, 48, 96718576
3, 4, 10, 10, 50, 50, 12, 0, true, 27, true, 4774155648, 48, 96750496
3, 4, 10, 10, 50, 50, 12, 0, true, 28, true, 5842995906, 48, 96666832
3, 4, 10, 10, 50, 50, 12, 0, true, 29, true, 3095665432, 48, 96704568
3, 4, 10, 10, 50, 50, 12, 0, true, 30, true, 3479930732, 48, 96747560
3, 4, 10, 10, 50, 50, 12, 0, true, 31, true, 6127095738, 48, 96739816
3, 4, 10, 10, 50, 50, 12, 0, true, 32, true, 4371093326, 48, 96686928
3, 4, 10, 10, 50, 50, 12, 0, true, 33, true, 4304199892, 48, 96750592
3, 4, 10, 10, 50, 50, 12, 0, true, 34, true, 3659538843, 48, 96752304
3, 4, 10, 10, 50, 50, 12, 0, true, 35, true, 4682850592, 48, 96715608
3, 4, 10, 10, 50, 50, 12, 0, true, 36, true, 5915709641, 48, 96742072
3, 4, 10, 10, 50, 50, 12, 0, true, 37, true, 4924213448, 48, 96752592
3, 4, 10, 10, 50, 50, 12, 0, true, 38, true, 3545885575, 48, 96643312
3, 4, 10, 10, 50, 50, 12, 0, true, 39, true, 5747477634, 48, 96676096
3, 4, 10, 10, 50, 50, 12, 0, true, 40, true, 4832669432, 48, 96690000
3, 4, 10, 10, 50, 50, 12, 0, true, 41, true, 5286863323, 48, 96771256
3, 4, 10, 10, 50, 50, 12, 0, true, 42, true, 4982546180, 48, 96702720
3, 4, 10, 10, 50, 50, 12, 0, true, 43, true, 4624643832, 48, 96690144
3, 4, 10, 10, 50, 50, 12, 0, true, 44, true, 4222922516, 48, 96659528
3, 4, 10, 10, 50, 50, 12, 0, true, 45, true, 3488670130, 48, 96690240
3, 4, 10, 10, 50, 50, 12, 0, true, 46, true, 4407272508, 48, 96705960
3, 4, 10, 10, 50, 50, 12, 0, true, 47, true, 3970203466, 48, 96743952
3, 4, 10, 10, 50, 50, 12, 0, true, 48, true, 3677250999, 48, 96672288
3, 4, 10, 10, 50, 50, 12, 0, true, 49, true, 4397993691, 48, 96692416
3, 4, 10, 10, 50, 50, 12, 0, true, 50, true, 4666387465, 48, 96706152
3, 4, 10, 10, 50, 50, 12, 0, true, 51, true, 5319347846, 48, 96742808
3, 4, 10, 10, 50, 50, 12, 0, true, 52, true, 4496169004, 48, 96669200
3, 4, 10, 10, 50, 50, 12, 0, true, 53, true, 5607693096, 48, 96739064
3, 4, 10, 10, 50, 50, 12, 0, true, 54, true, 4658743781, 48, 96775600
3, 4, 10, 10, 50, 50, 12, 0, true, 55, true, 4068797902, 48, 96720176
3, 4, 10, 10, 50, 50, 12, 0, true, 56, true, 5158158541, 48, 96688656
3, 4, 10, 10, 50, 50, 12, 0, true, 57, true, 3652977188, 48, 96719552
3, 4, 10, 10, 50, 50, 12, 0, true, 58, true, 4667229527, 48, 96695368
3, 4, 10, 10, 50, 50, 12, 0, true, 59, true, 4203054098, 48, 96706584
3, 4, 10, 10, 50, 50, 12, 0, true, 60, true, 5192222711, 48, 96720416
3, 4, 10, 10, 50, 50, 12, 0, true, 61, true, 5416899262, 48, 96705296
3, 4, 10, 10, 50, 50, 12, 0, true, 62, true, 3857332988, 48, 96695144
3, 4, 10, 10, 50, 50, 12, 0, true, 63, true, 4372251922, 48, 96691248
3, 4, 10, 10, 50, 50, 12, 0, true, 64, true, 3124350685, 48, 96739592
3, 4, 10, 10, 50, 50, 12, 0, true, 65, true, 5027354393, 48, 96743840
3, 4, 10, 10, 50, 50, 12, 0, true, 66, true, 4322259374, 48, 96692432
3, 4, 10, 10, 50, 50, 12, 0, true, 67, true, 3755648061, 48, 96673792
3, 4, 10, 10, 50, 50, 12, 0, true, 68, true, 4602141741, 48, 96695720
3, 4, 10, 10, 50, 50, 12, 0, true, 69, true, 5852629073, 48, 96661736
3, 4, 10, 10, 50, 50, 12, 0, true, 70, true, 5403404068, 48, 96689616
3, 4, 10, 10, 50, 50, 12, 0, true, 71, true, 5138984816, 48, 96742608
3, 4, 10, 10, 50, 50, 12, 0, true, 72, true, 5756681349, 48, 96743984
3, 4, 10, 10, 50, 50, 12, 0, true, 73, true, 6475574612, 48, 96640624
3, 4, 10, 10, 50, 50, 12, 0, true, 74, true, 6175839341, 48, 96762488
3, 4, 10, 10, 50, 50, 12, 0, true, 75, true, 5112126214, 48, 96691968
3, 4, 10, 10, 50, 50, 12, 0, true, 76, true, 5841880912, 48, 96689904
3, 4, 10, 10, 50, 50, 12, 0, true, 77, true, 5200630596, 48, 96742816
3, 4, 10, 10, 50, 50, 12, 0, true, 78, true, 4058998840, 48, 96700856
3, 4, 10, 10, 50, 50, 12, 0, true, 79, true, 3936824237, 48, 96642288
3, 4, 10, 10, 50, 50, 12, 0, true, 80, true, 5707823864, 48, 96731896
3, 4, 10, 10, 50, 50, 12, 0, true, 81, true, 3928639710, 48, 96674248
3, 4, 10, 10, 50, 50, 12, 0, true, 82, true, 5140067840, 48, 96722960
3, 4, 10, 10, 50, 50, 12, 0, true, 83, true, 5616131896, 48, 96692352
3, 4, 10, 10, 50, 50, 12, 0, true, 84, true, 4866919336, 48, 96733592
3, 4, 10, 10, 50, 50, 12, 0, true, 85, true, 3651369442, 48, 96733024
3, 4, 10, 10, 50, 50, 12, 0, true, 86, true, 5762482010, 48, 96747512
3, 4, 10, 10, 50, 50, 12, 0, true, 87, true, 5436246002, 48, 96721280
3, 4, 10, 10, 50, 50, 12, 0, true, 88, true, 3663249486, 48, 96690480
3, 4, 10, 10, 50, 50, 12, 0, true, 89, true, 3616015968, 48, 96754144
3, 4, 10, 10, 50, 50, 12, 0, true, 90, true, 5004998505, 48, 96744848
3, 4, 10, 10, 50, 50, 12, 0, true, 91, true, 5687718496, 48, 96722560
3, 4, 10, 10, 50, 50, 12, 0, true, 92, true, 5317205298, 48, 96675648
3, 4, 10, 10, 50, 50, 12, 0, true, 93, true, 5031255964, 48, 96702832
3, 4, 10, 10, 50, 50, 12, 0, true, 94, true, 3599824032, 48, 96752400
3, 4, 10, 10, 50, 50, 12, 0, true, 95, true, 4816177349, 48, 96751544
3, 4, 10, 10, 50, 50, 12, 0, true, 96, true, 3916461098, 48, 96722800
3, 4, 10, 10, 50, 50, 12, 0, true, 97, true, 4659161758, 48, 96751672
3, 4, 10, 10, 50, 50, 12, 0, true, 98, true, 5053702355, 48, 96755584
3, 4, 10, 10, 50, 50, 12, 0, true, 99, true, 4957343451, 48, 96756000
3, 4, 10, 10, 50, 50, 13, 0, true, 0, true, 6387652001, 57, 96679632
3, 4, 10, 10, 50, 50, 13, 0, true, 1, true, 9533670680, 57, 96706464
3, 4, 10, 10, 50, 50, 13, 0, true, 2, true, 6834687281, 57, 96656936
3, 4, 10, 10, 50, 50, 13, 0, true, 3, true, 8070856801, 57, 96685536
3, 4, 10, 10, 50, 50, 13, 0, true, 4, true, 8558597649, 57, 96705680
3, 4, 10, 10, 50, 50, 13, 0, true, 5, true, 8373275613, 57, 96669952
3, 4, 10, 10, 50, 50, 13, 0, true, 6, true, 6309855911, 57, 96727480
3, 4, 10, 10, 50, 50, 13, 0, true, 7, true, 8779465392, 57, 96685728
3, 4, 10, 10, 50, 50, 13, 0, true, 8, true, 9570360541, 57, 96667976
3, 4, 10, 10, 50, 50, 13, 0, true, 9, true, 11324059046, 57, 96696112
3, 4, 10, 10, 50, 50, 13, 0, true, 10, true, 10265616091, 57, 96685872
3, 4, 10, 10, 50, 50, 13, 0, true, 11, true, 10565760854, 57, 96688032
3, 4, 10, 10, 50, 50, 13, 0, true, 12, true, 11251054226, 57, 122426656
3, 4, 10, 10, 50, 50, 13, 0, true, 13, true, 7266713232, 57, 122439768
3, 4, 10, 10, 50, 50, 13, 0, true, 14, true, 7512639223, 57, 96686064
3, 4, 10, 10, 50, 50, 13, 0, true, 15, true, 5169637584, 57, 96688224
3, 4, 10, 10, 50, 50, 13, 0, true, 16, true, 7833870921, 57, 96703944
3, 4, 10, 10, 50, 50, 13, 0, true, 17, true, 8236921202, 57, 96748552
3, 4, 10, 10, 50, 50, 13, 0, true, 18, true, 6624517561, 57, 96747888
3, 4, 10, 10, 50, 50, 13, 0, true, 19, true, 8304448295, 57, 96747032
3, 4, 10, 10, 50, 50, 13, 0, true, 20, true, 10631805238, 57, 96692688
3, 4, 10, 10, 50, 50, 13, 0, true, 21, true, 8621051267, 57, 96688384
3, 4, 10, 10, 50, 50, 13, 0, true, 22, true, 7364573490, 57, 96686448
3, 4, 10, 10, 50, 50, 13, 0, true, 23, true, 5955591718, 57, 96697248
3, 4, 10, 10, 50, 50, 13, 0, true, 24, true, 7458960604, 57, 96664368
3, 4, 10, 10, 50, 50, 13, 0, true, 25, true, 7064287709, 57, 96750040
3, 4, 10, 10, 50, 50, 13, 0, true, 26, true, 8081896293, 57, 96740912
3, 4, 10, 10, 50, 50, 13, 0, true, 27, true, 7288090810, 57, 96686688
3, 4, 10, 10, 50, 50, 13, 0, true, 28, true, 5451855538, 57, 96721616
3, 4, 10, 10, 50, 50, 13, 0, true, 29, true, 5884782344, 57, 96686784
3, 4, 10, 10, 50, 50, 13, 0, true, 30, true, 7237346120, 57, 96708120
3, 4, 10, 10, 50, 50, 13, 0, true, 31, true, 8164666304, 57, 96729568
3, 4, 10, 10, 50, 50, 13, 0, true, 32, true, 7910523675, 57, 96741992
3, 4, 10, 10, 50, 50, 13, 0, true, 33, true, 5588982554, 57, 96741352
3, 4, 10, 10, 50, 50, 13, 0, true, 34, true, 9477416149, 57, 96741976
3, 4, 10, 10, 50, 50, 13, 0, true, 35, true, 5768094212, 57, 96742024
3, 4, 10, 10, 50, 50, 13, 0, true, 36, true, 7894197621, 57, 96708296
3, 4, 10, 10, 50, 50, 13, 0, true, 37, true, 7919361133, 57, 96725920
3, 4, 10, 10, 50, 50, 13, 0, true, 38, true, 8111288058, 57, 96687792
3, 4, 10, 10, 50, 50, 13, 0, true, 39, true, 5902191191, 57, 96740784
3, 4, 10, 10, 50, 50, 13, 0, true, 40, true, 6646004583, 57, 96718736
3, 4, 10, 10, 50, 50, 13, 0, true, 41, true, 6867232507, 57, 96696464
3, 4, 10, 10, 50, 50, 13, 0, true, 42, true, 7938107180, 57, 96729728
3, 4, 10, 10, 50, 50, 13, 0, true, 43, true, 5732324196, 57, 96690144
3, 4, 10, 10, 50, 50, 13, 0, true, 44, true, 9596063123, 57, 96637312
3, 4, 10, 10, 50, 50, 13, 0, true, 45, true, 8395114668, 57, 96728760
3, 4, 10, 10, 50, 50, 13, 0, true, 46, true, 6814821860, 57, 96742552
3, 4, 10, 10, 50, 50, 13, 0, true, 47, true, 8175408678, 57, 96696936
3, 4, 10, 10, 50, 50, 13, 0, true, 48, true, 11005217438, 57, 96741136
3, 4, 10, 10, 50, 50, 13, 0, true, 49, true, 7843594607, 57, 122433024
3, 4, 10, 10, 50, 50, 13, 0, true, 50, true, 9414145462, 57, 96698992
3, 4, 10, 10, 50, 50, 13, 0, true, 51, true, 10158369665, 57, 96752032
3, 4, 10, 10, 50, 50, 13, 0, true, 52, true, 5692409677, 57, 96694800
3, 4, 10, 10, 50, 50, 13, 0, true, 53, true, 6393079760, 57, 96690496
3, 4, 10, 10, 50, 50, 13, 0, true, 54, true, 12033263960, 57, 96644080
3, 4, 10, 10, 50, 50, 13, 0, true, 55, true, 7074453034, 57, 96655840
3, 4, 10, 10, 50, 50, 13, 0, true, 56, true, 7680485723, 57, 96741520
3, 4, 10, 10, 50, 50, 13, 0, true, 57, true, 10332326951, 57, 96745832
3, 4, 10, 10, 50, 50, 13, 0, true, 58, true, 8707776545, 57, 96743816
3, 4, 10, 10, 50, 50, 13, 0, true, 59, true, 9784712450, 57, 96749528
3, 4, 10, 10, 50, 50, 13, 0, true, 60, true, 7617525085, 57, 96743120
3, 4, 10, 10, 50, 50, 13, 0, true, 61, true, 6390407126, 57, 96680144
3, 4, 10, 10, 50, 50, 13, 0, true, 62, true, 8549251602, 57, 96699576
3, 4, 10, 10, 50, 50, 13, 0, true, 63, true, 7463000846, 57, 96688992
3, 4, 10, 10, 50, 50, 13, 0, true, 64, true, 8579019252, 57, 96689040
3, 4, 10, 10, 50, 50, 13, 0, true, 65, true, 10961273047, 57, 96704056
3, 4, 10, 10, 50, 50, 13, 0, true, 66, true, 8893828288, 57, 122420728
3, 4, 10, 10, 50, 50, 13, 0, true, 67, true, 8394541459, 57, 96719352
3, 4, 10, 10, 50, 50, 13, 0, true, 68, true, 8027887982, 57, 96747240
3, 4, 10, 10, 50, 50, 13, 0, true, 69, true, 7074432496, 57, 96752216
3, 4, 10, 10, 50, 50, 13, 0, true, 70, true, 8468520592, 57, 96743992
3, 4, 10, 10, 50, 50, 13, 0, true, 71, true, 7195185214, 57, 96689664
3, 4, 10, 10, 50, 50, 13, 0, true, 72, true, 5903251390, 57, 96728816
3, 4, 10, 10, 50, 50, 13, 0, true, 73, true, 8813368086, 57, 96692744
3, 4, 10, 10, 50, 50, 13, 0, true, 74, true, 7726671626, 57, 96742744
3, 4, 10, 10, 50, 50, 13, 0, true, 75, true, 8897064111, 57, 96638864
3, 4, 10, 10, 50, 50, 13, 0, true, 76, true, 6103139244, 57, 96692016
3, 4, 10, 10, 50, 50, 13, 0, true, 77, true, 7379240373, 57, 96661400
3, 4, 10, 10, 50, 50, 13, 0, true, 78, true, 6884441006, 57, 96690000
3, 4, 10, 10, 50, 50, 13, 0, true, 79, true, 8571391355, 57, 96674368
3, 4, 10, 10, 50, 50, 13, 0, true, 80, true, 5918744873, 57, 96695192
3, 4, 10, 10, 50, 50, 13, 0, true, 81, true, 8330257122, 57, 96674208
3, 4, 10, 10, 50, 50, 13, 0, true, 82, true, 6203300715, 57, 96703128
3, 4, 10, 10, 50, 50, 13, 0, true, 83, true, 6253961772, 57, 96659584
3, 4, 10, 10, 50, 50, 13, 0, true, 84, true, 10206438165, 57, 96676464
3, 4, 10, 10, 50, 50, 13, 0, true, 85, true, 5583798611, 57, 96690336
3, 4, 10, 10, 50, 50, 13, 0, true, 86, true, 8583623281, 57, 96694600
3, 4, 10, 10, 50, 50, 13, 0, true, 87, true, 10128338102, 57, 96645952
3, 4, 10, 10, 50, 50, 13, 0, true, 88, true, 6314781531, 57, 96629160
3, 4, 10, 10, 50, 50, 13, 0, true, 89, true, 8814917326, 57, 96698360
3, 4, 10, 10, 50, 50, 13, 0, true, 90, true, 11307706815, 57, 96665832
3, 4, 10, 10, 50, 50, 13, 0, true, 91, true, 8778961549, 57, 96670504
3, 4, 10, 10, 50, 50, 13, 0, true, 92, true, 10616857890, 57, 96705408
3, 4, 10, 10, 50, 50, 13, 0, true, 93, true, 9492593955, 57, 96676896
3, 4, 10, 10, 50, 50, 13, 0, true, 94, true, 7583963541, 57, 96692880
3, 4, 10, 10, 50, 50, 13, 0, true, 95, true, 10440843033, 57, 96697152
3, 4, 10, 10, 50, 50, 13, 0, true, 96, true, 8835424852, 57, 96695960
3, 4, 10, 10, 50, 50, 13, 0, true, 97, true, 10938345406, 57, 96658144
3, 4, 10, 10, 50, 50, 13, 0, true, 98, true, 5336625196, 57, 96669232
3, 4, 10, 10, 50, 50, 13, 0, true, 99, true, 11413470217, 57, 96722080
3, 4, 10, 10, 50, 50, 14, 0, true, 0, true, 16586420498, 66, 96712400
3, 4, 10, 10, 50, 50, 14, 0, true, 1, true, 14857110239, 66, 96700176
3, 4, 10, 10, 50, 50, 14, 0, true, 2, true, 13100113324, 66, 122411752
3, 4, 10, 10, 50, 50, 14, 0, true, 3, true, 17973123620, 66, 96696288
3, 4, 10, 10, 50, 50, 14, 0, true, 4, true, 12444175522, 66, 122430472
3, 4, 10, 10, 50, 50, 14, 0, true, 5, true, 14392702903, 66, 96687744
3, 4, 10, 10, 50, 50, 14, 0, true, 6, true, 10185294942, 66, 96667648
3, 4, 10, 10, 50, 50, 14, 0, true, 7, true, 18828583141, 66, 96674360
3, 4, 10, 10, 50, 50, 14, 0, true, 8, true, 16149356037, 66, 96687888
3, 4, 10, 10, 50, 50, 14, 0, true, 9, true, 13035546557, 66, 96692160
3, 4, 10, 10, 50, 50, 14, 0, true, 10, true, 15817361191, 66, 122385040
3, 4, 10, 10, 50, 50, 14, 0, true, 11, true, 15638945090, 66, 122407992
3, 4, 10, 10, 50, 50, 14, 0, true, 12, true, 13702017201, 66, 96688080
3, 4, 10, 10, 50, 50, 14, 0, true, 13, true, 19715783394, 66, 96655360
3, 4, 10, 10, 50, 50, 14, 0, true, 14, true, 13402824821, 66, 96633192
3, 4, 10, 10, 50, 50, 14, 0, true, 15, true, 17726216405, 66, 96700848
3, 4, 10, 10, 50, 50, 14, 0, true, 16, true, 18801634398, 66, 96709648
3, 4, 10, 10, 50, 50, 14, 0, true, 17, true, 17332374540, 66, 96695640
3, 4, 10, 10, 50, 50, 14, 0, true, 18, true, 16068200020, 66, 122394176
3, 4, 10, 10, 50, 50, 14, 0, true, 19, true, 18428488844, 66, 96688416
3, 4, 10, 10, 50, 50, 14, 0, true, 20, true, 12800211311, 66, 96637704
3, 4, 10, 10, 50, 50, 14, 0, true, 21, true, 15663200362, 66, 96690368
3, 4, 10, 10, 50, 50, 14, 0, true, 22, true, 19288345725, 66, 96655792
3, 4, 10, 10, 50, 50, 14, 0, true, 23, true, 11001533935, 66, 96686496
3, 4, 10, 10, 50, 50, 14, 0, true, 24, true, 13578606776, 66, 96686544
3, 4, 10, 10, 50, 50, 14, 0, true, 25, true, 20037824619, 66, 96658040
3, 4, 10, 10, 50, 50, 14, 0, true, 26, true, 9971971730, 66, 96659616
3, 4, 10, 10, 50, 50, 14, 0, true, 27, true, 17212545806, 66, 96623776
3, 4, 10, 10, 50, 50, 14, 0, true, 28, true, 16359187026, 66, 96623824
3, 4, 10, 10, 50, 50, 14, 0, true, 29, true, 16252832636, 66, 96639800
3, 4, 10, 10, 50, 50, 14, 0, true, 30, true, 15484099238, 66, 96670512
3, 4, 10, 10, 50, 50, 14, 0, true, 31, true, 10890977535, 66, 122376368
3, 4, 10, 10, 50, 50, 14, 0, true, 32, true, 12490966119, 66, 96645856
3, 4, 10, 10, 50, 50, 14, 0, true, 33, true, 15435964141, 66, 96642832
3, 4, 10, 10, 50, 50, 14, 0, true, 34, true, 9967848096, 66, 96673264
3, 4, 10, 10, 50, 50, 14, 0, true, 35, true, 12330330702, 66, 96649096
3, 4, 10, 10, 50, 50, 14, 0, true, 36, true, 12751715004, 66, 96677296
3, 4, 10, 10, 50, 50, 14, 0, true, 37, true, 14369751605, 66, 96640760
3, 4, 10, 10, 50, 50, 14, 0, true, 38, true, 13502837011, 66, 122400160
3, 4, 10, 10, 50, 50, 14, 0, true, 39, true, 15535250648, 66, 96640856
3, 4, 10, 10, 50, 50, 14, 0, true, 40, true, 20381691196, 66, 96671568
3, 4, 10, 10, 50, 50, 14, 0, true, 41, true, 17771465657, 66, 96688448
3, 4, 10, 10, 50, 50, 14, 0, true, 42, true, 14840131369, 66, 122372312
3, 4, 10, 10, 50, 50, 14, 0, true, 43, true, 19369773298, 66, 122416168
3, 4, 10, 10, 50, 50, 14, 0, true, 44, true, 13568540243, 66, 96653752
3, 4, 10, 10, 50, 50, 14, 0, true, 45, true, 13353219485, 66, 96675896
3, 4, 10, 10, 50, 50, 14, 0, true, 46, true, 14363506095, 66, 96671856
3, 4, 10, 10, 50, 50, 14, 0, true, 47, true, 12852378725, 66, 96637024
3, 4, 10, 10, 50, 50, 14, 0, true, 48, true, 15337422040, 66, 96686504
3, 4, 10, 10, 50, 50, 14, 0, true, 49, true, 18048918749, 66, 96688824
3, 4, 10, 10, 50, 50, 14, 0, true, 50, true, 14436829386, 66, 96650136
3, 4, 10, 10, 50, 50, 14, 0, true, 51, true, 16996395437, 66, 96650200
3, 4, 10, 10, 50, 50, 14, 0, true, 52, true, 19151489717, 66, 96678064
3, 4, 10, 10, 50, 50, 14, 0, true, 53, true, 18851328306, 66, 96670080
3, 4, 10, 10, 50, 50, 14, 0, true, 54, true, 15439687642, 66, 96652328
3, 4, 10, 10, 50, 50, 14, 0, true, 55, true, 14386922235, 66, 122367576
3, 4, 10, 10, 50, 50, 14, 0, true, 56, true, 15274466609, 66, 96689168
3, 4, 10, 10, 50, 50, 14, 0, true, 57, true, 14470195994, 66, 122394336
3, 4, 10, 10, 50, 50, 14, 0, true, 58, true, 14567411881, 66, 96654216
3, 4, 10, 10, 50, 50, 14, 0, true, 59, true, 16042379120, 66, 96674336
3, 4, 10, 10, 50, 50, 14, 0, true, 60, true, 14887036072, 66, 96672528
3, 4, 10, 10, 50, 50, 14, 0, true, 61, true, 13313535209, 66, 96622032
3, 4, 10, 10, 50, 50, 14, 0, true, 62, true, 17397566532, 66, 96705392
3, 4, 10, 10, 50, 50, 14, 0, true, 63, true, 13763506591, 66, 122411248
3, 4, 10, 10, 50, 50, 14, 0, true, 64, true, 14145648488, 66, 96626128
3, 4, 10, 10, 50, 50, 14, 0, true, 65, true, 13696915600, 66, 96642104
3, 4, 10, 10, 50, 50, 14, 0, true, 66, true, 9565310387, 66, 122369536
3, 4, 10, 10, 50, 50, 14, 0, true, 67, true, 18314392170, 66, 96653008
3, 4, 10, 10, 50, 50, 14, 0, true, 68, true, 17154147976, 66, 122397352
3, 4, 10, 10, 50, 50, 14, 0, true, 69, true, 16922334607, 66, 96648904
3, 4, 10, 10, 50, 50, 14, 0, true, 70, true, 12884487684, 66, 96679912
3, 4, 10, 10, 50, 50, 14, 0, true, 71, true, 15742400140, 66, 96677568
3, 4, 10, 10, 50, 50, 14, 0, true, 72, true, 16314256236, 66, 122403216
3, 4, 10, 10, 50, 50, 14, 0, true, 73, true, 17026785112, 66, 96673440
3, 4, 10, 10, 50, 50, 14, 0, true, 74, true, 19257266371, 66, 122412064
3, 4, 10, 10, 50, 50, 14, 0, true, 75, true, 12910640896, 66, 122379344
3, 4, 10, 10, 50, 50, 14, 0, true, 76, true, 15748015611, 66, 96655632
3, 4, 10, 10, 50, 50, 14, 0, true, 77, true, 15453866011, 66, 96643848
3, 4, 10, 10, 50, 50, 14, 0, true, 78, true, 19073371591, 66, 96673680
3, 4, 10, 10, 50, 50, 14, 0, true, 79, true, 18725277857, 66, 96627136
3, 4, 10, 10, 50, 50, 14, 0, true, 80, true, 21031770554, 66, 96627184
3, 4, 10, 10, 50, 50, 14, 0, true, 81, true, 14356747000, 66, 122382872
3, 4, 10, 10, 50, 50, 14, 0, true, 82, true, 11972727428, 66, 96690704
3, 4, 10, 10, 50, 50, 14, 0, true, 83, true, 16625107607, 66, 96659912
3, 4, 10, 10, 50, 50, 14, 0, true, 84, true, 14150233272, 66, 122404680
3, 4, 10, 10, 50, 50, 14, 0, true, 85, true, 14962037891, 66, 96678240
3, 4, 10, 10, 50, 50, 14, 0, true, 86, true, 14491686987, 66, 96706832
3, 4, 10, 10, 50, 50, 14, 0, true, 87, true, 16531721260, 66, 96672000
3, 4, 10, 10, 50, 50, 14, 0, true, 88, true, 14517883162, 66, 96627568
3, 4, 10, 10, 50, 50, 14, 0, true, 89, true, 18106629769, 66, 96691040
3, 4, 10, 10, 50, 50, 14, 0, true, 90, true, 13167743308, 66, 96678480
3, 4, 10, 10, 50, 50, 14, 0, true, 91, true, 11504509781, 66, 96678264
3, 4, 10, 10, 50, 50, 14, 0, true, 92, true, 21721890033, 66, 96654208
3, 4, 10, 10, 50, 50, 14, 0, true, 93, true, 13600785755, 66, 122374536
3, 4, 10, 10, 50, 50, 14, 0, true, 94, true, 14353436549, 66, 122417536
3, 4, 10, 10, 50, 50, 14, 0, true, 95, true, 18237246173, 66, 122415384
3, 4, 10, 10, 50, 50, 14, 0, true, 96, true, 13297762717, 66, 96664728
3, 4, 10, 10, 50, 50, 14, 0, true, 97, true, 16495454301, 66, 96681232
3, 4, 10, 10, 50, 50, 14, 0, true, 98, true, 14589528101, 66, 96685680
3, 4, 10, 10, 50, 50, 14, 0, true, 99, true, 18785651766, 66, 96646432
3, 4, 10, 10, 50, 50, 15, 0, true, 0, true, 25184713625, 75, 96693968
3, 4, 10, 10, 50, 50, 15, 0, true, 1, true, 28732149491, 75, 96636352
3, 4, 10, 10, 50, 50, 15, 0, true, 2, true, 23567971118, 75, 96669168
3, 4, 10, 10, 50, 50, 15, 0, true, 3, true, 28985797556, 75, 96638552
3, 4, 10, 10, 50, 50, 15, 0, true, 4, true, 27265362187, 75, 96639320
3, 4, 10, 10, 50, 50, 15, 0, true, 5, true, 22701152191, 75, 96638984
3, 4, 10, 10, 50, 50, 15, 0, true, 6, true, 22845515685, 75, 96686192
3, 4, 10, 10, 50, 50, 15, 0, true, 7, true, 18863687402, 75, 122358592
3, 4, 10, 10, 50, 50, 15, 0, true, 8, true, 19926953888, 75, 96719056
3, 4, 10, 10, 50, 50, 15, 0, true, 9, true, 28553804063, 75, 96651296
3, 4, 10, 10, 50, 50, 15, 0, true, 10, true, 22468250971, 75, 122399200
3, 4, 10, 10, 50, 50, 15, 0, true, 11, true, 27620730193, 75, 96649264
3, 4, 10, 10, 50, 50, 15, 0, true, 12, true, 18693942152, 75, 96637024
3, 4, 10, 10, 50, 50, 15, 0, true, 13, true, 29854136126, 75, 122364920
3, 4, 10, 10, 50, 50, 15, 0, true, 14, true, 25058484909, 75, 96639080
3, 4, 10, 10, 50, 50, 15, 0, true, 15, false, 30001143491, 75, 96667680
3, 4, 10, 10, 50, 50, 15, 0, true, 16, false, 30001165516, 75, 122410728
3, 4, 10, 10, 50, 50, 15, 0, true, 17, true, 21177333256, 75, 122388760
3, 4, 10, 10, 50, 50, 15, 0, true, 18, true, 24718371141, 75, 96697096
3, 4, 10, 10, 50, 50, 15, 0, true, 19, true, 19444149567, 75, 122393824
3, 4, 10, 10, 50, 50, 15, 0, true, 20, true, 23826627162, 75, 96649928
3, 4, 10, 10, 50, 50, 15, 0, true, 21, true, 23937763243, 75, 122398736
3, 4, 10, 10, 50, 50, 15, 0, true, 22, true, 20920451863, 75, 96668016
3, 4, 10, 10, 50, 50, 15, 0, true, 23, true, 24293895526, 75, 96645832
3, 4, 10, 10, 50, 50, 15, 0, true, 24, true, 18060390712, 75, 96641968
3, 4, 10, 10, 50, 50, 15, 0, true, 25, true, 17052703088, 75, 96668160
3, 4, 10, 10, 50, 50, 15, 0, true, 26, true, 21110095161, 75, 122411208
3, 4, 10, 10, 50, 50, 15, 0, true, 27, true, 19160186851, 75, 96677104
3, 4, 10, 10, 50, 50, 15, 0, true, 28, true, 17667738458, 75, 122400456
3, 4, 10, 10, 50, 50, 15, 0, true, 29, true, 19158944819, 75, 122415616
3, 4, 10, 10, 50, 50, 15, 0, true, 30, true, 24917479116, 75, 96670512
3, 4, 10, 10, 50, 50, 15, 0, true, 31, true, 25803459601, 75, 96681096
3, 4, 10, 10, 50, 50, 15, 0, true, 32, true, 23588861040, 75, 96674832
3, 4, 10, 10, 50, 50, 15, 0, true, 33, true, 18476137566, 75, 96673640
3, 4, 10, 10, 50, 50, 15, 0, true, 34, true, 24416465595, 75, 96683904
3, 4, 10, 10, 50, 50, 15, 0, true, 35, false, 30001183545, 75, 96691272
3, 4, 10, 10, 50, 50, 15, 0, true, 36, false, 30001166972, 75, 96657896
3, 4, 10, 10, 50, 50, 15, 0, true, 37, true, 24472780110, 75, 96679448
3, 4, 10, 10, 50, 50, 15, 0, true, 38, true, 18579265405, 75, 96704240
3, 4, 10, 10, 50, 50, 15, 0, true, 39, true, 21598775828, 75, 122390032
3, 4, 10, 10, 50, 50, 15, 0, true, 40, true, 28056627267, 75, 96673544
3, 4, 10, 10, 50, 50, 15, 0, true, 41, true, 24848216062, 75, 96671616
3, 4, 10, 10, 50, 50, 15, 0, true, 42, true, 26592865629, 75, 96625072
3, 4, 10, 10, 50, 50, 15, 0, true, 43, true, 20567719246, 75, 122347992
3, 4, 10, 10, 50, 50, 15, 0, true, 44, true, 27596993159, 75, 122414056
3, 4, 10, 10, 50, 50, 15, 0, true, 45, true, 28789063781, 75, 96645848
3, 4, 10, 10, 50, 50, 15, 0, true, 46, true, 19090668111, 75, 96676080
3, 4, 10, 10, 50, 50, 15, 0, true, 47, true, 17255301766, 75, 96674008
3, 4, 10, 10, 50, 50, 15, 0, true, 48, true, 18405663645, 75, 96671952
3, 4, 10, 10, 50, 50, 15, 0, true, 49, true, 24997263033, 75, 96672000
3, 4, 10, 10, 50, 50, 15, 0, true, 50, true, 27182548755, 75, 96621288
3, 4, 10, 10, 50, 50, 15, 0, true, 51, true, 25885420181, 75, 96675080
3, 4, 10, 10, 50, 50, 15, 0, true, 52, true, 21187424277, 75, 96672144
3, 4, 10, 10, 50, 50, 15, 0, true, 53, true, 26557462405, 75, 96672192
3, 4, 10, 10, 50, 50, 15, 0, true, 54, true, 27746406824, 75, 122410816
3, 4, 10, 10, 50, 50, 15, 0, true, 55, true, 27226300007, 75, 96670176
3, 4, 10, 10, 50, 50, 15, 0, true, 56, false, 30001224789, 75, 96625744
3, 4, 10, 10, 50, 50, 15, 0, true, 57, true, 25025109040, 75, 122348664
3, 4, 10, 10, 50, 50, 15, 0, true, 58, true, 17719013870, 75, 96652600
3, 4, 10, 10, 50, 50, 15, 0, true, 59, true, 27532658776, 75, 96641696
3, 4, 10, 10, 50, 50, 15, 0, true, 60, true, 23099854657, 75, 96672528
3, 4, 10, 10, 50, 50, 15, 0, true, 61, true, 22327589403, 75, 96683112
3, 4, 10, 10, 50, 50, 15, 0, true, 62, true, 15539880378, 75, 96650000
3, 4, 10, 10, 50, 50, 15, 0, true, 63, true, 24451370675, 75, 96677760
3, 4, 10, 10, 50, 50, 15, 0, true, 64, true, 25370846316, 75, 96674248
3, 4, 10, 10, 50, 50, 15, 0, true, 65, true, 23473903299, 75, 122378576
3, 4, 10, 10, 50, 50, 15, 0, true, 66, true, 23470626831, 75, 96689936
3, 4, 10, 10, 50, 50, 15, 0, true, 67, true, 21494275897, 75, 96654680
3, 4, 10, 10, 50, 50, 15, 0, true, 68, false, 30001164251, 75, 96685720
3, 4, 10, 10, 50, 50, 15, 0, true, 69, false, 30001187539, 75, 122404672
3, 4, 10, 10, 50, 50, 15, 0, true, 70, true, 22152148080, 75, 96626704
3, 4, 10, 10, 50, 50, 15, 0, true, 71, true, 26185045030, 75, 122382392
3, 4, 10, 10, 50, 50, 15, 0, true, 72, true, 20117996130, 75, 96673392
3, 4, 10, 10, 50, 50, 15, 0, true, 73, true, 27258280395, 75, 96671328
3, 4, 10, 10, 50, 50, 15, 0, true, 74, true, 21433446805, 75, 122392360
3, 4, 10, 10, 50, 50, 15, 0, true, 75, true, 16911852700, 75, 96650832
3, 4, 10, 10, 50, 50, 15, 0, true, 76, true, 18062133815, 75, 96642920
3, 4, 10, 10, 50, 50, 15, 0, true, 77, true, 21708483505, 75, 96673632
3, 4, 10, 10, 50, 50, 15, 0, true, 78, true, 19048187079, 75, 96673680
3, 4, 10, 10, 50, 50, 15, 0, true, 79, true, 25613561022, 75, 96673728
3, 4, 10, 10, 50, 50, 15, 0, true, 80, true, 23456735028, 75, 96623016
3, 4, 10, 10, 50, 50, 15, 0, true, 81, true, 24724268891, 75, 96675808
3, 4, 10, 10, 50, 50, 15, 0, true, 82, true, 27203592960, 75, 96627280
3, 4, 10, 10, 50, 50, 15, 0, true, 83, true, 24440652644, 75, 96671216
3, 4, 10, 10, 50, 50, 15, 0, true, 84, true, 29100698746, 75, 96653464
3, 4, 10, 10, 50, 50, 15, 0, true, 85, true, 25803307372, 75, 122401384
3, 4, 10, 10, 50, 50, 15, 0, true, 86, true, 21703338306, 75, 96671360
3, 4, 10, 10, 50, 50, 15, 0, true, 87, true, 19128227841, 75, 96686144
3, 4, 10, 10, 50, 50, 15, 0, true, 88, true, 21478298042, 75, 122398368
3, 4, 10, 10, 50, 50, 15, 0, true, 89, true, 20178155795, 75, 96671504
3, 4, 10, 10, 50, 50, 15, 0, true, 90, true, 20205602881, 75, 96649400
3, 4, 10, 10, 50, 50, 15, 0, true, 91, true, 21966171735, 75, 122414600
3, 4, 10, 10, 50, 50, 15, 0, true, 92, true, 23282597771, 75, 96673760
3, 4, 10, 10, 50, 50, 15, 0, true, 93, true, 23647127967, 75, 96627216
3, 4, 10, 10, 50, 50, 15, 0, true, 94, true, 19398270127, 75, 96610424
3, 4, 10, 10, 50, 50, 15, 0, true, 95, true, 17012417932, 75, 96645360
3, 4, 10, 10, 50, 50, 15, 0, true, 96, true, 25991851989, 75, 96675936
3, 4, 10, 10, 50, 50, 15, 0, true, 97, true, 23567550286, 75, 122415432
3, 4, 10, 10, 50, 50, 15, 0, true, 98, true, 21432568532, 75, 96661504
3, 4, 10, 10, 50, 50, 15, 0, true, 99, false, 30001194616, 75, 96667200
3, 4, 10, 10, 50, 50, 16, 0, true, 0, false, 30001215646, 86, 96660608
3, 4, 10, 10, 50, 50, 16, 0, true, 1, false, 30001241466, 86, 96633648
3, 4, 10, 10, 50, 50, 16, 0, true, 2, false, 30001226302, 86, 96668576
3, 4, 10, 10, 50, 50, 16, 0, true, 3, true, 29089672067, 86, 122407200
3, 4, 10, 10, 50, 50, 16, 0, true, 4, false, 30001227835, 86, 122389088
3, 4, 10, 10, 50, 50, 16, 0, true, 5, false, 30001183036, 86, 96672944
3, 4, 10, 10, 50, 50, 16, 0, true, 6, false, 30001186592, 86, 96675976
3, 4, 10, 10, 50, 50, 16, 0, true, 7, false, 30001244364, 86, 122398584
3, 4, 10, 10, 50, 50, 16, 0, true, 8, false, 30001324192, 86, 96644736
3, 4, 10, 10, 50, 50, 16, 0, true, 9, false, 30001203276, 86, 96622320
3, 4, 10, 10, 50, 50, 16, 0, true, 10, false, 30001220794, 86, 96653024
3, 4, 10, 10, 50, 50, 16, 0, true, 11, false, 30001264849, 86, 96669008
3, 4, 10, 10, 50, 50, 16, 0, true, 12, false, 30001224562, 86, 122374864
3, 4, 10, 10, 50, 50, 16, 0, true, 13, false, 30001264230, 78, 96681728
3, 4, 10, 10, 50, 50, 16, 0, true, 14, false, 30001191565, 86, 96643024
3, 4, 10, 10, 50, 50, 16, 0, true, 15, false, 30001213786, 86, 96651408
3, 4, 10, 10, 50, 50, 16, 0, true, 16, false, 30001207168, 86, 122366248
3, 4, 10, 10, 50, 50, 16, 0, true, 17, false, 30001203376, 86, 96667184
3, 4, 10, 10, 50, 50, 16, 0, true, 18, false, 30001239982, 86, 96647168
3, 4, 10, 10, 50, 50, 16, 0, true, 19, false, 30001259329, 86, 96669392
3, 4, 10, 10, 50, 50, 16, 0, true, 20, false, 30001223350, 86, 96702208
3, 4, 10, 10, 50, 50, 16, 0, true, 21, false, 30001241287, 86, 96667376
3, 4, 10, 10, 50, 50, 16, 0, true, 22, false, 30001223960, 86, 96649376
3, 4, 10, 10, 50, 50, 16, 0, true, 23, false, 30001289425, 86, 96636816
3, 4, 10, 10, 50, 50, 16, 0, true, 24, false, 30001195355, 76, 122408208
3, 4, 10, 10, 50, 50, 16, 0, true, 25, false, 30001242351, 86, 96623088
3, 4, 10, 10, 50, 50, 16, 0, true, 26, false, 30001209715, 86, 122346008
3, 4, 10, 10, 50, 50, 16, 0, true, 27, false, 30001243451, 86, 96669776
3, 4, 10, 10, 50, 50, 16, 0, true, 28, false, 30001252845, 86, 96686656
3, 4, 10, 10, 50, 50, 16, 0, true, 29, false, 30001209430, 86, 96686704
3, 4, 10, 10, 50, 50, 16, 0, true, 30, false, 30001236437, 75, 96674144
3, 4, 10, 10, 50, 50, 16, 0, true, 31, false, 30001182073, 78, 96674056
3, 4, 10, 10, 50, 50, 16, 0, true, 32, false, 30001257299, 86, 96674240
3, 4, 10, 10, 50, 50, 16, 0, true, 33, false, 30001235141, 86, 96670064
3, 4, 10, 10, 50, 50, 16, 0, true, 34, false, 30001269112, 86, 96674912
3, 4, 10, 10, 50, 50, 16, 0, true, 35, false, 30001243047, 86, 122400560
3, 4, 10, 10, 50, 50, 16, 0, true, 36, false, 30001197465, 86, 96670784
3, 4, 10, 10, 50, 50, 16, 0, true, 37, false, 30001243707, 86, 96624240
3, 4, 10, 10, 50, 50, 16, 0, true, 38, false, 30001283490, 86, 96648648
3, 4, 10, 10, 50, 50, 16, 0, true, 39, false, 30001165726, 86, 96676848
3, 4, 10, 10, 50, 50, 16, 0, true, 40, false, 30001240355, 86, 122409552
3, 4, 10, 10, 50, 50, 16, 0, true, 41, false, 30001233255, 86, 96676936
3, 4, 10, 10, 50, 50, 16, 0, true, 42, false, 30001203628, 86, 96668960
3, 4, 10, 10, 50, 50, 16, 0, true, 43, false, 30001248475, 86, 96671120
3, 4, 10, 10, 50, 50, 16, 0, true, 44, false, 30001181555, 76, 96621392
3, 4, 10, 10, 50, 50, 16, 0, true, 45, false, 30001210642, 86, 96675424
3, 4, 10, 10, 50, 50, 16, 0, true, 46, false, 30001207964, 78, 96675488
3, 4, 10, 10, 50, 50, 16, 0, true, 47, false, 30001220965, 86, 96683832
3, 4, 10, 10, 50, 50, 16, 0, true, 48, false, 30001230280, 86, 96675584
3, 4, 10, 10, 50, 50, 16, 0, true, 49, false, 30001260023, 86, 96624816
3, 4, 10, 10, 50, 50, 16, 0, true, 50, false, 30001174599, 86, 96704224
3, 4, 10, 10, 50, 50, 16, 0, true, 51, false, 30001331645, 86, 96640840
3, 4, 10, 10, 50, 50, 16, 0, true, 52, false, 30001202517, 86, 96639216
3, 4, 10, 10, 50, 50, 16, 0, true, 53, false, 30001234066, 86, 122410176
3, 4, 10, 10, 50, 50, 16, 0, true, 54, false, 30001238804, 86, 96649632
3, 4, 10, 10, 50, 50, 16, 0, true, 55, false, 30001326709, 86, 96655760
3, 4, 10, 10, 50, 50, 16, 0, true, 56, false, 30001277994, 86, 122395088
3, 4, 10, 10, 50, 50, 16, 0, true, 57, false, 30001202837, 86, 96649352
3, 4, 10, 10, 50, 50, 16, 0, true, 58, false, 30001178519, 86, 96671840
3, 4, 10, 10, 50, 50, 16, 0, true, 59, false, 30001202522, 86, 96669776
3, 4, 10, 10, 50, 50, 16, 0, true, 60, false, 30001223085, 86, 96653984
3, 4, 10, 10, 50, 50, 16, 0, true, 61, false, 30001264017, 86, 96690672
3, 4, 10, 10, 50, 50, 16, 0, true, 62, false, 30001225751, 86, 96666856
3, 4, 10, 10, 50, 50, 16, 0, true, 63, false, 30001172504, 86, 96651752
3, 4, 10, 10, 50, 50, 16, 0, true, 64, false, 30001232997, 86, 96682664
3, 4, 10, 10, 50, 50, 16, 0, true, 65, false, 30001236076, 86, 96678096
3, 4, 10, 10, 50, 50, 16, 0, true, 66, false, 30001232914, 86, 96652368
3, 4, 10, 10, 50, 50, 16, 0, true, 67, false, 30001200427, 86, 122404680
3, 4, 10, 10, 50, 50, 16, 0, true, 68, false, 30001229617, 86, 96670496
3, 4, 10, 10, 50, 50, 16, 0, true, 69, false, 30001197240, 86, 96652744
3, 4, 10, 10, 50, 50, 16, 0, true, 70, false, 30001189664, 86, 122400664
3, 4, 10, 10, 50, 50, 16, 0, true, 71, false, 30001183369, 86, 96670640
3, 4, 10, 10, 50, 50, 16, 0, true, 72, false, 30001166995, 86, 122413760
3, 4, 10, 10, 50, 50, 16, 0, true, 73, false, 30001189807, 86, 96672848
3, 4, 10, 10, 50, 50, 16, 0, true, 74, false, 30001235565, 86, 96677120
3, 4, 10, 10, 50, 50, 16, 0, true, 75, false, 30001237905, 86, 96644384
3, 4, 10, 10, 50, 50, 16, 0, true, 76, false, 30001208239, 86, 96683528
3, 4, 10, 10, 50, 50, 16, 0, true, 77, false, 30001219026, 86, 96681064
3, 4, 10, 10, 50, 50, 16, 0, true, 78, false, 30001249700, 86, 122401712
3, 4, 10, 10, 50, 50, 16, 0, true, 79, false, 30001268935, 86, 96653096
3, 4, 10, 10, 50, 50, 16, 0, true, 80, false, 30001248824, 86, 122434232
3, 4, 10, 10, 50, 50, 16, 0, true, 81, false, 30001225809, 76, 122391528
3, 4, 10, 10, 50, 50, 16, 0, true, 82, false, 30001248588, 86, 96626688
3, 4, 10, 10, 50, 50, 16, 0, true, 83, false, 30001241194, 86, 96644784
3, 4, 10, 10, 50, 50, 16, 0, true, 84, false, 30001309288, 76, 96647816
3, 4, 10, 10, 50, 50, 16, 0, true, 85, false, 30001213945, 86, 96677728
3, 4, 10, 10, 50, 50, 16, 0, true, 86, false, 30001241985, 86, 96644928
3, 4, 10, 10, 50, 50, 16, 0, true, 87, false, 30001206584, 86, 122434080
3, 4, 10, 10, 50, 50, 16, 0, true, 88, false, 30001199883, 86, 122414456
3, 4, 10, 10, 50, 50, 16, 0, true, 89, false, 30001196107, 86, 96627024
3, 4, 10, 10, 50, 50, 16, 0, true, 90, false, 30001151734, 86, 96671552
3, 4, 10, 10, 50, 50, 16, 0, true, 91, false, 30001277448, 86, 96651592
3, 4, 10, 10, 50, 50, 16, 0, true, 92, false, 30001248575, 78, 96645216
3, 4, 10, 10, 50, 50, 16, 0, true, 93, false, 30001193130, 86, 96676792
3, 4, 10, 10, 50, 50, 16, 0, true, 94, false, 30001217938, 86, 122379664
3, 4, 10, 10, 50, 50, 16, 0, true, 95, false, 30001206645, 78, 122392776
3, 4, 10, 10, 50, 50, 16, 0, true, 96, false, 30001191377, 86, 122446560
3, 4, 10, 10, 50, 50, 16, 0, true, 97, false, 30001239624, 86, 96671888
3, 4, 10, 10, 50, 50, 16, 0, true, 98, false, 30001219859, 86, 96672224
3, 4, 10, 10, 50, 50, 16, 0, true, 99, false, 30001270488, 86, 122417160
3, 4, 10, 10, 50, 50, 17, 0, true, 0, false, 30001211555, 97, 96693376
3, 4, 10, 10, 50, 50, 17, 0, true, 1, false, 30001273415, 97, 96639984
3, 4, 10, 10, 50, 50, 17, 0, true, 2, false, 30001258201, 97, 96654496
3, 4, 10, 10, 50, 50, 17, 0, true, 3, false, 30001258611, 97, 96666512
3, 4, 10, 10, 50, 50, 17, 0, true, 4, false, 30001278583, 97, 96622080
3, 4, 10, 10, 50, 50, 17, 0, true, 5, false, 30001218334, 97, 96605288
3, 4, 10, 10, 50, 50, 17, 0, true, 6, false, 30001193517, -1, 122398320
3, 4, 10, 10, 50, 50, 17, 0, true, 7, false, 30001281495, 86, 96685648
3, 4, 10, 10, 50, 50, 17, 0, true, 8, false, 30001239332, 97, 96622272
3, 4, 10, 10, 50, 50, 17, 0, true, 9, false, 30001211703, 97, 96638248
3, 4, 10, 10, 50, 50, 17, 0, true, 10, false, 30001246846, 97, 96679496
3, 4, 10, 10, 50, 50, 17, 0, true, 11, false, 30001281996, 97, 122400432
3, 4, 10, 10, 50, 50, 17, 0, true, 12, false, 30001288243, 97, 96653120
3, 4, 10, 10, 50, 50, 17, 0, true, 13, false, 30001207823, 97, 96657632
3, 4, 10, 10, 50, 50, 17, 0, true, 14, false, 30001262326, 97, 96677400
3, 4, 10, 10, 50, 50, 17, 0, true, 15, false, 30001257466, 97, 96686032
3, 4, 10, 10, 50, 50, 17, 0, true, 16, false, 30001253562, 97, 96667136
3, 4, 10, 10, 50, 50, 17, 0, true, 17, false, 30001417410, -1, 96622704
3, 4, 10, 10, 50, 50, 17, 0, true, 18, false, 30001233998, 97, 148035760
3, 4, 10, 10, 50, 50, 17, 0, true, 19, false, 30001294018, 97, 96671496
3, 4, 10, 10, 50, 50, 17, 0, true, 20, false, 30001976886, 97, 122398992
3, 4, 10, 10, 50, 50, 17, 0, true, 21, false, 30001288846, 97, 96622896
