1000, 0, false, 1003997701, -1, 390014168
1000, 1, true, 1003777631, 46, 104322784
1000, 2, true, 1004115744, 67, 104358672
1000, 3, true, 1003967072, 38, 104314080
1000, 4, true, 1003965244, 63, 104314128
1000, 5, true, 1003994054, 91, 104333888
1000, 6, false, 1003992826, -1, 127575504
1000, 7, true, 1003948338, 61, 104389280
1000, 8, true, 1003876293, 52, 104353816
1000, 9, true, 1004009864, 71, 104378280
2000, 0, true, 2004012313, 54, 104402608
2000, 1, true, 2003968785, 92, 104313896
2000, 2, true, 2003859547, 78, 104379480
2000, 3, false, 2003936482, -1, 104410992
2000, 4, true, 2004038081, 75, 104368792
2000, 5, true, 2003955780, 70, 104350928
2000, 6, true, 2003973929, 51, 104354688
2000, 7, true, 2003960539, 68, 104452528
2000, 8, false, 2004034762, -1, 104384296
2000, 9, true, 2004038213, 69, 104374056
3000, 0, true, 3003981165, 56, 104415312
3000, 1, true, 3003903736, 72, 104423040
3000, 2, false, 3003943860, -1, 104429768
3000, 3, true, 3003908272, 72, 104431624
3000, 4, false, 3004135219, -1, 104397096
3000, 5, true, 3003803648, 74, 0
3000, 6, true, 3004106089, 53, 104435976
3000, 7, true, 3003908679, 70, 127687824
3000, 8, true, 3003965770, 89, 104450448
3000, 9, false, 3004311577, -1, 104474024
4000, 0, true, 4003900975, 55, 104507520
4000, 1, false, 4004197195, -1, 104652752
4000, 2, true, 4004143282, 87, 104635392
4000, 3, false, 4003885746, -1, 127820680
4000, 4, true, 4004062716, 70, 104586416
4000, 5, true, 4004027475, 71, 104634768
4000, 6, true, 4003890596, 76, 104588728
4000, 7, true, 4003924321, 74, 104623344
4000, 8, true, 4003935776, 76, 104616456
4000, 9, false, 4004013212, -1, 104577640
5000, 0, true, 5003917183, 82, 104615680
5000, 1, true, 5003861017, 86, 104523624
5000, 2, false, 5003955083, -1, 127793648
5000, 3, false, 5003875788, -1, 104567600
5000, 4, true, 5003910094, 76, 104615392
5000, 5, true, 5003824726, 55, 127801448
5000, 6, true, 5003839355, 75, 104602432
5000, 7, false, 5003978190, -1, 0
5000, 8, true, 5003948733, 76, 104613760
5000, 9, true, 5003940793, 98, 104595640
6000, 0, false, 6003827041, -1, 104582912
6000, 1, true, 6004017482, 78, 104526952
6000, 2, true, 6003986975, 64, 104605856
6000, 3, false, 6004126188, -1, 104598680
6000, 4, false, 6004031432, -1, 104527720
6000, 5, true, 6003856522, 66, 104605712
6000, 6, true, 6003856304, 98, 104600360
6000, 7, false, 6003901423, -1, 104596120
6000, 8, true, 6003897582, 80, 127800880
6000, 9, true, 6004015877, 69, 104572352
7000, 0, true, 7003781568, 81, 104587776
7000, 1, true, 7004022151, 87, 104607056
7000, 2, true, 7003995121, 82, 104631984
7000, 3, false, 7003888444, -1, 104619920
7000, 4, false, 7004060678, -1, 104556256
7000, 5, false, 7004024409, -1, 104576016
7000, 6, false, 7003981613, -1, 104557632
7000, 7, true, 7003931077, 89, 104610160
7000, 8, true, 7003975836, 91, 104605896
7000, 9, true, 7003854714, 85, 104565248
8000, 0, false, 8003812762, -1, 104598064
8000, 1, true, 8003936052, 104, 104538776
8000, 2, true, 8003854405, 78, 104538824
8000, 3, true, 8003898092, 78, 104564960
8000, 4, true, 8003784331, 70, 104538920
8000, 5, true, 8004031066, 81, 127807744
8000, 6, true, 8003811430, 110, 104588912
8000, 7, false, 8003944930, -1, 104546872
8000, 8, true, 8003793854, 90, 104579976
8000, 9, false, 8003849475, -1, 127819024
9000, 0, false, 9003814051, -1, 104605872
9000, 1, true, 9003890044, 65, 104625152
9000, 2, true, 9003946768, 82, 104589688
9000, 3, true, 9003951252, 102, 104572768
9000, 4, true, 9003867771, 80, 127769096
9000, 5, false, 9003815308, -1, 127839144
9000, 6, false, 9003938304, -1, 127839288
9000, 7, true, 9003970180, 71, 104625440
9000, 8, true, 9003914979, 88, 104615496
9000, 9, true, 9003901333, 90, 104614440
10000, 0, true, 10004025610, 73, 104638640
10000, 1, true, 10003985421, 85, 104546584
10000, 2, false, 10003943738, -1, 104625200
10000, 3, true, 10003907085, 78, 104666800
10000, 4, true, 10003879720, 122, 104604944
10000, 5, true, 10003893678, 87, 104624704
10000, 6, true, 10003935816, 98, 104650216
10000, 7, false, 10007868931, -1, 104614696
10000, 8, true, 10004060587, 81, 104905960
10000, 9, true, 10004577932, 70, 104823912
11000, 0, true, 11003963175, 78, 104881536
11000, 1, true, 11003845534, 71, 104901840
11000, 2, true, 11003951229, 74, 104894952
11000, 3, false, 11004054095, -1, 104856136
11000, 4, false, 11003945213, -1, 104890888
11000, 5, true, 11004022295, 76, 104902032
11000, 6, true, 11004034450, 70, 104918176
11000, 7, false, 11003925981, -1, 104902128
11000, 8, true, 11003909305, 77, 104866664
11000, 9, false, 11003945873, -1, 104891128
12000, 0, true, 12003856513, 58, 104882560
12000, 1, true, 12003887558, 71, 104914896
12000, 2, true, 12003934948, 71, 104900088
12000, 3, true, 12003851714, 65, 104890840
12000, 4, true, 12003940791, 85, 104857712
12000, 5, true, 12003964523, 89, 104890936
12000, 6, true, 12003992117, 88, 128104704
12000, 7, false, 12004120175, -1, 104867424
12000, 8, true, 12003893939, 98, 104916464
12000, 9, false, 12003885466, -1, 104913384
13000, 0, true, 13004016553, 68, 104896464
13000, 1, false, 13003972045, -1, 104882976
13000, 2, true, 13003736125, 94, 104905800
13000, 3, false, 13003984875, -1, 104847960
13000, 4, true, 13003854791, 66, 104870088
13000, 5, true, 13003808860, 85, 104883408
13000, 6, true, 13003960514, 80, 104915984
13000, 7, true, 13004240194, 83, 104880520
13000, 8, true, 13003910369, 81, 105004112
13000, 9, false, 13003915179, -1, 104938624
14000, 0, true, 14003819590, 70, 105006256
14000, 1, true, 14003971868, 66, 104973056
14000, 2, true, 14003934704, 73, 104914344
14000, 3, true, 14003904644, 91, 104960192
14000, 4, true, 14003909759, 90, 128194800
14000, 5, false, 14003902652, -1, 104980024
14000, 6, true, 14003914914, 98, 104990696
14000, 7, true, 14003894929, 76, 104947352
14000, 8, true, 14003917001, 86, 128186688
14000, 9, false, 14004006884, -1, 104990736
15000, 0, true, 15003954991, 67, 104973584
15000, 1, true, 15004029409, 82, 104979832
15000, 2, true, 15003931385, 92, 128206816
15000, 3, false, 15003896596, -1, 104971304
15000, 4, true, 15004010459, 87, 128188720
15000, 5, true, 15004041181, 82, 128362224
15000, 6, true, 15005202718, 99, 128349600
15000, 7, true, 15003846705, 81, 128397648
15000, 8, true, 15003891958, 70, 105139008
15000, 9, true, 15004097236, 56, 128376608
16000, 0, false, 16003921868, -1, 105223184
16000, 1, true, 16003968724, 91, 105134328
16000, 2, true, 16003850811, 90, 128415568
16000, 3, false, 16003947804, -1, 128426368
16000, 4, true, 16003881889, 93, 105213056
16000, 5, true, 16003882200, 75, 128414960
16000, 6, true, 16003859943, 89, 105211272
16000, 7, true, 16003861967, 87, 128415808
16000, 8, true, 16003839860, 90, 128393968
16000, 9, true, 16003942940, 99, 105160800
17000, 0, true, 17003814490, 61, 105193616
17000, 1, true, 17003892116, 93, 105134328
17000, 2, false, 17003846242, -1, 128415568
17000, 3, true, 17003940112, 98, 128436784
17000, 4, true, 17003868074, 90, 128436920
17000, 5, false, 17003884336, -1, 105211136
17000, 6, true, 17003988432, 82, 128406616
17000, 7, true, 17003926710, 88, 128427144
17000, 8, false, 17003913071, -1, 105210656
17000, 9, false, 17003865243, -1, 128415904
18000, 0, false, 18003894829, -1, 105193616
18000, 1, true, 18003975255, 83, 105212912
18000, 2, true, 18003894404, 91, 105210200
18000, 3, false, 18003970377, -1, 128408056
18000, 4, false, 18003889703, -1, 128441960
18000, 5, false, 18003901579, -1, 105182784
18000, 6, false, 18003948192, -1, 105172376
18000, 7, false, 18003891504, -1, 128412328
18000, 8, true, 18003993353, 82, 128435280
18000, 9, true, 18003895942, 83, 128435328
19000, 0, true, 19004030114, 77, 105235392
19000, 1, false, 19003843802, -1, 105176104
19000, 2, true, 19003923682, 88, 128401040
19000, 3, false, 19004073061, -1, 105139192
19000, 4, true, 19003884625, 70, 128420064
19000, 5, false, 19003939128, -1, 105215632
19000, 6, false, 19003872620, -1, 128420160
19000, 7, true, 19003797878, 85, 128439928
19000, 8, true, 19003859470, 91, 105182376
19000, 9, true, 19003885958, 71, 128411160
20000, 0, false, 20003998754, -1, 105198016
20000, 1, true, 20003878277, 74, 128361096
20000, 2, true, 20003980824, 90, 105181944
20000, 3, true, 20003974634, 59, 128420016
20000, 4, false, 20003909391, -1, 128438368
20000, 5, false, 20004106441, -1, 105215024
20000, 6, true, 20003992913, 65, 105191752
20000, 7, true, 20003897149, 102, 128438416
20000, 8, true, 20003940341, 82, 105233088
20000, 9, true, 20003957151, 62, 128429368
21000, 0, false, 21003917109, -1, 105216224
21000, 1, false, 21003954494, -1, 105222472
21000, 2, true, 21004209115, 82, 105246144
21000, 3, false, 21003917172, -1, 105255336
21000, 4, false, 21003946200, -1, 128449720
21000, 5, true, 21003949965, 74, 128459408
21000, 6, true, 21004017485, 82, 105200576
21000, 7, true, 21003859912, 102, 128405648
21000, 8, true, 21003901011, 78, 128449128
21000, 9, true, 21003851261, 79, 128459592
22000, 0, true, 22003909894, 104, 105248992
22000, 1, true, 22003784851, 92, 105156936
22000, 2, true, 22003864789, 82, 105156984
22000, 3, true, 22003933787, 91, 128478384
22000, 4, false, 22003837641, -1, 105207816
22000, 5, false, 22003890910, -1, 128478480
22000, 6, true, 22003834780, 80, 105286432
22000, 7, false, 22003987425, -1, 128463864
22000, 8, true, 22003913688, 82, 105269056
22000, 9, true, 22003965792, 105, 105273592
23000, 0, true, 23003929704, 110, 105289152
23000, 1, true, 23003936606, 88, 128394120
23000, 2, true, 23003919728, 74, 105183056
23000, 3, true, 23003869894, 90, 105172088
23000, 4, false, 23003997034, -1, 128420320
23000, 5, true, 23003982539, 78, 105182488
23000, 6, true, 23003861689, 99, 105139224
23000, 7, true, 23003751122, 91, 128420464
23000, 8, true, 23003912307, 81, 105204856
23000, 9, true, 23003924530, 94, 105149944
24000, 0, true, 24003832765, 64, 105198272
24000, 1, true, 24003877355, 83, 128394120
24000, 2, true, 24003895696, 98, 105223704
24000, 3, true, 24003947845, 87, 105144016
24000, 4, false, 24003842179, -1, 128296224
24000, 5, true, 24003817924, 94, 128307688
24000, 6, true, 24003927879, 91, 105081416
24000, 7, false, 24004121034, -1, 105105656
24000, 8, true, 24004001504, 77, 105060440
24000, 9, false, 24003895870, -1, 105082968
25000, 0, true, 25003859649, 77, 105109104
25000, 1, true, 25003981040, 112, 105082584
25000, 2, true, 25003818659, 94, 128308952
25000, 3, true, 25003901763, 112, 105093856
25000, 4, true, 25003918532, 67, 105082728
25000, 5, true, 25003870405, 94, 128325040
25000, 6, true, 25003901983, 85, 128351440
25000, 7, true, 25003948759, 79, 128343040
25000, 8, true, 25004066830, 71, 105094656
25000, 9, true, 25003875678, 109, 128332016
26000, 0, false, 26003956839, -1, 105109728
26000, 1, true, 26004046526, 98, 105138224
26000, 2, false, 26003926988, -1, 105102744
26000, 3, true, 26003807227, 88, 128353240
26000, 4, true, 26003913622, 99, 105085872
26000, 5, true, 26003952583, 80, 105059832
26000, 6, true, 26003880548, 80, 105079488
26000, 7, false, 26004021587, -1, 105086216
26000, 8, false, 26004002859, -1, 105079584
26000, 9, true, 26004095709, 91, 105119080
27000, 0, true, 27003800469, 91, 105145216
27000, 1, true, 27003989435, 90, 128308296
27000, 2, true, 27003895819, 100, 105095112
27000, 3, true, 27004113535, 91, 105053256
27000, 4, true, 27003906627, 99, 105118840
27000, 5, true, 27003968262, 85, 128355624
27000, 6, true, 27003913150, 101, 105164752
27000, 7, true, 27003911000, 109, 128320136
27000, 8, true, 27003957314, 81, 128354272
27000, 9, true, 27003877409, 99, 105120360
28000, 0, true, 28003937931, 98, 105146496
28000, 1, true, 28004018081, 101, 128310856
28000, 2, true, 28004005085, 80, 105120672
28000, 3, true, 28003865124, 91, 105154792
28000, 4, false, 28003830487, -1, 105116072
28000, 5, true, 28003882057, 109, 128352104
28000, 6, true, 28003924500, 92, 128385616
28000, 7, true, 28003972471, 98, 105134208
28000, 8, true, 28003959087, 90, 128312720
28000, 9, true, 28004035716, 83, 128325032
29000, 0, false, 29003941080, -1, 105102048
29000, 1, true, 29003863330, 82, 105114440
29000, 2, true, 29003917602, 101, 128318592
29000, 3, true, 29003854550, 100, 128385224
29000, 4, false, 29003779233, -1, 105124864
29000, 5, true, 29003870449, 102, 128363056
29000, 6, true, 29003944646, 90, 128384336
29000, 7, false, 29003910663, -1, 128384096
29000, 8, true, 29003835951, 74, 128375464
29000, 9, true, 29003841750, 82, 128384352
30000, 0, false, 30003967643, -1, 105173728
30000, 1, false, 30003946022, -1, 128336808
30000, 2, false, 30003941742, -1, 128373328
30000, 3, true, 30003850291, 101, 128351528
30000, 4, true, 30003989229, 123, 128373424
30000, 5, true, 30003912927, 103, 128385368
30000, 6, true, 30003829947, 99, 128318840
30000, 7, true, 30003875203, 90, 127193184
30000, 8, true, 30003920202, 98, 127171576
30000, 9, true, 30003853485, 88, 127225312
