3, 4, 10, 10, 50, 50, 5, false, true, 0, 6335761
3, 4, 10, 10, 50, 50, 5, false, true, 1, 6217679
3, 4, 10, 10, 50, 50, 5, false, true, 2, 6300756
3, 4, 10, 10, 50, 50, 5, false, true, 3, 6230237
3, 4, 10, 10, 50, 50, 5, false, true, 4, 6301434
3, 4, 10, 10, 50, 50, 5, false, true, 5, 6228274
3, 4, 10, 10, 50, 50, 5, false, true, 6, 6267963
3, 4, 10, 10, 50, 50, 5, false, true, 7, 6448575
3, 4, 10, 10, 50, 50, 5, false, true, 8, 6320124
3, 4, 10, 10, 50, 50, 5, false, true, 9, 6287982
3, 4, 10, 10, 50, 50, 5, false, true, 10, 6290844
3, 4, 10, 10, 50, 50, 5, false, true, 11, 6253728
3, 4, 10, 10, 50, 50, 5, false, true, 12, 6195968
3, 4, 10, 10, 50, 50, 5, false, true, 13, 6230641
3, 4, 10, 10, 50, 50, 5, false, true, 14, 6276343
3, 4, 10, 10, 50, 50, 5, false, true, 15, 6279855
3, 4, 10, 10, 50, 50, 5, false, true, 16, 6318061
3, 4, 10, 10, 50, 50, 5, false, true, 17, 6212325
3, 4, 10, 10, 50, 50, 5, false, true, 18, 6235341
3, 4, 10, 10, 50, 50, 5, false, true, 19, 6276844
3, 4, 10, 10, 50, 50, 5, false, true, 20, 6250677
3, 4, 10, 10, 50, 50, 5, false, true, 21, 6275530
3, 4, 10, 10, 50, 50, 5, false, true, 22, 6243946
3, 4, 10, 10, 50, 50, 5, false, true, 23, 6289384
3, 4, 10, 10, 50, 50, 5, false, true, 24, 6284570
3, 4, 10, 10, 50, 50, 5, false, true, 25, 6252038
3, 4, 10, 10, 50, 50, 5, false, true, 26, 6274554
3, 4, 10, 10, 50, 50, 5, false, true, 27, 6298412
3, 4, 10, 10, 50, 50, 5, false, true, 28, 6286197
3, 4, 10, 10, 50, 50, 5, false, true, 29, 9435962
3, 4, 10, 10, 50, 50, 5, false, true, 30, 6396128
3, 4, 10, 10, 50, 50, 5, false, true, 31, 6430611
3, 4, 10, 10, 50, 50, 5, false, true, 32, 6267572
3, 4, 10, 10, 50, 50, 5, false, true, 33, 6358860
3, 4, 10, 10, 50, 50, 5, false, true, 34, 6232021
3, 4, 10, 10, 50, 50, 5, false, true, 35, 6211107
3, 4, 10, 10, 50, 50, 5, false, true, 36, 6233118
3, 4, 10, 10, 50, 50, 5, false, true, 37, 6207759
3, 4, 10, 10, 50, 50, 5, false, true, 38, 6307815
3, 4, 10, 10, 50, 50, 5, false, true, 39, 6279824
3, 4, 10, 10, 50, 50, 5, false, true, 40, 6209034
3, 4, 10, 10, 50, 50, 5, false, true, 41, 6261547
3, 4, 10, 10, 50, 50, 5, false, true, 42, 6306834
3, 4, 10, 10, 50, 50, 5, false, true, 43, 6199625
3, 4, 10, 10, 50, 50, 5, false, true, 44, 6267426
3, 4, 10, 10, 50, 50, 5, false, true, 45, 6225561
3, 4, 10, 10, 50, 50, 5, false, true, 46, 6311724
3, 4, 10, 10, 50, 50, 5, false, true, 47, 6277216
3, 4, 10, 10, 50, 50, 5, false, true, 48, 6192871
3, 4, 10, 10, 50, 50, 5, false, true, 49, 6256548
3, 4, 10, 10, 50, 50, 5, false, true, 50, 6198198
3, 4, 10, 10, 50, 50, 5, false, true, 51, 6230046
3, 4, 10, 10, 50, 50, 5, false, true, 52, 6221417
3, 4, 10, 10, 50, 50, 5, false, true, 53, 6244457
3, 4, 10, 10, 50, 50, 5, false, true, 54, 6320979
3, 4, 10, 10, 50, 50, 5, false, true, 55, 6253145
3, 4, 10, 10, 50, 50, 5, false, true, 56, 6240709
3, 4, 10, 10, 50, 50, 5, false, true, 57, 6261326
3, 4, 10, 10, 50, 50, 5, false, true, 58, 6255207
3, 4, 10, 10, 50, 50, 5, false, true, 59, 6217708
3, 4, 10, 10, 50, 50, 5, false, true, 60, 6229043
3, 4, 10, 10, 50, 50, 5, false, true, 61, 9640625
3, 4, 10, 10, 50, 50, 5, false, true, 62, 6281336
3, 4, 10, 10, 50, 50, 5, false, true, 63, 6261357
3, 4, 10, 10, 50, 50, 5, false, true, 64, 6228147
3, 4, 10, 10, 50, 50, 5, false, true, 65, 6183213
3, 4, 10, 10, 50, 50, 5, false, true, 66, 6266040
3, 4, 10, 10, 50, 50, 5, false, true, 67, 6273257
3, 4, 10, 10, 50, 50, 5, false, true, 68, 6246778
3, 4, 10, 10, 50, 50, 5, false, true, 69, 6327096
3, 4, 10, 10, 50, 50, 5, false, true, 70, 6253913
3, 4, 10, 10, 50, 50, 5, false, true, 71, 6254792
3, 4, 10, 10, 50, 50, 5, false, true, 72, 6241450
3, 4, 10, 10, 50, 50, 5, false, true, 73, 6260520
3, 4, 10, 10, 50, 50, 5, false, true, 74, 6248889
3, 4, 10, 10, 50, 50, 5, false, true, 75, 6264001
3, 4, 10, 10, 50, 50, 5, false, true, 76, 6265173
3, 4, 10, 10, 50, 50, 5, false, true, 77, 6344585
3, 4, 10, 10, 50, 50, 5, false, true, 78, 6302181
3, 4, 10, 10, 50, 50, 5, false, true, 79, 6238941
3, 4, 10, 10, 50, 50, 5, false, true, 80, 6256724
3, 4, 10, 10, 50, 50, 5, false, true, 81, 6303258
3, 4, 10, 10, 50, 50, 5, false, true, 82, 6189229
3, 4, 10, 10, 50, 50, 5, false, true, 83, 6267426
3, 4, 10, 10, 50, 50, 5, false, true, 84, 6492504
3, 4, 10, 10, 50, 50, 5, false, true, 85, 6394673
3, 4, 10, 10, 50, 50, 5, false, true, 86, 6410369
3, 4, 10, 10, 50, 50, 5, false, true, 87, 6208364
3, 4, 10, 10, 50, 50, 5, false, true, 88, 6297406
3, 4, 10, 10, 50, 50, 5, false, true, 89, 6229573
3, 4, 10, 10, 50, 50, 5, false, true, 90, 6195792
3, 4, 10, 10, 50, 50, 5, false, true, 91, 6278789
3, 4, 10, 10, 50, 50, 5, false, true, 92, 6236781
3, 4, 10, 10, 50, 50, 5, false, true, 93, 6371628
3, 4, 10, 10, 50, 50, 5, false, true, 94, 6252464
3, 4, 10, 10, 50, 50, 5, false, true, 95, 6242354
3, 4, 10, 10, 50, 50, 5, false, true, 96, 6269250
3, 4, 10, 10, 50, 50, 5, false, true, 97, 6240596
3, 4, 10, 10, 50, 50, 5, false, true, 98, 6223128
3, 4, 10, 10, 50, 50, 5, false, true, 99, 9986978
3, 4, 10, 10, 50, 50, 6, false, true, 0, 8673977
3, 4, 10, 10, 50, 50, 6, false, true, 1, 8279068
3, 4, 10, 10, 50, 50, 6, false, true, 2, 8406290
3, 4, 10, 10, 50, 50, 6, false, true, 3, 7985468
3, 4, 10, 10, 50, 50, 6, false, true, 4, 8343235
3, 4, 10, 10, 50, 50, 6, false, true, 5, 7818577
3, 4, 10, 10, 50, 50, 6, false, true, 6, 8403769
3, 4, 10, 10, 50, 50, 6, false, true, 7, 7957757
3, 4, 10, 10, 50, 50, 6, false, true, 8, 8340358
3, 4, 10, 10, 50, 50, 6, false, true, 9, 7938837
3, 4, 10, 10, 50, 50, 6, false, true, 10, 8320184
3, 4, 10, 10, 50, 50, 6, false, true, 11, 7968434
3, 4, 10, 10, 50, 50, 6, false, true, 12, 8458788
3, 4, 10, 10, 50, 50, 6, false, true, 13, 7949603
3, 4, 10, 10, 50, 50, 6, false, true, 14, 8341218
3, 4, 10, 10, 50, 50, 6, false, true, 15, 7530710
3, 4, 10, 10, 50, 50, 6, false, true, 16, 8378741
3, 4, 10, 10, 50, 50, 6, false, true, 17, 7944136
3, 4, 10, 10, 50, 50, 6, false, true, 18, 8466945
3, 4, 10, 10, 50, 50, 6, false, true, 19, 7924496
3, 4, 10, 10, 50, 50, 6, false, true, 20, 8353689
3, 4, 10, 10, 50, 50, 6, false, true, 21, 7663899
3, 4, 10, 10, 50, 50, 6, false, true, 22, 7976484
3, 4, 10, 10, 50, 50, 6, false, true, 23, 7564497
3, 4, 10, 10, 50, 50, 6, false, true, 24, 8235181
3, 4, 10, 10, 50, 50, 6, false, true, 25, 8342897
3, 4, 10, 10, 50, 50, 6, false, true, 26, 7773912
3, 4, 10, 10, 50, 50, 6, false, true, 27, 8254799
3, 4, 10, 10, 50, 50, 6, false, true, 28, 8337907
3, 4, 10, 10, 50, 50, 6, false, true, 29, 8275910
3, 4, 10, 10, 50, 50, 6, false, true, 30, 8433205
3, 4, 10, 10, 50, 50, 6, false, true, 31, 8338290
3, 4, 10, 10, 50, 50, 6, false, true, 32, 8302409
3, 4, 10, 10, 50, 50, 6, false, true, 33, 7812019
3, 4, 10, 10, 50, 50, 6, false, true, 34, 8381059
3, 4, 10, 10, 50, 50, 6, false, true, 35, 8307122
3, 4, 10, 10, 50, 50, 6, false, true, 36, 8393752
3, 4, 10, 10, 50, 50, 6, false, true, 37, 7985888
3, 4, 10, 10, 50, 50, 6, false, true, 38, 7916774
3, 4, 10, 10, 50, 50, 6, false, true, 39, 7739290
3, 4, 10, 10, 50, 50, 6, false, true, 40, 7921789
3, 4, 10, 10, 50, 50, 6, false, true, 41, 8395172
3, 4, 10, 10, 50, 50, 6, false, true, 42, 8047177
3, 4, 10, 10, 50, 50, 6, false, true, 43, 8464057
3, 4, 10, 10, 50, 50, 6, false, true, 44, 8035214
3, 4, 10, 10, 50, 50, 6, false, true, 45, 11205349
3, 4, 10, 10, 50, 50, 6, false, true, 46, 7693903
3, 4, 10, 10, 50, 50, 6, false, true, 47, 8374294
3, 4, 10, 10, 50, 50, 6, false, true, 48, 8171470
3, 4, 10, 10, 50, 50, 6, false, true, 49, 8416768
3, 4, 10, 10, 50, 50, 6, false, true, 50, 8386316
3, 4, 10, 10, 50, 50, 6, false, true, 51, 8260023
3, 4, 10, 10, 50, 50, 6, false, true, 52, 8342453
3, 4, 10, 10, 50, 50, 6, false, true, 53, 8275650
3, 4, 10, 10, 50, 50, 6, false, true, 54, 8430288
3, 4, 10, 10, 50, 50, 6, false, true, 55, 7751936
3, 4, 10, 10, 50, 50, 6, false, true, 56, 8305429
3, 4, 10, 10, 50, 50, 6, false, true, 57, 7756102
3, 4, 10, 10, 50, 50, 6, false, true, 58, 8368578
3, 4, 10, 10, 50, 50, 6, false, true, 59, 7761095
3, 4, 10, 10, 50, 50, 6, false, true, 60, 8494792
3, 4, 10, 10, 50, 50, 6, false, true, 61, 8529963
3, 4, 10, 10, 50, 50, 6, false, true, 62, 7997407
3, 4, 10, 10, 50, 50, 6, false, true, 63, 8279411
3, 4, 10, 10, 50, 50, 6, false, true, 64, 8006548
3, 4, 10, 10, 50, 50, 6, false, true, 65, 8285361
3, 4, 10, 10, 50, 50, 6, false, true, 66, 7918618
3, 4, 10, 10, 50, 50, 6, false, true, 67, 8273214
3, 4, 10, 10, 50, 50, 6, false, true, 68, 7995269
3, 4, 10, 10, 50, 50, 6, false, true, 69, 8263590
3, 4, 10, 10, 50, 50, 6, false, true, 70, 7963262
3, 4, 10, 10, 50, 50, 6, false, true, 71, 8240578
3, 4, 10, 10, 50, 50, 6, false, true, 72, 8454913
3, 4, 10, 10, 50, 50, 6, false, true, 73, 7780181
3, 4, 10, 10, 50, 50, 6, false, true, 74, 8344214
3, 4, 10, 10, 50, 50, 6, false, true, 75, 7732893
3, 4, 10, 10, 50, 50, 6, false, true, 76, 8353334
3, 4, 10, 10, 50, 50, 6, false, true, 77, 7905503
3, 4, 10, 10, 50, 50, 6, false, true, 78, 8415643
3, 4, 10, 10, 50, 50, 6, false, true, 79, 7736452
3, 4, 10, 10, 50, 50, 6, false, true, 80, 8357201
3, 4, 10, 10, 50, 50, 6, false, true, 81, 7949825
3, 4, 10, 10, 50, 50, 6, false, true, 82, 8370634
3, 4, 10, 10, 50, 50, 6, false, true, 83, 7906330
3, 4, 10, 10, 50, 50, 6, false, true, 84, 8057051
3, 4, 10, 10, 50, 50, 6, false, true, 85, 8280567
3, 4, 10, 10, 50, 50, 6, false, true, 86, 7749595
3, 4, 10, 10, 50, 50, 6, false, true, 87, 8262813
3, 4, 10, 10, 50, 50, 6, false, true, 88, 7654861
3, 4, 10, 10, 50, 50, 6, false, true, 89, 8320075
3, 4, 10, 10, 50, 50, 6, false, true, 90, 7807760
3, 4, 10, 10, 50, 50, 6, false, true, 91, 8307523
3, 4, 10, 10, 50, 50, 6, false, true, 92, 7942369
3, 4, 10, 10, 50, 50, 6, false, true, 93, 8253701
3, 4, 10, 10, 50, 50, 6, false, true, 94, 8534332
3, 4, 10, 10, 50, 50, 6, false, true, 95, 8360157
3, 4, 10, 10, 50, 50, 6, false, true, 96, 8407950
3, 4, 10, 10, 50, 50, 6, false, true, 97, 7791557
3, 4, 10, 10, 50, 50, 6, false, true, 98, 8313252
3, 4, 10, 10, 50, 50, 6, false, true, 99, 8004954
3, 4, 10, 10, 50, 50, 7, false, true, 0, 11034411
3, 4, 10, 10, 50, 50, 7, false, true, 1, 11814787
3, 4, 10, 10, 50, 50, 7, false, true, 2, 7693638
3, 4, 10, 10, 50, 50, 7, false, true, 3, 10346373
3, 4, 10, 10, 50, 50, 7, false, true, 4, 7511935
3, 4, 10, 10, 50, 50, 7, false, true, 5, 11155396
3, 4, 10, 10, 50, 50, 7, false, true, 6, 11498819
3, 4, 10, 10, 50, 50, 7, false, true, 7, 11513194
3, 4, 10, 10, 50, 50, 7, false, true, 8, 7837979
3, 4, 10, 10, 50, 50, 7, false, true, 9, 7551254
3, 4, 10, 10, 50, 50, 7, false, true, 10, 10320136
3, 4, 10, 10, 50, 50, 7, false, true, 11, 7566923
3, 4, 10, 10, 50, 50, 7, false, true, 12, 10682551
3, 4, 10, 10, 50, 50, 7, false, true, 13, 7548341
3, 4, 10, 10, 50, 50, 7, false, true, 14, 7783655
3, 4, 10, 10, 50, 50, 7, false, true, 15, 7567650
3, 4, 10, 10, 50, 50, 7, false, true, 16, 7728212
3, 4, 10, 10, 50, 50, 7, false, true, 17, 7506657
3, 4, 10, 10, 50, 50, 7, false, true, 18, 7498423
3, 4, 10, 10, 50, 50, 7, false, true, 19, 7810508
3, 4, 10, 10, 50, 50, 7, false, true, 20, 7525232
3, 4, 10, 10, 50, 50, 7, false, true, 21, 11941226
3, 4, 10, 10, 50, 50, 7, false, true, 22, 10781322
3, 4, 10, 10, 50, 50, 7, false, true, 23, 11395430
3, 4, 10, 10, 50, 50, 7, false, true, 24, 7593201
3, 4, 10, 10, 50, 50, 7, false, true, 25, 11735306
3, 4, 10, 10, 50, 50, 7, false, true, 26, 11260438
3, 4, 10, 10, 50, 50, 7, false, true, 27, 7494028
3, 4, 10, 10, 50, 50, 7, false, true, 28, 10333528
3, 4, 10, 10, 50, 50, 7, false, true, 29, 11447055
3, 4, 10, 10, 50, 50, 7, false, true, 30, 10306838
3, 4, 10, 10, 50, 50, 7, false, true, 31, 11300595
3, 4, 10, 10, 50, 50, 7, false, true, 32, 7538687
3, 4, 10, 10, 50, 50, 7, false, true, 33, 7559879
3, 4, 10, 10, 50, 50, 7, false, true, 34, 10401988
3, 4, 10, 10, 50, 50, 7, false, true, 35, 7515861
3, 4, 10, 10, 50, 50, 7, false, true, 36, 10278488
3, 4, 10, 10, 50, 50, 7, false, true, 37, 11346056
3, 4, 10, 10, 50, 50, 7, false, true, 38, 10311068
3, 4, 10, 10, 50, 50, 7, false, true, 39, 7614007
3, 4, 10, 10, 50, 50, 7, false, true, 40, 11770095
3, 4, 10, 10, 50, 50, 7, false, true, 41, 7558978
3, 4, 10, 10, 50, 50, 7, false, true, 42, 11780305
3, 4, 10, 10, 50, 50, 7, false, true, 43, 7531023
3, 4, 10, 10, 50, 50, 7, false, true, 44, 7617738
3, 4, 10, 10, 50, 50, 7, false, true, 45, 7539384
3, 4, 10, 10, 50, 50, 7, false, true, 46, 7471878
3, 4, 10, 10, 50, 50, 7, false, true, 47, 11612838
3, 4, 10, 10, 50, 50, 7, false, true, 48, 7548961
3, 4, 10, 10, 50, 50, 7, false, true, 49, 11598076
3, 4, 10, 10, 50, 50, 7, false, true, 50, 7689784
3, 4, 10, 10, 50, 50, 7, false, true, 51, 7511246
3, 4, 10, 10, 50, 50, 7, false, true, 52, 7519555
3, 4, 10, 10, 50, 50, 7, false, true, 53, 10363103
3, 4, 10, 10, 50, 50, 7, false, true, 54, 7589346
3, 4, 10, 10, 50, 50, 7, false, true, 55, 11445751
3, 4, 10, 10, 50, 50, 7, false, true, 56, 10361709
3, 4, 10, 10, 50, 50, 7, false, true, 57, 7596715
3, 4, 10, 10, 50, 50, 7, false, true, 58, 10373689
3, 4, 10, 10, 50, 50, 7, false, true, 59, 7519869
3, 4, 10, 10, 50, 50, 7, false, true, 60, 11956577
3, 4, 10, 10, 50, 50, 7, false, true, 61, 7707940
3, 4, 10, 10, 50, 50, 7, false, true, 62, 10444464
3, 4, 10, 10, 50, 50, 7, false, true, 63, 7550140
3, 4, 10, 10, 50, 50, 7, false, true, 64, 11687826
3, 4, 10, 10, 50, 50, 7, false, true, 65, 7520118
3, 4, 10, 10, 50, 50, 7, false, true, 66, 11473848
3, 4, 10, 10, 50, 50, 7, false, true, 67, 11623896
3, 4, 10, 10, 50, 50, 7, false, true, 68, 7520526
3, 4, 10, 10, 50, 50, 7, false, true, 69, 10336242
3, 4, 10, 10, 50, 50, 7, false, true, 70, 7495543
3, 4, 10, 10, 50, 50, 7, false, true, 71, 11760728
3, 4, 10, 10, 50, 50, 7, false, true, 72, 7560562
3, 4, 10, 10, 50, 50, 7, false, true, 73, 10511862
3, 4, 10, 10, 50, 50, 7, false, true, 74, 7521262
3, 4, 10, 10, 50, 50, 7, false, true, 75, 11220016
3, 4, 10, 10, 50, 50, 7, false, true, 76, 7623194
3, 4, 10, 10, 50, 50, 7, false, true, 77, 10335470
3, 4, 10, 10, 50, 50, 7, false, true, 78, 10341553
3, 4, 10, 10, 50, 50, 7, false, true, 79, 7557127
3, 4, 10, 10, 50, 50, 7, false, true, 80, 11285451
3, 4, 10, 10, 50, 50, 7, false, true, 81, 7568984
3, 4, 10, 10, 50, 50, 7, false, true, 82, 10645875
3, 4, 10, 10, 50, 50, 7, false, true, 83, 7519038
3, 4, 10, 10, 50, 50, 7, false, true, 84, 11766408
3, 4, 10, 10, 50, 50, 7, false, true, 85, 7538514
3, 4, 10, 10, 50, 50, 7, false, true, 86, 10953175
3, 4, 10, 10, 50, 50, 7, false, true, 87, 7658652
3, 4, 10, 10, 50, 50, 7, false, true, 88, 10394922
3, 4, 10, 10, 50, 50, 7, false, true, 89, 7508670
3, 4, 10, 10, 50, 50, 7, false, true, 90, 7528197
3, 4, 10, 10, 50, 50, 7, false, true, 91, 10435092
3, 4, 10, 10, 50, 50, 7, false, true, 92, 7536639
3, 4, 10, 10, 50, 50, 7, false, true, 93, 11864896
3, 4, 10, 10, 50, 50, 7, false, true, 94, 7493875
3, 4, 10, 10, 50, 50, 7, false, true, 95, 10304076
3, 4, 10, 10, 50, 50, 7, false, true, 96, 7563511
3, 4, 10, 10, 50, 50, 7, false, true, 97, 11132505
3, 4, 10, 10, 50, 50, 7, false, true, 98, 7671894
3, 4, 10, 10, 50, 50, 7, false, true, 99, 11699515
3, 4, 10, 10, 50, 50, 8, false, true, 0, 20104303
3, 4, 10, 10, 50, 50, 8, false, true, 1, 24794489
3, 4, 10, 10, 50, 50, 8, false, true, 2, 22442986
3, 4, 10, 10, 50, 50, 8, false, true, 3, 26461561
3, 4, 10, 10, 50, 50, 8, false, true, 4, 22010212
3, 4, 10, 10, 50, 50, 8, false, true, 5, 26906999
3, 4, 10, 10, 50, 50, 8, false, true, 6, 25673572
3, 4, 10, 10, 50, 50, 8, false, true, 7, 26659807
3, 4, 10, 10, 50, 50, 8, false, true, 8, 27722743
3, 4, 10, 10, 50, 50, 8, false, true, 9, 26531996
3, 4, 10, 10, 50, 50, 8, false, true, 10, 23376421
3, 4, 10, 10, 50, 50, 8, false, true, 11, 26529823
3, 4, 10, 10, 50, 50, 8, false, true, 12, 25326968
3, 4, 10, 10, 50, 50, 8, false, true, 13, 26557635
3, 4, 10, 10, 50, 50, 8, false, true, 14, 20020104
3, 4, 10, 10, 50, 50, 8, false, true, 15, 20960575
3, 4, 10, 10, 50, 50, 8, false, true, 16, 24661594
3, 4, 10, 10, 50, 50, 8, false, true, 17, 20885458
3, 4, 10, 10, 50, 50, 8, false, true, 18, 24707494
3, 4, 10, 10, 50, 50, 8, false, true, 19, 20832233
3, 4, 10, 10, 50, 50, 8, false, true, 20, 20074333
3, 4, 10, 10, 50, 50, 8, false, true, 21, 21255500
3, 4, 10, 10, 50, 50, 8, false, true, 22, 20100842
3, 4, 10, 10, 50, 50, 8, false, true, 23, 20707685
3, 4, 10, 10, 50, 50, 8, false, true, 24, 20172650
3, 4, 10, 10, 50, 50, 8, false, true, 25, 26483209
3, 4, 10, 10, 50, 50, 8, false, true, 26, 22724351
3, 4, 10, 10, 50, 50, 8, false, true, 27, 26619714
3, 4, 10, 10, 50, 50, 8, false, true, 28, 27438900
3, 4, 10, 10, 50, 50, 8, false, true, 29, 26407022
3, 4, 10, 10, 50, 50, 8, false, true, 30, 25482821
3, 4, 10, 10, 50, 50, 8, false, true, 31, 26475301
3, 4, 10, 10, 50, 50, 8, false, true, 32, 24832354
3, 4, 10, 10, 50, 50, 8, false, true, 33, 22497641
3, 4, 10, 10, 50, 50, 8, false, true, 34, 24788253
3, 4, 10, 10, 50, 50, 8, false, true, 35, 26428771
3, 4, 10, 10, 50, 50, 8, false, true, 36, 24790173
3, 4, 10, 10, 50, 50, 8, false, true, 37, 21750065
3, 4, 10, 10, 50, 50, 8, false, true, 38, 20050451
3, 4, 10, 10, 50, 50, 8, false, true, 39, 20913641
3, 4, 10, 10, 50, 50, 8, false, true, 40, 20031238
3, 4, 10, 10, 50, 50, 8, false, true, 41, 25692283
3, 4, 10, 10, 50, 50, 8, false, true, 42, 21817869
3, 4, 10, 10, 50, 50, 8, false, true, 43, 25993768
3, 4, 10, 10, 50, 50, 8, false, true, 44, 20007124
3, 4, 10, 10, 50, 50, 8, false, true, 45, 21839254
3, 4, 10, 10, 50, 50, 8, false, true, 46, 21194562
3, 4, 10, 10, 50, 50, 8, false, true, 47, 26842957
3, 4, 10, 10, 50, 50, 8, false, true, 48, 21880574
3, 4, 10, 10, 50, 50, 8, false, true, 49, 25993324
3, 4, 10, 10, 50, 50, 8, false, true, 50, 20327917
3, 4, 10, 10, 50, 50, 8, false, true, 51, 26071934
3, 4, 10, 10, 50, 50, 8, false, true, 52, 20278781
3, 4, 10, 10, 50, 50, 8, false, true, 53, 26627345
3, 4, 10, 10, 50, 50, 8, false, true, 54, 22633983
3, 4, 10, 10, 50, 50, 8, false, true, 55, 26632795
3, 4, 10, 10, 50, 50, 8, false, true, 56, 21152638
3, 4, 10, 10, 50, 50, 8, false, true, 57, 26578843
3, 4, 10, 10, 50, 50, 8, false, true, 58, 21018485
3, 4, 10, 10, 50, 50, 8, false, true, 59, 26672670
3, 4, 10, 10, 50, 50, 8, false, true, 60, 25078504
3, 4, 10, 10, 50, 50, 8, false, true, 61, 20153813
3, 4, 10, 10, 50, 50, 8, false, true, 62, 24855897
3, 4, 10, 10, 50, 50, 8, false, true, 63, 22717111
3, 4, 10, 10, 50, 50, 8, false, true, 64, 24881009
3, 4, 10, 10, 50, 50, 8, false, true, 65, 22902879
3, 4, 10, 10, 50, 50, 8, false, true, 66, 26941243
3, 4, 10, 10, 50, 50, 8, false, true, 67, 19488189
3, 4, 10, 10, 50, 50, 8, false, true, 68, 25246288
3, 4, 10, 10, 50, 50, 8, false, true, 69, 22573017
3, 4, 10, 10, 50, 50, 8, false, true, 70, 24943540
3, 4, 10, 10, 50, 50, 8, false, true, 71, 20485520
3, 4, 10, 10, 50, 50, 8, false, true, 72, 20892045
3, 4, 10, 10, 50, 50, 8, false, true, 73, 26758758
3, 4, 10, 10, 50, 50, 8, false, true, 74, 22036145
3, 4, 10, 10, 50, 50, 8, false, true, 75, 26752285
3, 4, 10, 10, 50, 50, 8, false, true, 76, 20851423
3, 4, 10, 10, 50, 50, 8, false, true, 77, 26581492
3, 4, 10, 10, 50, 50, 8, false, true, 78, 21754037
3, 4, 10, 10, 50, 50, 8, false, true, 79, 26560737
3, 4, 10, 10, 50, 50, 8, false, true, 80, 22357407
3, 4, 10, 10, 50, 50, 8, false, true, 81, 26537760
3, 4, 10, 10, 50, 50, 8, false, true, 82, 25571493
3, 4, 10, 10, 50, 50, 8, false, true, 83, 26554958
3, 4, 10, 10, 50, 50, 8, false, true, 84, 24730319
3, 4, 10, 10, 50, 50, 8, false, true, 85, 20194354
3, 4, 10, 10, 50, 50, 8, false, true, 86, 26463402
3, 4, 10, 10, 50, 50, 8, false, true, 87, 24766605
3, 4, 10, 10, 50, 50, 8, false, true, 88, 24982478
3, 4, 10, 10, 50, 50, 8, false, true, 89, 19761732
3, 4, 10, 10, 50, 50, 8, false, true, 90, 24856929
3, 4, 10, 10, 50, 50, 8, false, true, 91, 20955074
3, 4, 10, 10, 50, 50, 8, false, true, 92, 24761814
3, 4, 10, 10, 50, 50, 8, false, true, 93, 24863492
3, 4, 10, 10, 50, 50, 8, false, true, 94, 24776057
3, 4, 10, 10, 50, 50, 8, false, true, 95, 22591294
3, 4, 10, 10, 50, 50, 8, false, true, 96, 21988113
3, 4, 10, 10, 50, 50, 8, false, true, 97, 26587821
3, 4, 10, 10, 50, 50, 8, false, true, 98, 24769526
3, 4, 10, 10, 50, 50, 8, false, true, 99, 26549842
3, 4, 10, 10, 50, 50, 9, false, true, 0, 20778706
3, 4, 10, 10, 50, 50, 9, false, true, 1, 15785443
3, 4, 10, 10, 50, 50, 9, false, true, 2, 19190446
3, 4, 10, 10, 50, 50, 9, false, true, 3, 15843819
3, 4, 10, 10, 50, 50, 9, false, true, 4, 18799802
3, 4, 10, 10, 50, 50, 9, false, true, 5, 15928155
3, 4, 10, 10, 50, 50, 9, false, true, 6, 15938589
3, 4, 10, 10, 50, 50, 9, false, true, 7, 20596049
3, 4, 10, 10, 50, 50, 9, false, true, 8, 18811136
3, 4, 10, 10, 50, 50, 9, false, true, 9, 22171939
3, 4, 10, 10, 50, 50, 9, false, true, 10, 19469152
3, 4, 10, 10, 50, 50, 9, false, true, 11, 21733045
3, 4, 10, 10, 50, 50, 9, false, true, 12, 18701921
3, 4, 10, 10, 50, 50, 9, false, true, 13, 20649126
3, 4, 10, 10, 50, 50, 9, false, true, 14, 18321500
3, 4, 10, 10, 50, 50, 9, false, true, 15, 20761235
3, 4, 10, 10, 50, 50, 9, false, true, 16, 18381813
3, 4, 10, 10, 50, 50, 9, false, true, 17, 18638858
3, 4, 10, 10, 50, 50, 9, false, true, 18, 18448927
3, 4, 10, 10, 50, 50, 9, false, true, 19, 15947577
3, 4, 10, 10, 50, 50, 9, false, true, 20, 18754866
3, 4, 10, 10, 50, 50, 9, false, true, 21, 15828506
3, 4, 10, 10, 50, 50, 9, false, true, 22, 18785607
3, 4, 10, 10, 50, 50, 9, false, true, 23, 15909587
3, 4, 10, 10, 50, 50, 9, false, true, 24, 18850595
3, 4, 10, 10, 50, 50, 9, false, true, 25, 15802771
3, 4, 10, 10, 50, 50, 9, false, true, 26, 16153819
3, 4, 10, 10, 50, 50, 9, false, true, 27, 15922823
3, 4, 10, 10, 50, 50, 9, false, true, 28, 18705202
3, 4, 10, 10, 50, 50, 9, false, true, 29, 20686212
3, 4, 10, 10, 50, 50, 9, false, true, 30, 18574269
3, 4, 10, 10, 50, 50, 9, false, true, 31, 20349059
3, 4, 10, 10, 50, 50, 9, false, true, 32, 19489288
3, 4, 10, 10, 50, 50, 9, false, true, 33, 16169955
3, 4, 10, 10, 50, 50, 9, false, true, 34, 20880374
3, 4, 10, 10, 50, 50, 9, false, true, 35, 16108594
3, 4, 10, 10, 50, 50, 9, false, true, 36, 18242907
3, 4, 10, 10, 50, 50, 9, false, true, 37, 20738676
3, 4, 10, 10, 50, 50, 9, false, true, 38, 18213703
3, 4, 10, 10, 50, 50, 9, false, true, 39, 15866323
3, 4, 10, 10, 50, 50, 9, false, true, 40, 20947081
3, 4, 10, 10, 50, 50, 9, false, true, 41, 15887281
3, 4, 10, 10, 50, 50, 9, false, true, 42, 21457259
3, 4, 10, 10, 50, 50, 9, false, true, 43, 18561207
3, 4, 10, 10, 50, 50, 9, false, true, 44, 18661707
3, 4, 10, 10, 50, 50, 9, false, true, 45, 20641884
3, 4, 10, 10, 50, 50, 9, false, true, 46, 15839738
3, 4, 10, 10, 50, 50, 9, false, true, 47, 18015320
3, 4, 10, 10, 50, 50, 9, false, true, 48, 18957190
3, 4, 10, 10, 50, 50, 9, false, true, 49, 17951016
3, 4, 10, 10, 50, 50, 9, false, true, 50, 18668390
3, 4, 10, 10, 50, 50, 9, false, true, 51, 18294836
3, 4, 10, 10, 50, 50, 9, false, true, 52, 18687726
3, 4, 10, 10, 50, 50, 9, false, true, 53, 21314722
3, 4, 10, 10, 50, 50, 9, false, true, 54, 18661364
3, 4, 10, 10, 50, 50, 9, false, true, 55, 15801997
3, 4, 10, 10, 50, 50, 9, false, true, 56, 21774901
3, 4, 10, 10, 50, 50, 9, false, true, 57, 15757288
3, 4, 10, 10, 50, 50, 9, false, true, 58, 21296327
3, 4, 10, 10, 50, 50, 9, false, true, 59, 15813328
3, 4, 10, 10, 50, 50, 9, false, true, 60, 21350201
3, 4, 10, 10, 50, 50, 9, false, true, 61, 15917996
3, 4, 10, 10, 50, 50, 9, false, true, 62, 21308403
3, 4, 10, 10, 50, 50, 9, false, true, 63, 15931284
3, 4, 10, 10, 50, 50, 9, false, true, 64, 20086810
3, 4, 10, 10, 50, 50, 9, false, true, 65, 15808947
3, 4, 10, 10, 50, 50, 9, false, true, 66, 17948865
3, 4, 10, 10, 50, 50, 9, false, true, 67, 16217044
3, 4, 10, 10, 50, 50, 9, false, true, 68, 21480657
3, 4, 10, 10, 50, 50, 9, false, true, 69, 15913829
3, 4, 10, 10, 50, 50, 9, false, true, 70, 20499554
3, 4, 10, 10, 50, 50, 9, false, true, 71, 15852015
3, 4, 10, 10, 50, 50, 9, false, true, 72, 19915155
3, 4, 10, 10, 50, 50, 9, false, true, 73, 15884652
3, 4, 10, 10, 50, 50, 9, false, true, 74, 20657806
3, 4, 10, 10, 50, 50, 9, false, true, 75, 15909062
3, 4, 10, 10, 50, 50, 9, false, true, 76, 17740702
3, 4, 10, 10, 50, 50, 9, false, true, 77, 15751901
3, 4, 10, 10, 50, 50, 9, false, true, 78, 18768341
3, 4, 10, 10, 50, 50, 9, false, true, 79, 17088865
3, 4, 10, 10, 50, 50, 9, false, true, 80, 18711864
3, 4, 10, 10, 50, 50, 9, false, true, 81, 19484684
3, 4, 10, 10, 50, 50, 9, false, true, 82, 18668378
3, 4, 10, 10, 50, 50, 9, false, true, 83, 21800401
3, 4, 10, 10, 50, 50, 9, false, true, 84, 18673888
3, 4, 10, 10, 50, 50, 9, false, true, 85, 21178033
3, 4, 10, 10, 50, 50, 9, false, true, 86, 15924140
3, 4, 10, 10, 50, 50, 9, false, true, 87, 21397658
3, 4, 10, 10, 50, 50, 9, false, true, 88, 18232245
3, 4, 10, 10, 50, 50, 9, false, true, 89, 20359991
3, 4, 10, 10, 50, 50, 9, false, true, 90, 19800181
3, 4, 10, 10, 50, 50, 9, false, true, 91, 16009973
3, 4, 10, 10, 50, 50, 9, false, true, 92, 21176747
3, 4, 10, 10, 50, 50, 9, false, true, 93, 15856788
3, 4, 10, 10, 50, 50, 9, false, true, 94, 17545717
3, 4, 10, 10, 50, 50, 9, false, true, 95, 15885570
3, 4, 10, 10, 50, 50, 9, false, true, 96, 16389092
3, 4, 10, 10, 50, 50, 9, false, true, 97, 19108122
3, 4, 10, 10, 50, 50, 9, false, true, 98, 20633887
3, 4, 10, 10, 50, 50, 9, false, true, 99, 20622838
3, 4, 10, 10, 50, 50, 10, false, true, 0, 29149217
3, 4, 10, 10, 50, 50, 10, false, true, 1, 27425956
3, 4, 10, 10, 50, 50, 10, false, true, 2, 27230629
3, 4, 10, 10, 50, 50, 10, false, true, 3, 77760707
3, 4, 10, 10, 50, 50, 10, false, true, 4, 74882960
3, 4, 10, 10, 50, 50, 10, false, true, 5, 81822711
3, 4, 10, 10, 50, 50, 10, false, true, 6, 75825363
3, 4, 10, 10, 50, 50, 10, false, true, 7, 78964136
3, 4, 10, 10, 50, 50, 10, false, true, 8, 83936043
3, 4, 10, 10, 50, 50, 10, false, true, 9, 29623081
3, 4, 10, 10, 50, 50, 10, false, true, 10, 74874792
3, 4, 10, 10, 50, 50, 10, false, true, 11, 83298809
3, 4, 10, 10, 50, 50, 10, false, true, 12, 84044415
3, 4, 10, 10, 50, 50, 10, false, true, 13, 27504144
3, 4, 10, 10, 50, 50, 10, false, true, 14, 28979955
3, 4, 10, 10, 50, 50, 10, false, true, 15, 27676652
3, 4, 10, 10, 50, 50, 10, false, true, 16, 29105374
3, 4, 10, 10, 50, 50, 10, false, true, 17, 27428632
3, 4, 10, 10, 50, 50, 10, false, true, 18, 27414760
3, 4, 10, 10, 50, 50, 10, false, true, 19, 27344591
3, 4, 10, 10, 50, 50, 10, false, true, 20, 27413992
3, 4, 10, 10, 50, 50, 10, false, true, 21, 74788844
3, 4, 10, 10, 50, 50, 10, false, true, 22, 27493914
3, 4, 10, 10, 50, 50, 10, false, true, 23, 82159992
3, 4, 10, 10, 50, 50, 10, false, true, 24, 27405624
3, 4, 10, 10, 50, 50, 10, false, true, 25, 77638160
3, 4, 10, 10, 50, 50, 10, false, true, 26, 75217168
3, 4, 10, 10, 50, 50, 10, false, true, 27, 29090878
3, 4, 10, 10, 50, 50, 10, false, true, 28, 84015005
3, 4, 10, 10, 50, 50, 10, false, true, 29, 74891293
3, 4, 10, 10, 50, 50, 10, false, true, 30, 83787734
3, 4, 10, 10, 50, 50, 10, false, true, 31, 27517687
3, 4, 10, 10, 50, 50, 10, false, true, 32, 75013677
3, 4, 10, 10, 50, 50, 10, false, true, 33, 27347654
3, 4, 10, 10, 50, 50, 10, false, true, 34, 77961331
3, 4, 10, 10, 50, 50, 10, false, true, 35, 27617227
3, 4, 10, 10, 50, 50, 10, false, true, 36, 78248852
3, 4, 10, 10, 50, 50, 10, false, true, 37, 74911168
3, 4, 10, 10, 50, 50, 10, false, true, 38, 28983116
3, 4, 10, 10, 50, 50, 10, false, true, 39, 74863434
3, 4, 10, 10, 50, 50, 10, false, true, 40, 27404576
3, 4, 10, 10, 50, 50, 10, false, true, 41, 82035687
3, 4, 10, 10, 50, 50, 10, false, true, 42, 27366315
3, 4, 10, 10, 50, 50, 10, false, true, 43, 27445749
3, 4, 10, 10, 50, 50, 10, false, true, 44, 27421838
3, 4, 10, 10, 50, 50, 10, false, true, 45, 82354050
3, 4, 10, 10, 50, 50, 10, false, true, 46, 27309320
3, 4, 10, 10, 50, 50, 10, false, true, 47, 84075683
3, 4, 10, 10, 50, 50, 10, false, true, 48, 29751568
3, 4, 10, 10, 50, 50, 10, false, true, 49, 27296348
3, 4, 10, 10, 50, 50, 10, false, true, 50, 83833489
3, 4, 10, 10, 50, 50, 10, false, true, 51, 27314934
3, 4, 10, 10, 50, 50, 10, false, true, 52, 83994834
3, 4, 10, 10, 50, 50, 10, false, true, 53, 27406118
3, 4, 10, 10, 50, 50, 10, false, true, 54, 78309340
3, 4, 10, 10, 50, 50, 10, false, true, 55, 27476636
3, 4, 10, 10, 50, 50, 10, false, true, 56, 81893583
3, 4, 10, 10, 50, 50, 10, false, true, 57, 27431895
3, 4, 10, 10, 50, 50, 10, false, true, 58, 77665224
3, 4, 10, 10, 50, 50, 10, false, true, 59, 27334248
3, 4, 10, 10, 50, 50, 10, false, true, 60, 29753973
3, 4, 10, 10, 50, 50, 10, false, true, 61, 83937225
3, 4, 10, 10, 50, 50, 10, false, true, 62, 27402898
3, 4, 10, 10, 50, 50, 10, false, true, 63, 82438049
3, 4, 10, 10, 50, 50, 10, false, true, 64, 27707924
3, 4, 10, 10, 50, 50, 10, false, true, 65, 82090384
3, 4, 10, 10, 50, 50, 10, false, true, 66, 27320230
3, 4, 10, 10, 50, 50, 10, false, true, 67, 77861645
3, 4, 10, 10, 50, 50, 10, false, true, 68, 27252503
3, 4, 10, 10, 50, 50, 10, false, true, 69, 77732708
3, 4, 10, 10, 50, 50, 10, false, true, 70, 27332722
3, 4, 10, 10, 50, 50, 10, false, true, 71, 78000557
3, 4, 10, 10, 50, 50, 10, false, true, 72, 77892432
3, 4, 10, 10, 50, 50, 10, false, true, 73, 27453529
3, 4, 10, 10, 50, 50, 10, false, true, 74, 83415847
3, 4, 10, 10, 50, 50, 10, false, true, 75, 27394741
3, 4, 10, 10, 50, 50, 10, false, true, 76, 77834359
3, 4, 10, 10, 50, 50, 10, false, true, 77, 27315829
3, 4, 10, 10, 50, 50, 10, false, true, 78, 83259463
3, 4, 10, 10, 50, 50, 10, false, true, 79, 27393853
3, 4, 10, 10, 50, 50, 10, false, true, 80, 84440498
3, 4, 10, 10, 50, 50, 10, false, true, 81, 27517263
3, 4, 10, 10, 50, 50, 10, false, true, 82, 29005140
3, 4, 10, 10, 50, 50, 10, false, true, 83, 27793353
3, 4, 10, 10, 50, 50, 10, false, true, 84, 77928200
3, 4, 10, 10, 50, 50, 10, false, true, 85, 27495824
3, 4, 10, 10, 50, 50, 10, false, true, 86, 83259784
3, 4, 10, 10, 50, 50, 10, false, true, 87, 27314324
3, 4, 10, 10, 50, 50, 10, false, true, 88, 83784545
3, 4, 10, 10, 50, 50, 10, false, true, 89, 27449752
3, 4, 10, 10, 50, 50, 10, false, true, 90, 29073346
3, 4, 10, 10, 50, 50, 10, false, true, 91, 27460011
3, 4, 10, 10, 50, 50, 10, false, true, 92, 28958001
3, 4, 10, 10, 50, 50, 10, false, true, 93, 27406741
3, 4, 10, 10, 50, 50, 10, false, true, 94, 27300277
3, 4, 10, 10, 50, 50, 10, false, true, 95, 27855220
3, 4, 10, 10, 50, 50, 10, false, true, 96, 74952739
3, 4, 10, 10, 50, 50, 10, false, true, 97, 83738582
3, 4, 10, 10, 50, 50, 10, false, true, 98, 27532319
3, 4, 10, 10, 50, 50, 10, false, true, 99, 77723319
3, 4, 10, 10, 50, 50, 11, false, true, 0, 421566237
3, 4, 10, 10, 50, 50, 11, false, true, 1, 468581584
3, 4, 10, 10, 50, 50, 11, false, true, 2, 424579141
3, 4, 10, 10, 50, 50, 11, false, true, 3, 402086421
3, 4, 10, 10, 50, 50, 11, false, true, 4, 420207396
3, 4, 10, 10, 50, 50, 11, false, true, 5, 399451218
3, 4, 10, 10, 50, 50, 11, false, true, 6, 425407111
3, 4, 10, 10, 50, 50, 11, false, true, 7, 437628639
3, 4, 10, 10, 50, 50, 11, false, true, 8, 453402681
3, 4, 10, 10, 50, 50, 11, false, true, 9, 437508435
3, 4, 10, 10, 50, 50, 11, false, true, 10, 419014819
3, 4, 10, 10, 50, 50, 11, false, true, 11, 438766915
3, 4, 10, 10, 50, 50, 11, false, true, 12, 454301320
3, 4, 10, 10, 50, 50, 11, false, true, 13, 425883972
3, 4, 10, 10, 50, 50, 11, false, true, 14, 419735805
3, 4, 10, 10, 50, 50, 11, false, true, 15, 401535624
3, 4, 10, 10, 50, 50, 11, false, true, 16, 420303361
3, 4, 10, 10, 50, 50, 11, false, true, 17, 437469842
3, 4, 10, 10, 50, 50, 11, false, true, 18, 420305421
3, 4, 10, 10, 50, 50, 11, false, true, 19, 400498232
3, 4, 10, 10, 50, 50, 11, false, true, 20, 420798364
3, 4, 10, 10, 50, 50, 11, false, true, 21, 423669268
3, 4, 10, 10, 50, 50, 11, false, true, 22, 421067207
3, 4, 10, 10, 50, 50, 11, false, true, 23, 429595891
3, 4, 10, 10, 50, 50, 11, false, true, 24, 424908200
3, 4, 10, 10, 50, 50, 11, false, true, 25, 447777930
3, 4, 10, 10, 50, 50, 11, false, true, 26, 423514490
3, 4, 10, 10, 50, 50, 11, false, true, 27, 438716661
3, 4, 10, 10, 50, 50, 11, false, true, 28, 396836438
3, 4, 10, 10, 50, 50, 11, false, true, 29, 437554525
3, 4, 10, 10, 50, 50, 11, false, true, 30, 406381705
3, 4, 10, 10, 50, 50, 11, false, true, 31, 439022266
3, 4, 10, 10, 50, 50, 11, false, true, 32, 420195881
3, 4, 10, 10, 50, 50, 11, false, true, 33, 400559799
3, 4, 10, 10, 50, 50, 11, false, true, 34, 421997178
3, 4, 10, 10, 50, 50, 11, false, true, 35, 438553607
3, 4, 10, 10, 50, 50, 11, false, true, 36, 420738749
3, 4, 10, 10, 50, 50, 11, false, true, 37, 401886376
3, 4, 10, 10, 50, 50, 11, false, true, 38, 420185597
3, 4, 10, 10, 50, 50, 11, false, true, 39, 403525538
3, 4, 10, 10, 50, 50, 11, false, true, 40, 420423309
3, 4, 10, 10, 50, 50, 11, false, true, 41, 443933876
3, 4, 10, 10, 50, 50, 11, false, true, 42, 419931950
3, 4, 10, 10, 50, 50, 11, false, true, 43, 446385854
3, 4, 10, 10, 50, 50, 11, false, true, 44, 421091559
3, 4, 10, 10, 50, 50, 11, false, true, 45, 437736662
3, 4, 10, 10, 50, 50, 11, false, true, 46, 396657246
3, 4, 10, 10, 50, 50, 11, false, true, 47, 437677237
3, 4, 10, 10, 50, 50, 11, false, true, 48, 444306727
3, 4, 10, 10, 50, 50, 11, false, true, 49, 438640577
3, 4, 10, 10, 50, 50, 11, false, true, 50, 408931879
3, 4, 10, 10, 50, 50, 11, false, true, 51, 438454117
3, 4, 10, 10, 50, 50, 11, false, true, 52, 409989171
3, 4, 10, 10, 50, 50, 11, false, true, 53, 437869850
3, 4, 10, 10, 50, 50, 11, false, true, 54, 408921821
3, 4, 10, 10, 50, 50, 11, false, true, 55, 402764107
3, 4, 10, 10, 50, 50, 11, false, true, 56, 420045069
3, 4, 10, 10, 50, 50, 11, false, true, 57, 400723501
3, 4, 10, 10, 50, 50, 11, false, true, 58, 437428490
3, 4, 10, 10, 50, 50, 11, false, true, 59, 399625566
3, 4, 10, 10, 50, 50, 11, false, true, 60, 421116347
3, 4, 10, 10, 50, 50, 11, false, true, 61, 395660292
3, 4, 10, 10, 50, 50, 11, false, true, 62, 420274379
3, 4, 10, 10, 50, 50, 11, false, true, 63, 416994646
3, 4, 10, 10, 50, 50, 11, false, true, 64, 438096077
3, 4, 10, 10, 50, 50, 11, false, true, 65, 418499690
3, 4, 10, 10, 50, 50, 11, false, true, 66, 420424999
3, 4, 10, 10, 50, 50, 11, false, true, 67, 437751123
3, 4, 10, 10, 50, 50, 11, false, true, 68, 408867178
3, 4, 10, 10, 50, 50, 11, false, true, 69, 436789212
3, 4, 10, 10, 50, 50, 11, false, true, 70, 403685555
3, 4, 10, 10, 50, 50, 11, false, true, 71, 438917959
3, 4, 10, 10, 50, 50, 11, false, true, 72, 405719275
3, 4, 10, 10, 50, 50, 11, false, true, 73, 437711624
3, 4, 10, 10, 50, 50, 11, false, true, 74, 440639468
3, 4, 10, 10, 50, 50, 11, false, true, 75, 439458883
3, 4, 10, 10, 50, 50, 11, false, true, 76, 443338344
3, 4, 10, 10, 50, 50, 11, false, true, 77, 438279223
3, 4, 10, 10, 50, 50, 11, false, true, 78, 421021805
3, 4, 10, 10, 50, 50, 11, false, true, 79, 440058259
3, 4, 10, 10, 50, 50, 11, false, true, 80, 420578106
3, 4, 10, 10, 50, 50, 11, false, true, 81, 443305109
3, 4, 10, 10, 50, 50, 11, false, true, 82, 420477131
3, 4, 10, 10, 50, 50, 11, false, true, 83, 409519239
3, 4, 10, 10, 50, 50, 11, false, true, 84, 420845405
3, 4, 10, 10, 50, 50, 11, false, true, 85, 396425824
3, 4, 10, 10, 50, 50, 11, false, true, 86, 438358713
3, 4, 10, 10, 50, 50, 11, false, true, 87, 401048314
3, 4, 10, 10, 50, 50, 11, false, true, 88, 420229053
3, 4, 10, 10, 50, 50, 11, false, true, 89, 400987599
3, 4, 10, 10, 50, 50, 11, false, true, 90, 412404181
3, 4, 10, 10, 50, 50, 11, false, true, 91, 437780453
3, 4, 10, 10, 50, 50, 11, false, true, 92, 396463982
3, 4, 10, 10, 50, 50, 11, false, true, 93, 438457396
3, 4, 10, 10, 50, 50, 11, false, true, 94, 420353119
3, 4, 10, 10, 50, 50, 11, false, true, 95, 437593277
3, 4, 10, 10, 50, 50, 11, false, true, 96, 453916275
3, 4, 10, 10, 50, 50, 11, false, true, 97, 438591940
3, 4, 10, 10, 50, 50, 11, false, true, 98, 454126754
3, 4, 10, 10, 50, 50, 11, false, true, 99, 423604707
3, 4, 10, 10, 50, 50, 12, false, true, 0, 301255798
3, 4, 10, 10, 50, 50, 12, false, true, 1, 331404574
3, 4, 10, 10, 50, 50, 12, false, true, 2, 300164727
3, 4, 10, 10, 50, 50, 12, false, true, 3, 331423968
3, 4, 10, 10, 50, 50, 12, false, true, 4, 301806397
3, 4, 10, 10, 50, 50, 12, false, true, 5, 331423354
3, 4, 10, 10, 50, 50, 12, false, true, 6, 330875091
3, 4, 10, 10, 50, 50, 12, false, true, 7, 266235898
3, 4, 10, 10, 50, 50, 12, false, true, 8, 300472726
3, 4, 10, 10, 50, 50, 12, false, true, 9, 331328992
3, 4, 10, 10, 50, 50, 12, false, true, 10, 300577221
3, 4, 10, 10, 50, 50, 12, false, true, 11, 338636983
3, 4, 10, 10, 50, 50, 12, false, true, 12, 301539514
3, 4, 10, 10, 50, 50, 12, false, true, 13, 270878812
3, 4, 10, 10, 50, 50, 12, false, true, 14, 275927346
3, 4, 10, 10, 50, 50, 12, false, true, 15, 331757211
3, 4, 10, 10, 50, 50, 12, false, true, 16, 274878488
3, 4, 10, 10, 50, 50, 12, false, true, 17, 325597302
3, 4, 10, 10, 50, 50, 12, false, true, 18, 275232224
3, 4, 10, 10, 50, 50, 12, false, true, 19, 337815892
3, 4, 10, 10, 50, 50, 12, false, true, 20, 303712249
3, 4, 10, 10, 50, 50, 12, false, true, 21, 331908170
3, 4, 10, 10, 50, 50, 12, false, true, 22, 275139042
3, 4, 10, 10, 50, 50, 12, false, true, 23, 332359830
3, 4, 10, 10, 50, 50, 12, false, true, 24, 275589199
3, 4, 10, 10, 50, 50, 12, false, true, 25, 331963191
3, 4, 10, 10, 50, 50, 12, false, true, 26, 331781978
3, 4, 10, 10, 50, 50, 12, false, true, 27, 332478958
3, 4, 10, 10, 50, 50, 12, false, true, 28, 331773089
3, 4, 10, 10, 50, 50, 12, false, true, 29, 265228670
3, 4, 10, 10, 50, 50, 12, false, true, 30, 300711442
3, 4, 10, 10, 50, 50, 12, false, true, 31, 265528046
3, 4, 10, 10, 50, 50, 12, false, true, 32, 300921534
3, 4, 10, 10, 50, 50, 12, false, true, 33, 266372410
3, 4, 10, 10, 50, 50, 12, false, true, 34, 331509731
3, 4, 10, 10, 50, 50, 12, false, true, 35, 271628686
3, 4, 10, 10, 50, 50, 12, false, true, 36, 299570256
3, 4, 10, 10, 50, 50, 12, false, true, 37, 332168025
3, 4, 10, 10, 50, 50, 12, false, true, 38, 276517853
3, 4, 10, 10, 50, 50, 12, false, true, 39, 330684573
3, 4, 10, 10, 50, 50, 12, false, true, 40, 266285670
3, 4, 10, 10, 50, 50, 12, false, true, 41, 331348949
3, 4, 10, 10, 50, 50, 12, false, true, 42, 344007188
3, 4, 10, 10, 50, 50, 12, false, true, 43, 333472444
3, 4, 10, 10, 50, 50, 12, false, true, 44, 344582851
3, 4, 10, 10, 50, 50, 12, false, true, 45, 332262425
3, 4, 10, 10, 50, 50, 12, false, true, 46, 266358759
3, 4, 10, 10, 50, 50, 12, false, true, 47, 332851811
3, 4, 10, 10, 50, 50, 12, false, true, 48, 265458843
3, 4, 10, 10, 50, 50, 12, false, true, 49, 265542092
3, 4, 10, 10, 50, 50, 12, false, true, 50, 333499754
3, 4, 10, 10, 50, 50, 12, false, true, 51, 271516661
3, 4, 10, 10, 50, 50, 12, false, true, 52, 299552171
3, 4, 10, 10, 50, 50, 12, false, true, 53, 304580750
3, 4, 10, 10, 50, 50, 12, false, true, 54, 299682668
3, 4, 10, 10, 50, 50, 12, false, true, 55, 272223680
3, 4, 10, 10, 50, 50, 12, false, true, 56, 333150072
3, 4, 10, 10, 50, 50, 12, false, true, 57, 271942565
3, 4, 10, 10, 50, 50, 12, false, true, 58, 300983651
3, 4, 10, 10, 50, 50, 12, false, true, 59, 303159961
3, 4, 10, 10, 50, 50, 12, false, true, 60, 300873237
3, 4, 10, 10, 50, 50, 12, false, true, 61, 332196890
3, 4, 10, 10, 50, 50, 12, false, true, 62, 268544952
3, 4, 10, 10, 50, 50, 12, false, true, 63, 337210158
3, 4, 10, 10, 50, 50, 12, false, true, 64, 267728818
3, 4, 10, 10, 50, 50, 12, false, true, 65, 334170921
3, 4, 10, 10, 50, 50, 12, false, true, 66, 268882386
3, 4, 10, 10, 50, 50, 12, false, true, 67, 333351031
3, 4, 10, 10, 50, 50, 12, false, true, 68, 325057924
3, 4, 10, 10, 50, 50, 12, false, true, 69, 332638837
3, 4, 10, 10, 50, 50, 12, false, true, 70, 273474744
3, 4, 10, 10, 50, 50, 12, false, true, 71, 335498782
3, 4, 10, 10, 50, 50, 12, false, true, 72, 301838284
3, 4, 10, 10, 50, 50, 12, false, true, 73, 274976386
3, 4, 10, 10, 50, 50, 12, false, true, 74, 304203747
3, 4, 10, 10, 50, 50, 12, false, true, 75, 345834245
3, 4, 10, 10, 50, 50, 12, false, true, 76, 305516608
3, 4, 10, 10, 50, 50, 12, false, true, 77, 305309689
3, 4, 10, 10, 50, 50, 12, false, true, 78, 302711399
3, 4, 10, 10, 50, 50, 12, false, true, 79, 269594963
3, 4, 10, 10, 50, 50, 12, false, true, 80, 277227322
3, 4, 10, 10, 50, 50, 12, false, true, 81, 269877428
3, 4, 10, 10, 50, 50, 12, false, true, 82, 277390609
3, 4, 10, 10, 50, 50, 12, false, true, 83, 329101306
3, 4, 10, 10, 50, 50, 12, false, true, 84, 305789217
3, 4, 10, 10, 50, 50, 12, false, true, 85, 333792945
3, 4, 10, 10, 50, 50, 12, false, true, 86, 269219223
3, 4, 10, 10, 50, 50, 12, false, true, 87, 335547221
3, 4, 10, 10, 50, 50, 12, false, true, 88, 306888746
3, 4, 10, 10, 50, 50, 12, false, true, 89, 336242338
3, 4, 10, 10, 50, 50, 12, false, true, 90, 320057011
3, 4, 10, 10, 50, 50, 12, false, true, 91, 335660522
3, 4, 10, 10, 50, 50, 12, false, true, 92, 301114077
3, 4, 10, 10, 50, 50, 12, false, true, 93, 334013020
3, 4, 10, 10, 50, 50, 12, false, true, 94, 301792686
3, 4, 10, 10, 50, 50, 12, false, true, 95, 333677477
3, 4, 10, 10, 50, 50, 12, false, true, 96, 277928271
3, 4, 10, 10, 50, 50, 12, false, true, 97, 269636809
3, 4, 10, 10, 50, 50, 12, false, true, 98, 302166566
3, 4, 10, 10, 50, 50, 12, false, true, 99, 278646564
3, 4, 10, 10, 50, 50, 13, false, true, 0, 637041492
3, 4, 10, 10, 50, 50, 13, false, true, 1, 546015572
3, 4, 10, 10, 50, 50, 13, false, true, 2, 638396423
3, 4, 10, 10, 50, 50, 13, false, true, 3, 675557237
3, 4, 10, 10, 50, 50, 13, false, true, 4, 636605255
3, 4, 10, 10, 50, 50, 13, false, true, 5, 638975837
3, 4, 10, 10, 50, 50, 13, false, true, 6, 615637009
3, 4, 10, 10, 50, 50, 13, false, true, 7, 637988659
3, 4, 10, 10, 50, 50, 13, false, true, 8, 673732431
3, 4, 10, 10, 50, 50, 13, false, true, 9, 640771418
3, 4, 10, 10, 50, 50, 13, false, true, 10, 672966439
3, 4, 10, 10, 50, 50, 13, false, true, 11, 643851397
3, 4, 10, 10, 50, 50, 13, false, true, 12, 620065295
3, 4, 10, 10, 50, 50, 13, false, true, 13, 629370416
3, 4, 10, 10, 50, 50, 13, false, true, 14, 671684554
3, 4, 10, 10, 50, 50, 13, false, true, 15, 630917926
3, 4, 10, 10, 50, 50, 13, false, true, 16, 673613151
3, 4, 10, 10, 50, 50, 13, false, true, 17, 639039394
3, 4, 10, 10, 50, 50, 13, false, true, 18, 639571119
3, 4, 10, 10, 50, 50, 13, false, true, 19, 612500531
3, 4, 10, 10, 50, 50, 13, false, true, 20, 639954824
3, 4, 10, 10, 50, 50, 13, false, true, 21, 626633269
3, 4, 10, 10, 50, 50, 13, false, true, 22, 668326939
3, 4, 10, 10, 50, 50, 13, false, true, 23, 626309611
3, 4, 10, 10, 50, 50, 13, false, true, 24, 667772766
3, 4, 10, 10, 50, 50, 13, false, true, 25, 638476481
3, 4, 10, 10, 50, 50, 13, false, true, 26, 641207254
3, 4, 10, 10, 50, 50, 13, false, true, 27, 618067393
3, 4, 10, 10, 50, 50, 13, false, true, 28, 666958960
3, 4, 10, 10, 50, 50, 13, false, true, 29, 619469611
3, 4, 10, 10, 50, 50, 13, false, true, 30, 666914439
3, 4, 10, 10, 50, 50, 13, false, true, 31, 639750518
3, 4, 10, 10, 50, 50, 13, false, true, 32, 638366719
3, 4, 10, 10, 50, 50, 13, false, true, 33, 640140431
3, 4, 10, 10, 50, 50, 13, false, true, 34, 651675070
3, 4, 10, 10, 50, 50, 13, false, true, 35, 640159648
3, 4, 10, 10, 50, 50, 13, false, true, 36, 649462294
3, 4, 10, 10, 50, 50, 13, false, true, 37, 641372690
3, 4, 10, 10, 50, 50, 13, false, true, 38, 708619003
3, 4, 10, 10, 50, 50, 13, false, true, 39, 640237063
3, 4, 10, 10, 50, 50, 13, false, true, 40, 710550998
3, 4, 10, 10, 50, 50, 13, false, true, 41, 640581990
3, 4, 10, 10, 50, 50, 13, false, true, 42, 675784535
3, 4, 10, 10, 50, 50, 13, false, true, 43, 619943953
3, 4, 10, 10, 50, 50, 13, false, true, 44, 662595357
3, 4, 10, 10, 50, 50, 13, false, true, 45, 626381640
3, 4, 10, 10, 50, 50, 13, false, true, 46, 639501601
3, 4, 10, 10, 50, 50, 13, false, true, 47, 623050763
3, 4, 10, 10, 50, 50, 13, false, true, 48, 668624388
3, 4, 10, 10, 50, 50, 13, false, true, 49, 634382450
3, 4, 10, 10, 50, 50, 13, false, true, 50, 672783555
3, 4, 10, 10, 50, 50, 13, false, true, 51, 668122037
3, 4, 10, 10, 50, 50, 13, false, true, 52, 666169763
3, 4, 10, 10, 50, 50, 13, false, true, 53, 650718669
3, 4, 10, 10, 50, 50, 13, false, true, 54, 637049019
3, 4, 10, 10, 50, 50, 13, false, true, 55, 642496351
3, 4, 10, 10, 50, 50, 13, false, true, 56, 603489675
3, 4, 10, 10, 50, 50, 13, false, true, 57, 640498510
3, 4, 10, 10, 50, 50, 13, false, true, 58, 650815444
3, 4, 10, 10, 50, 50, 13, false, true, 59, 639441996
3, 4, 10, 10, 50, 50, 13, false, true, 60, 634709355
3, 4, 10, 10, 50, 50, 13, false, true, 61, 639068041
3, 4, 10, 10, 50, 50, 13, false, true, 62, 621638803
3, 4, 10, 10, 50, 50, 13, false, true, 63, 639036228
3, 4, 10, 10, 50, 50, 13, false, true, 64, 663342141
3, 4, 10, 10, 50, 50, 13, false, true, 65, 643178802
3, 4, 10, 10, 50, 50, 13, false, true, 66, 686097711
3, 4, 10, 10, 50, 50, 13, false, true, 67, 650977081
3, 4, 10, 10, 50, 50, 13, false, true, 68, 668290661
3, 4, 10, 10, 50, 50, 13, false, true, 69, 668033085
3, 4, 10, 10, 50, 50, 13, false, true, 70, 668013832
3, 4, 10, 10, 50, 50, 13, false, true, 71, 634294823
3, 4, 10, 10, 50, 50, 13, false, true, 72, 667421825
3, 4, 10, 10, 50, 50, 13, false, true, 73, 651046515
3, 4, 10, 10, 50, 50, 13, false, true, 74, 637731291
3, 4, 10, 10, 50, 50, 13, false, true, 75, 641513545
3, 4, 10, 10, 50, 50, 13, false, true, 76, 665413355
3, 4, 10, 10, 50, 50, 13, false, true, 77, 666006489
3, 4, 10, 10, 50, 50, 13, false, true, 78, 605720754
3, 4, 10, 10, 50, 50, 13, false, true, 79, 636103009
3, 4, 10, 10, 50, 50, 13, false, true, 80, 686792461
3, 4, 10, 10, 50, 50, 13, false, true, 81, 638276646
3, 4, 10, 10, 50, 50, 13, false, true, 82, 616591037
3, 4, 10, 10, 50, 50, 13, false, true, 83, 638015069
3, 4, 10, 10, 50, 50, 13, false, true, 84, 635132676
3, 4, 10, 10, 50, 50, 13, false, true, 85, 639084601
3, 4, 10, 10, 50, 50, 13, false, true, 86, 639287545
3, 4, 10, 10, 50, 50, 13, false, true, 87, 638977771
3, 4, 10, 10, 50, 50, 13, false, true, 88, 638028458
3, 4, 10, 10, 50, 50, 13, false, true, 89, 626616143
3, 4, 10, 10, 50, 50, 13, false, true, 90, 668279351
3, 4, 10, 10, 50, 50, 13, false, true, 91, 649247744
3, 4, 10, 10, 50, 50, 13, false, true, 92, 666587244
3, 4, 10, 10, 50, 50, 13, false, true, 93, 544893652
3, 4, 10, 10, 50, 50, 13, false, true, 94, 636517774
3, 4, 10, 10, 50, 50, 13, false, true, 95, 674305917
3, 4, 10, 10, 50, 50, 13, false, true, 96, 637536562
3, 4, 10, 10, 50, 50, 13, false, true, 97, 639078084
3, 4, 10, 10, 50, 50, 13, false, true, 98, 636544130
3, 4, 10, 10, 50, 50, 13, false, true, 99, 637954065
3, 4, 10, 10, 50, 50, 14, false, true, 0, 1068097438
3, 4, 10, 10, 50, 50, 14, false, true, 1, 996376678
3, 4, 10, 10, 50, 50, 14, false, true, 2, 999519269
3, 4, 10, 10, 50, 50, 14, false, true, 3, 995686747
3, 4, 10, 10, 50, 50, 14, false, true, 4, 1081916300
3, 4, 10, 10, 50, 50, 14, false, true, 5, 997996469
3, 4, 10, 10, 50, 50, 14, false, true, 6, 998264558
3, 4, 10, 10, 50, 50, 14, false, true, 7, 1071688397
3, 4, 10, 10, 50, 50, 14, false, true, 8, 1001000533
3, 4, 10, 10, 50, 50, 14, false, true, 9, 991645794
3, 4, 10, 10, 50, 50, 14, false, true, 10, 994444552
3, 4, 10, 10, 50, 50, 14, false, true, 11, 1065267664
3, 4, 10, 10, 50, 50, 14, false, true, 12, 992909464
3, 4, 10, 10, 50, 50, 14, false, true, 13, 1071962178
3, 4, 10, 10, 50, 50, 14, false, true, 14, 1084079922
3, 4, 10, 10, 50, 50, 14, false, true, 15, 965883845
3, 4, 10, 10, 50, 50, 14, false, true, 16, 1083989394
3, 4, 10, 10, 50, 50, 14, false, true, 17, 1015160067
3, 4, 10, 10, 50, 50, 14, false, true, 18, 1085771231
3, 4, 10, 10, 50, 50, 14, false, true, 19, 1113034819
3, 4, 10, 10, 50, 50, 14, false, true, 20, 1039190780
3, 4, 10, 10, 50, 50, 14, false, true, 21, 997892755
3, 4, 10, 10, 50, 50, 14, false, true, 22, 1079641717
3, 4, 10, 10, 50, 50, 14, false, true, 23, 995667673
3, 4, 10, 10, 50, 50, 14, false, true, 24, 971607249
3, 4, 10, 10, 50, 50, 14, false, true, 25, 999671101
3, 4, 10, 10, 50, 50, 14, false, true, 26, 999721734
3, 4, 10, 10, 50, 50, 14, false, true, 27, 1082924560
3, 4, 10, 10, 50, 50, 14, false, true, 28, 999056303
3, 4, 10, 10, 50, 50, 14, false, true, 29, 1071832839
3, 4, 10, 10, 50, 50, 14, false, true, 30, 1000769386
3, 4, 10, 10, 50, 50, 14, false, true, 31, 1075556021
3, 4, 10, 10, 50, 50, 14, false, true, 32, 999922913
3, 4, 10, 10, 50, 50, 14, false, true, 33, 1118736292
3, 4, 10, 10, 50, 50, 14, false, true, 34, 998407568
3, 4, 10, 10, 50, 50, 14, false, true, 35, 1037982847
3, 4, 10, 10, 50, 50, 14, false, true, 36, 1001072103
3, 4, 10, 10, 50, 50, 14, false, true, 37, 1071138282
3, 4, 10, 10, 50, 50, 14, false, true, 38, 1001018120
3, 4, 10, 10, 50, 50, 14, false, true, 39, 1079151000
3, 4, 10, 10, 50, 50, 14, false, true, 40, 1002336865
3, 4, 10, 10, 50, 50, 14, false, true, 41, 1106524405
3, 4, 10, 10, 50, 50, 14, false, true, 42, 1005984169
3, 4, 10, 10, 50, 50, 14, false, true, 43, 1039563904
3, 4, 10, 10, 50, 50, 14, false, true, 44, 1003337877
3, 4, 10, 10, 50, 50, 14, false, true, 45, 1079788132
3, 4, 10, 10, 50, 50, 14, false, true, 46, 994016124
3, 4, 10, 10, 50, 50, 14, false, true, 47, 974738282
3, 4, 10, 10, 50, 50, 14, false, true, 48, 1084109085
3, 4, 10, 10, 50, 50, 14, false, true, 49, 995273103
3, 4, 10, 10, 50, 50, 14, false, true, 50, 972275513
3, 4, 10, 10, 50, 50, 14, false, true, 51, 994249173
3, 4, 10, 10, 50, 50, 14, false, true, 52, 1041385983
3, 4, 10, 10, 50, 50, 14, false, true, 53, 993401062
3, 4, 10, 10, 50, 50, 14, false, true, 54, 1017441064
3, 4, 10, 10, 50, 50, 14, false, true, 55, 995015935
3, 4, 10, 10, 50, 50, 14, false, true, 56, 967784166
3, 4, 10, 10, 50, 50, 14, false, true, 57, 996686071
3, 4, 10, 10, 50, 50, 14, false, true, 58, 1034798707
3, 4, 10, 10, 50, 50, 14, false, true, 59, 992716917
3, 4, 10, 10, 50, 50, 14, false, true, 60, 1000000380
3, 4, 10, 10, 50, 50, 14, false, true, 61, 1035492244
3, 4, 10, 10, 50, 50, 14, false, true, 62, 999971672
3, 4, 10, 10, 50, 50, 14, false, true, 63, 1110797629
3, 4, 10, 10, 50, 50, 14, false, true, 64, 1001020128
3, 4, 10, 10, 50, 50, 14, false, true, 65, 972488462
3, 4, 10, 10, 50, 50, 14, false, true, 66, 1109801647
3, 4, 10, 10, 50, 50, 14, false, true, 67, 1044616440
3, 4, 10, 10, 50, 50, 14, false, true, 68, 1001393014
3, 4, 10, 10, 50, 50, 14, false, true, 69, 1036036316
3, 4, 10, 10, 50, 50, 14, false, true, 70, 1083449443
3, 4, 10, 10, 50, 50, 14, false, true, 71, 1043409605
3, 4, 10, 10, 50, 50, 14, false, true, 72, 992579496
3, 4, 10, 10, 50, 50, 14, false, true, 73, 992910032
3, 4, 10, 10, 50, 50, 14, false, true, 74, 1105717610
3, 4, 10, 10, 50, 50, 14, false, true, 75, 984991115
3, 4, 10, 10, 50, 50, 14, false, true, 76, 1010865390
3, 4, 10, 10, 50, 50, 14, false, true, 77, 995929895
3, 4, 10, 10, 50, 50, 14, false, true, 78, 1083262534
3, 4, 10, 10, 50, 50, 14, false, true, 79, 995829549
3, 4, 10, 10, 50, 50, 14, false, true, 80, 995407838
3, 4, 10, 10, 50, 50, 14, false, true, 81, 1073430137
3, 4, 10, 10, 50, 50, 14, false, true, 82, 1002137187
3, 4, 10, 10, 50, 50, 14, false, true, 83, 999877354
3, 4, 10, 10, 50, 50, 14, false, true, 84, 1000737148
3, 4, 10, 10, 50, 50, 14, false, true, 85, 973657728
3, 4, 10, 10, 50, 50, 14, false, true, 86, 1118676234
3, 4, 10, 10, 50, 50, 14, false, true, 87, 1083900345
3, 4, 10, 10, 50, 50, 14, false, true, 88, 1084553643
3, 4, 10, 10, 50, 50, 14, false, true, 89, 967561543
3, 4, 10, 10, 50, 50, 14, false, true, 90, 1083034557
3, 4, 10, 10, 50, 50, 14, false, true, 91, 1018199337
3, 4, 10, 10, 50, 50, 14, false, true, 92, 1090347790
3, 4, 10, 10, 50, 50, 14, false, true, 93, 996421570
3, 4, 10, 10, 50, 50, 14, false, true, 94, 1032071588
3, 4, 10, 10, 50, 50, 14, false, true, 95, 986980600
3, 4, 10, 10, 50, 50, 14, false, true, 96, 1075651199
3, 4, 10, 10, 50, 50, 14, false, true, 97, 987197769
3, 4, 10, 10, 50, 50, 14, false, true, 98, 1012334893
3, 4, 10, 10, 50, 50, 14, false, true, 99, 1100955067
3, 4, 10, 10, 50, 50, 15, false, true, 0, 1712054228
3, 4, 10, 10, 50, 50, 15, false, true, 1, 1744518862
3, 4, 10, 10, 50, 50, 15, false, true, 2, 1709644179
3, 4, 10, 10, 50, 50, 15, false, true, 3, 1647482614
3, 4, 10, 10, 50, 50, 15, false, true, 4, 1710142707
3, 4, 10, 10, 50, 50, 15, false, true, 5, 1676420080
3, 4, 10, 10, 50, 50, 15, false, true, 6, 1761164575
3, 4, 10, 10, 50, 50, 15, false, true, 7, 1671866068
3, 4, 10, 10, 50, 50, 15, false, true, 8, 1659489624
3, 4, 10, 10, 50, 50, 15, false, true, 9, 1845529741
3, 4, 10, 10, 50, 50, 15, false, true, 10, 1706525045
3, 4, 10, 10, 50, 50, 15, false, true, 11, 1659585941
3, 4, 10, 10, 50, 50, 15, false, true, 12, 1709570459
3, 4, 10, 10, 50, 50, 15, false, true, 13, 1759041147
3, 4, 10, 10, 50, 50, 15, false, true, 14, 1661238889
3, 4, 10, 10, 50, 50, 15, false, true, 15, 1756758204
3, 4, 10, 10, 50, 50, 15, false, true, 16, 1726775836
3, 4, 10, 10, 50, 50, 15, false, true, 17, 1762636456
3, 4, 10, 10, 50, 50, 15, false, true, 18, 1723964742
3, 4, 10, 10, 50, 50, 15, false, true, 19, 1761727918
3, 4, 10, 10, 50, 50, 15, false, true, 20, 1720779120
3, 4, 10, 10, 50, 50, 15, false, true, 21, 1674057488
3, 4, 10, 10, 50, 50, 15, false, true, 22, 1727489275
3, 4, 10, 10, 50, 50, 15, false, true, 23, 1670340350
3, 4, 10, 10, 50, 50, 15, false, true, 24, 1704838686
3, 4, 10, 10, 50, 50, 15, false, true, 25, 1695726323
3, 4, 10, 10, 50, 50, 15, false, true, 26, 1744071723
3, 4, 10, 10, 50, 50, 15, false, true, 27, 1718198640
3, 4, 10, 10, 50, 50, 15, false, true, 28, 1708120434
3, 4, 10, 10, 50, 50, 15, false, true, 29, 1759421498
3, 4, 10, 10, 50, 50, 15, false, true, 30, 1708935252
3, 4, 10, 10, 50, 50, 15, false, true, 31, 1742979350
3, 4, 10, 10, 50, 50, 15, false, true, 32, 1712590959
3, 4, 10, 10, 50, 50, 15, false, true, 33, 1724496258
3, 4, 10, 10, 50, 50, 15, false, true, 34, 1710805315
3, 4, 10, 10, 50, 50, 15, false, true, 35, 1747656885
3, 4, 10, 10, 50, 50, 15, false, true, 36, 1597978716
3, 4, 10, 10, 50, 50, 15, false, true, 37, 1747677103
3, 4, 10, 10, 50, 50, 15, false, true, 38, 1716428550
3, 4, 10, 10, 50, 50, 15, false, true, 39, 1747050124
3, 4, 10, 10, 50, 50, 15, false, true, 40, 1676640358
3, 4, 10, 10, 50, 50, 15, false, true, 41, 1745640917
3, 4, 10, 10, 50, 50, 15, false, true, 42, 1710796004
3, 4, 10, 10, 50, 50, 15, false, true, 43, 1763545671
3, 4, 10, 10, 50, 50, 15, false, true, 44, 1714170875
3, 4, 10, 10, 50, 50, 15, false, true, 45, 1660267278
3, 4, 10, 10, 50, 50, 15, false, true, 46, 1751624241
3, 4, 10, 10, 50, 50, 15, false, true, 47, 1641450361
3, 4, 10, 10, 50, 50, 15, false, true, 48, 1708399667
3, 4, 10, 10, 50, 50, 15, false, true, 49, 1710362783
3, 4, 10, 10, 50, 50, 15, false, true, 50, 1707221430
3, 4, 10, 10, 50, 50, 15, false, true, 51, 1717870347
3, 4, 10, 10, 50, 50, 15, false, true, 52, 1725268290
3, 4, 10, 10, 50, 50, 15, false, true, 53, 1713915870
3, 4, 10, 10, 50, 50, 15, false, true, 54, 1687624499
3, 4, 10, 10, 50, 50, 15, false, true, 55, 1643404875
3, 4, 10, 10, 50, 50, 15, false, true, 56, 1703042452
3, 4, 10, 10, 50, 50, 15, false, true, 57, 1711412734
3, 4, 10, 10, 50, 50, 15, false, true, 58, 1712256419
3, 4, 10, 10, 50, 50, 15, false, true, 59, 1713094186
3, 4, 10, 10, 50, 50, 15, false, true, 60, 1721663342
3, 4, 10, 10, 50, 50, 15, false, true, 61, 1709584963
3, 4, 10, 10, 50, 50, 15, false, true, 62, 1690131448
3, 4, 10, 10, 50, 50, 15, false, true, 63, 1599246002
3, 4, 10, 10, 50, 50, 15, false, true, 64, 1691469356
3, 4, 10, 10, 50, 50, 15, false, true, 65, 1670941136
3, 4, 10, 10, 50, 50, 15, false, true, 66, 1686367902
3, 4, 10, 10, 50, 50, 15, false, true, 67, 1746791178
3, 4, 10, 10, 50, 50, 15, false, true, 68, 1610564589
3, 4, 10, 10, 50, 50, 15, false, true, 69, 1747004506
3, 4, 10, 10, 50, 50, 15, false, true, 70, 1474423590
3, 4, 10, 10, 50, 50, 15, false, true, 71, 1746305295
3, 4, 10, 10, 50, 50, 15, false, true, 72, 1672128684
3, 4, 10, 10, 50, 50, 15, false, true, 73, 1666120122
3, 4, 10, 10, 50, 50, 15, false, true, 74, 1706103533
3, 4, 10, 10, 50, 50, 15, false, true, 75, 1744836646
3, 4, 10, 10, 50, 50, 15, false, true, 76, 1715906347
3, 4, 10, 10, 50, 50, 15, false, true, 77, 1748675843
3, 4, 10, 10, 50, 50, 15, false, true, 78, 1695627955
3, 4, 10, 10, 50, 50, 15, false, true, 79, 1603422991
3, 4, 10, 10, 50, 50, 15, false, true, 80, 1696021361
3, 4, 10, 10, 50, 50, 15, false, true, 81, 1651366412
3, 4, 10, 10, 50, 50, 15, false, true, 82, 1694410688
3, 4, 10, 10, 50, 50, 15, false, true, 83, 1680122242
3, 4, 10, 10, 50, 50, 15, false, true, 84, 1697434394
3, 4, 10, 10, 50, 50, 15, false, true, 85, 1603969036
3, 4, 10, 10, 50, 50, 15, false, true, 86, 1598460477
3, 4, 10, 10, 50, 50, 15, false, true, 87, 1748705327
3, 4, 10, 10, 50, 50, 15, false, true, 88, 1694951694
3, 4, 10, 10, 50, 50, 15, false, true, 89, 1754502518
3, 4, 10, 10, 50, 50, 15, false, true, 90, 1482201814
3, 4, 10, 10, 50, 50, 15, false, true, 91, 1747132563
3, 4, 10, 10, 50, 50, 15, false, true, 92, 1713333839
3, 4, 10, 10, 50, 50, 15, false, true, 93, 1754262990
3, 4, 10, 10, 50, 50, 15, false, true, 94, 1716806383
3, 4, 10, 10, 50, 50, 15, false, true, 95, 1652468955
3, 4, 10, 10, 50, 50, 15, false, true, 96, 1710610690
3, 4, 10, 10, 50, 50, 15, false, true, 97, 1667675320
3, 4, 10, 10, 50, 50, 15, false, true, 98, 1716240548
3, 4, 10, 10, 50, 50, 15, false, true, 99, 1651486191
3, 4, 10, 10, 50, 50, 16, false, true, 0, 275155882
3, 4, 10, 10, 50, 50, 16, false, true, 1, 2264127038
3, 4, 10, 10, 50, 50, 16, false, true, 2, 2059910042
3, 4, 10, 10, 50, 50, 16, false, true, 3, 2039218240
3, 4, 10, 10, 50, 50, 16, false, true, 4, 2038763272
3, 4, 10, 10, 50, 50, 16, false, true, 5, 234894071
3, 4, 10, 10, 50, 50, 16, false, true, 6, 2077753838
3, 4, 10, 10, 50, 50, 16, false, true, 7, 274683960
3, 4, 10, 10, 50, 50, 16, false, true, 8, 2139335352
3, 4, 10, 10, 50, 50, 16, false, true, 9, 270641815
3, 4, 10, 10, 50, 50, 16, false, true, 10, 2207253469
3, 4, 10, 10, 50, 50, 16, false, true, 11, 271263264
3, 4, 10, 10, 50, 50, 16, false, true, 12, 2268012810
3, 4, 10, 10, 50, 50, 16, false, true, 13, 270714585
3, 4, 10, 10, 50, 50, 16, false, true, 14, 277607126
3, 4, 10, 10, 50, 50, 16, false, true, 15, 2168010752
3, 4, 10, 10, 50, 50, 16, false, true, 16, 277539197
3, 4, 10, 10, 50, 50, 16, false, true, 17, 2056514396
3, 4, 10, 10, 50, 50, 16, false, true, 18, 277844802
3, 4, 10, 10, 50, 50, 16, false, true, 19, 2296058337
3, 4, 10, 10, 50, 50, 16, false, true, 20, 277812061
3, 4, 10, 10, 50, 50, 16, false, true, 21, 2288015476
3, 4, 10, 10, 50, 50, 16, false, true, 22, 277368299
3, 4, 10, 10, 50, 50, 16, false, true, 23, 2252717875
3, 4, 10, 10, 50, 50, 16, false, true, 24, 277509336
3, 4, 10, 10, 50, 50, 16, false, true, 25, 271285348
3, 4, 10, 10, 50, 50, 16, false, true, 26, 2038392203
3, 4, 10, 10, 50, 50, 16, false, true, 27, 270672236
3, 4, 10, 10, 50, 50, 16, false, true, 28, 2115469067
3, 4, 10, 10, 50, 50, 16, false, true, 29, 271182732
3, 4, 10, 10, 50, 50, 16, false, true, 30, 2349619428
3, 4, 10, 10, 50, 50, 16, false, true, 31, 272081895
3, 4, 10, 10, 50, 50, 16, false, true, 32, 2113675938
3, 4, 10, 10, 50, 50, 16, false, true, 33, 271952531
3, 4, 10, 10, 50, 50, 16, false, true, 34, 249101293
3, 4, 10, 10, 50, 50, 16, false, true, 35, 271281069
3, 4, 10, 10, 50, 50, 16, false, true, 36, 2256145047
3, 4, 10, 10, 50, 50, 16, false, true, 37, 2181777268
3, 4, 10, 10, 50, 50, 16, false, true, 38, 277134579
3, 4, 10, 10, 50, 50, 16, false, true, 39, 2178799622
3, 4, 10, 10, 50, 50, 16, false, true, 40, 277029197
3, 4, 10, 10, 50, 50, 16, false, true, 41, 2268811515
3, 4, 10, 10, 50, 50, 16, false, true, 42, 278054693
3, 4, 10, 10, 50, 50, 16, false, true, 43, 2226652549
3, 4, 10, 10, 50, 50, 16, false, true, 44, 276916103
3, 4, 10, 10, 50, 50, 16, false, true, 45, 2266200846
3, 4, 10, 10, 50, 50, 16, false, true, 46, 2058246064
3, 4, 10, 10, 50, 50, 16, false, true, 47, 2223312144
3, 4, 10, 10, 50, 50, 16, false, true, 48, 2055292356
3, 4, 10, 10, 50, 50, 16, false, true, 49, 271130303
3, 4, 10, 10, 50, 50, 16, false, true, 50, 2109378056
3, 4, 10, 10, 50, 50, 16, false, true, 51, 271227870
3, 4, 10, 10, 50, 50, 16, false, true, 52, 2351111390
3, 4, 10, 10, 50, 50, 16, false, true, 53, 270334503
3, 4, 10, 10, 50, 50, 16, false, true, 54, 2275533347
3, 4, 10, 10, 50, 50, 16, false, true, 55, 271014040
3, 4, 10, 10, 50, 50, 16, false, true, 56, 289714657
3, 4, 10, 10, 50, 50, 16, false, true, 57, 272257223
3, 4, 10, 10, 50, 50, 16, false, true, 58, 289144946
3, 4, 10, 10, 50, 50, 16, false, true, 59, 270253301
3, 4, 10, 10, 50, 50, 16, false, true, 60, 277405654
3, 4, 10, 10, 50, 50, 16, false, true, 61, 2108332540
3, 4, 10, 10, 50, 50, 16, false, true, 62, 2057690180
3, 4, 10, 10, 50, 50, 16, false, true, 63, 2241665131
3, 4, 10, 10, 50, 50, 16, false, true, 64, 277045599
3, 4, 10, 10, 50, 50, 16, false, true, 65, 2108311725
3, 4, 10, 10, 50, 50, 16, false, true, 66, 2065983792
3, 4, 10, 10, 50, 50, 16, false, true, 67, 263395304
3, 4, 10, 10, 50, 50, 16, false, true, 68, 2063314970
3, 4, 10, 10, 50, 50, 16, false, true, 69, 2043934607
3, 4, 10, 10, 50, 50, 16, false, true, 70, 2056063892
3, 4, 10, 10, 50, 50, 16, false, true, 71, 2270416555
3, 4, 10, 10, 50, 50, 16, false, true, 72, 270740199
3, 4, 10, 10, 50, 50, 16, false, true, 73, 2247519575
3, 4, 10, 10, 50, 50, 16, false, true, 74, 277451785
3, 4, 10, 10, 50, 50, 16, false, true, 75, 2110289249
3, 4, 10, 10, 50, 50, 16, false, true, 76, 278090035
3, 4, 10, 10, 50, 50, 16, false, true, 77, 2108812717
3, 4, 10, 10, 50, 50, 16, false, true, 78, 2056065542
3, 4, 10, 10, 50, 50, 16, false, true, 79, 2331027780
3, 4, 10, 10, 50, 50, 16, false, true, 80, 2055382508
3, 4, 10, 10, 50, 50, 16, false, true, 81, 2266663812
3, 4, 10, 10, 50, 50, 16, false, true, 82, 2056223722
3, 4, 10, 10, 50, 50, 16, false, true, 83, 262097417
3, 4, 10, 10, 50, 50, 16, false, true, 84, 2267732498
3, 4, 10, 10, 50, 50, 16, false, true, 85, 271820953
3, 4, 10, 10, 50, 50, 16, false, true, 86, 2265785664
3, 4, 10, 10, 50, 50, 16, false, true, 87, 270476312
3, 4, 10, 10, 50, 50, 16, false, true, 88, 265211613
3, 4, 10, 10, 50, 50, 16, false, true, 89, 271436072
3, 4, 10, 10, 50, 50, 16, false, true, 90, 265068365
3, 4, 10, 10, 50, 50, 16, false, true, 91, 271096017
3, 4, 10, 10, 50, 50, 16, false, true, 92, 277248752
3, 4, 10, 10, 50, 50, 16, false, true, 93, 270937843
3, 4, 10, 10, 50, 50, 16, false, true, 94, 276564002
3, 4, 10, 10, 50, 50, 16, false, true, 95, 273426022
3, 4, 10, 10, 50, 50, 16, false, true, 96, 2063683860
3, 4, 10, 10, 50, 50, 16, false, true, 97, 2223857571
3, 4, 10, 10, 50, 50, 16, false, true, 98, 276459891
3, 4, 10, 10, 50, 50, 16, false, true, 99, 2266112101
3, 4, 10, 10, 50, 50, 17, false, true, 0, 4834535814
3, 4, 10, 10, 50, 50, 17, false, true, 1, 4848397855
3, 4, 10, 10, 50, 50, 17, false, true, 2, 4746301266
3, 4, 10, 10, 50, 50, 17, false, true, 3, 3742856179
3, 4, 10, 10, 50, 50, 17, false, true, 4, 4740116600
3, 4, 10, 10, 50, 50, 17, false, true, 5, 3947926558
3, 4, 10, 10, 50, 50, 17, false, true, 6, 3728816058
3, 4, 10, 10, 50, 50, 17, false, true, 7, 3961185410
3, 4, 10, 10, 50, 50, 17, false, true, 8, 3799605714
3, 4, 10, 10, 50, 50, 17, false, true, 9, 3946409499
3, 4, 10, 10, 50, 50, 17, false, true, 10, 3796971610
3, 4, 10, 10, 50, 50, 17, false, true, 11, 3950390355
3, 4, 10, 10, 50, 50, 17, false, true, 12, 3639027612
3, 4, 10, 10, 50, 50, 17, false, true, 13, 4547959408
3, 4, 10, 10, 50, 50, 17, false, true, 14, 3811640587
3, 4, 10, 10, 50, 50, 17, false, true, 15, 4545036972
3, 4, 10, 10, 50, 50, 17, false, true, 16, 3794776207
3, 4, 10, 10, 50, 50, 17, false, true, 17, 3955662046
3, 4, 10, 10, 50, 50, 17, false, true, 18, 3951314705
3, 4, 10, 10, 50, 50, 17, false, true, 19, 4266878043
3, 4, 10, 10, 50, 50, 17, false, true, 20, 4741642680
3, 4, 10, 10, 50, 50, 17, false, true, 21, 3915677634
3, 4, 10, 10, 50, 50, 17, false, true, 22, 3492727988
3, 4, 10, 10, 50, 50, 17, false, true, 23, 3950115043
3, 4, 10, 10, 50, 50, 17, false, true, 24, 4747380855
3, 4, 10, 10, 50, 50, 17, false, true, 25, 4864925804
3, 4, 10, 10, 50, 50, 17, false, true, 26, 4039025908
3, 4, 10, 10, 50, 50, 17, false, true, 27, 3955660907
3, 4, 10, 10, 50, 50, 17, false, true, 28, 4209872152
3, 4, 10, 10, 50, 50, 17, false, true, 29, 3952704307
3, 4, 10, 10, 50, 50, 17, false, true, 30, 4014113170
3, 4, 10, 10, 50, 50, 17, false, true, 31, 3957650712
3, 4, 10, 10, 50, 50, 17, false, true, 32, 3798034838
3, 4, 10, 10, 50, 50, 17, false, true, 33, 4539283149
3, 4, 10, 10, 50, 50, 17, false, true, 34, 3947313997
3, 4, 10, 10, 50, 50, 17, false, true, 35, 5114637760
3, 4, 10, 10, 50, 50, 17, false, true, 36, 3801136001
3, 4, 10, 10, 50, 50, 17, false, true, 37, 4553255090
3, 4, 10, 10, 50, 50, 17, false, true, 38, 3797468063
3, 4, 10, 10, 50, 50, 17, false, true, 39, 4545142730
3, 4, 10, 10, 50, 50, 17, false, true, 40, 3898718263
3, 4, 10, 10, 50, 50, 17, false, true, 41, 5476099771
3, 4, 10, 10, 50, 50, 17, false, true, 42, 3797743244
3, 4, 10, 10, 50, 50, 17, false, true, 43, 3954328738
3, 4, 10, 10, 50, 50, 17, false, true, 44, 3501368309
3, 4, 10, 10, 50, 50, 17, false, true, 45, 3975745258
3, 4, 10, 10, 50, 50, 17, false, true, 46, 4411014447
3, 4, 10, 10, 50, 50, 17, false, true, 47, 3983207410
3, 4, 10, 10, 50, 50, 17, false, true, 48, 4853183967
3, 4, 10, 10, 50, 50, 17, false, true, 49, 3984099851
3, 4, 10, 10, 50, 50, 17, false, true, 50, 4233286817
3, 4, 10, 10, 50, 50, 17, false, true, 51, 3986260116
3, 4, 10, 10, 50, 50, 17, false, true, 52, 4820337225
3, 4, 10, 10, 50, 50, 17, false, true, 53, 3982545770
3, 4, 10, 10, 50, 50, 17, false, true, 54, 5152165785
3, 4, 10, 10, 50, 50, 17, false, true, 55, 4580783750
3, 4, 10, 10, 50, 50, 17, false, true, 56, 3835617920
3, 4, 10, 10, 50, 50, 17, false, true, 57, 5164168033
3, 4, 10, 10, 50, 50, 17, false, true, 58, 3838178937
3, 4, 10, 10, 50, 50, 17, false, true, 59, 4940452308
3, 4, 10, 10, 50, 50, 17, false, true, 60, 3824593628
3, 4, 10, 10, 50, 50, 17, false, true, 61, 5180323587
3, 4, 10, 10, 50, 50, 17, false, true, 62, 3823414046
3, 4, 10, 10, 50, 50, 17, false, true, 63, 4041834698
3, 4, 10, 10, 50, 50, 17, false, true, 64, 3829306090
3, 4, 10, 10, 50, 50, 17, false, true, 65, 4236788135
3, 4, 10, 10, 50, 50, 17, false, true, 66, 4784061605
3, 4, 10, 10, 50, 50, 17, false, true, 67, 3982551079
3, 4, 10, 10, 50, 50, 17, false, true, 68, 5193593899
3, 4, 10, 10, 50, 50, 17, false, true, 69, 3984476219
3, 4, 10, 10, 50, 50, 17, false, true, 70, 4046424817
3, 4, 10, 10, 50, 50, 17, false, true, 71, 3981490461
3, 4, 10, 10, 50, 50, 17, false, true, 72, 5088701472
3, 4, 10, 10, 50, 50, 17, false, true, 73, 3987253192
3, 4, 10, 10, 50, 50, 17, false, true, 74, 4285996291
3, 4, 10, 10, 50, 50, 17, false, true, 75, 3990128191
3, 4, 10, 10, 50, 50, 17, false, true, 76, 4019054779
3, 4, 10, 10, 50, 50, 17, false, true, 77, 3958484599
3, 4, 10, 10, 50, 50, 17, false, true, 78, 3841990664
3, 4, 10, 10, 50, 50, 17, false, true, 79, 4257868830
3, 4, 10, 10, 50, 50, 17, false, true, 80, 4797244068
3, 4, 10, 10, 50, 50, 17, false, true, 81, 4399401017
3, 4, 10, 10, 50, 50, 17, false, true, 82, 3823351215
3, 4, 10, 10, 50, 50, 17, false, true, 83, 4232416913
3, 4, 10, 10, 50, 50, 17, false, true, 84, 3836723688
3, 4, 10, 10, 50, 50, 17, false, true, 85, 4233251209
3, 4, 10, 10, 50, 50, 17, false, true, 86, 3770472540
3, 4, 10, 10, 50, 50, 17, false, true, 87, 4065442723
3, 4, 10, 10, 50, 50, 17, false, true, 88, 4787488727
3, 4, 10, 10, 50, 50, 17, false, true, 89, 3985068461
3, 4, 10, 10, 50, 50, 17, false, true, 90, 3831328802
3, 4, 10, 10, 50, 50, 17, false, true, 91, 4235822569
3, 4, 10, 10, 50, 50, 17, false, true, 92, 3831475145
3, 4, 10, 10, 50, 50, 17, false, true, 93, 4899684198
3, 4, 10, 10, 50, 50, 17, false, true, 94, 4785720584
3, 4, 10, 10, 50, 50, 17, false, true, 95, 4018870608
3, 4, 10, 10, 50, 50, 17, false, true, 96, 4789797941
3, 4, 10, 10, 50, 50, 17, false, true, 97, 3982852480
3, 4, 10, 10, 50, 50, 17, false, true, 98, 4795588882
3, 4, 10, 10, 50, 50, 17, false, true, 99, 3980841775
3, 4, 10, 10, 50, 50, 18, false, true, 0, 9732198587
3, 4, 10, 10, 50, 50, 18, false, true, 1, 8418311912
3, 4, 10, 10, 50, 50, 18, false, true, 2, 8050832336
3, 4, 10, 10, 50, 50, 18, false, true, 3, 8077067391
3, 4, 10, 10, 50, 50, 18, false, true, 4, 7748535068
3, 4, 10, 10, 50, 50, 18, false, true, 5, 8062568300
3, 4, 10, 10, 50, 50, 18, false, true, 6, 8062937219
3, 4, 10, 10, 50, 50, 18, false, true, 7, 9480911994
3, 4, 10, 10, 50, 50, 18, false, true, 8, 8059403683
3, 4, 10, 10, 50, 50, 18, false, true, 9, 8071612806
3, 4, 10, 10, 50, 50, 18, false, true, 10, 8059791777
3, 4, 10, 10, 50, 50, 18, false, true, 11, 9305262621
3, 4, 10, 10, 50, 50, 18, false, true, 12, 8088520276
3, 4, 10, 10, 50, 50, 18, false, true, 13, 9629974558
3, 4, 10, 10, 50, 50, 18, false, true, 14, 9699128835
3, 4, 10, 10, 50, 50, 18, false, true, 15, 8064822565
3, 4, 10, 10, 50, 50, 18, false, true, 16, 9705675044
3, 4, 10, 10, 50, 50, 18, false, true, 17, 8792907377
3, 4, 10, 10, 50, 50, 18, false, true, 18, 9758654383
3, 4, 10, 10, 50, 50, 18, false, true, 19, 8077846883
3, 4, 10, 10, 50, 50, 18, false, true, 20, 9010910310
3, 4, 10, 10, 50, 50, 18, false, true, 21, 8012036819
3, 4, 10, 10, 50, 50, 18, false, true, 22, 9378004960
3, 4, 10, 10, 50, 50, 18, false, true, 23, 7988593218
3, 4, 10, 10, 50, 50, 18, false, true, 24, 9048998633
3, 4, 10, 10, 50, 50, 18, false, true, 25, 8064443950
3, 4, 10, 10, 50, 50, 18, false, true, 26, 8077001461
3, 4, 10, 10, 50, 50, 18, false, true, 27, 9622704313
3, 4, 10, 10, 50, 50, 18, false, true, 28, 8063061346
3, 4, 10, 10, 50, 50, 18, false, true, 29, 9467407015
3, 4, 10, 10, 50, 50, 18, false, true, 30, 8065749512
3, 4, 10, 10, 50, 50, 18, false, true, 31, 9465748728
3, 4, 10, 10, 50, 50, 18, false, true, 32, 8066562101
3, 4, 10, 10, 50, 50, 18, false, true, 33, 9624262333
3, 4, 10, 10, 50, 50, 18, false, true, 34, 8072066327
3, 4, 10, 10, 50, 50, 18, false, true, 35, 9732564963
3, 4, 10, 10, 50, 50, 18, false, true, 36, 8061928231
3, 4, 10, 10, 50, 50, 18, false, true, 37, 8078082018
3, 4, 10, 10, 50, 50, 18, false, true, 38, 9730551678
3, 4, 10, 10, 50, 50, 18, false, true, 39, 8077977503
3, 4, 10, 10, 50, 50, 18, false, true, 40, 9916050680
3, 4, 10, 10, 50, 50, 18, false, true, 41, 7991175756
3, 4, 10, 10, 50, 50, 18, false, true, 42, 9020390197
3, 4, 10, 10, 50, 50, 18, false, true, 43, 8002597865
3, 4, 10, 10, 50, 50, 18, false, true, 44, 8810616924
3, 4, 10, 10, 50, 50, 18, false, true, 45, 8033278766
3, 4, 10, 10, 50, 50, 18, false, true, 46, 9453883915
3, 4, 10, 10, 50, 50, 18, false, true, 47, 8088174487
3, 4, 10, 10, 50, 50, 18, false, true, 48, 7680854810
3, 4, 10, 10, 50, 50, 18, false, true, 49, 9602047388
3, 4, 10, 10, 50, 50, 18, false, true, 50, 8061099138
3, 4, 10, 10, 50, 50, 18, false, true, 51, 9584037992
3, 4, 10, 10, 50, 50, 18, false, true, 52, 8042894932
3, 4, 10, 10, 50, 50, 18, false, true, 53, 9740971009
3, 4, 10, 10, 50, 50, 18, false, true, 54, 8059773735
3, 4, 10, 10, 50, 50, 18, false, true, 55, 9615110677
3, 4, 10, 10, 50, 50, 18, false, true, 56, 8049391825
3, 4, 10, 10, 50, 50, 18, false, true, 57, 9072571830
3, 4, 10, 10, 50, 50, 18, false, true, 58, 7982991471
3, 4, 10, 10, 50, 50, 18, false, true, 59, 9760092236
3, 4, 10, 10, 50, 50, 18, false, true, 60, 8055014480
3, 4, 10, 10, 50, 50, 18, false, true, 61, 8055018405
3, 4, 10, 10, 50, 50, 18, false, true, 62, 9905635404
3, 4, 10, 10, 50, 50, 18, false, true, 63, 8050860614
3, 4, 10, 10, 50, 50, 18, false, true, 64, 8177473765
3, 4, 10, 10, 50, 50, 18, false, true, 65, 8079363273
3, 4, 10, 10, 50, 50, 18, false, true, 66, 9609792642
3, 4, 10, 10, 50, 50, 18, false, true, 67, 8065384786
3, 4, 10, 10, 50, 50, 18, false, true, 68, 7261653069
3, 4, 10, 10, 50, 50, 18, false, true, 69, 8066426281
3, 4, 10, 10, 50, 50, 18, false, true, 70, 8293791422
3, 4, 10, 10, 50, 50, 18, false, true, 71, 8066849335
3, 4, 10, 10, 50, 50, 18, false, true, 72, 8094038460
3, 4, 10, 10, 50, 50, 18, false, true, 73, 9019203010
3, 4, 10, 10, 50, 50, 18, false, true, 74, 8111766634
3, 4, 10, 10, 50, 50, 18, false, true, 75, 9139973061
3, 4, 10, 10, 50, 50, 18, false, true, 76, 8117473907
3, 4, 10, 10, 50, 50, 18, false, true, 77, 9149215390
3, 4, 10, 10, 50, 50, 18, false, true, 78, 9747529101
3, 4, 10, 10, 50, 50, 18, false, true, 79, 8939303379
3, 4, 10, 10, 50, 50, 18, false, true, 80, 9774640203
3, 4, 10, 10, 50, 50, 18, false, true, 81, 8318091554
3, 4, 10, 10, 50, 50, 18, false, true, 82, 9750036584
3, 4, 10, 10, 50, 50, 18, false, true, 83, 8815892144
3, 4, 10, 10, 50, 50, 18, false, true, 84, 10220775405
3, 4, 10, 10, 50, 50, 18, false, true, 85, 8117745233
3, 4, 10, 10, 50, 50, 18, false, true, 86, 8326832942
3, 4, 10, 10, 50, 50, 18, false, true, 87, 8077127610
3, 4, 10, 10, 50, 50, 18, false, true, 88, 8336115155
3, 4, 10, 10, 50, 50, 18, false, true, 89, 8099949207
3, 4, 10, 10, 50, 50, 18, false, true, 90, 8111842024
3, 4, 10, 10, 50, 50, 18, false, true, 91, 8120634184
3, 4, 10, 10, 50, 50, 18, false, true, 92, 8113304475
3, 4, 10, 10, 50, 50, 18, false, true, 93, 8103579166
3, 4, 10, 10, 50, 50, 18, false, true, 94, 8123043442
3, 4, 10, 10, 50, 50, 18, false, true, 95, 9505834007
3, 4, 10, 10, 50, 50, 18, false, true, 96, 9772133622
3, 4, 10, 10, 50, 50, 18, false, true, 97, 8968197847
3, 4, 10, 10, 50, 50, 18, false, true, 98, 8059385620
3, 4, 10, 10, 50, 50, 18, false, true, 99, 9715462753
3, 4, 10, 10, 50, 50, 19, false, true, 0, 12543982189
3, 4, 10, 10, 50, 50, 19, false, true, 1, 12942494383
3, 4, 10, 10, 50, 50, 19, false, true, 2, 12505483611
3, 4, 10, 10, 50, 50, 19, false, true, 3, 12329402974
3, 4, 10, 10, 50, 50, 19, false, true, 4, 12520057460
3, 4, 10, 10, 50, 50, 19, false, true, 5, 13007948874
3, 4, 10, 10, 50, 50, 19, false, true, 6, 12343810427
3, 4, 10, 10, 50, 50, 19, false, true, 7, 13017957619
3, 4, 10, 10, 50, 50, 19, false, true, 8, 12505284934
3, 4, 10, 10, 50, 50, 19, false, true, 9, 12920485262
3, 4, 10, 10, 50, 50, 19, false, true, 10, 12539634474
3, 4, 10, 10, 50, 50, 19, false, true, 11, 13063575459
3, 4, 10, 10, 50, 50, 19, false, true, 12, 12047477564
3, 4, 10, 10, 50, 50, 19, false, true, 13, 13018450566
3, 4, 10, 10, 50, 50, 19, false, true, 14, 13784001255
3, 4, 10, 10, 50, 50, 19, false, true, 15, 13020914107
3, 4, 10, 10, 50, 50, 19, false, true, 16, 12946406818
3, 4, 10, 10, 50, 50, 19, false, true, 17, 13039447006
3, 4, 10, 10, 50, 50, 19, false, true, 18, 12936416761
3, 4, 10, 10, 50, 50, 19, false, true, 19, 14091317743
3, 4, 10, 10, 50, 50, 19, false, true, 20, 13079308649
3, 4, 10, 10, 50, 50, 19, false, true, 21, 12882859426
3, 4, 10, 10, 50, 50, 19, false, true, 22, 13110164522
3, 4, 10, 10, 50, 50, 19, false, true, 23, 12846862758
3, 4, 10, 10, 50, 50, 19, false, true, 24, 12989434061
3, 4, 10, 10, 50, 50, 19, false, true, 25, 12356262521
3, 4, 10, 10, 50, 50, 19, false, true, 26, 12858490400
3, 4, 10, 10, 50, 50, 19, false, true, 27, 12738329816
3, 4, 10, 10, 50, 50, 19, false, true, 28, 12978128360
3, 4, 10, 10, 50, 50, 19, false, true, 29, 12233777514
3, 4, 10, 10, 50, 50, 19, false, true, 30, 12983473924
3, 4, 10, 10, 50, 50, 19, false, true, 31, 13076219195
3, 4, 10, 10, 50, 50, 19, false, true, 32, 12738148950
3, 4, 10, 10, 50, 50, 19, false, true, 33, 13024213659
3, 4, 10, 10, 50, 50, 19, false, true, 34, 12939141130
3, 4, 10, 10, 50, 50, 19, false, true, 35, 13033170761
3, 4, 10, 10, 50, 50, 19, false, true, 36, 13915721921
3, 4, 10, 10, 50, 50, 19, false, true, 37, 13013799761
3, 4, 10, 10, 50, 50, 19, false, true, 38, 12988542652
3, 4, 10, 10, 50, 50, 19, false, true, 39, 13006601880
3, 4, 10, 10, 50, 50, 19, false, true, 40, 14091021842
3, 4, 10, 10, 50, 50, 19, false, true, 41, 13032780375
3, 4, 10, 10, 50, 50, 19, false, true, 42, 13690450710
3, 4, 10, 10, 50, 50, 19, false, true, 43, 12242200290
3, 4, 10, 10, 50, 50, 19, false, true, 44, 12988313601
3, 4, 10, 10, 50, 50, 19, false, true, 45, 12804059269
3, 4, 10, 10, 50, 50, 19, false, true, 46, 13053684445
3, 4, 10, 10, 50, 50, 19, false, true, 47, 12679830060
3, 4, 10, 10, 50, 50, 19, false, true, 48, 13025511601
3, 4, 10, 10, 50, 50, 19, false, true, 49, 12960426843
3, 4, 10, 10, 50, 50, 19, false, true, 50, 12859959622
3, 4, 10, 10, 50, 50, 19, false, true, 51, 12727602036
3, 4, 10, 10, 50, 50, 19, false, true, 52, 12970328216
3, 4, 10, 10, 50, 50, 19, false, true, 53, 12750837154
3, 4, 10, 10, 50, 50, 19, false, true, 54, 12542531574
3, 4, 10, 10, 50, 50, 19, false, true, 55, 13012133874
3, 4, 10, 10, 50, 50, 19, false, true, 56, 13117620485
3, 4, 10, 10, 50, 50, 19, false, true, 57, 13026706193
3, 4, 10, 10, 50, 50, 19, false, true, 58, 12735061160
3, 4, 10, 10, 50, 50, 19, false, true, 59, 13002888047
3, 4, 10, 10, 50, 50, 19, false, true, 60, 13817490751
3, 4, 10, 10, 50, 50, 19, false, true, 61, 13044186113
3, 4, 10, 10, 50, 50, 19, false, true, 62, 13165789576
3, 4, 10, 10, 50, 50, 19, false, true, 63, 13019513358
3, 4, 10, 10, 50, 50, 19, false, true, 64, 14111853243
3, 4, 10, 10, 50, 50, 19, false, true, 65, 13023308230
3, 4, 10, 10, 50, 50, 19, false, true, 66, 13033629674
3, 4, 10, 10, 50, 50, 19, false, true, 67, 12982878207
3, 4, 10, 10, 50, 50, 19, false, true, 68, 12981034333
3, 4, 10, 10, 50, 50, 19, false, true, 69, 12969447668
3, 4, 10, 10, 50, 50, 19, false, true, 70, 12539686348
3, 4, 10, 10, 50, 50, 19, false, true, 71, 13930591034
3, 4, 10, 10, 50, 50, 19, false, true, 72, 13032508772
3, 4, 10, 10, 50, 50, 19, false, true, 73, 12927093116
3, 4, 10, 10, 50, 50, 19, false, true, 74, 12510905500
3, 4, 10, 10, 50, 50, 19, false, true, 75, 12830137771
3, 4, 10, 10, 50, 50, 19, false, true, 76, 12528708466
3, 4, 10, 10, 50, 50, 19, false, true, 77, 13914259220
3, 4, 10, 10, 50, 50, 19, false, true, 78, 14098504339
3, 4, 10, 10, 50, 50, 19, false, true, 79, 12981045178
3, 4, 10, 10, 50, 50, 19, false, true, 80, 13186864508
3, 4, 10, 10, 50, 50, 19, false, true, 81, 12986011303
3, 4, 10, 10, 50, 50, 19, false, true, 82, 12913331888
3, 4, 10, 10, 50, 50, 19, false, true, 83, 12989689266
3, 4, 10, 10, 50, 50, 19, false, true, 84, 12917039825
3, 4, 10, 10, 50, 50, 19, false, true, 85, 13012324019
3, 4, 10, 10, 50, 50, 19, false, true, 86, 13010938607
3, 4, 10, 10, 50, 50, 19, false, true, 87, 12325122506
3, 4, 10, 10, 50, 50, 19, false, true, 88, 12993485473
3, 4, 10, 10, 50, 50, 19, false, true, 89, 12741552791
3, 4, 10, 10, 50, 50, 19, false, true, 90, 12968858397
3, 4, 10, 10, 50, 50, 19, false, true, 91, 12907497548
3, 4, 10, 10, 50, 50, 19, false, true, 92, 12496321889
3, 4, 10, 10, 50, 50, 19, false, true, 93, 12823104810
3, 4, 10, 10, 50, 50, 19, false, true, 94, 12478159553
3, 4, 10, 10, 50, 50, 19, false, true, 95, 12313131835
3, 4, 10, 10, 50, 50, 19, false, true, 96, 12485646356
3, 4, 10, 10, 50, 50, 19, false, true, 97, 12969833188
3, 4, 10, 10, 50, 50, 19, false, true, 98, 12502566663
3, 4, 10, 10, 50, 50, 19, false, true, 99, 13106836230
3, 4, 10, 10, 50, 50, 20, false, true, 0, 10018485173
3, 4, 10, 10, 50, 50, 20, false, true, 1, 9964183081
3, 4, 10, 10, 50, 50, 20, false, true, 2, 9297480066
3, 4, 10, 10, 50, 50, 20, false, true, 3, 9499421548
3, 4, 10, 10, 50, 50, 20, false, true, 4, 8365419787
3, 4, 10, 10, 50, 50, 20, false, true, 5, 9800633918
3, 4, 10, 10, 50, 50, 20, false, true, 6, 9906267932
3, 4, 10, 10, 50, 50, 20, false, true, 7, 9714313392
3, 4, 10, 10, 50, 50, 20, false, true, 8, 9346202629
3, 4, 10, 10, 50, 50, 20, false, true, 9, 9059032737
3, 4, 10, 10, 50, 50, 20, false, true, 10, 9276013318
3, 4, 10, 10, 50, 50, 20, false, true, 11, 9767731771
3, 4, 10, 10, 50, 50, 20, false, true, 12, 9280283613
3, 4, 10, 10, 50, 50, 20, false, true, 13, 9911121026
3, 4, 10, 10, 50, 50, 20, false, true, 14, 9955683168
3, 4, 10, 10, 50, 50, 20, false, true, 15, 9878048704
3, 4, 10, 10, 50, 50, 20, false, true, 16, 9526909792
3, 4, 10, 10, 50, 50, 20, false, true, 17, 9968916863
3, 4, 10, 10, 50, 50, 20, false, true, 18, 9086122016
3, 4, 10, 10, 50, 50, 20, false, true, 19, 9980121695
3, 4, 10, 10, 50, 50, 20, false, true, 20, 9654265820
3, 4, 10, 10, 50, 50, 20, false, true, 21, 9972456332
3, 4, 10, 10, 50, 50, 20, false, true, 22, 9949899771
3, 4, 10, 10, 50, 50, 20, false, true, 23, 9983910147
3, 4, 10, 10, 50, 50, 20, false, true, 24, 9985335713
3, 4, 10, 10, 50, 50, 20, false, true, 25, 9879036375
3, 4, 10, 10, 50, 50, 20, false, true, 26, 9240838791
3, 4, 10, 10, 50, 50, 20, false, true, 27, 10022802240
3, 4, 10, 10, 50, 50, 20, false, true, 28, 9689228010
3, 4, 10, 10, 50, 50, 20, false, true, 29, 9998016286
3, 4, 10, 10, 50, 50, 20, false, true, 30, 9923147257
3, 4, 10, 10, 50, 50, 20, false, true, 31, 10069493023
3, 4, 10, 10, 50, 50, 20, false, true, 32, 10023333001
3, 4, 10, 10, 50, 50, 20, false, true, 33, 9989784416
3, 4, 10, 10, 50, 50, 20, false, true, 34, 9802408863
3, 4, 10, 10, 50, 50, 20, false, true, 35, 9990667008
3, 4, 10, 10, 50, 50, 20, false, true, 36, 9482327424
3, 4, 10, 10, 50, 50, 20, false, true, 37, 9867612885
3, 4, 10, 10, 50, 50, 20, false, true, 38, 9333959610
3, 4, 10, 10, 50, 50, 20, false, true, 39, 9949317897
3, 4, 10, 10, 50, 50, 20, false, true, 40, 9332685951
3, 4, 10, 10, 50, 50, 20, false, true, 41, 10004677280
3, 4, 10, 10, 50, 50, 20, false, true, 42, 9337591085
3, 4, 10, 10, 50, 50, 20, false, true, 43, 9485422607
3, 4, 10, 10, 50, 50, 20, false, true, 44, 9257284372
3, 4, 10, 10, 50, 50, 20, false, true, 45, 10169763112
3, 4, 10, 10, 50, 50, 20, false, true, 46, 9543400730
3, 4, 10, 10, 50, 50, 20, false, true, 47, 9625432453
3, 4, 10, 10, 50, 50, 20, false, true, 48, 9047991128
3, 4, 10, 10, 50, 50, 20, false, true, 49, 9894712246
3, 4, 10, 10, 50, 50, 20, false, true, 50, 9421100417
3, 4, 10, 10, 50, 50, 20, false, true, 51, 9926294424
3, 4, 10, 10, 50, 50, 20, false, true, 52, 9847475247
3, 4, 10, 10, 50, 50, 20, false, true, 53, 9983301159
3, 4, 10, 10, 50, 50, 20, false, true, 54, 8368279163
3, 4, 10, 10, 50, 50, 20, false, true, 55, 9904803795
3, 4, 10, 10, 50, 50, 20, false, true, 56, 8729554218
3, 4, 10, 10, 50, 50, 20, false, true, 57, 9899145452
3, 4, 10, 10, 50, 50, 20, false, true, 58, 9429288836
3, 4, 10, 10, 50, 50, 20, false, true, 59, 9961480313
3, 4, 10, 10, 50, 50, 20, false, true, 60, 9331340844
3, 4, 10, 10, 50, 50, 20, false, true, 61, 9916334504
3, 4, 10, 10, 50, 50, 20, false, true, 62, 9053016802
3, 4, 10, 10, 50, 50, 20, false, true, 63, 9936206331
3, 4, 10, 10, 50, 50, 20, false, true, 64, 9255116027
3, 4, 10, 10, 50, 50, 20, false, true, 65, 9960393134
3, 4, 10, 10, 50, 50, 20, false, true, 66, 9496823702
3, 4, 10, 10, 50, 50, 20, false, true, 67, 8282845907
3, 4, 10, 10, 50, 50, 20, false, true, 68, 9037941311
3, 4, 10, 10, 50, 50, 20, false, true, 69, 9268562404
3, 4, 10, 10, 50, 50, 20, false, true, 70, 8966690941
3, 4, 10, 10, 50, 50, 20, false, true, 71, 9970316106
3, 4, 10, 10, 50, 50, 20, false, true, 72, 9836929009
3, 4, 10, 10, 50, 50, 20, false, true, 73, 9926663516
3, 4, 10, 10, 50, 50, 20, false, true, 74, 8360179965
3, 4, 10, 10, 50, 50, 20, false, true, 75, 9927043086
3, 4, 10, 10, 50, 50, 20, false, true, 76, 9268905818
3, 4, 10, 10, 50, 50, 20, false, true, 77, 9894883756
3, 4, 10, 10, 50, 50, 20, false, true, 78, 8339773616
3, 4, 10, 10, 50, 50, 20, false, true, 79, 9526444973
3, 4, 10, 10, 50, 50, 20, false, true, 80, 9274242788
3, 4, 10, 10, 50, 50, 20, false, true, 81, 9720900398
3, 4, 10, 10, 50, 50, 20, false, true, 82, 9290287707
3, 4, 10, 10, 50, 50, 20, false, true, 83, 9906398781
3, 4, 10, 10, 50, 50, 20, false, true, 84, 9507777164
3, 4, 10, 10, 50, 50, 20, false, true, 85, 9585959299
3, 4, 10, 10, 50, 50, 20, false, true, 86, 9521934568
3, 4, 10, 10, 50, 50, 20, false, true, 87, 9749462549
3, 4, 10, 10, 50, 50, 20, false, true, 88, 9030758760
3, 4, 10, 10, 50, 50, 20, false, true, 89, 9262203011
3, 4, 10, 10, 50, 50, 20, false, true, 90, 9514980703
3, 4, 10, 10, 50, 50, 20, false, true, 91, 8764776621
3, 4, 10, 10, 50, 50, 20, false, true, 92, 9060175750
3, 4, 10, 10, 50, 50, 20, false, true, 93, 9900574431
3, 4, 10, 10, 50, 50, 20, false, true, 94, 9481580474
3, 4, 10, 10, 50, 50, 20, false, true, 95, 9815365804
3, 4, 10, 10, 50, 50, 20, false, true, 96, 8388466200
3, 4, 10, 10, 50, 50, 20, false, true, 97, 9909652717
3, 4, 10, 10, 50, 50, 20, false, true, 98, 9257624108
3, 4, 10, 10, 50, 50, 20, false, true, 99, 9497109953
3, 4, 10, 10, 50, 50, 21, false, true, 0, 8769091371
3, 4, 10, 10, 50, 50, 21, false, true, 1, 13154992954
3, 4, 10, 10, 50, 50, 21, false, true, 2, 8678647711
3, 4, 10, 10, 50, 50, 21, false, true, 3, 13882768978
3, 4, 10, 10, 50, 50, 21, false, true, 4, 8824195755
3, 4, 10, 10, 50, 50, 21, false, true, 5, 13795901019
3, 4, 10, 10, 50, 50, 21, false, true, 6, 8759267762
3, 4, 10, 10, 50, 50, 21, false, true, 7, 12983763496
3, 4, 10, 10, 50, 50, 21, false, true, 8, 13115703743
3, 4, 10, 10, 50, 50, 21, false, true, 9, 8760706268
3, 4, 10, 10, 50, 50, 21, false, true, 10, 13034876955
3, 4, 10, 10, 50, 50, 21, false, true, 11, 8775594870
3, 4, 10, 10, 50, 50, 21, false, true, 12, 13098806659
3, 4, 10, 10, 50, 50, 21, false, true, 13, 8754364880
3, 4, 10, 10, 50, 50, 21, false, true, 14, 11780075897
3, 4, 10, 10, 50, 50, 21, false, true, 15, 8753398512
3, 4, 10, 10, 50, 50, 21, false, true, 16, 12262559352
3, 4, 10, 10, 50, 50, 21, false, true, 17, 8712367456
3, 4, 10, 10, 50, 50, 21, false, true, 18, 13159777300
3, 4, 10, 10, 50, 50, 21, false, true, 19, 8120084428
3, 4, 10, 10, 50, 50, 21, false, true, 20, 8772900534
3, 4, 10, 10, 50, 50, 21, false, true, 21, 13834668536
3, 4, 10, 10, 50, 50, 21, false, true, 22, 8746201985
3, 4, 10, 10, 50, 50, 21, false, true, 23, 13829086367
3, 4, 10, 10, 50, 50, 21, false, true, 24, 8681469189
3, 4, 10, 10, 50, 50, 21, false, true, 25, 12276293558
3, 4, 10, 10, 50, 50, 21, false, true, 26, 8749274644
3, 4, 10, 10, 50, 50, 21, false, true, 27, 13139311295
3, 4, 10, 10, 50, 50, 21, false, true, 28, 8766452565
3, 4, 10, 10, 50, 50, 21, false, true, 29, 13002378469
3, 4, 10, 10, 50, 50, 21, false, true, 30, 8769541736
3, 4, 10, 10, 50, 50, 21, false, true, 31, 8724816277
3, 4, 10, 10, 50, 50, 21, false, true, 32, 13121397744
3, 4, 10, 10, 50, 50, 21, false, true, 33, 8767349014
3, 4, 10, 10, 50, 50, 21, false, true, 34, 12214530531
3, 4, 10, 10, 50, 50, 21, false, true, 35, 8749776591
3, 4, 10, 10, 50, 50, 21, false, true, 36, 11780939330
3, 4, 10, 10, 50, 50, 21, false, true, 37, 8787274782
3, 4, 10, 10, 50, 50, 21, false, true, 38, 11689948280
3, 4, 10, 10, 50, 50, 21, false, true, 39, 8744274714
3, 4, 10, 10, 50, 50, 21, false, true, 40, 8647515903
3, 4, 10, 10, 50, 50, 21, false, true, 41, 8783587121
3, 4, 10, 10, 50, 50, 21, false, true, 42, 8286109921
3, 4, 10, 10, 50, 50, 21, false, true, 43, 8752739997
3, 4, 10, 10, 50, 50, 21, false, true, 44, 11764999181
3, 4, 10, 10, 50, 50, 21, false, true, 45, 8740391558
3, 4, 10, 10, 50, 50, 21, false, true, 46, 8662015787
3, 4, 10, 10, 50, 50, 21, false, true, 47, 8750950315
3, 4, 10, 10, 50, 50, 21, false, true, 48, 8112495647
3, 4, 10, 10, 50, 50, 21, false, true, 49, 8816031875
3, 4, 10, 10, 50, 50, 21, false, true, 50, 8263268762
3, 4, 10, 10, 50, 50, 21, false, true, 51, 8791264527
3, 4, 10, 10, 50, 50, 21, false, true, 52, 8109287887
3, 4, 10, 10, 50, 50, 21, false, true, 53, 8807782707
3, 4, 10, 10, 50, 50, 21, false, true, 54, 8751114005
3, 4, 10, 10, 50, 50, 21, false, true, 55, 13199952871
3, 4, 10, 10, 50, 50, 21, false, true, 56, 8833082299
3, 4, 10, 10, 50, 50, 21, false, true, 57, 12356091207
3, 4, 10, 10, 50, 50, 21, false, true, 58, 8763508083
3, 4, 10, 10, 50, 50, 21, false, true, 59, 12407067147
3, 4, 10, 10, 50, 50, 21, false, true, 60, 13342717378
3, 4, 10, 10, 50, 50, 21, false, true, 61, 13281622924
3, 4, 10, 10, 50, 50, 21, false, true, 62, 13126496089
3, 4, 10, 10, 50, 50, 21, false, true, 63, 13084720421
3, 4, 10, 10, 50, 50, 21, false, true, 64, 13031281650
3, 4, 10, 10, 50, 50, 21, false, true, 65, 9077082797
3, 4, 10, 10, 50, 50, 21, false, true, 66, 13305091518
3, 4, 10, 10, 50, 50, 21, false, true, 67, 8772219970
3, 4, 10, 10, 50, 50, 21, false, true, 68, 8818801047
3, 4, 10, 10, 50, 50, 21, false, true, 69, 8823530666
3, 4, 10, 10, 50, 50, 21, false, true, 70, 8148409203
3, 4, 10, 10, 50, 50, 21, false, true, 71, 8789722270
3, 4, 10, 10, 50, 50, 21, false, true, 72, 8150216810
3, 4, 10, 10, 50, 50, 21, false, true, 73, 13909951803
3, 4, 10, 10, 50, 50, 21, false, true, 74, 8801231410
3, 4, 10, 10, 50, 50, 21, false, true, 75, 8815766156
3, 4, 10, 10, 50, 50, 21, false, true, 76, 8859099020
3, 4, 10, 10, 50, 50, 21, false, true, 77, 13215847085
3, 4, 10, 10, 50, 50, 21, false, true, 78, 13179030164
3, 4, 10, 10, 50, 50, 21, false, true, 79, 13216886190
3, 4, 10, 10, 50, 50, 21, false, true, 80, 13203584115
3, 4, 10, 10, 50, 50, 21, false, true, 81, 9702067279
3, 4, 10, 10, 50, 50, 21, false, true, 82, 13301630398
3, 4, 10, 10, 50, 50, 21, false, true, 83, 9036478137
3, 4, 10, 10, 50, 50, 21, false, true, 84, 13227345033
3, 4, 10, 10, 50, 50, 21, false, true, 85, 13337696084
3, 4, 10, 10, 50, 50, 21, false, true, 86, 13222991102
3, 4, 10, 10, 50, 50, 21, false, true, 87, 8779590748
3, 4, 10, 10, 50, 50, 21, false, true, 88, 12982881706
3, 4, 10, 10, 50, 50, 21, false, true, 89, 8763861266
3, 4, 10, 10, 50, 50, 21, false, true, 90, 8760482832
3, 4, 10, 10, 50, 50, 21, false, true, 91, 8766144346
3, 4, 10, 10, 50, 50, 21, false, true, 92, 8758601773
3, 4, 10, 10, 50, 50, 21, false, true, 93, 13127771758
3, 4, 10, 10, 50, 50, 21, false, true, 94, 8678663426
3, 4, 10, 10, 50, 50, 21, false, true, 95, 13902336609
3, 4, 10, 10, 50, 50, 21, false, true, 96, 8770815653
3, 4, 10, 10, 50, 50, 21, false, true, 97, 13822103747
3, 4, 10, 10, 50, 50, 21, false, true, 98, 8804840946
3, 4, 10, 10, 50, 50, 21, false, true, 99, 13118746341
3, 4, 10, 10, 50, 50, 22, false, true, 0, 30003681691
3, 4, 10, 10, 50, 50, 22, false, true, 1, 30001103011
3, 4, 10, 10, 50, 50, 22, false, true, 2, 30001135135
3, 4, 10, 10, 50, 50, 22, false, true, 3, 30001106591
3, 4, 10, 10, 50, 50, 22, false, true, 4, 30001130029
3, 4, 10, 10, 50, 50, 22, false, true, 5, 30001178982
3, 4, 10, 10, 50, 50, 22, false, true, 6, 30001081430
3, 4, 10, 10, 50, 50, 22, false, true, 7, 30001092556
3, 4, 10, 10, 50, 50, 22, false, true, 8, 30001099178
3, 4, 10, 10, 50, 50, 22, false, true, 9, 30001064654
3, 4, 10, 10, 50, 50, 22, false, true, 10, 30001073091
3, 4, 10, 10, 50, 50, 22, false, true, 11, 30003223441
3, 4, 10, 10, 50, 50, 22, false, true, 12, 30001101052
3, 4, 10, 10, 50, 50, 22, false, true, 13, 30001184015
3, 4, 10, 10, 50, 50, 22, false, true, 14, 30001135017
3, 4, 10, 10, 50, 50, 22, false, true, 15, 30001103366
3, 4, 10, 10, 50, 50, 22, false, true, 16, 30001088985
3, 4, 10, 10, 50, 50, 22, false, true, 17, 30004212863
3, 4, 10, 10, 50, 50, 22, false, true, 18, 30001112198
3, 4, 10, 10, 50, 50, 22, false, true, 19, 30001098934
3, 4, 10, 10, 50, 50, 22, false, true, 20, 30001083637
3, 4, 10, 10, 50, 50, 22, false, true, 21, 30001113729
3, 4, 10, 10, 50, 50, 22, false, true, 22, 30001134037
3, 4, 10, 10, 50, 50, 22, false, true, 23, 30001138231
3, 4, 10, 10, 50, 50, 22, false, true, 24, 30001116309
3, 4, 10, 10, 50, 50, 22, false, true, 25, 30001187340
3, 4, 10, 10, 50, 50, 22, false, true, 26, 30001113329
3, 4, 10, 10, 50, 50, 22, false, true, 27, 30001109936
3, 4, 10, 10, 50, 50, 22, false, true, 28, 30003391586
3, 4, 10, 10, 50, 50, 22, false, true, 29, 30001114326
3, 4, 10, 10, 50, 50, 22, false, true, 30, 30001133894
3, 4, 10, 10, 50, 50, 22, false, true, 31, 30001091849
3, 4, 10, 10, 50, 50, 22, false, true, 32, 30001062452
3, 4, 10, 10, 50, 50, 22, false, true, 33, 30001093964
3, 4, 10, 10, 50, 50, 22, false, true, 34, 30001136799
3, 4, 10, 10, 50, 50, 22, false, true, 35, 30001199167
3, 4, 10, 10, 50, 50, 22, false, true, 36, 30001095798
3, 4, 10, 10, 50, 50, 22, false, true, 37, 30001067010
3, 4, 10, 10, 50, 50, 22, false, true, 38, 30001092393
3, 4, 10, 10, 50, 50, 22, false, true, 39, 30001096413
3, 4, 10, 10, 50, 50, 22, false, true, 40, 30001108896
3, 4, 10, 10, 50, 50, 22, false, true, 41, 30001071404
3, 4, 10, 10, 50, 50, 22, false, true, 42, 30001120636
3, 4, 10, 10, 50, 50, 22, false, true, 43, 30001078147
3, 4, 10, 10, 50, 50, 22, false, true, 44, 30001101314
3, 4, 10, 10, 50, 50, 22, false, true, 45, 30001098674
3, 4, 10, 10, 50, 50, 22, false, true, 46, 30001122273
3, 4, 10, 10, 50, 50, 22, false, true, 47, 30001082056
3, 4, 10, 10, 50, 50, 22, false, true, 48, 30001092533
3, 4, 10, 10, 50, 50, 22, false, true, 49, 30001103500
3, 4, 10, 10, 50, 50, 22, false, true, 50, 30001067480
3, 4, 10, 10, 50, 50, 22, false, true, 51, 30001079156
3, 4, 10, 10, 50, 50, 22, false, true, 52, 30001063796
3, 4, 10, 10, 50, 50, 22, false, true, 53, 30001092505
3, 4, 10, 10, 50, 50, 22, false, true, 54, 30001107140
3, 4, 10, 10, 50, 50, 22, false, true, 55, 30001087801
3, 4, 10, 10, 50, 50, 22, false, true, 56, 30001096758
3, 4, 10, 10, 50, 50, 22, false, true, 57, 30001098817
3, 4, 10, 10, 50, 50, 22, false, true, 58, 30001064221
3, 4, 10, 10, 50, 50, 22, false, true, 59, 30001083395
3, 4, 10, 10, 50, 50, 22, false, true, 60, 30001070355
3, 4, 10, 10, 50, 50, 22, false, true, 61, 30001104468
3, 4, 10, 10, 50, 50, 22, false, true, 62, 30001080395
3, 4, 10, 10, 50, 50, 22, false, true, 63, 30001069110
3, 4, 10, 10, 50, 50, 22, false, true, 64, 30001069337
3, 4, 10, 10, 50, 50, 22, false, true, 65, 30001087109
3, 4, 10, 10, 50, 50, 22, false, true, 66, 30001093585
3, 4, 10, 10, 50, 50, 22, false, true, 67, 30001047124
3, 4, 10, 10, 50, 50, 22, false, true, 68, 30001105702
3, 4, 10, 10, 50, 50, 22, false, true, 69, 30001146852
3, 4, 10, 10, 50, 50, 22, false, true, 70, 30001122435
3, 4, 10, 10, 50, 50, 22, false, true, 71, 30001068725
3, 4, 10, 10, 50, 50, 22, false, true, 72, 30001057371
3, 4, 10, 10, 50, 50, 22, false, true, 73, 30001062083
3, 4, 10, 10, 50, 50, 22, false, true, 74, 30001081601
3, 4, 10, 10, 50, 50, 22, false, true, 75, 30001112280
3, 4, 10, 10, 50, 50, 22, false, true, 76, 30001114351
3, 4, 10, 10, 50, 50, 22, false, true, 77, 30001073778
3, 4, 10, 10, 50, 50, 22, false, true, 78, 30001065493
3, 4, 10, 10, 50, 50, 22, false, true, 79, 30001123357
3, 4, 10, 10, 50, 50, 22, false, true, 80, 30001086864
3, 4, 10, 10, 50, 50, 22, false, true, 81, 30001086197
3, 4, 10, 10, 50, 50, 22, false, true, 82, 30001116374
3, 4, 10, 10, 50, 50, 22, false, true, 83, 30001064848
3, 4, 10, 10, 50, 50, 22, false, true, 84, 30001093604
3, 4, 10, 10, 50, 50, 22, false, true, 85, 30001083004
3, 4, 10, 10, 50, 50, 22, false, true, 86, 30001104275
3, 4, 10, 10, 50, 50, 22, false, true, 87, 30001168801
3, 4, 10, 10, 50, 50, 22, false, true, 88, 30001111253
3, 4, 10, 10, 50, 50, 22, false, true, 89, 30001072079
3, 4, 10, 10, 50, 50, 22, false, true, 90, 30001059570
3, 4, 10, 10, 50, 50, 22, false, true, 91, 30001125136
3, 4, 10, 10, 50, 50, 22, false, true, 92, 30001113290
3, 4, 10, 10, 50, 50, 22, false, true, 93, 30001071659
3, 4, 10, 10, 50, 50, 22, false, true, 94, 30001081621
3, 4, 10, 10, 50, 50, 22, false, true, 95, 30001160840
3, 4, 10, 10, 50, 50, 22, false, true, 96, 30001079493
3, 4, 10, 10, 50, 50, 22, false, true, 97, 30001075266
3, 4, 10, 10, 50, 50, 22, false, true, 98, 30001100114
3, 4, 10, 10, 50, 50, 22, false, true, 99, 30001070429
