3, 4, 10, 10, 50, 50, 5, false, true, 0, 34930236
3, 4, 10, 10, 50, 50, 5, false, true, 1, 32847664
3, 4, 10, 10, 50, 50, 5, false, true, 2, 34933114
3, 4, 10, 10, 50, 50, 5, false, true, 3, 32810484
3, 4, 10, 10, 50, 50, 5, false, true, 4, 34980527
3, 4, 10, 10, 50, 50, 5, false, true, 5, 35430026
3, 4, 10, 10, 50, 50, 5, false, true, 6, 35309242
3, 4, 10, 10, 50, 50, 5, false, true, 7, 29956411
3, 4, 10, 10, 50, 50, 5, false, true, 8, 35012226
3, 4, 10, 10, 50, 50, 5, false, true, 9, 32673688
3, 4, 10, 10, 50, 50, 5, false, true, 10, 32078196
3, 4, 10, 10, 50, 50, 5, false, true, 11, 32725454
3, 4, 10, 10, 50, 50, 5, false, true, 12, 29018472
3, 4, 10, 10, 50, 50, 5, false, true, 13, 32774350
3, 4, 10, 10, 50, 50, 5, false, true, 14, 32897256
3, 4, 10, 10, 50, 50, 5, false, true, 15, 32772203
3, 4, 10, 10, 50, 50, 5, false, true, 16, 30480194
3, 4, 10, 10, 50, 50, 5, false, true, 17, 32812237
3, 4, 10, 10, 50, 50, 5, false, true, 18, 28957140
3, 4, 10, 10, 50, 50, 5, false, true, 19, 32628865
3, 4, 10, 10, 50, 50, 5, false, true, 20, 33238519
3, 4, 10, 10, 50, 50, 5, false, true, 21, 32833929
3, 4, 10, 10, 50, 50, 5, false, true, 22, 35154309
3, 4, 10, 10, 50, 50, 5, false, true, 23, 31088830
3, 4, 10, 10, 50, 50, 5, false, true, 24, 34936718
3, 4, 10, 10, 50, 50, 5, false, true, 25, 29769295
3, 4, 10, 10, 50, 50, 5, false, true, 26, 35079121
3, 4, 10, 10, 50, 50, 5, false, true, 27, 35574838
3, 4, 10, 10, 50, 50, 5, false, true, 28, 35297364
3, 4, 10, 10, 50, 50, 5, false, true, 29, 35836011
3, 4, 10, 10, 50, 50, 5, false, true, 30, 35138781
3, 4, 10, 10, 50, 50, 5, false, true, 31, 29825224
3, 4, 10, 10, 50, 50, 5, false, true, 32, 35433699
3, 4, 10, 10, 50, 50, 5, false, true, 33, 32815609
3, 4, 10, 10, 50, 50, 5, false, true, 34, 28793129
3, 4, 10, 10, 50, 50, 5, false, true, 35, 32680628
3, 4, 10, 10, 50, 50, 5, false, true, 36, 28896160
3, 4, 10, 10, 50, 50, 5, false, true, 37, 33364372
3, 4, 10, 10, 50, 50, 5, false, true, 38, 32923089
3, 4, 10, 10, 50, 50, 5, false, true, 39, 32701851
3, 4, 10, 10, 50, 50, 5, false, true, 40, 33528193
3, 4, 10, 10, 50, 50, 5, false, true, 41, 32969838
3, 4, 10, 10, 50, 50, 5, false, true, 42, 30982705
3, 4, 10, 10, 50, 50, 5, false, true, 43, 33060713
3, 4, 10, 10, 50, 50, 5, false, true, 44, 30869717
3, 4, 10, 10, 50, 50, 5, false, true, 45, 32698561
3, 4, 10, 10, 50, 50, 5, false, true, 46, 30716523
3, 4, 10, 10, 50, 50, 5, false, true, 47, 32764351
3, 4, 10, 10, 50, 50, 5, false, true, 48, 31103218
3, 4, 10, 10, 50, 50, 5, false, true, 49, 32797855
3, 4, 10, 10, 50, 50, 5, false, true, 50, 29292375
3, 4, 10, 10, 50, 50, 5, false, true, 51, 32739687
3, 4, 10, 10, 50, 50, 5, false, true, 52, 35020358
3, 4, 10, 10, 50, 50, 5, false, true, 53, 29726609
3, 4, 10, 10, 50, 50, 5, false, true, 54, 34928785
3, 4, 10, 10, 50, 50, 5, false, true, 55, 32724823
3, 4, 10, 10, 50, 50, 5, false, true, 56, 35105680
3, 4, 10, 10, 50, 50, 5, false, true, 57, 32919033
3, 4, 10, 10, 50, 50, 5, false, true, 58, 29906253
3, 4, 10, 10, 50, 50, 5, false, true, 59, 31760559
3, 4, 10, 10, 50, 50, 5, false, true, 60, 32469860
3, 4, 10, 10, 50, 50, 5, false, true, 61, 31219601
3, 4, 10, 10, 50, 50, 5, false, true, 62, 32459499
3, 4, 10, 10, 50, 50, 5, false, true, 63, 27485876
3, 4, 10, 10, 50, 50, 5, false, true, 64, 32597911
3, 4, 10, 10, 50, 50, 5, false, true, 65, 32702858
3, 4, 10, 10, 50, 50, 5, false, true, 66, 29723457
3, 4, 10, 10, 50, 50, 5, false, true, 67, 32903066
3, 4, 10, 10, 50, 50, 5, false, true, 68, 29521977
3, 4, 10, 10, 50, 50, 5, false, true, 69, 32820414
3, 4, 10, 10, 50, 50, 5, false, true, 70, 29340150
3, 4, 10, 10, 50, 50, 5, false, true, 71, 29616476
3, 4, 10, 10, 50, 50, 5, false, true, 72, 35061886
3, 4, 10, 10, 50, 50, 5, false, true, 73, 32627605
3, 4, 10, 10, 50, 50, 5, false, true, 74, 35347264
3, 4, 10, 10, 50, 50, 5, false, true, 75, 29928760
3, 4, 10, 10, 50, 50, 5, false, true, 76, 35217584
3, 4, 10, 10, 50, 50, 5, false, true, 77, 33192425
3, 4, 10, 10, 50, 50, 5, false, true, 78, 32766977
3, 4, 10, 10, 50, 50, 5, false, true, 79, 32686156
3, 4, 10, 10, 50, 50, 5, false, true, 80, 29699499
3, 4, 10, 10, 50, 50, 5, false, true, 81, 30150397
3, 4, 10, 10, 50, 50, 5, false, true, 82, 32478217
3, 4, 10, 10, 50, 50, 5, false, true, 83, 29628609
3, 4, 10, 10, 50, 50, 5, false, true, 84, 32432432
3, 4, 10, 10, 50, 50, 5, false, true, 85, 32773751
3, 4, 10, 10, 50, 50, 5, false, true, 86, 31014095
3, 4, 10, 10, 50, 50, 5, false, true, 87, 34384163
3, 4, 10, 10, 50, 50, 5, false, true, 88, 33221804
3, 4, 10, 10, 50, 50, 5, false, true, 89, 33034735
3, 4, 10, 10, 50, 50, 5, false, true, 90, 29868737
3, 4, 10, 10, 50, 50, 5, false, true, 91, 32689467
3, 4, 10, 10, 50, 50, 5, false, true, 92, 34928237
3, 4, 10, 10, 50, 50, 5, false, true, 93, 32745165
3, 4, 10, 10, 50, 50, 5, false, true, 94, 34975376
3, 4, 10, 10, 50, 50, 5, false, true, 95, 32966082
3, 4, 10, 10, 50, 50, 5, false, true, 96, 34913244
3, 4, 10, 10, 50, 50, 5, false, true, 97, 32328287
3, 4, 10, 10, 50, 50, 5, false, true, 98, 32796159
3, 4, 10, 10, 50, 50, 5, false, true, 99, 29822103
3, 4, 10, 10, 50, 50, 6, false, true, 0, 41100051
3, 4, 10, 10, 50, 50, 6, false, true, 1, 47210330
3, 4, 10, 10, 50, 50, 6, false, true, 2, 41349323
3, 4, 10, 10, 50, 50, 6, false, true, 3, 41142032
3, 4, 10, 10, 50, 50, 6, false, true, 4, 47820336
3, 4, 10, 10, 50, 50, 6, false, true, 5, 39236669
3, 4, 10, 10, 50, 50, 6, false, true, 6, 42697907
3, 4, 10, 10, 50, 50, 6, false, true, 7, 39488650
3, 4, 10, 10, 50, 50, 6, false, true, 8, 42975109
3, 4, 10, 10, 50, 50, 6, false, true, 9, 39279507
3, 4, 10, 10, 50, 50, 6, false, true, 10, 39175876
3, 4, 10, 10, 50, 50, 6, false, true, 11, 39269785
3, 4, 10, 10, 50, 50, 6, false, true, 12, 41433921
3, 4, 10, 10, 50, 50, 6, false, true, 13, 39499003
3, 4, 10, 10, 50, 50, 6, false, true, 14, 41318007
3, 4, 10, 10, 50, 50, 6, false, true, 15, 47446157
3, 4, 10, 10, 50, 50, 6, false, true, 16, 41074849
3, 4, 10, 10, 50, 50, 6, false, true, 17, 41426481
3, 4, 10, 10, 50, 50, 6, false, true, 18, 39505305
3, 4, 10, 10, 50, 50, 6, false, true, 19, 44982321
3, 4, 10, 10, 50, 50, 6, false, true, 20, 41332451
3, 4, 10, 10, 50, 50, 6, false, true, 21, 42858273
3, 4, 10, 10, 50, 50, 6, false, true, 22, 41111233
3, 4, 10, 10, 50, 50, 6, false, true, 23, 47378679
3, 4, 10, 10, 50, 50, 6, false, true, 24, 40966565
3, 4, 10, 10, 50, 50, 6, false, true, 25, 42963254
3, 4, 10, 10, 50, 50, 6, false, true, 26, 40453361
3, 4, 10, 10, 50, 50, 6, false, true, 27, 39493219
3, 4, 10, 10, 50, 50, 6, false, true, 28, 39232885
3, 4, 10, 10, 50, 50, 6, false, true, 29, 39354435
3, 4, 10, 10, 50, 50, 6, false, true, 30, 42645492
3, 4, 10, 10, 50, 50, 6, false, true, 31, 39470587
3, 4, 10, 10, 50, 50, 6, false, true, 32, 45075284
3, 4, 10, 10, 50, 50, 6, false, true, 33, 39232112
3, 4, 10, 10, 50, 50, 6, false, true, 34, 47536648
3, 4, 10, 10, 50, 50, 6, false, true, 35, 39567151
3, 4, 10, 10, 50, 50, 6, false, true, 36, 39275825
3, 4, 10, 10, 50, 50, 6, false, true, 37, 39685048
3, 4, 10, 10, 50, 50, 6, false, true, 38, 37766614
3, 4, 10, 10, 50, 50, 6, false, true, 39, 45588233
3, 4, 10, 10, 50, 50, 6, false, true, 40, 41147529
3, 4, 10, 10, 50, 50, 6, false, true, 41, 42655619
3, 4, 10, 10, 50, 50, 6, false, true, 42, 40371735
3, 4, 10, 10, 50, 50, 6, false, true, 43, 41285485
3, 4, 10, 10, 50, 50, 6, false, true, 44, 41136822
3, 4, 10, 10, 50, 50, 6, false, true, 45, 38241530
3, 4, 10, 10, 50, 50, 6, false, true, 46, 47505152
3, 4, 10, 10, 50, 50, 6, false, true, 47, 41587268
3, 4, 10, 10, 50, 50, 6, false, true, 48, 40594902
3, 4, 10, 10, 50, 50, 6, false, true, 49, 42878132
3, 4, 10, 10, 50, 50, 6, false, true, 50, 41308515
3, 4, 10, 10, 50, 50, 6, false, true, 51, 39399430
3, 4, 10, 10, 50, 50, 6, false, true, 52, 37422706
3, 4, 10, 10, 50, 50, 6, false, true, 53, 39606330
3, 4, 10, 10, 50, 50, 6, false, true, 54, 37743234
3, 4, 10, 10, 50, 50, 6, false, true, 55, 39395848
3, 4, 10, 10, 50, 50, 6, false, true, 56, 40908866
3, 4, 10, 10, 50, 50, 6, false, true, 57, 39282490
3, 4, 10, 10, 50, 50, 6, false, true, 58, 39302745
3, 4, 10, 10, 50, 50, 6, false, true, 59, 40656413
3, 4, 10, 10, 50, 50, 6, false, true, 60, 41141188
3, 4, 10, 10, 50, 50, 6, false, true, 61, 41275997
3, 4, 10, 10, 50, 50, 6, false, true, 62, 37557557
3, 4, 10, 10, 50, 50, 6, false, true, 63, 39861227
3, 4, 10, 10, 50, 50, 6, false, true, 64, 43547195
3, 4, 10, 10, 50, 50, 6, false, true, 65, 39330415
3, 4, 10, 10, 50, 50, 6, false, true, 66, 40983393
3, 4, 10, 10, 50, 50, 6, false, true, 67, 40455229
3, 4, 10, 10, 50, 50, 6, false, true, 68, 40965746
3, 4, 10, 10, 50, 50, 6, false, true, 69, 41519106
3, 4, 10, 10, 50, 50, 6, false, true, 70, 41098632
3, 4, 10, 10, 50, 50, 6, false, true, 71, 40583550
3, 4, 10, 10, 50, 50, 6, false, true, 72, 41043315
3, 4, 10, 10, 50, 50, 6, false, true, 73, 47311376
3, 4, 10, 10, 50, 50, 6, false, true, 74, 48116740
3, 4, 10, 10, 50, 50, 6, false, true, 75, 40552148
3, 4, 10, 10, 50, 50, 6, false, true, 76, 47525133
3, 4, 10, 10, 50, 50, 6, false, true, 77, 39356063
3, 4, 10, 10, 50, 50, 6, false, true, 78, 40423816
3, 4, 10, 10, 50, 50, 6, false, true, 79, 39261871
3, 4, 10, 10, 50, 50, 6, false, true, 80, 42770618
3, 4, 10, 10, 50, 50, 6, false, true, 81, 39257166
3, 4, 10, 10, 50, 50, 6, false, true, 82, 47364865
3, 4, 10, 10, 50, 50, 6, false, true, 83, 39363091
3, 4, 10, 10, 50, 50, 6, false, true, 84, 38498365
3, 4, 10, 10, 50, 50, 6, false, true, 85, 39278859
3, 4, 10, 10, 50, 50, 6, false, true, 86, 41130856
3, 4, 10, 10, 50, 50, 6, false, true, 87, 41416035
3, 4, 10, 10, 50, 50, 6, false, true, 88, 43256995
3, 4, 10, 10, 50, 50, 6, false, true, 89, 47038583
3, 4, 10, 10, 50, 50, 6, false, true, 90, 41016683
3, 4, 10, 10, 50, 50, 6, false, true, 91, 41461426
3, 4, 10, 10, 50, 50, 6, false, true, 92, 40977053
3, 4, 10, 10, 50, 50, 6, false, true, 93, 47133127
3, 4, 10, 10, 50, 50, 6, false, true, 94, 41122118
3, 4, 10, 10, 50, 50, 6, false, true, 95, 41454836
3, 4, 10, 10, 50, 50, 6, false, true, 96, 41077605
3, 4, 10, 10, 50, 50, 6, false, true, 97, 39246849
3, 4, 10, 10, 50, 50, 6, false, true, 98, 43042061
3, 4, 10, 10, 50, 50, 6, false, true, 99, 39398298
3, 4, 10, 10, 50, 50, 7, false, true, 0, 110475855
3, 4, 10, 10, 50, 50, 7, false, true, 1, 98740625
3, 4, 10, 10, 50, 50, 7, false, true, 2, 116358930
3, 4, 10, 10, 50, 50, 7, false, true, 3, 97818559
3, 4, 10, 10, 50, 50, 7, false, true, 4, 110595695
3, 4, 10, 10, 50, 50, 7, false, true, 5, 97854846
3, 4, 10, 10, 50, 50, 7, false, true, 6, 102171934
3, 4, 10, 10, 50, 50, 7, false, true, 7, 97596702
3, 4, 10, 10, 50, 50, 7, false, true, 8, 119866100
3, 4, 10, 10, 50, 50, 7, false, true, 9, 109899800
3, 4, 10, 10, 50, 50, 7, false, true, 10, 98002987
3, 4, 10, 10, 50, 50, 7, false, true, 11, 112465858
3, 4, 10, 10, 50, 50, 7, false, true, 12, 98154270
3, 4, 10, 10, 50, 50, 7, false, true, 13, 116453110
3, 4, 10, 10, 50, 50, 7, false, true, 14, 97943339
3, 4, 10, 10, 50, 50, 7, false, true, 15, 117290277
3, 4, 10, 10, 50, 50, 7, false, true, 16, 98233310
3, 4, 10, 10, 50, 50, 7, false, true, 17, 116632765
3, 4, 10, 10, 50, 50, 7, false, true, 18, 118220255
3, 4, 10, 10, 50, 50, 7, false, true, 19, 104264616
3, 4, 10, 10, 50, 50, 7, false, true, 20, 112915916
3, 4, 10, 10, 50, 50, 7, false, true, 21, 97789157
3, 4, 10, 10, 50, 50, 7, false, true, 22, 110134195
3, 4, 10, 10, 50, 50, 7, false, true, 23, 98172398
3, 4, 10, 10, 50, 50, 7, false, true, 24, 112811866
3, 4, 10, 10, 50, 50, 7, false, true, 25, 97679512
3, 4, 10, 10, 50, 50, 7, false, true, 26, 111232632
3, 4, 10, 10, 50, 50, 7, false, true, 27, 98076678
3, 4, 10, 10, 50, 50, 7, false, true, 28, 96538058
3, 4, 10, 10, 50, 50, 7, false, true, 29, 97639714
3, 4, 10, 10, 50, 50, 7, false, true, 30, 91223049
3, 4, 10, 10, 50, 50, 7, false, true, 31, 97978099
3, 4, 10, 10, 50, 50, 7, false, true, 32, 98144145
3, 4, 10, 10, 50, 50, 7, false, true, 33, 111050967
3, 4, 10, 10, 50, 50, 7, false, true, 34, 117839896
3, 4, 10, 10, 50, 50, 7, false, true, 35, 116556768
3, 4, 10, 10, 50, 50, 7, false, true, 36, 97554937
3, 4, 10, 10, 50, 50, 7, false, true, 37, 110623308
3, 4, 10, 10, 50, 50, 7, false, true, 38, 118291096
3, 4, 10, 10, 50, 50, 7, false, true, 39, 98568325
3, 4, 10, 10, 50, 50, 7, false, true, 40, 117865595
3, 4, 10, 10, 50, 50, 7, false, true, 41, 106627791
3, 4, 10, 10, 50, 50, 7, false, true, 42, 113645486
3, 4, 10, 10, 50, 50, 7, false, true, 43, 115700643
3, 4, 10, 10, 50, 50, 7, false, true, 44, 102405649
3, 4, 10, 10, 50, 50, 7, false, true, 45, 98397836
3, 4, 10, 10, 50, 50, 7, false, true, 46, 96006744
3, 4, 10, 10, 50, 50, 7, false, true, 47, 98022960
3, 4, 10, 10, 50, 50, 7, false, true, 48, 97843309
3, 4, 10, 10, 50, 50, 7, false, true, 49, 97906021
3, 4, 10, 10, 50, 50, 7, false, true, 50, 95911624
3, 4, 10, 10, 50, 50, 7, false, true, 51, 98009040
3, 4, 10, 10, 50, 50, 7, false, true, 52, 97907007
3, 4, 10, 10, 50, 50, 7, false, true, 53, 110162767
3, 4, 10, 10, 50, 50, 7, false, true, 54, 98288099
3, 4, 10, 10, 50, 50, 7, false, true, 55, 97835777
3, 4, 10, 10, 50, 50, 7, false, true, 56, 98184787
3, 4, 10, 10, 50, 50, 7, false, true, 57, 105009843
3, 4, 10, 10, 50, 50, 7, false, true, 58, 118860823
3, 4, 10, 10, 50, 50, 7, false, true, 59, 106802861
3, 4, 10, 10, 50, 50, 7, false, true, 60, 113715394
3, 4, 10, 10, 50, 50, 7, false, true, 61, 97956853
3, 4, 10, 10, 50, 50, 7, false, true, 62, 113474591
3, 4, 10, 10, 50, 50, 7, false, true, 63, 99395582
3, 4, 10, 10, 50, 50, 7, false, true, 64, 113681449
3, 4, 10, 10, 50, 50, 7, false, true, 65, 97764586
3, 4, 10, 10, 50, 50, 7, false, true, 66, 117352079
3, 4, 10, 10, 50, 50, 7, false, true, 67, 97977431
3, 4, 10, 10, 50, 50, 7, false, true, 68, 97417177
3, 4, 10, 10, 50, 50, 7, false, true, 69, 97684826
3, 4, 10, 10, 50, 50, 7, false, true, 70, 98383115
3, 4, 10, 10, 50, 50, 7, false, true, 71, 118765825
3, 4, 10, 10, 50, 50, 7, false, true, 72, 98001518
3, 4, 10, 10, 50, 50, 7, false, true, 73, 97818311
3, 4, 10, 10, 50, 50, 7, false, true, 74, 101058734
3, 4, 10, 10, 50, 50, 7, false, true, 75, 110844830
3, 4, 10, 10, 50, 50, 7, false, true, 76, 98837479
3, 4, 10, 10, 50, 50, 7, false, true, 77, 110118500
3, 4, 10, 10, 50, 50, 7, false, true, 78, 98685594
3, 4, 10, 10, 50, 50, 7, false, true, 79, 116886262
3, 4, 10, 10, 50, 50, 7, false, true, 80, 98318522
3, 4, 10, 10, 50, 50, 7, false, true, 81, 98210055
3, 4, 10, 10, 50, 50, 7, false, true, 82, 97825016
3, 4, 10, 10, 50, 50, 7, false, true, 83, 110324003
3, 4, 10, 10, 50, 50, 7, false, true, 84, 97835117
3, 4, 10, 10, 50, 50, 7, false, true, 85, 110919768
3, 4, 10, 10, 50, 50, 7, false, true, 86, 98520837
3, 4, 10, 10, 50, 50, 7, false, true, 87, 116417779
3, 4, 10, 10, 50, 50, 7, false, true, 88, 97868428
3, 4, 10, 10, 50, 50, 7, false, true, 89, 113502725
3, 4, 10, 10, 50, 50, 7, false, true, 90, 98161065
3, 4, 10, 10, 50, 50, 7, false, true, 91, 98319900
3, 4, 10, 10, 50, 50, 7, false, true, 92, 109673399
3, 4, 10, 10, 50, 50, 7, false, true, 93, 98193568
3, 4, 10, 10, 50, 50, 7, false, true, 94, 117070763
3, 4, 10, 10, 50, 50, 7, false, true, 95, 98478910
3, 4, 10, 10, 50, 50, 7, false, true, 96, 110702438
3, 4, 10, 10, 50, 50, 7, false, true, 97, 97703862
3, 4, 10, 10, 50, 50, 7, false, true, 98, 113332794
3, 4, 10, 10, 50, 50, 7, false, true, 99, 98025106
3, 4, 10, 10, 50, 50, 8, false, true, 0, 234266808
3, 4, 10, 10, 50, 50, 8, false, true, 1, 238806887
3, 4, 10, 10, 50, 50, 8, false, true, 2, 239032389
3, 4, 10, 10, 50, 50, 8, false, true, 3, 245628960
3, 4, 10, 10, 50, 50, 8, false, true, 4, 237405093
3, 4, 10, 10, 50, 50, 8, false, true, 5, 255440365
3, 4, 10, 10, 50, 50, 8, false, true, 6, 240578062
3, 4, 10, 10, 50, 50, 8, false, true, 7, 233324577
3, 4, 10, 10, 50, 50, 8, false, true, 8, 240665750
3, 4, 10, 10, 50, 50, 8, false, true, 9, 254264853
3, 4, 10, 10, 50, 50, 8, false, true, 10, 237559052
3, 4, 10, 10, 50, 50, 8, false, true, 11, 234146682
3, 4, 10, 10, 50, 50, 8, false, true, 12, 246642390
3, 4, 10, 10, 50, 50, 8, false, true, 13, 235648030
3, 4, 10, 10, 50, 50, 8, false, true, 14, 240164888
3, 4, 10, 10, 50, 50, 8, false, true, 15, 239810595
3, 4, 10, 10, 50, 50, 8, false, true, 16, 239771359
3, 4, 10, 10, 50, 50, 8, false, true, 17, 237433809
3, 4, 10, 10, 50, 50, 8, false, true, 18, 235957789
3, 4, 10, 10, 50, 50, 8, false, true, 19, 237783708
3, 4, 10, 10, 50, 50, 8, false, true, 20, 242106908
3, 4, 10, 10, 50, 50, 8, false, true, 21, 238305667
3, 4, 10, 10, 50, 50, 8, false, true, 22, 254744409
3, 4, 10, 10, 50, 50, 8, false, true, 23, 237425116
3, 4, 10, 10, 50, 50, 8, false, true, 24, 246559855
3, 4, 10, 10, 50, 50, 8, false, true, 25, 237602563
3, 4, 10, 10, 50, 50, 8, false, true, 26, 239809495
3, 4, 10, 10, 50, 50, 8, false, true, 27, 236176336
3, 4, 10, 10, 50, 50, 8, false, true, 28, 240486560
3, 4, 10, 10, 50, 50, 8, false, true, 29, 234939073
3, 4, 10, 10, 50, 50, 8, false, true, 30, 239593833
3, 4, 10, 10, 50, 50, 8, false, true, 31, 232527692
3, 4, 10, 10, 50, 50, 8, false, true, 32, 245405743
3, 4, 10, 10, 50, 50, 8, false, true, 33, 261778569
3, 4, 10, 10, 50, 50, 8, false, true, 34, 245966270
3, 4, 10, 10, 50, 50, 8, false, true, 35, 236880799
3, 4, 10, 10, 50, 50, 8, false, true, 36, 245963923
3, 4, 10, 10, 50, 50, 8, false, true, 37, 241960372
3, 4, 10, 10, 50, 50, 8, false, true, 38, 253126148
3, 4, 10, 10, 50, 50, 8, false, true, 39, 237849171
3, 4, 10, 10, 50, 50, 8, false, true, 40, 240897751
3, 4, 10, 10, 50, 50, 8, false, true, 41, 237347767
3, 4, 10, 10, 50, 50, 8, false, true, 42, 237759465
3, 4, 10, 10, 50, 50, 8, false, true, 43, 237941623
3, 4, 10, 10, 50, 50, 8, false, true, 44, 238729914
3, 4, 10, 10, 50, 50, 8, false, true, 45, 245513538
3, 4, 10, 10, 50, 50, 8, false, true, 46, 239702822
3, 4, 10, 10, 50, 50, 8, false, true, 47, 237614572
3, 4, 10, 10, 50, 50, 8, false, true, 48, 240093827
3, 4, 10, 10, 50, 50, 8, false, true, 49, 237395433
3, 4, 10, 10, 50, 50, 8, false, true, 50, 246296133
3, 4, 10, 10, 50, 50, 8, false, true, 51, 235660567
3, 4, 10, 10, 50, 50, 8, false, true, 52, 247613520
3, 4, 10, 10, 50, 50, 8, false, true, 53, 244849423
3, 4, 10, 10, 50, 50, 8, false, true, 54, 246851402
3, 4, 10, 10, 50, 50, 8, false, true, 55, 255779518
3, 4, 10, 10, 50, 50, 8, false, true, 56, 246993372
3, 4, 10, 10, 50, 50, 8, false, true, 57, 261712649
3, 4, 10, 10, 50, 50, 8, false, true, 58, 261301563
3, 4, 10, 10, 50, 50, 8, false, true, 59, 237732655
3, 4, 10, 10, 50, 50, 8, false, true, 60, 256439174
3, 4, 10, 10, 50, 50, 8, false, true, 61, 237193547
3, 4, 10, 10, 50, 50, 8, false, true, 62, 240424756
3, 4, 10, 10, 50, 50, 8, false, true, 63, 237445417
3, 4, 10, 10, 50, 50, 8, false, true, 64, 240501842
3, 4, 10, 10, 50, 50, 8, false, true, 65, 240168576
3, 4, 10, 10, 50, 50, 8, false, true, 66, 238122774
3, 4, 10, 10, 50, 50, 8, false, true, 67, 245130378
3, 4, 10, 10, 50, 50, 8, false, true, 68, 239704491
3, 4, 10, 10, 50, 50, 8, false, true, 69, 245335331
3, 4, 10, 10, 50, 50, 8, false, true, 70, 241149026
3, 4, 10, 10, 50, 50, 8, false, true, 71, 252854752
3, 4, 10, 10, 50, 50, 8, false, true, 72, 237918393
3, 4, 10, 10, 50, 50, 8, false, true, 73, 246325693
3, 4, 10, 10, 50, 50, 8, false, true, 74, 247036834
3, 4, 10, 10, 50, 50, 8, false, true, 75, 238509965
3, 4, 10, 10, 50, 50, 8, false, true, 76, 255082263
3, 4, 10, 10, 50, 50, 8, false, true, 77, 237496219
3, 4, 10, 10, 50, 50, 8, false, true, 78, 245335427
3, 4, 10, 10, 50, 50, 8, false, true, 79, 238204190
3, 4, 10, 10, 50, 50, 8, false, true, 80, 238061599
3, 4, 10, 10, 50, 50, 8, false, true, 81, 238970365
3, 4, 10, 10, 50, 50, 8, false, true, 82, 237013251
3, 4, 10, 10, 50, 50, 8, false, true, 83, 237293584
3, 4, 10, 10, 50, 50, 8, false, true, 84, 236460336
3, 4, 10, 10, 50, 50, 8, false, true, 85, 237893552
3, 4, 10, 10, 50, 50, 8, false, true, 86, 241378341
3, 4, 10, 10, 50, 50, 8, false, true, 87, 245228532
3, 4, 10, 10, 50, 50, 8, false, true, 88, 240250346
3, 4, 10, 10, 50, 50, 8, false, true, 89, 246350748
3, 4, 10, 10, 50, 50, 8, false, true, 90, 240017378
3, 4, 10, 10, 50, 50, 8, false, true, 91, 225242687
3, 4, 10, 10, 50, 50, 8, false, true, 92, 240058078
3, 4, 10, 10, 50, 50, 8, false, true, 93, 245650917
3, 4, 10, 10, 50, 50, 8, false, true, 94, 240469806
3, 4, 10, 10, 50, 50, 8, false, true, 95, 255403910
3, 4, 10, 10, 50, 50, 8, false, true, 96, 240288796
3, 4, 10, 10, 50, 50, 8, false, true, 97, 246050457
3, 4, 10, 10, 50, 50, 8, false, true, 98, 238959476
3, 4, 10, 10, 50, 50, 8, false, true, 99, 233383708
3, 4, 10, 10, 50, 50, 9, false, true, 0, 409108937
3, 4, 10, 10, 50, 50, 9, false, true, 1, 433728047
3, 4, 10, 10, 50, 50, 9, false, true, 2, 409069616
3, 4, 10, 10, 50, 50, 9, false, true, 3, 433862587
3, 4, 10, 10, 50, 50, 9, false, true, 4, 407003747
3, 4, 10, 10, 50, 50, 9, false, true, 5, 420502956
3, 4, 10, 10, 50, 50, 9, false, true, 6, 408428084
3, 4, 10, 10, 50, 50, 9, false, true, 7, 411770505
3, 4, 10, 10, 50, 50, 9, false, true, 8, 423475317
3, 4, 10, 10, 50, 50, 9, false, true, 9, 410923316
3, 4, 10, 10, 50, 50, 9, false, true, 10, 431114445
3, 4, 10, 10, 50, 50, 9, false, true, 11, 408892297
3, 4, 10, 10, 50, 50, 9, false, true, 12, 379234008
3, 4, 10, 10, 50, 50, 9, false, true, 13, 407245586
3, 4, 10, 10, 50, 50, 9, false, true, 14, 438141353
3, 4, 10, 10, 50, 50, 9, false, true, 15, 408382979
3, 4, 10, 10, 50, 50, 9, false, true, 16, 387572690
3, 4, 10, 10, 50, 50, 9, false, true, 17, 411049680
3, 4, 10, 10, 50, 50, 9, false, true, 18, 408970130
3, 4, 10, 10, 50, 50, 9, false, true, 19, 411733617
3, 4, 10, 10, 50, 50, 9, false, true, 20, 444603969
3, 4, 10, 10, 50, 50, 9, false, true, 21, 414712339
3, 4, 10, 10, 50, 50, 9, false, true, 22, 411578245
3, 4, 10, 10, 50, 50, 9, false, true, 23, 388890274
3, 4, 10, 10, 50, 50, 9, false, true, 24, 397041053
3, 4, 10, 10, 50, 50, 9, false, true, 25, 390135185
3, 4, 10, 10, 50, 50, 9, false, true, 26, 396780576
3, 4, 10, 10, 50, 50, 9, false, true, 27, 425620359
3, 4, 10, 10, 50, 50, 9, false, true, 28, 397097751
3, 4, 10, 10, 50, 50, 9, false, true, 29, 386842450
3, 4, 10, 10, 50, 50, 9, false, true, 30, 412539451
3, 4, 10, 10, 50, 50, 9, false, true, 31, 426977227
3, 4, 10, 10, 50, 50, 9, false, true, 32, 395719477
3, 4, 10, 10, 50, 50, 9, false, true, 33, 412207301
3, 4, 10, 10, 50, 50, 9, false, true, 34, 442739458
3, 4, 10, 10, 50, 50, 9, false, true, 35, 413689222
3, 4, 10, 10, 50, 50, 9, false, true, 36, 382705240
3, 4, 10, 10, 50, 50, 9, false, true, 37, 413018921
3, 4, 10, 10, 50, 50, 9, false, true, 38, 413054033
3, 4, 10, 10, 50, 50, 9, false, true, 39, 416215424
3, 4, 10, 10, 50, 50, 9, false, true, 40, 412509509
3, 4, 10, 10, 50, 50, 9, false, true, 41, 412010007
3, 4, 10, 10, 50, 50, 9, false, true, 42, 412537361
3, 4, 10, 10, 50, 50, 9, false, true, 43, 405290796
3, 4, 10, 10, 50, 50, 9, false, true, 44, 408433245
3, 4, 10, 10, 50, 50, 9, false, true, 45, 409675807
3, 4, 10, 10, 50, 50, 9, false, true, 46, 394114364
3, 4, 10, 10, 50, 50, 9, false, true, 47, 427663785
3, 4, 10, 10, 50, 50, 9, false, true, 48, 394711469
3, 4, 10, 10, 50, 50, 9, false, true, 49, 420738665
3, 4, 10, 10, 50, 50, 9, false, true, 50, 395795148
3, 4, 10, 10, 50, 50, 9, false, true, 51, 408703634
3, 4, 10, 10, 50, 50, 9, false, true, 52, 385813129
3, 4, 10, 10, 50, 50, 9, false, true, 53, 409374487
3, 4, 10, 10, 50, 50, 9, false, true, 54, 386428140
3, 4, 10, 10, 50, 50, 9, false, true, 55, 409539077
3, 4, 10, 10, 50, 50, 9, false, true, 56, 408495421
3, 4, 10, 10, 50, 50, 9, false, true, 57, 409799786
3, 4, 10, 10, 50, 50, 9, false, true, 58, 409787707
3, 4, 10, 10, 50, 50, 9, false, true, 59, 400519441
3, 4, 10, 10, 50, 50, 9, false, true, 60, 407411471
3, 4, 10, 10, 50, 50, 9, false, true, 61, 400235839
3, 4, 10, 10, 50, 50, 9, false, true, 62, 407337565
3, 4, 10, 10, 50, 50, 9, false, true, 63, 409604926
3, 4, 10, 10, 50, 50, 9, false, true, 64, 410814010
3, 4, 10, 10, 50, 50, 9, false, true, 65, 389624278
3, 4, 10, 10, 50, 50, 9, false, true, 66, 407768474
3, 4, 10, 10, 50, 50, 9, false, true, 67, 387860652
3, 4, 10, 10, 50, 50, 9, false, true, 68, 385167075
3, 4, 10, 10, 50, 50, 9, false, true, 69, 405290077
3, 4, 10, 10, 50, 50, 9, false, true, 70, 393848560
3, 4, 10, 10, 50, 50, 9, false, true, 71, 408630848
3, 4, 10, 10, 50, 50, 9, false, true, 72, 410563965
3, 4, 10, 10, 50, 50, 9, false, true, 73, 409529050
3, 4, 10, 10, 50, 50, 9, false, true, 74, 385717714
3, 4, 10, 10, 50, 50, 9, false, true, 75, 410159530
3, 4, 10, 10, 50, 50, 9, false, true, 76, 401131358
3, 4, 10, 10, 50, 50, 9, false, true, 77, 410637079
3, 4, 10, 10, 50, 50, 9, false, true, 78, 402373629
3, 4, 10, 10, 50, 50, 9, false, true, 79, 409669001
3, 4, 10, 10, 50, 50, 9, false, true, 80, 408271465
3, 4, 10, 10, 50, 50, 9, false, true, 81, 393325635
3, 4, 10, 10, 50, 50, 9, false, true, 82, 408107526
3, 4, 10, 10, 50, 50, 9, false, true, 83, 400464188
3, 4, 10, 10, 50, 50, 9, false, true, 84, 407842771
3, 4, 10, 10, 50, 50, 9, false, true, 85, 387426041
3, 4, 10, 10, 50, 50, 9, false, true, 86, 407179047
3, 4, 10, 10, 50, 50, 9, false, true, 87, 433978539
3, 4, 10, 10, 50, 50, 9, false, true, 88, 407750943
3, 4, 10, 10, 50, 50, 9, false, true, 89, 386863306
3, 4, 10, 10, 50, 50, 9, false, true, 90, 408612526
3, 4, 10, 10, 50, 50, 9, false, true, 91, 426999188
3, 4, 10, 10, 50, 50, 9, false, true, 92, 420255364
3, 4, 10, 10, 50, 50, 9, false, true, 93, 410001600
3, 4, 10, 10, 50, 50, 9, false, true, 94, 428623051
3, 4, 10, 10, 50, 50, 9, false, true, 95, 410159902
3, 4, 10, 10, 50, 50, 9, false, true, 96, 411991907
3, 4, 10, 10, 50, 50, 9, false, true, 97, 409329386
3, 4, 10, 10, 50, 50, 9, false, true, 98, 429043673
3, 4, 10, 10, 50, 50, 9, false, true, 99, 409310083
3, 4, 10, 10, 50, 50, 10, false, true, 0, 995956270
3, 4, 10, 10, 50, 50, 10, false, true, 1, 981018345
3, 4, 10, 10, 50, 50, 10, false, true, 2, 912098494
3, 4, 10, 10, 50, 50, 10, false, true, 3, 1010597001
3, 4, 10, 10, 50, 50, 10, false, true, 4, 981195141
3, 4, 10, 10, 50, 50, 10, false, true, 5, 981043706
3, 4, 10, 10, 50, 50, 10, false, true, 6, 979419822
3, 4, 10, 10, 50, 50, 10, false, true, 7, 970042106
3, 4, 10, 10, 50, 50, 10, false, true, 8, 977901119
3, 4, 10, 10, 50, 50, 10, false, true, 9, 937368978
3, 4, 10, 10, 50, 50, 10, false, true, 10, 982424286
3, 4, 10, 10, 50, 50, 10, false, true, 11, 980732851
3, 4, 10, 10, 50, 50, 10, false, true, 12, 1013259755
3, 4, 10, 10, 50, 50, 10, false, true, 13, 838998596
3, 4, 10, 10, 50, 50, 10, false, true, 14, 978817294
3, 4, 10, 10, 50, 50, 10, false, true, 15, 979662738
3, 4, 10, 10, 50, 50, 10, false, true, 16, 914105729
3, 4, 10, 10, 50, 50, 10, false, true, 17, 978494362
3, 4, 10, 10, 50, 50, 10, false, true, 18, 968595666
3, 4, 10, 10, 50, 50, 10, false, true, 19, 981390243
3, 4, 10, 10, 50, 50, 10, false, true, 20, 981375330
3, 4, 10, 10, 50, 50, 10, false, true, 21, 978542870
3, 4, 10, 10, 50, 50, 10, false, true, 22, 979818860
3, 4, 10, 10, 50, 50, 10, false, true, 23, 970106561
3, 4, 10, 10, 50, 50, 10, false, true, 24, 980131117
3, 4, 10, 10, 50, 50, 10, false, true, 25, 971153958
3, 4, 10, 10, 50, 50, 10, false, true, 26, 979640637
3, 4, 10, 10, 50, 50, 10, false, true, 27, 958803707
3, 4, 10, 10, 50, 50, 10, false, true, 28, 1011396735
3, 4, 10, 10, 50, 50, 10, false, true, 29, 941535436
3, 4, 10, 10, 50, 50, 10, false, true, 30, 1008882185
3, 4, 10, 10, 50, 50, 10, false, true, 31, 978857037
3, 4, 10, 10, 50, 50, 10, false, true, 32, 937543604
3, 4, 10, 10, 50, 50, 10, false, true, 33, 985899826
3, 4, 10, 10, 50, 50, 10, false, true, 34, 936912893
3, 4, 10, 10, 50, 50, 10, false, true, 35, 979460065
3, 4, 10, 10, 50, 50, 10, false, true, 36, 979827894
3, 4, 10, 10, 50, 50, 10, false, true, 37, 981225629
3, 4, 10, 10, 50, 50, 10, false, true, 38, 959416074
3, 4, 10, 10, 50, 50, 10, false, true, 39, 967702787
3, 4, 10, 10, 50, 50, 10, false, true, 40, 980697553
3, 4, 10, 10, 50, 50, 10, false, true, 41, 961012306
3, 4, 10, 10, 50, 50, 10, false, true, 42, 980239325
3, 4, 10, 10, 50, 50, 10, false, true, 43, 977280497
3, 4, 10, 10, 50, 50, 10, false, true, 44, 979489962
3, 4, 10, 10, 50, 50, 10, false, true, 45, 1011680220
3, 4, 10, 10, 50, 50, 10, false, true, 46, 981473321
3, 4, 10, 10, 50, 50, 10, false, true, 47, 1008184761
3, 4, 10, 10, 50, 50, 10, false, true, 48, 980723981
3, 4, 10, 10, 50, 50, 10, false, true, 49, 946475980
3, 4, 10, 10, 50, 50, 10, false, true, 50, 1009817688
3, 4, 10, 10, 50, 50, 10, false, true, 51, 979280698
3, 4, 10, 10, 50, 50, 10, false, true, 52, 982495898
3, 4, 10, 10, 50, 50, 10, false, true, 53, 978949512
3, 4, 10, 10, 50, 50, 10, false, true, 54, 981234101
3, 4, 10, 10, 50, 50, 10, false, true, 55, 978332140
3, 4, 10, 10, 50, 50, 10, false, true, 56, 945318577
3, 4, 10, 10, 50, 50, 10, false, true, 57, 980764108
3, 4, 10, 10, 50, 50, 10, false, true, 58, 945347725
3, 4, 10, 10, 50, 50, 10, false, true, 59, 982570166
3, 4, 10, 10, 50, 50, 10, false, true, 60, 838768656
3, 4, 10, 10, 50, 50, 10, false, true, 61, 982454563
3, 4, 10, 10, 50, 50, 10, false, true, 62, 972795592
3, 4, 10, 10, 50, 50, 10, false, true, 63, 972240143
3, 4, 10, 10, 50, 50, 10, false, true, 64, 978966816
3, 4, 10, 10, 50, 50, 10, false, true, 65, 1010020376
3, 4, 10, 10, 50, 50, 10, false, true, 66, 978798279
3, 4, 10, 10, 50, 50, 10, false, true, 67, 937577183
3, 4, 10, 10, 50, 50, 10, false, true, 68, 980780062
3, 4, 10, 10, 50, 50, 10, false, true, 69, 978842074
3, 4, 10, 10, 50, 50, 10, false, true, 70, 981351883
3, 4, 10, 10, 50, 50, 10, false, true, 71, 994791383
3, 4, 10, 10, 50, 50, 10, false, true, 72, 1006027547
3, 4, 10, 10, 50, 50, 10, false, true, 73, 905925715
3, 4, 10, 10, 50, 50, 10, false, true, 74, 933296211
3, 4, 10, 10, 50, 50, 10, false, true, 75, 977854729
3, 4, 10, 10, 50, 50, 10, false, true, 76, 980230488
3, 4, 10, 10, 50, 50, 10, false, true, 77, 978480392
3, 4, 10, 10, 50, 50, 10, false, true, 78, 932691501
3, 4, 10, 10, 50, 50, 10, false, true, 79, 977222096
3, 4, 10, 10, 50, 50, 10, false, true, 80, 1010401991
3, 4, 10, 10, 50, 50, 10, false, true, 81, 981862670
3, 4, 10, 10, 50, 50, 10, false, true, 82, 900672975
3, 4, 10, 10, 50, 50, 10, false, true, 83, 981410448
3, 4, 10, 10, 50, 50, 10, false, true, 84, 959620801
3, 4, 10, 10, 50, 50, 10, false, true, 85, 979361264
3, 4, 10, 10, 50, 50, 10, false, true, 86, 980338345
3, 4, 10, 10, 50, 50, 10, false, true, 87, 981251960
3, 4, 10, 10, 50, 50, 10, false, true, 88, 979284899
3, 4, 10, 10, 50, 50, 10, false, true, 89, 945429901
3, 4, 10, 10, 50, 50, 10, false, true, 90, 983034140
3, 4, 10, 10, 50, 50, 10, false, true, 91, 981394065
3, 4, 10, 10, 50, 50, 10, false, true, 92, 1007673768
3, 4, 10, 10, 50, 50, 10, false, true, 93, 837667618
3, 4, 10, 10, 50, 50, 10, false, true, 94, 983459541
3, 4, 10, 10, 50, 50, 10, false, true, 95, 982099315
3, 4, 10, 10, 50, 50, 10, false, true, 96, 1009506132
3, 4, 10, 10, 50, 50, 10, false, true, 97, 982185955
3, 4, 10, 10, 50, 50, 10, false, true, 98, 911948783
3, 4, 10, 10, 50, 50, 10, false, true, 99, 979690498
3, 4, 10, 10, 50, 50, 11, false, true, 0, 1590639090
3, 4, 10, 10, 50, 50, 11, false, true, 1, 1620378370
3, 4, 10, 10, 50, 50, 11, false, true, 2, 1633442886
3, 4, 10, 10, 50, 50, 11, false, true, 3, 1633690440
3, 4, 10, 10, 50, 50, 11, false, true, 4, 1687785988
3, 4, 10, 10, 50, 50, 11, false, true, 5, 1633374764
3, 4, 10, 10, 50, 50, 11, false, true, 6, 1635441830
3, 4, 10, 10, 50, 50, 11, false, true, 7, 1611183342
3, 4, 10, 10, 50, 50, 11, false, true, 8, 1667361120
3, 4, 10, 10, 50, 50, 11, false, true, 9, 1595640296
3, 4, 10, 10, 50, 50, 11, false, true, 10, 1652678038
3, 4, 10, 10, 50, 50, 11, false, true, 11, 1596948812
3, 4, 10, 10, 50, 50, 11, false, true, 12, 1624191165
3, 4, 10, 10, 50, 50, 11, false, true, 13, 1562482062
3, 4, 10, 10, 50, 50, 11, false, true, 14, 1620917104
3, 4, 10, 10, 50, 50, 11, false, true, 15, 1639024144
3, 4, 10, 10, 50, 50, 11, false, true, 16, 1618943367
3, 4, 10, 10, 50, 50, 11, false, true, 17, 1804579181
3, 4, 10, 10, 50, 50, 11, false, true, 18, 1553726793
3, 4, 10, 10, 50, 50, 11, false, true, 19, 1630479379
3, 4, 10, 10, 50, 50, 11, false, true, 20, 1563170224
3, 4, 10, 10, 50, 50, 11, false, true, 21, 1635660631
3, 4, 10, 10, 50, 50, 11, false, true, 22, 1593456040
3, 4, 10, 10, 50, 50, 11, false, true, 23, 1636119123
3, 4, 10, 10, 50, 50, 11, false, true, 24, 1669256781
3, 4, 10, 10, 50, 50, 11, false, true, 25, 1611506365
3, 4, 10, 10, 50, 50, 11, false, true, 26, 1667108254
3, 4, 10, 10, 50, 50, 11, false, true, 27, 1643827635
3, 4, 10, 10, 50, 50, 11, false, true, 28, 1633377001
3, 4, 10, 10, 50, 50, 11, false, true, 29, 1610859783
3, 4, 10, 10, 50, 50, 11, false, true, 30, 1673472474
3, 4, 10, 10, 50, 50, 11, false, true, 31, 1611760931
3, 4, 10, 10, 50, 50, 11, false, true, 32, 1667477636
3, 4, 10, 10, 50, 50, 11, false, true, 33, 1611392619
3, 4, 10, 10, 50, 50, 11, false, true, 34, 1670189881
3, 4, 10, 10, 50, 50, 11, false, true, 35, 1647387751
3, 4, 10, 10, 50, 50, 11, false, true, 36, 1621003215
3, 4, 10, 10, 50, 50, 11, false, true, 37, 1610707784
3, 4, 10, 10, 50, 50, 11, false, true, 38, 1636914351
3, 4, 10, 10, 50, 50, 11, false, true, 39, 1595667173
3, 4, 10, 10, 50, 50, 11, false, true, 40, 1671570032
3, 4, 10, 10, 50, 50, 11, false, true, 41, 1653976992
3, 4, 10, 10, 50, 50, 11, false, true, 42, 1634609226
3, 4, 10, 10, 50, 50, 11, false, true, 43, 1583680145
3, 4, 10, 10, 50, 50, 11, false, true, 44, 1620019493
3, 4, 10, 10, 50, 50, 11, false, true, 45, 1631956207
3, 4, 10, 10, 50, 50, 11, false, true, 46, 1597530261
3, 4, 10, 10, 50, 50, 11, false, true, 47, 1644290586
3, 4, 10, 10, 50, 50, 11, false, true, 48, 1656584824
3, 4, 10, 10, 50, 50, 11, false, true, 49, 1636035863
3, 4, 10, 10, 50, 50, 11, false, true, 50, 1597646443
3, 4, 10, 10, 50, 50, 11, false, true, 51, 1635296349
3, 4, 10, 10, 50, 50, 11, false, true, 52, 1651738192
3, 4, 10, 10, 50, 50, 11, false, true, 53, 1623676447
3, 4, 10, 10, 50, 50, 11, false, true, 54, 1624686621
3, 4, 10, 10, 50, 50, 11, false, true, 55, 1669129312
3, 4, 10, 10, 50, 50, 11, false, true, 56, 1699340707
3, 4, 10, 10, 50, 50, 11, false, true, 57, 1639400864
3, 4, 10, 10, 50, 50, 11, false, true, 58, 1663414747
3, 4, 10, 10, 50, 50, 11, false, true, 59, 1634560468
3, 4, 10, 10, 50, 50, 11, false, true, 60, 1696731839
3, 4, 10, 10, 50, 50, 11, false, true, 61, 1581946446
3, 4, 10, 10, 50, 50, 11, false, true, 62, 1683320834
3, 4, 10, 10, 50, 50, 11, false, true, 63, 1594097829
3, 4, 10, 10, 50, 50, 11, false, true, 64, 1683888337
3, 4, 10, 10, 50, 50, 11, false, true, 65, 1659200850
3, 4, 10, 10, 50, 50, 11, false, true, 66, 1635383304
3, 4, 10, 10, 50, 50, 11, false, true, 67, 1662207053
3, 4, 10, 10, 50, 50, 11, false, true, 68, 1591808632
3, 4, 10, 10, 50, 50, 11, false, true, 69, 1640159675
3, 4, 10, 10, 50, 50, 11, false, true, 70, 1651619425
3, 4, 10, 10, 50, 50, 11, false, true, 71, 1636843712
3, 4, 10, 10, 50, 50, 11, false, true, 72, 1585604778
3, 4, 10, 10, 50, 50, 11, false, true, 73, 1636042046
3, 4, 10, 10, 50, 50, 11, false, true, 74, 1559287333
3, 4, 10, 10, 50, 50, 11, false, true, 75, 1634381809
3, 4, 10, 10, 50, 50, 11, false, true, 76, 1630365972
3, 4, 10, 10, 50, 50, 11, false, true, 77, 1646220054
3, 4, 10, 10, 50, 50, 11, false, true, 78, 1564212847
3, 4, 10, 10, 50, 50, 11, false, true, 79, 1651985598
3, 4, 10, 10, 50, 50, 11, false, true, 80, 1683115256
3, 4, 10, 10, 50, 50, 11, false, true, 81, 1614895607
3, 4, 10, 10, 50, 50, 11, false, true, 82, 1685414609
3, 4, 10, 10, 50, 50, 11, false, true, 83, 1590918473
3, 4, 10, 10, 50, 50, 11, false, true, 84, 1685358708
3, 4, 10, 10, 50, 50, 11, false, true, 85, 1620080260
3, 4, 10, 10, 50, 50, 11, false, true, 86, 1681297033
3, 4, 10, 10, 50, 50, 11, false, true, 87, 1575179833
3, 4, 10, 10, 50, 50, 11, false, true, 88, 1626266080
3, 4, 10, 10, 50, 50, 11, false, true, 89, 1648071976
3, 4, 10, 10, 50, 50, 11, false, true, 90, 1608227140
3, 4, 10, 10, 50, 50, 11, false, true, 91, 1646053887
3, 4, 10, 10, 50, 50, 11, false, true, 92, 1602899970
3, 4, 10, 10, 50, 50, 11, false, true, 93, 1656832635
3, 4, 10, 10, 50, 50, 11, false, true, 94, 1640835559
3, 4, 10, 10, 50, 50, 11, false, true, 95, 1634416830
3, 4, 10, 10, 50, 50, 11, false, true, 96, 1680752953
3, 4, 10, 10, 50, 50, 11, false, true, 97, 1637867455
3, 4, 10, 10, 50, 50, 11, false, true, 98, 1639528419
3, 4, 10, 10, 50, 50, 11, false, true, 99, 1611026128
3, 4, 10, 10, 50, 50, 12, false, true, 0, 3045358760
3, 4, 10, 10, 50, 50, 12, false, true, 1, 2905556027
3, 4, 10, 10, 50, 50, 12, false, true, 2, 3048033601
3, 4, 10, 10, 50, 50, 12, false, true, 3, 3121677898
3, 4, 10, 10, 50, 50, 12, false, true, 4, 2935089144
3, 4, 10, 10, 50, 50, 12, false, true, 5, 3106954357
3, 4, 10, 10, 50, 50, 12, false, true, 6, 2942518129
3, 4, 10, 10, 50, 50, 12, false, true, 7, 2879418986
3, 4, 10, 10, 50, 50, 12, false, true, 8, 2954379867
3, 4, 10, 10, 50, 50, 12, false, true, 9, 3067064477
3, 4, 10, 10, 50, 50, 12, false, true, 10, 2954465703
3, 4, 10, 10, 50, 50, 12, false, true, 11, 2959300413
3, 4, 10, 10, 50, 50, 12, false, true, 12, 3040952876
3, 4, 10, 10, 50, 50, 12, false, true, 13, 2901361470
3, 4, 10, 10, 50, 50, 12, false, true, 14, 2955852449
3, 4, 10, 10, 50, 50, 12, false, true, 15, 2902766614
3, 4, 10, 10, 50, 50, 12, false, true, 16, 3069776709
3, 4, 10, 10, 50, 50, 12, false, true, 17, 2895076670
3, 4, 10, 10, 50, 50, 12, false, true, 18, 2875267210
3, 4, 10, 10, 50, 50, 12, false, true, 19, 2885876733
3, 4, 10, 10, 50, 50, 12, false, true, 20, 3047334418
3, 4, 10, 10, 50, 50, 12, false, true, 21, 2888327932
3, 4, 10, 10, 50, 50, 12, false, true, 22, 3076038788
3, 4, 10, 10, 50, 50, 12, false, true, 23, 2891949546
3, 4, 10, 10, 50, 50, 12, false, true, 24, 3015384275
3, 4, 10, 10, 50, 50, 12, false, true, 25, 2867072095
3, 4, 10, 10, 50, 50, 12, false, true, 26, 3048010293
3, 4, 10, 10, 50, 50, 12, false, true, 27, 3063439447
3, 4, 10, 10, 50, 50, 12, false, true, 28, 2947968109
3, 4, 10, 10, 50, 50, 12, false, true, 29, 2952156975
3, 4, 10, 10, 50, 50, 12, false, true, 30, 2943158359
3, 4, 10, 10, 50, 50, 12, false, true, 31, 2896031577
3, 4, 10, 10, 50, 50, 12, false, true, 32, 2980253082
3, 4, 10, 10, 50, 50, 12, false, true, 33, 2900086004
3, 4, 10, 10, 50, 50, 12, false, true, 34, 3122624272
3, 4, 10, 10, 50, 50, 12, false, true, 35, 2884003964
3, 4, 10, 10, 50, 50, 12, false, true, 36, 3005287643
3, 4, 10, 10, 50, 50, 12, false, true, 37, 2884897677
3, 4, 10, 10, 50, 50, 12, false, true, 38, 3068462970
3, 4, 10, 10, 50, 50, 12, false, true, 39, 2887554692
3, 4, 10, 10, 50, 50, 12, false, true, 40, 3065410237
3, 4, 10, 10, 50, 50, 12, false, true, 41, 2893324980
3, 4, 10, 10, 50, 50, 12, false, true, 42, 3064499999
3, 4, 10, 10, 50, 50, 12, false, true, 43, 2966069602
3, 4, 10, 10, 50, 50, 12, false, true, 44, 3073178523
3, 4, 10, 10, 50, 50, 12, false, true, 45, 3036231692
3, 4, 10, 10, 50, 50, 12, false, true, 46, 3073249641
3, 4, 10, 10, 50, 50, 12, false, true, 47, 2979617497
3, 4, 10, 10, 50, 50, 12, false, true, 48, 3045598312
3, 4, 10, 10, 50, 50, 12, false, true, 49, 2961838259
3, 4, 10, 10, 50, 50, 12, false, true, 50, 3059283765
3, 4, 10, 10, 50, 50, 12, false, true, 51, 2994497542
3, 4, 10, 10, 50, 50, 12, false, true, 52, 3062053457
3, 4, 10, 10, 50, 50, 12, false, true, 53, 3021639551
3, 4, 10, 10, 50, 50, 12, false, true, 54, 3060723532
3, 4, 10, 10, 50, 50, 12, false, true, 55, 3011700690
3, 4, 10, 10, 50, 50, 12, false, true, 56, 3081456434
3, 4, 10, 10, 50, 50, 12, false, true, 57, 3003637138
3, 4, 10, 10, 50, 50, 12, false, true, 58, 2954390489
3, 4, 10, 10, 50, 50, 12, false, true, 59, 2674047512
3, 4, 10, 10, 50, 50, 12, false, true, 60, 3049906135
3, 4, 10, 10, 50, 50, 12, false, true, 61, 3100756954
3, 4, 10, 10, 50, 50, 12, false, true, 62, 2681983010
3, 4, 10, 10, 50, 50, 12, false, true, 63, 2880918124
3, 4, 10, 10, 50, 50, 12, false, true, 64, 2678873303
3, 4, 10, 10, 50, 50, 12, false, true, 65, 2878500467
3, 4, 10, 10, 50, 50, 12, false, true, 66, 2781558705
3, 4, 10, 10, 50, 50, 12, false, true, 67, 2880226783
3, 4, 10, 10, 50, 50, 12, false, true, 68, 3129315657
3, 4, 10, 10, 50, 50, 12, false, true, 69, 2876753305
3, 4, 10, 10, 50, 50, 12, false, true, 70, 3004579267
3, 4, 10, 10, 50, 50, 12, false, true, 71, 2881625844
3, 4, 10, 10, 50, 50, 12, false, true, 72, 3008343615
3, 4, 10, 10, 50, 50, 12, false, true, 73, 2882657285
3, 4, 10, 10, 50, 50, 12, false, true, 74, 3040578204
3, 4, 10, 10, 50, 50, 12, false, true, 75, 3120119774
3, 4, 10, 10, 50, 50, 12, false, true, 76, 3039454498
3, 4, 10, 10, 50, 50, 12, false, true, 77, 2985901683
3, 4, 10, 10, 50, 50, 12, false, true, 78, 2887405065
3, 4, 10, 10, 50, 50, 12, false, true, 79, 3005762361
3, 4, 10, 10, 50, 50, 12, false, true, 80, 2944937242
3, 4, 10, 10, 50, 50, 12, false, true, 81, 2726713125
3, 4, 10, 10, 50, 50, 12, false, true, 82, 2937507773
3, 4, 10, 10, 50, 50, 12, false, true, 83, 3017946064
3, 4, 10, 10, 50, 50, 12, false, true, 84, 3053859587
3, 4, 10, 10, 50, 50, 12, false, true, 85, 2876565968
3, 4, 10, 10, 50, 50, 12, false, true, 86, 3047312958
3, 4, 10, 10, 50, 50, 12, false, true, 87, 2877173893
3, 4, 10, 10, 50, 50, 12, false, true, 88, 3004900560
3, 4, 10, 10, 50, 50, 12, false, true, 89, 2902950563
3, 4, 10, 10, 50, 50, 12, false, true, 90, 2880033333
3, 4, 10, 10, 50, 50, 12, false, true, 91, 2952279166
3, 4, 10, 10, 50, 50, 12, false, true, 92, 3045943340
3, 4, 10, 10, 50, 50, 12, false, true, 93, 2843248938
3, 4, 10, 10, 50, 50, 12, false, true, 94, 3056757882
3, 4, 10, 10, 50, 50, 12, false, true, 95, 2883633442
3, 4, 10, 10, 50, 50, 12, false, true, 96, 2878916250
3, 4, 10, 10, 50, 50, 12, false, true, 97, 2684150083
3, 4, 10, 10, 50, 50, 12, false, true, 98, 2944723710
3, 4, 10, 10, 50, 50, 12, false, true, 99, 2884694908
3, 4, 10, 10, 50, 50, 13, false, true, 0, 5226912995
3, 4, 10, 10, 50, 50, 13, false, true, 1, 5104122728
3, 4, 10, 10, 50, 50, 13, false, true, 2, 5222493426
3, 4, 10, 10, 50, 50, 13, false, true, 3, 5179223831
3, 4, 10, 10, 50, 50, 13, false, true, 4, 5234261786
3, 4, 10, 10, 50, 50, 13, false, true, 5, 5144596378
3, 4, 10, 10, 50, 50, 13, false, true, 6, 5227432374
3, 4, 10, 10, 50, 50, 13, false, true, 7, 5152339533
3, 4, 10, 10, 50, 50, 13, false, true, 8, 5055914804
3, 4, 10, 10, 50, 50, 13, false, true, 9, 5153055369
3, 4, 10, 10, 50, 50, 13, false, true, 10, 4962218536
3, 4, 10, 10, 50, 50, 13, false, true, 11, 5137884580
3, 4, 10, 10, 50, 50, 13, false, true, 12, 4967791067
3, 4, 10, 10, 50, 50, 13, false, true, 13, 5040650222
3, 4, 10, 10, 50, 50, 13, false, true, 14, 4981767328
3, 4, 10, 10, 50, 50, 13, false, true, 15, 4888314992
3, 4, 10, 10, 50, 50, 13, false, true, 16, 4971609747
3, 4, 10, 10, 50, 50, 13, false, true, 17, 5147069941
3, 4, 10, 10, 50, 50, 13, false, true, 18, 5134522956
3, 4, 10, 10, 50, 50, 13, false, true, 19, 4688453291
3, 4, 10, 10, 50, 50, 13, false, true, 20, 4957373694
3, 4, 10, 10, 50, 50, 13, false, true, 21, 5102356066
3, 4, 10, 10, 50, 50, 13, false, true, 22, 5228743694
3, 4, 10, 10, 50, 50, 13, false, true, 23, 4839061854
3, 4, 10, 10, 50, 50, 13, false, true, 24, 5227209378
3, 4, 10, 10, 50, 50, 13, false, true, 25, 5142045393
3, 4, 10, 10, 50, 50, 13, false, true, 26, 4947404733
3, 4, 10, 10, 50, 50, 13, false, true, 27, 5153757813
3, 4, 10, 10, 50, 50, 13, false, true, 28, 4924481582
3, 4, 10, 10, 50, 50, 13, false, true, 29, 5153298871
3, 4, 10, 10, 50, 50, 13, false, true, 30, 4978510008
3, 4, 10, 10, 50, 50, 13, false, true, 31, 5147018106
3, 4, 10, 10, 50, 50, 13, false, true, 32, 5153665446
3, 4, 10, 10, 50, 50, 13, false, true, 33, 4890493712
3, 4, 10, 10, 50, 50, 13, false, true, 34, 4959890775
3, 4, 10, 10, 50, 50, 13, false, true, 35, 5246080585
3, 4, 10, 10, 50, 50, 13, false, true, 36, 4972487891
3, 4, 10, 10, 50, 50, 13, false, true, 37, 4844156266
3, 4, 10, 10, 50, 50, 13, false, true, 38, 5179996170
3, 4, 10, 10, 50, 50, 13, false, true, 39, 4684605086
3, 4, 10, 10, 50, 50, 13, false, true, 40, 4965394283
3, 4, 10, 10, 50, 50, 13, false, true, 41, 5014179616
3, 4, 10, 10, 50, 50, 13, false, true, 42, 4949904588
3, 4, 10, 10, 50, 50, 13, false, true, 43, 4969937968
3, 4, 10, 10, 50, 50, 13, false, true, 44, 5233153257
3, 4, 10, 10, 50, 50, 13, false, true, 45, 5155117819
3, 4, 10, 10, 50, 50, 13, false, true, 46, 4992386689
3, 4, 10, 10, 50, 50, 13, false, true, 47, 5177957036
3, 4, 10, 10, 50, 50, 13, false, true, 48, 5201352066
3, 4, 10, 10, 50, 50, 13, false, true, 49, 5147458527
3, 4, 10, 10, 50, 50, 13, false, true, 50, 4947037684
3, 4, 10, 10, 50, 50, 13, false, true, 51, 5137904238
3, 4, 10, 10, 50, 50, 13, false, true, 52, 5178821675
3, 4, 10, 10, 50, 50, 13, false, true, 53, 5170291885
3, 4, 10, 10, 50, 50, 13, false, true, 54, 5207074213
3, 4, 10, 10, 50, 50, 13, false, true, 55, 5159735248
3, 4, 10, 10, 50, 50, 13, false, true, 56, 4975570432
3, 4, 10, 10, 50, 50, 13, false, true, 57, 4694076606
3, 4, 10, 10, 50, 50, 13, false, true, 58, 5157619942
3, 4, 10, 10, 50, 50, 13, false, true, 59, 5039746059
3, 4, 10, 10, 50, 50, 13, false, true, 60, 4965461071
3, 4, 10, 10, 50, 50, 13, false, true, 61, 4968053073
3, 4, 10, 10, 50, 50, 13, false, true, 62, 4973474059
3, 4, 10, 10, 50, 50, 13, false, true, 63, 5032871711
3, 4, 10, 10, 50, 50, 13, false, true, 64, 4965009458
3, 4, 10, 10, 50, 50, 13, false, true, 65, 5033374471
3, 4, 10, 10, 50, 50, 13, false, true, 66, 5230802482
3, 4, 10, 10, 50, 50, 13, false, true, 67, 5037286865
3, 4, 10, 10, 50, 50, 13, false, true, 68, 4916832131
3, 4, 10, 10, 50, 50, 13, false, true, 69, 4959105929
3, 4, 10, 10, 50, 50, 13, false, true, 70, 4964741909
3, 4, 10, 10, 50, 50, 13, false, true, 71, 5095162706
3, 4, 10, 10, 50, 50, 13, false, true, 72, 5212823703
3, 4, 10, 10, 50, 50, 13, false, true, 73, 5076298776
3, 4, 10, 10, 50, 50, 13, false, true, 74, 5234296918
3, 4, 10, 10, 50, 50, 13, false, true, 75, 5048884243
3, 4, 10, 10, 50, 50, 13, false, true, 76, 4923870404
3, 4, 10, 10, 50, 50, 13, false, true, 77, 4966760214
3, 4, 10, 10, 50, 50, 13, false, true, 78, 5094581637
3, 4, 10, 10, 50, 50, 13, false, true, 79, 5101700963
3, 4, 10, 10, 50, 50, 13, false, true, 80, 5074045772
3, 4, 10, 10, 50, 50, 13, false, true, 81, 5169306023
3, 4, 10, 10, 50, 50, 13, false, true, 82, 5125108694
3, 4, 10, 10, 50, 50, 13, false, true, 83, 5161935879
3, 4, 10, 10, 50, 50, 13, false, true, 84, 4882129788
3, 4, 10, 10, 50, 50, 13, false, true, 85, 5162332621
3, 4, 10, 10, 50, 50, 13, false, true, 86, 4983315649
3, 4, 10, 10, 50, 50, 13, false, true, 87, 5158369016
3, 4, 10, 10, 50, 50, 13, false, true, 88, 4904563561
3, 4, 10, 10, 50, 50, 13, false, true, 89, 4864445112
3, 4, 10, 10, 50, 50, 13, false, true, 90, 4957428347
3, 4, 10, 10, 50, 50, 13, false, true, 91, 5089262475
3, 4, 10, 10, 50, 50, 13, false, true, 92, 5187689658
3, 4, 10, 10, 50, 50, 13, false, true, 93, 5100225642
3, 4, 10, 10, 50, 50, 13, false, true, 94, 5235156575
3, 4, 10, 10, 50, 50, 13, false, true, 95, 5233668093
3, 4, 10, 10, 50, 50, 13, false, true, 96, 5191262032
3, 4, 10, 10, 50, 50, 13, false, true, 97, 4974496589
3, 4, 10, 10, 50, 50, 13, false, true, 98, 5104134116
3, 4, 10, 10, 50, 50, 13, false, true, 99, 5156403718
3, 4, 10, 10, 50, 50, 14, false, true, 0, 7850641609
3, 4, 10, 10, 50, 50, 14, false, true, 1, 7641088737
3, 4, 10, 10, 50, 50, 14, false, true, 2, 8311332825
3, 4, 10, 10, 50, 50, 14, false, true, 3, 7628789767
3, 4, 10, 10, 50, 50, 14, false, true, 4, 8475161616
3, 4, 10, 10, 50, 50, 14, false, true, 5, 8509254087
3, 4, 10, 10, 50, 50, 14, false, true, 6, 7570138809
3, 4, 10, 10, 50, 50, 14, false, true, 7, 8051277113
3, 4, 10, 10, 50, 50, 14, false, true, 8, 7586860947
3, 4, 10, 10, 50, 50, 14, false, true, 9, 7650645544
3, 4, 10, 10, 50, 50, 14, false, true, 10, 7549714460
3, 4, 10, 10, 50, 50, 14, false, true, 11, 8557072261
3, 4, 10, 10, 50, 50, 14, false, true, 12, 7572957987
3, 4, 10, 10, 50, 50, 14, false, true, 13, 7686020109
3, 4, 10, 10, 50, 50, 14, false, true, 14, 7714166375
3, 4, 10, 10, 50, 50, 14, false, true, 15, 8474850878
3, 4, 10, 10, 50, 50, 14, false, true, 16, 8547946526
3, 4, 10, 10, 50, 50, 14, false, true, 17, 7855433473
3, 4, 10, 10, 50, 50, 14, false, true, 18, 7660909855
3, 4, 10, 10, 50, 50, 14, false, true, 19, 7641986566
3, 4, 10, 10, 50, 50, 14, false, true, 20, 8309140597
3, 4, 10, 10, 50, 50, 14, false, true, 21, 7569490298
3, 4, 10, 10, 50, 50, 14, false, true, 22, 8128566503
3, 4, 10, 10, 50, 50, 14, false, true, 23, 7635621554
3, 4, 10, 10, 50, 50, 14, false, true, 24, 7831318262
3, 4, 10, 10, 50, 50, 14, false, true, 25, 7674312177
3, 4, 10, 10, 50, 50, 14, false, true, 26, 8345250323
3, 4, 10, 10, 50, 50, 14, false, true, 27, 8063674070
3, 4, 10, 10, 50, 50, 14, false, true, 28, 7571630405
3, 4, 10, 10, 50, 50, 14, false, true, 29, 8129817072
3, 4, 10, 10, 50, 50, 14, false, true, 30, 7569689494
3, 4, 10, 10, 50, 50, 14, false, true, 31, 8041106337
3, 4, 10, 10, 50, 50, 14, false, true, 32, 7567012748
3, 4, 10, 10, 50, 50, 14, false, true, 33, 8493174302
3, 4, 10, 10, 50, 50, 14, false, true, 34, 7573649457
3, 4, 10, 10, 50, 50, 14, false, true, 35, 8280269577
3, 4, 10, 10, 50, 50, 14, false, true, 36, 7558139303
3, 4, 10, 10, 50, 50, 14, false, true, 37, 7640087071
3, 4, 10, 10, 50, 50, 14, false, true, 38, 8315118226
3, 4, 10, 10, 50, 50, 14, false, true, 39, 7627743095
3, 4, 10, 10, 50, 50, 14, false, true, 40, 8311327229
3, 4, 10, 10, 50, 50, 14, false, true, 41, 7628180408
3, 4, 10, 10, 50, 50, 14, false, true, 42, 7858655159
3, 4, 10, 10, 50, 50, 14, false, true, 43, 7636796358
3, 4, 10, 10, 50, 50, 14, false, true, 44, 7949515249
3, 4, 10, 10, 50, 50, 14, false, true, 45, 7562855868
3, 4, 10, 10, 50, 50, 14, false, true, 46, 8409513743
3, 4, 10, 10, 50, 50, 14, false, true, 47, 7669622126
3, 4, 10, 10, 50, 50, 14, false, true, 48, 8249870858
3, 4, 10, 10, 50, 50, 14, false, true, 49, 7643463311
3, 4, 10, 10, 50, 50, 14, false, true, 50, 7572113364
3, 4, 10, 10, 50, 50, 14, false, true, 51, 7633114293
3, 4, 10, 10, 50, 50, 14, false, true, 52, 7531279096
3, 4, 10, 10, 50, 50, 14, false, true, 53, 8324117440
3, 4, 10, 10, 50, 50, 14, false, true, 54, 7547964716
3, 4, 10, 10, 50, 50, 14, false, true, 55, 8368554408
3, 4, 10, 10, 50, 50, 14, false, true, 56, 7556122411
3, 4, 10, 10, 50, 50, 14, false, true, 57, 7979064868
3, 4, 10, 10, 50, 50, 14, false, true, 58, 8534217712
3, 4, 10, 10, 50, 50, 14, false, true, 59, 7933882725
3, 4, 10, 10, 50, 50, 14, false, true, 60, 7612075594
3, 4, 10, 10, 50, 50, 14, false, true, 61, 7840199451
3, 4, 10, 10, 50, 50, 14, false, true, 62, 8218538544
3, 4, 10, 10, 50, 50, 14, false, true, 63, 7645768707
3, 4, 10, 10, 50, 50, 14, false, true, 64, 8333186317
3, 4, 10, 10, 50, 50, 14, false, true, 65, 7582877977
3, 4, 10, 10, 50, 50, 14, false, true, 66, 8342155887
3, 4, 10, 10, 50, 50, 14, false, true, 67, 7654983666
3, 4, 10, 10, 50, 50, 14, false, true, 68, 8498580387
3, 4, 10, 10, 50, 50, 14, false, true, 69, 7620438935
3, 4, 10, 10, 50, 50, 14, false, true, 70, 7623397216
3, 4, 10, 10, 50, 50, 14, false, true, 71, 7685298430
3, 4, 10, 10, 50, 50, 14, false, true, 72, 7509404182
3, 4, 10, 10, 50, 50, 14, false, true, 73, 8530102230
3, 4, 10, 10, 50, 50, 14, false, true, 74, 7564229728
3, 4, 10, 10, 50, 50, 14, false, true, 75, 7761529067
3, 4, 10, 10, 50, 50, 14, false, true, 76, 7601085468
3, 4, 10, 10, 50, 50, 14, false, true, 77, 7864734710
3, 4, 10, 10, 50, 50, 14, false, true, 78, 8596414890
3, 4, 10, 10, 50, 50, 14, false, true, 79, 7763338736
3, 4, 10, 10, 50, 50, 14, false, true, 80, 8155256376
3, 4, 10, 10, 50, 50, 14, false, true, 81, 8240244310
3, 4, 10, 10, 50, 50, 14, false, true, 82, 8076919972
3, 4, 10, 10, 50, 50, 14, false, true, 83, 7960619510
3, 4, 10, 10, 50, 50, 14, false, true, 84, 8567595117
3, 4, 10, 10, 50, 50, 14, false, true, 85, 7605749334
3, 4, 10, 10, 50, 50, 14, false, true, 86, 8587457037
3, 4, 10, 10, 50, 50, 14, false, true, 87, 7609355272
3, 4, 10, 10, 50, 50, 14, false, true, 88, 8144419651
3, 4, 10, 10, 50, 50, 14, false, true, 89, 8097881492
3, 4, 10, 10, 50, 50, 14, false, true, 90, 8142913822
3, 4, 10, 10, 50, 50, 14, false, true, 91, 8408964532
3, 4, 10, 10, 50, 50, 14, false, true, 92, 8088143457
3, 4, 10, 10, 50, 50, 14, false, true, 93, 7665126922
3, 4, 10, 10, 50, 50, 14, false, true, 94, 8293790113
3, 4, 10, 10, 50, 50, 14, false, true, 95, 7638254769
3, 4, 10, 10, 50, 50, 14, false, true, 96, 8003623262
3, 4, 10, 10, 50, 50, 14, false, true, 97, 7654628946
3, 4, 10, 10, 50, 50, 14, false, true, 98, 7640851453
3, 4, 10, 10, 50, 50, 14, false, true, 99, 8077298657
3, 4, 10, 10, 50, 50, 15, false, true, 0, 13653380586
3, 4, 10, 10, 50, 50, 15, false, true, 1, 14361197893
3, 4, 10, 10, 50, 50, 15, false, true, 2, 13555732369
3, 4, 10, 10, 50, 50, 15, false, true, 3, 14620605099
3, 4, 10, 10, 50, 50, 15, false, true, 4, 13580242724
3, 4, 10, 10, 50, 50, 15, false, true, 5, 13804085771
3, 4, 10, 10, 50, 50, 15, false, true, 6, 13452441619
3, 4, 10, 10, 50, 50, 15, false, true, 7, 13735998420
3, 4, 10, 10, 50, 50, 15, false, true, 8, 13547904753
3, 4, 10, 10, 50, 50, 15, false, true, 9, 14559246394
3, 4, 10, 10, 50, 50, 15, false, true, 10, 14119847121
3, 4, 10, 10, 50, 50, 15, false, true, 11, 14503008697
3, 4, 10, 10, 50, 50, 15, false, true, 12, 13958946678
3, 4, 10, 10, 50, 50, 15, false, true, 13, 14239882034
3, 4, 10, 10, 50, 50, 15, false, true, 14, 14490579827
3, 4, 10, 10, 50, 50, 15, false, true, 15, 14256982441
3, 4, 10, 10, 50, 50, 15, false, true, 16, 13911378482
3, 4, 10, 10, 50, 50, 15, false, true, 17, 14255998399
3, 4, 10, 10, 50, 50, 15, false, true, 18, 13352517084
3, 4, 10, 10, 50, 50, 15, false, true, 19, 14083278362
3, 4, 10, 10, 50, 50, 15, false, true, 20, 14080353926
3, 4, 10, 10, 50, 50, 15, false, true, 21, 13767609373
3, 4, 10, 10, 50, 50, 15, false, true, 22, 13413210424
3, 4, 10, 10, 50, 50, 15, false, true, 23, 13748560459
3, 4, 10, 10, 50, 50, 15, false, true, 24, 13538242529
3, 4, 10, 10, 50, 50, 15, false, true, 25, 13786074844
3, 4, 10, 10, 50, 50, 15, false, true, 26, 13728597551
3, 4, 10, 10, 50, 50, 15, false, true, 27, 14109296135
3, 4, 10, 10, 50, 50, 15, false, true, 28, 13612288875
3, 4, 10, 10, 50, 50, 15, false, true, 29, 13707519746
3, 4, 10, 10, 50, 50, 15, false, true, 30, 13571175788
3, 4, 10, 10, 50, 50, 15, false, true, 31, 13431379914
3, 4, 10, 10, 50, 50, 15, false, true, 32, 14126137880
3, 4, 10, 10, 50, 50, 15, false, true, 33, 14363803077
3, 4, 10, 10, 50, 50, 15, false, true, 34, 14211023951
3, 4, 10, 10, 50, 50, 15, false, true, 35, 14358614816
3, 4, 10, 10, 50, 50, 15, false, true, 36, 14107047696
3, 4, 10, 10, 50, 50, 15, false, true, 37, 14344939448
3, 4, 10, 10, 50, 50, 15, false, true, 38, 13421695616
3, 4, 10, 10, 50, 50, 15, false, true, 39, 14164746870
3, 4, 10, 10, 50, 50, 15, false, true, 40, 13764619827
3, 4, 10, 10, 50, 50, 15, false, true, 41, 14225788622
3, 4, 10, 10, 50, 50, 15, false, true, 42, 13363086926
3, 4, 10, 10, 50, 50, 15, false, true, 43, 14132625767
3, 4, 10, 10, 50, 50, 15, false, true, 44, 13506373167
3, 4, 10, 10, 50, 50, 15, false, true, 45, 13989146790
3, 4, 10, 10, 50, 50, 15, false, true, 46, 13271115306
3, 4, 10, 10, 50, 50, 15, false, true, 47, 13912365534
3, 4, 10, 10, 50, 50, 15, false, true, 48, 14158430474
3, 4, 10, 10, 50, 50, 15, false, true, 49, 13755587118
3, 4, 10, 10, 50, 50, 15, false, true, 50, 13522646591
3, 4, 10, 10, 50, 50, 15, false, true, 51, 14070362109
3, 4, 10, 10, 50, 50, 15, false, true, 52, 13459866981
3, 4, 10, 10, 50, 50, 15, false, true, 53, 13885800369
3, 4, 10, 10, 50, 50, 15, false, true, 54, 14487275194
3, 4, 10, 10, 50, 50, 15, false, true, 55, 13692259310
3, 4, 10, 10, 50, 50, 15, false, true, 56, 13161168208
3, 4, 10, 10, 50, 50, 15, false, true, 57, 14144556144
3, 4, 10, 10, 50, 50, 15, false, true, 58, 13687257824
3, 4, 10, 10, 50, 50, 15, false, true, 59, 14198272502
3, 4, 10, 10, 50, 50, 15, false, true, 60, 13880227674
3, 4, 10, 10, 50, 50, 15, false, true, 61, 14315959546
3, 4, 10, 10, 50, 50, 15, false, true, 62, 13845055149
3, 4, 10, 10, 50, 50, 15, false, true, 63, 14090635153
3, 4, 10, 10, 50, 50, 15, false, true, 64, 13787133536
3, 4, 10, 10, 50, 50, 15, false, true, 65, 14484557110
3, 4, 10, 10, 50, 50, 15, false, true, 66, 14425537273
3, 4, 10, 10, 50, 50, 15, false, true, 67, 14264783191
3, 4, 10, 10, 50, 50, 15, false, true, 68, 13533208404
3, 4, 10, 10, 50, 50, 15, false, true, 69, 14000302672
3, 4, 10, 10, 50, 50, 15, false, true, 70, 14498258854
3, 4, 10, 10, 50, 50, 15, false, true, 71, 13347200461
3, 4, 10, 10, 50, 50, 15, false, true, 72, 14065770862
3, 4, 10, 10, 50, 50, 15, false, true, 73, 14360121906
3, 4, 10, 10, 50, 50, 15, false, true, 74, 14087688537
3, 4, 10, 10, 50, 50, 15, false, true, 75, 13593072750
3, 4, 10, 10, 50, 50, 15, false, true, 76, 14285841003
3, 4, 10, 10, 50, 50, 15, false, true, 77, 13839584022
3, 4, 10, 10, 50, 50, 15, false, true, 78, 13811767541
3, 4, 10, 10, 50, 50, 15, false, true, 79, 14257969739
3, 4, 10, 10, 50, 50, 15, false, true, 80, 14410126526
3, 4, 10, 10, 50, 50, 15, false, true, 81, 14264548760
3, 4, 10, 10, 50, 50, 15, false, true, 82, 14406097615
3, 4, 10, 10, 50, 50, 15, false, true, 83, 14017729314
3, 4, 10, 10, 50, 50, 15, false, true, 84, 13529108371
3, 4, 10, 10, 50, 50, 15, false, true, 85, 14219220673
3, 4, 10, 10, 50, 50, 15, false, true, 86, 13350425655
3, 4, 10, 10, 50, 50, 15, false, true, 87, 14474285319
3, 4, 10, 10, 50, 50, 15, false, true, 88, 13529435282
3, 4, 10, 10, 50, 50, 15, false, true, 89, 13742311277
3, 4, 10, 10, 50, 50, 15, false, true, 90, 13459875922
3, 4, 10, 10, 50, 50, 15, false, true, 91, 14080803399
3, 4, 10, 10, 50, 50, 15, false, true, 92, 14077628862
3, 4, 10, 10, 50, 50, 15, false, true, 93, 14582403813
3, 4, 10, 10, 50, 50, 15, false, true, 94, 14056901658
3, 4, 10, 10, 50, 50, 15, false, true, 95, 14506464222
3, 4, 10, 10, 50, 50, 15, false, true, 96, 13934651856
3, 4, 10, 10, 50, 50, 15, false, true, 97, 14090910081
3, 4, 10, 10, 50, 50, 15, false, true, 98, 14533695014
3, 4, 10, 10, 50, 50, 15, false, true, 99, 14232827697
3, 4, 10, 10, 50, 50, 16, false, true, 0, 24336833526
3, 4, 10, 10, 50, 50, 16, false, true, 1, 19468564313
3, 4, 10, 10, 50, 50, 16, false, true, 2, 24206369634
3, 4, 10, 10, 50, 50, 16, false, true, 3, 23456701250
3, 4, 10, 10, 50, 50, 16, false, true, 4, 23992993063
3, 4, 10, 10, 50, 50, 16, false, true, 5, 19534644085
3, 4, 10, 10, 50, 50, 16, false, true, 6, 24190342087
3, 4, 10, 10, 50, 50, 16, false, true, 7, 19459383860
3, 4, 10, 10, 50, 50, 16, false, true, 8, 23428280300
3, 4, 10, 10, 50, 50, 16, false, true, 9, 19532693130
3, 4, 10, 10, 50, 50, 16, false, true, 10, 24002446581
3, 4, 10, 10, 50, 50, 16, false, true, 11, 19388557727
3, 4, 10, 10, 50, 50, 16, false, true, 12, 24007037465
3, 4, 10, 10, 50, 50, 16, false, true, 13, 19381124149
3, 4, 10, 10, 50, 50, 16, false, true, 14, 23257552085
3, 4, 10, 10, 50, 50, 16, false, true, 15, 23731682189
3, 4, 10, 10, 50, 50, 16, false, true, 16, 18766998396
3, 4, 10, 10, 50, 50, 16, false, true, 17, 19576360757
3, 4, 10, 10, 50, 50, 16, false, true, 18, 19500829765
3, 4, 10, 10, 50, 50, 16, false, true, 19, 23896594470
3, 4, 10, 10, 50, 50, 16, false, true, 20, 18955491787
3, 4, 10, 10, 50, 50, 16, false, true, 21, 23599456960
3, 4, 10, 10, 50, 50, 16, false, true, 22, 19028435280
3, 4, 10, 10, 50, 50, 16, false, true, 23, 22445785638
3, 4, 10, 10, 50, 50, 16, false, true, 24, 19008496511
3, 4, 10, 10, 50, 50, 16, false, true, 25, 24495920301
3, 4, 10, 10, 50, 50, 16, false, true, 26, 18694285106
3, 4, 10, 10, 50, 50, 16, false, true, 27, 19399773080
3, 4, 10, 10, 50, 50, 16, false, true, 28, 23261144096
3, 4, 10, 10, 50, 50, 16, false, true, 29, 19451053747
3, 4, 10, 10, 50, 50, 16, false, true, 30, 22564601982
3, 4, 10, 10, 50, 50, 16, false, true, 31, 19404673144
3, 4, 10, 10, 50, 50, 16, false, true, 32, 22598796289
3, 4, 10, 10, 50, 50, 16, false, true, 33, 19157986005
3, 4, 10, 10, 50, 50, 16, false, true, 34, 19611025322
3, 4, 10, 10, 50, 50, 16, false, true, 35, 19383421162
3, 4, 10, 10, 50, 50, 16, false, true, 36, 22228755855
3, 4, 10, 10, 50, 50, 16, false, true, 37, 19384290315
3, 4, 10, 10, 50, 50, 16, false, true, 38, 18974411689
3, 4, 10, 10, 50, 50, 16, false, true, 39, 23239333158
3, 4, 10, 10, 50, 50, 16, false, true, 40, 19403064104
3, 4, 10, 10, 50, 50, 16, false, true, 41, 23053141820
3, 4, 10, 10, 50, 50, 16, false, true, 42, 18884035445
3, 4, 10, 10, 50, 50, 16, false, true, 43, 23845824226
3, 4, 10, 10, 50, 50, 16, false, true, 44, 18830511628
3, 4, 10, 10, 50, 50, 16, false, true, 45, 23153112571
3, 4, 10, 10, 50, 50, 16, false, true, 46, 23316674718
3, 4, 10, 10, 50, 50, 16, false, true, 47, 24194883832
3, 4, 10, 10, 50, 50, 16, false, true, 48, 23704064625
3, 4, 10, 10, 50, 50, 16, false, true, 49, 24130934966
3, 4, 10, 10, 50, 50, 16, false, true, 50, 23135859884
3, 4, 10, 10, 50, 50, 16, false, true, 51, 19352436060
3, 4, 10, 10, 50, 50, 16, false, true, 52, 20672343818
3, 4, 10, 10, 50, 50, 16, false, true, 53, 19448134559
3, 4, 10, 10, 50, 50, 16, false, true, 54, 23430958811
3, 4, 10, 10, 50, 50, 16, false, true, 55, 19313669906
3, 4, 10, 10, 50, 50, 16, false, true, 56, 18228658503
3, 4, 10, 10, 50, 50, 16, false, true, 57, 19396283078
3, 4, 10, 10, 50, 50, 16, false, true, 58, 19925237661
3, 4, 10, 10, 50, 50, 16, false, true, 59, 19156285128
3, 4, 10, 10, 50, 50, 16, false, true, 60, 18894097482
3, 4, 10, 10, 50, 50, 16, false, true, 61, 19324255608
3, 4, 10, 10, 50, 50, 16, false, true, 62, 23545779866
3, 4, 10, 10, 50, 50, 16, false, true, 63, 22315344435
3, 4, 10, 10, 50, 50, 16, false, true, 64, 18900706517
3, 4, 10, 10, 50, 50, 16, false, true, 65, 24592373369
3, 4, 10, 10, 50, 50, 16, false, true, 66, 23530537529
3, 4, 10, 10, 50, 50, 16, false, true, 67, 19578133873
3, 4, 10, 10, 50, 50, 16, false, true, 68, 23802573961
3, 4, 10, 10, 50, 50, 16, false, true, 69, 24082288601
3, 4, 10, 10, 50, 50, 16, false, true, 70, 23848566664
3, 4, 10, 10, 50, 50, 16, false, true, 71, 24548374895
3, 4, 10, 10, 50, 50, 16, false, true, 72, 23658352202
3, 4, 10, 10, 50, 50, 16, false, true, 73, 19449123695
3, 4, 10, 10, 50, 50, 16, false, true, 74, 18692478196
3, 4, 10, 10, 50, 50, 16, false, true, 75, 19435839216
3, 4, 10, 10, 50, 50, 16, false, true, 76, 18634808286
3, 4, 10, 10, 50, 50, 16, false, true, 77, 19316675159
3, 4, 10, 10, 50, 50, 16, false, true, 78, 19357123238
3, 4, 10, 10, 50, 50, 16, false, true, 79, 19165144927
3, 4, 10, 10, 50, 50, 16, false, true, 80, 18859030190
3, 4, 10, 10, 50, 50, 16, false, true, 81, 23531276775
3, 4, 10, 10, 50, 50, 16, false, true, 82, 18953508902
3, 4, 10, 10, 50, 50, 16, false, true, 83, 19415304133
3, 4, 10, 10, 50, 50, 16, false, true, 84, 19000276100
3, 4, 10, 10, 50, 50, 16, false, true, 85, 23760073297
3, 4, 10, 10, 50, 50, 16, false, true, 86, 23699969422
3, 4, 10, 10, 50, 50, 16, false, true, 87, 24197005963
3, 4, 10, 10, 50, 50, 16, false, true, 88, 23914959819
3, 4, 10, 10, 50, 50, 16, false, true, 89, 20174911105
3, 4, 10, 10, 50, 50, 16, false, true, 90, 23903836830
3, 4, 10, 10, 50, 50, 16, false, true, 91, 19534882192
3, 4, 10, 10, 50, 50, 16, false, true, 92, 24494158781
3, 4, 10, 10, 50, 50, 16, false, true, 93, 19285445611
3, 4, 10, 10, 50, 50, 16, false, true, 94, 24239834102
3, 4, 10, 10, 50, 50, 16, false, true, 95, 19483836613
3, 4, 10, 10, 50, 50, 16, false, true, 96, 24148405109
3, 4, 10, 10, 50, 50, 16, false, true, 97, 19479308172
3, 4, 10, 10, 50, 50, 16, false, true, 98, 19463877792
3, 4, 10, 10, 50, 50, 16, false, true, 99, 23432315737
3, 4, 10, 10, 50, 50, 17, false, true, 0, 30000991735
3, 4, 10, 10, 50, 50, 17, false, true, 1, 30000987036
3, 4, 10, 10, 50, 50, 17, false, true, 2, 30000923439
3, 4, 10, 10, 50, 50, 17, false, true, 3, 30002821921
3, 4, 10, 10, 50, 50, 17, false, true, 4, 30000959268
3, 4, 10, 10, 50, 50, 17, false, true, 5, 30000922121
3, 4, 10, 10, 50, 50, 17, false, true, 6, 30000957351
3, 4, 10, 10, 50, 50, 17, false, true, 7, 30001018965
3, 4, 10, 10, 50, 50, 17, false, true, 8, 30000957982
3, 4, 10, 10, 50, 50, 17, false, true, 9, 30000918273
3, 4, 10, 10, 50, 50, 17, false, true, 10, 30001003609
3, 4, 10, 10, 50, 50, 17, false, true, 11, 30000924166
3, 4, 10, 10, 50, 50, 17, false, true, 12, 30000926741
3, 4, 10, 10, 50, 50, 17, false, true, 13, 30000992330
3, 4, 10, 10, 50, 50, 17, false, true, 14, 30000926015
3, 4, 10, 10, 50, 50, 17, false, true, 15, 30000933914
3, 4, 10, 10, 50, 50, 17, false, true, 16, 30000947551
3, 4, 10, 10, 50, 50, 17, false, true, 17, 30000970980
3, 4, 10, 10, 50, 50, 17, false, true, 18, 30000929353
3, 4, 10, 10, 50, 50, 17, false, true, 19, 30000920066
3, 4, 10, 10, 50, 50, 17, false, true, 20, 30000910198
3, 4, 10, 10, 50, 50, 17, false, true, 21, 30000923300
3, 4, 10, 10, 50, 50, 17, false, true, 22, 30000911754
3, 4, 10, 10, 50, 50, 17, false, true, 23, 30000933836
3, 4, 10, 10, 50, 50, 17, false, true, 24, 30000922583
3, 4, 10, 10, 50, 50, 17, false, true, 25, 30000929002
3, 4, 10, 10, 50, 50, 17, false, true, 26, 30002765004
3, 4, 10, 10, 50, 50, 17, false, true, 27, 30000945718
3, 4, 10, 10, 50, 50, 17, false, true, 28, 30000927213
3, 4, 10, 10, 50, 50, 17, false, true, 29, 30000923054
3, 4, 10, 10, 50, 50, 17, false, true, 30, 30000912498
3, 4, 10, 10, 50, 50, 17, false, true, 31, 30000921165
3, 4, 10, 10, 50, 50, 17, false, true, 32, 30000931990
3, 4, 10, 10, 50, 50, 17, false, true, 33, 30000927184
3, 4, 10, 10, 50, 50, 17, false, true, 34, 30000945990
3, 4, 10, 10, 50, 50, 17, false, true, 35, 30000933423
3, 4, 10, 10, 50, 50, 17, false, true, 36, 30001002793
3, 4, 10, 10, 50, 50, 17, false, true, 37, 30000928976
3, 4, 10, 10, 50, 50, 17, false, true, 38, 30000943736
3, 4, 10, 10, 50, 50, 17, false, true, 39, 30000927575
3, 4, 10, 10, 50, 50, 17, false, true, 40, 30001515744
3, 4, 10, 10, 50, 50, 17, false, true, 41, 30000920057
3, 4, 10, 10, 50, 50, 17, false, true, 42, 30000917662
3, 4, 10, 10, 50, 50, 17, false, true, 43, 30000928533
3, 4, 10, 10, 50, 50, 17, false, true, 44, 30000945340
3, 4, 10, 10, 50, 50, 17, false, true, 45, 30000921270
3, 4, 10, 10, 50, 50, 17, false, true, 46, 30001067151
3, 4, 10, 10, 50, 50, 17, false, true, 47, 30001048106
3, 4, 10, 10, 50, 50, 17, false, true, 48, 30000907350
3, 4, 10, 10, 50, 50, 17, false, true, 49, 30003176333
3, 4, 10, 10, 50, 50, 17, false, true, 50, 30000930594
3, 4, 10, 10, 50, 50, 17, false, true, 51, 30000950925
3, 4, 10, 10, 50, 50, 17, false, true, 52, 30000909568
3, 4, 10, 10, 50, 50, 17, false, true, 53, 30000944749
3, 4, 10, 10, 50, 50, 17, false, true, 54, 30000930985
3, 4, 10, 10, 50, 50, 17, false, true, 55, 30000916040
3, 4, 10, 10, 50, 50, 17, false, true, 56, 30000915309
3, 4, 10, 10, 50, 50, 17, false, true, 57, 30000917629
3, 4, 10, 10, 50, 50, 17, false, true, 58, 30001003816
3, 4, 10, 10, 50, 50, 17, false, true, 59, 30000917863
3, 4, 10, 10, 50, 50, 17, false, true, 60, 30000978215
3, 4, 10, 10, 50, 50, 17, false, true, 61, 30000937605
3, 4, 10, 10, 50, 50, 17, false, true, 62, 30000920471
3, 4, 10, 10, 50, 50, 17, false, true, 63, 30000923471
3, 4, 10, 10, 50, 50, 17, false, true, 64, 30000907054
3, 4, 10, 10, 50, 50, 17, false, true, 65, 30000918541
3, 4, 10, 10, 50, 50, 17, false, true, 66, 30000966853
3, 4, 10, 10, 50, 50, 17, false, true, 67, 30000930805
3, 4, 10, 10, 50, 50, 17, false, true, 68, 30000972467
3, 4, 10, 10, 50, 50, 17, false, true, 69, 30000952862
3, 4, 10, 10, 50, 50, 17, false, true, 70, 30000933832
3, 4, 10, 10, 50, 50, 17, false, true, 71, 30000950495
3, 4, 10, 10, 50, 50, 17, false, true, 72, 30000929206
3, 4, 10, 10, 50, 50, 17, false, true, 73, 30000950552
3, 4, 10, 10, 50, 50, 17, false, true, 74, 30000923195
3, 4, 10, 10, 50, 50, 17, false, true, 75, 30000969139
3, 4, 10, 10, 50, 50, 17, false, true, 76, 30000943327
3, 4, 10, 10, 50, 50, 17, false, true, 77, 30000927434
3, 4, 10, 10, 50, 50, 17, false, true, 78, 30000936954
3, 4, 10, 10, 50, 50, 17, false, true, 79, 30000988078
3, 4, 10, 10, 50, 50, 17, false, true, 80, 30000995097
3, 4, 10, 10, 50, 50, 17, false, true, 81, 30000918770
3, 4, 10, 10, 50, 50, 17, false, true, 82, 30002405378
3, 4, 10, 10, 50, 50, 17, false, true, 83, 30000943020
3, 4, 10, 10, 50, 50, 17, false, true, 84, 30000930119
3, 4, 10, 10, 50, 50, 17, false, true, 85, 30000931850
3, 4, 10, 10, 50, 50, 17, false, true, 86, 30000915300
3, 4, 10, 10, 50, 50, 17, false, true, 87, 30000909174
3, 4, 10, 10, 50, 50, 17, false, true, 88, 30000938765
3, 4, 10, 10, 50, 50, 17, false, true, 89, 30000924514
3, 4, 10, 10, 50, 50, 17, false, true, 90, 30000948378
3, 4, 10, 10, 50, 50, 17, false, true, 91, 30000916658
3, 4, 10, 10, 50, 50, 17, false, true, 92, 30000946266
3, 4, 10, 10, 50, 50, 17, false, true, 93, 30000924939
3, 4, 10, 10, 50, 50, 17, false, true, 94, 30000904149
3, 4, 10, 10, 50, 50, 17, false, true, 95, 30000924540
3, 4, 10, 10, 50, 50, 17, false, true, 96, 30000937523
3, 4, 10, 10, 50, 50, 17, false, true, 97, 30000921462
3, 4, 10, 10, 50, 50, 17, false, true, 98, 30000937167
3, 4, 10, 10, 50, 50, 17, false, true, 99, 30000966834
