warmup completed in 7365,96208 ms
===== varying worker count - not lunch hour =====
warmup completed in 169,27239 ms
Scenario ScenarioSpec(40,(0,0),(100,50),50,0,0,false) solved in avg 1,63276 ms (min: 1,40841, max: 2,77899, med: 1,51163), utility 0
Scenario ScenarioSpec(40,(0,0),(100,50),100,0,0,false) solved in avg 1,51571 ms (min: 1,30779, max: 4,02773, med: 1,45368), utility 0
Scenario ScenarioSpec(40,(0,0),(100,50),150,0,0,false) solved in avg 1,46389 ms (min: 1,27250, max: 4,15348, med: 1,40312), utility 0
Scenario ScenarioSpec(40,(0,0),(100,50),200,0,0,false) solved in avg 1,37050 ms (min: 1,20529, max: 5,24732, med: 1,28721), utility 0
Scenario ScenarioSpec(40,(0,0),(100,50),250,0,0,false) solved in avg 1,33200 ms (min: 1,23638, max: 1,51264, med: 1,31059), utility 0
Scenario ScenarioSpec(40,(0,0),(100,50),300,0,0,false) solved in avg 1,30216 ms (min: 1,17745, max: 1,65725, med: 1,28214), utility 0
Scenario ScenarioSpec(40,(0,0),(100,50),350,0,0,false) solved in avg 1,23469 ms (min: 1,05641, max: 3,13320, med: 1,17502), utility 0
Scenario ScenarioSpec(40,(0,0),(100,50),400,0,0,false) solved in avg 1,12968 ms (min: 1,02945, max: 1,99629, med: 1,11411), utility 0
Scenario ScenarioSpec(40,(0,0),(100,50),450,0,0,false) solved in avg 1,20252 ms (min: 1,04227, max: 3,36918, med: 1,17000), utility 0
Scenario ScenarioSpec(40,(0,0),(100,50),500,0,0,false) solved in avg 1,11103 ms (min: 1,04977, max: 1,27661, med: 1,08463), utility 0
Scenario ScenarioSpec(40,(0,0),(100,50),550,0,0,false) solved in avg 1,14838 ms (min: 1,05982, max: 2,81053, med: 1,09431), utility 0
Scenario ScenarioSpec(40,(0,0),(100,50),600,0,0,false) solved in avg 1,16025 ms (min: 1,07427, max: 1,36061, med: 1,13948), utility 0
Scenario ScenarioSpec(40,(0,0),(100,50),650,0,0,false) solved in avg 1,13577 ms (min: 1,08558, max: 1,36006, med: 1,11743), utility 0
Scenario ScenarioSpec(40,(0,0),(100,50),700,0,0,false) solved in avg 1,16898 ms (min: 1,09708, max: 1,29293, med: 1,16351), utility 0
Scenario ScenarioSpec(40,(0,0),(100,50),750,0,0,false) solved in avg 1,14846 ms (min: 1,09535, max: 1,24498, med: 1,13166), utility 0
Scenario ScenarioSpec(40,(0,0),(100,50),800,0,0,false) solved in avg 1,23565 ms (min: 1,11779, max: 1,74463, med: 1,22519), utility 0
Scenario ScenarioSpec(40,(0,0),(100,50),850,0,0,false) solved in avg 1,35656 ms (min: 1,12541, max: 3,86687, med: 1,26248), utility 0
Scenario ScenarioSpec(40,(0,0),(100,50),900,0,0,false) solved in avg 1,19915 ms (min: 1,13595, max: 1,43260, med: 1,17761), utility 0
Scenario ScenarioSpec(40,(0,0),(100,50),950,0,0,false) solved in avg 1,24239 ms (min: 1,15280, max: 3,35214, med: 1,19219), utility 0
Scenario ScenarioSpec(40,(0,0),(100,50),1000,0,0,false) solved in avg 1,24365 ms (min: 1,16273, max: 1,80603, med: 1,20342), utility 0
===== varying worker count - lunch hour =====
warmup completed in 97,82475 ms
Scenario ScenarioSpec(40,(0,0),(100,50),50,0,0,true) solved in avg 0,87920 ms (min: 0,84809, max: 1,07205, med: 0,87005), utility 0
Scenario ScenarioSpec(40,(0,0),(100,50),100,0,0,true) solved in avg 0,91423 ms (min: 0,86672, max: 1,06122, med: 0,90303), utility 0
Scenario ScenarioSpec(40,(0,0),(100,50),150,0,0,true) solved in avg 0,92063 ms (min: 0,88114, max: 1,06266, med: 0,91156), utility 0
Scenario ScenarioSpec(40,(0,0),(100,50),200,0,0,true) solved in avg 0,96089 ms (min: 0,89217, max: 2,83510, med: 0,92397), utility 0
Scenario ScenarioSpec(40,(0,0),(100,50),250,0,0,true) solved in avg 0,95469 ms (min: 0,91104, max: 1,20850, med: 0,94640), utility 0
Scenario ScenarioSpec(40,(0,0),(100,50),300,0,0,true) solved in avg 0,96303 ms (min: 0,92719, max: 1,08885, med: 0,96118), utility 0
Scenario ScenarioSpec(40,(0,0),(100,50),350,0,0,true) solved in avg 1,03467 ms (min: 0,94083, max: 3,02847, med: 0,97363), utility 0
Scenario ScenarioSpec(40,(0,0),(100,50),400,0,0,true) solved in avg 1,00744 ms (min: 0,95697, max: 1,56528, med: 0,98980), utility 0
Scenario ScenarioSpec(40,(0,0),(100,50),450,0,0,true) solved in avg 1,01326 ms (min: 0,97473, max: 1,15965, med: 1,00829), utility 0
Scenario ScenarioSpec(40,(0,0),(100,50),500,0,0,true) solved in avg 1,03641 ms (min: 0,99473, max: 1,13829, med: 1,02878), utility 0
Scenario ScenarioSpec(40,(0,0),(100,50),550,0,0,true) solved in avg 1,04861 ms (min: 1,01036, max: 1,21161, med: 1,04219), utility 0
Scenario ScenarioSpec(40,(0,0),(100,50),600,0,0,true) solved in avg 1,09428 ms (min: 1,02418, max: 2,97308, med: 1,05720), utility 0
Scenario ScenarioSpec(40,(0,0),(100,50),650,0,0,true) solved in avg 1,10571 ms (min: 1,04236, max: 1,89680, med: 1,07721), utility 0
Scenario ScenarioSpec(40,(0,0),(100,50),700,0,0,true) solved in avg 1,12930 ms (min: 1,06018, max: 2,41842, med: 1,10034), utility 0
Scenario ScenarioSpec(40,(0,0),(100,50),750,0,0,true) solved in avg 1,11851 ms (min: 1,07418, max: 1,37510, med: 1,10756), utility 0
Scenario ScenarioSpec(40,(0,0),(100,50),800,0,0,true) solved in avg 1,13475 ms (min: 1,09585, max: 1,31888, med: 1,12901), utility 0
Scenario ScenarioSpec(40,(0,0),(100,50),850,0,0,true) solved in avg 1,19785 ms (min: 1,11014, max: 1,46325, med: 1,16727), utility 0
Scenario ScenarioSpec(40,(0,0),(100,50),900,0,0,true) solved in avg 1,26409 ms (min: 1,13337, max: 2,60711, med: 1,24302), utility 0
Scenario ScenarioSpec(40,(0,0),(100,50),950,0,0,true) solved in avg 1,25505 ms (min: 1,18726, max: 1,46780, med: 1,23471), utility 0
Scenario ScenarioSpec(40,(0,0),(100,50),1000,0,0,true) solved in avg 1,26112 ms (min: 1,19946, max: 1,42745, med: 1,25078), utility 0
===== varying worker count - more projects than rooms =====
warmup completed in 546,80894 ms
Scenario ScenarioSpec(7,(2,5),(10,50),50,5,0,true) solved in avg 5,44737 ms (min: 5,03034, max: 8,73266, med: 5,38099), utility 2
Scenario ScenarioSpec(7,(2,5),(10,50),50,6,0,true) solved in avg 6,37196 ms (min: 6,06093, max: 9,34899, med: 6,24146), utility 2
Scenario ScenarioSpec(7,(2,5),(10,50),50,7,0,true) solved in avg 6,81603 ms (min: 6,34286, max: 9,78344, med: 6,77235), utility 2
Scenario ScenarioSpec(7,(2,5),(10,50),50,8,0,true) solved in avg 8,69761 ms (min: 8,07658, max: 11,51639, med: 8,66750), utility 5
Scenario ScenarioSpec(7,(2,5),(10,50),50,9,0,true) solved in avg 11,42817 ms (min: 10,62408, max: 13,10808, med: 11,49966), utility 8
Scenario ScenarioSpec(7,(2,5),(10,50),50,10,0,true) solved in avg 16,03843 ms (min: 15,29726, max: 17,97932, med: 15,96438), utility 8
Scenario ScenarioSpec(7,(2,5),(10,50),50,11,0,true) solved in avg 17,55586 ms (min: 17,10292, max: 19,93215, med: 17,33772), utility 8
Scenario ScenarioSpec(7,(2,5),(10,50),50,12,0,true) solved in avg 23,69001 ms (min: 22,86350, max: 25,87011, med: 23,69066), utility 8
Scenario ScenarioSpec(7,(2,5),(10,50),50,13,0,true) solved in avg 29,19429 ms (min: 27,50780, max: 31,36438, med: 28,77636), utility 8
Scenario ScenarioSpec(7,(2,5),(10,50),50,14,0,true) solved in avg 36,65446 ms (min: 35,35189, max: 40,51849, med: 35,87199), utility 8
Scenario ScenarioSpec(7,(2,5),(10,50),50,15,0,true) solved in avg 34,74544 ms (min: 33,36963, max: 36,17817, med: 35,20217), utility 13
Scenario ScenarioSpec(7,(2,5),(10,50),50,16,0,true) solved in avg 44,71202 ms (min: 43,86822, max: 47,64160, med: 44,65273), utility 18
Scenario ScenarioSpec(7,(2,5),(10,50),50,17,0,true) solved in avg 51,50980 ms (min: 50,89309, max: 53,18424, med: 51,35764), utility 18
Scenario ScenarioSpec(7,(2,5),(10,50),50,18,0,true) solved in avg 61,54407 ms (min: 57,67419, max: 70,44640, med: 60,20346), utility 18
Scenario ScenarioSpec(7,(2,5),(10,50),50,19,0,true) solved in avg 76,14997 ms (min: 70,31388, max: 80,29657, med: 77,80231), utility 18
Scenario ScenarioSpec(7,(2,5),(10,50),50,20,0,true) solved in avg 93,41619 ms (min: 88,29263, max: 96,67450, med: 94,61690), utility 18
Scenario ScenarioSpec(7,(2,5),(10,50),50,21,0,true) solved in avg 110,00660 ms (min: 106,76107, max: 117,74328, med: 107,71283), utility 18
Scenario ScenarioSpec(7,(2,5),(10,50),50,22,0,true) solved in avg 126,39451 ms (min: 120,79792, max: 132,99819, med: 127,31669), utility 25
Scenario ScenarioSpec(7,(2,5),(10,50),50,23,0,true) solved in avg 93,74245 ms (min: 81,92963, max: 108,18927, med: 98,59268), utility 32
Scenario ScenarioSpec(7,(2,5),(10,50),50,24,0,true) solved in avg 71,49880 ms (min: 67,54197, max: 76,95052, med: 71,32312), utility 32
Scenario ScenarioSpec(7,(2,5),(10,50),50,25,0,true) solved in avg 124,72135 ms (min: 119,72598, max: 134,94282, med: 122,52789), utility 32
Scenario ScenarioSpec(7,(2,5),(10,50),50,26,0,true) solved in avg 165,68585 ms (min: 154,32723, max: 183,54777, med: 163,46244), utility 32
Scenario ScenarioSpec(7,(2,5),(10,50),50,27,0,true) solved in avg 106,71210 ms (min: 101,23258, max: 115,84646, med: 103,36346), utility 32
Scenario ScenarioSpec(7,(2,5),(10,50),50,28,0,true) solved in avg 171,68983 ms (min: 154,43683, max: 184,79072, med: 176,85784), utility 32
Scenario ScenarioSpec(7,(2,5),(10,50),50,29,0,true) solved in avg 22,36691 ms (min: 21,13883, max: 29,09936, med: 22,33466), utility 41
Scenario ScenarioSpec(7,(2,5),(10,50),50,30,0,true) solved in avg 13,32083 ms (min: 12,70833, max: 17,13613, med: 13,13083), utility 50
Scenario ScenarioSpec(7,(2,5),(10,50),50,31,0,true) solved in avg 13,58487 ms (min: 12,91153, max: 17,19130, med: 13,28441), utility 50
Scenario ScenarioSpec(7,(2,5),(10,50),50,32,0,true) solved in avg 11,09056 ms (min: 8,76202, max: 14,24673, med: 8,97196), utility 50
Scenario ScenarioSpec(7,(2,5),(10,50),50,33,0,true) solved in avg 7,80783 ms (min: 7,49192, max: 10,22662, med: 7,67067), utility 50
Scenario ScenarioSpec(7,(2,5),(10,50),50,34,0,true) solved in avg 6,44821 ms (min: 6,19328, max: 9,20192, med: 6,33024), utility 50
Scenario ScenarioSpec(7,(2,5),(10,50),50,35,0,true) solved in avg 6,45189 ms (min: 6,29007, max: 9,00637, med: 6,39138), utility 50
Scenario ScenarioSpec(7,(2,5),(10,50),50,36,0,true) solved in avg 6,80137 ms (min: 6,65634, max: 9,06928, med: 6,74289), utility 50
Scenario ScenarioSpec(7,(2,5),(10,50),50,37,0,true) solved in avg 7,28786 ms (min: 7,12047, max: 9,99646, med: 7,20899), utility 50
Scenario ScenarioSpec(7,(2,5),(10,50),50,38,0,true) solved in avg 6,89123 ms (min: 6,68200, max: 9,18721, med: 6,78997), utility 50
Scenario ScenarioSpec(7,(2,5),(10,50),50,39,0,true) solved in avg 7,52108 ms (min: 6,99937, max: 10,46267, med: 7,39836), utility 50
Scenario ScenarioSpec(7,(2,5),(10,50),50,40,0,true) solved in avg 7,14699 ms (min: 6,89134, max: 9,59054, med: 7,06637), utility 50
Scenario ScenarioSpec(7,(3,5),(10,50),50,5,0,true) solved in avg 12,81739 ms (min: 11,68344, max: 17,90859, med: 12,11544), utility 3
Scenario ScenarioSpec(7,(3,5),(10,50),50,6,0,true) solved in avg 23,65193 ms (min: 21,95676, max: 25,81062, med: 24,17513), utility 3
Scenario ScenarioSpec(7,(3,5),(10,50),50,7,0,true) solved in avg 32,66235 ms (min: 30,14413, max: 39,93350, med: 32,61231), utility 3
Scenario ScenarioSpec(7,(3,5),(10,50),50,8,0,true) solved in avg 51,00596 ms (min: 44,29682, max: 62,68924, med: 49,44764), utility 6
Scenario ScenarioSpec(7,(3,5),(10,50),50,9,0,true) solved in avg 97,80009 ms (min: 92,74490, max: 109,46358, med: 96,51320), utility 9
Scenario ScenarioSpec(7,(3,5),(10,50),50,10,0,true) solved in avg 150,27427 ms (min: 137,75295, max: 163,53380, med: 148,66877), utility 12
Scenario ScenarioSpec(7,(3,5),(10,50),50,11,0,true) solved in avg 207,11200 ms (min: 193,00807, max: 215,36398, med: 208,78299), utility 12
Scenario ScenarioSpec(7,(3,5),(10,50),50,12,0,true) solved in avg 397,64757 ms (min: 381,66316, max: 409,33241, med: 395,91289), utility 12
Scenario ScenarioSpec(7,(3,5),(10,50),50,13,0,true) solved in avg 557,87589 ms (min: 542,33867, max: 573,12970, med: 557,13423), utility 12
Scenario ScenarioSpec(7,(3,5),(10,50),50,14,0,true) solved in avg 887,42643 ms (min: 858,91792, max: 917,15627, med: 889,51363), utility 12
Scenario ScenarioSpec(7,(3,5),(10,50),50,15,0,true) solved in avg 1055,33008 ms (min: 1037,44041, max: 1102,35962, med: 1052,00179), utility 17
Scenario ScenarioSpec(7,(3,5),(10,50),50,16,0,true) solved in avg 1224,99511 ms (min: 1190,92362, max: 1270,37027, med: 1227,07027), utility 22
Scenario ScenarioSpec(7,(3,5),(10,50),50,17,0,true) solved in avg 1270,44606 ms (min: 1216,61855, max: 1362,93240, med: 1273,80761), utility 27
Scenario ScenarioSpec(7,(3,5),(10,50),50,18,0,true) solved in avg 1468,54539 ms (min: 1438,89912, max: 1508,76939, med: 1468,28292), utility 27
Scenario ScenarioSpec(7,(3,5),(10,50),50,19,0,true) solved in avg 2391,69353 ms (min: 2329,97485, max: 2569,13497, med: 2353,94305), utility 27
Scenario ScenarioSpec(7,(3,5),(10,50),50,20,0,true) solved in avg 2990,88077 ms (min: 2929,30999, max: 3189,19077, med: 2990,73761), utility 27
Scenario ScenarioSpec(7,(3,5),(10,50),50,21,0,true) solved in avg 3987,56709 ms (min: 3852,12671, max: 4122,21996, med: 4031,79576), utility 27
Scenario ScenarioSpec(7,(3,5),(10,50),50,22,0,true) solved in avg 4404,06233 ms (min: 4204,37546, max: 4602,71966, med: 4410,99841), utility 34
Scenario ScenarioSpec(7,(3,5),(10,50),50,23,0,true) solved in avg 2560,34461 ms (min: 1997,06976, max: 3014,70454, med: 2870,79598), utility 41
Scenario ScenarioSpec(7,(3,5),(10,50),50,24,0,true) solved in avg 1802,42742 ms (min: 1633,67153, max: 2183,27148, med: 1667,52515), utility 48
Scenario ScenarioSpec(7,(3,5),(10,50),50,25,0,true) solved in avg 3451,34168 ms (min: 3155,76881, max: 3693,15020, med: 3543,41513), utility 48
Scenario ScenarioSpec(7,(3,5),(10,50),50,26,0,true) solved in avg 2575,90073 ms (min: 2292,66622, max: 2908,97025, med: 2668,26169), utility 48
Scenario ScenarioSpec(7,(3,5),(10,50),50,27,0,true) solved in avg 2619,23415 ms (min: 2482,06607, max: 2796,61272, med: 2556,81179), utility 48
Scenario ScenarioSpec(7,(3,5),(10,50),50,28,0,true) solved in avg 3776,68603 ms (min: 3626,97487, max: 3865,16983, med: 3779,76871), utility 48
Scenario ScenarioSpec(7,(3,5),(10,50),50,29,0,true) solved in avg 653,42426 ms (min: 617,74040, max: 670,50011, med: 658,21295), utility 57
Scenario ScenarioSpec(7,(3,5),(10,50),50,30,0,true) solved in avg 183,90998 ms (min: 178,42557, max: 192,13800, med: 182,01533), utility 66
Scenario ScenarioSpec(7,(3,5),(10,50),50,31,0,true) solved in avg 18,03420 ms (min: 17,33151, max: 21,75637, med: 17,53716), utility 75
Scenario ScenarioSpec(7,(3,5),(10,50),50,32,0,true) solved in avg 10,99264 ms (min: 10,59934, max: 13,97689, med: 10,71766), utility 75
Scenario ScenarioSpec(7,(3,5),(10,50),50,33,0,true) solved in avg 11,53493 ms (min: 11,18301, max: 14,17677, med: 11,29562), utility 75
Scenario ScenarioSpec(7,(3,5),(10,50),50,34,0,true) solved in avg 15,27428 ms (min: 9,92610, max: 25,32286, med: 10,32468), utility 75
Scenario ScenarioSpec(7,(3,5),(10,50),50,35,0,true) solved in avg 11,09876 ms (min: 10,82408, max: 13,15072, med: 10,96711), utility 75
Scenario ScenarioSpec(7,(3,5),(10,50),50,36,0,true) solved in avg 10,78265 ms (min: 10,23501, max: 19,58760, med: 10,41979), utility 75
Scenario ScenarioSpec(7,(3,5),(10,50),50,37,0,true) solved in avg 10,84263 ms (min: 10,57323, max: 14,45053, med: 10,69045), utility 75
Scenario ScenarioSpec(7,(3,5),(10,50),50,38,0,true) solved in avg 12,78512 ms (min: 12,42810, max: 18,15882, med: 12,57508), utility 75
Scenario ScenarioSpec(7,(3,5),(10,50),50,39,0,true) solved in avg 10,98362 ms (min: 10,72355, max: 12,89349, med: 10,87509), utility 75
Scenario ScenarioSpec(7,(3,5),(10,50),50,40,0,true) solved in avg 11,28169 ms (min: 10,98062, max: 16,56196, med: 11,08284), utility 75
Scenario ScenarioSpec(7,(4,5),(10,50),50,5,0,true) solved in avg 44,29478 ms (min: 36,10310, max: 67,78954, med: 39,18377), utility 4
Scenario ScenarioSpec(7,(4,5),(10,50),50,6,0,true) solved in avg 106,30467 ms (min: 91,43301, max: 119,84153, med: 102,52187), utility 4
Scenario ScenarioSpec(7,(4,5),(10,50),50,7,0,true) solved in avg 244,03938 ms (min: 209,69758, max: 271,45415, med: 248,87227), utility 4
Scenario ScenarioSpec(7,(4,5),(10,50),50,8,0,true) solved in avg 466,67681 ms (min: 433,72054, max: 512,26597, med: 465,88713), utility 7
Scenario ScenarioSpec(7,(4,5),(10,50),50,9,0,true) solved in avg 735,52278 ms (min: 676,79810, max: 803,27092, med: 733,71100), utility 10
Scenario ScenarioSpec(7,(4,5),(10,50),50,10,0,true) solved in avg 1870,78633 ms (min: 1625,25232, max: 2110,31660, med: 1860,34956), utility 13
Scenario ScenarioSpec(7,(4,5),(10,50),50,11,0,true) solved in avg 3307,83538 ms (min: 3035,34333, max: 3541,38883, med: 3347,35389), utility 16
Scenario ScenarioSpec(7,(4,5),(10,50),50,12,0,true) solved in avg 5821,61575 ms (min: 5464,30026, max: 6237,18041, med: 5818,01414), utility 16
Scenario ScenarioSpec(7,(4,5),(10,50),50,13,0,true) solved in avg 10703,39877 ms (min: 10398,83222, max: 11329,75132, med: 10667,29969), utility 16
Scenario ScenarioSpec(7,(4,5),(10,50),50,14,0,true) solved in avg 15276,52563 ms (min: 14783,27610, max: 15864,60080, med: 15335,67653), utility 16
Scenario ScenarioSpec(7,(4,5),(10,50),50,15,0,true) solved in avg 21040,90292 ms (min: 19423,87907, max: 22215,73893, med: 21464,42017), utility 21
Scenario ScenarioSpec(7,(4,5),(10,50),50,16,0,true) solved in avg 27993,92769 ms (min: 26888,24377, max: 29013,59037, med: 28027,17739), utility 26
Scenario ScenarioSpec(7,(4,5),(10,50),50,17,0,true) solved in avg 26345,46253 ms (min: 25474,65531, max: 27242,24737, med: 26242,87470), utility 31
Scenario ScenarioSpec(7,(4,5),(10,50),50,18,0,true) solved in avg 29407,24182 ms (min: 28681,50899, max: 30002,26726, med: 29202,93843), utility 36
Scenario ScenarioSpec(7,(4,5),(10,50),50,19,0,true) solved in avg 30002,09329 ms (min: 30001,99180, max: 30004,01870, med: 30002,05209), utility 36
Scenario ScenarioSpec(7,(5,5),(10,50),50,5,0,true) solved in avg 170,88327 ms (min: 153,01281, max: 187,13038, med: 171,80930), utility 5
Scenario ScenarioSpec(7,(5,5),(10,50),50,6,0,true) solved in avg 601,60472 ms (min: 534,33062, max: 681,57147, med: 600,98542), utility 5
Scenario ScenarioSpec(7,(5,5),(10,50),50,7,0,true) solved in avg 1792,98427 ms (min: 1628,69607, max: 2068,43886, med: 1812,06396), utility 5
Scenario ScenarioSpec(7,(5,5),(10,50),50,8,0,true) solved in avg 2688,87233 ms (min: 2346,97088, max: 2924,13917, med: 2717,39851), utility 8
Scenario ScenarioSpec(7,(5,5),(10,50),50,9,0,true) solved in avg 6959,60138 ms (min: 6036,69378, max: 7391,34088, med: 6963,80446), utility 11
Scenario ScenarioSpec(7,(5,5),(10,50),50,10,0,true) solved in avg 16426,03659 ms (min: 14921,81916, max: 18367,97815, med: 16313,17432), utility 14
Scenario ScenarioSpec(7,(5,5),(10,50),50,11,0,true) solved in avg 30001,65189 ms (min: 30001,55599, max: 30002,93695, med: 30001,61047), utility 17
===== varying worker count - more rooms than projects =====
warmup completed in 371,78794 ms
Scenario ScenarioSpec(3,(4,5),(10,50),50,5,0,true) solved in avg 31,77161 ms (min: 27,52217, max: 37,46483, med: 31,60772), utility 9
Scenario ScenarioSpec(3,(4,5),(10,50),50,6,0,true) solved in avg 40,54463 ms (min: 36,38659, max: 46,31981, med: 40,06516), utility 12
Scenario ScenarioSpec(3,(4,5),(10,50),50,7,0,true) solved in avg 96,28759 ms (min: 86,84803, max: 113,63788, med: 89,98356), utility 17
Scenario ScenarioSpec(3,(4,5),(10,50),50,8,0,true) solved in avg 234,27817 ms (min: 206,45366, max: 270,54676, med: 232,40611), utility 22
Scenario ScenarioSpec(3,(4,5),(10,50),50,9,0,true) solved in avg 395,91495 ms (min: 333,18618, max: 429,57627, med: 400,40038), utility 27
Scenario ScenarioSpec(3,(4,5),(10,50),50,10,0,true) solved in avg 753,43197 ms (min: 720,34970, max: 811,64771, med: 751,71285), utility 34
Scenario ScenarioSpec(3,(4,5),(10,50),50,11,0,true) solved in avg 1013,61127 ms (min: 944,30663, max: 1070,78248, med: 1017,48506), utility 41
Scenario ScenarioSpec(3,(4,5),(10,50),50,12,0,true) solved in avg 1308,09784 ms (min: 1214,20740, max: 1356,37509, med: 1322,92546), utility 48
Scenario ScenarioSpec(3,(4,5),(10,50),50,13,0,true) solved in avg 1031,19698 ms (min: 951,78239, max: 1093,55037, med: 1026,45155), utility 57
Scenario ScenarioSpec(3,(4,5),(10,50),50,14,0,true) solved in avg 625,15012 ms (min: 564,72430, max: 681,13128, med: 633,33784), utility 66
Scenario ScenarioSpec(3,(4,5),(10,50),50,15,0,true) solved in avg 277,01432 ms (min: 256,99558, max: 297,59762, med: 281,45545), utility 75
Scenario ScenarioSpec(3,(4,5),(10,50),50,16,0,true) solved in avg 603,63592 ms (min: 551,20251, max: 624,50948, med: 612,70990), utility 76
Scenario ScenarioSpec(3,(4,5),(10,50),50,17,0,true) solved in avg 1533,69758 ms (min: 1410,80674, max: 1592,70959, med: 1560,73080), utility 76
Scenario ScenarioSpec(3,(4,5),(10,50),50,18,0,true) solved in avg 3716,39154 ms (min: 3608,07257, max: 3859,64749, med: 3709,96520), utility 76
Scenario ScenarioSpec(3,(4,5),(10,50),50,19,0,true) solved in avg 7126,68390 ms (min: 6791,65950, max: 7461,93445, med: 7184,26802), utility 79
Scenario ScenarioSpec(3,(4,5),(10,50),50,20,0,true) solved in avg 17039,04156 ms (min: 16327,04725, max: 18207,83252, med: 16913,76647), utility 79
Scenario ScenarioSpec(3,(4,5),(10,50),50,21,0,true) solved in avg 30001,03799 ms (min: 30001,00075, max: 30001,11428, med: 30001,03681), utility 79
===== slowdown with increasing room capacity =====
warmup completed in 1342,78396 ms
Scenario ScenarioSpec(4,(3,5),(10,50),50,25,0,true) solved in avg 13,37584 ms (min: 8,98529, max: 17,41720, med: 13,63544), utility 75
Scenario ScenarioSpec(4,(3,6),(10,50),50,25,0,true) solved in avg 9,32177 ms (min: 8,61811, max: 12,61862, med: 9,22750), utility 108
Scenario ScenarioSpec(4,(3,7),(10,50),50,25,0,true) solved in avg 231,64149 ms (min: 210,50246, max: 250,79448, med: 233,23439), utility 121
Scenario ScenarioSpec(4,(3,8),(10,50),50,25,0,true) solved in avg 3138,97708 ms (min: 3045,66689, max: 3250,93073, med: 3123,67874), utility 121
Scenario ScenarioSpec(4,(3,9),(10,50),50,25,0,true) solved in avg 7211,98125 ms (min: 6966,90391, max: 7663,09886, med: 7152,39935), utility 121
Scenario ScenarioSpec(4,(3,10),(10,50),50,25,0,true) solved in avg 12831,74973 ms (min: 12123,64879, max: 13780,28715, med: 12908,15235), utility 121
Scenario ScenarioSpec(4,(3,11),(10,50),50,25,0,true) solved in avg 18246,92415 ms (min: 17148,83169, max: 19283,28992, med: 18157,77893), utility 121
Scenario ScenarioSpec(4,(3,12),(10,50),50,25,0,true) solved in avg 22070,27336 ms (min: 21240,87869, max: 22836,23484, med: 22043,91402), utility 121
Scenario ScenarioSpec(4,(3,13),(10,50),50,25,0,true) solved in avg 22953,31293 ms (min: 22540,99317, max: 23649,08249, med: 22845,99371), utility 121
Scenario ScenarioSpec(4,(3,14),(10,50),50,25,0,true) solved in avg 24099,73270 ms (min: 22331,06259, max: 25359,73050, med: 23885,71898), utility 121
Scenario ScenarioSpec(4,(3,15),(10,50),50,25,0,true) solved in avg 23256,99162 ms (min: 21638,10610, max: 24180,40089, med: 23445,28638), utility 121
