40, 0, 0, 100, 50, 1000, 0, 0, false, 0, 1354619
40, 0, 0, 100, 50, 1000, 0, 0, false, 1, 1290868
40, 0, 0, 100, 50, 1000, 0, 0, false, 2, 1321528
40, 0, 0, 100, 50, 1000, 0, 0, false, 3, 1299301
40, 0, 0, 100, 50, 1000, 0, 0, false, 4, 1325462
40, 0, 0, 100, 50, 1000, 0, 0, false, 5, 1322923
40, 0, 0, 100, 50, 1000, 0, 0, false, 6, 1294719
40, 0, 0, 100, 50, 1000, 0, 0, false, 7, 1243054
40, 0, 0, 100, 50, 1000, 0, 0, false, 8, 1248740
40, 0, 0, 100, 50, 1000, 0, 0, false, 9, 1294140
40, 0, 0, 100, 50, 1000, 0, 0, false, 10, 1298100
40, 0, 0, 100, 50, 1000, 0, 0, false, 11, 1288414
40, 0, 0, 100, 50, 1000, 0, 0, false, 12, 1252172
40, 0, 0, 100, 50, 1000, 0, 0, false, 13, 1304408
40, 0, 0, 100, 50, 1000, 0, 0, false, 14, 1307539
40, 0, 0, 100, 50, 1000, 0, 0, false, 15, 1285338
40, 0, 0, 100, 50, 1000, 0, 0, false, 16, 1257429
40, 0, 0, 100, 50, 1000, 0, 0, false, 17, 1353419
40, 0, 0, 100, 50, 1000, 0, 0, false, 18, 1296717
40, 0, 0, 100, 50, 1000, 0, 0, false, 19, 1592145
40, 0, 0, 100, 50, 1000, 0, 0, false, 20, 1343024
40, 0, 0, 100, 50, 1000, 0, 0, false, 21, 1389953
40, 0, 0, 100, 50, 1000, 0, 0, false, 22, 1336561
40, 0, 0, 100, 50, 1000, 0, 0, false, 23, 1311475
40, 0, 0, 100, 50, 1000, 0, 0, false, 24, 1307479
40, 0, 0, 100, 50, 1000, 0, 0, false, 25, 1303492
40, 0, 0, 100, 50, 1000, 0, 0, false, 26, 1335246
40, 0, 0, 100, 50, 1000, 0, 0, false, 27, 1331719
40, 0, 0, 100, 50, 1000, 0, 0, false, 28, 1291699
40, 0, 0, 100, 50, 1000, 0, 0, false, 29, 1260047
40, 0, 0, 100, 50, 1000, 0, 0, false, 30, 1308203
40, 0, 0, 100, 50, 1000, 0, 0, false, 31, 1305493
40, 0, 0, 100, 50, 1000, 0, 0, false, 32, 1240785
40, 0, 0, 100, 50, 1000, 0, 0, false, 33, 1262513
40, 0, 0, 100, 50, 1000, 0, 0, false, 34, 1264494
40, 0, 0, 100, 50, 1000, 0, 0, false, 35, 1286038
40, 0, 0, 100, 50, 1000, 0, 0, false, 36, 1349452
40, 0, 0, 100, 50, 1000, 0, 0, false, 37, 1253134
40, 0, 0, 100, 50, 1000, 0, 0, false, 38, 1317761
40, 0, 0, 100, 50, 1000, 0, 0, false, 39, 1346925
40, 0, 0, 100, 50, 1000, 0, 0, false, 40, 1277964
40, 0, 0, 100, 50, 1000, 0, 0, false, 41, 1299376
40, 0, 0, 100, 50, 1000, 0, 0, false, 42, 1334948
40, 0, 0, 100, 50, 1000, 0, 0, false, 43, 1310158
40, 0, 0, 100, 50, 1000, 0, 0, false, 44, 1283267
40, 0, 0, 100, 50, 1000, 0, 0, false, 45, 1319870
40, 0, 0, 100, 50, 1000, 0, 0, false, 46, 1339784
40, 0, 0, 100, 50, 1000, 0, 0, false, 47, 1295985
40, 0, 0, 100, 50, 1000, 0, 0, false, 48, 1280131
40, 0, 0, 100, 50, 1000, 0, 0, false, 49, 1307597
40, 0, 0, 100, 50, 2000, 0, 0, false, 0, 2165244
40, 0, 0, 100, 50, 2000, 0, 0, false, 1, 1755390
40, 0, 0, 100, 50, 2000, 0, 0, false, 2, 1659444
40, 0, 0, 100, 50, 2000, 0, 0, false, 3, 1741494
40, 0, 0, 100, 50, 2000, 0, 0, false, 4, 1687786
40, 0, 0, 100, 50, 2000, 0, 0, false, 5, 1678392
40, 0, 0, 100, 50, 2000, 0, 0, false, 6, 1709717
40, 0, 0, 100, 50, 2000, 0, 0, false, 7, 1688481
40, 0, 0, 100, 50, 2000, 0, 0, false, 8, 1750701
40, 0, 0, 100, 50, 2000, 0, 0, false, 9, 1770509
40, 0, 0, 100, 50, 2000, 0, 0, false, 10, 1875162
40, 0, 0, 100, 50, 2000, 0, 0, false, 11, 1797651
40, 0, 0, 100, 50, 2000, 0, 0, false, 12, 1825092
40, 0, 0, 100, 50, 2000, 0, 0, false, 13, 1813172
40, 0, 0, 100, 50, 2000, 0, 0, false, 14, 1754487
40, 0, 0, 100, 50, 2000, 0, 0, false, 15, 1774855
40, 0, 0, 100, 50, 2000, 0, 0, false, 16, 1794431
40, 0, 0, 100, 50, 2000, 0, 0, false, 17, 1794925
40, 0, 0, 100, 50, 2000, 0, 0, false, 18, 1684222
40, 0, 0, 100, 50, 2000, 0, 0, false, 19, 1760390
40, 0, 0, 100, 50, 2000, 0, 0, false, 20, 1607560
40, 0, 0, 100, 50, 2000, 0, 0, false, 21, 1674411
40, 0, 0, 100, 50, 2000, 0, 0, false, 22, 1668503
40, 0, 0, 100, 50, 2000, 0, 0, false, 23, 1647265
40, 0, 0, 100, 50, 2000, 0, 0, false, 24, 1604323
40, 0, 0, 100, 50, 2000, 0, 0, false, 25, 1650964
40, 0, 0, 100, 50, 2000, 0, 0, false, 26, 1661706
40, 0, 0, 100, 50, 2000, 0, 0, false, 27, 1684459
40, 0, 0, 100, 50, 2000, 0, 0, false, 28, 1671806
40, 0, 0, 100, 50, 2000, 0, 0, false, 29, 1750677
40, 0, 0, 100, 50, 2000, 0, 0, false, 30, 1724380
40, 0, 0, 100, 50, 2000, 0, 0, false, 31, 1629798
40, 0, 0, 100, 50, 2000, 0, 0, false, 32, 1733947
40, 0, 0, 100, 50, 2000, 0, 0, false, 33, 1726930
40, 0, 0, 100, 50, 2000, 0, 0, false, 34, 1686810
40, 0, 0, 100, 50, 2000, 0, 0, false, 35, 1647434
40, 0, 0, 100, 50, 2000, 0, 0, false, 36, 1728002
40, 0, 0, 100, 50, 2000, 0, 0, false, 37, 1683994
40, 0, 0, 100, 50, 2000, 0, 0, false, 38, 1754575
40, 0, 0, 100, 50, 2000, 0, 0, false, 39, 1708211
40, 0, 0, 100, 50, 2000, 0, 0, false, 40, 1682593
40, 0, 0, 100, 50, 2000, 0, 0, false, 41, 1663533
40, 0, 0, 100, 50, 2000, 0, 0, false, 42, 1687848
40, 0, 0, 100, 50, 2000, 0, 0, false, 43, 1799825
40, 0, 0, 100, 50, 2000, 0, 0, false, 44, 1741162
40, 0, 0, 100, 50, 2000, 0, 0, false, 45, 1631496
40, 0, 0, 100, 50, 2000, 0, 0, false, 46, 1688604
40, 0, 0, 100, 50, 2000, 0, 0, false, 47, 1690485
40, 0, 0, 100, 50, 2000, 0, 0, false, 48, 1670471
40, 0, 0, 100, 50, 2000, 0, 0, false, 49, 1702035
40, 0, 0, 100, 50, 3000, 0, 0, false, 0, 2073844
40, 0, 0, 100, 50, 3000, 0, 0, false, 1, 2017546
40, 0, 0, 100, 50, 3000, 0, 0, false, 2, 2057311
40, 0, 0, 100, 50, 3000, 0, 0, false, 3, 1961124
40, 0, 0, 100, 50, 3000, 0, 0, false, 4, 2056674
40, 0, 0, 100, 50, 3000, 0, 0, false, 5, 2079517
40, 0, 0, 100, 50, 3000, 0, 0, false, 6, 1990545
40, 0, 0, 100, 50, 3000, 0, 0, false, 7, 2076093
40, 0, 0, 100, 50, 3000, 0, 0, false, 8, 2053886
40, 0, 0, 100, 50, 3000, 0, 0, false, 9, 1999376
40, 0, 0, 100, 50, 3000, 0, 0, false, 10, 2116822
40, 0, 0, 100, 50, 3000, 0, 0, false, 11, 2037718
40, 0, 0, 100, 50, 3000, 0, 0, false, 12, 2087453
40, 0, 0, 100, 50, 3000, 0, 0, false, 13, 1971566
40, 0, 0, 100, 50, 3000, 0, 0, false, 14, 1970459
40, 0, 0, 100, 50, 3000, 0, 0, false, 15, 2021299
40, 0, 0, 100, 50, 3000, 0, 0, false, 16, 1945770
40, 0, 0, 100, 50, 3000, 0, 0, false, 17, 1989170
40, 0, 0, 100, 50, 3000, 0, 0, false, 18, 2035847
40, 0, 0, 100, 50, 3000, 0, 0, false, 19, 2016915
40, 0, 0, 100, 50, 3000, 0, 0, false, 20, 2051207
40, 0, 0, 100, 50, 3000, 0, 0, false, 21, 1995395
40, 0, 0, 100, 50, 3000, 0, 0, false, 22, 2008641
40, 0, 0, 100, 50, 3000, 0, 0, false, 23, 1998472
40, 0, 0, 100, 50, 3000, 0, 0, false, 24, 2077712
40, 0, 0, 100, 50, 3000, 0, 0, false, 25, 2076088
40, 0, 0, 100, 50, 3000, 0, 0, false, 26, 2038954
40, 0, 0, 100, 50, 3000, 0, 0, false, 27, 2097928
40, 0, 0, 100, 50, 3000, 0, 0, false, 28, 2098339
40, 0, 0, 100, 50, 3000, 0, 0, false, 29, 2022811
40, 0, 0, 100, 50, 3000, 0, 0, false, 30, 2058123
40, 0, 0, 100, 50, 3000, 0, 0, false, 31, 1982474
40, 0, 0, 100, 50, 3000, 0, 0, false, 32, 2112726
40, 0, 0, 100, 50, 3000, 0, 0, false, 33, 2003806
40, 0, 0, 100, 50, 3000, 0, 0, false, 34, 2021961
40, 0, 0, 100, 50, 3000, 0, 0, false, 35, 2164824
40, 0, 0, 100, 50, 3000, 0, 0, false, 36, 2011620
40, 0, 0, 100, 50, 3000, 0, 0, false, 37, 2068695
40, 0, 0, 100, 50, 3000, 0, 0, false, 38, 2047282
40, 0, 0, 100, 50, 3000, 0, 0, false, 39, 2054550
40, 0, 0, 100, 50, 3000, 0, 0, false, 40, 2265217
40, 0, 0, 100, 50, 3000, 0, 0, false, 41, 2123695
40, 0, 0, 100, 50, 3000, 0, 0, false, 42, 2046034
40, 0, 0, 100, 50, 3000, 0, 0, false, 43, 2091254
40, 0, 0, 100, 50, 3000, 0, 0, false, 44, 2002255
40, 0, 0, 100, 50, 3000, 0, 0, false, 45, 2086538
40, 0, 0, 100, 50, 3000, 0, 0, false, 46, 2014002
40, 0, 0, 100, 50, 3000, 0, 0, false, 47, 1990050
40, 0, 0, 100, 50, 3000, 0, 0, false, 48, 1970402
40, 0, 0, 100, 50, 3000, 0, 0, false, 49, 1960397
40, 0, 0, 100, 50, 4000, 0, 0, false, 0, 2385518
40, 0, 0, 100, 50, 4000, 0, 0, false, 1, 2400591
40, 0, 0, 100, 50, 4000, 0, 0, false, 2, 2399681
40, 0, 0, 100, 50, 4000, 0, 0, false, 3, 2454241
40, 0, 0, 100, 50, 4000, 0, 0, false, 4, 2415768
40, 0, 0, 100, 50, 4000, 0, 0, false, 5, 2407595
40, 0, 0, 100, 50, 4000, 0, 0, false, 6, 2368805
40, 0, 0, 100, 50, 4000, 0, 0, false, 7, 2429745
40, 0, 0, 100, 50, 4000, 0, 0, false, 8, 2397801
40, 0, 0, 100, 50, 4000, 0, 0, false, 9, 2417065
40, 0, 0, 100, 50, 4000, 0, 0, false, 10, 2359707
40, 0, 0, 100, 50, 4000, 0, 0, false, 11, 2423613
40, 0, 0, 100, 50, 4000, 0, 0, false, 12, 2509594
40, 0, 0, 100, 50, 4000, 0, 0, false, 13, 2621273
40, 0, 0, 100, 50, 4000, 0, 0, false, 14, 2527400
40, 0, 0, 100, 50, 4000, 0, 0, false, 15, 2576189
40, 0, 0, 100, 50, 4000, 0, 0, false, 16, 2598201
40, 0, 0, 100, 50, 4000, 0, 0, false, 17, 2442790
40, 0, 0, 100, 50, 4000, 0, 0, false, 18, 2551240
40, 0, 0, 100, 50, 4000, 0, 0, false, 19, 2468779
40, 0, 0, 100, 50, 4000, 0, 0, false, 20, 2500586
40, 0, 0, 100, 50, 4000, 0, 0, false, 21, 2417327
40, 0, 0, 100, 50, 4000, 0, 0, false, 22, 2499321
40, 0, 0, 100, 50, 4000, 0, 0, false, 23, 4877642
40, 0, 0, 100, 50, 4000, 0, 0, false, 24, 2355847
40, 0, 0, 100, 50, 4000, 0, 0, false, 25, 2309038
40, 0, 0, 100, 50, 4000, 0, 0, false, 26, 2372839
40, 0, 0, 100, 50, 4000, 0, 0, false, 27, 2458969
40, 0, 0, 100, 50, 4000, 0, 0, false, 28, 2514161
40, 0, 0, 100, 50, 4000, 0, 0, false, 29, 2417960
40, 0, 0, 100, 50, 4000, 0, 0, false, 30, 2387256
40, 0, 0, 100, 50, 4000, 0, 0, false, 31, 2401404
40, 0, 0, 100, 50, 4000, 0, 0, false, 32, 2500935
40, 0, 0, 100, 50, 4000, 0, 0, false, 33, 2360198
40, 0, 0, 100, 50, 4000, 0, 0, false, 34, 2442633
40, 0, 0, 100, 50, 4000, 0, 0, false, 35, 2390702
40, 0, 0, 100, 50, 4000, 0, 0, false, 36, 2438363
40, 0, 0, 100, 50, 4000, 0, 0, false, 37, 2371898
40, 0, 0, 100, 50, 4000, 0, 0, false, 38, 2555071
40, 0, 0, 100, 50, 4000, 0, 0, false, 39, 2539693
40, 0, 0, 100, 50, 4000, 0, 0, false, 40, 2425034
40, 0, 0, 100, 50, 4000, 0, 0, false, 41, 2401290
40, 0, 0, 100, 50, 4000, 0, 0, false, 42, 2440249
40, 0, 0, 100, 50, 4000, 0, 0, false, 43, 2353640
40, 0, 0, 100, 50, 4000, 0, 0, false, 44, 2457530
40, 0, 0, 100, 50, 4000, 0, 0, false, 45, 2394207
40, 0, 0, 100, 50, 4000, 0, 0, false, 46, 2404690
40, 0, 0, 100, 50, 4000, 0, 0, false, 47, 2398270
40, 0, 0, 100, 50, 4000, 0, 0, false, 48, 2340973
40, 0, 0, 100, 50, 4000, 0, 0, false, 49, 2342397
40, 0, 0, 100, 50, 5000, 0, 0, false, 0, 2830857
40, 0, 0, 100, 50, 5000, 0, 0, false, 1, 2802534
40, 0, 0, 100, 50, 5000, 0, 0, false, 2, 2728556
40, 0, 0, 100, 50, 5000, 0, 0, false, 3, 2744899
40, 0, 0, 100, 50, 5000, 0, 0, false, 4, 3016523
40, 0, 0, 100, 50, 5000, 0, 0, false, 5, 2795723
40, 0, 0, 100, 50, 5000, 0, 0, false, 6, 3013843
40, 0, 0, 100, 50, 5000, 0, 0, false, 7, 2761324
40, 0, 0, 100, 50, 5000, 0, 0, false, 8, 2898565
40, 0, 0, 100, 50, 5000, 0, 0, false, 9, 2750410
40, 0, 0, 100, 50, 5000, 0, 0, false, 10, 2780084
40, 0, 0, 100, 50, 5000, 0, 0, false, 11, 2745336
40, 0, 0, 100, 50, 5000, 0, 0, false, 12, 2769614
40, 0, 0, 100, 50, 5000, 0, 0, false, 13, 2764112
40, 0, 0, 100, 50, 5000, 0, 0, false, 14, 2761069
40, 0, 0, 100, 50, 5000, 0, 0, false, 15, 2830637
40, 0, 0, 100, 50, 5000, 0, 0, false, 16, 2792139
40, 0, 0, 100, 50, 5000, 0, 0, false, 17, 2854894
40, 0, 0, 100, 50, 5000, 0, 0, false, 18, 2747317
40, 0, 0, 100, 50, 5000, 0, 0, false, 19, 2780066
40, 0, 0, 100, 50, 5000, 0, 0, false, 20, 2745901
40, 0, 0, 100, 50, 5000, 0, 0, false, 21, 2739715
40, 0, 0, 100, 50, 5000, 0, 0, false, 22, 2844112
40, 0, 0, 100, 50, 5000, 0, 0, false, 23, 2631094
40, 0, 0, 100, 50, 5000, 0, 0, false, 24, 2643601
40, 0, 0, 100, 50, 5000, 0, 0, false, 25, 2633996
40, 0, 0, 100, 50, 5000, 0, 0, false, 26, 2806260
40, 0, 0, 100, 50, 5000, 0, 0, false, 27, 2835051
40, 0, 0, 100, 50, 5000, 0, 0, false, 28, 2908155
40, 0, 0, 100, 50, 5000, 0, 0, false, 29, 2761831
40, 0, 0, 100, 50, 5000, 0, 0, false, 30, 2755874
40, 0, 0, 100, 50, 5000, 0, 0, false, 31, 2814498
40, 0, 0, 100, 50, 5000, 0, 0, false, 32, 2846341
40, 0, 0, 100, 50, 5000, 0, 0, false, 33, 2773046
40, 0, 0, 100, 50, 5000, 0, 0, false, 34, 2802946
40, 0, 0, 100, 50, 5000, 0, 0, false, 35, 2901785
40, 0, 0, 100, 50, 5000, 0, 0, false, 36, 2748892
40, 0, 0, 100, 50, 5000, 0, 0, false, 37, 2766322
40, 0, 0, 100, 50, 5000, 0, 0, false, 38, 2801522
40, 0, 0, 100, 50, 5000, 0, 0, false, 39, 2785320
40, 0, 0, 100, 50, 5000, 0, 0, false, 40, 2786628
40, 0, 0, 100, 50, 5000, 0, 0, false, 41, 2715512
40, 0, 0, 100, 50, 5000, 0, 0, false, 42, 2828428
40, 0, 0, 100, 50, 5000, 0, 0, false, 43, 2779664
40, 0, 0, 100, 50, 5000, 0, 0, false, 44, 2831232
40, 0, 0, 100, 50, 5000, 0, 0, false, 45, 2819671
40, 0, 0, 100, 50, 5000, 0, 0, false, 46, 2745744
40, 0, 0, 100, 50, 5000, 0, 0, false, 47, 2774702
40, 0, 0, 100, 50, 5000, 0, 0, false, 48, 2755130
40, 0, 0, 100, 50, 5000, 0, 0, false, 49, 2837061
40, 0, 0, 100, 50, 6000, 0, 0, false, 0, 3232404
40, 0, 0, 100, 50, 6000, 0, 0, false, 1, 3085280
40, 0, 0, 100, 50, 6000, 0, 0, false, 2, 2889355
40, 0, 0, 100, 50, 6000, 0, 0, false, 3, 2975842
40, 0, 0, 100, 50, 6000, 0, 0, false, 4, 2974655
40, 0, 0, 100, 50, 6000, 0, 0, false, 5, 3375262
40, 0, 0, 100, 50, 6000, 0, 0, false, 6, 3213189
40, 0, 0, 100, 50, 6000, 0, 0, false, 7, 3208667
40, 0, 0, 100, 50, 6000, 0, 0, false, 8, 3100445
40, 0, 0, 100, 50, 6000, 0, 0, false, 9, 3093388
40, 0, 0, 100, 50, 6000, 0, 0, false, 10, 3152558
40, 0, 0, 100, 50, 6000, 0, 0, false, 11, 3103098
40, 0, 0, 100, 50, 6000, 0, 0, false, 12, 3141802
40, 0, 0, 100, 50, 6000, 0, 0, false, 13, 3132095
40, 0, 0, 100, 50, 6000, 0, 0, false, 14, 3102525
40, 0, 0, 100, 50, 6000, 0, 0, false, 15, 3087089
40, 0, 0, 100, 50, 6000, 0, 0, false, 16, 3149098
40, 0, 0, 100, 50, 6000, 0, 0, false, 17, 3092205
40, 0, 0, 100, 50, 6000, 0, 0, false, 18, 3112046
40, 0, 0, 100, 50, 6000, 0, 0, false, 19, 3111318
40, 0, 0, 100, 50, 6000, 0, 0, false, 20, 3095827
40, 0, 0, 100, 50, 6000, 0, 0, false, 21, 3089678
40, 0, 0, 100, 50, 6000, 0, 0, false, 22, 3257432
40, 0, 0, 100, 50, 6000, 0, 0, false, 23, 3264948
40, 0, 0, 100, 50, 6000, 0, 0, false, 24, 3087604
40, 0, 0, 100, 50, 6000, 0, 0, false, 25, 3148243
40, 0, 0, 100, 50, 6000, 0, 0, false, 26, 3130957
40, 0, 0, 100, 50, 6000, 0, 0, false, 27, 3083783
40, 0, 0, 100, 50, 6000, 0, 0, false, 28, 3202866
40, 0, 0, 100, 50, 6000, 0, 0, false, 29, 3153603
40, 0, 0, 100, 50, 6000, 0, 0, false, 30, 3218425
40, 0, 0, 100, 50, 6000, 0, 0, false, 31, 3167406
40, 0, 0, 100, 50, 6000, 0, 0, false, 32, 3868513
40, 0, 0, 100, 50, 6000, 0, 0, false, 33, 3017481
40, 0, 0, 100, 50, 6000, 0, 0, false, 34, 3014999
40, 0, 0, 100, 50, 6000, 0, 0, false, 35, 3159679
40, 0, 0, 100, 50, 6000, 0, 0, false, 36, 3146090
40, 0, 0, 100, 50, 6000, 0, 0, false, 37, 3151780
40, 0, 0, 100, 50, 6000, 0, 0, false, 38, 3145619
40, 0, 0, 100, 50, 6000, 0, 0, false, 39, 3190149
40, 0, 0, 100, 50, 6000, 0, 0, false, 40, 3176604
40, 0, 0, 100, 50, 6000, 0, 0, false, 41, 3099801
40, 0, 0, 100, 50, 6000, 0, 0, false, 42, 3106232
40, 0, 0, 100, 50, 6000, 0, 0, false, 43, 3139009
40, 0, 0, 100, 50, 6000, 0, 0, false, 44, 3102382
40, 0, 0, 100, 50, 6000, 0, 0, false, 45, 3207193
40, 0, 0, 100, 50, 6000, 0, 0, false, 46, 3190793
40, 0, 0, 100, 50, 6000, 0, 0, false, 47, 3155559
40, 0, 0, 100, 50, 6000, 0, 0, false, 48, 3138149
40, 0, 0, 100, 50, 6000, 0, 0, false, 49, 3186037
40, 0, 0, 100, 50, 7000, 0, 0, false, 0, 3599138
40, 0, 0, 100, 50, 7000, 0, 0, false, 1, 3600757
40, 0, 0, 100, 50, 7000, 0, 0, false, 2, 3455769
40, 0, 0, 100, 50, 7000, 0, 0, false, 3, 3514452
40, 0, 0, 100, 50, 7000, 0, 0, false, 4, 3466580
40, 0, 0, 100, 50, 7000, 0, 0, false, 5, 3603680
40, 0, 0, 100, 50, 7000, 0, 0, false, 6, 3639329
40, 0, 0, 100, 50, 7000, 0, 0, false, 7, 3449380
40, 0, 0, 100, 50, 7000, 0, 0, false, 8, 3463778
40, 0, 0, 100, 50, 7000, 0, 0, false, 9, 3515266
40, 0, 0, 100, 50, 7000, 0, 0, false, 10, 3194984
40, 0, 0, 100, 50, 7000, 0, 0, false, 11, 3346333
40, 0, 0, 100, 50, 7000, 0, 0, false, 12, 3401110
40, 0, 0, 100, 50, 7000, 0, 0, false, 13, 3570379
40, 0, 0, 100, 50, 7000, 0, 0, false, 14, 3474157
40, 0, 0, 100, 50, 7000, 0, 0, false, 15, 3473597
40, 0, 0, 100, 50, 7000, 0, 0, false, 16, 3504117
40, 0, 0, 100, 50, 7000, 0, 0, false, 17, 3585370
40, 0, 0, 100, 50, 7000, 0, 0, false, 18, 3532557
40, 0, 0, 100, 50, 7000, 0, 0, false, 19, 3736624
40, 0, 0, 100, 50, 7000, 0, 0, false, 20, 3677362
40, 0, 0, 100, 50, 7000, 0, 0, false, 21, 3506830
40, 0, 0, 100, 50, 7000, 0, 0, false, 22, 3466368
40, 0, 0, 100, 50, 7000, 0, 0, false, 23, 3448978
40, 0, 0, 100, 50, 7000, 0, 0, false, 24, 3459525
40, 0, 0, 100, 50, 7000, 0, 0, false, 25, 3443714
40, 0, 0, 100, 50, 7000, 0, 0, false, 26, 3521327
40, 0, 0, 100, 50, 7000, 0, 0, false, 27, 3466515
40, 0, 0, 100, 50, 7000, 0, 0, false, 28, 3529895
40, 0, 0, 100, 50, 7000, 0, 0, false, 29, 3445387
40, 0, 0, 100, 50, 7000, 0, 0, false, 30, 3474099
40, 0, 0, 100, 50, 7000, 0, 0, false, 31, 3404084
40, 0, 0, 100, 50, 7000, 0, 0, false, 32, 3485059
40, 0, 0, 100, 50, 7000, 0, 0, false, 33, 3502238
40, 0, 0, 100, 50, 7000, 0, 0, false, 34, 3158467
40, 0, 0, 100, 50, 7000, 0, 0, false, 35, 3265072
40, 0, 0, 100, 50, 7000, 0, 0, false, 36, 3355829
40, 0, 0, 100, 50, 7000, 0, 0, false, 37, 3576559
40, 0, 0, 100, 50, 7000, 0, 0, false, 38, 3544877
40, 0, 0, 100, 50, 7000, 0, 0, false, 39, 3499088
40, 0, 0, 100, 50, 7000, 0, 0, false, 40, 3778715
40, 0, 0, 100, 50, 7000, 0, 0, false, 41, 3526274
40, 0, 0, 100, 50, 7000, 0, 0, false, 42, 3523259
40, 0, 0, 100, 50, 7000, 0, 0, false, 43, 3473354
40, 0, 0, 100, 50, 7000, 0, 0, false, 44, 3452242
40, 0, 0, 100, 50, 7000, 0, 0, false, 45, 3551677
40, 0, 0, 100, 50, 7000, 0, 0, false, 46, 3480268
40, 0, 0, 100, 50, 7000, 0, 0, false, 47, 3574335
40, 0, 0, 100, 50, 7000, 0, 0, false, 48, 3485598
40, 0, 0, 100, 50, 7000, 0, 0, false, 49, 3495774
40, 0, 0, 100, 50, 8000, 0, 0, false, 0, 3887304
40, 0, 0, 100, 50, 8000, 0, 0, false, 1, 3805243
40, 0, 0, 100, 50, 8000, 0, 0, false, 2, 4001321
40, 0, 0, 100, 50, 8000, 0, 0, false, 3, 3996089
40, 0, 0, 100, 50, 8000, 0, 0, false, 4, 3909289
40, 0, 0, 100, 50, 8000, 0, 0, false, 5, 3841812
40, 0, 0, 100, 50, 8000, 0, 0, false, 6, 6566962
40, 0, 0, 100, 50, 8000, 0, 0, false, 7, 3743609
40, 0, 0, 100, 50, 8000, 0, 0, false, 8, 3697643
40, 0, 0, 100, 50, 8000, 0, 0, false, 9, 3842108
40, 0, 0, 100, 50, 8000, 0, 0, false, 10, 3790001
40, 0, 0, 100, 50, 8000, 0, 0, false, 11, 3916466
40, 0, 0, 100, 50, 8000, 0, 0, false, 12, 3838809
40, 0, 0, 100, 50, 8000, 0, 0, false, 13, 3830223
40, 0, 0, 100, 50, 8000, 0, 0, false, 14, 3794649
40, 0, 0, 100, 50, 8000, 0, 0, false, 15, 3865923
40, 0, 0, 100, 50, 8000, 0, 0, false, 16, 3837809
40, 0, 0, 100, 50, 8000, 0, 0, false, 17, 3839273
40, 0, 0, 100, 50, 8000, 0, 0, false, 18, 3885398
40, 0, 0, 100, 50, 8000, 0, 0, false, 19, 3813946
40, 0, 0, 100, 50, 8000, 0, 0, false, 20, 3859837
40, 0, 0, 100, 50, 8000, 0, 0, false, 21, 3886137
40, 0, 0, 100, 50, 8000, 0, 0, false, 22, 3840019
40, 0, 0, 100, 50, 8000, 0, 0, false, 23, 3798724
40, 0, 0, 100, 50, 8000, 0, 0, false, 24, 3947930
40, 0, 0, 100, 50, 8000, 0, 0, false, 25, 3858900
40, 0, 0, 100, 50, 8000, 0, 0, false, 26, 3556517
40, 0, 0, 100, 50, 8000, 0, 0, false, 27, 3590692
40, 0, 0, 100, 50, 8000, 0, 0, false, 28, 3817239
40, 0, 0, 100, 50, 8000, 0, 0, false, 29, 3920191
40, 0, 0, 100, 50, 8000, 0, 0, false, 30, 3887204
40, 0, 0, 100, 50, 8000, 0, 0, false, 31, 3836697
40, 0, 0, 100, 50, 8000, 0, 0, false, 32, 3804689
40, 0, 0, 100, 50, 8000, 0, 0, false, 33, 3927888
40, 0, 0, 100, 50, 8000, 0, 0, false, 34, 3885706
40, 0, 0, 100, 50, 8000, 0, 0, false, 35, 3819824
40, 0, 0, 100, 50, 8000, 0, 0, false, 36, 3828935
40, 0, 0, 100, 50, 8000, 0, 0, false, 37, 3835656
40, 0, 0, 100, 50, 8000, 0, 0, false, 38, 3911965
40, 0, 0, 100, 50, 8000, 0, 0, false, 39, 3767274
40, 0, 0, 100, 50, 8000, 0, 0, false, 40, 3820320
40, 0, 0, 100, 50, 8000, 0, 0, false, 41, 3786730
40, 0, 0, 100, 50, 8000, 0, 0, false, 42, 3976522
40, 0, 0, 100, 50, 8000, 0, 0, false, 43, 3848667
40, 0, 0, 100, 50, 8000, 0, 0, false, 44, 3848061
40, 0, 0, 100, 50, 8000, 0, 0, false, 45, 3847585
40, 0, 0, 100, 50, 8000, 0, 0, false, 46, 3948445
40, 0, 0, 100, 50, 8000, 0, 0, false, 47, 3871651
40, 0, 0, 100, 50, 8000, 0, 0, false, 48, 4028636
40, 0, 0, 100, 50, 8000, 0, 0, false, 49, 7380917
40, 0, 0, 100, 50, 9000, 0, 0, false, 0, 3936113
40, 0, 0, 100, 50, 9000, 0, 0, false, 1, 4195923
40, 0, 0, 100, 50, 9000, 0, 0, false, 2, 4242704
40, 0, 0, 100, 50, 9000, 0, 0, false, 3, 4191606
40, 0, 0, 100, 50, 9000, 0, 0, false, 4, 4229738
40, 0, 0, 100, 50, 9000, 0, 0, false, 5, 4263326
40, 0, 0, 100, 50, 9000, 0, 0, false, 6, 4235512
40, 0, 0, 100, 50, 9000, 0, 0, false, 7, 4225242
40, 0, 0, 100, 50, 9000, 0, 0, false, 8, 4158215
40, 0, 0, 100, 50, 9000, 0, 0, false, 9, 4334476
40, 0, 0, 100, 50, 9000, 0, 0, false, 10, 4263194
40, 0, 0, 100, 50, 9000, 0, 0, false, 11, 4213471
40, 0, 0, 100, 50, 9000, 0, 0, false, 12, 4185252
40, 0, 0, 100, 50, 9000, 0, 0, false, 13, 4301334
40, 0, 0, 100, 50, 9000, 0, 0, false, 14, 4148098
40, 0, 0, 100, 50, 9000, 0, 0, false, 15, 4138892
40, 0, 0, 100, 50, 9000, 0, 0, false, 16, 4295657
40, 0, 0, 100, 50, 9000, 0, 0, false, 17, 4462747
40, 0, 0, 100, 50, 9000, 0, 0, false, 18, 4148453
40, 0, 0, 100, 50, 9000, 0, 0, false, 19, 4146575
40, 0, 0, 100, 50, 9000, 0, 0, false, 20, 4113278
40, 0, 0, 100, 50, 9000, 0, 0, false, 21, 4053896
40, 0, 0, 100, 50, 9000, 0, 0, false, 22, 4041137
40, 0, 0, 100, 50, 9000, 0, 0, false, 23, 4242975
40, 0, 0, 100, 50, 9000, 0, 0, false, 24, 4170180
40, 0, 0, 100, 50, 9000, 0, 0, false, 25, 4309001
40, 0, 0, 100, 50, 9000, 0, 0, false, 26, 4262688
40, 0, 0, 100, 50, 9000, 0, 0, false, 27, 4276982
40, 0, 0, 100, 50, 9000, 0, 0, false, 28, 4144065
40, 0, 0, 100, 50, 9000, 0, 0, false, 29, 4109407
40, 0, 0, 100, 50, 9000, 0, 0, false, 30, 4194584
40, 0, 0, 100, 50, 9000, 0, 0, false, 31, 4192323
40, 0, 0, 100, 50, 9000, 0, 0, false, 32, 4180274
40, 0, 0, 100, 50, 9000, 0, 0, false, 33, 4161971
40, 0, 0, 100, 50, 9000, 0, 0, false, 34, 4260589
40, 0, 0, 100, 50, 9000, 0, 0, false, 35, 4208259
40, 0, 0, 100, 50, 9000, 0, 0, false, 36, 4332179
40, 0, 0, 100, 50, 9000, 0, 0, false, 37, 4113183
40, 0, 0, 100, 50, 9000, 0, 0, false, 38, 4213851
40, 0, 0, 100, 50, 9000, 0, 0, false, 39, 4432776
40, 0, 0, 100, 50, 9000, 0, 0, false, 40, 4174521
40, 0, 0, 100, 50, 9000, 0, 0, false, 41, 4135570
40, 0, 0, 100, 50, 9000, 0, 0, false, 42, 3972178
40, 0, 0, 100, 50, 9000, 0, 0, false, 43, 3980087
40, 0, 0, 100, 50, 9000, 0, 0, false, 44, 4182074
40, 0, 0, 100, 50, 9000, 0, 0, false, 45, 4168131
40, 0, 0, 100, 50, 9000, 0, 0, false, 46, 4222372
40, 0, 0, 100, 50, 9000, 0, 0, false, 47, 4195289
40, 0, 0, 100, 50, 9000, 0, 0, false, 48, 4176195
40, 0, 0, 100, 50, 9000, 0, 0, false, 49, 4163394
40, 0, 0, 100, 50, 10000, 0, 0, false, 0, 4701897
40, 0, 0, 100, 50, 10000, 0, 0, false, 1, 4704402
40, 0, 0, 100, 50, 10000, 0, 0, false, 2, 4575670
40, 0, 0, 100, 50, 10000, 0, 0, false, 3, 4781802
40, 0, 0, 100, 50, 10000, 0, 0, false, 4, 4700712
40, 0, 0, 100, 50, 10000, 0, 0, false, 5, 4552350
40, 0, 0, 100, 50, 10000, 0, 0, false, 6, 4526012
40, 0, 0, 100, 50, 10000, 0, 0, false, 7, 4670544
40, 0, 0, 100, 50, 10000, 0, 0, false, 8, 4641345
40, 0, 0, 100, 50, 10000, 0, 0, false, 9, 4557536
40, 0, 0, 100, 50, 10000, 0, 0, false, 10, 4585048
40, 0, 0, 100, 50, 10000, 0, 0, false, 11, 4223110
40, 0, 0, 100, 50, 10000, 0, 0, false, 12, 4405691
40, 0, 0, 100, 50, 10000, 0, 0, false, 13, 4639372
40, 0, 0, 100, 50, 10000, 0, 0, false, 14, 4657979
40, 0, 0, 100, 50, 10000, 0, 0, false, 15, 4840579
40, 0, 0, 100, 50, 10000, 0, 0, false, 16, 4579573
40, 0, 0, 100, 50, 10000, 0, 0, false, 17, 4621944
40, 0, 0, 100, 50, 10000, 0, 0, false, 18, 4604940
40, 0, 0, 100, 50, 10000, 0, 0, false, 19, 4617031
40, 0, 0, 100, 50, 10000, 0, 0, false, 20, 4518883
40, 0, 0, 100, 50, 10000, 0, 0, false, 21, 4625909
40, 0, 0, 100, 50, 10000, 0, 0, false, 22, 4620187
40, 0, 0, 100, 50, 10000, 0, 0, false, 23, 4603473
40, 0, 0, 100, 50, 10000, 0, 0, false, 24, 4624988
40, 0, 0, 100, 50, 10000, 0, 0, false, 25, 4704294
40, 0, 0, 100, 50, 10000, 0, 0, false, 26, 4795113
40, 0, 0, 100, 50, 10000, 0, 0, false, 27, 4655039
40, 0, 0, 100, 50, 10000, 0, 0, false, 28, 4606602
40, 0, 0, 100, 50, 10000, 0, 0, false, 29, 4260858
40, 0, 0, 100, 50, 10000, 0, 0, false, 30, 4540745
40, 0, 0, 100, 50, 10000, 0, 0, false, 31, 4521114
40, 0, 0, 100, 50, 10000, 0, 0, false, 32, 4591762
40, 0, 0, 100, 50, 10000, 0, 0, false, 33, 4564261
40, 0, 0, 100, 50, 10000, 0, 0, false, 34, 4551451
40, 0, 0, 100, 50, 10000, 0, 0, false, 35, 4540329
40, 0, 0, 100, 50, 10000, 0, 0, false, 36, 4591851
40, 0, 0, 100, 50, 10000, 0, 0, false, 37, 4647455
40, 0, 0, 100, 50, 10000, 0, 0, false, 38, 4640592
40, 0, 0, 100, 50, 10000, 0, 0, false, 39, 4595712
40, 0, 0, 100, 50, 10000, 0, 0, false, 40, 4542163
40, 0, 0, 100, 50, 10000, 0, 0, false, 41, 4596478
40, 0, 0, 100, 50, 10000, 0, 0, false, 42, 4582707
40, 0, 0, 100, 50, 10000, 0, 0, false, 43, 4548936
40, 0, 0, 100, 50, 10000, 0, 0, false, 44, 4536802
40, 0, 0, 100, 50, 10000, 0, 0, false, 45, 4660766
40, 0, 0, 100, 50, 10000, 0, 0, false, 46, 4296415
40, 0, 0, 100, 50, 10000, 0, 0, false, 47, 4593278
40, 0, 0, 100, 50, 10000, 0, 0, false, 48, 4639280
40, 0, 0, 100, 50, 10000, 0, 0, false, 49, 4673512
40, 0, 0, 100, 50, 11000, 0, 0, false, 0, 5023874
40, 0, 0, 100, 50, 11000, 0, 0, false, 1, 4932296
40, 0, 0, 100, 50, 11000, 0, 0, false, 2, 5008959
40, 0, 0, 100, 50, 11000, 0, 0, false, 3, 4979199
40, 0, 0, 100, 50, 11000, 0, 0, false, 4, 4948904
40, 0, 0, 100, 50, 11000, 0, 0, false, 5, 4924976
40, 0, 0, 100, 50, 11000, 0, 0, false, 6, 4885186
40, 0, 0, 100, 50, 11000, 0, 0, false, 7, 4902420
40, 0, 0, 100, 50, 11000, 0, 0, false, 8, 4893659
40, 0, 0, 100, 50, 11000, 0, 0, false, 9, 4968176
40, 0, 0, 100, 50, 11000, 0, 0, false, 10, 4958009
40, 0, 0, 100, 50, 11000, 0, 0, false, 11, 4652422
40, 0, 0, 100, 50, 11000, 0, 0, false, 12, 4905159
40, 0, 0, 100, 50, 11000, 0, 0, false, 13, 5509429
40, 0, 0, 100, 50, 11000, 0, 0, false, 14, 5004782
40, 0, 0, 100, 50, 11000, 0, 0, false, 15, 5013009
40, 0, 0, 100, 50, 11000, 0, 0, false, 16, 5003742
40, 0, 0, 100, 50, 11000, 0, 0, false, 17, 4926399
40, 0, 0, 100, 50, 11000, 0, 0, false, 18, 4909256
40, 0, 0, 100, 50, 11000, 0, 0, false, 19, 4968252
40, 0, 0, 100, 50, 11000, 0, 0, false, 20, 4864669
40, 0, 0, 100, 50, 11000, 0, 0, false, 21, 4919851
40, 0, 0, 100, 50, 11000, 0, 0, false, 22, 4913990
40, 0, 0, 100, 50, 11000, 0, 0, false, 23, 4911435
40, 0, 0, 100, 50, 11000, 0, 0, false, 24, 4961722
40, 0, 0, 100, 50, 11000, 0, 0, false, 25, 4498848
40, 0, 0, 100, 50, 11000, 0, 0, false, 26, 4737992
40, 0, 0, 100, 50, 11000, 0, 0, false, 27, 4882575
40, 0, 0, 100, 50, 11000, 0, 0, false, 28, 4879607
40, 0, 0, 100, 50, 11000, 0, 0, false, 29, 4975283
40, 0, 0, 100, 50, 11000, 0, 0, false, 30, 5024373
40, 0, 0, 100, 50, 11000, 0, 0, false, 31, 4881139
40, 0, 0, 100, 50, 11000, 0, 0, false, 32, 4928121
40, 0, 0, 100, 50, 11000, 0, 0, false, 33, 4980222
40, 0, 0, 100, 50, 11000, 0, 0, false, 34, 5021572
40, 0, 0, 100, 50, 11000, 0, 0, false, 35, 4902204
40, 0, 0, 100, 50, 11000, 0, 0, false, 36, 4996911
40, 0, 0, 100, 50, 11000, 0, 0, false, 37, 4955459
40, 0, 0, 100, 50, 11000, 0, 0, false, 38, 11068378
40, 0, 0, 100, 50, 11000, 0, 0, false, 39, 4692135
40, 0, 0, 100, 50, 11000, 0, 0, false, 40, 4889438
40, 0, 0, 100, 50, 11000, 0, 0, false, 41, 4917804
40, 0, 0, 100, 50, 11000, 0, 0, false, 42, 5133120
40, 0, 0, 100, 50, 11000, 0, 0, false, 43, 5011621
40, 0, 0, 100, 50, 11000, 0, 0, false, 44, 4985255
40, 0, 0, 100, 50, 11000, 0, 0, false, 45, 4965565
40, 0, 0, 100, 50, 11000, 0, 0, false, 46, 4965496
40, 0, 0, 100, 50, 11000, 0, 0, false, 47, 4979330
40, 0, 0, 100, 50, 11000, 0, 0, false, 48, 4998796
40, 0, 0, 100, 50, 11000, 0, 0, false, 49, 5030303
40, 0, 0, 100, 50, 12000, 0, 0, false, 0, 5425094
40, 0, 0, 100, 50, 12000, 0, 0, false, 1, 5233790
40, 0, 0, 100, 50, 12000, 0, 0, false, 2, 5311997
40, 0, 0, 100, 50, 12000, 0, 0, false, 3, 5336972
40, 0, 0, 100, 50, 12000, 0, 0, false, 4, 10234522
40, 0, 0, 100, 50, 12000, 0, 0, false, 5, 5082099
40, 0, 0, 100, 50, 12000, 0, 0, false, 6, 5358236
40, 0, 0, 100, 50, 12000, 0, 0, false, 7, 5315611
40, 0, 0, 100, 50, 12000, 0, 0, false, 8, 5323327
40, 0, 0, 100, 50, 12000, 0, 0, false, 9, 5292812
40, 0, 0, 100, 50, 12000, 0, 0, false, 10, 5359135
40, 0, 0, 100, 50, 12000, 0, 0, false, 11, 5268939
40, 0, 0, 100, 50, 12000, 0, 0, false, 12, 5445759
40, 0, 0, 100, 50, 12000, 0, 0, false, 13, 5334126
40, 0, 0, 100, 50, 12000, 0, 0, false, 14, 5342310
40, 0, 0, 100, 50, 12000, 0, 0, false, 15, 5462026
40, 0, 0, 100, 50, 12000, 0, 0, false, 16, 5356019
40, 0, 0, 100, 50, 12000, 0, 0, false, 17, 5290110
40, 0, 0, 100, 50, 12000, 0, 0, false, 18, 5385419
40, 0, 0, 100, 50, 12000, 0, 0, false, 19, 5353766
40, 0, 0, 100, 50, 12000, 0, 0, false, 20, 5264756
40, 0, 0, 100, 50, 12000, 0, 0, false, 21, 7352848
40, 0, 0, 100, 50, 12000, 0, 0, false, 22, 7501525
40, 0, 0, 100, 50, 12000, 0, 0, false, 23, 5016458
40, 0, 0, 100, 50, 12000, 0, 0, false, 24, 5339038
40, 0, 0, 100, 50, 12000, 0, 0, false, 25, 5432822
40, 0, 0, 100, 50, 12000, 0, 0, false, 26, 5312712
40, 0, 0, 100, 50, 12000, 0, 0, false, 27, 5279868
40, 0, 0, 100, 50, 12000, 0, 0, false, 28, 5438856
40, 0, 0, 100, 50, 12000, 0, 0, false, 29, 5399045
40, 0, 0, 100, 50, 12000, 0, 0, false, 30, 5353523
40, 0, 0, 100, 50, 12000, 0, 0, false, 31, 5320728
40, 0, 0, 100, 50, 12000, 0, 0, false, 32, 5310686
40, 0, 0, 100, 50, 12000, 0, 0, false, 33, 5315144
40, 0, 0, 100, 50, 12000, 0, 0, false, 34, 5265860
40, 0, 0, 100, 50, 12000, 0, 0, false, 35, 5233606
40, 0, 0, 100, 50, 12000, 0, 0, false, 36, 5332402
40, 0, 0, 100, 50, 12000, 0, 0, false, 37, 5224248
40, 0, 0, 100, 50, 12000, 0, 0, false, 38, 5216668
40, 0, 0, 100, 50, 12000, 0, 0, false, 39, 5291992
40, 0, 0, 100, 50, 12000, 0, 0, false, 40, 5240466
40, 0, 0, 100, 50, 12000, 0, 0, false, 41, 7315526
40, 0, 0, 100, 50, 12000, 0, 0, false, 42, 5108995
40, 0, 0, 100, 50, 12000, 0, 0, false, 43, 5248260
40, 0, 0, 100, 50, 12000, 0, 0, false, 44, 5350954
40, 0, 0, 100, 50, 12000, 0, 0, false, 45, 5421417
40, 0, 0, 100, 50, 12000, 0, 0, false, 46, 5378660
40, 0, 0, 100, 50, 12000, 0, 0, false, 47, 5309479
40, 0, 0, 100, 50, 12000, 0, 0, false, 48, 5383371
40, 0, 0, 100, 50, 12000, 0, 0, false, 49, 5209431
40, 0, 0, 100, 50, 13000, 0, 0, false, 0, 5689403
40, 0, 0, 100, 50, 13000, 0, 0, false, 1, 5666420
40, 0, 0, 100, 50, 13000, 0, 0, false, 2, 5682961
40, 0, 0, 100, 50, 13000, 0, 0, false, 3, 5748589
40, 0, 0, 100, 50, 13000, 0, 0, false, 4, 5761873
40, 0, 0, 100, 50, 13000, 0, 0, false, 5, 5666329
40, 0, 0, 100, 50, 13000, 0, 0, false, 6, 5782884
40, 0, 0, 100, 50, 13000, 0, 0, false, 7, 5749436
40, 0, 0, 100, 50, 13000, 0, 0, false, 8, 5791401
40, 0, 0, 100, 50, 13000, 0, 0, false, 9, 5710710
40, 0, 0, 100, 50, 13000, 0, 0, false, 10, 5211952
40, 0, 0, 100, 50, 13000, 0, 0, false, 11, 6113381
40, 0, 0, 100, 50, 13000, 0, 0, false, 12, 6118364
40, 0, 0, 100, 50, 13000, 0, 0, false, 13, 5996459
40, 0, 0, 100, 50, 13000, 0, 0, false, 14, 6062012
40, 0, 0, 100, 50, 13000, 0, 0, false, 15, 6027366
40, 0, 0, 100, 50, 13000, 0, 0, false, 16, 6106054
40, 0, 0, 100, 50, 13000, 0, 0, false, 17, 5987755
40, 0, 0, 100, 50, 13000, 0, 0, false, 18, 5816760
40, 0, 0, 100, 50, 13000, 0, 0, false, 19, 5639351
40, 0, 0, 100, 50, 13000, 0, 0, false, 20, 5676344
40, 0, 0, 100, 50, 13000, 0, 0, false, 21, 5722005
40, 0, 0, 100, 50, 13000, 0, 0, false, 22, 5745983
40, 0, 0, 100, 50, 13000, 0, 0, false, 23, 5645618
40, 0, 0, 100, 50, 13000, 0, 0, false, 24, 5722333
40, 0, 0, 100, 50, 13000, 0, 0, false, 25, 5729988
40, 0, 0, 100, 50, 13000, 0, 0, false, 26, 5591211
40, 0, 0, 100, 50, 13000, 0, 0, false, 27, 5362362
40, 0, 0, 100, 50, 13000, 0, 0, false, 28, 5680890
40, 0, 0, 100, 50, 13000, 0, 0, false, 29, 5675067
40, 0, 0, 100, 50, 13000, 0, 0, false, 30, 5801967
40, 0, 0, 100, 50, 13000, 0, 0, false, 31, 5687720
40, 0, 0, 100, 50, 13000, 0, 0, false, 32, 5678021
40, 0, 0, 100, 50, 13000, 0, 0, false, 33, 5811846
40, 0, 0, 100, 50, 13000, 0, 0, false, 34, 5782968
40, 0, 0, 100, 50, 13000, 0, 0, false, 35, 5894719
40, 0, 0, 100, 50, 13000, 0, 0, false, 36, 5816522
40, 0, 0, 100, 50, 13000, 0, 0, false, 37, 5872307
40, 0, 0, 100, 50, 13000, 0, 0, false, 38, 5783418
40, 0, 0, 100, 50, 13000, 0, 0, false, 39, 5767839
40, 0, 0, 100, 50, 13000, 0, 0, false, 40, 5716879
40, 0, 0, 100, 50, 13000, 0, 0, false, 41, 5704905
40, 0, 0, 100, 50, 13000, 0, 0, false, 42, 5666254
40, 0, 0, 100, 50, 13000, 0, 0, false, 43, 5166632
40, 0, 0, 100, 50, 13000, 0, 0, false, 44, 5510299
40, 0, 0, 100, 50, 13000, 0, 0, false, 45, 5792421
40, 0, 0, 100, 50, 13000, 0, 0, false, 46, 5735888
40, 0, 0, 100, 50, 13000, 0, 0, false, 47, 5740878
40, 0, 0, 100, 50, 13000, 0, 0, false, 48, 5665668
40, 0, 0, 100, 50, 13000, 0, 0, false, 49, 5671505
40, 0, 0, 100, 50, 14000, 0, 0, false, 0, 6182303
40, 0, 0, 100, 50, 14000, 0, 0, false, 1, 6063174
40, 0, 0, 100, 50, 14000, 0, 0, false, 2, 6400992
40, 0, 0, 100, 50, 14000, 0, 0, false, 3, 6200301
40, 0, 0, 100, 50, 14000, 0, 0, false, 4, 6098025
40, 0, 0, 100, 50, 14000, 0, 0, false, 5, 6008929
40, 0, 0, 100, 50, 14000, 0, 0, false, 6, 6045742
40, 0, 0, 100, 50, 14000, 0, 0, false, 7, 6123036
40, 0, 0, 100, 50, 14000, 0, 0, false, 8, 5622494
40, 0, 0, 100, 50, 14000, 0, 0, false, 9, 6042434
40, 0, 0, 100, 50, 14000, 0, 0, false, 10, 6234594
40, 0, 0, 100, 50, 14000, 0, 0, false, 11, 6226044
40, 0, 0, 100, 50, 14000, 0, 0, false, 12, 6074170
40, 0, 0, 100, 50, 14000, 0, 0, false, 13, 6209143
40, 0, 0, 100, 50, 14000, 0, 0, false, 14, 6223160
40, 0, 0, 100, 50, 14000, 0, 0, false, 15, 6474927
40, 0, 0, 100, 50, 14000, 0, 0, false, 16, 6187980
40, 0, 0, 100, 50, 14000, 0, 0, false, 17, 5993256
40, 0, 0, 100, 50, 14000, 0, 0, false, 18, 5980563
40, 0, 0, 100, 50, 14000, 0, 0, false, 19, 6112343
40, 0, 0, 100, 50, 14000, 0, 0, false, 20, 6123092
40, 0, 0, 100, 50, 14000, 0, 0, false, 21, 9313036
40, 0, 0, 100, 50, 14000, 0, 0, false, 22, 5936389
40, 0, 0, 100, 50, 14000, 0, 0, false, 23, 6093356
40, 0, 0, 100, 50, 14000, 0, 0, false, 24, 6018883
40, 0, 0, 100, 50, 14000, 0, 0, false, 25, 6104600
40, 0, 0, 100, 50, 14000, 0, 0, false, 26, 6206402
40, 0, 0, 100, 50, 14000, 0, 0, false, 27, 6492005
40, 0, 0, 100, 50, 14000, 0, 0, false, 28, 6145688
40, 0, 0, 100, 50, 14000, 0, 0, false, 29, 6025763
40, 0, 0, 100, 50, 14000, 0, 0, false, 30, 6159275
40, 0, 0, 100, 50, 14000, 0, 0, false, 31, 6064192
40, 0, 0, 100, 50, 14000, 0, 0, false, 32, 6277639
40, 0, 0, 100, 50, 14000, 0, 0, false, 33, 6204586
40, 0, 0, 100, 50, 14000, 0, 0, false, 34, 6142249
40, 0, 0, 100, 50, 14000, 0, 0, false, 35, 5862219
40, 0, 0, 100, 50, 14000, 0, 0, false, 36, 6200216
40, 0, 0, 100, 50, 14000, 0, 0, false, 37, 6027585
40, 0, 0, 100, 50, 14000, 0, 0, false, 38, 6048123
40, 0, 0, 100, 50, 14000, 0, 0, false, 39, 6089053
40, 0, 0, 100, 50, 14000, 0, 0, false, 40, 6124891
40, 0, 0, 100, 50, 14000, 0, 0, false, 41, 6105746
40, 0, 0, 100, 50, 14000, 0, 0, false, 42, 6402540
40, 0, 0, 100, 50, 14000, 0, 0, false, 43, 6160848
40, 0, 0, 100, 50, 14000, 0, 0, false, 44, 6169679
40, 0, 0, 100, 50, 14000, 0, 0, false, 45, 6107751
40, 0, 0, 100, 50, 14000, 0, 0, false, 46, 6278138
40, 0, 0, 100, 50, 14000, 0, 0, false, 47, 5597200
40, 0, 0, 100, 50, 14000, 0, 0, false, 48, 5821820
40, 0, 0, 100, 50, 14000, 0, 0, false, 49, 6161337
40, 0, 0, 100, 50, 15000, 0, 0, false, 0, 6493572
40, 0, 0, 100, 50, 15000, 0, 0, false, 1, 6408635
40, 0, 0, 100, 50, 15000, 0, 0, false, 2, 6504948
40, 0, 0, 100, 50, 15000, 0, 0, false, 3, 6509552
40, 0, 0, 100, 50, 15000, 0, 0, false, 4, 6599824
40, 0, 0, 100, 50, 15000, 0, 0, false, 5, 6441917
40, 0, 0, 100, 50, 15000, 0, 0, false, 6, 6512883
40, 0, 0, 100, 50, 15000, 0, 0, false, 7, 6733740
40, 0, 0, 100, 50, 15000, 0, 0, false, 8, 14364800
40, 0, 0, 100, 50, 15000, 0, 0, false, 9, 6445452
40, 0, 0, 100, 50, 15000, 0, 0, false, 10, 6531085
40, 0, 0, 100, 50, 15000, 0, 0, false, 11, 6416999
40, 0, 0, 100, 50, 15000, 0, 0, false, 12, 6385741
40, 0, 0, 100, 50, 15000, 0, 0, false, 13, 6490171
40, 0, 0, 100, 50, 15000, 0, 0, false, 14, 6607759
40, 0, 0, 100, 50, 15000, 0, 0, false, 15, 6484831
40, 0, 0, 100, 50, 15000, 0, 0, false, 16, 6453181
40, 0, 0, 100, 50, 15000, 0, 0, false, 17, 6396309
40, 0, 0, 100, 50, 15000, 0, 0, false, 18, 6492804
40, 0, 0, 100, 50, 15000, 0, 0, false, 19, 6469556
40, 0, 0, 100, 50, 15000, 0, 0, false, 20, 6444887
40, 0, 0, 100, 50, 15000, 0, 0, false, 21, 6351784
40, 0, 0, 100, 50, 15000, 0, 0, false, 22, 5868658
40, 0, 0, 100, 50, 15000, 0, 0, false, 23, 6244705
40, 0, 0, 100, 50, 15000, 0, 0, false, 24, 6620592
40, 0, 0, 100, 50, 15000, 0, 0, false, 25, 6438804
40, 0, 0, 100, 50, 15000, 0, 0, false, 26, 6439327
40, 0, 0, 100, 50, 15000, 0, 0, false, 27, 6468485
40, 0, 0, 100, 50, 15000, 0, 0, false, 28, 6483053
40, 0, 0, 100, 50, 15000, 0, 0, false, 29, 6547110
40, 0, 0, 100, 50, 15000, 0, 0, false, 30, 6351136
40, 0, 0, 100, 50, 15000, 0, 0, false, 31, 6436151
40, 0, 0, 100, 50, 15000, 0, 0, false, 32, 6566436
40, 0, 0, 100, 50, 15000, 0, 0, false, 33, 6393627
40, 0, 0, 100, 50, 15000, 0, 0, false, 34, 6382722
40, 0, 0, 100, 50, 15000, 0, 0, false, 35, 6509675
40, 0, 0, 100, 50, 15000, 0, 0, false, 36, 6419317
40, 0, 0, 100, 50, 15000, 0, 0, false, 37, 7086717
40, 0, 0, 100, 50, 15000, 0, 0, false, 38, 5709542
40, 0, 0, 100, 50, 15000, 0, 0, false, 39, 6145774
40, 0, 0, 100, 50, 15000, 0, 0, false, 40, 6574022
40, 0, 0, 100, 50, 15000, 0, 0, false, 41, 6450129
40, 0, 0, 100, 50, 15000, 0, 0, false, 42, 6351401
40, 0, 0, 100, 50, 15000, 0, 0, false, 43, 6636602
40, 0, 0, 100, 50, 15000, 0, 0, false, 44, 6620430
40, 0, 0, 100, 50, 15000, 0, 0, false, 45, 6420249
40, 0, 0, 100, 50, 15000, 0, 0, false, 46, 6777517
40, 0, 0, 100, 50, 15000, 0, 0, false, 47, 7127841
40, 0, 0, 100, 50, 15000, 0, 0, false, 48, 7262837
40, 0, 0, 100, 50, 15000, 0, 0, false, 49, 7382462
40, 0, 0, 100, 50, 16000, 0, 0, false, 0, 7611285
40, 0, 0, 100, 50, 16000, 0, 0, false, 1, 6895463
40, 0, 0, 100, 50, 16000, 0, 0, false, 2, 6813226
40, 0, 0, 100, 50, 16000, 0, 0, false, 3, 6964610
40, 0, 0, 100, 50, 16000, 0, 0, false, 4, 9501718
40, 0, 0, 100, 50, 16000, 0, 0, false, 5, 9400647
40, 0, 0, 100, 50, 16000, 0, 0, false, 6, 6999026
40, 0, 0, 100, 50, 16000, 0, 0, false, 7, 6888077
40, 0, 0, 100, 50, 16000, 0, 0, false, 8, 6866989
40, 0, 0, 100, 50, 16000, 0, 0, false, 9, 6838630
40, 0, 0, 100, 50, 16000, 0, 0, false, 10, 7087176
40, 0, 0, 100, 50, 16000, 0, 0, false, 11, 6929408
40, 0, 0, 100, 50, 16000, 0, 0, false, 12, 6919032
40, 0, 0, 100, 50, 16000, 0, 0, false, 13, 7893645
40, 0, 0, 100, 50, 16000, 0, 0, false, 14, 7513458
40, 0, 0, 100, 50, 16000, 0, 0, false, 15, 6893269
40, 0, 0, 100, 50, 16000, 0, 0, false, 16, 7065236
40, 0, 0, 100, 50, 16000, 0, 0, false, 17, 6885964
40, 0, 0, 100, 50, 16000, 0, 0, false, 18, 6736782
40, 0, 0, 100, 50, 16000, 0, 0, false, 19, 6774922
40, 0, 0, 100, 50, 16000, 0, 0, false, 20, 6744847
40, 0, 0, 100, 50, 16000, 0, 0, false, 21, 6896880
40, 0, 0, 100, 50, 16000, 0, 0, false, 22, 7289060
40, 0, 0, 100, 50, 16000, 0, 0, false, 23, 9365624
40, 0, 0, 100, 50, 16000, 0, 0, false, 24, 6173237
40, 0, 0, 100, 50, 16000, 0, 0, false, 25, 7110075
40, 0, 0, 100, 50, 16000, 0, 0, false, 26, 6796416
40, 0, 0, 100, 50, 16000, 0, 0, false, 27, 6839161
40, 0, 0, 100, 50, 16000, 0, 0, false, 28, 6937925
40, 0, 0, 100, 50, 16000, 0, 0, false, 29, 6796578
40, 0, 0, 100, 50, 16000, 0, 0, false, 30, 6865202
40, 0, 0, 100, 50, 16000, 0, 0, false, 31, 6906088
40, 0, 0, 100, 50, 16000, 0, 0, false, 32, 6826817
40, 0, 0, 100, 50, 16000, 0, 0, false, 33, 6825720
40, 0, 0, 100, 50, 16000, 0, 0, false, 34, 6889084
40, 0, 0, 100, 50, 16000, 0, 0, false, 35, 6846483
40, 0, 0, 100, 50, 16000, 0, 0, false, 36, 6909207
40, 0, 0, 100, 50, 16000, 0, 0, false, 37, 6875066
40, 0, 0, 100, 50, 16000, 0, 0, false, 38, 7013516
40, 0, 0, 100, 50, 16000, 0, 0, false, 39, 6903983
40, 0, 0, 100, 50, 16000, 0, 0, false, 40, 6903312
40, 0, 0, 100, 50, 16000, 0, 0, false, 41, 6805819
40, 0, 0, 100, 50, 16000, 0, 0, false, 42, 6150068
40, 0, 0, 100, 50, 16000, 0, 0, false, 43, 6489697
40, 0, 0, 100, 50, 16000, 0, 0, false, 44, 6774596
40, 0, 0, 100, 50, 16000, 0, 0, false, 45, 6771618
40, 0, 0, 100, 50, 16000, 0, 0, false, 46, 6870674
40, 0, 0, 100, 50, 16000, 0, 0, false, 47, 6845244
40, 0, 0, 100, 50, 16000, 0, 0, false, 48, 6661821
40, 0, 0, 100, 50, 16000, 0, 0, false, 49, 6912824
40, 0, 0, 100, 50, 17000, 0, 0, false, 0, 7238717
40, 0, 0, 100, 50, 17000, 0, 0, false, 1, 7245256
40, 0, 0, 100, 50, 17000, 0, 0, false, 2, 7290847
40, 0, 0, 100, 50, 17000, 0, 0, false, 3, 7183828
40, 0, 0, 100, 50, 17000, 0, 0, false, 4, 7203642
40, 0, 0, 100, 50, 17000, 0, 0, false, 5, 7175016
40, 0, 0, 100, 50, 17000, 0, 0, false, 6, 7427040
40, 0, 0, 100, 50, 17000, 0, 0, false, 7, 7123365
40, 0, 0, 100, 50, 17000, 0, 0, false, 8, 7270289
40, 0, 0, 100, 50, 17000, 0, 0, false, 9, 7361684
40, 0, 0, 100, 50, 17000, 0, 0, false, 10, 9984478
40, 0, 0, 100, 50, 17000, 0, 0, false, 11, 10274838
40, 0, 0, 100, 50, 17000, 0, 0, false, 12, 9947110
40, 0, 0, 100, 50, 17000, 0, 0, false, 13, 16505541
40, 0, 0, 100, 50, 17000, 0, 0, false, 14, 6934181
40, 0, 0, 100, 50, 17000, 0, 0, false, 15, 7257071
40, 0, 0, 100, 50, 17000, 0, 0, false, 16, 7160651
40, 0, 0, 100, 50, 17000, 0, 0, false, 17, 7191373
40, 0, 0, 100, 50, 17000, 0, 0, false, 18, 7137658
40, 0, 0, 100, 50, 17000, 0, 0, false, 19, 7127246
40, 0, 0, 100, 50, 17000, 0, 0, false, 20, 7115195
40, 0, 0, 100, 50, 17000, 0, 0, false, 21, 7281704
40, 0, 0, 100, 50, 17000, 0, 0, false, 22, 7142828
40, 0, 0, 100, 50, 17000, 0, 0, false, 23, 7241705
40, 0, 0, 100, 50, 17000, 0, 0, false, 24, 7195079
40, 0, 0, 100, 50, 17000, 0, 0, false, 25, 7039479
40, 0, 0, 100, 50, 17000, 0, 0, false, 26, 7634649
40, 0, 0, 100, 50, 17000, 0, 0, false, 27, 7727293
40, 0, 0, 100, 50, 17000, 0, 0, false, 28, 8145790
40, 0, 0, 100, 50, 17000, 0, 0, false, 29, 7369482
40, 0, 0, 100, 50, 17000, 0, 0, false, 30, 7183601
40, 0, 0, 100, 50, 17000, 0, 0, false, 31, 7188315
40, 0, 0, 100, 50, 17000, 0, 0, false, 32, 7545739
40, 0, 0, 100, 50, 17000, 0, 0, false, 33, 7272444
40, 0, 0, 100, 50, 17000, 0, 0, false, 34, 6680733
40, 0, 0, 100, 50, 17000, 0, 0, false, 35, 6968639
40, 0, 0, 100, 50, 17000, 0, 0, false, 36, 7169709
40, 0, 0, 100, 50, 17000, 0, 0, false, 37, 7283990
40, 0, 0, 100, 50, 17000, 0, 0, false, 38, 7210946
40, 0, 0, 100, 50, 17000, 0, 0, false, 39, 7310903
40, 0, 0, 100, 50, 17000, 0, 0, false, 40, 7224511
40, 0, 0, 100, 50, 17000, 0, 0, false, 41, 7257445
40, 0, 0, 100, 50, 17000, 0, 0, false, 42, 7171069
40, 0, 0, 100, 50, 17000, 0, 0, false, 43, 7242617
40, 0, 0, 100, 50, 17000, 0, 0, false, 44, 7350480
40, 0, 0, 100, 50, 17000, 0, 0, false, 45, 7092522
40, 0, 0, 100, 50, 17000, 0, 0, false, 46, 7968436
40, 0, 0, 100, 50, 17000, 0, 0, false, 47, 7269263
40, 0, 0, 100, 50, 17000, 0, 0, false, 48, 7550373
40, 0, 0, 100, 50, 17000, 0, 0, false, 49, 7155626
40, 0, 0, 100, 50, 18000, 0, 0, false, 0, 7624567
40, 0, 0, 100, 50, 18000, 0, 0, false, 1, 7521718
40, 0, 0, 100, 50, 18000, 0, 0, false, 2, 7778179
40, 0, 0, 100, 50, 18000, 0, 0, false, 3, 7595357
40, 0, 0, 100, 50, 18000, 0, 0, false, 4, 7810209
40, 0, 0, 100, 50, 18000, 0, 0, false, 5, 10500092
40, 0, 0, 100, 50, 18000, 0, 0, false, 6, 10428505
40, 0, 0, 100, 50, 18000, 0, 0, false, 7, 10762759
40, 0, 0, 100, 50, 18000, 0, 0, false, 8, 7568646
40, 0, 0, 100, 50, 18000, 0, 0, false, 9, 6945730
40, 0, 0, 100, 50, 18000, 0, 0, false, 10, 7559632
40, 0, 0, 100, 50, 18000, 0, 0, false, 11, 7628872
40, 0, 0, 100, 50, 18000, 0, 0, false, 12, 7560635
40, 0, 0, 100, 50, 18000, 0, 0, false, 13, 7749260
40, 0, 0, 100, 50, 18000, 0, 0, false, 14, 7607613
40, 0, 0, 100, 50, 18000, 0, 0, false, 15, 7603935
40, 0, 0, 100, 50, 18000, 0, 0, false, 16, 7534098
40, 0, 0, 100, 50, 18000, 0, 0, false, 17, 7542314
40, 0, 0, 100, 50, 18000, 0, 0, false, 18, 7631482
40, 0, 0, 100, 50, 18000, 0, 0, false, 19, 7566559
40, 0, 0, 100, 50, 18000, 0, 0, false, 20, 7607667
40, 0, 0, 100, 50, 18000, 0, 0, false, 21, 7633626
40, 0, 0, 100, 50, 18000, 0, 0, false, 22, 7537083
40, 0, 0, 100, 50, 18000, 0, 0, false, 23, 7570852
40, 0, 0, 100, 50, 18000, 0, 0, false, 24, 7640637
40, 0, 0, 100, 50, 18000, 0, 0, false, 25, 7506689
40, 0, 0, 100, 50, 18000, 0, 0, false, 26, 7566130
40, 0, 0, 100, 50, 18000, 0, 0, false, 27, 7473903
40, 0, 0, 100, 50, 18000, 0, 0, false, 28, 7521655
40, 0, 0, 100, 50, 18000, 0, 0, false, 29, 7598216
40, 0, 0, 100, 50, 18000, 0, 0, false, 30, 7497156
40, 0, 0, 100, 50, 18000, 0, 0, false, 31, 7377451
40, 0, 0, 100, 50, 18000, 0, 0, false, 32, 15068500
40, 0, 0, 100, 50, 18000, 0, 0, false, 33, 7290309
40, 0, 0, 100, 50, 18000, 0, 0, false, 34, 7612610
40, 0, 0, 100, 50, 18000, 0, 0, false, 35, 7627462
40, 0, 0, 100, 50, 18000, 0, 0, false, 36, 7696732
40, 0, 0, 100, 50, 18000, 0, 0, false, 37, 7711880
40, 0, 0, 100, 50, 18000, 0, 0, false, 38, 7532538
40, 0, 0, 100, 50, 18000, 0, 0, false, 39, 7545568
40, 0, 0, 100, 50, 18000, 0, 0, false, 40, 7578649
40, 0, 0, 100, 50, 18000, 0, 0, false, 41, 7596709
40, 0, 0, 100, 50, 18000, 0, 0, false, 42, 7813505
40, 0, 0, 100, 50, 18000, 0, 0, false, 43, 7555949
40, 0, 0, 100, 50, 18000, 0, 0, false, 44, 7828144
40, 0, 0, 100, 50, 18000, 0, 0, false, 45, 7523604
40, 0, 0, 100, 50, 18000, 0, 0, false, 46, 7659773
40, 0, 0, 100, 50, 18000, 0, 0, false, 47, 7507929
40, 0, 0, 100, 50, 18000, 0, 0, false, 48, 7408402
40, 0, 0, 100, 50, 18000, 0, 0, false, 49, 7710641
40, 0, 0, 100, 50, 19000, 0, 0, false, 0, 8114769
40, 0, 0, 100, 50, 19000, 0, 0, false, 1, 8138102
40, 0, 0, 100, 50, 19000, 0, 0, false, 2, 8131206
40, 0, 0, 100, 50, 19000, 0, 0, false, 3, 8095046
40, 0, 0, 100, 50, 19000, 0, 0, false, 4, 7889850
40, 0, 0, 100, 50, 19000, 0, 0, false, 5, 7669664
40, 0, 0, 100, 50, 19000, 0, 0, false, 6, 13025285
40, 0, 0, 100, 50, 19000, 0, 0, false, 7, 14242782
40, 0, 0, 100, 50, 19000, 0, 0, false, 8, 13439292
40, 0, 0, 100, 50, 19000, 0, 0, false, 9, 9891793
40, 0, 0, 100, 50, 19000, 0, 0, false, 10, 7540269
40, 0, 0, 100, 50, 19000, 0, 0, false, 11, 8221747
40, 0, 0, 100, 50, 19000, 0, 0, false, 12, 8272886
40, 0, 0, 100, 50, 19000, 0, 0, false, 13, 8290282
40, 0, 0, 100, 50, 19000, 0, 0, false, 14, 8433099
40, 0, 0, 100, 50, 19000, 0, 0, false, 15, 8352702
40, 0, 0, 100, 50, 19000, 0, 0, false, 16, 8192384
40, 0, 0, 100, 50, 19000, 0, 0, false, 17, 8307085
40, 0, 0, 100, 50, 19000, 0, 0, false, 18, 8254619
40, 0, 0, 100, 50, 19000, 0, 0, false, 19, 8346371
40, 0, 0, 100, 50, 19000, 0, 0, false, 20, 8306765
40, 0, 0, 100, 50, 19000, 0, 0, false, 21, 8336197
40, 0, 0, 100, 50, 19000, 0, 0, false, 22, 8243418
40, 0, 0, 100, 50, 19000, 0, 0, false, 23, 8278745
40, 0, 0, 100, 50, 19000, 0, 0, false, 24, 8327200
40, 0, 0, 100, 50, 19000, 0, 0, false, 25, 8348868
40, 0, 0, 100, 50, 19000, 0, 0, false, 26, 8236309
40, 0, 0, 100, 50, 19000, 0, 0, false, 27, 8405887
40, 0, 0, 100, 50, 19000, 0, 0, false, 28, 8281222
40, 0, 0, 100, 50, 19000, 0, 0, false, 29, 8379705
40, 0, 0, 100, 50, 19000, 0, 0, false, 30, 8268413
40, 0, 0, 100, 50, 19000, 0, 0, false, 31, 8409957
40, 0, 0, 100, 50, 19000, 0, 0, false, 32, 7872474
40, 0, 0, 100, 50, 19000, 0, 0, false, 33, 8317443
40, 0, 0, 100, 50, 19000, 0, 0, false, 34, 8299151
40, 0, 0, 100, 50, 19000, 0, 0, false, 35, 8634871
40, 0, 0, 100, 50, 19000, 0, 0, false, 36, 8406018
40, 0, 0, 100, 50, 19000, 0, 0, false, 37, 7786265
40, 0, 0, 100, 50, 19000, 0, 0, false, 38, 8395278
40, 0, 0, 100, 50, 19000, 0, 0, false, 39, 8748523
40, 0, 0, 100, 50, 19000, 0, 0, false, 40, 8870967
40, 0, 0, 100, 50, 19000, 0, 0, false, 41, 8748969
40, 0, 0, 100, 50, 19000, 0, 0, false, 42, 8596023
40, 0, 0, 100, 50, 19000, 0, 0, false, 43, 8170775
40, 0, 0, 100, 50, 19000, 0, 0, false, 44, 8246299
40, 0, 0, 100, 50, 19000, 0, 0, false, 45, 7968278
40, 0, 0, 100, 50, 19000, 0, 0, false, 46, 8022144
40, 0, 0, 100, 50, 19000, 0, 0, false, 47, 7888790
40, 0, 0, 100, 50, 19000, 0, 0, false, 48, 7984366
40, 0, 0, 100, 50, 19000, 0, 0, false, 49, 7962409
40, 0, 0, 100, 50, 20000, 0, 0, false, 0, 8361149
40, 0, 0, 100, 50, 20000, 0, 0, false, 1, 8489912
40, 0, 0, 100, 50, 20000, 0, 0, false, 2, 8501649
40, 0, 0, 100, 50, 20000, 0, 0, false, 3, 8272903
40, 0, 0, 100, 50, 20000, 0, 0, false, 4, 8344676
40, 0, 0, 100, 50, 20000, 0, 0, false, 5, 8278389
40, 0, 0, 100, 50, 20000, 0, 0, false, 6, 8347275
40, 0, 0, 100, 50, 20000, 0, 0, false, 7, 8739775
40, 0, 0, 100, 50, 20000, 0, 0, false, 8, 8032802
40, 0, 0, 100, 50, 20000, 0, 0, false, 9, 8138954
40, 0, 0, 100, 50, 20000, 0, 0, false, 10, 8288297
40, 0, 0, 100, 50, 20000, 0, 0, false, 11, 8429510
40, 0, 0, 100, 50, 20000, 0, 0, false, 12, 8320022
40, 0, 0, 100, 50, 20000, 0, 0, false, 13, 8183494
40, 0, 0, 100, 50, 20000, 0, 0, false, 14, 13237645
40, 0, 0, 100, 50, 20000, 0, 0, false, 15, 11711821
40, 0, 0, 100, 50, 20000, 0, 0, false, 16, 13728546
40, 0, 0, 100, 50, 20000, 0, 0, false, 17, 12022563
40, 0, 0, 100, 50, 20000, 0, 0, false, 18, 7811028
40, 0, 0, 100, 50, 20000, 0, 0, false, 19, 8356158
40, 0, 0, 100, 50, 20000, 0, 0, false, 20, 8804762
40, 0, 0, 100, 50, 20000, 0, 0, false, 21, 8461936
40, 0, 0, 100, 50, 20000, 0, 0, false, 22, 8293841
40, 0, 0, 100, 50, 20000, 0, 0, false, 23, 8441243
40, 0, 0, 100, 50, 20000, 0, 0, false, 24, 8342958
40, 0, 0, 100, 50, 20000, 0, 0, false, 25, 8258227
40, 0, 0, 100, 50, 20000, 0, 0, false, 26, 8338231
40, 0, 0, 100, 50, 20000, 0, 0, false, 27, 8348570
40, 0, 0, 100, 50, 20000, 0, 0, false, 28, 8476898
40, 0, 0, 100, 50, 20000, 0, 0, false, 29, 8238524
40, 0, 0, 100, 50, 20000, 0, 0, false, 30, 8167800
40, 0, 0, 100, 50, 20000, 0, 0, false, 31, 8301356
40, 0, 0, 100, 50, 20000, 0, 0, false, 32, 8213307
40, 0, 0, 100, 50, 20000, 0, 0, false, 33, 8540713
40, 0, 0, 100, 50, 20000, 0, 0, false, 34, 8385764
40, 0, 0, 100, 50, 20000, 0, 0, false, 35, 9060523
40, 0, 0, 100, 50, 20000, 0, 0, false, 36, 8485571
40, 0, 0, 100, 50, 20000, 0, 0, false, 37, 8453892
40, 0, 0, 100, 50, 20000, 0, 0, false, 38, 8409333
40, 0, 0, 100, 50, 20000, 0, 0, false, 39, 8079259
40, 0, 0, 100, 50, 20000, 0, 0, false, 40, 8550397
40, 0, 0, 100, 50, 20000, 0, 0, false, 41, 8595479
40, 0, 0, 100, 50, 20000, 0, 0, false, 42, 8352422
40, 0, 0, 100, 50, 20000, 0, 0, false, 43, 8153626
40, 0, 0, 100, 50, 20000, 0, 0, false, 44, 8401507
40, 0, 0, 100, 50, 20000, 0, 0, false, 45, 8431755
40, 0, 0, 100, 50, 20000, 0, 0, false, 46, 12404376
40, 0, 0, 100, 50, 20000, 0, 0, false, 47, 8096405
40, 0, 0, 100, 50, 20000, 0, 0, false, 48, 8399222
40, 0, 0, 100, 50, 20000, 0, 0, false, 49, 8396112
40, 0, 0, 100, 50, 21000, 0, 0, false, 0, 8815188
40, 0, 0, 100, 50, 21000, 0, 0, false, 1, 8829205
40, 0, 0, 100, 50, 21000, 0, 0, false, 2, 8857668
40, 0, 0, 100, 50, 21000, 0, 0, false, 3, 8944871
40, 0, 0, 100, 50, 21000, 0, 0, false, 4, 8715803
40, 0, 0, 100, 50, 21000, 0, 0, false, 5, 9136513
40, 0, 0, 100, 50, 21000, 0, 0, false, 6, 8669698
40, 0, 0, 100, 50, 21000, 0, 0, false, 7, 8802539
40, 0, 0, 100, 50, 21000, 0, 0, false, 8, 8735548
40, 0, 0, 100, 50, 21000, 0, 0, false, 9, 8858757
40, 0, 0, 100, 50, 21000, 0, 0, false, 10, 8760755
40, 0, 0, 100, 50, 21000, 0, 0, false, 11, 8794562
40, 0, 0, 100, 50, 21000, 0, 0, false, 12, 8728959
40, 0, 0, 100, 50, 21000, 0, 0, false, 13, 8752698
40, 0, 0, 100, 50, 21000, 0, 0, false, 14, 8758702
40, 0, 0, 100, 50, 21000, 0, 0, false, 15, 8770121
40, 0, 0, 100, 50, 21000, 0, 0, false, 16, 8418361
40, 0, 0, 100, 50, 21000, 0, 0, false, 17, 8563247
40, 0, 0, 100, 50, 21000, 0, 0, false, 18, 8801716
40, 0, 0, 100, 50, 21000, 0, 0, false, 19, 8867440
40, 0, 0, 100, 50, 21000, 0, 0, false, 20, 8558651
40, 0, 0, 100, 50, 21000, 0, 0, false, 21, 8634028
40, 0, 0, 100, 50, 21000, 0, 0, false, 22, 8965924
40, 0, 0, 100, 50, 21000, 0, 0, false, 23, 8377168
40, 0, 0, 100, 50, 21000, 0, 0, false, 24, 8818520
40, 0, 0, 100, 50, 21000, 0, 0, false, 25, 8886243
40, 0, 0, 100, 50, 21000, 0, 0, false, 26, 8812626
40, 0, 0, 100, 50, 21000, 0, 0, false, 27, 8714684
40, 0, 0, 100, 50, 21000, 0, 0, false, 28, 8718504
40, 0, 0, 100, 50, 21000, 0, 0, false, 29, 8772427
40, 0, 0, 100, 50, 21000, 0, 0, false, 30, 8704990
40, 0, 0, 100, 50, 21000, 0, 0, false, 31, 8783140
40, 0, 0, 100, 50, 21000, 0, 0, false, 32, 8702540
40, 0, 0, 100, 50, 21000, 0, 0, false, 33, 8718570
40, 0, 0, 100, 50, 21000, 0, 0, false, 34, 8819452
40, 0, 0, 100, 50, 21000, 0, 0, false, 35, 8720559
40, 0, 0, 100, 50, 21000, 0, 0, false, 36, 8839480
40, 0, 0, 100, 50, 21000, 0, 0, false, 37, 8759059
40, 0, 0, 100, 50, 21000, 0, 0, false, 38, 8804646
40, 0, 0, 100, 50, 21000, 0, 0, false, 39, 8886565
40, 0, 0, 100, 50, 21000, 0, 0, false, 40, 8963203
40, 0, 0, 100, 50, 21000, 0, 0, false, 41, 8630639
40, 0, 0, 100, 50, 21000, 0, 0, false, 42, 8279550
40, 0, 0, 100, 50, 21000, 0, 0, false, 43, 8463532
40, 0, 0, 100, 50, 21000, 0, 0, false, 44, 8881461
40, 0, 0, 100, 50, 21000, 0, 0, false, 45, 8720170
40, 0, 0, 100, 50, 21000, 0, 0, false, 46, 8771786
40, 0, 0, 100, 50, 21000, 0, 0, false, 47, 8052949
40, 0, 0, 100, 50, 21000, 0, 0, false, 48, 8495185
40, 0, 0, 100, 50, 21000, 0, 0, false, 49, 8876116
40, 0, 0, 100, 50, 22000, 0, 0, false, 0, 9423255
40, 0, 0, 100, 50, 22000, 0, 0, false, 1, 9445997
40, 0, 0, 100, 50, 22000, 0, 0, false, 2, 9147631
40, 0, 0, 100, 50, 22000, 0, 0, false, 3, 9087366
40, 0, 0, 100, 50, 22000, 0, 0, false, 4, 9107642
40, 0, 0, 100, 50, 22000, 0, 0, false, 5, 9111269
40, 0, 0, 100, 50, 22000, 0, 0, false, 6, 9095385
40, 0, 0, 100, 50, 22000, 0, 0, false, 7, 9352492
40, 0, 0, 100, 50, 22000, 0, 0, false, 8, 9263694
40, 0, 0, 100, 50, 22000, 0, 0, false, 9, 9252554
40, 0, 0, 100, 50, 22000, 0, 0, false, 10, 9020589
40, 0, 0, 100, 50, 22000, 0, 0, false, 11, 9105778
40, 0, 0, 100, 50, 22000, 0, 0, false, 12, 9232038
40, 0, 0, 100, 50, 22000, 0, 0, false, 13, 9124267
40, 0, 0, 100, 50, 22000, 0, 0, false, 14, 9161342
40, 0, 0, 100, 50, 22000, 0, 0, false, 15, 9087416
40, 0, 0, 100, 50, 22000, 0, 0, false, 16, 8707020
40, 0, 0, 100, 50, 22000, 0, 0, false, 17, 8854929
40, 0, 0, 100, 50, 22000, 0, 0, false, 18, 9109438
40, 0, 0, 100, 50, 22000, 0, 0, false, 19, 9155841
40, 0, 0, 100, 50, 22000, 0, 0, false, 20, 8703057
40, 0, 0, 100, 50, 22000, 0, 0, false, 21, 9146491
40, 0, 0, 100, 50, 22000, 0, 0, false, 22, 9074427
40, 0, 0, 100, 50, 22000, 0, 0, false, 23, 9151361
40, 0, 0, 100, 50, 22000, 0, 0, false, 24, 9170713
40, 0, 0, 100, 50, 22000, 0, 0, false, 25, 9198608
40, 0, 0, 100, 50, 22000, 0, 0, false, 26, 9436982
40, 0, 0, 100, 50, 22000, 0, 0, false, 27, 9119878
40, 0, 0, 100, 50, 22000, 0, 0, false, 28, 9498926
40, 0, 0, 100, 50, 22000, 0, 0, false, 29, 9117022
40, 0, 0, 100, 50, 22000, 0, 0, false, 30, 9133537
40, 0, 0, 100, 50, 22000, 0, 0, false, 31, 9007107
40, 0, 0, 100, 50, 22000, 0, 0, false, 32, 9085684
40, 0, 0, 100, 50, 22000, 0, 0, false, 33, 9132593
40, 0, 0, 100, 50, 22000, 0, 0, false, 34, 9049631
40, 0, 0, 100, 50, 22000, 0, 0, false, 35, 9091475
40, 0, 0, 100, 50, 22000, 0, 0, false, 36, 9089076
40, 0, 0, 100, 50, 22000, 0, 0, false, 37, 9179602
40, 0, 0, 100, 50, 22000, 0, 0, false, 38, 9100066
40, 0, 0, 100, 50, 22000, 0, 0, false, 39, 8673002
40, 0, 0, 100, 50, 22000, 0, 0, false, 40, 9398913
40, 0, 0, 100, 50, 22000, 0, 0, false, 41, 14865035
40, 0, 0, 100, 50, 22000, 0, 0, false, 42, 8917004
40, 0, 0, 100, 50, 22000, 0, 0, false, 43, 9132696
40, 0, 0, 100, 50, 22000, 0, 0, false, 44, 9228155
40, 0, 0, 100, 50, 22000, 0, 0, false, 45, 9148728
40, 0, 0, 100, 50, 22000, 0, 0, false, 46, 9216843
40, 0, 0, 100, 50, 22000, 0, 0, false, 47, 9239500
40, 0, 0, 100, 50, 22000, 0, 0, false, 48, 9065915
40, 0, 0, 100, 50, 22000, 0, 0, false, 49, 9012195
40, 0, 0, 100, 50, 23000, 0, 0, false, 0, 9514835
40, 0, 0, 100, 50, 23000, 0, 0, false, 1, 9709293
40, 0, 0, 100, 50, 23000, 0, 0, false, 2, 9412774
40, 0, 0, 100, 50, 23000, 0, 0, false, 3, 9521136
40, 0, 0, 100, 50, 23000, 0, 0, false, 4, 9478170
40, 0, 0, 100, 50, 23000, 0, 0, false, 5, 9601993
40, 0, 0, 100, 50, 23000, 0, 0, false, 6, 9922046
40, 0, 0, 100, 50, 23000, 0, 0, false, 7, 9446100
40, 0, 0, 100, 50, 23000, 0, 0, false, 8, 9323419
40, 0, 0, 100, 50, 23000, 0, 0, false, 9, 9372836
40, 0, 0, 100, 50, 23000, 0, 0, false, 10, 9243270
40, 0, 0, 100, 50, 23000, 0, 0, false, 11, 14124342
40, 0, 0, 100, 50, 23000, 0, 0, false, 12, 9141379
40, 0, 0, 100, 50, 23000, 0, 0, false, 13, 9799487
40, 0, 0, 100, 50, 23000, 0, 0, false, 14, 9573346
40, 0, 0, 100, 50, 23000, 0, 0, false, 15, 9435028
40, 0, 0, 100, 50, 23000, 0, 0, false, 16, 9597838
40, 0, 0, 100, 50, 23000, 0, 0, false, 17, 9375059
40, 0, 0, 100, 50, 23000, 0, 0, false, 18, 9459034
40, 0, 0, 100, 50, 23000, 0, 0, false, 19, 9579738
40, 0, 0, 100, 50, 23000, 0, 0, false, 20, 9522599
40, 0, 0, 100, 50, 23000, 0, 0, false, 21, 9467260
40, 0, 0, 100, 50, 23000, 0, 0, false, 22, 9537060
40, 0, 0, 100, 50, 23000, 0, 0, false, 23, 9730166
40, 0, 0, 100, 50, 23000, 0, 0, false, 24, 9477227
40, 0, 0, 100, 50, 23000, 0, 0, false, 25, 9490045
40, 0, 0, 100, 50, 23000, 0, 0, false, 26, 9548590
40, 0, 0, 100, 50, 23000, 0, 0, false, 27, 9379837
40, 0, 0, 100, 50, 23000, 0, 0, false, 28, 9641540
40, 0, 0, 100, 50, 23000, 0, 0, false, 29, 9255858
40, 0, 0, 100, 50, 23000, 0, 0, false, 30, 9036043
40, 0, 0, 100, 50, 23000, 0, 0, false, 31, 9341187
40, 0, 0, 100, 50, 23000, 0, 0, false, 32, 9497396
40, 0, 0, 100, 50, 23000, 0, 0, false, 33, 9474544
40, 0, 0, 100, 50, 23000, 0, 0, false, 34, 9480091
40, 0, 0, 100, 50, 23000, 0, 0, false, 35, 9432172
40, 0, 0, 100, 50, 23000, 0, 0, false, 36, 9461335
40, 0, 0, 100, 50, 23000, 0, 0, false, 37, 9524092
40, 0, 0, 100, 50, 23000, 0, 0, false, 38, 9542267
40, 0, 0, 100, 50, 23000, 0, 0, false, 39, 9609751
40, 0, 0, 100, 50, 23000, 0, 0, false, 40, 9530007
40, 0, 0, 100, 50, 23000, 0, 0, false, 41, 9515566
40, 0, 0, 100, 50, 23000, 0, 0, false, 42, 9406266
40, 0, 0, 100, 50, 23000, 0, 0, false, 43, 9496953
40, 0, 0, 100, 50, 23000, 0, 0, false, 44, 9692337
40, 0, 0, 100, 50, 23000, 0, 0, false, 45, 9799288
40, 0, 0, 100, 50, 23000, 0, 0, false, 46, 9528478
40, 0, 0, 100, 50, 23000, 0, 0, false, 47, 9767120
40, 0, 0, 100, 50, 23000, 0, 0, false, 48, 8819653
40, 0, 0, 100, 50, 23000, 0, 0, false, 49, 9498439
40, 0, 0, 100, 50, 24000, 0, 0, false, 0, 9998395
40, 0, 0, 100, 50, 24000, 0, 0, false, 1, 9962205
40, 0, 0, 100, 50, 24000, 0, 0, false, 2, 9769415
40, 0, 0, 100, 50, 24000, 0, 0, false, 3, 9882061
40, 0, 0, 100, 50, 24000, 0, 0, false, 4, 9698980
40, 0, 0, 100, 50, 24000, 0, 0, false, 5, 9822236
40, 0, 0, 100, 50, 24000, 0, 0, false, 6, 10154356
40, 0, 0, 100, 50, 24000, 0, 0, false, 7, 9832247
40, 0, 0, 100, 50, 24000, 0, 0, false, 8, 9910818
40, 0, 0, 100, 50, 24000, 0, 0, false, 9, 9762173
40, 0, 0, 100, 50, 24000, 0, 0, false, 10, 9874020
40, 0, 0, 100, 50, 24000, 0, 0, false, 11, 9858573
40, 0, 0, 100, 50, 24000, 0, 0, false, 12, 9966412
40, 0, 0, 100, 50, 24000, 0, 0, false, 13, 9793752
40, 0, 0, 100, 50, 24000, 0, 0, false, 14, 13640857
40, 0, 0, 100, 50, 24000, 0, 0, false, 15, 9459706
40, 0, 0, 100, 50, 24000, 0, 0, false, 16, 9886101
40, 0, 0, 100, 50, 24000, 0, 0, false, 17, 9982464
40, 0, 0, 100, 50, 24000, 0, 0, false, 18, 9830539
40, 0, 0, 100, 50, 24000, 0, 0, false, 19, 9781804
40, 0, 0, 100, 50, 24000, 0, 0, false, 20, 9884741
40, 0, 0, 100, 50, 24000, 0, 0, false, 21, 9906687
40, 0, 0, 100, 50, 24000, 0, 0, false, 22, 9855795
40, 0, 0, 100, 50, 24000, 0, 0, false, 23, 9950046
40, 0, 0, 100, 50, 24000, 0, 0, false, 24, 9843562
40, 0, 0, 100, 50, 24000, 0, 0, false, 25, 9905175
40, 0, 0, 100, 50, 24000, 0, 0, false, 26, 9872753
40, 0, 0, 100, 50, 24000, 0, 0, false, 27, 9824608
40, 0, 0, 100, 50, 24000, 0, 0, false, 28, 10231020
40, 0, 0, 100, 50, 24000, 0, 0, false, 29, 9862413
40, 0, 0, 100, 50, 24000, 0, 0, false, 30, 9069225
40, 0, 0, 100, 50, 24000, 0, 0, false, 31, 9906899
40, 0, 0, 100, 50, 24000, 0, 0, false, 32, 9899112
40, 0, 0, 100, 50, 24000, 0, 0, false, 33, 9880776
40, 0, 0, 100, 50, 24000, 0, 0, false, 34, 9861909
40, 0, 0, 100, 50, 24000, 0, 0, false, 35, 9827811
40, 0, 0, 100, 50, 24000, 0, 0, false, 36, 9853027
40, 0, 0, 100, 50, 24000, 0, 0, false, 37, 9738903
40, 0, 0, 100, 50, 24000, 0, 0, false, 38, 9777289
40, 0, 0, 100, 50, 24000, 0, 0, false, 39, 9698000
40, 0, 0, 100, 50, 24000, 0, 0, false, 40, 9761599
40, 0, 0, 100, 50, 24000, 0, 0, false, 41, 9813030
40, 0, 0, 100, 50, 24000, 0, 0, false, 42, 9919906
40, 0, 0, 100, 50, 24000, 0, 0, false, 43, 9879455
40, 0, 0, 100, 50, 24000, 0, 0, false, 44, 9951227
40, 0, 0, 100, 50, 24000, 0, 0, false, 45, 9102867
40, 0, 0, 100, 50, 24000, 0, 0, false, 46, 10063932
40, 0, 0, 100, 50, 24000, 0, 0, false, 47, 9943459
40, 0, 0, 100, 50, 24000, 0, 0, false, 48, 9837821
40, 0, 0, 100, 50, 24000, 0, 0, false, 49, 9810793
40, 0, 0, 100, 50, 25000, 0, 0, false, 0, 10201561
40, 0, 0, 100, 50, 25000, 0, 0, false, 1, 10224703
40, 0, 0, 100, 50, 25000, 0, 0, false, 2, 10273320
40, 0, 0, 100, 50, 25000, 0, 0, false, 3, 9997742
40, 0, 0, 100, 50, 25000, 0, 0, false, 4, 10023249
40, 0, 0, 100, 50, 25000, 0, 0, false, 5, 10259982
40, 0, 0, 100, 50, 25000, 0, 0, false, 6, 10277515
40, 0, 0, 100, 50, 25000, 0, 0, false, 7, 10223232
40, 0, 0, 100, 50, 25000, 0, 0, false, 8, 10241037
40, 0, 0, 100, 50, 25000, 0, 0, false, 9, 9654230
40, 0, 0, 100, 50, 25000, 0, 0, false, 10, 10483819
40, 0, 0, 100, 50, 25000, 0, 0, false, 11, 10284599
40, 0, 0, 100, 50, 25000, 0, 0, false, 12, 10605310
40, 0, 0, 100, 50, 25000, 0, 0, false, 13, 10237828
40, 0, 0, 100, 50, 25000, 0, 0, false, 14, 10182339
40, 0, 0, 100, 50, 25000, 0, 0, false, 15, 10304721
40, 0, 0, 100, 50, 25000, 0, 0, false, 16, 10260806
40, 0, 0, 100, 50, 25000, 0, 0, false, 17, 10166763
40, 0, 0, 100, 50, 25000, 0, 0, false, 18, 10292183
40, 0, 0, 100, 50, 25000, 0, 0, false, 19, 10203894
40, 0, 0, 100, 50, 25000, 0, 0, false, 20, 10273899
40, 0, 0, 100, 50, 25000, 0, 0, false, 21, 10506993
40, 0, 0, 100, 50, 25000, 0, 0, false, 22, 9814679
40, 0, 0, 100, 50, 25000, 0, 0, false, 23, 10261551
40, 0, 0, 100, 50, 25000, 0, 0, false, 24, 10316374
40, 0, 0, 100, 50, 25000, 0, 0, false, 25, 10145371
40, 0, 0, 100, 50, 25000, 0, 0, false, 26, 10281689
40, 0, 0, 100, 50, 25000, 0, 0, false, 27, 10239613
40, 0, 0, 100, 50, 25000, 0, 0, false, 28, 10305495
40, 0, 0, 100, 50, 25000, 0, 0, false, 29, 10212472
40, 0, 0, 100, 50, 25000, 0, 0, false, 30, 10246212
40, 0, 0, 100, 50, 25000, 0, 0, false, 31, 10237840
40, 0, 0, 100, 50, 25000, 0, 0, false, 32, 10292541
40, 0, 0, 100, 50, 25000, 0, 0, false, 33, 10204288
40, 0, 0, 100, 50, 25000, 0, 0, false, 34, 9624034
40, 0, 0, 100, 50, 25000, 0, 0, false, 35, 10163940
40, 0, 0, 100, 50, 25000, 0, 0, false, 36, 10349077
40, 0, 0, 100, 50, 25000, 0, 0, false, 37, 10286314
40, 0, 0, 100, 50, 25000, 0, 0, false, 38, 10338024
40, 0, 0, 100, 50, 25000, 0, 0, false, 39, 10164232
40, 0, 0, 100, 50, 25000, 0, 0, false, 40, 10287784
40, 0, 0, 100, 50, 25000, 0, 0, false, 41, 10206427
40, 0, 0, 100, 50, 25000, 0, 0, false, 42, 10210594
40, 0, 0, 100, 50, 25000, 0, 0, false, 43, 10294281
40, 0, 0, 100, 50, 25000, 0, 0, false, 44, 10282742
40, 0, 0, 100, 50, 25000, 0, 0, false, 45, 10156216
40, 0, 0, 100, 50, 25000, 0, 0, false, 46, 9557627
40, 0, 0, 100, 50, 25000, 0, 0, false, 47, 10341622
40, 0, 0, 100, 50, 25000, 0, 0, false, 48, 10217936
40, 0, 0, 100, 50, 25000, 0, 0, false, 49, 10489758
40, 0, 0, 100, 50, 26000, 0, 0, false, 0, 10726248
40, 0, 0, 100, 50, 26000, 0, 0, false, 1, 10839826
40, 0, 0, 100, 50, 26000, 0, 0, false, 2, 10950331
40, 0, 0, 100, 50, 26000, 0, 0, false, 3, 10734589
40, 0, 0, 100, 50, 26000, 0, 0, false, 4, 10497637
40, 0, 0, 100, 50, 26000, 0, 0, false, 5, 10670938
40, 0, 0, 100, 50, 26000, 0, 0, false, 6, 10596504
40, 0, 0, 100, 50, 26000, 0, 0, false, 7, 9662031
40, 0, 0, 100, 50, 26000, 0, 0, false, 8, 10756947
40, 0, 0, 100, 50, 26000, 0, 0, false, 9, 10623749
40, 0, 0, 100, 50, 26000, 0, 0, false, 10, 10565060
40, 0, 0, 100, 50, 26000, 0, 0, false, 11, 10641258
40, 0, 0, 100, 50, 26000, 0, 0, false, 12, 10553076
40, 0, 0, 100, 50, 26000, 0, 0, false, 13, 10562879
40, 0, 0, 100, 50, 26000, 0, 0, false, 14, 10637160
40, 0, 0, 100, 50, 26000, 0, 0, false, 15, 10541805
40, 0, 0, 100, 50, 26000, 0, 0, false, 16, 10585826
40, 0, 0, 100, 50, 26000, 0, 0, false, 17, 15275087
40, 0, 0, 100, 50, 26000, 0, 0, false, 18, 10197642
40, 0, 0, 100, 50, 26000, 0, 0, false, 19, 10688868
40, 0, 0, 100, 50, 26000, 0, 0, false, 20, 10813816
40, 0, 0, 100, 50, 26000, 0, 0, false, 21, 10572461
40, 0, 0, 100, 50, 26000, 0, 0, false, 22, 10709552
40, 0, 0, 100, 50, 26000, 0, 0, false, 23, 10690819
40, 0, 0, 100, 50, 26000, 0, 0, false, 24, 10551069
40, 0, 0, 100, 50, 26000, 0, 0, false, 25, 10579600
40, 0, 0, 100, 50, 26000, 0, 0, false, 26, 11081772
40, 0, 0, 100, 50, 26000, 0, 0, false, 27, 15800393
40, 0, 0, 100, 50, 26000, 0, 0, false, 28, 10301992
40, 0, 0, 100, 50, 26000, 0, 0, false, 29, 10724701
40, 0, 0, 100, 50, 26000, 0, 0, false, 30, 10617168
40, 0, 0, 100, 50, 26000, 0, 0, false, 31, 10796038
40, 0, 0, 100, 50, 26000, 0, 0, false, 32, 10738159
40, 0, 0, 100, 50, 26000, 0, 0, false, 33, 10640838
40, 0, 0, 100, 50, 26000, 0, 0, false, 34, 10495144
40, 0, 0, 100, 50, 26000, 0, 0, false, 35, 10737249
40, 0, 0, 100, 50, 26000, 0, 0, false, 36, 10617130
40, 0, 0, 100, 50, 26000, 0, 0, false, 37, 10023591
40, 0, 0, 100, 50, 26000, 0, 0, false, 38, 10982370
40, 0, 0, 100, 50, 26000, 0, 0, false, 39, 10753155
40, 0, 0, 100, 50, 26000, 0, 0, false, 40, 10686681
40, 0, 0, 100, 50, 26000, 0, 0, false, 41, 10665640
40, 0, 0, 100, 50, 26000, 0, 0, false, 42, 10718382
40, 0, 0, 100, 50, 26000, 0, 0, false, 43, 10550474
40, 0, 0, 100, 50, 26000, 0, 0, false, 44, 10836059
40, 0, 0, 100, 50, 26000, 0, 0, false, 45, 10522427
40, 0, 0, 100, 50, 26000, 0, 0, false, 46, 9738806
40, 0, 0, 100, 50, 26000, 0, 0, false, 47, 10858641
40, 0, 0, 100, 50, 26000, 0, 0, false, 48, 10582192
40, 0, 0, 100, 50, 26000, 0, 0, false, 49, 10563738
40, 0, 0, 100, 50, 27000, 0, 0, false, 0, 11171354
40, 0, 0, 100, 50, 27000, 0, 0, false, 1, 11025025
40, 0, 0, 100, 50, 27000, 0, 0, false, 2, 11099032
40, 0, 0, 100, 50, 27000, 0, 0, false, 3, 11155994
40, 0, 0, 100, 50, 27000, 0, 0, false, 4, 22603643
40, 0, 0, 100, 50, 27000, 0, 0, false, 5, 10716813
40, 0, 0, 100, 50, 27000, 0, 0, false, 6, 11164012
40, 0, 0, 100, 50, 27000, 0, 0, false, 7, 11307016
40, 0, 0, 100, 50, 27000, 0, 0, false, 8, 10964285
40, 0, 0, 100, 50, 27000, 0, 0, false, 9, 10905151
40, 0, 0, 100, 50, 27000, 0, 0, false, 10, 11076638
40, 0, 0, 100, 50, 27000, 0, 0, false, 11, 10920516
40, 0, 0, 100, 50, 27000, 0, 0, false, 12, 11086149
40, 0, 0, 100, 50, 27000, 0, 0, false, 13, 11056482
40, 0, 0, 100, 50, 27000, 0, 0, false, 14, 17314904
40, 0, 0, 100, 50, 27000, 0, 0, false, 15, 10504994
40, 0, 0, 100, 50, 27000, 0, 0, false, 16, 11061364
40, 0, 0, 100, 50, 27000, 0, 0, false, 17, 11367790
40, 0, 0, 100, 50, 27000, 0, 0, false, 18, 11083936
40, 0, 0, 100, 50, 27000, 0, 0, false, 19, 10955567
40, 0, 0, 100, 50, 27000, 0, 0, false, 20, 11172781
40, 0, 0, 100, 50, 27000, 0, 0, false, 21, 10885348
40, 0, 0, 100, 50, 27000, 0, 0, false, 22, 10906557
40, 0, 0, 100, 50, 27000, 0, 0, false, 23, 11187296
40, 0, 0, 100, 50, 27000, 0, 0, false, 24, 10888484
40, 0, 0, 100, 50, 27000, 0, 0, false, 25, 11062363
40, 0, 0, 100, 50, 27000, 0, 0, false, 26, 19355963
40, 0, 0, 100, 50, 27000, 0, 0, false, 27, 10748920
40, 0, 0, 100, 50, 27000, 0, 0, false, 28, 10970674
40, 0, 0, 100, 50, 27000, 0, 0, false, 29, 11137626
40, 0, 0, 100, 50, 27000, 0, 0, false, 30, 11277943
40, 0, 0, 100, 50, 27000, 0, 0, false, 31, 10977187
40, 0, 0, 100, 50, 27000, 0, 0, false, 32, 11299885
40, 0, 0, 100, 50, 27000, 0, 0, false, 33, 11041961
40, 0, 0, 100, 50, 27000, 0, 0, false, 34, 11145595
40, 0, 0, 100, 50, 27000, 0, 0, false, 35, 10987102
40, 0, 0, 100, 50, 27000, 0, 0, false, 36, 10981992
40, 0, 0, 100, 50, 27000, 0, 0, false, 37, 11004155
40, 0, 0, 100, 50, 27000, 0, 0, false, 38, 11040264
40, 0, 0, 100, 50, 27000, 0, 0, false, 39, 11117345
40, 0, 0, 100, 50, 27000, 0, 0, false, 40, 11315294
40, 0, 0, 100, 50, 27000, 0, 0, false, 41, 10201871
40, 0, 0, 100, 50, 27000, 0, 0, false, 42, 11070095
40, 0, 0, 100, 50, 27000, 0, 0, false, 43, 11091793
40, 0, 0, 100, 50, 27000, 0, 0, false, 44, 11119746
40, 0, 0, 100, 50, 27000, 0, 0, false, 45, 10925021
40, 0, 0, 100, 50, 27000, 0, 0, false, 46, 11052217
40, 0, 0, 100, 50, 27000, 0, 0, false, 47, 11004315
40, 0, 0, 100, 50, 27000, 0, 0, false, 48, 10952771
40, 0, 0, 100, 50, 27000, 0, 0, false, 49, 10930533
40, 0, 0, 100, 50, 28000, 0, 0, false, 0, 11466581
40, 0, 0, 100, 50, 28000, 0, 0, false, 1, 11477336
40, 0, 0, 100, 50, 28000, 0, 0, false, 2, 11432013
40, 0, 0, 100, 50, 28000, 0, 0, false, 3, 11471153
40, 0, 0, 100, 50, 28000, 0, 0, false, 4, 11400427
40, 0, 0, 100, 50, 28000, 0, 0, false, 5, 11582201
40, 0, 0, 100, 50, 28000, 0, 0, false, 6, 10865151
40, 0, 0, 100, 50, 28000, 0, 0, false, 7, 11353634
40, 0, 0, 100, 50, 28000, 0, 0, false, 8, 10530823
40, 0, 0, 100, 50, 28000, 0, 0, false, 9, 11370312
40, 0, 0, 100, 50, 28000, 0, 0, false, 10, 11665042
40, 0, 0, 100, 50, 28000, 0, 0, false, 11, 11358483
40, 0, 0, 100, 50, 28000, 0, 0, false, 12, 11405528
40, 0, 0, 100, 50, 28000, 0, 0, false, 13, 11601630
40, 0, 0, 100, 50, 28000, 0, 0, false, 14, 11606665
40, 0, 0, 100, 50, 28000, 0, 0, false, 15, 11350807
40, 0, 0, 100, 50, 28000, 0, 0, false, 16, 11670212
40, 0, 0, 100, 50, 28000, 0, 0, false, 17, 11453589
40, 0, 0, 100, 50, 28000, 0, 0, false, 18, 11243209
40, 0, 0, 100, 50, 28000, 0, 0, false, 19, 11400990
40, 0, 0, 100, 50, 28000, 0, 0, false, 20, 11440127
40, 0, 0, 100, 50, 28000, 0, 0, false, 21, 11318505
40, 0, 0, 100, 50, 28000, 0, 0, false, 22, 11100077
40, 0, 0, 100, 50, 28000, 0, 0, false, 23, 10998224
40, 0, 0, 100, 50, 28000, 0, 0, false, 24, 11721228
40, 0, 0, 100, 50, 28000, 0, 0, false, 25, 11505843
40, 0, 0, 100, 50, 28000, 0, 0, false, 26, 11135489
40, 0, 0, 100, 50, 28000, 0, 0, false, 27, 19030969
40, 0, 0, 100, 50, 28000, 0, 0, false, 28, 11231124
40, 0, 0, 100, 50, 28000, 0, 0, false, 29, 11410395
40, 0, 0, 100, 50, 28000, 0, 0, false, 30, 11390798
40, 0, 0, 100, 50, 28000, 0, 0, false, 31, 11603325
40, 0, 0, 100, 50, 28000, 0, 0, false, 32, 11454871
40, 0, 0, 100, 50, 28000, 0, 0, false, 33, 11425782
40, 0, 0, 100, 50, 28000, 0, 0, false, 34, 11442821
40, 0, 0, 100, 50, 28000, 0, 0, false, 35, 11717122
40, 0, 0, 100, 50, 28000, 0, 0, false, 36, 11348421
40, 0, 0, 100, 50, 28000, 0, 0, false, 37, 11429205
40, 0, 0, 100, 50, 28000, 0, 0, false, 38, 11534359
40, 0, 0, 100, 50, 28000, 0, 0, false, 39, 11503526
40, 0, 0, 100, 50, 28000, 0, 0, false, 40, 11375942
40, 0, 0, 100, 50, 28000, 0, 0, false, 41, 11466874
40, 0, 0, 100, 50, 28000, 0, 0, false, 42, 11006528
40, 0, 0, 100, 50, 28000, 0, 0, false, 43, 11137509
40, 0, 0, 100, 50, 28000, 0, 0, false, 44, 11681967
40, 0, 0, 100, 50, 28000, 0, 0, false, 45, 11296445
40, 0, 0, 100, 50, 28000, 0, 0, false, 46, 11254278
40, 0, 0, 100, 50, 28000, 0, 0, false, 47, 10363996
40, 0, 0, 100, 50, 28000, 0, 0, false, 48, 11448711
40, 0, 0, 100, 50, 28000, 0, 0, false, 49, 11400523
40, 0, 0, 100, 50, 29000, 0, 0, false, 0, 11772517
40, 0, 0, 100, 50, 29000, 0, 0, false, 1, 12300573
40, 0, 0, 100, 50, 29000, 0, 0, false, 2, 11888466
40, 0, 0, 100, 50, 29000, 0, 0, false, 3, 11824131
40, 0, 0, 100, 50, 29000, 0, 0, false, 4, 11871763
40, 0, 0, 100, 50, 29000, 0, 0, false, 5, 12123924
40, 0, 0, 100, 50, 29000, 0, 0, false, 6, 12161043
40, 0, 0, 100, 50, 29000, 0, 0, false, 7, 11730921
40, 0, 0, 100, 50, 29000, 0, 0, false, 8, 11668702
40, 0, 0, 100, 50, 29000, 0, 0, false, 9, 11890876
40, 0, 0, 100, 50, 29000, 0, 0, false, 10, 11943092
40, 0, 0, 100, 50, 29000, 0, 0, false, 11, 11473116
40, 0, 0, 100, 50, 29000, 0, 0, false, 12, 11316169
40, 0, 0, 100, 50, 29000, 0, 0, false, 13, 11914232
40, 0, 0, 100, 50, 29000, 0, 0, false, 14, 12030915
40, 0, 0, 100, 50, 29000, 0, 0, false, 15, 11604245
40, 0, 0, 100, 50, 29000, 0, 0, false, 16, 12447380
40, 0, 0, 100, 50, 29000, 0, 0, false, 17, 16800676
40, 0, 0, 100, 50, 29000, 0, 0, false, 18, 10773722
40, 0, 0, 100, 50, 29000, 0, 0, false, 19, 11753312
40, 0, 0, 100, 50, 29000, 0, 0, false, 20, 11956521
40, 0, 0, 100, 50, 29000, 0, 0, false, 21, 11712809
40, 0, 0, 100, 50, 29000, 0, 0, false, 22, 11921442
40, 0, 0, 100, 50, 29000, 0, 0, false, 23, 11843810
40, 0, 0, 100, 50, 29000, 0, 0, false, 24, 11698330
40, 0, 0, 100, 50, 29000, 0, 0, false, 25, 11713696
40, 0, 0, 100, 50, 29000, 0, 0, false, 26, 11580772
40, 0, 0, 100, 50, 29000, 0, 0, false, 27, 12145727
40, 0, 0, 100, 50, 29000, 0, 0, false, 28, 11802565
40, 0, 0, 100, 50, 29000, 0, 0, false, 29, 12492563
40, 0, 0, 100, 50, 29000, 0, 0, false, 30, 11774490
40, 0, 0, 100, 50, 29000, 0, 0, false, 31, 11837851
40, 0, 0, 100, 50, 29000, 0, 0, false, 32, 11280400
40, 0, 0, 100, 50, 29000, 0, 0, false, 33, 11607871
40, 0, 0, 100, 50, 29000, 0, 0, false, 34, 11855174
40, 0, 0, 100, 50, 29000, 0, 0, false, 35, 11798072
40, 0, 0, 100, 50, 29000, 0, 0, false, 36, 11831461
40, 0, 0, 100, 50, 29000, 0, 0, false, 37, 11920233
40, 0, 0, 100, 50, 29000, 0, 0, false, 38, 11350929
40, 0, 0, 100, 50, 29000, 0, 0, false, 39, 12149542
40, 0, 0, 100, 50, 29000, 0, 0, false, 40, 11830438
40, 0, 0, 100, 50, 29000, 0, 0, false, 41, 11819254
40, 0, 0, 100, 50, 29000, 0, 0, false, 42, 11774256
40, 0, 0, 100, 50, 29000, 0, 0, false, 43, 11979969
40, 0, 0, 100, 50, 29000, 0, 0, false, 44, 11656141
40, 0, 0, 100, 50, 29000, 0, 0, false, 45, 11690452
40, 0, 0, 100, 50, 29000, 0, 0, false, 46, 11827182
40, 0, 0, 100, 50, 29000, 0, 0, false, 47, 11770561
40, 0, 0, 100, 50, 29000, 0, 0, false, 48, 11758810
40, 0, 0, 100, 50, 29000, 0, 0, false, 49, 11864420
40, 0, 0, 100, 50, 30000, 0, 0, false, 0, 12265967
40, 0, 0, 100, 50, 30000, 0, 0, false, 1, 12211867
40, 0, 0, 100, 50, 30000, 0, 0, false, 2, 11682095
40, 0, 0, 100, 50, 30000, 0, 0, false, 3, 12180376
40, 0, 0, 100, 50, 30000, 0, 0, false, 4, 12315613
40, 0, 0, 100, 50, 30000, 0, 0, false, 5, 12128326
40, 0, 0, 100, 50, 30000, 0, 0, false, 6, 11409546
40, 0, 0, 100, 50, 30000, 0, 0, false, 7, 12174001
40, 0, 0, 100, 50, 30000, 0, 0, false, 8, 12314476
40, 0, 0, 100, 50, 30000, 0, 0, false, 9, 12144268
40, 0, 0, 100, 50, 30000, 0, 0, false, 10, 12199884
40, 0, 0, 100, 50, 30000, 0, 0, false, 11, 12118881
40, 0, 0, 100, 50, 30000, 0, 0, false, 12, 12225658
40, 0, 0, 100, 50, 30000, 0, 0, false, 13, 12427981
40, 0, 0, 100, 50, 30000, 0, 0, false, 14, 12042000
40, 0, 0, 100, 50, 30000, 0, 0, false, 15, 12153064
40, 0, 0, 100, 50, 30000, 0, 0, false, 16, 12380608
40, 0, 0, 100, 50, 30000, 0, 0, false, 17, 12447547
40, 0, 0, 100, 50, 30000, 0, 0, false, 18, 12095463
40, 0, 0, 100, 50, 30000, 0, 0, false, 19, 12468838
40, 0, 0, 100, 50, 30000, 0, 0, false, 20, 11558161
40, 0, 0, 100, 50, 30000, 0, 0, false, 21, 12349788
40, 0, 0, 100, 50, 30000, 0, 0, false, 22, 12223474
40, 0, 0, 100, 50, 30000, 0, 0, false, 23, 18056472
40, 0, 0, 100, 50, 30000, 0, 0, false, 24, 11806323
40, 0, 0, 100, 50, 30000, 0, 0, false, 25, 12225516
40, 0, 0, 100, 50, 30000, 0, 0, false, 26, 12458007
40, 0, 0, 100, 50, 30000, 0, 0, false, 27, 12152012
40, 0, 0, 100, 50, 30000, 0, 0, false, 28, 12160518
40, 0, 0, 100, 50, 30000, 0, 0, false, 29, 12109313
40, 0, 0, 100, 50, 30000, 0, 0, false, 30, 12240880
40, 0, 0, 100, 50, 30000, 0, 0, false, 31, 12103952
40, 0, 0, 100, 50, 30000, 0, 0, false, 32, 12313349
40, 0, 0, 100, 50, 30000, 0, 0, false, 33, 12059545
40, 0, 0, 100, 50, 30000, 0, 0, false, 34, 12291392
40, 0, 0, 100, 50, 30000, 0, 0, false, 35, 12224182
40, 0, 0, 100, 50, 30000, 0, 0, false, 36, 12164908
40, 0, 0, 100, 50, 30000, 0, 0, false, 37, 11873362
40, 0, 0, 100, 50, 30000, 0, 0, false, 38, 12043276
40, 0, 0, 100, 50, 30000, 0, 0, false, 39, 12383992
40, 0, 0, 100, 50, 30000, 0, 0, false, 40, 11235427
40, 0, 0, 100, 50, 30000, 0, 0, false, 41, 12229247
40, 0, 0, 100, 50, 30000, 0, 0, false, 42, 12472809
40, 0, 0, 100, 50, 30000, 0, 0, false, 43, 12296025
40, 0, 0, 100, 50, 30000, 0, 0, false, 44, 12124571
40, 0, 0, 100, 50, 30000, 0, 0, false, 45, 12268797
40, 0, 0, 100, 50, 30000, 0, 0, false, 46, 12276206
40, 0, 0, 100, 50, 30000, 0, 0, false, 47, 12286355
40, 0, 0, 100, 50, 30000, 0, 0, false, 48, 12165471
40, 0, 0, 100, 50, 30000, 0, 0, false, 49, 12121100
