warmup completed in 7351,32157 ms
===== varying worker count - more rooms than projects =====
Scenario ScenarioSpec(3,4,5,false,2,0) solved in avg 7,24830 ms (min: 6,39855, max: 10,33082, med: 6,93142)
Scenario ScenarioSpec(3,4,5,false,3,0) solved in avg 8,68570 ms (min: 7,85841, max: 10,77658, med: 8,58684)
Scenario ScenarioSpec(3,4,5,false,4,0) solved in avg 13,90740 ms (min: 12,93612, max: 16,78223, med: 13,82818)
Scenario ScenarioSpec(3,4,5,false,5,0) solved in avg 30,00714 ms (min: 26,05756, max: 37,36754, med: 29,50049)
Scenario ScenarioSpec(3,4,5,false,6,0) solved in avg 41,84500 ms (min: 38,59514, max: 46,85436, med: 41,24057)
Scenario ScenarioSpec(3,4,5,false,7,0) solved in avg 107,66696 ms (min: 94,59145, max: 114,35733, med: 111,53370)
Scenario ScenarioSpec(3,4,5,false,8,0) solved in avg 214,65393 ms (min: 202,88963, max: 240,28889, med: 210,57856)
Scenario ScenarioSpec(3,4,5,false,9,0) solved in avg 414,89141 ms (min: 394,93830, max: 428,46777, med: 413,98795)
Scenario ScenarioSpec(3,4,5,false,10,0) solved in avg 660,95860 ms (min: 634,69136, max: 732,17822, med: 648,81444)
Scenario ScenarioSpec(3,4,5,false,11,0) solved in avg 951,57274 ms (min: 920,45063, max: 1004,56165, med: 942,64486)
Scenario ScenarioSpec(3,4,5,false,12,0) solved in avg 1246,50450 ms (min: 1187,69353, max: 1291,02694, med: 1247,98333)
Scenario ScenarioSpec(3,4,5,false,13,0) solved in avg 1199,65398 ms (min: 1137,70179, max: 1290,75449, med: 1215,73617)
Scenario ScenarioSpec(3,4,5,false,14,0) solved in avg 601,09070 ms (min: 579,34822, max: 638,64532, med: 591,51318)
Scenario ScenarioSpec(3,4,5,false,15,0) solved in avg 293,00078 ms (min: 267,74857, max: 305,70934, med: 297,57110)
Scenario ScenarioSpec(3,4,5,false,16,0) solved in avg 607,62991 ms (min: 551,87974, max: 633,60772, med: 621,94025)
Scenario ScenarioSpec(3,4,5,false,17,0) solved in avg 1564,02984 ms (min: 1462,27652, max: 1669,11360, med: 1579,39793)
Scenario ScenarioSpec(3,4,5,false,18,0) solved in avg 3777,57957 ms (min: 3599,35760, max: 3990,55294, med: 3783,67899)
Scenario ScenarioSpec(3,4,5,false,19,0) solved in avg 7345,31694 ms (min: 7035,88612, max: 7605,62056, med: 7351,86628)
Scenario ScenarioSpec(3,4,5,false,20,0) solved in avg 17424,34193 ms (min: 16765,01103, max: 17896,12246, med: 17450,39561)
Scenario ScenarioSpec(3,4,5,false,21,0) solved in avg 30001,25139 ms (min: 30001,14984, max: 30002,42367, med: 30001,19977)
===== varying worker count - more rooms than projects =====
Scenario ScenarioSpec(3,4,5,false,2,0) solved in avg 6,25685 ms (min: 5,88117, max: 9,04950, med: 6,06101)
Scenario ScenarioSpec(3,4,5,false,3,0) solved in avg 8,16206 ms (min: 7,47239, max: 11,22062, med: 8,05846)
Scenario ScenarioSpec(3,4,5,false,4,0) solved in avg 12,91952 ms (min: 12,06074, max: 16,05422, med: 12,93162)
Scenario ScenarioSpec(3,4,5,false,5,0) solved in avg 28,90126 ms (min: 25,74499, max: 34,25314, med: 28,69099)
Scenario ScenarioSpec(3,4,5,false,6,0) solved in avg 41,72373 ms (min: 37,96149, max: 46,56840, med: 42,41527)
Scenario ScenarioSpec(3,4,5,false,7,0) solved in avg 106,14760 ms (min: 94,33055, max: 111,57738, med: 110,52493)
Scenario ScenarioSpec(3,4,5,false,8,0) solved in avg 213,55736 ms (min: 201,72584, max: 223,46481, med: 210,99491)
Scenario ScenarioSpec(3,4,5,false,9,0) solved in avg 417,22068 ms (min: 393,40768, max: 430,69226, med: 425,16374)
Scenario ScenarioSpec(3,4,5,false,10,0) solved in avg 658,94360 ms (min: 633,96657, max: 700,09979, med: 647,76314)
Scenario ScenarioSpec(3,4,5,false,11,0) solved in avg 948,81785 ms (min: 919,74155, max: 1004,69397, med: 939,92762)
Scenario ScenarioSpec(3,4,5,false,12,0) solved in avg 1246,38119 ms (min: 1188,57005, max: 1295,66654, med: 1252,12655)
Scenario ScenarioSpec(3,4,5,false,13,0) solved in avg 1182,48721 ms (min: 1136,34107, max: 1256,39725, med: 1187,28293)
Scenario ScenarioSpec(3,4,5,false,14,0) solved in avg 603,05403 ms (min: 577,80788, max: 638,42916, med: 594,78413)
Scenario ScenarioSpec(3,4,5,false,15,0) solved in avg 292,43488 ms (min: 265,26063, max: 303,90341, med: 296,17894)
Scenario ScenarioSpec(3,4,5,false,16,0) solved in avg 601,25328 ms (min: 548,48298, max: 632,20739, med: 605,16821)
Scenario ScenarioSpec(3,4,5,false,17,0) solved in avg 1545,27243 ms (min: 1448,15782, max: 1593,48513, med: 1560,49932)
Scenario ScenarioSpec(3,4,5,false,18,0) solved in avg 3750,59701 ms (min: 3557,79374, max: 3907,99900, med: 3760,01132)
Scenario ScenarioSpec(3,4,5,false,19,0) solved in avg 7364,40818 ms (min: 7083,03863, max: 7707,94587, med: 7359,53750)
Scenario ScenarioSpec(3,4,5,false,20,0) solved in avg 17383,91917 ms (min: 16859,10024, max: 17855,78071, med: 17220,29404)
Scenario ScenarioSpec(3,4,5,false,21,0) solved in avg 30001,09082 ms (min: 30001,02111, max: 30002,04948, med: 30001,05062)
===== effect of room preassignment =====
Scenario ScenarioSpec(1,10,5,false,5,10) solved in avg 8,22196 ms (min: 7,48066, max: 11,55886, med: 7,84934)
Scenario ScenarioSpec(1,10,5,false,6,10) solved in avg 7,85581 ms (min: 7,44131, max: 10,79009, med: 7,65417)
Scenario ScenarioSpec(1,10,5,false,7,10) solved in avg 8,01825 ms (min: 7,39695, max: 11,84534, med: 7,61360)
Scenario ScenarioSpec(1,10,5,false,8,10) solved in avg 7,84460 ms (min: 7,43015, max: 10,40172, med: 7,79557)
Scenario ScenarioSpec(1,10,5,false,9,10) solved in avg 8,15749 ms (min: 7,36758, max: 11,99365, med: 7,79207)
Scenario ScenarioSpec(1,10,5,false,10,10) solved in avg 7,69387 ms (min: 7,36414, max: 10,86754, med: 7,53127)
Scenario ScenarioSpec(1,10,5,false,11,10) solved in avg 11,67406 ms (min: 10,94951, max: 14,70514, med: 11,25904)
Scenario ScenarioSpec(1,10,5,false,12,10) solved in avg 18,78672 ms (min: 17,45606, max: 21,36927, med: 18,54247)
Scenario ScenarioSpec(1,10,5,false,13,10) solved in avg 136,41557 ms (min: 128,26368, max: 152,48767, med: 136,18466)
Scenario ScenarioSpec(1,10,5,false,14,10) solved in avg 1571,30047 ms (min: 1509,18319, max: 1617,91049, med: 1577,16077)
Scenario ScenarioSpec(1,10,5,false,15,10) solved in avg 23085,61476 ms (min: 20580,51240, max: 27533,34626, med: 22784,45069)
Scenario ScenarioSpec(1,10,5,false,16,10) solved in avg 30000,59949 ms (min: 30000,55196, max: 30000,65716, med: 30000,59815)
Scenario ScenarioSpec(1,10,5,false,5,9) solved in avg 7,46448 ms (min: 7,11789, max: 11,45817, med: 7,31985)
Scenario ScenarioSpec(1,10,5,false,6,9) solved in avg 7,43521 ms (min: 7,12312, max: 10,21086, med: 7,28720)
Scenario ScenarioSpec(1,10,5,false,7,9) solved in avg 7,34295 ms (min: 7,11243, max: 9,12690, med: 7,29930)
Scenario ScenarioSpec(1,10,5,false,8,9) solved in avg 7,45228 ms (min: 7,12996, max: 10,45618, med: 7,31613)
Scenario ScenarioSpec(1,10,5,false,9,9) solved in avg 7,45136 ms (min: 7,10265, max: 10,06005, med: 7,31355)
Scenario ScenarioSpec(1,10,5,false,10,9) solved in avg 12,37151 ms (min: 11,81144, max: 13,99566, med: 12,00715)
Scenario ScenarioSpec(1,10,5,false,11,9) solved in avg 17,72580 ms (min: 16,98279, max: 20,65818, med: 17,61361)
Scenario ScenarioSpec(1,10,5,false,12,9) solved in avg 169,97450 ms (min: 162,89592, max: 182,94839, med: 170,04553)
Scenario ScenarioSpec(1,10,5,false,13,9) solved in avg 1355,97891 ms (min: 1280,18686, max: 1506,11430, med: 1331,51501)
Scenario ScenarioSpec(1,10,5,false,14,9) solved in avg 17974,75447 ms (min: 16035,39239, max: 19138,91745, med: 18317,94469)
Scenario ScenarioSpec(1,10,5,false,15,9) solved in avg 30000,58287 ms (min: 30000,52877, max: 30000,72616, med: 30000,56896)
Scenario ScenarioSpec(1,10,5,false,5,8) solved in avg 7,41683 ms (min: 7,21592, max: 9,24479, med: 7,34730)
Scenario ScenarioSpec(1,10,5,false,6,8) solved in avg 7,53895 ms (min: 7,25943, max: 9,83278, med: 7,41998)
Scenario ScenarioSpec(1,10,5,false,7,8) solved in avg 7,51569 ms (min: 7,25771, max: 9,64668, med: 7,36001)
Scenario ScenarioSpec(1,10,5,false,8,8) solved in avg 7,49337 ms (min: 7,19927, max: 9,65228, med: 7,38090)
Scenario ScenarioSpec(1,10,5,false,9,8) solved in avg 12,16394 ms (min: 11,72943, max: 16,79890, med: 11,95700)
Scenario ScenarioSpec(1,10,5,false,10,8) solved in avg 17,33615 ms (min: 16,41120, max: 21,82081, med: 17,25061)
Scenario ScenarioSpec(1,10,5,false,11,8) solved in avg 126,47783 ms (min: 112,07151, max: 138,10766, med: 131,42930)
Scenario ScenarioSpec(1,10,5,false,12,8) solved in avg 1407,38354 ms (min: 1281,59932, max: 1540,93679, med: 1410,22013)
Scenario ScenarioSpec(1,10,5,false,13,8) solved in avg 14448,38051 ms (min: 13729,31330, max: 15517,84563, med: 14383,21243)
Scenario ScenarioSpec(1,10,5,false,14,8) solved in avg 30000,56917 ms (min: 30000,52811, max: 30000,69256, med: 30000,55954)
Scenario ScenarioSpec(1,10,5,false,5,7) solved in avg 7,54587 ms (min: 7,20403, max: 12,43766, med: 7,32756)
Scenario ScenarioSpec(1,10,5,false,6,7) solved in avg 7,41171 ms (min: 7,20624, max: 9,80123, med: 7,32426)
Scenario ScenarioSpec(1,10,5,false,7,7) solved in avg 7,36082 ms (min: 7,20606, max: 9,14225, med: 7,29902)
Scenario ScenarioSpec(1,10,5,false,8,7) solved in avg 11,96909 ms (min: 11,73010, max: 13,48553, med: 11,87331)
Scenario ScenarioSpec(1,10,5,false,9,7) solved in avg 16,98724 ms (min: 15,93070, max: 20,95311, med: 16,70232)
Scenario ScenarioSpec(1,10,5,false,10,7) solved in avg 157,59489 ms (min: 146,60234, max: 173,41359, med: 154,72134)
Scenario ScenarioSpec(1,10,5,false,11,7) solved in avg 1518,55880 ms (min: 1452,21322, max: 1664,17036, med: 1515,47466)
Scenario ScenarioSpec(1,10,5,false,12,7) solved in avg 15647,72277 ms (min: 14762,36048, max: 16853,19938, med: 15505,04569)
Scenario ScenarioSpec(1,10,5,false,13,7) solved in avg 30000,56447 ms (min: 30000,52626, max: 30000,71456, med: 30000,55287)
Scenario ScenarioSpec(1,10,5,false,5,6) solved in avg 7,53417 ms (min: 7,24826, max: 10,26986, med: 7,35006)
Scenario ScenarioSpec(1,10,5,false,6,6) solved in avg 7,53492 ms (min: 7,21934, max: 11,65973, med: 7,31402)
Scenario ScenarioSpec(1,10,5,false,7,6) solved in avg 12,08652 ms (min: 11,74059, max: 14,91821, med: 11,90135)
Scenario ScenarioSpec(1,10,5,false,8,6) solved in avg 17,02708 ms (min: 15,51334, max: 22,04181, med: 16,88633)
Scenario ScenarioSpec(1,10,5,false,9,6) solved in avg 131,17510 ms (min: 124,36532, max: 136,08199, med: 132,52059)
Scenario ScenarioSpec(1,10,5,false,10,6) solved in avg 1584,78342 ms (min: 1394,13955, max: 1795,70826, med: 1587,62557)
Scenario ScenarioSpec(1,10,5,false,11,6) solved in avg 18685,54668 ms (min: 16858,42225, max: 20440,69995, med: 18525,65134)
Scenario ScenarioSpec(1,10,5,false,12,6) solved in avg 30000,56263 ms (min: 30000,50495, max: 30000,63536, med: 30000,56291)
Scenario ScenarioSpec(1,10,5,false,5,5) solved in avg 7,39346 ms (min: 7,23734, max: 9,25515, med: 7,31429)
Scenario ScenarioSpec(1,10,5,false,6,5) solved in avg 12,03025 ms (min: 11,71140, max: 14,82972, med: 11,87520)
Scenario ScenarioSpec(1,10,5,false,7,5) solved in avg 17,02447 ms (min: 16,30853, max: 21,09160, med: 16,84383)
Scenario ScenarioSpec(1,10,5,false,8,5) solved in avg 123,67693 ms (min: 112,46540, max: 135,75738, med: 124,00432)
Scenario ScenarioSpec(1,10,5,false,9,5) solved in avg 1548,05451 ms (min: 1420,51612, max: 1626,82628, med: 1572,75396)
Scenario ScenarioSpec(1,10,5,false,10,5) solved in avg 20519,32764 ms (min: 18781,31566, max: 21439,36223, med: 20624,62011)
Scenario ScenarioSpec(1,10,5,false,11,5) solved in avg 30000,64626 ms (min: 30000,52060, max: 30003,03412, med: 30000,56323)
Scenario ScenarioSpec(1,10,5,false,5,4) solved in avg 12,15056 ms (min: 11,79672, max: 14,34304, med: 11,93480)
Scenario ScenarioSpec(1,10,5,false,6,4) solved in avg 30,17956 ms (min: 23,77188, max: 38,47913, med: 31,66275)
Scenario ScenarioSpec(1,10,5,false,7,4) solved in avg 156,01180 ms (min: 126,92809, max: 170,70050, med: 158,35082)
Scenario ScenarioSpec(1,10,5,false,8,4) solved in avg 2099,98470 ms (min: 1865,65548, max: 2324,62643, med: 2094,48661)
Scenario ScenarioSpec(1,10,5,false,9,4) solved in avg 16909,28456 ms (min: 15897,17177, max: 18712,40126, med: 16841,96790)
Scenario ScenarioSpec(1,10,5,false,10,4) solved in avg 30000,55496 ms (min: 30000,51557, max: 30000,61065, med: 30000,55896)
Scenario ScenarioSpec(1,10,5,false,5,3) solved in avg 23,77461 ms (min: 19,20968, max: 28,13362, med: 23,94629)
Scenario ScenarioSpec(1,10,5,false,6,3) solved in avg 103,70475 ms (min: 98,06282, max: 113,77433, med: 101,71997)
Scenario ScenarioSpec(1,10,5,false,7,3) solved in avg 1719,97561 ms (min: 1602,47239, max: 1797,16066, med: 1736,17742)
Scenario ScenarioSpec(1,10,5,false,8,3) solved in avg 20105,07642 ms (min: 18670,01390, max: 21817,00248, med: 19992,51258)
Scenario ScenarioSpec(1,10,5,false,9,3) solved in avg 30000,54997 ms (min: 30000,51568, max: 30000,63690, med: 30000,54708)
Scenario ScenarioSpec(1,10,5,false,5,2) solved in avg 118,90639 ms (min: 110,46956, max: 128,82472, med: 119,35606)
Scenario ScenarioSpec(1,10,5,false,6,2) solved in avg 2426,09837 ms (min: 2320,90750, max: 2605,33251, med: 2398,51316)
Scenario ScenarioSpec(1,10,5,false,7,2) solved in avg 21343,78217 ms (min: 19114,46393, max: 24807,99687, med: 21262,20208)
Scenario ScenarioSpec(1,10,5,false,8,2) solved in avg 30000,56180 ms (min: 30000,52395, max: 30000,62396, med: 30000,56180)
Scenario ScenarioSpec(1,10,5,false,5,1) solved in avg 2241,00217 ms (min: 2035,81840, max: 2421,30974, med: 2241,24498)
Scenario ScenarioSpec(1,10,5,false,6,1) solved in avg 22132,60561 ms (min: 20032,69434, max: 24730,67868, med: 21918,91426)
Scenario ScenarioSpec(1,10,5,false,7,1) solved in avg 30000,59130 ms (min: 30000,52756, max: 30001,44982, med: 30000,55641)
Scenario ScenarioSpec(1,10,5,false,5,0) solved in avg 24737,20026 ms (min: 23054,71177, max: 26527,82995, med: 24852,65868)
Scenario ScenarioSpec(1,10,5,false,6,0) solved in avg 30000,56553 ms (min: 30000,50578, max: 30000,62645, med: 30000,56108)
===== varying room count =====
Scenario ScenarioSpec(2,3,5,false,20,0) solved in avg 6,21786 ms (min: 5,62646, max: 8,28805, med: 5,80630)
Scenario ScenarioSpec(2,4,5,false,20,0) solved in avg 7,74498 ms (min: 7,13540, max: 10,55722, med: 7,33595)
Scenario ScenarioSpec(2,5,5,false,20,0) solved in avg 30000,95987 ms (min: 30000,82296, max: 30003,88854, med: 30000,85291)
