0, 500, 0, 0, true, 77354162, 0
0, 500, 0, 1, true, 77240983, 0
0, 500, 0, 2, true, 77041163, 0
0, 500, 0, 3, true, 77005631, 0
0, 500, 0, 4, true, 90112228, 0
0, 500, 0, 5, true, 94645770, 0
0, 500, 0, 6, true, 91983474, 0
0, 500, 0, 7, true, 92510836, 0
0, 500, 0, 8, true, 81551846, 0
0, 500, 0, 9, true, 79698982, 0
0, 500, 0, 10, true, 77994339, 0
0, 500, 0, 11, true, 76724136, 0
0, 500, 0, 12, true, 78155228, 0
0, 500, 0, 13, true, 77506612, 0
0, 500, 0, 14, true, 88714411, 0
0, 500, 0, 15, true, 94834398, 0
0, 500, 0, 16, true, 91546357, 0
0, 500, 0, 17, true, 81885898, 0
0, 500, 0, 18, true, 80403881, 0
0, 500, 0, 19, true, 78113771, 0
0, 500, 0, 20, true, 77970157, 0
0, 500, 0, 21, true, 77593963, 0
0, 500, 0, 22, true, 77193227, 0
0, 500, 0, 23, true, 92431500, 0
0, 500, 0, 24, true, 91540916, 0
0, 500, 0, 25, true, 81278632, 0
0, 500, 0, 26, true, 79855183, 0
0, 500, 0, 27, true, 78230809, 0
0, 500, 0, 28, true, 76996719, 0
0, 500, 0, 29, true, 77685852, 0
0, 500, 0, 30, true, 93143696, 0
0, 500, 0, 31, true, 91105417, 0
0, 500, 0, 32, true, 81538618, 0
0, 500, 0, 33, true, 79419834, 0
0, 500, 0, 34, true, 77056537, 0
0, 500, 0, 35, true, 77313627, 0
0, 500, 0, 36, true, 89331663, 0
0, 500, 0, 37, true, 91440730, 0
0, 500, 0, 38, true, 81227677, 0
0, 500, 0, 39, true, 80178087, 0
0, 500, 0, 40, true, 77100667, 0
0, 500, 0, 41, true, 77566585, 0
0, 500, 0, 42, true, 88206390, 0
0, 500, 0, 43, true, 91690367, 0
0, 500, 0, 44, true, 81523036, 0
0, 500, 0, 45, true, 80195671, 0
0, 500, 0, 46, true, 76832563, 0
0, 500, 0, 47, true, 77487118, 0
0, 500, 0, 48, true, 91394041, 0
0, 500, 0, 49, true, 92024118, 0
0, 500, 0, 50, true, 81694432, 0
0, 500, 0, 51, true, 77980012, 0
0, 500, 0, 52, true, 77801111, 0
0, 500, 0, 53, true, 90188745, 0
0, 500, 0, 54, true, 91446926, 0
0, 500, 0, 55, true, 81966828, 0
0, 500, 0, 56, true, 78785335, 0
0, 500, 0, 57, true, 77058767, 0
0, 500, 0, 58, true, 89169533, 0
0, 500, 0, 59, true, 90924482, 0
0, 500, 0, 60, true, 81728378, 0
0, 500, 0, 61, true, 78244544, 0
0, 500, 0, 62, true, 77988039, 0
0, 500, 0, 63, true, 90225977, 0
0, 500, 0, 64, true, 92115548, 0
0, 500, 0, 65, true, 81438167, 0
0, 500, 0, 66, true, 77039628, 0
0, 500, 0, 67, true, 77276823, 0
0, 500, 0, 68, true, 92041879, 0
0, 500, 0, 69, true, 81718050, 0
0, 500, 0, 70, true, 79717551, 0
0, 500, 0, 71, true, 78109915, 0
0, 500, 0, 72, true, 89088102, 0
0, 500, 0, 73, true, 93703617, 0
0, 500, 0, 74, true, 81888908, 0
0, 500, 0, 75, true, 76441533, 0
0, 500, 0, 76, true, 77611816, 0
0, 500, 0, 77, true, 91426125, 0
0, 500, 0, 78, true, 81423963, 0
0, 500, 0, 79, true, 78027965, 0
0, 500, 0, 80, true, 77176958, 0
0, 500, 0, 81, true, 91786348, 0
0, 500, 0, 82, true, 81363747, 0
0, 500, 0, 83, true, 78150718, 0
0, 500, 0, 84, true, 77601841, 0
0, 500, 0, 85, true, 91484545, 0
0, 500, 0, 86, true, 81814556, 0
0, 500, 0, 87, true, 78376071, 0
0, 500, 0, 88, true, 77568938, 0
0, 500, 0, 89, true, 91419520, 0
0, 500, 0, 90, true, 81660536, 0
0, 500, 0, 91, true, 78519276, 0
0, 500, 0, 92, true, 77321708, 0
0, 500, 0, 93, true, 91192244, 0
0, 500, 0, 94, true, 81298822, 0
0, 500, 0, 95, true, 77024944, 0
0, 500, 0, 96, true, 77461334, 0
0, 500, 0, 97, true, 91660964, 0
0, 500, 0, 98, true, 81647611, 0
0, 500, 0, 99, true, 77484801, 0
0, 1000, 0, 0, true, 157489795, 0
0, 1000, 0, 1, true, 166908516, 0
0, 1000, 0, 2, true, 159326708, 0
0, 1000, 0, 3, true, 159126321, 0
0, 1000, 0, 4, true, 157660297, 0
0, 1000, 0, 5, true, 158011138, 0
0, 1000, 0, 6, true, 158210752, 0
0, 1000, 0, 7, true, 158325725, 0
0, 1000, 0, 8, true, 158598383, 0
0, 1000, 0, 9, true, 157697203, 0
0, 1000, 0, 10, true, 159325956, 0
0, 1000, 0, 11, true, 156925830, 0
0, 1000, 0, 12, true, 157777134, 0
0, 1000, 0, 13, true, 161040603, 0
0, 1000, 0, 14, true, 157139310, 0
0, 1000, 0, 15, true, 157139381, 0
0, 1000, 0, 16, true, 157585229, 0
0, 1000, 0, 17, true, 161834846, 0
0, 1000, 0, 18, true, 158273530, 0
0, 1000, 0, 19, true, 149454444, 0
0, 1000, 0, 20, true, 163865188, 0
0, 1000, 0, 21, true, 157938783, 0
0, 1000, 0, 22, true, 158595002, 0
0, 1000, 0, 23, true, 160984977, 0
0, 1000, 0, 24, true, 160844730, 0
0, 1000, 0, 25, true, 159805311, 0
0, 1000, 0, 26, true, 161039812, 0
0, 1000, 0, 27, true, 158414546, 0
0, 1000, 0, 28, true, 157161363, 0
0, 1000, 0, 29, true, 158676639, 0
0, 1000, 0, 30, true, 150820930, 0
0, 1000, 0, 31, true, 157927873, 0
0, 1000, 0, 32, true, 158760247, 0
0, 1000, 0, 33, true, 150667136, 0
0, 1000, 0, 34, true, 163093397, 0
0, 1000, 0, 35, true, 157296649, 0
0, 1000, 0, 36, true, 156849703, 0
0, 1000, 0, 37, true, 164409250, 0
0, 1000, 0, 38, true, 158285030, 0
0, 1000, 0, 39, true, 149619765, 0
0, 1000, 0, 40, true, 163842008, 0
0, 1000, 0, 41, true, 157681736, 0
0, 1000, 0, 42, true, 149617291, 0
0, 1000, 0, 43, true, 158606788, 0
0, 1000, 0, 44, true, 159771323, 0
0, 1000, 0, 45, true, 161563603, 0
0, 1000, 0, 46, true, 157827514, 0
0, 1000, 0, 47, true, 150400225, 0
0, 1000, 0, 48, true, 159108647, 0
0, 1000, 0, 49, true, 148864639, 0
0, 1000, 0, 50, true, 160707075, 0
0, 1000, 0, 51, true, 158740128, 0
0, 1000, 0, 52, true, 164205947, 0
0, 1000, 0, 53, true, 158429286, 0
0, 1000, 0, 54, true, 164165446, 0
0, 1000, 0, 55, true, 157042879, 0
0, 1000, 0, 56, true, 164785071, 0
0, 1000, 0, 57, true, 158093289, 0
0, 1000, 0, 58, true, 163956086, 0
0, 1000, 0, 59, true, 149524175, 0
0, 1000, 0, 60, true, 163814723, 0
0, 1000, 0, 61, true, 149921264, 0
0, 1000, 0, 62, true, 159708366, 0
0, 1000, 0, 63, true, 149291564, 0
0, 1000, 0, 64, true, 159753540, 0
0, 1000, 0, 65, true, 150793886, 0
0, 1000, 0, 66, true, 158606710, 0
0, 1000, 0, 67, true, 164148671, 0
0, 1000, 0, 68, true, 149411859, 0
0, 1000, 0, 69, true, 158882043, 0
0, 1000, 0, 70, true, 151114022, 0
0, 1000, 0, 71, true, 158999563, 0
0, 1000, 0, 72, true, 166152906, 0
0, 1000, 0, 73, true, 149467450, 0
0, 1000, 0, 74, true, 160432436, 0
0, 1000, 0, 75, true, 167087191, 0
0, 1000, 0, 76, true, 150768778, 0
0, 1000, 0, 77, true, 159478922, 0
0, 1000, 0, 78, true, 162166088, 0
0, 1000, 0, 79, true, 150387411, 0
0, 1000, 0, 80, true, 160161075, 0
0, 1000, 0, 81, true, 161307985, 0
0, 1000, 0, 82, true, 150602083, 0
0, 1000, 0, 83, true, 160727630, 0
0, 1000, 0, 84, true, 149122675, 0
0, 1000, 0, 85, true, 149915516, 0
0, 1000, 0, 86, true, 161376682, 0
0, 1000, 0, 87, true, 150053969, 0
0, 1000, 0, 88, true, 149271313, 0
0, 1000, 0, 89, true, 162593153, 0
0, 1000, 0, 90, true, 149920832, 0
0, 1000, 0, 91, true, 157391799, 0
0, 1000, 0, 92, true, 163825274, 0
0, 1000, 0, 93, true, 150229571, 0
0, 1000, 0, 94, true, 158898082, 0
0, 1000, 0, 95, true, 164141763, 0
0, 1000, 0, 96, true, 149616285, 0
0, 1000, 0, 97, true, 158533536, 0
0, 1000, 0, 98, true, 163575623, 0
0, 1000, 0, 99, true, 150062766, 0
0, 1500, 0, 0, true, 340907189, 0
0, 1500, 0, 1, true, 341927528, 0
0, 1500, 0, 2, true, 343061470, 0
0, 1500, 0, 3, true, 332301159, 0
0, 1500, 0, 4, true, 339859737, 0
0, 1500, 0, 5, true, 341166703, 0
0, 1500, 0, 6, true, 342432480, 0
0, 1500, 0, 7, true, 335793443, 0
0, 1500, 0, 8, true, 343457978, 0
0, 1500, 0, 9, true, 341033341, 0
0, 1500, 0, 10, true, 341544663, 0
0, 1500, 0, 11, true, 345709642, 0
0, 1500, 0, 12, true, 352221993, 0
0, 1500, 0, 13, true, 361713731, 0
0, 1500, 0, 14, true, 369165836, 0
0, 1500, 0, 15, true, 374354402, 0
0, 1500, 0, 16, true, 367972628, 0
0, 1500, 0, 17, true, 354042667, 0
0, 1500, 0, 18, true, 344361367, 0
0, 1500, 0, 19, true, 343680846, 0
0, 1500, 0, 20, true, 340733693, 0
0, 1500, 0, 21, true, 342765339, 0
0, 1500, 0, 22, true, 345185555, 0
0, 1500, 0, 23, true, 342268118, 0
0, 1500, 0, 24, true, 341398652, 0
0, 1500, 0, 25, true, 342788739, 0
0, 1500, 0, 26, true, 341061340, 0
0, 1500, 0, 27, true, 334352861, 0
0, 1500, 0, 28, true, 341610350, 0
0, 1500, 0, 29, true, 341419422, 0
0, 1500, 0, 30, true, 341244721, 0
0, 1500, 0, 31, true, 334132332, 0
0, 1500, 0, 32, true, 341214876, 0
0, 1500, 0, 33, true, 341492526, 0
0, 1500, 0, 34, true, 342029368, 0
0, 1500, 0, 35, true, 331473719, 0
0, 1500, 0, 36, true, 344303194, 0
0, 1500, 0, 37, true, 342481483, 0
0, 1500, 0, 38, true, 340394720, 0
0, 1500, 0, 39, true, 341491811, 0
0, 1500, 0, 40, true, 332345084, 0
0, 1500, 0, 41, true, 342787772, 0
0, 1500, 0, 42, true, 340460374, 0
0, 1500, 0, 43, true, 343883414, 0
0, 1500, 0, 44, true, 331899811, 0
0, 1500, 0, 45, true, 340842916, 0
0, 1500, 0, 46, true, 343411110, 0
0, 1500, 0, 47, true, 342345794, 0
0, 1500, 0, 48, true, 331697045, 0
0, 1500, 0, 49, true, 341200942, 0
0, 1500, 0, 50, true, 341698724, 0
0, 1500, 0, 51, true, 340553382, 0
0, 1500, 0, 52, true, 346173787, 0
0, 1500, 0, 53, true, 354108403, 0
0, 1500, 0, 54, true, 362798385, 0
0, 1500, 0, 55, true, 375063863, 0
0, 1500, 0, 56, true, 374975980, 0
0, 1500, 0, 57, true, 363532365, 0
0, 1500, 0, 58, true, 357486093, 0
0, 1500, 0, 59, true, 333047701, 0
0, 1500, 0, 60, true, 341769281, 0
0, 1500, 0, 61, true, 342751288, 0
0, 1500, 0, 62, true, 344972330, 0
0, 1500, 0, 63, true, 347954644, 0
0, 1500, 0, 64, true, 332252853, 0
0, 1500, 0, 65, true, 343315570, 0
0, 1500, 0, 66, true, 342056237, 0
0, 1500, 0, 67, true, 342182694, 0
0, 1500, 0, 68, true, 343054392, 0
0, 1500, 0, 69, true, 332950615, 0
0, 1500, 0, 70, true, 341732578, 0
0, 1500, 0, 71, true, 343565701, 0
0, 1500, 0, 72, true, 342556388, 0
0, 1500, 0, 73, true, 333420601, 0
0, 1500, 0, 74, true, 343162993, 0
0, 1500, 0, 75, true, 343922792, 0
0, 1500, 0, 76, true, 341890315, 0
0, 1500, 0, 77, true, 345935170, 0
0, 1500, 0, 78, true, 351042620, 0
0, 1500, 0, 79, true, 361065552, 0
0, 1500, 0, 80, true, 357184978, 0
0, 1500, 0, 81, true, 373284849, 0
0, 1500, 0, 82, true, 390537474, 0
0, 1500, 0, 83, true, 388455036, 0
0, 1500, 0, 84, true, 375089252, 0
0, 1500, 0, 85, true, 347565928, 0
0, 1500, 0, 86, true, 343791637, 0
0, 1500, 0, 87, true, 343872061, 0
0, 1500, 0, 88, true, 343354339, 0
0, 1500, 0, 89, true, 342157830, 0
0, 1500, 0, 90, true, 343197171, 0
0, 1500, 0, 91, true, 335018354, 0
0, 1500, 0, 92, true, 332590921, 0
0, 1500, 0, 93, true, 350443020, 0
0, 1500, 0, 94, true, 345978629, 0
0, 1500, 0, 95, true, 342977454, 0
0, 1500, 0, 96, true, 343838108, 0
0, 1500, 0, 97, true, 342431506, 0
0, 1500, 0, 98, true, 333081351, 0
0, 1500, 0, 99, true, 343623226, 0
0, 2000, 0, 0, true, 692367183, 0
0, 2000, 0, 1, true, 681687418, 0
0, 2000, 0, 2, true, 675700192, 0
0, 2000, 0, 3, true, 673947266, 0
0, 2000, 0, 4, true, 678359915, 0
0, 2000, 0, 5, true, 675924594, 0
0, 2000, 0, 6, true, 679569113, 0
0, 2000, 0, 7, true, 674460857, 0
0, 2000, 0, 8, true, 680173263, 0
0, 2000, 0, 9, true, 688206898, 0
0, 2000, 0, 10, true, 675250896, 0
0, 2000, 0, 11, true, 676468403, 0
0, 2000, 0, 12, true, 678592371, 0
0, 2000, 0, 13, true, 675739737, 0
0, 2000, 0, 14, true, 676960062, 0
0, 2000, 0, 15, true, 674998337, 0
0, 2000, 0, 16, true, 687319545, 0
0, 2000, 0, 17, true, 676093609, 0
0, 2000, 0, 18, true, 674829888, 0
0, 2000, 0, 19, true, 678034631, 0
0, 2000, 0, 20, true, 673249359, 0
0, 2000, 0, 21, true, 674476407, 0
0, 2000, 0, 22, true, 681998430, 0
0, 2000, 0, 23, true, 699217690, 0
0, 2000, 0, 24, true, 696779574, 0
0, 2000, 0, 25, true, 697556409, 0
0, 2000, 0, 26, true, 681989713, 0
0, 2000, 0, 27, true, 687863147, 0
0, 2000, 0, 28, true, 674870681, 0
0, 2000, 0, 29, true, 695105779, 0
0, 2000, 0, 30, true, 675144516, 0
0, 2000, 0, 31, true, 685704445, 0
0, 2000, 0, 32, true, 676775664, 0
0, 2000, 0, 33, true, 677262896, 0
0, 2000, 0, 34, true, 675693353, 0
0, 2000, 0, 35, true, 677804960, 0
0, 2000, 0, 36, true, 678594383, 0
0, 2000, 0, 37, true, 676648654, 0
0, 2000, 0, 38, true, 679429027, 0
0, 2000, 0, 39, true, 681703389, 0
0, 2000, 0, 40, true, 698040441, 0
0, 2000, 0, 41, true, 690359387, 0
0, 2000, 0, 42, true, 693779697, 0
0, 2000, 0, 43, true, 703128254, 0
0, 2000, 0, 44, true, 708799509, 0
0, 2000, 0, 45, true, 688620883, 0
0, 2000, 0, 46, true, 675717033, 0
0, 2000, 0, 47, true, 675911485, 0
0, 2000, 0, 48, true, 678291576, 0
0, 2000, 0, 49, true, 679037761, 0
0, 2000, 0, 50, true, 676091348, 0
0, 2000, 0, 51, true, 682669003, 0
0, 2000, 0, 52, true, 688377967, 0
0, 2000, 0, 53, true, 677504448, 0
0, 2000, 0, 54, true, 680917526, 0
0, 2000, 0, 55, true, 677481839, 0
0, 2000, 0, 56, true, 675566094, 0
0, 2000, 0, 57, true, 679344118, 0
0, 2000, 0, 58, true, 679971230, 0
0, 2000, 0, 59, true, 677868682, 0
0, 2000, 0, 60, true, 677448915, 0
0, 2000, 0, 61, true, 705070217, 0
0, 2000, 0, 62, true, 702687623, 0
0, 2000, 0, 63, true, 702094356, 0
0, 2000, 0, 64, true, 681553339, 0
0, 2000, 0, 65, true, 676471936, 0
0, 2000, 0, 66, true, 678917883, 0
0, 2000, 0, 67, true, 692557253, 0
0, 2000, 0, 68, true, 678934977, 0
0, 2000, 0, 69, true, 690612623, 0
0, 2000, 0, 70, true, 677099081, 0
0, 2000, 0, 71, true, 676494906, 0
0, 2000, 0, 72, true, 679573586, 0
0, 2000, 0, 73, true, 677947172, 0
0, 2000, 0, 74, true, 678975208, 0
0, 2000, 0, 75, true, 675761510, 0
0, 2000, 0, 76, true, 676998617, 0
0, 2000, 0, 77, true, 680813332, 0
0, 2000, 0, 78, true, 688586656, 0
0, 2000, 0, 79, true, 679696935, 0
0, 2000, 0, 80, true, 677722977, 0
0, 2000, 0, 81, true, 680738691, 0
0, 2000, 0, 82, true, 675888497, 0
0, 2000, 0, 83, true, 677541756, 0
0, 2000, 0, 84, true, 682967943, 0
0, 2000, 0, 85, true, 687800544, 0
0, 2000, 0, 86, true, 679302377, 0
0, 2000, 0, 87, true, 684107128, 0
0, 2000, 0, 88, true, 684172945, 0
0, 2000, 0, 89, true, 683996297, 0
0, 2000, 0, 90, true, 681536041, 0
0, 2000, 0, 91, true, 681630094, 0
0, 2000, 0, 92, true, 699814799, 0
0, 2000, 0, 93, true, 691909353, 0
0, 2000, 0, 94, true, 711471349, 0
0, 2000, 0, 95, true, 710343528, 0
0, 2000, 0, 96, true, 706277166, 0
0, 2000, 0, 97, true, 692087980, 0
0, 2000, 0, 98, true, 689617501, 0
0, 2000, 0, 99, true, 689468360, 0
0, 2500, 0, 0, true, 1216916977, 0
0, 2500, 0, 1, true, 1236623090, 0
0, 2500, 0, 2, true, 1224876092, 0
0, 2500, 0, 3, true, 1238627407, 0
0, 2500, 0, 4, true, 1241142406, 0
0, 2500, 0, 5, true, 1236655114, 0
0, 2500, 0, 6, true, 1226978802, 0
0, 2500, 0, 7, true, 1243422128, 0
0, 2500, 0, 8, true, 1243157730, 0
0, 2500, 0, 9, true, 1233160831, 0
0, 2500, 0, 10, true, 1224735482, 0
0, 2500, 0, 11, true, 1242084128, 0
0, 2500, 0, 12, true, 1240311493, 0
0, 2500, 0, 13, true, 1236216311, 0
0, 2500, 0, 14, true, 1231504638, 0
0, 2500, 0, 15, true, 1244742571, 0
0, 2500, 0, 16, true, 1243024700, 0
0, 2500, 0, 17, true, 1236219011, 0
0, 2500, 0, 18, true, 1231692952, 0
0, 2500, 0, 19, true, 1266882795, 0
0, 2500, 0, 20, true, 1242984455, 0
0, 2500, 0, 21, true, 1246615635, 0
0, 2500, 0, 22, true, 1229372258, 0
0, 2500, 0, 23, true, 1247347545, 0
0, 2500, 0, 24, true, 1257283126, 0
0, 2500, 0, 25, true, 1249463047, 0
0, 2500, 0, 26, true, 1239732643, 0
0, 2500, 0, 27, true, 1255433549, 0
0, 2500, 0, 28, true, 1254205903, 0
0, 2500, 0, 29, true, 1239866095, 0
0, 2500, 0, 30, true, 1239978735, 0
0, 2500, 0, 31, true, 1250511821, 0
0, 2500, 0, 32, true, 1250454930, 0
0, 2500, 0, 33, true, 1247661548, 0
0, 2500, 0, 34, true, 1233857725, 0
0, 2500, 0, 35, true, 1256356369, 0
0, 2500, 0, 36, true, 1257753106, 0
0, 2500, 0, 37, true, 1250312811, 0
0, 2500, 0, 38, true, 1231807394, 0
0, 2500, 0, 39, true, 1253523924, 0
0, 2500, 0, 40, true, 1248305763, 0
0, 2500, 0, 41, true, 1243866935, 0
0, 2500, 0, 42, true, 1283072270, 0
0, 2500, 0, 43, true, 1218078089, 0
0, 2500, 0, 44, true, 1215188515, 0
0, 2500, 0, 45, true, 1213855840, 0
0, 2500, 0, 46, true, 1213241360, 0
0, 2500, 0, 47, true, 1221540274, 0
0, 2500, 0, 48, true, 1227079879, 0
0, 2500, 0, 49, true, 1214969250, 0
0, 2500, 0, 50, true, 1207874345, 0
0, 2500, 0, 51, true, 1220308028, 0
0, 2500, 0, 52, true, 1217238966, 0
0, 2500, 0, 53, true, 1217506045, 0
0, 2500, 0, 54, true, 1220309756, 0
0, 2500, 0, 55, true, 1224803031, 0
0, 2500, 0, 56, true, 1225057211, 0
0, 2500, 0, 57, true, 1216499762, 0
0, 2500, 0, 58, true, 1227422082, 0
0, 2500, 0, 59, true, 1229179463, 0
0, 2500, 0, 60, true, 1224330851, 0
0, 2500, 0, 61, true, 1221593380, 0
0, 2500, 0, 62, true, 1234077898, 0
0, 2500, 0, 63, true, 1223118132, 0
0, 2500, 0, 64, true, 1219882437, 0
0, 2500, 0, 65, true, 1211710789, 0
0, 2500, 0, 66, true, 1237365579, 0
0, 2500, 0, 67, true, 1227172451, 0
0, 2500, 0, 68, true, 1222923803, 0
0, 2500, 0, 69, true, 1222326623, 0
0, 2500, 0, 70, true, 1231579135, 0
0, 2500, 0, 71, true, 1232209024, 0
0, 2500, 0, 72, true, 1223980583, 0
0, 2500, 0, 73, true, 1220809688, 0
0, 2500, 0, 74, true, 1235418555, 0
0, 2500, 0, 75, true, 1227450340, 0
0, 2500, 0, 76, true, 1231581789, 0
0, 2500, 0, 77, true, 1221925457, 0
0, 2500, 0, 78, true, 1238963328, 0
0, 2500, 0, 79, true, 1240025560, 0
0, 2500, 0, 80, true, 1235940501, 0
0, 2500, 0, 81, true, 1223735317, 0
0, 2500, 0, 82, true, 1237539786, 0
0, 2500, 0, 83, true, 1236410388, 0
0, 2500, 0, 84, true, 1226146198, 0
0, 2500, 0, 85, true, 1239154344, 0
0, 2500, 0, 86, true, 1232549181, 0
0, 2500, 0, 87, true, 1234531225, 0
0, 2500, 0, 88, true, 1231696919, 0
0, 2500, 0, 89, true, 1222046205, 0
0, 2500, 0, 90, true, 1242411793, 0
0, 2500, 0, 91, true, 1235451021, 0
0, 2500, 0, 92, true, 1234593871, 0
0, 2500, 0, 93, true, 1222486139, 0
0, 2500, 0, 94, true, 1240007908, 0
0, 2500, 0, 95, true, 1237991462, 0
0, 2500, 0, 96, true, 1240117140, 0
0, 2500, 0, 97, true, 1225683619, 0
0, 2500, 0, 98, true, 1241624890, 0
0, 2500, 0, 99, true, 1239679007, 0
0, 3000, 0, 0, true, 1949843714, 0
0, 3000, 0, 1, true, 1949550493, 0
0, 3000, 0, 2, true, 1935702418, 0
0, 3000, 0, 3, true, 1937126000, 0
0, 3000, 0, 4, true, 1940848280, 0
0, 3000, 0, 5, true, 1941653237, 0
0, 3000, 0, 6, true, 1943566383, 0
0, 3000, 0, 7, true, 1952769139, 0
0, 3000, 0, 8, true, 1944059163, 0
0, 3000, 0, 9, true, 1939840526, 0
0, 3000, 0, 10, true, 1945039627, 0
0, 3000, 0, 11, true, 1955117852, 0
0, 3000, 0, 12, true, 1954022373, 0
0, 3000, 0, 13, true, 1921368898, 0
0, 3000, 0, 14, true, 1912807466, 0
0, 3000, 0, 15, true, 1909066867, 0
0, 3000, 0, 16, true, 1910135208, 0
0, 3000, 0, 17, true, 1913180386, 0
0, 3000, 0, 18, true, 1910952894, 0
0, 3000, 0, 19, true, 1918251114, 0
0, 3000, 0, 20, true, 1915962693, 0
0, 3000, 0, 21, true, 1915373400, 0
0, 3000, 0, 22, true, 1918379860, 0
0, 3000, 0, 23, true, 1917547498, 0
0, 3000, 0, 24, true, 1913400401, 0
0, 3000, 0, 25, true, 1919958422, 0
0, 3000, 0, 26, true, 1918839331, 0
0, 3000, 0, 27, true, 1921304847, 0
0, 3000, 0, 28, true, 1918155066, 0
0, 3000, 0, 29, true, 1917929528, 0
0, 3000, 0, 30, true, 1950333485, 0
0, 3000, 0, 31, true, 1918940877, 0
0, 3000, 0, 32, true, 1922149780, 0
0, 3000, 0, 33, true, 1921384111, 0
0, 3000, 0, 34, true, 1918081293, 0
0, 3000, 0, 35, true, 1927553431, 0
0, 3000, 0, 36, true, 1924957212, 0
0, 3000, 0, 37, true, 1922349744, 0
0, 3000, 0, 38, true, 1927552840, 0
0, 3000, 0, 39, true, 1925336903, 0
0, 3000, 0, 40, true, 1926423479, 0
0, 3000, 0, 41, true, 1928226708, 0
0, 3000, 0, 42, true, 1931679399, 0
0, 3000, 0, 43, true, 1934324592, 0
0, 3000, 0, 44, true, 1927751187, 0
0, 3000, 0, 45, true, 1925465843, 0
0, 3000, 0, 46, true, 1931893307, 0
0, 3000, 0, 47, true, 1926464536, 0
0, 3000, 0, 48, true, 1928208736, 0
0, 3000, 0, 49, true, 1932701599, 0
0, 3000, 0, 50, true, 1928994478, 0
0, 3000, 0, 51, true, 1933068988, 0
0, 3000, 0, 52, true, 1936772414, 0
0, 3000, 0, 53, true, 1945061590, 0
0, 3000, 0, 54, true, 1935544089, 0
0, 3000, 0, 55, true, 1932405198, 0
0, 3000, 0, 56, true, 1937521455, 0
0, 3000, 0, 57, true, 1943673500, 0
0, 3000, 0, 58, true, 1930821799, 0
0, 3000, 0, 59, true, 1934399549, 0
0, 3000, 0, 60, true, 1934866270, 0
0, 3000, 0, 61, true, 1936190322, 0
0, 3000, 0, 62, true, 1936941449, 0
0, 3000, 0, 63, true, 1938489087, 0
0, 3000, 0, 64, true, 1940183119, 0
0, 3000, 0, 65, true, 1940368721, 0
0, 3000, 0, 66, true, 1935813335, 0
0, 3000, 0, 67, true, 1940366880, 0
0, 3000, 0, 68, true, 1950428495, 0
0, 3000, 0, 69, true, 1937676372, 0
0, 3000, 0, 70, true, 1951457428, 0
0, 3000, 0, 71, true, 1946434444, 0
0, 3000, 0, 72, true, 1947332894, 0
0, 3000, 0, 73, true, 1950153784, 0
0, 3000, 0, 74, true, 1948708864, 0
0, 3000, 0, 75, true, 1947506744, 0
0, 3000, 0, 76, true, 1949689888, 0
0, 3000, 0, 77, true, 1948501800, 0
0, 3000, 0, 78, true, 1953756411, 0
0, 3000, 0, 79, true, 1943163908, 0
0, 3000, 0, 80, true, 2009120698, 0
0, 3000, 0, 81, true, 1926074952, 0
0, 3000, 0, 82, true, 1910010396, 0
0, 3000, 0, 83, true, 1916215814, 0
0, 3000, 0, 84, true, 1911278967, 0
0, 3000, 0, 85, true, 1910867070, 0
0, 3000, 0, 86, true, 1916240618, 0
0, 3000, 0, 87, true, 1916854468, 0
0, 3000, 0, 88, true, 1918546672, 0
0, 3000, 0, 89, true, 1912205882, 0
0, 3000, 0, 90, true, 1917791349, 0
0, 3000, 0, 91, true, 1917225479, 0
0, 3000, 0, 92, true, 1915522577, 0
0, 3000, 0, 93, true, 1917137249, 0
0, 3000, 0, 94, true, 1920445414, 0
0, 3000, 0, 95, true, 1918064641, 0
0, 3000, 0, 96, true, 1918615357, 0
0, 3000, 0, 97, true, 1917226756, 0
0, 3000, 0, 98, true, 1920717125, 0
0, 3000, 0, 99, true, 1923489465, 0
0, 3500, 0, 0, true, 2938806985, 0
0, 3500, 0, 1, true, 2944504053, 0
0, 3500, 0, 2, true, 2942239608, 0
0, 3500, 0, 3, true, 2952323812, 0
0, 3500, 0, 4, true, 2950995832, 0
0, 3500, 0, 5, true, 2953452930, 0
0, 3500, 0, 6, true, 2954892904, 0
0, 3500, 0, 7, true, 2962967250, 0
0, 3500, 0, 8, true, 2956392818, 0
0, 3500, 0, 9, true, 2964575341, 0
0, 3500, 0, 10, true, 2968178679, 0
0, 3500, 0, 11, true, 2965915012, 0
0, 3500, 0, 12, true, 2965544036, 0
0, 3500, 0, 13, true, 2969894300, 0
0, 3500, 0, 14, true, 2981143339, 0
0, 3500, 0, 15, true, 2972813413, 0
0, 3500, 0, 16, true, 2985888838, 0
0, 3500, 0, 17, true, 2980445712, 0
0, 3500, 0, 18, true, 2988725738, 0
0, 3500, 0, 19, true, 2979705483, 0
0, 3500, 0, 20, true, 2988817729, 0
0, 3500, 0, 21, true, 2993526610, 0
0, 3500, 0, 22, true, 2995936387, 0
0, 3500, 0, 23, true, 3000947327, 0
0, 3500, 0, 24, true, 2992668054, 0
0, 3500, 0, 25, true, 2995272644, 0
0, 3500, 0, 26, true, 2988287527, 0
0, 3500, 0, 27, true, 2996532884, 0
0, 3500, 0, 28, true, 3015054454, 0
0, 3500, 0, 29, true, 3004497979, 0
0, 3500, 0, 30, true, 3008435818, 0
0, 3500, 0, 31, true, 3010094972, 0
0, 3500, 0, 32, true, 2923320469, 0
0, 3500, 0, 33, true, 2925883578, 0
0, 3500, 0, 34, true, 2922399689, 0
0, 3500, 0, 35, true, 2934092308, 0
0, 3500, 0, 36, true, 2932956323, 0
0, 3500, 0, 37, true, 2936789860, 0
0, 3500, 0, 38, true, 2947865317, 0
0, 3500, 0, 39, true, 2936232760, 0
0, 3500, 0, 40, true, 2946821834, 0
0, 3500, 0, 41, true, 2943748123, 0
0, 3500, 0, 42, true, 2941488198, 0
0, 3500, 0, 43, true, 2942819273, 0
0, 3500, 0, 44, true, 2942902803, 0
0, 3500, 0, 45, true, 2955519511, 0
0, 3500, 0, 46, true, 2956932015, 0
0, 3500, 0, 47, true, 2956756878, 0
0, 3500, 0, 48, true, 2950675436, 0
0, 3500, 0, 49, true, 2968291030, 0
0, 3500, 0, 50, true, 2962895127, 0
0, 3500, 0, 51, true, 2965297580, 0
0, 3500, 0, 52, true, 2961205578, 0
0, 3500, 0, 53, true, 2966543739, 0
0, 3500, 0, 54, true, 2979753380, 0
0, 3500, 0, 55, true, 2979502873, 0
0, 3500, 0, 56, true, 2971849407, 0
0, 3500, 0, 57, true, 2965826813, 0
0, 3500, 0, 58, true, 2982066116, 0
0, 3500, 0, 59, true, 2977510662, 0
0, 3500, 0, 60, true, 2983021270, 0
0, 3500, 0, 61, true, 2986284797, 0
0, 3500, 0, 62, true, 2984376455, 0
0, 3500, 0, 63, true, 2992127878, 0
0, 3500, 0, 64, true, 2994873392, 0
0, 3500, 0, 65, true, 2988667688, 0
0, 3500, 0, 66, true, 3003319734, 0
0, 3500, 0, 67, true, 2994316109, 0
0, 3500, 0, 68, true, 3004918083, 0
0, 3500, 0, 69, true, 3007302719, 0
0, 3500, 0, 70, true, 2998718595, 0
0, 3500, 0, 71, true, 3021570995, 0
0, 3500, 0, 72, true, 3010733769, 0
0, 3500, 0, 73, true, 3012310964, 0
0, 3500, 0, 74, true, 3018769122, 0
0, 3500, 0, 75, true, 3008214786, 0
0, 3500, 0, 76, true, 3018888910, 0
0, 3500, 0, 77, true, 3040937007, 0
0, 3500, 0, 78, true, 2934769156, 0
0, 3500, 0, 79, true, 2930308381, 0
0, 3500, 0, 80, true, 2929298308, 0
0, 3500, 0, 81, true, 2935162424, 0
0, 3500, 0, 82, true, 2934087712, 0
0, 3500, 0, 83, true, 2936537439, 0
0, 3500, 0, 84, true, 2935367973, 0
0, 3500, 0, 85, true, 2949750189, 0
0, 3500, 0, 86, true, 2942969662, 0
0, 3500, 0, 87, true, 2942373266, 0
0, 3500, 0, 88, true, 2946750128, 0
0, 3500, 0, 89, true, 2945343804, 0
0, 3500, 0, 90, true, 2949328440, 0
0, 3500, 0, 91, true, 2949860333, 0
0, 3500, 0, 92, true, 2954305517, 0
0, 3500, 0, 93, true, 2963129407, 0
0, 3500, 0, 94, true, 2960403056, 0
0, 3500, 0, 95, true, 2966361942, 0
0, 3500, 0, 96, true, 2964943015, 0
0, 3500, 0, 97, true, 2969932530, 0
0, 3500, 0, 98, true, 2966348412, 0
0, 3500, 0, 99, true, 2983700460, 0
0, 4000, 0, 0, true, 4306616674, 0
0, 4000, 0, 1, true, 4312191401, 0
0, 4000, 0, 2, true, 4323326682, 0
0, 4000, 0, 3, true, 4320607085, 0
0, 4000, 0, 4, true, 4316781965, 0
0, 4000, 0, 5, true, 4341998930, 0
0, 4000, 0, 6, true, 4331477167, 0
0, 4000, 0, 7, true, 4325965506, 0
0, 4000, 0, 8, true, 4330229807, 0
0, 4000, 0, 9, true, 4355263328, 0
0, 4000, 0, 10, true, 4357717389, 0
0, 4000, 0, 11, true, 4350206462, 0
0, 4000, 0, 12, true, 4346835807, 0
0, 4000, 0, 13, true, 4613727362, 0
0, 4000, 0, 14, true, 4369517402, 0
0, 4000, 0, 15, true, 4373787781, 0
0, 4000, 0, 16, true, 4376427016, 0
0, 4000, 0, 17, true, 4380295585, 0
0, 4000, 0, 18, true, 4304061547, 0
0, 4000, 0, 19, true, 4236994765, 0
0, 4000, 0, 20, true, 4236562083, 0
0, 4000, 0, 21, true, 4237200783, 0
0, 4000, 0, 22, true, 4252878293, 0
0, 4000, 0, 23, true, 4247292729, 0
0, 4000, 0, 24, true, 4256960591, 0
0, 4000, 0, 25, true, 4267447256, 0
0, 4000, 0, 26, true, 4274422539, 0
0, 4000, 0, 27, true, 4272748618, 0
0, 4000, 0, 28, true, 4273028595, 0
0, 4000, 0, 29, true, 4285140474, 0
0, 4000, 0, 30, true, 4289333842, 0
0, 4000, 0, 31, true, 4288950906, 0
0, 4000, 0, 32, true, 4298164732, 0
0, 4000, 0, 33, true, 4289703049, 0
0, 4000, 0, 34, true, 4303014378, 0
0, 4000, 0, 35, true, 4307632298, 0
0, 4000, 0, 36, true, 4307792380, 0
0, 4000, 0, 37, true, 4330147818, 0
0, 4000, 0, 38, true, 4329354576, 0
0, 4000, 0, 39, true, 4330282566, 0
0, 4000, 0, 40, true, 4331367751, 0
0, 4000, 0, 41, true, 4327586676, 0
0, 4000, 0, 42, true, 4346706731, 0
0, 4000, 0, 43, true, 4332095447, 0
0, 4000, 0, 44, true, 4333688584, 0
0, 4000, 0, 45, true, 4348336274, 0
0, 4000, 0, 46, true, 4356900139, 0
0, 4000, 0, 47, true, 4355412544, 0
0, 4000, 0, 48, true, 4354869077, 0
0, 4000, 0, 49, true, 4378845394, 0
0, 4000, 0, 50, true, 4367234586, 0
0, 4000, 0, 51, true, 4379600070, 0
0, 4000, 0, 52, true, 4371113769, 0
0, 4000, 0, 53, true, 4384410157, 0
0, 4000, 0, 54, true, 4242436941, 0
0, 4000, 0, 55, true, 4244974175, 0
0, 4000, 0, 56, true, 4249400797, 0
0, 4000, 0, 57, true, 4254905634, 0
0, 4000, 0, 58, true, 4270354135, 0
0, 4000, 0, 59, true, 4260951894, 0
0, 4000, 0, 60, true, 4260156556, 0
0, 4000, 0, 61, true, 4257323345, 0
0, 4000, 0, 62, true, 4284025974, 0
0, 4000, 0, 63, true, 4285429084, 0
0, 4000, 0, 64, true, 4287007910, 0
0, 4000, 0, 65, true, 4280810336, 0
0, 4000, 0, 66, true, 4299983260, 0
0, 4000, 0, 67, true, 4307002514, 0
0, 4000, 0, 68, true, 4292167063, 0
0, 4000, 0, 69, true, 4305801998, 0
0, 4000, 0, 70, true, 4313997986, 0
0, 4000, 0, 71, true, 4304245298, 0
0, 4000, 0, 72, true, 4310683104, 0
0, 4000, 0, 73, true, 4324254338, 0
0, 4000, 0, 74, true, 4318210723, 0
0, 4000, 0, 75, true, 4330610582, 0
0, 4000, 0, 76, true, 4332756191, 0
0, 4000, 0, 77, true, 4332317486, 0
0, 4000, 0, 78, true, 4347598612, 0
0, 4000, 0, 79, true, 4358604177, 0
0, 4000, 0, 80, true, 4348938341, 0
0, 4000, 0, 81, true, 4356902826, 0
0, 4000, 0, 82, true, 4355608177, 0
0, 4000, 0, 83, true, 4373574463, 0
0, 4000, 0, 84, true, 4385979920, 0
0, 4000, 0, 85, true, 4365287153, 0
0, 4000, 0, 86, true, 4401025939, 0
0, 4000, 0, 87, true, 4390923484, 0
0, 4000, 0, 88, true, 4385376704, 0
0, 4000, 0, 89, true, 4413464835, 0
0, 4000, 0, 90, true, 4241905460, 0
0, 4000, 0, 91, true, 4236753462, 0
0, 4000, 0, 92, true, 4241124772, 0
0, 4000, 0, 93, true, 4243762159, 0
0, 4000, 0, 94, true, 4252449531, 0
0, 4000, 0, 95, true, 4260887568, 0
0, 4000, 0, 96, true, 4267803385, 0
0, 4000, 0, 97, true, 4265859200, 0
0, 4000, 0, 98, true, 4267998299, 0
0, 4000, 0, 99, true, 4284135500, 0
0, 4500, 0, 0, true, 5960971776, 0
0, 4500, 0, 1, true, 5967885720, 0
0, 4500, 0, 2, true, 5967856873, 0
0, 4500, 0, 3, true, 5970063155, 0
0, 4500, 0, 4, true, 5999962609, 0
0, 4500, 0, 5, true, 6002353654, 0
0, 4500, 0, 6, true, 5993089906, 0
0, 4500, 0, 7, true, 6010912700, 0
0, 4500, 0, 8, true, 6011654570, 0
0, 4500, 0, 9, true, 6034466587, 0
0, 4500, 0, 10, true, 6037198243, 0
0, 4500, 0, 11, true, 6059118862, 0
0, 4500, 0, 12, true, 6045976524, 0
0, 4500, 0, 13, true, 6056328958, 0
0, 4500, 0, 14, true, 6076231166, 0
0, 4500, 0, 15, true, 6061760804, 0
0, 4500, 0, 16, true, 6088858436, 0
0, 4500, 0, 17, true, 6073463691, 0
0, 4500, 0, 18, true, 6097329333, 0
0, 4500, 0, 19, true, 6120457443, 0
0, 4500, 0, 20, true, 5894658459, 0
0, 4500, 0, 21, true, 5900779044, 0
0, 4500, 0, 22, true, 5904962820, 0
0, 4500, 0, 23, true, 5930732503, 0
0, 4500, 0, 24, true, 5912036636, 0
0, 4500, 0, 25, true, 5932982684, 0
0, 4500, 0, 26, true, 5941697716, 0
0, 4500, 0, 27, true, 5954274292, 0
0, 4500, 0, 28, true, 5934204239, 0
0, 4500, 0, 29, true, 5964953586, 0
0, 4500, 0, 30, true, 6005483030, 0
0, 4500, 0, 31, true, 5965703360, 0
0, 4500, 0, 32, true, 5975044841, 0
0, 4500, 0, 33, true, 5972167367, 0
0, 4500, 0, 34, true, 5977951895, 0
0, 4500, 0, 35, true, 6003592284, 0
0, 4500, 0, 36, true, 6012487388, 0
0, 4500, 0, 37, true, 6013403127, 0
0, 4500, 0, 38, true, 6019386153, 0
0, 4500, 0, 39, true, 6021778241, 0
0, 4500, 0, 40, true, 6049076285, 0
0, 4500, 0, 41, true, 6019608387, 0
0, 4500, 0, 42, true, 6048154291, 0
0, 4500, 0, 43, true, 6063055532, 0
0, 4500, 0, 44, true, 6063318921, 0
0, 4500, 0, 45, true, 6092998941, 0
0, 4500, 0, 46, true, 6086739311, 0
0, 4500, 0, 47, true, 6103233258, 0
0, 4500, 0, 48, true, 5901907839, 0
0, 4500, 0, 49, true, 5905112146, 0
0, 4500, 0, 50, true, 5908281433, 0
0, 4500, 0, 51, true, 5911921725, 0
0, 4500, 0, 52, true, 5920453143, 0
0, 4500, 0, 53, true, 5929381718, 0
0, 4500, 0, 54, true, 5943832902, 0
0, 4500, 0, 55, true, 5960130219, 0
0, 4500, 0, 56, true, 5955153730, 0
0, 4500, 0, 57, true, 5958372006, 0
0, 4500, 0, 58, true, 5968692604, 0
0, 4500, 0, 59, true, 5988856593, 0
0, 4500, 0, 60, true, 5988317479, 0
0, 4500, 0, 61, true, 6008853487, 0
0, 4500, 0, 62, true, 6002113733, 0
0, 4500, 0, 63, true, 6026332248, 0
0, 4500, 0, 64, true, 6010672218, 0
0, 4500, 0, 65, true, 6031798552, 0
0, 4500, 0, 66, true, 6047697885, 0
0, 4500, 0, 67, true, 6043390469, 0
0, 4500, 0, 68, true, 6051709249, 0
0, 4500, 0, 69, true, 6063577412, 0
0, 4500, 0, 70, true, 6076524491, 0
0, 4500, 0, 71, true, 6066905298, 0
0, 4500, 0, 72, true, 6080501186, 0
0, 4500, 0, 73, true, 6065381597, 0
0, 4500, 0, 74, true, 6092815409, 0
0, 4500, 0, 75, true, 6108055137, 0
0, 4500, 0, 76, true, 5880739766, 0
0, 4500, 0, 77, true, 5915206517, 0
0, 4500, 0, 78, true, 5909393739, 0
0, 4500, 0, 79, true, 5920545950, 0
0, 4500, 0, 80, true, 5928235652, 0
0, 4500, 0, 81, true, 5938125121, 0
0, 4500, 0, 82, true, 5970154814, 0
0, 4500, 0, 83, true, 5963448894, 0
0, 4500, 0, 84, true, 5953709978, 0
0, 4500, 0, 85, true, 5957848491, 0
0, 4500, 0, 86, true, 5967469182, 0
0, 4500, 0, 87, true, 5970498173, 0
0, 4500, 0, 88, true, 5981040901, 0
0, 4500, 0, 89, true, 5986652695, 0
0, 4500, 0, 90, true, 5994694476, 0
0, 4500, 0, 91, true, 5998008898, 0
0, 4500, 0, 92, true, 6011654055, 0
0, 4500, 0, 93, true, 6006677439, 0
0, 4500, 0, 94, true, 6013890861, 0
0, 4500, 0, 95, true, 6026903909, 0
0, 4500, 0, 96, true, 6026174834, 0
0, 4500, 0, 97, true, 6037313236, 0
0, 4500, 0, 98, true, 6028631423, 0
0, 4500, 0, 99, true, 6045057633, 0
0, 5000, 0, 0, true, 8145609275, 0
0, 5000, 0, 1, true, 7947481325, 0
0, 5000, 0, 2, true, 7964954249, 0
0, 5000, 0, 3, true, 7963070344, 0
0, 5000, 0, 4, true, 7957004084, 0
0, 5000, 0, 5, true, 7971305922, 0
0, 5000, 0, 6, true, 7984271928, 0
0, 5000, 0, 7, true, 8015311543, 0
0, 5000, 0, 8, true, 8016565282, 0
0, 5000, 0, 9, true, 8022738571, 0
0, 5000, 0, 10, true, 8043344908, 0
0, 5000, 0, 11, true, 8039534638, 0
0, 5000, 0, 12, true, 8075738764, 0
0, 5000, 0, 13, true, 8073787019, 0
0, 5000, 0, 14, true, 8054431892, 0
0, 5000, 0, 15, true, 8066982298, 0
0, 5000, 0, 16, true, 8082028172, 0
0, 5000, 0, 17, true, 8066201344, 0
0, 5000, 0, 18, true, 8084971217, 0
0, 5000, 0, 19, true, 8100089300, 0
0, 5000, 0, 20, true, 8103122444, 0
0, 5000, 0, 21, true, 7939170323, 0
0, 5000, 0, 22, true, 7941559452, 0
0, 5000, 0, 23, true, 7960908682, 0
0, 5000, 0, 24, true, 7958111407, 0
0, 5000, 0, 25, true, 7987775559, 0
0, 5000, 0, 26, true, 7994932888, 0
0, 5000, 0, 27, true, 7993779122, 0
0, 5000, 0, 28, true, 8011504821, 0
0, 5000, 0, 29, true, 7998121146, 0
0, 5000, 0, 30, true, 8012309292, 0
0, 5000, 0, 31, true, 7989031054, 0
0, 5000, 0, 32, true, 8005168272, 0
0, 5000, 0, 33, true, 8030670170, 0
0, 5000, 0, 34, true, 8039379661, 0
0, 5000, 0, 35, true, 8044227522, 0
0, 5000, 0, 36, true, 8064568781, 0
0, 5000, 0, 37, true, 8065888700, 0
0, 5000, 0, 38, true, 8086543723, 0
0, 5000, 0, 39, true, 8106552178, 0
0, 5000, 0, 40, true, 7932596909, 0
0, 5000, 0, 41, true, 7934961446, 0
0, 5000, 0, 42, true, 7955343029, 0
0, 5000, 0, 43, true, 7961520835, 0
0, 5000, 0, 44, true, 7960277102, 0
0, 5000, 0, 45, true, 7960912414, 0
0, 5000, 0, 46, true, 7957666800, 0
0, 5000, 0, 47, true, 7983747709, 0
0, 5000, 0, 48, true, 7983930586, 0
0, 5000, 0, 49, true, 7994431467, 0
0, 5000, 0, 50, true, 8011793179, 0
0, 5000, 0, 51, true, 8007954226, 0
0, 5000, 0, 52, true, 8003487154, 0
0, 5000, 0, 53, true, 8030588796, 0
0, 5000, 0, 54, true, 8054409766, 0
0, 5000, 0, 55, true, 8060446726, 0
0, 5000, 0, 56, true, 8079102567, 0
0, 5000, 0, 57, true, 8074077481, 0
0, 5000, 0, 58, true, 8059214442, 0
0, 5000, 0, 59, true, 7929159837, 0
0, 5000, 0, 60, true, 7916397208, 0
0, 5000, 0, 61, true, 7926703775, 0
0, 5000, 0, 62, true, 7929505105, 0
0, 5000, 0, 63, true, 7940346727, 0
0, 5000, 0, 64, true, 7946880589, 0
0, 5000, 0, 65, true, 7953323115, 0
0, 5000, 0, 66, true, 7970522145, 0
0, 5000, 0, 67, true, 7991144125, 0
0, 5000, 0, 68, true, 8002865578, 0
0, 5000, 0, 69, true, 7988649472, 0
0, 5000, 0, 70, true, 8023239979, 0
0, 5000, 0, 71, true, 8013124870, 0
0, 5000, 0, 72, true, 8036272737, 0
0, 5000, 0, 73, true, 8057130862, 0
0, 5000, 0, 74, true, 8079102928, 0
0, 5000, 0, 75, true, 8073607896, 0
0, 5000, 0, 76, true, 8118902005, 0
0, 5000, 0, 77, true, 7888956468, 0
0, 5000, 0, 78, true, 7898867954, 0
0, 5000, 0, 79, true, 7906486018, 0
0, 5000, 0, 80, true, 7911212191, 0
0, 5000, 0, 81, true, 7918888154, 0
0, 5000, 0, 82, true, 7941541388, 0
0, 5000, 0, 83, true, 7947564198, 0
0, 5000, 0, 84, true, 7947865783, 0
0, 5000, 0, 85, true, 7974159780, 0
0, 5000, 0, 86, true, 7960202550, 0
0, 5000, 0, 87, true, 8004541558, 0
0, 5000, 0, 88, true, 8005939392, 0
0, 5000, 0, 89, true, 8008492986, 0
0, 5000, 0, 90, true, 8035421310, 0
0, 5000, 0, 91, true, 8052004182, 0
0, 5000, 0, 92, true, 8072039619, 0
0, 5000, 0, 93, true, 8067415036, 0
0, 5000, 0, 94, true, 8089344174, 0
0, 5000, 0, 95, true, 7886801010, 0
0, 5000, 0, 96, true, 7880540326, 0
0, 5000, 0, 97, true, 7892351201, 0
0, 5000, 0, 98, true, 7905298088, 0
0, 5000, 0, 99, true, 7912345118, 0
0, 5500, 0, 0, true, 10435959061, 0
0, 5500, 0, 1, true, 10450464986, 0
0, 5500, 0, 2, true, 10465309037, 0
0, 5500, 0, 3, true, 10478685169, 0
0, 5500, 0, 4, true, 10509344714, 0
0, 5500, 0, 5, true, 10531687764, 0
0, 5500, 0, 6, true, 10542594004, 0
0, 5500, 0, 7, true, 10578479000, 0
0, 5500, 0, 8, true, 10594643300, 0
0, 5500, 0, 9, true, 10631711066, 0
0, 5500, 0, 10, true, 10648227878, 0
0, 5500, 0, 11, true, 10333196464, 0
0, 5500, 0, 12, true, 10348948910, 0
0, 5500, 0, 13, true, 10366585624, 0
0, 5500, 0, 14, true, 10405420637, 0
0, 5500, 0, 15, true, 10425915187, 0
0, 5500, 0, 16, true, 10425020375, 0
0, 5500, 0, 17, true, 10459990052, 0
0, 5500, 0, 18, true, 10478409418, 0
0, 5500, 0, 19, true, 10497437500, 0
0, 5500, 0, 20, true, 10530229823, 0
0, 5500, 0, 21, true, 10535910334, 0
0, 5500, 0, 22, true, 10556768070, 0
0, 5500, 0, 23, true, 10566175030, 0
0, 5500, 0, 24, true, 10605534995, 0
0, 5500, 0, 25, true, 10597575879, 0
0, 5500, 0, 26, true, 10565206217, 0
0, 5500, 0, 27, true, 10363926499, 0
0, 5500, 0, 28, true, 10383883483, 0
0, 5500, 0, 29, true, 10399602377, 0
0, 5500, 0, 30, true, 10410844662, 0
0, 5500, 0, 31, true, 10445225413, 0
0, 5500, 0, 32, true, 10457054478, 0
0, 5500, 0, 33, true, 10479748314, 0
0, 5500, 0, 34, true, 10496848491, 0
0, 5500, 0, 35, true, 10503461713, 0
0, 5500, 0, 36, true, 10530948326, 0
0, 5500, 0, 37, true, 10541956034, 0
0, 5500, 0, 38, true, 10559896281, 0
0, 5500, 0, 39, true, 10599155023, 0
0, 5500, 0, 40, true, 10596090112, 0
0, 5500, 0, 41, true, 10592252146, 0
0, 5500, 0, 42, true, 10348026995, 0
0, 5500, 0, 43, true, 10361274477, 0
0, 5500, 0, 44, true, 10394632400, 0
0, 5500, 0, 45, true, 10392328460, 0
0, 5500, 0, 46, true, 10406227944, 0
0, 5500, 0, 47, true, 10449100725, 0
0, 5500, 0, 48, true, 10453576772, 0
0, 5500, 0, 49, true, 10467159815, 0
0, 5500, 0, 50, true, 10505567394, 0
0, 5500, 0, 51, true, 10517403715, 0
0, 5500, 0, 52, true, 10530792868, 0
0, 5500, 0, 53, true, 10554013358, 0
0, 5500, 0, 54, true, 10575536948, 0
0, 5500, 0, 55, true, 10580855098, 0
0, 5500, 0, 56, true, 10608781509, 0
0, 5500, 0, 57, true, 10429512180, 0
0, 5500, 0, 58, true, 10348850489, 0
0, 5500, 0, 59, true, 10391706334, 0
0, 5500, 0, 60, true, 10396673384, 0
0, 5500, 0, 61, true, 10429391990, 0
0, 5500, 0, 62, true, 10440737108, 0
0, 5500, 0, 63, true, 10457936228, 0
0, 5500, 0, 64, true, 10476715327, 0
0, 5500, 0, 65, true, 10509660247, 0
0, 5500, 0, 66, true, 10516538217, 0
0, 5500, 0, 67, true, 10514259751, 0
0, 5500, 0, 68, true, 10539172370, 0
0, 5500, 0, 69, true, 10556473151, 0
0, 5500, 0, 70, true, 10556972375, 0
0, 5500, 0, 71, true, 10593832666, 0
0, 5500, 0, 72, true, 10644794524, 0
0, 5500, 0, 73, true, 10351167181, 0
0, 5500, 0, 74, true, 10356595342, 0
0, 5500, 0, 75, true, 10393595115, 0
0, 5500, 0, 76, true, 10409558160, 0
0, 5500, 0, 77, true, 10433860274, 0
0, 5500, 0, 78, true, 10457301393, 0
0, 5500, 0, 79, true, 10480105585, 0
0, 5500, 0, 80, true, 10483025170, 0
0, 5500, 0, 81, true, 10482368843, 0
0, 5500, 0, 82, true, 10514550047, 0
0, 5500, 0, 83, true, 10530014296, 0
0, 5500, 0, 84, true, 10556709311, 0
0, 5500, 0, 85, true, 10580661531, 0
0, 5500, 0, 86, true, 10593567255, 0
0, 5500, 0, 87, true, 10614644628, 0
0, 5500, 0, 88, true, 10444234740, 0
0, 5500, 0, 89, true, 10367142118, 0
0, 5500, 0, 90, true, 10367730851, 0
0, 5500, 0, 91, true, 10388938363, 0
0, 5500, 0, 92, true, 10412103805, 0
0, 5500, 0, 93, true, 10448424309, 0
0, 5500, 0, 94, true, 10447074499, 0
0, 5500, 0, 95, true, 10463723156, 0
0, 5500, 0, 96, true, 10505600236, 0
0, 5500, 0, 97, true, 10510250856, 0
0, 5500, 0, 98, true, 10519866129, 0
0, 5500, 0, 99, true, 10563169891, 0
0, 6000, 0, 0, true, 13574483470, 0
0, 6000, 0, 1, true, 13645500775, 0
0, 6000, 0, 2, true, 13649708759, 0
0, 6000, 0, 3, true, 13370305251, 0
0, 6000, 0, 4, true, 13311999858, 0
0, 6000, 0, 5, true, 13357830905, 0
0, 6000, 0, 6, true, 13378573615, 0
0, 6000, 0, 7, true, 13406601390, 0
0, 6000, 0, 8, true, 13425158564, 0
0, 6000, 0, 9, true, 13460802458, 0
0, 6000, 0, 10, true, 13494364911, 0
0, 6000, 0, 11, true, 13534601423, 0
0, 6000, 0, 12, true, 13534699237, 0
0, 6000, 0, 13, true, 13601338350, 0
0, 6000, 0, 14, true, 13603595118, 0
0, 6000, 0, 15, true, 13644971106, 0
0, 6000, 0, 16, true, 13667029219, 0
0, 6000, 0, 17, true, 13321961147, 0
0, 6000, 0, 18, true, 13328950011, 0
0, 6000, 0, 19, true, 13369303634, 0
0, 6000, 0, 20, true, 13385473743, 0
0, 6000, 0, 21, true, 13417304005, 0
0, 6000, 0, 22, true, 13435425500, 0
0, 6000, 0, 23, true, 13443724305, 0
0, 6000, 0, 24, true, 13495429448, 0
0, 6000, 0, 25, true, 13532223469, 0
0, 6000, 0, 26, true, 13548087389, 0
0, 6000, 0, 27, true, 13612595711, 0
0, 6000, 0, 28, true, 13622303966, 0
0, 6000, 0, 29, true, 13677320597, 0
0, 6000, 0, 30, true, 13455646241, 0
0, 6000, 0, 31, true, 13320528661, 0
0, 6000, 0, 32, true, 13353615095, 0
0, 6000, 0, 33, true, 13384513107, 0
0, 6000, 0, 34, true, 13400105521, 0
0, 6000, 0, 35, true, 13410594583, 0
0, 6000, 0, 36, true, 13462107180, 0
0, 6000, 0, 37, true, 13484581287, 0
0, 6000, 0, 38, true, 13496511903, 0
0, 6000, 0, 39, true, 13541674075, 0
0, 6000, 0, 40, true, 13583616078, 0
0, 6000, 0, 41, true, 13611773957, 0
0, 6000, 0, 42, true, 13633904990, 0
0, 6000, 0, 43, true, 13683475340, 0
0, 6000, 0, 44, true, 13314990278, 0
0, 6000, 0, 45, true, 13337217914, 0
0, 6000, 0, 46, true, 13355010794, 0
0, 6000, 0, 47, true, 13361694235, 0
0, 6000, 0, 48, true, 13410630208, 0
0, 6000, 0, 49, true, 13438950500, 0
0, 6000, 0, 50, true, 13440069974, 0
0, 6000, 0, 51, true, 13500317845, 0
0, 6000, 0, 52, true, 13505849343, 0
0, 6000, 0, 53, true, 13558736943, 0
0, 6000, 0, 54, true, 13572690832, 0
0, 6000, 0, 55, true, 13764936949, 0
0, 6000, 0, 56, true, 13649829763, 0
0, 6000, 0, 57, true, 13546751149, 0
0, 6000, 0, 58, true, 13318957956, 0
0, 6000, 0, 59, true, 13328554767, 0
0, 6000, 0, 60, true, 13366491334, 0
0, 6000, 0, 61, true, 13397067788, 0
0, 6000, 0, 62, true, 13422532977, 0
0, 6000, 0, 63, true, 13457516524, 0
0, 6000, 0, 64, true, 13478181808, 0
0, 6000, 0, 65, true, 13534652864, 0
0, 6000, 0, 66, true, 13530438480, 0
0, 6000, 0, 67, true, 13568341703, 0
0, 6000, 0, 68, true, 13618437050, 0
0, 6000, 0, 69, true, 13642684519, 0
0, 6000, 0, 70, true, 13708925994, 0
0, 6000, 0, 71, true, 13321267987, 0
0, 6000, 0, 72, true, 13325761260, 0
0, 6000, 0, 73, true, 13341158700, 0
0, 6000, 0, 74, true, 13389771279, 0
0, 6000, 0, 75, true, 13421113173, 0
0, 6000, 0, 76, true, 13459304528, 0
0, 6000, 0, 77, true, 13486435009, 0
0, 6000, 0, 78, true, 13517681244, 0
0, 6000, 0, 79, true, 13533383765, 0
0, 6000, 0, 80, true, 13566611449, 0
0, 6000, 0, 81, true, 13587242934, 0
0, 6000, 0, 82, true, 13597912659, 0
0, 6000, 0, 83, true, 13634956583, 0
0, 6000, 0, 84, true, 13673860874, 0
0, 6000, 0, 85, true, 13321686708, 0
0, 6000, 0, 86, true, 13347041501, 0
0, 6000, 0, 87, true, 13390210533, 0
0, 6000, 0, 88, true, 13412631883, 0
0, 6000, 0, 89, true, 13438694756, 0
0, 6000, 0, 90, true, 13457488525, 0
0, 6000, 0, 91, true, 13481117098, 0
0, 6000, 0, 92, true, 13499551607, 0
0, 6000, 0, 93, true, 13520652015, 0
0, 6000, 0, 94, true, 13591435237, 0
0, 6000, 0, 95, true, 13643918824, 0
0, 6000, 0, 96, true, 13648995524, 0
0, 6000, 0, 97, true, 13665640830, 0
0, 6000, 0, 98, true, 13327715086, 0
0, 6000, 0, 99, true, 13321564692, 0
0, 6500, 0, 0, true, 16809791498, 0
0, 6500, 0, 1, true, 16871208268, 0
0, 6500, 0, 2, true, 16910753435, 0
0, 6500, 0, 3, true, 16974173172, 0
0, 6500, 0, 4, true, 16972261019, 0
0, 6500, 0, 5, true, 17017485322, 0
0, 6500, 0, 6, true, 17083491803, 0
0, 6500, 0, 7, true, 17115170393, 0
0, 6500, 0, 8, true, 17169191831, 0
0, 6500, 0, 9, true, 17194005927, 0
0, 6500, 0, 10, true, 16886750590, 0
0, 6500, 0, 11, true, 16820624598, 0
0, 6500, 0, 12, true, 16834603523, 0
0, 6500, 0, 13, true, 16882206603, 0
0, 6500, 0, 14, true, 16927433120, 0
0, 6500, 0, 15, true, 16953450223, 0
0, 6500, 0, 16, true, 17019739259, 0
0, 6500, 0, 17, true, 17040715992, 0
0, 6500, 0, 18, true, 17063807747, 0
0, 6500, 0, 19, true, 17118310263, 0
0, 6500, 0, 20, true, 17186720649, 0
0, 6500, 0, 21, true, 17200258619, 0
0, 6500, 0, 22, true, 16904047754, 0
0, 6500, 0, 23, true, 16796990422, 0
0, 6500, 0, 24, true, 16832810745, 0
0, 6500, 0, 25, true, 16894623235, 0
0, 6500, 0, 26, true, 16943177183, 0
0, 6500, 0, 27, true, 16949453867, 0
0, 6500, 0, 28, true, 16989543938, 0
0, 6500, 0, 29, true, 17004384552, 0
0, 6500, 0, 30, true, 17085250174, 0
0, 6500, 0, 31, true, 17095884977, 0
0, 6500, 0, 32, true, 17168738708, 0
0, 6500, 0, 33, true, 17187034519, 0
0, 6500, 0, 34, true, 16812969845, 0
0, 6500, 0, 35, true, 16814244002, 0
0, 6500, 0, 36, true, 16838631108, 0
0, 6500, 0, 37, true, 16882337466, 0
0, 6500, 0, 38, true, 16920756253, 0
0, 6500, 0, 39, true, 16976681354, 0
0, 6500, 0, 40, true, 16992942459, 0
0, 6500, 0, 41, true, 17044286394, 0
0, 6500, 0, 42, true, 17078535939, 0
0, 6500, 0, 43, true, 17106077658, 0
0, 6500, 0, 44, true, 17151759172, 0
0, 6500, 0, 45, true, 17209704625, 0
0, 6500, 0, 46, true, 16790307198, 0
0, 6500, 0, 47, true, 16806555543, 0
0, 6500, 0, 48, true, 16859602855, 0
0, 6500, 0, 49, true, 16895410478, 0
0, 6500, 0, 50, true, 16937308981, 0
0, 6500, 0, 51, true, 16957309039, 0
0, 6500, 0, 52, true, 17002773455, 0
0, 6500, 0, 53, true, 17037793755, 0
0, 6500, 0, 54, true, 17101100123, 0
0, 6500, 0, 55, true, 17107363509, 0
0, 6500, 0, 56, true, 17148794751, 0
0, 6500, 0, 57, true, 17191885707, 0
0, 6500, 0, 58, true, 16802872977, 0
0, 6500, 0, 59, true, 16818793138, 0
0, 6500, 0, 60, true, 16857881427, 0
0, 6500, 0, 61, true, 16902447409, 0
0, 6500, 0, 62, true, 16937801833, 0
0, 6500, 0, 63, true, 16973231725, 0
0, 6500, 0, 64, true, 17014610513, 0
0, 6500, 0, 65, true, 17050424717, 0
0, 6500, 0, 66, true, 17100058328, 0
0, 6500, 0, 67, true, 17125909245, 0
0, 6500, 0, 68, true, 17180118189, 0
0, 6500, 0, 69, true, 17232748811, 0
0, 6500, 0, 70, true, 16827369596, 0
0, 6500, 0, 71, true, 16813878012, 0
0, 6500, 0, 72, true, 16872929404, 0
0, 6500, 0, 73, true, 16901022629, 0
0, 6500, 0, 74, true, 16936671982, 0
0, 6500, 0, 75, true, 17009059581, 0
0, 6500, 0, 76, true, 17022530672, 0
0, 6500, 0, 77, true, 17066583567, 0
0, 6500, 0, 78, true, 17090812972, 0
0, 6500, 0, 79, true, 17157923171, 0
0, 6500, 0, 80, true, 17179509383, 0
0, 6500, 0, 81, true, 17226735640, 0
0, 6500, 0, 82, true, 16789112374, 0
0, 6500, 0, 83, true, 16822562494, 0
0, 6500, 0, 84, true, 16882942875, 0
0, 6500, 0, 85, true, 16904780104, 0
0, 6500, 0, 86, true, 16954824826, 0
0, 6500, 0, 87, true, 16982956566, 0
0, 6500, 0, 88, true, 17031328862, 0
0, 6500, 0, 89, true, 17075370560, 0
0, 6500, 0, 90, true, 17090531226, 0
0, 6500, 0, 91, true, 17131918911, 0
0, 6500, 0, 92, true, 17200535970, 0
0, 6500, 0, 93, true, 17236577399, 0
0, 6500, 0, 94, true, 16821059450, 0
0, 6500, 0, 95, true, 16815823003, 0
0, 6500, 0, 96, true, 16857686422, 0
0, 6500, 0, 97, true, 16910767311, 0
0, 6500, 0, 98, true, 16942256401, 0
0, 6500, 0, 99, true, 17010805670, 0
0, 7000, 0, 0, true, 21127778768, 0
0, 7000, 0, 1, true, 21184274017, 0
0, 7000, 0, 2, true, 21229089044, 0
0, 7000, 0, 3, true, 21267376112, 0
0, 7000, 0, 4, true, 21346278301, 0
0, 7000, 0, 5, true, 20855858272, 0
0, 7000, 0, 6, true, 20911584317, 0
0, 7000, 0, 7, true, 20946958539, 0
0, 7000, 0, 8, true, 21002895273, 0
0, 7000, 0, 9, true, 21047734452, 0
0, 7000, 0, 10, true, 21097365064, 0
0, 7000, 0, 11, true, 21160345601, 0
0, 7000, 0, 12, true, 21254623134, 0
0, 7000, 0, 13, true, 21290615871, 0
0, 7000, 0, 14, true, 21343279531, 0
0, 7000, 0, 15, true, 21350048618, 0
0, 7000, 0, 16, true, 20873089123, 0
0, 7000, 0, 17, true, 20902950648, 0
0, 7000, 0, 18, true, 20985784678, 0
0, 7000, 0, 19, true, 21039532419, 0
0, 7000, 0, 20, true, 21093729068, 0
0, 7000, 0, 21, true, 21141697198, 0
0, 7000, 0, 22, true, 21190688468, 0
0, 7000, 0, 23, true, 21267079601, 0
0, 7000, 0, 24, true, 21328159911, 0
0, 7000, 0, 25, true, 21385347219, 0
0, 7000, 0, 26, true, 20966711997, 0
0, 7000, 0, 27, true, 20855329183, 0
0, 7000, 0, 28, true, 20919305425, 0
0, 7000, 0, 29, true, 20973556985, 0
0, 7000, 0, 30, true, 21025494119, 0
0, 7000, 0, 31, true, 21105384784, 0
0, 7000, 0, 32, true, 21160841099, 0
0, 7000, 0, 33, true, 21216925460, 0
0, 7000, 0, 34, true, 21273066226, 0
0, 7000, 0, 35, true, 21317707359, 0
0, 7000, 0, 36, true, 21381576511, 0
0, 7000, 0, 37, true, 20866458481, 0
0, 7000, 0, 38, true, 20899771274, 0
0, 7000, 0, 39, true, 20946120553, 0
0, 7000, 0, 40, true, 21040819911, 0
0, 7000, 0, 41, true, 21082593629, 0
0, 7000, 0, 42, true, 21133416878, 0
0, 7000, 0, 43, true, 21198641974, 0
0, 7000, 0, 44, true, 21252928526, 0
0, 7000, 0, 45, true, 21302368623, 0
0, 7000, 0, 46, true, 21469843761, 0
0, 7000, 0, 47, true, 21006507561, 0
0, 7000, 0, 48, true, 20908858460, 0
0, 7000, 0, 49, true, 20924843978, 0
0, 7000, 0, 50, true, 20971188088, 0
0, 7000, 0, 51, true, 21026476831, 0
0, 7000, 0, 52, true, 21102463100, 0
0, 7000, 0, 53, true, 21137886404, 0
0, 7000, 0, 54, true, 21181685233, 0
0, 7000, 0, 55, true, 21260125848, 0
0, 7000, 0, 56, true, 21305817041, 0
0, 7000, 0, 57, true, 21367800750, 0
0, 7000, 0, 58, true, 20860736523, 0
0, 7000, 0, 59, true, 20895961669, 0
0, 7000, 0, 60, true, 20948354695, 0
0, 7000, 0, 61, true, 21157357559, 0
0, 7000, 0, 62, true, 21025594438, 0
0, 7000, 0, 63, true, 21093559217, 0
0, 7000, 0, 64, true, 21177257169, 0
0, 7000, 0, 65, true, 21208598520, 0
0, 7000, 0, 66, true, 21287826665, 0
0, 7000, 0, 67, true, 21330669671, 0
0, 7000, 0, 68, true, 21175235312, 0
0, 7000, 0, 69, true, 20864532603, 0
0, 7000, 0, 70, true, 20902897482, 0
0, 7000, 0, 71, true, 20975958796, 0
0, 7000, 0, 72, true, 21055122339, 0
0, 7000, 0, 73, true, 21085264516, 0
0, 7000, 0, 74, true, 21145627281, 0
0, 7000, 0, 75, true, 21191506131, 0
0, 7000, 0, 76, true, 21257572194, 0
0, 7000, 0, 77, true, 21365745346, 0
0, 7000, 0, 78, true, 21381440479, 0
0, 7000, 0, 79, true, 20861381644, 0
0, 7000, 0, 80, true, 20875985321, 0
0, 7000, 0, 81, true, 20934104370, 0
0, 7000, 0, 82, true, 21014010758, 0
0, 7000, 0, 83, true, 21057128654, 0
0, 7000, 0, 84, true, 21122660890, 0
0, 7000, 0, 85, true, 21158740967, 0
0, 7000, 0, 86, true, 21205965865, 0
0, 7000, 0, 87, true, 21237303741, 0
0, 7000, 0, 88, true, 21333906768, 0
0, 7000, 0, 89, true, 21254698053, 0
0, 7000, 0, 90, true, 20845818283, 0
0, 7000, 0, 91, true, 20882228928, 0
0, 7000, 0, 92, true, 20967944027, 0
0, 7000, 0, 93, true, 21003856687, 0
0, 7000, 0, 94, true, 21031959717, 0
0, 7000, 0, 95, true, 21104688208, 0
0, 7000, 0, 96, true, 21181705768, 0
0, 7000, 0, 97, true, 21221010319, 0
0, 7000, 0, 98, true, 21270831986, 0
0, 7000, 0, 99, true, 21354594213, 0
0, 7500, 0, 0, true, 25487626821, 0
0, 7500, 0, 1, true, 25494550831, 0
0, 7500, 0, 2, true, 25592403501, 0
0, 7500, 0, 3, true, 25654173514, 0
0, 7500, 0, 4, true, 25751761770, 0
0, 7500, 0, 5, true, 25828905425, 0
0, 7500, 0, 6, true, 25909857391, 0
0, 7500, 0, 7, true, 25992979305, 0
0, 7500, 0, 8, true, 26057362133, 0
0, 7500, 0, 9, true, 25961298150, 0
0, 7500, 0, 10, true, 25497660602, 0
0, 7500, 0, 11, true, 25554583872, 0
0, 7500, 0, 12, true, 25645655702, 0
0, 7500, 0, 13, true, 25678317951, 0
0, 7500, 0, 14, true, 25783660036, 0
0, 7500, 0, 15, true, 25892790714, 0
0, 7500, 0, 16, true, 25906369605, 0
0, 7500, 0, 17, true, 26027865248, 0
0, 7500, 0, 18, true, 26151334516, 0
0, 7500, 0, 19, true, 25482025662, 0
0, 7500, 0, 20, true, 25543580135, 0
0, 7500, 0, 21, true, 25623067055, 0
0, 7500, 0, 22, true, 25701200258, 0
0, 7500, 0, 23, true, 25768789588, 0
0, 7500, 0, 24, true, 25836634569, 0
0, 7500, 0, 25, true, 25921312469, 0
0, 7500, 0, 26, true, 26004180115, 0
0, 7500, 0, 27, true, 26066552532, 0
0, 7500, 0, 28, true, 25701539692, 0
0, 7500, 0, 29, true, 25496428298, 0
0, 7500, 0, 30, true, 25594240388, 0
0, 7500, 0, 31, true, 25836401326, 0
0, 7500, 0, 32, true, 25759149987, 0
0, 7500, 0, 33, true, 25846333820, 0
0, 7500, 0, 34, true, 25906365300, 0
0, 7500, 0, 35, true, 25995027161, 0
0, 7500, 0, 36, true, 26090546673, 0
0, 7500, 0, 37, true, 26171371809, 0
0, 7500, 0, 38, true, 25484740803, 0
0, 7500, 0, 39, true, 25551729590, 0
0, 7500, 0, 40, true, 25616835999, 0
0, 7500, 0, 41, true, 25710798436, 0
0, 7500, 0, 42, true, 25805530407, 0
0, 7500, 0, 43, true, 25846917165, 0
0, 7500, 0, 44, true, 25930546977, 0
0, 7500, 0, 45, true, 26047598639, 0
0, 7500, 0, 46, true, 26127215273, 0
0, 7500, 0, 47, true, 25564057781, 0
0, 7500, 0, 48, true, 25490095997, 0
0, 7500, 0, 49, true, 25571015971, 0
0, 7500, 0, 50, true, 25657373588, 0
0, 7500, 0, 51, true, 25746996554, 0
0, 7500, 0, 52, true, 25823714892, 0
0, 7500, 0, 53, true, 25919972587, 0
0, 7500, 0, 54, true, 25966650310, 0
0, 7500, 0, 55, true, 26066561136, 0
0, 7500, 0, 56, true, 26110171372, 0
0, 7500, 0, 57, true, 25475986600, 0
0, 7500, 0, 58, true, 25540843545, 0
0, 7500, 0, 59, true, 25623300200, 0
0, 7500, 0, 60, true, 25684101243, 0
0, 7500, 0, 61, true, 25746567711, 0
0, 7500, 0, 62, true, 25849392557, 0
0, 7500, 0, 63, true, 25908608433, 0
0, 7500, 0, 64, true, 25971359874, 0
0, 7500, 0, 65, true, 26103681862, 0
0, 7500, 0, 66, true, 25613286907, 0
0, 7500, 0, 67, true, 25533627218, 0
0, 7500, 0, 68, true, 25596850159, 0
0, 7500, 0, 69, true, 25677495268, 0
0, 7500, 0, 70, true, 25732848833, 0
0, 7500, 0, 71, true, 26041167474, 0
0, 7500, 0, 72, true, 26083169722, 0
0, 7500, 0, 73, true, 26060362441, 0
0, 7500, 0, 74, true, 26113757764, 0
0, 7500, 0, 75, true, 26181837223, 0
0, 7500, 0, 76, true, 25473650500, 0
0, 7500, 0, 77, true, 25507265050, 0
0, 7500, 0, 78, true, 25581088279, 0
0, 7500, 0, 79, true, 25687854914, 0
0, 7500, 0, 80, true, 25764028526, 0
0, 7500, 0, 81, true, 25848336929, 0
0, 7500, 0, 82, true, 25925873719, 0
0, 7500, 0, 83, true, 25998950514, 0
0, 7500, 0, 84, true, 26108339658, 0
0, 7500, 0, 85, true, 25557305838, 0
0, 7500, 0, 86, true, 25515279779, 0
0, 7500, 0, 87, true, 25571184269, 0
0, 7500, 0, 88, true, 25666657113, 0
0, 7500, 0, 89, true, 25746512852, 0
0, 7500, 0, 90, true, 25823788008, 0
0, 7500, 0, 91, true, 25945846804, 0
0, 7500, 0, 92, true, 25991269710, 0
0, 7500, 0, 93, true, 26068032932, 0
0, 7500, 0, 94, true, 26161292260, 0
0, 7500, 0, 95, true, 25469577867, 0
0, 7500, 0, 96, true, 25520468699, 0
0, 7500, 0, 97, true, 25630851528, 0
0, 7500, 0, 98, true, 25654439503, 0
0, 7500, 0, 99, true, 25760475596, 0
0, 8000, 0, 0, false, 31219369923, 0
0, 8000, 0, 1, false, 31382659728, 0
0, 8000, 0, 2, false, 31494458839, 0
0, 8000, 0, 3, false, 31592913823, 0
0, 8000, 0, 4, false, 30739525576, 0
0, 8000, 0, 5, false, 30832677078, 0
0, 8000, 0, 6, false, 31020071272, 0
0, 8000, 0, 7, false, 31073882442, 0
0, 8000, 0, 8, false, 31146302284, 0
0, 8000, 0, 9, false, 31281810509, 0
0, 8000, 0, 10, false, 31404076789, 0
0, 8000, 0, 11, false, 31499382403, 0
0, 8000, 0, 12, false, 30860937921, 0
0, 8000, 0, 13, false, 30804906688, 0
0, 8000, 0, 14, false, 30911879647, 0
0, 8000, 0, 15, false, 30999629922, 0
0, 8000, 0, 16, false, 31115634820, 0
0, 8000, 0, 17, false, 31267193361, 0
0, 8000, 0, 18, false, 31359322966, 0
0, 8000, 0, 19, false, 31441361755, 0
0, 8000, 0, 20, false, 31580977687, 0
0, 8000, 0, 21, false, 30780846606, 0
0, 8000, 0, 22, false, 30848097942, 0
0, 8000, 0, 23, false, 30951130914, 0
0, 8000, 0, 24, false, 31042363377, 0
0, 8000, 0, 25, false, 31200533776, 0
0, 8000, 0, 26, false, 31278550983, 0
0, 8000, 0, 27, false, 31379713897, 0
0, 8000, 0, 28, false, 31530818193, 0
0, 8000, 0, 29, false, 30825520480, 0
0, 8000, 0, 30, false, 30765473710, 0
0, 8000, 0, 31, false, 30882489123, 0
0, 8000, 0, 32, false, 31001973399, 0
0, 8000, 0, 33, false, 31109045417, 0
0, 8000, 0, 34, false, 31244050810, 0
0, 8000, 0, 35, false, 31310802491, 0
0, 8000, 0, 36, false, 31436055211, 0
0, 8000, 0, 37, false, 31549111991, 0
0, 8000, 0, 38, false, 30783391427, 0
0, 8000, 0, 39, false, 30844660182, 0
0, 8000, 0, 40, false, 30957179299, 0
0, 8000, 0, 41, false, 31080340445, 0
0, 8000, 0, 42, false, 31173583177, 0
0, 8000, 0, 43, false, 31264867781, 0
0, 8000, 0, 44, false, 31364314291, 0
0, 8000, 0, 45, false, 31489279922, 0
0, 8000, 0, 46, false, 30805800224, 0
0, 8000, 0, 47, false, 30795058949, 0
0, 8000, 0, 48, false, 30921982531, 0
0, 8000, 0, 49, false, 31014112170, 0
0, 8000, 0, 50, false, 31145954415, 0
0, 8000, 0, 51, false, 31258675720, 0
0, 8000, 0, 52, false, 31386760189, 0
0, 8000, 0, 53, false, 31475818152, 0
0, 8000, 0, 54, false, 31574896238, 0
0, 8000, 0, 55, false, 30786767152, 0
0, 8000, 0, 56, false, 30867180404, 0
0, 8000, 0, 57, false, 30976370545, 0
0, 8000, 0, 58, false, 31068824459, 0
0, 8000, 0, 59, false, 31177722600, 0
0, 8000, 0, 60, false, 31292195327, 0
0, 8000, 0, 61, false, 31374775349, 0
0, 8000, 0, 62, false, 31503582728, 0
0, 8000, 0, 63, false, 30852260076, 0
0, 8000, 0, 64, false, 30804872640, 0
0, 8000, 0, 65, false, 30912302299, 0
0, 8000, 0, 66, false, 30995408950, 0
0, 8000, 0, 67, false, 31108885346, 0
0, 8000, 0, 68, false, 31219880743, 0
0, 8000, 0, 69, false, 31347105127, 0
0, 8000, 0, 70, false, 31422249402, 0
0, 8000, 0, 71, false, 31526381756, 0
0, 8000, 0, 72, false, 30764326425, 0
0, 8000, 0, 73, false, 30868857431, 0
0, 8000, 0, 74, false, 30953535110, 0
0, 8000, 0, 75, false, 31079840481, 0
0, 8000, 0, 76, false, 31191772095, 0
0, 8000, 0, 77, false, 31275251666, 0
0, 8000, 0, 78, false, 31407637205, 0
0, 8000, 0, 79, false, 31544669292, 0
0, 8000, 0, 80, false, 30878668805, 0
0, 8000, 0, 81, false, 30807402780, 0
0, 8000, 0, 82, false, 31040352390, 0
0, 8000, 0, 83, false, 31005564040, 0
0, 8000, 0, 84, false, 31141127869, 0
0, 8000, 0, 85, false, 31244624655, 0
0, 8000, 0, 86, false, 31333226014, 0
0, 8000, 0, 87, false, 31466293800, 0
0, 8000, 0, 88, false, 31603257382, 0
0, 8000, 0, 89, false, 30789437394, 0
0, 8000, 0, 90, false, 31210663901, 0
0, 8000, 0, 91, false, 33475642233, 0
0, 8000, 0, 92, false, 32572043077, 0
0, 8000, 0, 93, false, 33652507274, 0
0, 8000, 0, 94, false, 34083132987, 0
0, 8000, 0, 95, false, 33641801398, 0
0, 8000, 0, 96, false, 32541261209, 0
0, 8000, 0, 97, false, 30985583458, 0
0, 8000, 0, 98, false, 30970551597, 0
0, 8000, 0, 99, false, 31102673189, 0
