0, 0, 50000, 0, true, 263538740, 0
0, 0, 50000, 1, true, 312528884, 0
0, 0, 50000, 2, true, 267663687, 0
0, 0, 50000, 3, true, 266129960, 0
0, 0, 50000, 4, true, 863113341, 0
0, 0, 50000, 5, true, 265018952, 0
0, 0, 50000, 6, true, 260803148, 0
0, 0, 50000, 7, true, 287680804, 0
0, 0, 50000, 8, true, 267315744, 0
0, 0, 50000, 9, true, 264228000, 0
0, 0, 50000, 10, true, 259169617, 0
0, 0, 50000, 11, true, 261896295, 0
0, 0, 50000, 12, true, 313456342, 0
0, 0, 50000, 13, true, 264937441, 0
0, 0, 50000, 14, true, 262955599, 0
0, 0, 50000, 15, true, 261647756, 0
0, 0, 50000, 16, true, 282077900, 0
0, 0, 50000, 17, true, 263987254, 0
0, 0, 50000, 18, true, 263718875, 0
0, 0, 50000, 19, true, 259378668, 0
0, 0, 50000, 20, true, 316560913, 0
0, 0, 50000, 21, true, 263457013, 0
0, 0, 50000, 22, true, 265014943, 0
0, 0, 50000, 23, true, 259228903, 0
0, 0, 50000, 24, true, 319406349, 0
0, 0, 50000, 25, true, 264359557, 0
0, 0, 50000, 26, true, 264768075, 0
0, 0, 50000, 27, true, 259773729, 0
0, 0, 50000, 28, true, 311953879, 0
0, 0, 50000, 29, true, 320692325, 0
0, 0, 50000, 30, true, 264472579, 0
0, 0, 50000, 31, true, 259446750, 0
0, 0, 50000, 32, true, 259427596, 0
0, 0, 50000, 33, true, 281379642, 0
0, 0, 50000, 34, true, 263905006, 0
0, 0, 50000, 35, true, 265302306, 0
0, 0, 50000, 36, true, 262755594, 0
0, 0, 50000, 37, true, 324196751, 0
0, 0, 50000, 38, true, 324247445, 0
0, 0, 50000, 39, true, 266568844, 0
0, 0, 50000, 40, true, 259069164, 0
0, 0, 50000, 41, true, 261029832, 0
0, 0, 50000, 42, true, 297848547, 0
0, 0, 50000, 43, true, 265806348, 0
0, 0, 50000, 44, true, 261104115, 0
0, 0, 50000, 45, true, 260755021, 0
0, 0, 50000, 46, true, 280534663, 0
0, 0, 50000, 47, true, 264974720, 0
0, 0, 50000, 48, true, 264800476, 0
0, 0, 50000, 49, true, 262146474, 0
0, 0, 50000, 50, true, 319311043, 0
0, 0, 50000, 51, true, 265782485, 0
0, 0, 50000, 52, true, 265279110, 0
0, 0, 50000, 53, true, 261515550, 0
0, 0, 50000, 54, true, 317940497, 0
0, 0, 50000, 55, true, 265504190, 0
0, 0, 50000, 56, true, 264273112, 0
0, 0, 50000, 57, true, 259742827, 0
0, 0, 50000, 58, true, 315880274, 0
0, 0, 50000, 59, true, 264446647, 0
0, 0, 50000, 60, true, 265105687, 0
0, 0, 50000, 61, true, 259600852, 0
0, 0, 50000, 62, true, 309359484, 0
0, 0, 50000, 63, true, 320755950, 0
0, 0, 50000, 64, true, 264929569, 0
0, 0, 50000, 65, true, 259358462, 0
0, 0, 50000, 66, true, 260940721, 0
0, 0, 50000, 67, true, 284136163, 0
0, 0, 50000, 68, true, 265049689, 0
0, 0, 50000, 69, true, 262640155, 0
0, 0, 50000, 70, true, 258549579, 0
0, 0, 50000, 71, true, 311051942, 0
0, 0, 50000, 72, true, 322673984, 0
0, 0, 50000, 73, true, 263388777, 0
0, 0, 50000, 74, true, 259994715, 0
0, 0, 50000, 75, true, 306766150, 0
0, 0, 50000, 76, true, 305006872, 0
0, 0, 50000, 77, true, 263092197, 0
0, 0, 50000, 78, true, 260716633, 0
0, 0, 50000, 79, true, 259856707, 0
0, 0, 50000, 80, true, 316955039, 0
0, 0, 50000, 81, true, 321913068, 0
0, 0, 50000, 82, true, 263985638, 0
0, 0, 50000, 83, true, 260016724, 0
0, 0, 50000, 84, true, 258599484, 0
0, 0, 50000, 85, true, 282904524, 0
0, 0, 50000, 86, true, 325085190, 0
0, 0, 50000, 87, true, 263169798, 0
0, 0, 50000, 88, true, 258333376, 0
0, 0, 50000, 89, true, 261104627, 0
0, 0, 50000, 90, true, 290540802, 0
0, 0, 50000, 91, true, 262810601, 0
0, 0, 50000, 92, true, 261892618, 0
0, 0, 50000, 93, true, 259158953, 0
0, 0, 50000, 94, true, 314870875, 0
0, 0, 50000, 95, true, 324089062, 0
0, 0, 50000, 96, true, 262704289, 0
0, 0, 50000, 97, true, 260397209, 0
0, 0, 50000, 98, true, 259242865, 0
0, 0, 50000, 99, true, 300144890, 0
0, 0, 100000, 0, true, 533421893, 0
0, 0, 100000, 1, true, 578797125, 0
0, 0, 100000, 2, true, 477648931, 0
0, 0, 100000, 3, true, 555578826, 0
0, 0, 100000, 4, true, 650867813, 0
0, 0, 100000, 5, true, 612636260, 0
0, 0, 100000, 6, true, 598447392, 0
0, 0, 100000, 7, true, 1041800849, 0
0, 0, 100000, 8, true, 556304817, 0
0, 0, 100000, 9, true, 607554475, 0
0, 0, 100000, 10, true, 573303812, 0
0, 0, 100000, 11, true, 556082073, 0
0, 0, 100000, 12, true, 476658353, 0
0, 0, 100000, 13, true, 699558939, 0
0, 0, 100000, 14, true, 698729907, 0
0, 0, 100000, 15, true, 654622286, 0
0, 0, 100000, 16, true, 573371584, 0
0, 0, 100000, 17, true, 800666912, 0
0, 0, 100000, 18, true, 609458956, 0
0, 0, 100000, 19, true, 939007476, 0
0, 0, 100000, 20, true, 643551773, 0
0, 0, 100000, 21, true, 474323616, 0
0, 0, 100000, 22, true, 496210483, 0
0, 0, 100000, 23, true, 600899754, 0
0, 0, 100000, 24, true, 941809133, 0
0, 0, 100000, 25, true, 603501391, 0
0, 0, 100000, 26, true, 605920561, 0
0, 0, 100000, 27, true, 620096412, 0
0, 0, 100000, 28, true, 762634350, 0
0, 0, 100000, 29, true, 507351712, 0
0, 0, 100000, 30, true, 811864156, 0
0, 0, 100000, 31, true, 634883507, 0
0, 0, 100000, 32, true, 629224973, 0
0, 0, 100000, 33, true, 651773108, 0
0, 0, 100000, 34, true, 589986580, 0
0, 0, 100000, 35, true, 611355370, 0
0, 0, 100000, 36, true, 475389831, 0
0, 0, 100000, 37, true, 565629408, 0
0, 0, 100000, 38, true, 1227022891, 0
0, 0, 100000, 39, true, 643871840, 0
0, 0, 100000, 40, true, 740864705, 0
0, 0, 100000, 41, true, 621195115, 0
0, 0, 100000, 42, true, 698989504, 0
0, 0, 100000, 43, true, 596941573, 0
0, 0, 100000, 44, true, 550878159, 0
0, 0, 100000, 45, true, 592847696, 0
0, 0, 100000, 46, true, 477739350, 0
0, 0, 100000, 47, true, 734956181, 0
0, 0, 100000, 48, true, 658832469, 0
0, 0, 100000, 49, true, 603980847, 0
0, 0, 100000, 50, true, 602966265, 0
0, 0, 100000, 51, true, 1100232081, 0
0, 0, 100000, 52, true, 617437107, 0
0, 0, 100000, 53, true, 693579253, 0
0, 0, 100000, 54, true, 520735058, 0
0, 0, 100000, 55, true, 680622994, 0
0, 0, 100000, 56, true, 473919154, 0
0, 0, 100000, 57, true, 660311992, 0
0, 0, 100000, 58, true, 657482232, 0
0, 0, 100000, 59, true, 907369055, 0
0, 0, 100000, 60, true, 620937343, 0
0, 0, 100000, 61, true, 644443058, 0
0, 0, 100000, 62, true, 475516323, 0
0, 0, 100000, 63, true, 511638641, 0
0, 0, 100000, 64, true, 1141354304, 0
0, 0, 100000, 65, true, 474524194, 0
0, 0, 100000, 66, true, 567487255, 0
0, 0, 100000, 67, true, 645384653, 0
0, 0, 100000, 68, true, 626761240, 0
0, 0, 100000, 69, true, 1220009527, 0
0, 0, 100000, 70, true, 696701525, 0
0, 0, 100000, 71, true, 588453417, 0
0, 0, 100000, 72, true, 584095042, 0
0, 0, 100000, 73, true, 604779059, 0
0, 0, 100000, 74, true, 719895676, 0
0, 0, 100000, 75, true, 568982921, 0
0, 0, 100000, 76, true, 648673519, 0
0, 0, 100000, 77, true, 644717593, 0
0, 0, 100000, 78, true, 594076279, 0
0, 0, 100000, 79, true, 601910612, 0
0, 0, 100000, 80, true, 589731627, 0
0, 0, 100000, 81, true, 1377598002, 0
0, 0, 100000, 82, true, 476228641, 0
0, 0, 100000, 83, true, 520781846, 0
0, 0, 100000, 84, true, 681294955, 0
0, 0, 100000, 85, true, 475080021, 0
0, 0, 100000, 86, true, 507635646, 0
0, 0, 100000, 87, true, 654671759, 0
0, 0, 100000, 88, true, 957332696, 0
0, 0, 100000, 89, true, 646300108, 0
0, 0, 100000, 90, true, 478231376, 0
0, 0, 100000, 91, true, 569759025, 0
0, 0, 100000, 92, true, 658412214, 0
0, 0, 100000, 93, true, 643377624, 0
0, 0, 100000, 94, true, 609409741, 0
0, 0, 100000, 95, true, 574230022, 0
0, 0, 100000, 96, true, 586237140, 0
0, 0, 100000, 97, true, 477813479, 0
0, 0, 100000, 98, true, 569181175, 0
0, 0, 100000, 99, true, 872530545, 0
0, 0, 150000, 0, true, 817786938, 0
0, 0, 150000, 1, true, 757358284, 0
0, 0, 150000, 2, true, 816583885, 0
0, 0, 150000, 3, true, 827999105, 0
0, 0, 150000, 4, true, 748949163, 0
0, 0, 150000, 5, true, 767449236, 0
0, 0, 150000, 6, true, 1109532180, 0
0, 0, 150000, 7, true, 740916939, 0
0, 0, 150000, 8, true, 759030566, 0
0, 0, 150000, 9, true, 972292531, 0
0, 0, 150000, 10, true, 758916683, 0
0, 0, 150000, 11, true, 765748732, 0
0, 0, 150000, 12, true, 800541723, 0
0, 0, 150000, 13, true, 780096761, 0
0, 0, 150000, 14, true, 784838315, 0
0, 0, 150000, 15, true, 933809614, 0
0, 0, 150000, 16, true, 1061079496, 0
0, 0, 150000, 17, true, 736211184, 0
0, 0, 150000, 18, true, 742112703, 0
0, 0, 150000, 19, true, 810328335, 0
0, 0, 150000, 20, true, 815995706, 0
0, 0, 150000, 21, true, 937852981, 0
0, 0, 150000, 22, true, 759235746, 0
0, 0, 150000, 23, true, 765585781, 0
0, 0, 150000, 24, true, 1179978763, 0
0, 0, 150000, 25, true, 759356575, 0
0, 0, 150000, 26, true, 836891875, 0
0, 0, 150000, 27, true, 773455457, 0
0, 0, 150000, 28, true, 755363674, 0
0, 0, 150000, 29, true, 782048081, 0
0, 0, 150000, 30, true, 820068907, 0
0, 0, 150000, 31, true, 758687205, 0
0, 0, 150000, 32, true, 808512214, 0
0, 0, 150000, 33, true, 1007007593, 0
0, 0, 150000, 34, true, 771201353, 0
0, 0, 150000, 35, true, 949479004, 0
0, 0, 150000, 36, true, 888198134, 0
0, 0, 150000, 37, true, 960183749, 0
0, 0, 150000, 38, true, 735324502, 0
0, 0, 150000, 39, true, 755054746, 0
0, 0, 150000, 40, true, 822650226, 0
0, 0, 150000, 41, true, 937424312, 0
0, 0, 150000, 42, true, 811235936, 0
0, 0, 150000, 43, true, 767239337, 0
0, 0, 150000, 44, true, 1201799236, 0
0, 0, 150000, 45, true, 825992180, 0
0, 0, 150000, 46, true, 759758704, 0
0, 0, 150000, 47, true, 771950832, 0
0, 0, 150000, 48, true, 953098958, 0
0, 0, 150000, 49, true, 820770872, 0
0, 0, 150000, 50, true, 758976383, 0
0, 0, 150000, 51, true, 838488929, 0
0, 0, 150000, 52, true, 754046659, 0
0, 0, 150000, 53, true, 798967894, 0
0, 0, 150000, 54, true, 1218694950, 0
0, 0, 150000, 55, true, 1150399866, 0
0, 0, 150000, 56, true, 1106482671, 0
0, 0, 150000, 57, true, 1125401920, 0
0, 0, 150000, 58, true, 1146291406, 0
0, 0, 150000, 59, true, 1130484102, 0
0, 0, 150000, 60, true, 936814173, 0
0, 0, 150000, 61, true, 921535948, 0
0, 0, 150000, 62, true, 921518882, 0
0, 0, 150000, 63, true, 1186189225, 0
0, 0, 150000, 64, true, 1127356626, 0
0, 0, 150000, 65, true, 1110229226, 0
0, 0, 150000, 66, true, 1116559307, 0
0, 0, 150000, 67, true, 1105885049, 0
0, 0, 150000, 68, true, 980547094, 0
0, 0, 150000, 69, true, 927738986, 0
0, 0, 150000, 70, true, 939702032, 0
0, 0, 150000, 71, true, 1058391424, 0
0, 0, 150000, 72, true, 917280524, 0
0, 0, 150000, 73, true, 928163473, 0
0, 0, 150000, 74, true, 1074078404, 0
0, 0, 150000, 75, true, 1152331931, 0
0, 0, 150000, 76, true, 1155844745, 0
0, 0, 150000, 77, true, 1116512346, 0
0, 0, 150000, 78, true, 1154849853, 0
0, 0, 150000, 79, true, 1152750382, 0
0, 0, 150000, 80, true, 1111565643, 0
0, 0, 150000, 81, true, 1157337676, 0
0, 0, 150000, 82, true, 1117728224, 0
0, 0, 150000, 83, true, 1064800201, 0
0, 0, 150000, 84, true, 935755256, 0
0, 0, 150000, 85, true, 919652873, 0
0, 0, 150000, 86, true, 932704873, 0
0, 0, 150000, 87, true, 1142433881, 0
0, 0, 150000, 88, true, 1118507150, 0
0, 0, 150000, 89, true, 1115700320, 0
0, 0, 150000, 90, true, 1148928767, 0
0, 0, 150000, 91, true, 942655486, 0
0, 0, 150000, 92, true, 918728375, 0
0, 0, 150000, 93, true, 923839727, 0
0, 0, 150000, 94, true, 1145402781, 0
0, 0, 150000, 95, true, 1117306451, 0
0, 0, 150000, 96, true, 1140648399, 0
0, 0, 150000, 97, true, 1153266572, 0
0, 0, 150000, 98, true, 1097284562, 0
0, 0, 150000, 99, true, 1163549065, 0
0, 0, 200000, 0, true, 1452518942, 0
0, 0, 200000, 1, true, 1497449050, 0
0, 0, 200000, 2, true, 1219179885, 0
0, 0, 200000, 3, true, 1160519037, 0
0, 0, 200000, 4, true, 1423734492, 0
0, 0, 200000, 5, true, 1217291805, 0
0, 0, 200000, 6, true, 1074407946, 0
0, 0, 200000, 7, true, 1428752356, 0
0, 0, 200000, 8, true, 1461414524, 0
0, 0, 200000, 9, true, 1840293621, 0
0, 0, 200000, 10, true, 1226143600, 0
0, 0, 200000, 11, true, 1159924726, 0
0, 0, 200000, 12, true, 1802456921, 0
0, 0, 200000, 13, true, 1491679572, 0
0, 0, 200000, 14, true, 1403541972, 0
0, 0, 200000, 15, true, 1174780600, 0
0, 0, 200000, 16, true, 1486183072, 0
0, 0, 200000, 17, true, 1151536028, 0
0, 0, 200000, 18, true, 1389896092, 0
0, 0, 200000, 19, true, 1194029814, 0
0, 0, 200000, 20, true, 2330143559, 0
0, 0, 200000, 21, true, 1475057702, 0
0, 0, 200000, 22, true, 1154339549, 0
0, 0, 200000, 23, true, 1370123589, 0
0, 0, 200000, 24, true, 1332299997, 0
0, 0, 200000, 25, true, 1175744788, 0
0, 0, 200000, 26, true, 1470254251, 0
0, 0, 200000, 27, true, 1222080369, 0
0, 0, 200000, 28, true, 1106964518, 0
0, 0, 200000, 29, true, 1468008547, 0
0, 0, 200000, 30, true, 1461314761, 0
0, 0, 200000, 31, true, 1788744689, 0
0, 0, 200000, 32, true, 1175343056, 0
0, 0, 200000, 33, true, 1126697285, 0
0, 0, 200000, 34, true, 1644856686, 0
0, 0, 200000, 35, true, 1461051805, 0
0, 0, 200000, 36, true, 1463391233, 0
0, 0, 200000, 37, true, 1347451233, 0
0, 0, 200000, 38, true, 1145299086, 0
0, 0, 200000, 39, true, 1449519599, 0
0, 0, 200000, 40, true, 1477900849, 0
0, 0, 200000, 41, true, 1223251839, 0
0, 0, 200000, 42, true, 1160315178, 0
0, 0, 200000, 43, true, 1531040205, 0
0, 0, 200000, 44, true, 1388404111, 0
0, 0, 200000, 45, true, 1175075699, 0
0, 0, 200000, 46, true, 1457246380, 0
0, 0, 200000, 47, true, 1126412563, 0
0, 0, 200000, 48, true, 2376820863, 0
0, 0, 200000, 49, true, 1466333231, 0
0, 0, 200000, 50, true, 1220246747, 0
0, 0, 200000, 51, true, 1368367234, 0
0, 0, 200000, 52, true, 1517632322, 0
0, 0, 200000, 53, true, 2255624215, 0
0, 0, 200000, 54, true, 1470967963, 0
0, 0, 200000, 55, true, 1159511334, 0
0, 0, 200000, 56, true, 1375261983, 0
0, 0, 200000, 57, true, 1197816170, 0
0, 0, 200000, 58, true, 2313246280, 0
0, 0, 200000, 59, true, 1479237435, 0
0, 0, 200000, 60, true, 1407583161, 0
0, 0, 200000, 61, true, 1378946110, 0
0, 0, 200000, 62, true, 1073943688, 0
0, 0, 200000, 63, true, 1444802159, 0
0, 0, 200000, 64, true, 1486288765, 0
0, 0, 200000, 65, true, 1214821528, 0
0, 0, 200000, 66, true, 1106580368, 0
0, 0, 200000, 67, true, 1444147026, 0
0, 0, 200000, 68, true, 1451944217, 0
0, 0, 200000, 69, true, 1823639951, 0
0, 0, 200000, 70, true, 1163668280, 0
0, 0, 200000, 71, true, 1146772159, 0
0, 0, 200000, 72, true, 1826856159, 0
0, 0, 200000, 73, true, 1125139488, 0
0, 0, 200000, 74, true, 1118215979, 0
0, 0, 200000, 75, true, 1663824299, 0
0, 0, 200000, 76, true, 1470299075, 0
0, 0, 200000, 77, true, 1432499800, 0
0, 0, 200000, 78, true, 1340027839, 0
0, 0, 200000, 79, true, 1457937166, 0
0, 0, 200000, 80, true, 1745129868, 0
0, 0, 200000, 81, true, 1368670312, 0
0, 0, 200000, 82, true, 1196446507, 0
0, 0, 200000, 83, true, 2071724457, 0
0, 0, 200000, 84, true, 1105064278, 0
0, 0, 200000, 85, true, 1442978792, 0
0, 0, 200000, 86, true, 1693120678, 0
0, 0, 200000, 87, true, 1482704783, 0
0, 0, 200000, 88, true, 1217985967, 0
0, 0, 200000, 89, true, 1398449037, 0
0, 0, 200000, 90, true, 1243874277, 0
0, 0, 200000, 91, true, 2304620889, 0
0, 0, 200000, 92, true, 1486924729, 0
0, 0, 200000, 93, true, 1408631342, 0
0, 0, 200000, 94, true, 1360949715, 0
0, 0, 200000, 95, true, 1435272357, 0
0, 0, 200000, 96, true, 2811762887, 0
0, 0, 200000, 97, true, 1220674867, 0
0, 0, 200000, 98, true, 1130065923, 0
0, 0, 200000, 99, true, 1563498618, 0
0, 0, 250000, 0, true, 1952616605, 0
0, 0, 250000, 1, true, 3014609197, 0
0, 0, 250000, 2, true, 1660289895, 0
0, 0, 250000, 3, true, 2064681144, 0
0, 0, 250000, 4, true, 1699279118, 0
0, 0, 250000, 5, true, 2142530560, 0
0, 0, 250000, 6, true, 1681189580, 0
0, 0, 250000, 7, true, 2101790001, 0
0, 0, 250000, 8, true, 1667706957, 0
0, 0, 250000, 9, true, 2063994187, 0
0, 0, 250000, 10, true, 1666059799, 0
0, 0, 250000, 11, true, 2129531493, 0
0, 0, 250000, 12, true, 1685244271, 0
0, 0, 250000, 13, true, 1982350369, 0
0, 0, 250000, 14, true, 1676128119, 0
0, 0, 250000, 15, true, 2200077763, 0
0, 0, 250000, 16, true, 1709482197, 0
0, 0, 250000, 17, true, 2524367200, 0
0, 0, 250000, 18, true, 1770277378, 0
0, 0, 250000, 19, true, 2079666136, 0
0, 0, 250000, 20, true, 1691292785, 0
0, 0, 250000, 21, true, 2464738285, 0
0, 0, 250000, 22, true, 1764386561, 0
0, 0, 250000, 23, true, 3579717318, 0
0, 0, 250000, 24, true, 1727560848, 0
0, 0, 250000, 25, true, 2559796111, 0
0, 0, 250000, 26, true, 1747524273, 0
0, 0, 250000, 27, true, 2116753948, 0
0, 0, 250000, 28, true, 1703222979, 0
0, 0, 250000, 29, true, 2151895884, 0
0, 0, 250000, 30, true, 1670171628, 0
0, 0, 250000, 31, true, 2069392604, 0
0, 0, 250000, 32, true, 1672092978, 0
0, 0, 250000, 33, true, 2124953050, 0
0, 0, 250000, 34, true, 1676776004, 0
0, 0, 250000, 35, true, 2020262350, 0
0, 0, 250000, 36, true, 1688665988, 0
0, 0, 250000, 37, true, 2213097506, 0
0, 0, 250000, 38, true, 1697758337, 0
0, 0, 250000, 39, true, 2216669901, 0
0, 0, 250000, 40, true, 1709564901, 0
0, 0, 250000, 41, true, 2494991158, 0
0, 0, 250000, 42, true, 1715538184, 0
0, 0, 250000, 43, true, 2155577207, 0
0, 0, 250000, 44, true, 1696173281, 0
0, 0, 250000, 45, true, 2058248914, 0
0, 0, 250000, 46, true, 1674146680, 0
0, 0, 250000, 47, true, 2194303261, 0
0, 0, 250000, 48, true, 1686968531, 0
0, 0, 250000, 49, true, 2060858351, 0
0, 0, 250000, 50, true, 1709323138, 0
0, 0, 250000, 51, true, 2199099721, 0
0, 0, 250000, 52, true, 1688658535, 0
0, 0, 250000, 53, true, 2093711882, 0
0, 0, 250000, 54, true, 1683093215, 0
0, 0, 250000, 55, true, 2129993277, 0
0, 0, 250000, 56, true, 1685199086, 0
0, 0, 250000, 57, true, 2480396258, 0
0, 0, 250000, 58, true, 1789354184, 0
0, 0, 250000, 59, true, 2736668302, 0
0, 0, 250000, 60, true, 1708044049, 0
0, 0, 250000, 61, true, 2693242411, 0
0, 0, 250000, 62, true, 1718374258, 0
0, 0, 250000, 63, true, 1947870995, 0
0, 0, 250000, 64, true, 1971920224, 0
0, 0, 250000, 65, true, 2170849872, 0
0, 0, 250000, 66, true, 1702028926, 0
0, 0, 250000, 67, true, 2588186335, 0
0, 0, 250000, 68, true, 1774815889, 0
0, 0, 250000, 69, true, 2158621614, 0
0, 0, 250000, 70, true, 1715137126, 0
0, 0, 250000, 71, true, 2201711034, 0
0, 0, 250000, 72, true, 1694614440, 0
0, 0, 250000, 73, true, 2239066517, 0
0, 0, 250000, 74, true, 1699581268, 0
0, 0, 250000, 75, true, 2537741946, 0
0, 0, 250000, 76, true, 1759911749, 0
0, 0, 250000, 77, true, 1953157643, 0
0, 0, 250000, 78, true, 1674904795, 0
0, 0, 250000, 79, true, 2602977912, 0
0, 0, 250000, 80, true, 1786456341, 0
0, 0, 250000, 81, true, 2108986780, 0
0, 0, 250000, 82, true, 1663428233, 0
0, 0, 250000, 83, true, 2068787503, 0
0, 0, 250000, 84, true, 1683377404, 0
0, 0, 250000, 85, true, 2121155093, 0
0, 0, 250000, 86, true, 1667290627, 0
0, 0, 250000, 87, true, 2150768094, 0
0, 0, 250000, 88, true, 1687465276, 0
0, 0, 250000, 89, true, 2029764087, 0
0, 0, 250000, 90, true, 1686712104, 0
0, 0, 250000, 91, true, 2157864057, 0
0, 0, 250000, 92, true, 1686665778, 0
0, 0, 250000, 93, true, 2159278950, 0
0, 0, 250000, 94, true, 1688717675, 0
0, 0, 250000, 95, true, 2153011403, 0
0, 0, 250000, 96, true, 1658657775, 0
0, 0, 250000, 97, true, 2127687098, 0
0, 0, 250000, 98, true, 1681605178, 0
0, 0, 250000, 99, true, 2150757087, 0
0, 0, 300000, 0, true, 2159178826, 0
0, 0, 300000, 1, true, 1839226690, 0
0, 0, 300000, 2, true, 1855717328, 0
0, 0, 300000, 3, true, 2191671401, 0
0, 0, 300000, 4, true, 4390625754, 0
0, 0, 300000, 5, true, 2221699282, 0
0, 0, 300000, 6, true, 1720785667, 0
0, 0, 300000, 7, true, 4536295007, 0
0, 0, 300000, 8, true, 2230164824, 0
0, 0, 300000, 9, true, 1758433711, 0
0, 0, 300000, 10, true, 4448295317, 0
0, 0, 300000, 11, true, 2199756767, 0
0, 0, 300000, 12, true, 3487264970, 0
0, 0, 300000, 13, true, 3272872865, 0
0, 0, 300000, 14, true, 1916248310, 0
0, 0, 300000, 15, true, 3671522580, 0
0, 0, 300000, 16, true, 3251484118, 0
0, 0, 300000, 17, true, 1951909192, 0
0, 0, 300000, 18, true, 1784511622, 0
0, 0, 300000, 19, true, 3841814883, 0
0, 0, 300000, 20, true, 1922400243, 0
0, 0, 300000, 21, true, 1828392661, 0
0, 0, 300000, 22, true, 3381204880, 0
0, 0, 300000, 23, true, 1963313967, 0
0, 0, 300000, 24, true, 1747821940, 0
0, 0, 300000, 25, true, 3532147765, 0
0, 0, 300000, 26, true, 1860968379, 0
0, 0, 300000, 27, true, 1825080551, 0
0, 0, 300000, 28, true, 3408126739, 0
0, 0, 300000, 29, true, 1997325598, 0
0, 0, 300000, 30, true, 1727016770, 0
0, 0, 300000, 31, true, 3513657262, 0
0, 0, 300000, 32, true, 1915455271, 0
0, 0, 300000, 33, true, 1813960712, 0
0, 0, 300000, 34, true, 3385449359, 0
0, 0, 300000, 35, true, 1962867247, 0
0, 0, 300000, 36, true, 1736709570, 0
0, 0, 300000, 37, true, 3537270342, 0
0, 0, 300000, 38, true, 1908845702, 0
0, 0, 300000, 39, true, 1821025036, 0
0, 0, 300000, 40, true, 3406454477, 0
0, 0, 300000, 41, true, 1986227639, 0
0, 0, 300000, 42, true, 1749114708, 0
0, 0, 300000, 43, true, 3529194222, 0
0, 0, 300000, 44, true, 1920838636, 0
0, 0, 300000, 45, true, 1826026450, 0
0, 0, 300000, 46, true, 3397033700, 0
0, 0, 300000, 47, true, 1996610792, 0
0, 0, 300000, 48, true, 1727658577, 0
0, 0, 300000, 49, true, 3518777332, 0
0, 0, 300000, 50, true, 1922805944, 0
0, 0, 300000, 51, true, 1826791267, 0
0, 0, 300000, 52, true, 3397534276, 0
0, 0, 300000, 53, true, 1988376836, 0
0, 0, 300000, 54, true, 1737799619, 0
0, 0, 300000, 55, true, 3527454652, 0
0, 0, 300000, 56, true, 1890216062, 0
0, 0, 300000, 57, true, 1816924669, 0
0, 0, 300000, 58, true, 3386592475, 0
0, 0, 300000, 59, true, 1990724085, 0
0, 0, 300000, 60, true, 1740162389, 0
0, 0, 300000, 61, true, 3553743342, 0
0, 0, 300000, 62, true, 1898484289, 0
0, 0, 300000, 63, true, 1825249445, 0
0, 0, 300000, 64, true, 3394631389, 0
0, 0, 300000, 65, true, 1996350523, 0
0, 0, 300000, 66, true, 1743449110, 0
0, 0, 300000, 67, true, 3547187393, 0
0, 0, 300000, 68, true, 1920617000, 0
0, 0, 300000, 69, true, 1820351287, 0
0, 0, 300000, 70, true, 3367887786, 0
0, 0, 300000, 71, true, 1968032664, 0
0, 0, 300000, 72, true, 1739852120, 0
0, 0, 300000, 73, true, 3529786435, 0
0, 0, 300000, 74, true, 1901352555, 0
0, 0, 300000, 75, true, 1834701159, 0
0, 0, 300000, 76, true, 3397821862, 0
0, 0, 300000, 77, true, 1992087388, 0
0, 0, 300000, 78, true, 1741763578, 0
0, 0, 300000, 79, true, 3528152879, 0
0, 0, 300000, 80, true, 1878010143, 0
0, 0, 300000, 81, true, 1820341111, 0
0, 0, 300000, 82, true, 3409687740, 0
0, 0, 300000, 83, true, 1991636270, 0
0, 0, 300000, 84, true, 1739047895, 0
0, 0, 300000, 85, true, 3533883845, 0
0, 0, 300000, 86, true, 1888640467, 0
0, 0, 300000, 87, true, 1821662972, 0
0, 0, 300000, 88, true, 3396149513, 0
0, 0, 300000, 89, true, 1980966876, 0
0, 0, 300000, 90, true, 1735977226, 0
0, 0, 300000, 91, true, 3536356732, 0
0, 0, 300000, 92, true, 1886291656, 0
0, 0, 300000, 93, true, 1823756023, 0
0, 0, 300000, 94, true, 3414170101, 0
0, 0, 300000, 95, true, 1984359041, 0
0, 0, 300000, 96, true, 1727781852, 0
0, 0, 300000, 97, true, 3499313876, 0
0, 0, 300000, 98, true, 1922523366, 0
0, 0, 300000, 99, true, 1814491721, 0
0, 0, 350000, 0, true, 3466630562, 0
0, 0, 350000, 1, true, 2446387316, 0
0, 0, 350000, 2, true, 2449495326, 0
0, 0, 350000, 3, true, 2648996064, 0
0, 0, 350000, 4, true, 2454198891, 0
0, 0, 350000, 5, true, 2492489859, 0
0, 0, 350000, 6, true, 2547896077, 0
0, 0, 350000, 7, true, 2500645062, 0
0, 0, 350000, 8, true, 2467222382, 0
0, 0, 350000, 9, true, 3226518652, 0
0, 0, 350000, 10, true, 2496627119, 0
0, 0, 350000, 11, true, 2483832918, 0
0, 0, 350000, 12, true, 3215163203, 0
0, 0, 350000, 13, true, 2464983622, 0
0, 0, 350000, 14, true, 2496391422, 0
0, 0, 350000, 15, true, 3235392865, 0
0, 0, 350000, 16, true, 2455802316, 0
0, 0, 350000, 17, true, 2467291366, 0
0, 0, 350000, 18, true, 3268624424, 0
0, 0, 350000, 19, true, 2476276484, 0
0, 0, 350000, 20, true, 2448658568, 0
0, 0, 350000, 21, true, 3253967786, 0
0, 0, 350000, 22, true, 2470569788, 0
0, 0, 350000, 23, true, 2476077189, 0
0, 0, 350000, 24, true, 3246967082, 0
0, 0, 350000, 25, true, 2496548860, 0
0, 0, 350000, 26, true, 2450361438, 0
0, 0, 350000, 27, true, 3215652839, 0
0, 0, 350000, 28, true, 2476087405, 0
0, 0, 350000, 29, true, 2500313474, 0
0, 0, 350000, 30, true, 3186254996, 0
0, 0, 350000, 31, true, 2476811669, 0
0, 0, 350000, 32, true, 2473280016, 0
0, 0, 350000, 33, true, 3247300916, 0
0, 0, 350000, 34, true, 2480171392, 0
0, 0, 350000, 35, true, 2479382273, 0
0, 0, 350000, 36, true, 3245745599, 0
0, 0, 350000, 37, true, 2451823103, 0
0, 0, 350000, 38, true, 2482462891, 0
0, 0, 350000, 39, true, 3243695665, 0
0, 0, 350000, 40, true, 2449030598, 0
0, 0, 350000, 41, true, 2478485551, 0
0, 0, 350000, 42, true, 3226390504, 0
0, 0, 350000, 43, true, 2469167909, 0
0, 0, 350000, 44, true, 2470279566, 0
0, 0, 350000, 45, true, 3212162912, 0
0, 0, 350000, 46, true, 2476880341, 0
0, 0, 350000, 47, true, 2468043486, 0
0, 0, 350000, 48, true, 3224539647, 0
0, 0, 350000, 49, true, 2490097354, 0
0, 0, 350000, 50, true, 2459996314, 0
0, 0, 350000, 51, true, 3255489881, 0
0, 0, 350000, 52, true, 2490951972, 0
0, 0, 350000, 53, true, 2461419148, 0
0, 0, 350000, 54, true, 3219712312, 0
0, 0, 350000, 55, true, 2463832258, 0
0, 0, 350000, 56, true, 2480264424, 0
0, 0, 350000, 57, true, 3236712249, 0
0, 0, 350000, 58, true, 2498411367, 0
0, 0, 350000, 59, true, 2435745080, 0
0, 0, 350000, 60, true, 3209512441, 0
0, 0, 350000, 61, true, 2455793380, 0
0, 0, 350000, 62, true, 2458432212, 0
0, 0, 350000, 63, true, 3215622231, 0
0, 0, 350000, 64, true, 2488854830, 0
0, 0, 350000, 65, true, 2453381572, 0
0, 0, 350000, 66, true, 3228553159, 0
0, 0, 350000, 67, true, 2476926931, 0
0, 0, 350000, 68, true, 2466811849, 0
0, 0, 350000, 69, true, 3273086006, 0
0, 0, 350000, 70, true, 2491235975, 0
0, 0, 350000, 71, true, 2479447403, 0
0, 0, 350000, 72, true, 3234427620, 0
0, 0, 350000, 73, true, 2465337658, 0
0, 0, 350000, 74, true, 2475167610, 0
0, 0, 350000, 75, true, 3202189669, 0
0, 0, 350000, 76, true, 2467738966, 0
0, 0, 350000, 77, true, 2472978215, 0
0, 0, 350000, 78, true, 3207285191, 0
0, 0, 350000, 79, true, 2482784844, 0
0, 0, 350000, 80, true, 2450201989, 0
0, 0, 350000, 81, true, 3210560320, 0
0, 0, 350000, 82, true, 2498061223, 0
0, 0, 350000, 83, true, 2465135175, 0
0, 0, 350000, 84, true, 3254426395, 0
0, 0, 350000, 85, true, 2490561642, 0
0, 0, 350000, 86, true, 2432846090, 0
0, 0, 350000, 87, true, 3234343296, 0
0, 0, 350000, 88, true, 2468122896, 0
0, 0, 350000, 89, true, 2437862012, 0
0, 0, 350000, 90, true, 3212602610, 0
0, 0, 350000, 91, true, 2458248637, 0
0, 0, 350000, 92, true, 2486932020, 0
0, 0, 350000, 93, true, 3222237942, 0
0, 0, 350000, 94, true, 2501340519, 0
0, 0, 350000, 95, true, 2454677931, 0
0, 0, 350000, 96, true, 3258277931, 0
0, 0, 350000, 97, true, 2485623523, 0
0, 0, 350000, 98, true, 2469900430, 0
0, 0, 350000, 99, true, 3247310870, 0
0, 0, 400000, 0, true, 5940797187, 0
0, 0, 400000, 1, true, 4754353970, 0
0, 0, 400000, 2, true, 4546959509, 0
0, 0, 400000, 3, true, 4644926214, 0
0, 0, 400000, 4, true, 4713515420, 0
0, 0, 400000, 5, true, 5375399452, 0
0, 0, 400000, 6, true, 4476623107, 0
0, 0, 400000, 7, true, 4453357487, 0
0, 0, 400000, 8, true, 4731045657, 0
0, 0, 400000, 9, true, 4618108764, 0
0, 0, 400000, 10, true, 4666697380, 0
0, 0, 400000, 11, true, 4702613060, 0
0, 0, 400000, 12, true, 5268663115, 0
0, 0, 400000, 13, true, 4551139439, 0
0, 0, 400000, 14, true, 4609721179, 0
0, 0, 400000, 15, true, 4689554701, 0
0, 0, 400000, 16, true, 4558441608, 0
0, 0, 400000, 17, true, 4658144644, 0
0, 0, 400000, 18, true, 5835042698, 0
0, 0, 400000, 19, true, 4448305880, 0
0, 0, 400000, 20, true, 4563842788, 0
0, 0, 400000, 21, true, 4855509512, 0
0, 0, 400000, 22, true, 4618004384, 0
0, 0, 400000, 23, true, 4594770030, 0
0, 0, 400000, 24, true, 4735927793, 0
0, 0, 400000, 25, true, 5767242433, 0
0, 0, 400000, 26, true, 5784559310, 0
0, 0, 400000, 27, true, 4461404648, 0
0, 0, 400000, 28, true, 4347160030, 0
0, 0, 400000, 29, true, 4698415285, 0
0, 0, 400000, 30, true, 4552152616, 0
0, 0, 400000, 31, true, 4618679116, 0
0, 0, 400000, 32, true, 4821114937, 0
0, 0, 400000, 33, true, 5967079979, 0
0, 0, 400000, 34, true, 4618952226, 0
0, 0, 400000, 35, true, 4588258242, 0
0, 0, 400000, 36, true, 4630036364, 0
0, 0, 400000, 37, true, 5609141626, 0
0, 0, 400000, 38, true, 5573717072, 0
0, 0, 400000, 39, true, 4434227642, 0
0, 0, 400000, 40, true, 4688170444, 0
0, 0, 400000, 41, true, 4599903428, 0
0, 0, 400000, 42, true, 4549398981, 0
0, 0, 400000, 43, true, 4733059787, 0
0, 0, 400000, 44, true, 5631165332, 0
0, 0, 400000, 45, true, 5828583349, 0
0, 0, 400000, 46, true, 4466994733, 0
0, 0, 400000, 47, true, 4533099049, 0
0, 0, 400000, 48, true, 4629899679, 0
0, 0, 400000, 49, true, 4553198332, 0
0, 0, 400000, 50, true, 4582713547, 0
0, 0, 400000, 51, true, 4651317237, 0
0, 0, 400000, 52, true, 5335714875, 0
0, 0, 400000, 53, true, 4570242008, 0
0, 0, 400000, 54, true, 4667158912, 0
0, 0, 400000, 55, true, 4623600027, 0
0, 0, 400000, 56, true, 4543277180, 0
0, 0, 400000, 57, true, 4630793739, 0
0, 0, 400000, 58, true, 5858294005, 0
0, 0, 400000, 59, true, 4446409579, 0
0, 0, 400000, 60, true, 4464018521, 0
0, 0, 400000, 61, true, 4561603157, 0
0, 0, 400000, 62, true, 4576769706, 0
0, 0, 400000, 63, true, 4601240104, 0
0, 0, 400000, 64, true, 4770623797, 0
0, 0, 400000, 65, true, 4858819198, 0
0, 0, 400000, 66, true, 5596175771, 0
0, 0, 400000, 67, true, 4707614029, 0
0, 0, 400000, 68, true, 4562633493, 0
0, 0, 400000, 69, true, 4567223362, 0
0, 0, 400000, 70, true, 4656730786, 0
0, 0, 400000, 71, true, 5369008217, 0
0, 0, 400000, 72, true, 4573098124, 0
0, 0, 400000, 73, true, 4586465464, 0
0, 0, 400000, 74, true, 4606452549, 0
0, 0, 400000, 75, true, 4575470192, 0
0, 0, 400000, 76, true, 4728442157, 0
0, 0, 400000, 77, true, 5825148183, 0
0, 0, 400000, 78, true, 4529846507, 0
0, 0, 400000, 79, true, 4510758901, 0
0, 0, 400000, 80, true, 4552101531, 0
0, 0, 400000, 81, true, 4581962307, 0
0, 0, 400000, 82, true, 4556775955, 0
0, 0, 400000, 83, true, 4736365815, 0
0, 0, 400000, 84, true, 4826376873, 0
0, 0, 400000, 85, true, 5539195488, 0
0, 0, 400000, 86, true, 4557701517, 0
0, 0, 400000, 87, true, 4558074516, 0
0, 0, 400000, 88, true, 4736124124, 0
0, 0, 400000, 89, true, 4749169891, 0
0, 0, 400000, 90, true, 5813293590, 0
0, 0, 400000, 91, true, 4548668566, 0
0, 0, 400000, 92, true, 4538752766, 0
0, 0, 400000, 93, true, 4673521751, 0
0, 0, 400000, 94, true, 5876875279, 0
0, 0, 400000, 95, true, 4500596726, 0
0, 0, 400000, 96, true, 4510986500, 0
0, 0, 400000, 97, true, 4552176142, 0
0, 0, 400000, 98, true, 4575645843, 0
0, 0, 400000, 99, true, 4690816320, 0
0, 0, 450000, 0, true, 4887271851, 0
0, 0, 450000, 1, true, 4312933293, 0
0, 0, 450000, 2, true, 4190842390, 0
0, 0, 450000, 3, true, 4711062717, 0
0, 0, 450000, 4, true, 4872631542, 0
0, 0, 450000, 5, true, 4257882110, 0
0, 0, 450000, 6, true, 4868520788, 0
0, 0, 450000, 7, true, 4340041446, 0
0, 0, 450000, 8, true, 4856436315, 0
0, 0, 450000, 9, true, 4268684576, 0
0, 0, 450000, 10, true, 4223981511, 0
0, 0, 450000, 11, true, 4600415487, 0
0, 0, 450000, 12, true, 4783625556, 0
0, 0, 450000, 13, true, 4170681902, 0
0, 0, 450000, 14, true, 4690026467, 0
0, 0, 450000, 15, true, 4891571474, 0
0, 0, 450000, 16, true, 4360528182, 0
0, 0, 450000, 17, true, 4767652609, 0
0, 0, 450000, 18, true, 4255193411, 0
0, 0, 450000, 19, true, 4795741101, 0
0, 0, 450000, 20, true, 4261941235, 0
0, 0, 450000, 21, true, 4827826987, 0
0, 0, 450000, 22, true, 4264197776, 0
0, 0, 450000, 23, true, 4656965997, 0
0, 0, 450000, 24, true, 4844040775, 0
0, 0, 450000, 25, true, 4392051939, 0
0, 0, 450000, 26, true, 4918725839, 0
0, 0, 450000, 27, true, 4295507595, 0
0, 0, 450000, 28, true, 4902180935, 0
0, 0, 450000, 29, true, 4336564244, 0
0, 0, 450000, 30, true, 4939538828, 0
0, 0, 450000, 31, true, 4328097327, 0
0, 0, 450000, 32, true, 4171014817, 0
0, 0, 450000, 33, true, 4675572065, 0
0, 0, 450000, 34, true, 4873274946, 0
0, 0, 450000, 35, true, 4293238632, 0
0, 0, 450000, 36, true, 4181090002, 0
0, 0, 450000, 37, true, 4459837129, 0
0, 0, 450000, 38, true, 4864575391, 0
0, 0, 450000, 39, true, 4352914736, 0
0, 0, 450000, 40, true, 4199709269, 0
0, 0, 450000, 41, true, 4738525855, 0
0, 0, 450000, 42, true, 4961846845, 0
0, 0, 450000, 43, true, 4332218956, 0
0, 0, 450000, 44, true, 4912210043, 0
0, 0, 450000, 45, true, 4329081678, 0
0, 0, 450000, 46, true, 4769124464, 0
0, 0, 450000, 47, true, 4262148441, 0
0, 0, 450000, 48, true, 4224404546, 0
0, 0, 450000, 49, true, 4608724110, 0
0, 0, 450000, 50, true, 4833422167, 0
0, 0, 450000, 51, true, 4358551987, 0
0, 0, 450000, 52, true, 4868893153, 0
0, 0, 450000, 53, true, 4236631753, 0
0, 0, 450000, 54, true, 5001059717, 0
0, 0, 450000, 55, true, 4377290223, 0
0, 0, 450000, 56, true, 4853601630, 0
0, 0, 450000, 57, true, 4329408758, 0
0, 0, 450000, 58, true, 5006860164, 0
0, 0, 450000, 59, true, 4314389857, 0
0, 0, 450000, 60, true, 4865977949, 0
0, 0, 450000, 61, true, 4304227412, 0
0, 0, 450000, 62, true, 4927998321, 0
0, 0, 450000, 63, true, 4341261074, 0
0, 0, 450000, 64, true, 4792753659, 0
0, 0, 450000, 65, true, 4321379914, 0
0, 0, 450000, 66, true, 4853873884, 0
0, 0, 450000, 67, true, 4345535423, 0
0, 0, 450000, 68, true, 4888636704, 0
0, 0, 450000, 69, true, 4278108090, 0
0, 0, 450000, 70, true, 4858754032, 0
0, 0, 450000, 71, true, 4338343740, 0
0, 0, 450000, 72, true, 4898641740, 0
0, 0, 450000, 73, true, 4361923697, 0
0, 0, 450000, 74, true, 4922545767, 0
0, 0, 450000, 75, true, 4337827700, 0
0, 0, 450000, 76, true, 4861834966, 0
0, 0, 450000, 77, true, 4292281942, 0
0, 0, 450000, 78, true, 4952512445, 0
0, 0, 450000, 79, true, 4353651316, 0
0, 0, 450000, 80, true, 4191249802, 0
0, 0, 450000, 81, true, 4753465277, 0
0, 0, 450000, 82, true, 4875346884, 0
0, 0, 450000, 83, true, 4307400638, 0
0, 0, 450000, 84, true, 4146282324, 0
0, 0, 450000, 85, true, 4420862676, 0
0, 0, 450000, 86, true, 4761475812, 0
0, 0, 450000, 87, true, 4158948544, 0
0, 0, 450000, 88, true, 4555246492, 0
0, 0, 450000, 89, true, 4179290512, 0
0, 0, 450000, 90, true, 4403774861, 0
0, 0, 450000, 91, true, 4782764565, 0
0, 0, 450000, 92, true, 4172628604, 0
0, 0, 450000, 93, true, 4546504541, 0
0, 0, 450000, 94, true, 4767874179, 0
0, 0, 450000, 95, true, 4297484770, 0
0, 0, 450000, 96, true, 4837907022, 0
0, 0, 450000, 97, true, 4330338096, 0
0, 0, 450000, 98, true, 4221381960, 0
0, 0, 450000, 99, true, 4770291993, 0
0, 0, 500000, 0, true, 5117078031, 0
0, 0, 500000, 1, true, 3873125923, 0
0, 0, 500000, 2, true, 4504703441, 0
0, 0, 500000, 3, true, 4561043283, 0
0, 0, 500000, 4, true, 4009657735, 0
0, 0, 500000, 5, true, 4445982110, 0
0, 0, 500000, 6, true, 4426105139, 0
0, 0, 500000, 7, true, 3826790642, 0
0, 0, 500000, 8, true, 4448032441, 0
0, 0, 500000, 9, true, 4563391183, 0
0, 0, 500000, 10, true, 4368798607, 0
0, 0, 500000, 11, true, 3899255967, 0
0, 0, 500000, 12, true, 4441801105, 0
0, 0, 500000, 13, true, 4489000487, 0
0, 0, 500000, 14, true, 3933676145, 0
0, 0, 500000, 15, true, 4448888905, 0
0, 0, 500000, 16, true, 4298804378, 0
0, 0, 500000, 17, true, 4440277938, 0
0, 0, 500000, 18, true, 3909309591, 0
0, 0, 500000, 19, true, 4389250348, 0
0, 0, 500000, 20, true, 4383827686, 0
0, 0, 500000, 21, true, 3788249264, 0
0, 0, 500000, 22, true, 4454772799, 0
0, 0, 500000, 23, true, 4577334893, 0
0, 0, 500000, 24, true, 4425050159, 0
0, 0, 500000, 25, true, 3813119757, 0
0, 0, 500000, 26, true, 4507832350, 0
0, 0, 500000, 27, true, 3974608123, 0
0, 0, 500000, 28, true, 3711458465, 0
0, 0, 500000, 29, true, 4532190890, 0
0, 0, 500000, 30, true, 4345653549, 0
0, 0, 500000, 31, true, 3922566746, 0
0, 0, 500000, 32, true, 4391367366, 0
0, 0, 500000, 33, true, 4546665004, 0
0, 0, 500000, 34, true, 3947468648, 0
0, 0, 500000, 35, true, 4424462146, 0
0, 0, 500000, 36, true, 4565123564, 0
0, 0, 500000, 37, true, 4010494126, 0
0, 0, 500000, 38, true, 4441973493, 0
0, 0, 500000, 39, true, 4394726405, 0
0, 0, 500000, 40, true, 3776953068, 0
0, 0, 500000, 41, true, 4439690135, 0
0, 0, 500000, 42, true, 4564777632, 0
0, 0, 500000, 43, true, 4396785621, 0
0, 0, 500000, 44, true, 3975448575, 0
0, 0, 500000, 45, true, 4399812969, 0
0, 0, 500000, 46, true, 4479963761, 0
0, 0, 500000, 47, true, 3982440388, 0
0, 0, 500000, 48, true, 4420390776, 0
0, 0, 500000, 49, true, 4336697199, 0
0, 0, 500000, 50, true, 4373736857, 0
0, 0, 500000, 51, true, 3901939682, 0
0, 0, 500000, 52, true, 4497050357, 0
0, 0, 500000, 53, true, 3932215869, 0
0, 0, 500000, 54, true, 3746198131, 0
0, 0, 500000, 55, true, 4589192976, 0
0, 0, 500000, 56, true, 4398017857, 0
0, 0, 500000, 57, true, 3926818693, 0
0, 0, 500000, 58, true, 4471395745, 0
0, 0, 500000, 59, true, 4499873702, 0
0, 0, 500000, 60, true, 3945514136, 0
0, 0, 500000, 61, true, 4433511005, 0
0, 0, 500000, 62, true, 4557920830, 0
0, 0, 500000, 63, true, 3932833066, 0
0, 0, 500000, 64, true, 4434378370, 0
0, 0, 500000, 65, true, 4360461930, 0
0, 0, 500000, 66, true, 3790636619, 0
0, 0, 500000, 67, true, 4474073700, 0
0, 0, 500000, 68, true, 4539714702, 0
0, 0, 500000, 69, true, 4368240874, 0
0, 0, 500000, 70, true, 3993862343, 0
0, 0, 500000, 71, true, 4434165596, 0
0, 0, 500000, 72, true, 4365160759, 0
0, 0, 500000, 73, true, 3819053763, 0
0, 0, 500000, 74, true, 4456439433, 0
0, 0, 500000, 75, true, 4349539179, 0
0, 0, 500000, 76, true, 4424678372, 0
0, 0, 500000, 77, true, 3843434203, 0
0, 0, 500000, 78, true, 4532760747, 0
0, 0, 500000, 79, true, 3877999361, 0
0, 0, 500000, 80, true, 3699439210, 0
0, 0, 500000, 81, true, 4566765216, 0
0, 0, 500000, 82, true, 3998262657, 0
0, 0, 500000, 83, true, 4487775684, 0
0, 0, 500000, 84, true, 4433595474, 0
0, 0, 500000, 85, true, 3738351411, 0
0, 0, 500000, 86, true, 4456210578, 0
0, 0, 500000, 87, true, 4349593609, 0
0, 0, 500000, 88, true, 4337961191, 0
0, 0, 500000, 89, true, 3788449550, 0
0, 0, 500000, 90, true, 4489051681, 0
0, 0, 500000, 91, true, 3939855387, 0
0, 0, 500000, 92, true, 3852782812, 0
0, 0, 500000, 93, true, 4525310007, 0
0, 0, 500000, 94, true, 4417237396, 0
0, 0, 500000, 95, true, 3979095870, 0
0, 0, 500000, 96, true, 4406706969, 0
0, 0, 500000, 97, true, 4493766290, 0
0, 0, 500000, 98, true, 3939942760, 0
0, 0, 500000, 99, true, 4402838025, 0
0, 0, 550000, 0, true, 4599210387, 0
0, 0, 550000, 1, true, 3601078467, 0
0, 0, 550000, 2, true, 3786090549, 0
0, 0, 550000, 3, true, 8061714157, 0
0, 0, 550000, 4, true, 4296701941, 0
0, 0, 550000, 5, true, 4070443427, 0
0, 0, 550000, 6, true, 4173956761, 0
0, 0, 550000, 7, true, 4176808791, 0
0, 0, 550000, 8, true, 6613088895, 0
0, 0, 550000, 9, true, 3658747410, 0
0, 0, 550000, 10, true, 7950012104, 0
0, 0, 550000, 11, true, 4304310884, 0
0, 0, 550000, 12, true, 4153512902, 0
0, 0, 550000, 13, true, 4154907829, 0
0, 0, 550000, 14, true, 4080542164, 0
0, 0, 550000, 15, true, 6591474440, 0
0, 0, 550000, 16, true, 3732034963, 0
0, 0, 550000, 17, true, 8190812117, 0
0, 0, 550000, 18, true, 4374967663, 0
0, 0, 550000, 19, true, 4250109934, 0
0, 0, 550000, 20, true, 4195667468, 0
0, 0, 550000, 21, true, 4072431014, 0
0, 0, 550000, 22, true, 4013075758, 0
0, 0, 550000, 23, true, 4194562646, 0
0, 0, 550000, 24, true, 4122781562, 0
0, 0, 550000, 25, true, 6786874572, 0
0, 0, 550000, 26, true, 3709946580, 0
0, 0, 550000, 27, true, 8271743348, 0
0, 0, 550000, 28, true, 4312642750, 0
0, 0, 550000, 29, true, 4315838865, 0
0, 0, 550000, 30, true, 4039463765, 0
0, 0, 550000, 31, true, 4065098856, 0
0, 0, 550000, 32, true, 6654593942, 0
0, 0, 550000, 33, true, 3702596539, 0
0, 0, 550000, 34, true, 3740515963, 0
0, 0, 550000, 35, true, 7737450772, 0
0, 0, 550000, 36, true, 4231426935, 0
0, 0, 550000, 37, true, 4139870832, 0
0, 0, 550000, 38, true, 4153705844, 0
0, 0, 550000, 39, true, 4133480676, 0
0, 0, 550000, 40, true, 6704382252, 0
0, 0, 550000, 41, true, 3744795535, 0
0, 0, 550000, 42, true, 7907089772, 0
0, 0, 550000, 43, true, 4431786375, 0
0, 0, 550000, 44, true, 4152473348, 0
0, 0, 550000, 45, true, 4140380546, 0
0, 0, 550000, 46, true, 4153322287, 0
0, 0, 550000, 47, true, 6683527581, 0
0, 0, 550000, 48, true, 3771377554, 0
0, 0, 550000, 49, true, 7946285144, 0
0, 0, 550000, 50, true, 4317865178, 0
0, 0, 550000, 51, true, 4183637145, 0
0, 0, 550000, 52, true, 4154832732, 0
0, 0, 550000, 53, true, 4166926858, 0
0, 0, 550000, 54, true, 4111305912, 0
0, 0, 550000, 55, true, 6506701870, 0
0, 0, 550000, 56, true, 3631424980, 0
0, 0, 550000, 57, true, 3828429820, 0
0, 0, 550000, 58, true, 8006189246, 0
0, 0, 550000, 59, true, 4242997079, 0
0, 0, 550000, 60, true, 4192948710, 0
0, 0, 550000, 61, true, 4061816293, 0
0, 0, 550000, 62, true, 4191578696, 0
0, 0, 550000, 63, true, 6610570656, 0
0, 0, 550000, 64, true, 3782783913, 0
0, 0, 550000, 65, true, 7878106138, 0
0, 0, 550000, 66, true, 4319216498, 0
0, 0, 550000, 67, true, 4134059230, 0
0, 0, 550000, 68, true, 4094192114, 0
0, 0, 550000, 69, true, 4077725380, 0
0, 0, 550000, 70, true, 4074989807, 0
0, 0, 550000, 71, true, 4163342621, 0
0, 0, 550000, 72, true, 4157112744, 0
0, 0, 550000, 73, true, 4154109626, 0
0, 0, 550000, 74, true, 4144346484, 0
0, 0, 550000, 75, true, 4122850275, 0
0, 0, 550000, 76, true, 4169284243, 0
0, 0, 550000, 77, true, 6603820696, 0
0, 0, 550000, 78, true, 3718509890, 0
0, 0, 550000, 79, true, 8107485836, 0
0, 0, 550000, 80, true, 4204581936, 0
0, 0, 550000, 81, true, 4331483663, 0
0, 0, 550000, 82, true, 4077994546, 0
0, 0, 550000, 83, true, 4110711851, 0
0, 0, 550000, 84, true, 4142422154, 0
0, 0, 550000, 85, true, 6679257606, 0
0, 0, 550000, 86, true, 3781937285, 0
0, 0, 550000, 87, true, 8066817543, 0
0, 0, 550000, 88, true, 4390743602, 0
0, 0, 550000, 89, true, 4183816212, 0
0, 0, 550000, 90, true, 4149523972, 0
0, 0, 550000, 91, true, 4114008163, 0
0, 0, 550000, 92, true, 6606481503, 0
0, 0, 550000, 93, true, 3809437039, 0
0, 0, 550000, 94, true, 8057606291, 0
0, 0, 550000, 95, true, 4352826076, 0
0, 0, 550000, 96, true, 4193296628, 0
0, 0, 550000, 97, true, 4107913053, 0
0, 0, 550000, 98, true, 4164382167, 0
0, 0, 550000, 99, true, 6771207139, 0
0, 0, 600000, 0, true, 8400899872, 0
0, 0, 600000, 1, true, 8096777244, 0
0, 0, 600000, 2, true, 7457906759, 0
0, 0, 600000, 3, true, 7310129659, 0
0, 0, 600000, 4, true, 7421499543, 0
0, 0, 600000, 5, true, 7393735123, 0
0, 0, 600000, 6, true, 7334509527, 0
0, 0, 600000, 7, true, 7323413232, 0
0, 0, 600000, 8, true, 7451764911, 0
0, 0, 600000, 9, true, 7634685701, 0
0, 0, 600000, 10, true, 7575270304, 0
0, 0, 600000, 11, true, 8020030898, 0
0, 0, 600000, 12, true, 8012932461, 0
0, 0, 600000, 13, true, 7871441836, 0
0, 0, 600000, 14, true, 8343016416, 0
0, 0, 600000, 15, true, 8306715937, 0
0, 0, 600000, 16, true, 8248748024, 0
0, 0, 600000, 17, true, 8398729251, 0
0, 0, 600000, 18, true, 8058334478, 0
0, 0, 600000, 19, true, 8005116962, 0
0, 0, 600000, 20, true, 8180149268, 0
0, 0, 600000, 21, true, 8174171411, 0
0, 0, 600000, 22, true, 6801254229, 0
0, 0, 600000, 23, true, 6828095833, 0
0, 0, 600000, 24, true, 6835600720, 0
0, 0, 600000, 25, true, 10228626282, 0
0, 0, 600000, 26, true, 10258885150, 0
0, 0, 600000, 27, true, 7317599263, 0
0, 0, 600000, 28, true, 7394547423, 0
0, 0, 600000, 29, true, 7393378900, 0
0, 0, 600000, 30, true, 7366268437, 0
0, 0, 600000, 31, true, 7320285425, 0
0, 0, 600000, 32, true, 7573676657, 0
0, 0, 600000, 33, true, 7469879011, 0
0, 0, 600000, 34, true, 8091734308, 0
0, 0, 600000, 35, true, 7894164667, 0
0, 0, 600000, 36, true, 8256960169, 0
0, 0, 600000, 37, true, 8266918014, 0
0, 0, 600000, 38, true, 8441905632, 0
0, 0, 600000, 39, true, 6809814712, 0
0, 0, 600000, 40, true, 6673178795, 0
0, 0, 600000, 41, true, 6917664750, 0
0, 0, 600000, 42, true, 6768880294, 0
0, 0, 600000, 43, true, 10112671898, 0
0, 0, 600000, 44, true, 10293316891, 0
0, 0, 600000, 45, true, 7322860903, 0
0, 0, 600000, 46, true, 7311486566, 0
0, 0, 600000, 47, true, 7478491631, 0
0, 0, 600000, 48, true, 7240197098, 0
0, 0, 600000, 49, true, 7389075275, 0
0, 0, 600000, 50, true, 7291777990, 0
0, 0, 600000, 51, true, 7640543744, 0
0, 0, 600000, 52, true, 7444836569, 0
0, 0, 600000, 53, true, 7543555784, 0
0, 0, 600000, 54, true, 8028815239, 0
0, 0, 600000, 55, true, 8118100759, 0
0, 0, 600000, 56, true, 8092314750, 0
0, 0, 600000, 57, true, 8210892452, 0
0, 0, 600000, 58, true, 8146251998, 0
0, 0, 600000, 59, true, 8270448674, 0
0, 0, 600000, 60, true, 8340249202, 0
0, 0, 600000, 61, true, 8187527547, 0
0, 0, 600000, 62, true, 8132653698, 0
0, 0, 600000, 63, true, 6874027409, 0
0, 0, 600000, 64, true, 8025982573, 0
0, 0, 600000, 65, true, 6813908204, 0
0, 0, 600000, 66, true, 6783295901, 0
0, 0, 600000, 67, true, 6877983428, 0
0, 0, 600000, 68, true, 10240309211, 0
0, 0, 600000, 69, true, 10174337621, 0
0, 0, 600000, 70, true, 7264620983, 0
0, 0, 600000, 71, true, 7332971174, 0
0, 0, 600000, 72, true, 7500873580, 0
0, 0, 600000, 73, true, 7452356405, 0
0, 0, 600000, 74, true, 7355726862, 0
0, 0, 600000, 75, true, 7515983713, 0
0, 0, 600000, 76, true, 7512975763, 0
0, 0, 600000, 77, true, 7993374268, 0
0, 0, 600000, 78, true, 7996791599, 0
0, 0, 600000, 79, true, 8180943499, 0
0, 0, 600000, 80, true, 8288017556, 0
0, 0, 600000, 81, true, 8369678944, 0
0, 0, 600000, 82, true, 7978754015, 0
0, 0, 600000, 83, true, 6861176563, 0
0, 0, 600000, 84, true, 6703855472, 0
0, 0, 600000, 85, true, 6914975089, 0
0, 0, 600000, 86, true, 6798665415, 0
0, 0, 600000, 87, true, 10127549374, 0
0, 0, 600000, 88, true, 10313175358, 0
0, 0, 600000, 89, true, 7298064442, 0
0, 0, 600000, 90, true, 7347660589, 0
0, 0, 600000, 91, true, 7488546893, 0
0, 0, 600000, 92, true, 7475772752, 0
0, 0, 600000, 93, true, 7522356330, 0
0, 0, 600000, 94, true, 7247570580, 0
0, 0, 600000, 95, true, 7435592933, 0
0, 0, 600000, 96, true, 7448764139, 0
0, 0, 600000, 97, true, 7601777311, 0
0, 0, 600000, 98, true, 7911876964, 0
0, 0, 600000, 99, true, 8061904843, 0
0, 0, 650000, 0, true, 7610501849, 0
0, 0, 650000, 1, true, 7962365757, 0
0, 0, 650000, 2, true, 7143169406, 0
0, 0, 650000, 3, true, 7137574966, 0
0, 0, 650000, 4, true, 7602503273, 0
0, 0, 650000, 5, true, 7925436959, 0
0, 0, 650000, 6, true, 7154590907, 0
0, 0, 650000, 7, true, 7222749352, 0
0, 0, 650000, 8, true, 7821650127, 0
0, 0, 650000, 9, true, 7126599850, 0
0, 0, 650000, 10, true, 7330248275, 0
0, 0, 650000, 11, true, 7060995932, 0
0, 0, 650000, 12, true, 7740853070, 0
0, 0, 650000, 13, true, 7962662408, 0
0, 0, 650000, 14, true, 7411202353, 0
0, 0, 650000, 15, true, 7177506245, 0
0, 0, 650000, 16, true, 7713710455, 0
0, 0, 650000, 17, true, 7093378086, 0
0, 0, 650000, 18, true, 6905153457, 0
0, 0, 650000, 19, true, 7283484748, 0
0, 0, 650000, 20, true, 7973895034, 0
0, 0, 650000, 21, true, 7242171178, 0
0, 0, 650000, 22, true, 7556623103, 0
0, 0, 650000, 23, true, 7953510230, 0
0, 0, 650000, 24, true, 7237236256, 0
0, 0, 650000, 25, true, 7245394467, 0
0, 0, 650000, 26, true, 7641200806, 0
0, 0, 650000, 27, true, 7003578679, 0
0, 0, 650000, 28, true, 7191411814, 0
0, 0, 650000, 29, true, 7307342741, 0
0, 0, 650000, 30, true, 7622631289, 0
0, 0, 650000, 31, true, 7964206575, 0
0, 0, 650000, 32, true, 7176234833, 0
0, 0, 650000, 33, true, 7264762029, 0
0, 0, 650000, 34, true, 7951096463, 0
0, 0, 650000, 35, true, 7393669261, 0
0, 0, 650000, 36, true, 7596840760, 0
0, 0, 650000, 37, true, 7882698743, 0
0, 0, 650000, 38, true, 7178084777, 0
0, 0, 650000, 39, true, 7285350583, 0
0, 0, 650000, 40, true, 7706590439, 0
0, 0, 650000, 41, true, 7908306183, 0
0, 0, 650000, 42, true, 7204415593, 0
0, 0, 650000, 43, true, 7312563526, 0
0, 0, 650000, 44, true, 7506978163, 0
0, 0, 650000, 45, true, 7156642083, 0
0, 0, 650000, 46, true, 7236212556, 0
0, 0, 650000, 47, true, 7298900780, 0
0, 0, 650000, 48, true, 7852753398, 0
0, 0, 650000, 49, true, 7097705175, 0
0, 0, 650000, 50, true, 6932755770, 0
0, 0, 650000, 51, true, 7674272108, 0
0, 0, 650000, 52, true, 7831313506, 0
0, 0, 650000, 53, true, 7093273832, 0
0, 0, 650000, 54, true, 6890422607, 0
0, 0, 650000, 55, true, 7185869431, 0
0, 0, 650000, 56, true, 7239865195, 0
0, 0, 650000, 57, true, 6906924332, 0
0, 0, 650000, 58, true, 7376591236, 0
0, 0, 650000, 59, true, 7954598241, 0
0, 0, 650000, 60, true, 6697707987, 0
0, 0, 650000, 61, true, 7459093552, 0
0, 0, 650000, 62, true, 8019617405, 0
0, 0, 650000, 63, true, 7253952792, 0
0, 0, 650000, 64, true, 7358601278, 0
0, 0, 650000, 65, true, 7663403934, 0
0, 0, 650000, 66, true, 7879041096, 0
0, 0, 650000, 67, true, 7166025399, 0
0, 0, 650000, 68, true, 7215418809, 0
0, 0, 650000, 69, true, 7505797999, 0
0, 0, 650000, 70, true, 6964157696, 0
0, 0, 650000, 71, true, 7517412011, 0
0, 0, 650000, 72, true, 7325688282, 0
0, 0, 650000, 73, true, 7229356104, 0
0, 0, 650000, 74, true, 7173970052, 0
0, 0, 650000, 75, true, 7249343568, 0
0, 0, 650000, 76, true, 7146317153, 0
0, 0, 650000, 77, true, 7710669020, 0
0, 0, 650000, 78, true, 7048615083, 0
0, 0, 650000, 79, true, 6946275468, 0
0, 0, 650000, 80, true, 7335260243, 0
0, 0, 650000, 81, true, 7829378308, 0
0, 0, 650000, 82, true, 7193285771, 0
0, 0, 650000, 83, true, 7263565575, 0
0, 0, 650000, 84, true, 7508479867, 0
0, 0, 650000, 85, true, 7903887625, 0
0, 0, 650000, 86, true, 7130587616, 0
0, 0, 650000, 87, true, 7163276291, 0
0, 0, 650000, 88, true, 7620020047, 0
0, 0, 650000, 89, true, 7075224569, 0
0, 0, 650000, 90, true, 7056338892, 0
0, 0, 650000, 91, true, 7577121605, 0
0, 0, 650000, 92, true, 7930524605, 0
0, 0, 650000, 93, true, 7089695378, 0
0, 0, 650000, 94, true, 6896397932, 0
0, 0, 650000, 95, true, 7494337794, 0
0, 0, 650000, 96, true, 7073086107, 0
0, 0, 650000, 97, true, 7155161265, 0
0, 0, 650000, 98, true, 7437296487, 0
0, 0, 650000, 99, true, 7708984957, 0
0, 0, 700000, 0, true, 7336716318, 0
0, 0, 700000, 1, true, 7352013337, 0
0, 0, 700000, 2, true, 8021498010, 0
0, 0, 700000, 3, true, 7331236970, 0
0, 0, 700000, 4, true, 7556552717, 0
0, 0, 700000, 5, true, 7333626535, 0
0, 0, 700000, 6, true, 7561657404, 0
0, 0, 700000, 7, true, 7443367266, 0
0, 0, 700000, 8, true, 7417759813, 0
0, 0, 700000, 9, true, 8160445673, 0
0, 0, 700000, 10, true, 7298730889, 0
0, 0, 700000, 11, true, 7705170537, 0
0, 0, 700000, 12, true, 7170310087, 0
0, 0, 700000, 13, true, 7514313544, 0
0, 0, 700000, 14, true, 8087564473, 0
0, 0, 700000, 15, true, 7412496560, 0
0, 0, 700000, 16, true, 7755401908, 0
0, 0, 700000, 17, true, 7281872633, 0
0, 0, 700000, 18, true, 7588761022, 0
0, 0, 700000, 19, true, 7348636061, 0
0, 0, 700000, 20, true, 7418017031, 0
0, 0, 700000, 21, true, 8399413613, 0
0, 0, 700000, 22, true, 7382859375, 0
0, 0, 700000, 23, true, 7718184319, 0
0, 0, 700000, 24, true, 7302371440, 0
0, 0, 700000, 25, true, 7567214491, 0
0, 0, 700000, 26, true, 7487300860, 0
0, 0, 700000, 27, true, 7456279667, 0
0, 0, 700000, 28, true, 8502730534, 0
0, 0, 700000, 29, true, 7414288366, 0
0, 0, 700000, 30, true, 8216662757, 0
0, 0, 700000, 31, true, 7381943809, 0
0, 0, 700000, 32, true, 7651571042, 0
0, 0, 700000, 33, true, 7372953696, 0
0, 0, 700000, 34, true, 7622069799, 0
0, 0, 700000, 35, true, 7268430615, 0
0, 0, 700000, 36, true, 7527339067, 0
0, 0, 700000, 37, true, 7369180232, 0
0, 0, 700000, 38, true, 7567623417, 0
0, 0, 700000, 39, true, 8028695525, 0
0, 0, 700000, 40, true, 7439446453, 0
0, 0, 700000, 41, true, 7488714050, 0
0, 0, 700000, 42, true, 7383514673, 0
0, 0, 700000, 43, true, 7403044848, 0
0, 0, 700000, 44, true, 7890681594, 0
0, 0, 700000, 45, true, 7362131496, 0
0, 0, 700000, 46, true, 7590741881, 0
0, 0, 700000, 47, true, 7468187758, 0
0, 0, 700000, 48, true, 7523910558, 0
0, 0, 700000, 49, true, 7905408059, 0
0, 0, 700000, 50, true, 7329982916, 0
0, 0, 700000, 51, true, 7585288805, 0
0, 0, 700000, 52, true, 7471861898, 0
0, 0, 700000, 53, true, 7480132853, 0
0, 0, 700000, 54, true, 7901113934, 0
0, 0, 700000, 55, true, 7410577055, 0
0, 0, 700000, 56, true, 7706586160, 0
0, 0, 700000, 57, true, 7388187635, 0
0, 0, 700000, 58, true, 7497068706, 0
0, 0, 700000, 59, true, 7827875151, 0
0, 0, 700000, 60, true, 7283482433, 0
0, 0, 700000, 61, true, 7768845743, 0
0, 0, 700000, 62, true, 7495167673, 0
0, 0, 700000, 63, true, 7467482718, 0
0, 0, 700000, 64, true, 8124417517, 0
0, 0, 700000, 65, true, 7335402155, 0
0, 0, 700000, 66, true, 7557013267, 0
0, 0, 700000, 67, true, 7545831579, 0
0, 0, 700000, 68, true, 7459113756, 0
0, 0, 700000, 69, true, 8006008249, 0
0, 0, 700000, 70, true, 7409962434, 0
0, 0, 700000, 71, true, 7714918189, 0
0, 0, 700000, 72, true, 7495513619, 0
0, 0, 700000, 73, true, 7440833845, 0
0, 0, 700000, 74, true, 8015884253, 0
0, 0, 700000, 75, true, 7314606916, 0
0, 0, 700000, 76, true, 7606769881, 0
0, 0, 700000, 77, true, 7401414082, 0
0, 0, 700000, 78, true, 7415507327, 0
0, 0, 700000, 79, true, 7823523632, 0
0, 0, 700000, 80, true, 7396461021, 0
0, 0, 700000, 81, true, 7628076675, 0
0, 0, 700000, 82, true, 7517655177, 0
0, 0, 700000, 83, true, 7458827190, 0
0, 0, 700000, 84, true, 7835196162, 0
0, 0, 700000, 85, true, 7405073833, 0
0, 0, 700000, 86, true, 7631623320, 0
0, 0, 700000, 87, true, 7415444845, 0
0, 0, 700000, 88, true, 7421960323, 0
0, 0, 700000, 89, true, 8421885369, 0
0, 0, 700000, 90, true, 7355093098, 0
0, 0, 700000, 91, true, 7670473525, 0
0, 0, 700000, 92, true, 7287176857, 0
0, 0, 700000, 93, true, 7400899908, 0
0, 0, 700000, 94, true, 7448249289, 0
0, 0, 700000, 95, true, 7506568955, 0
0, 0, 700000, 96, true, 7873519564, 0
0, 0, 700000, 97, true, 7323256382, 0
0, 0, 700000, 98, true, 7542371572, 0
0, 0, 700000, 99, true, 7217939829, 0
0, 0, 750000, 0, true, 7993300715, 0
0, 0, 750000, 1, true, 7747602312, 0
0, 0, 750000, 2, true, 7915727584, 0
0, 0, 750000, 3, true, 7962646527, 0
0, 0, 750000, 4, true, 7203261158, 0
0, 0, 750000, 5, true, 7960291077, 0
0, 0, 750000, 6, true, 7703247506, 0
0, 0, 750000, 7, true, 7756142099, 0
0, 0, 750000, 8, true, 7772661339, 0
0, 0, 750000, 9, true, 7743638194, 0
0, 0, 750000, 10, true, 7764591578, 0
0, 0, 750000, 11, true, 8024417144, 0
0, 0, 750000, 12, true, 7613073043, 0
0, 0, 750000, 13, true, 7889052949, 0
0, 0, 750000, 14, true, 7768835708, 0
0, 0, 750000, 15, true, 7119139787, 0
0, 0, 750000, 16, true, 7917675739, 0
0, 0, 750000, 17, true, 7768963290, 0
0, 0, 750000, 18, true, 7790325617, 0
0, 0, 750000, 19, true, 7954111687, 0
0, 0, 750000, 20, true, 7689716901, 0
0, 0, 750000, 21, true, 8039744307, 0
0, 0, 750000, 22, true, 7881325554, 0
0, 0, 750000, 23, true, 7034636041, 0
0, 0, 750000, 24, true, 8132024301, 0
0, 0, 750000, 25, true, 7841912986, 0
0, 0, 750000, 26, true, 7677973305, 0
0, 0, 750000, 27, true, 7939150769, 0
0, 0, 750000, 28, true, 7575923632, 0
0, 0, 750000, 29, true, 7706838753, 0
0, 0, 750000, 30, true, 7979059625, 0
0, 0, 750000, 31, true, 7816482691, 0
0, 0, 750000, 32, true, 7714106471, 0
0, 0, 750000, 33, true, 7884034687, 0
0, 0, 750000, 34, true, 7748836516, 0
0, 0, 750000, 35, true, 7845625661, 0
0, 0, 750000, 36, true, 7910315164, 0
0, 0, 750000, 37, true, 7250974854, 0
0, 0, 750000, 38, true, 7937468912, 0
0, 0, 750000, 39, true, 7987643574, 0
0, 0, 750000, 40, true, 7111413198, 0
0, 0, 750000, 41, true, 7988466453, 0
0, 0, 750000, 42, true, 7666079485, 0
0, 0, 750000, 43, true, 7887736504, 0
0, 0, 750000, 44, true, 7978990795, 0
0, 0, 750000, 45, true, 7750587261, 0
0, 0, 750000, 46, true, 7876669547, 0
0, 0, 750000, 47, true, 7862174578, 0
0, 0, 750000, 48, true, 7177689532, 0
0, 0, 750000, 49, true, 7892607262, 0
0, 0, 750000, 50, true, 7868158112, 0
0, 0, 750000, 51, true, 7710526121, 0
0, 0, 750000, 52, true, 7844324067, 0
0, 0, 750000, 53, true, 7737119359, 0
0, 0, 750000, 54, true, 7680587574, 0
0, 0, 750000, 55, true, 7984145664, 0
0, 0, 750000, 56, true, 7811155405, 0
0, 0, 750000, 57, true, 7869360675, 0
0, 0, 750000, 58, true, 7834321268, 0
0, 0, 750000, 59, true, 7668547656, 0
0, 0, 750000, 60, true, 7963169600, 0
0, 0, 750000, 61, true, 7965764868, 0
0, 0, 750000, 62, true, 7195105990, 0
0, 0, 750000, 63, true, 7963178900, 0
0, 0, 750000, 64, true, 7837230404, 0
0, 0, 750000, 65, true, 7643660496, 0
0, 0, 750000, 66, true, 7822258371, 0
0, 0, 750000, 67, true, 7977140183, 0
0, 0, 750000, 68, true, 7611310530, 0
0, 0, 750000, 69, true, 8083074275, 0
0, 0, 750000, 70, true, 7786827158, 0
0, 0, 750000, 71, true, 7138588453, 0
0, 0, 750000, 72, true, 7999008869, 0
0, 0, 750000, 73, true, 7769941857, 0
0, 0, 750000, 74, true, 7756427340, 0
0, 0, 750000, 75, true, 7952817170, 0
0, 0, 750000, 76, true, 7613835689, 0
0, 0, 750000, 77, true, 7692703415, 0
0, 0, 750000, 78, true, 7939318173, 0
0, 0, 750000, 79, true, 7627541539, 0
0, 0, 750000, 80, true, 7644782540, 0
0, 0, 750000, 81, true, 7872562728, 0
0, 0, 750000, 82, true, 7666478215, 0
0, 0, 750000, 83, true, 7793211767, 0
0, 0, 750000, 84, true, 7881690566, 0
0, 0, 750000, 85, true, 7309640162, 0
0, 0, 750000, 86, true, 7981810346, 0
0, 0, 750000, 87, true, 7957470211, 0
0, 0, 750000, 88, true, 7752748336, 0
0, 0, 750000, 89, true, 8064782190, 0
0, 0, 750000, 90, true, 8003431117, 0
0, 0, 750000, 91, true, 7180679203, 0
0, 0, 750000, 92, true, 7939332183, 0
0, 0, 750000, 93, true, 7805077611, 0
0, 0, 750000, 94, true, 7268042290, 0
0, 0, 750000, 95, true, 7988468087, 0
0, 0, 750000, 96, true, 7772958568, 0
0, 0, 750000, 97, true, 7804708531, 0
0, 0, 750000, 98, true, 7975068932, 0
0, 0, 750000, 99, true, 7963729534, 0
0, 0, 800000, 0, true, 7571230956, 0
0, 0, 800000, 1, true, 8311490340, 0
0, 0, 800000, 2, true, 8157621890, 0
0, 0, 800000, 3, true, 8174273604, 0
0, 0, 800000, 4, true, 8079736998, 0
0, 0, 800000, 5, true, 7882631926, 0
0, 0, 800000, 6, true, 7663696585, 0
0, 0, 800000, 7, true, 7706413207, 0
0, 0, 800000, 8, true, 7801336223, 0
0, 0, 800000, 9, true, 8201764729, 0
0, 0, 800000, 10, true, 8361063165, 0
0, 0, 800000, 11, true, 8092904159, 0
0, 0, 800000, 12, true, 8133213160, 0
0, 0, 800000, 13, true, 8102574976, 0
0, 0, 800000, 14, true, 8036499626, 0
0, 0, 800000, 15, true, 7816353071, 0
0, 0, 800000, 16, true, 7657364889, 0
0, 0, 800000, 17, true, 7647982748, 0
0, 0, 800000, 18, true, 8207344068, 0
0, 0, 800000, 19, true, 8177398506, 0
0, 0, 800000, 20, true, 8171384674, 0
0, 0, 800000, 21, true, 7988003329, 0
0, 0, 800000, 22, true, 7976287266, 0
0, 0, 800000, 23, true, 8028543492, 0
0, 0, 800000, 24, true, 7699248719, 0
0, 0, 800000, 25, true, 7677279239, 0
0, 0, 800000, 26, true, 7509028716, 0
0, 0, 800000, 27, true, 8309295288, 0
0, 0, 800000, 28, true, 8182291786, 0
0, 0, 800000, 29, true, 8369014570, 0
0, 0, 800000, 30, true, 7992728517, 0
0, 0, 800000, 31, true, 7961719354, 0
0, 0, 800000, 32, true, 8163950096, 0
0, 0, 800000, 33, true, 7692130788, 0
0, 0, 800000, 34, true, 7633149100, 0
0, 0, 800000, 35, true, 7522370547, 0
0, 0, 800000, 36, true, 7571897183, 0
0, 0, 800000, 37, true, 8274936841, 0
0, 0, 800000, 38, true, 8271952492, 0
0, 0, 800000, 39, true, 8043496032, 0
0, 0, 800000, 40, true, 8052001189, 0
0, 0, 800000, 41, true, 7972632308, 0
0, 0, 800000, 42, true, 7664529157, 0
0, 0, 800000, 43, true, 7789890043, 0
0, 0, 800000, 44, true, 7787944182, 0
0, 0, 800000, 45, true, 7687523255, 0
0, 0, 800000, 46, true, 7686111993, 0
0, 0, 800000, 47, true, 7519211464, 0
0, 0, 800000, 48, true, 8234217387, 0
0, 0, 800000, 49, true, 8256143785, 0
0, 0, 800000, 50, true, 8252887367, 0
0, 0, 800000, 51, true, 8215329285, 0
0, 0, 800000, 52, true, 8027789771, 0
0, 0, 800000, 53, true, 7725960251, 0
0, 0, 800000, 54, true, 7661701594, 0
0, 0, 800000, 55, true, 7631570116, 0
0, 0, 800000, 56, true, 7552507490, 0
0, 0, 800000, 57, true, 7501721297, 0
0, 0, 800000, 58, true, 7511585524, 0
0, 0, 800000, 59, true, 8244492341, 0
0, 0, 800000, 60, true, 8132798344, 0
0, 0, 800000, 61, true, 8061488240, 0
0, 0, 800000, 62, true, 8120215000, 0
0, 0, 800000, 63, true, 8074664808, 0
0, 0, 800000, 64, true, 7687426092, 0
0, 0, 800000, 65, true, 7635421641, 0
0, 0, 800000, 66, true, 7640844975, 0
0, 0, 800000, 67, true, 7559462692, 0
0, 0, 800000, 68, true, 8165511121, 0
0, 0, 800000, 69, true, 8238831088, 0
0, 0, 800000, 70, true, 8124457426, 0
0, 0, 800000, 71, true, 8099443707, 0
0, 0, 800000, 72, true, 7910274717, 0
0, 0, 800000, 73, true, 8147720534, 0
0, 0, 800000, 74, true, 7634847262, 0
0, 0, 800000, 75, true, 7547222319, 0
0, 0, 800000, 76, true, 7567655467, 0
0, 0, 800000, 77, true, 8206944152, 0
0, 0, 800000, 78, true, 8266662410, 0
0, 0, 800000, 79, true, 8059320350, 0
0, 0, 800000, 80, true, 8034673711, 0
0, 0, 800000, 81, true, 8134547407, 0
0, 0, 800000, 82, true, 8050139405, 0
0, 0, 800000, 83, true, 7998745503, 0
0, 0, 800000, 84, true, 7666882159, 0
0, 0, 800000, 85, true, 7602505961, 0
0, 0, 800000, 86, true, 7598378090, 0
0, 0, 800000, 87, true, 8284179097, 0
0, 0, 800000, 88, true, 8161978246, 0
0, 0, 800000, 89, true, 8152294143, 0
0, 0, 800000, 90, true, 7936076774, 0
0, 0, 800000, 91, true, 8005307834, 0
0, 0, 800000, 92, true, 8126966101, 0
0, 0, 800000, 93, true, 7664760165, 0
0, 0, 800000, 94, true, 7669312850, 0
0, 0, 800000, 95, true, 7627878596, 0
0, 0, 800000, 96, true, 8250291229, 0
0, 0, 800000, 97, true, 8059283314, 0
0, 0, 800000, 98, true, 8094941344, 0
0, 0, 800000, 99, true, 8068615745, 0
0, 0, 850000, 0, true, 7932313723, 0
0, 0, 850000, 1, true, 7916727023, 0
0, 0, 850000, 2, true, 7885895430, 0
0, 0, 850000, 3, true, 7949708148, 0
0, 0, 850000, 4, true, 7936153438, 0
0, 0, 850000, 5, true, 7902223790, 0
0, 0, 850000, 6, true, 8612824046, 0
0, 0, 850000, 7, true, 7762115763, 0
0, 0, 850000, 8, true, 7806106855, 0
0, 0, 850000, 9, true, 7824058991, 0
0, 0, 850000, 10, true, 8007742236, 0
0, 0, 850000, 11, true, 8085428914, 0
0, 0, 850000, 12, true, 7912874213, 0
0, 0, 850000, 13, true, 7845007486, 0
0, 0, 850000, 14, true, 7942273601, 0
0, 0, 850000, 15, true, 7958748015, 0
0, 0, 850000, 16, true, 8564058381, 0
0, 0, 850000, 17, true, 7910136719, 0
0, 0, 850000, 18, true, 7755167980, 0
0, 0, 850000, 19, true, 7881076803, 0
0, 0, 850000, 20, true, 8125053615, 0
0, 0, 850000, 21, true, 8598967435, 0
0, 0, 850000, 22, true, 7905711417, 0
0, 0, 850000, 23, true, 7789705134, 0
0, 0, 850000, 24, true, 7852952132, 0
0, 0, 850000, 25, true, 8180803284, 0
0, 0, 850000, 26, true, 8706987082, 0
0, 0, 850000, 27, true, 7874324054, 0
0, 0, 850000, 28, true, 7796101685, 0
0, 0, 850000, 29, true, 7904997381, 0
0, 0, 850000, 30, true, 7989833475, 0
0, 0, 850000, 31, true, 8721959650, 0
0, 0, 850000, 32, true, 7978665501, 0
0, 0, 850000, 33, true, 7856030303, 0
0, 0, 850000, 34, true, 7946726171, 0
0, 0, 850000, 35, true, 8590102769, 0
0, 0, 850000, 36, true, 7765878758, 0
0, 0, 850000, 37, true, 7822173408, 0
0, 0, 850000, 38, true, 7811626818, 0
0, 0, 850000, 39, true, 7978067607, 0
0, 0, 850000, 40, true, 8105257340, 0
0, 0, 850000, 41, true, 7858976529, 0
0, 0, 850000, 42, true, 7935424066, 0
0, 0, 850000, 43, true, 7968065230, 0
0, 0, 850000, 44, true, 7980269606, 0
0, 0, 850000, 45, true, 8541456646, 0
0, 0, 850000, 46, true, 7812469039, 0
0, 0, 850000, 47, true, 7864914864, 0
0, 0, 850000, 48, true, 7887579653, 0
0, 0, 850000, 49, true, 7889801462, 0
0, 0, 850000, 50, true, 8051336262, 0
0, 0, 850000, 51, true, 7762558603, 0
0, 0, 850000, 52, true, 7744832542, 0
0, 0, 850000, 53, true, 7944880532, 0
0, 0, 850000, 54, true, 8005119244, 0
0, 0, 850000, 55, true, 8660575182, 0
0, 0, 850000, 56, true, 7827233244, 0
0, 0, 850000, 57, true, 7781376095, 0
0, 0, 850000, 58, true, 7904804053, 0
0, 0, 850000, 59, true, 8144644902, 0
0, 0, 850000, 60, true, 8628367053, 0
0, 0, 850000, 61, true, 7913325789, 0
0, 0, 850000, 62, true, 7816989810, 0
0, 0, 850000, 63, true, 7934612624, 0
0, 0, 850000, 64, true, 8063375483, 0
0, 0, 850000, 65, true, 8659466088, 0
0, 0, 850000, 66, true, 7844226843, 0
0, 0, 850000, 67, true, 7893934067, 0
0, 0, 850000, 68, true, 7885825455, 0
0, 0, 850000, 69, true, 8109387338, 0
0, 0, 850000, 70, true, 8627841090, 0
0, 0, 850000, 71, true, 7863478745, 0
0, 0, 850000, 72, true, 7850426050, 0
0, 0, 850000, 73, true, 7902655777, 0
0, 0, 850000, 74, true, 8534734544, 0
0, 0, 850000, 75, true, 7804620829, 0
0, 0, 850000, 76, true, 8020140097, 0
0, 0, 850000, 77, true, 7782667837, 0
0, 0, 850000, 78, true, 7869930749, 0
0, 0, 850000, 79, true, 8032499332, 0
0, 0, 850000, 80, true, 7823107293, 0
0, 0, 850000, 81, true, 7730914282, 0
0, 0, 850000, 82, true, 8011117563, 0
0, 0, 850000, 83, true, 7955016319, 0
0, 0, 850000, 84, true, 8605853122, 0
0, 0, 850000, 85, true, 7828538901, 0
0, 0, 850000, 86, true, 7700463101, 0
0, 0, 850000, 87, true, 8023628351, 0
0, 0, 850000, 88, true, 8063805104, 0
0, 0, 850000, 89, true, 8760535497, 0
0, 0, 850000, 90, true, 7887130359, 0
0, 0, 850000, 91, true, 7761291485, 0
0, 0, 850000, 92, true, 7814761649, 0
0, 0, 850000, 93, true, 8090748450, 0
0, 0, 850000, 94, true, 8583456608, 0
0, 0, 850000, 95, true, 7816112245, 0
0, 0, 850000, 96, true, 7817914909, 0
0, 0, 850000, 97, true, 7928969070, 0
0, 0, 850000, 98, true, 8050300119, 0
0, 0, 850000, 99, true, 8602397393, 0
0, 0, 900000, 0, true, 8071270276, 0
0, 0, 900000, 1, true, 8379389433, 0
0, 0, 900000, 2, true, 8142818579, 0
0, 0, 900000, 3, true, 8201308209, 0
0, 0, 900000, 4, true, 8112481189, 0
0, 0, 900000, 5, true, 8471500172, 0
0, 0, 900000, 6, true, 8222473739, 0
0, 0, 900000, 7, true, 8224664647, 0
0, 0, 900000, 8, true, 8226013063, 0
0, 0, 900000, 9, true, 8305524600, 0
0, 0, 900000, 10, true, 8336951450, 0
0, 0, 900000, 11, true, 8190754289, 0
0, 0, 900000, 12, true, 8126212133, 0
0, 0, 900000, 13, true, 8328859942, 0
0, 0, 900000, 14, true, 8293550421, 0
0, 0, 900000, 15, true, 8217883118, 0
0, 0, 900000, 16, true, 8357069068, 0
0, 0, 900000, 17, true, 8299154649, 0
0, 0, 900000, 18, true, 8304060253, 0
0, 0, 900000, 19, true, 8179168909, 0
0, 0, 900000, 20, true, 8222518480, 0
0, 0, 900000, 21, true, 8345693213, 0
0, 0, 900000, 22, true, 8261334418, 0
0, 0, 900000, 23, true, 8130859455, 0
0, 0, 900000, 24, true, 8307012147, 0
0, 0, 900000, 25, true, 8388497410, 0
0, 0, 900000, 26, true, 8266494207, 0
0, 0, 900000, 27, true, 8107527670, 0
0, 0, 900000, 28, true, 8300135054, 0
0, 0, 900000, 29, true, 8400808524, 0
0, 0, 900000, 30, true, 8287001135, 0
0, 0, 900000, 31, true, 8164614927, 0
0, 0, 900000, 32, true, 8232985759, 0
0, 0, 900000, 33, true, 8252045800, 0
0, 0, 900000, 34, true, 8293513283, 0
0, 0, 900000, 35, true, 8246010798, 0
0, 0, 900000, 36, true, 8161832635, 0
0, 0, 900000, 37, true, 8394602747, 0
0, 0, 900000, 38, true, 8316802235, 0
0, 0, 900000, 39, true, 8316693109, 0
0, 0, 900000, 40, true, 8281195636, 0
0, 0, 900000, 41, true, 8253973997, 0
0, 0, 900000, 42, true, 8283508208, 0
0, 0, 900000, 43, true, 8058447711, 0
0, 0, 900000, 44, true, 8243620944, 0
0, 0, 900000, 45, true, 8301586861, 0
0, 0, 900000, 46, true, 8371289640, 0
0, 0, 900000, 47, true, 8193899473, 0
0, 0, 900000, 48, true, 8256956631, 0
0, 0, 900000, 49, true, 8348203932, 0
0, 0, 900000, 50, true, 8244922085, 0
0, 0, 900000, 51, true, 8219500997, 0
0, 0, 900000, 52, true, 8268334365, 0
0, 0, 900000, 53, true, 8261740199, 0
0, 0, 900000, 54, true, 8180693823, 0
0, 0, 900000, 55, true, 8103012853, 0
0, 0, 900000, 56, true, 8341038241, 0
0, 0, 900000, 57, true, 8435277093, 0
0, 0, 900000, 58, true, 8273784024, 0
0, 0, 900000, 59, true, 8115571136, 0
0, 0, 900000, 60, true, 8284330037, 0
0, 0, 900000, 61, true, 8358651457, 0
0, 0, 900000, 62, true, 8296866043, 0
0, 0, 900000, 63, true, 8174310212, 0
0, 0, 900000, 64, true, 8252095968, 0
0, 0, 900000, 65, true, 8300190318, 0
0, 0, 900000, 66, true, 8149230120, 0
0, 0, 900000, 67, true, 8010741366, 0
0, 0, 900000, 68, true, 8309625250, 0
0, 0, 900000, 69, true, 8362434622, 0
0, 0, 900000, 70, true, 8127216689, 0
0, 0, 900000, 71, true, 8219089673, 0
0, 0, 900000, 72, true, 8359498157, 0
0, 0, 900000, 73, true, 8212081573, 0
0, 0, 900000, 74, true, 8362001942, 0
0, 0, 900000, 75, true, 8197379778, 0
0, 0, 900000, 76, true, 8292587586, 0
0, 0, 900000, 77, true, 8330862912, 0
0, 0, 900000, 78, true, 8159956005, 0
0, 0, 900000, 79, true, 8297756268, 0
0, 0, 900000, 80, true, 8239972124, 0
0, 0, 900000, 81, true, 8380366595, 0
0, 0, 900000, 82, true, 8287398392, 0
0, 0, 900000, 83, true, 8046229979, 0
0, 0, 900000, 84, true, 8273014309, 0
0, 0, 900000, 85, true, 8296807847, 0
0, 0, 900000, 86, true, 8277150737, 0
0, 0, 900000, 87, true, 8047845017, 0
0, 0, 900000, 88, true, 8270610660, 0
0, 0, 900000, 89, true, 8473739096, 0
0, 0, 900000, 90, true, 8123537649, 0
0, 0, 900000, 91, true, 8242996612, 0
0, 0, 900000, 92, true, 8180256265, 0
0, 0, 900000, 93, true, 8208298946, 0
0, 0, 900000, 94, true, 8301711547, 0
0, 0, 900000, 95, true, 8515134104, 0
0, 0, 900000, 96, true, 8268994743, 0
0, 0, 900000, 97, true, 8090877597, 0
0, 0, 900000, 98, true, 8275128950, 0
0, 0, 900000, 99, true, 8517085813, 0
0, 0, 950000, 0, true, 8028311957, 0
0, 0, 950000, 1, true, 7939687679, 0
0, 0, 950000, 2, true, 8600920905, 0
0, 0, 950000, 3, true, 8087554530, 0
0, 0, 950000, 4, true, 8040775510, 0
0, 0, 950000, 5, true, 8577695362, 0
0, 0, 950000, 6, true, 7989709550, 0
0, 0, 950000, 7, true, 7868259661, 0
0, 0, 950000, 8, true, 9181264400, 0
0, 0, 950000, 9, true, 8113233592, 0
0, 0, 950000, 10, true, 7801970445, 0
0, 0, 950000, 11, true, 8558866217, 0
0, 0, 950000, 12, true, 8011173962, 0
0, 0, 950000, 13, true, 7846228996, 0
0, 0, 950000, 14, true, 8507589682, 0
0, 0, 950000, 15, true, 7977102392, 0
0, 0, 950000, 16, true, 7837999526, 0
0, 0, 950000, 17, true, 8558815844, 0
0, 0, 950000, 18, true, 7952272324, 0
0, 0, 950000, 19, true, 7740230078, 0
0, 0, 950000, 20, true, 8521808268, 0
0, 0, 950000, 21, true, 7995961352, 0
0, 0, 950000, 22, true, 7864710453, 0
0, 0, 950000, 23, true, 8541661075, 0
0, 0, 950000, 24, true, 8096038858, 0
0, 0, 950000, 25, true, 7802498702, 0
0, 0, 950000, 26, true, 8558346199, 0
0, 0, 950000, 27, true, 8061230831, 0
0, 0, 950000, 28, true, 7868727657, 0
0, 0, 950000, 29, true, 8486354181, 0
0, 0, 950000, 30, true, 8082403783, 0
0, 0, 950000, 31, true, 7847658382, 0
0, 0, 950000, 32, true, 8531806146, 0
0, 0, 950000, 33, true, 8037740408, 0
0, 0, 950000, 34, true, 7792227850, 0
0, 0, 950000, 35, true, 8478049261, 0
0, 0, 950000, 36, true, 8036716588, 0
0, 0, 950000, 37, true, 7807169991, 0
0, 0, 950000, 38, true, 8520955217, 0
0, 0, 950000, 39, true, 7968105537, 0
0, 0, 950000, 40, true, 7720602666, 0
0, 0, 950000, 41, true, 8441025972, 0
0, 0, 950000, 42, true, 8044328299, 0
0, 0, 950000, 43, true, 7803853436, 0
0, 0, 950000, 44, true, 8549969578, 0
0, 0, 950000, 45, true, 8072758200, 0
0, 0, 950000, 46, true, 7776000739, 0
0, 0, 950000, 47, true, 8520035717, 0
0, 0, 950000, 48, true, 7941088039, 0
0, 0, 950000, 49, true, 7814470318, 0
0, 0, 950000, 50, true, 8521831331, 0
0, 0, 950000, 51, true, 7941385971, 0
0, 0, 950000, 52, true, 7827267417, 0
0, 0, 950000, 53, true, 8512417854, 0
0, 0, 950000, 54, true, 7933360431, 0
0, 0, 950000, 55, true, 7787363704, 0
0, 0, 950000, 56, true, 8620922749, 0
0, 0, 950000, 57, true, 7998259066, 0
0, 0, 950000, 58, true, 7789582879, 0
0, 0, 950000, 59, true, 8513377867, 0
0, 0, 950000, 60, true, 7946169049, 0
0, 0, 950000, 61, true, 7796938020, 0
0, 0, 950000, 62, true, 8465586655, 0
0, 0, 950000, 63, true, 7984544093, 0
0, 0, 950000, 64, true, 7898428983, 0
0, 0, 950000, 65, true, 8680914925, 0
0, 0, 950000, 66, true, 8151648188, 0
0, 0, 950000, 67, true, 7833739172, 0
0, 0, 950000, 68, true, 8510469702, 0
0, 0, 950000, 69, true, 8042168213, 0
0, 0, 950000, 70, true, 7760552084, 0
0, 0, 950000, 71, true, 8530574151, 0
0, 0, 950000, 72, true, 7944939228, 0
0, 0, 950000, 73, true, 7869792280, 0
0, 0, 950000, 74, true, 8532855289, 0
0, 0, 950000, 75, true, 8023445016, 0
0, 0, 950000, 76, true, 7685666588, 0
0, 0, 950000, 77, true, 8462658934, 0
0, 0, 950000, 78, true, 8045851510, 0
0, 0, 950000, 79, true, 7768831508, 0
0, 0, 950000, 80, true, 8473558575, 0
0, 0, 950000, 81, true, 8006632064, 0
0, 0, 950000, 82, true, 7812202336, 0
0, 0, 950000, 83, true, 8470143351, 0
0, 0, 950000, 84, true, 8017079406, 0
0, 0, 950000, 85, true, 7750412179, 0
0, 0, 950000, 86, true, 8614242250, 0
0, 0, 950000, 87, true, 7972079622, 0
0, 0, 950000, 88, true, 7815201028, 0
0, 0, 950000, 89, true, 8522712424, 0
0, 0, 950000, 90, true, 7989089439, 0
0, 0, 950000, 91, true, 7786682979, 0
0, 0, 950000, 92, true, 8517075215, 0
0, 0, 950000, 93, true, 8050557951, 0
0, 0, 950000, 94, true, 7905333367, 0
0, 0, 950000, 95, true, 8538079517, 0
0, 0, 950000, 96, true, 7949659621, 0
0, 0, 950000, 97, true, 7859008789, 0
0, 0, 950000, 98, true, 8507801732, 0
0, 0, 950000, 99, true, 8028815585, 0
0, 0, 1000000, 0, true, 15306845315, 0
0, 0, 1000000, 1, true, 14950692345, 0
0, 0, 1000000, 2, true, 14497216259, 0
0, 0, 1000000, 3, true, 14616110770, 0
0, 0, 1000000, 4, true, 14989913220, 0
0, 0, 1000000, 5, true, 14300038628, 0
0, 0, 1000000, 6, true, 14958681629, 0
0, 0, 1000000, 7, true, 14769610389, 0
0, 0, 1000000, 8, true, 15151855400, 0
0, 0, 1000000, 9, true, 14329548215, 0
0, 0, 1000000, 10, true, 14782209612, 0
0, 0, 1000000, 11, true, 14536495367, 0
0, 0, 1000000, 12, true, 14962308177, 0
0, 0, 1000000, 13, true, 14449116971, 0
0, 0, 1000000, 14, true, 15093369142, 0
0, 0, 1000000, 15, true, 14697221282, 0
0, 0, 1000000, 16, true, 15211804868, 0
0, 0, 1000000, 17, true, 14338228000, 0
0, 0, 1000000, 18, true, 14828230896, 0
0, 0, 1000000, 19, true, 14587869646, 0
0, 0, 1000000, 20, true, 15054856434, 0
0, 0, 1000000, 21, true, 14491136314, 0
0, 0, 1000000, 22, true, 15159023931, 0
0, 0, 1000000, 23, true, 14897675670, 0
0, 0, 1000000, 24, true, 15249746215, 0
0, 0, 1000000, 25, true, 14371258793, 0
0, 0, 1000000, 26, true, 15173431317, 0
0, 0, 1000000, 27, true, 14761885925, 0
0, 0, 1000000, 28, true, 15193550108, 0
0, 0, 1000000, 29, true, 14251637646, 0
0, 0, 1000000, 30, true, 14959819046, 0
0, 0, 1000000, 31, true, 14569203868, 0
0, 0, 1000000, 32, true, 15204004664, 0
0, 0, 1000000, 33, true, 14626242471, 0
0, 0, 1000000, 34, true, 15216072984, 0
0, 0, 1000000, 35, true, 14919303777, 0
0, 0, 1000000, 36, true, 14860201754, 0
0, 0, 1000000, 37, true, 14447954623, 0
0, 0, 1000000, 38, true, 14986425928, 0
0, 0, 1000000, 39, true, 14670346662, 0
0, 0, 1000000, 40, true, 15232190346, 0
0, 0, 1000000, 41, true, 14521413822, 0
0, 0, 1000000, 42, true, 14934279086, 0
0, 0, 1000000, 43, true, 14493790504, 0
0, 0, 1000000, 44, true, 14962434477, 0
0, 0, 1000000, 45, true, 14408632748, 0
0, 0, 1000000, 46, true, 14964304576, 0
0, 0, 1000000, 47, true, 14569885355, 0
0, 0, 1000000, 48, true, 14876999589, 0
0, 0, 1000000, 49, true, 14478139627, 0
0, 0, 1000000, 50, true, 15038452035, 0
0, 0, 1000000, 51, true, 14598995594, 0
0, 0, 1000000, 52, true, 14891704596, 0
0, 0, 1000000, 53, true, 14342364693, 0
0, 0, 1000000, 54, true, 14729352236, 0
0, 0, 1000000, 55, true, 14350522622, 0
0, 0, 1000000, 56, true, 15205814496, 0
0, 0, 1000000, 57, true, 14352400146, 0
0, 0, 1000000, 58, true, 14704201195, 0
0, 0, 1000000, 59, true, 14749712167, 0
0, 0, 1000000, 60, true, 14926523369, 0
0, 0, 1000000, 61, true, 14446864668, 0
0, 0, 1000000, 62, true, 14823385315, 0
0, 0, 1000000, 63, true, 14754496101, 0
0, 0, 1000000, 64, true, 14988538583, 0
0, 0, 1000000, 65, true, 14598527886, 0
0, 0, 1000000, 66, true, 14777979993, 0
0, 0, 1000000, 67, true, 14553145017, 0
0, 0, 1000000, 68, true, 15005272508, 0
0, 0, 1000000, 69, true, 14535879473, 0
0, 0, 1000000, 70, true, 14882577504, 0
0, 0, 1000000, 71, true, 14636560538, 0
0, 0, 1000000, 72, true, 15141224682, 0
0, 0, 1000000, 73, true, 14442934961, 0
0, 0, 1000000, 74, true, 14944900070, 0
0, 0, 1000000, 75, true, 14655506289, 0
0, 0, 1000000, 76, true, 15217759386, 0
0, 0, 1000000, 77, true, 14665807083, 0
0, 0, 1000000, 78, true, 14965976059, 0
0, 0, 1000000, 79, true, 14899893831, 0
0, 0, 1000000, 80, true, 14908523311, 0
0, 0, 1000000, 81, true, 14681213788, 0
0, 0, 1000000, 82, true, 14837390392, 0
0, 0, 1000000, 83, true, 14945795249, 0
0, 0, 1000000, 84, true, 15192500373, 0
0, 0, 1000000, 85, true, 14520101867, 0
0, 0, 1000000, 86, true, 15259211132, 0
0, 0, 1000000, 87, true, 14695613859, 0
0, 0, 1000000, 88, true, 15208583966, 0
0, 0, 1000000, 89, true, 14495061790, 0
0, 0, 1000000, 90, true, 15072147624, 0
0, 0, 1000000, 91, true, 14543698884, 0
0, 0, 1000000, 92, true, 14978397170, 0
0, 0, 1000000, 93, true, 14662649948, 0
0, 0, 1000000, 94, true, 14927597820, 0
0, 0, 1000000, 95, true, 14634869691, 0
0, 0, 1000000, 96, true, 15002215327, 0
0, 0, 1000000, 97, true, 14536414589, 0
0, 0, 1000000, 98, true, 15227841977, 0
0, 0, 1000000, 99, true, 14734378548, 0
