500, 0, 0, 0, true, 365710107, 0
500, 0, 0, 1, true, 397898939, 0
500, 0, 0, 2, true, 439351742, 0
500, 0, 0, 3, true, 455826089, 0
500, 0, 0, 4, true, 455121698, 0
500, 0, 0, 5, true, 489165951, 0
500, 0, 0, 6, true, 481968376, 0
500, 0, 0, 7, true, 450376526, 0
500, 0, 0, 8, true, 471915186, 0
500, 0, 0, 9, true, 475023723, 0
500, 0, 0, 10, true, 526143081, 0
500, 0, 0, 11, true, 439493141, 0
500, 0, 0, 12, true, 446101121, 0
500, 0, 0, 13, true, 447658442, 0
500, 0, 0, 14, true, 420191166, 0
500, 0, 0, 15, true, 387495937, 0
500, 0, 0, 16, true, 401281058, 0
500, 0, 0, 17, true, 388191174, 0
500, 0, 0, 18, true, 415239827, 0
500, 0, 0, 19, true, 387121462, 0
500, 0, 0, 20, true, 489314555, 0
500, 0, 0, 21, true, 489423931, 0
500, 0, 0, 22, true, 421707917, 0
500, 0, 0, 23, true, 417289128, 0
500, 0, 0, 24, true, 425169307, 0
500, 0, 0, 25, true, 388446267, 0
500, 0, 0, 26, true, 392886177, 0
500, 0, 0, 27, true, 422927342, 0
500, 0, 0, 28, true, 389740934, 0
500, 0, 0, 29, true, 396573984, 0
500, 0, 0, 30, true, 389590818, 0
500, 0, 0, 31, true, 401402264, 0
500, 0, 0, 32, true, 394106769, 0
500, 0, 0, 33, true, 387576748, 0
500, 0, 0, 34, true, 398627228, 0
500, 0, 0, 35, true, 392876580, 0
500, 0, 0, 36, true, 388340265, 0
500, 0, 0, 37, true, 400882910, 0
500, 0, 0, 38, true, 397777579, 0
500, 0, 0, 39, true, 388715199, 0
500, 0, 0, 40, true, 381828678, 0
500, 0, 0, 41, true, 400784352, 0
500, 0, 0, 42, true, 398063761, 0
500, 0, 0, 43, true, 389995752, 0
500, 0, 0, 44, true, 388397734, 0
500, 0, 0, 45, true, 365169079, 0
500, 0, 0, 46, true, 400877762, 0
500, 0, 0, 47, true, 396923256, 0
500, 0, 0, 48, true, 390060039, 0
500, 0, 0, 49, true, 390087991, 0
500, 0, 0, 50, true, 364179911, 0
500, 0, 0, 51, true, 405122752, 0
500, 0, 0, 52, true, 402156602, 0
500, 0, 0, 53, true, 394364419, 0
500, 0, 0, 54, true, 387739911, 0
500, 0, 0, 55, true, 383296536, 0
500, 0, 0, 56, true, 364181018, 0
500, 0, 0, 57, true, 402373721, 0
500, 0, 0, 58, true, 396685697, 0
500, 0, 0, 59, true, 390431472, 0
500, 0, 0, 60, true, 385671852, 0
500, 0, 0, 61, true, 364113957, 0
500, 0, 0, 62, true, 364481686, 0
500, 0, 0, 63, true, 405850218, 0
500, 0, 0, 64, true, 403537991, 0
500, 0, 0, 65, true, 394088948, 0
500, 0, 0, 66, true, 389499006, 0
500, 0, 0, 67, true, 386033899, 0
500, 0, 0, 68, true, 364759128, 0
500, 0, 0, 69, true, 402831790, 0
500, 0, 0, 70, true, 399479971, 0
500, 0, 0, 71, true, 393811915, 0
500, 0, 0, 72, true, 387026316, 0
500, 0, 0, 73, true, 385146938, 0
500, 0, 0, 74, true, 364096275, 0
500, 0, 0, 75, true, 404408349, 0
500, 0, 0, 76, true, 399874619, 0
500, 0, 0, 77, true, 393834749, 0
500, 0, 0, 78, true, 387582742, 0
500, 0, 0, 79, true, 383087946, 0
500, 0, 0, 80, true, 363797158, 0
500, 0, 0, 81, true, 404215726, 0
500, 0, 0, 82, true, 400237343, 0
500, 0, 0, 83, true, 393757907, 0
500, 0, 0, 84, true, 387407965, 0
500, 0, 0, 85, true, 385147186, 0
500, 0, 0, 86, true, 364634060, 0
500, 0, 0, 87, true, 402328571, 0
500, 0, 0, 88, true, 400267617, 0
500, 0, 0, 89, true, 400532345, 0
500, 0, 0, 90, true, 387970065, 0
500, 0, 0, 91, true, 384251546, 0
500, 0, 0, 92, true, 365148265, 0
500, 0, 0, 93, true, 404779159, 0
500, 0, 0, 94, true, 400675382, 0
500, 0, 0, 95, true, 394022650, 0
500, 0, 0, 96, true, 388611982, 0
500, 0, 0, 97, true, 385183707, 0
500, 0, 0, 98, true, 365122738, 0
500, 0, 0, 99, true, 404218129, 0
1000, 0, 0, 0, true, 705216092, 0
1000, 0, 0, 1, true, 703021320, 0
1000, 0, 0, 2, true, 702013569, 0
1000, 0, 0, 3, true, 700080425, 0
1000, 0, 0, 4, true, 762923886, 0
1000, 0, 0, 5, true, 864004002, 0
1000, 0, 0, 6, true, 1954695091, 0
1000, 0, 0, 7, true, 780477169, 0
1000, 0, 0, 8, true, 750036709, 0
1000, 0, 0, 9, true, 763355145, 0
1000, 0, 0, 10, true, 785810344, 0
1000, 0, 0, 11, true, 752522841, 0
1000, 0, 0, 12, true, 760170129, 0
1000, 0, 0, 13, true, 882434549, 0
1000, 0, 0, 14, true, 806484260, 0
1000, 0, 0, 15, true, 761621234, 0
1000, 0, 0, 16, true, 767044251, 0
1000, 0, 0, 17, true, 782360419, 0
1000, 0, 0, 18, true, 981648424, 0
1000, 0, 0, 19, true, 762689989, 0
1000, 0, 0, 20, true, 765623394, 0
1000, 0, 0, 21, true, 779728824, 0
1000, 0, 0, 22, true, 786126473, 0
1000, 0, 0, 23, true, 951879983, 0
1000, 0, 0, 24, true, 767772151, 0
1000, 0, 0, 25, true, 766031369, 0
1000, 0, 0, 26, true, 782395664, 0
1000, 0, 0, 27, true, 784016138, 0
1000, 0, 0, 28, true, 940961631, 0
1000, 0, 0, 29, true, 799238102, 0
1000, 0, 0, 30, true, 793282005, 0
1000, 0, 0, 31, true, 763715051, 0
1000, 0, 0, 32, true, 779209078, 0
1000, 0, 0, 33, true, 812317218, 0
1000, 0, 0, 34, true, 765880299, 0
1000, 0, 0, 35, true, 769072893, 0
1000, 0, 0, 36, true, 819082061, 0
1000, 0, 0, 37, true, 790104001, 0
1000, 0, 0, 38, true, 962932108, 0
1000, 0, 0, 39, true, 824929896, 0
1000, 0, 0, 40, true, 772548449, 0
1000, 0, 0, 41, true, 771860878, 0
1000, 0, 0, 42, true, 767389308, 0
1000, 0, 0, 43, true, 946387336, 0
1000, 0, 0, 44, true, 783333365, 0
1000, 0, 0, 45, true, 808082647, 0
1000, 0, 0, 46, true, 769954924, 0
1000, 0, 0, 47, true, 786293702, 0
1000, 0, 0, 48, true, 915748673, 0
1000, 0, 0, 49, true, 771465861, 0
1000, 0, 0, 50, true, 829443373, 0
1000, 0, 0, 51, true, 775554484, 0
1000, 0, 0, 52, true, 782228433, 0
1000, 0, 0, 53, true, 1063555961, 0
1000, 0, 0, 54, true, 774362267, 0
1000, 0, 0, 55, true, 770925054, 0
1000, 0, 0, 56, true, 771144963, 0
1000, 0, 0, 57, true, 839687336, 0
1000, 0, 0, 58, true, 862699414, 0
1000, 0, 0, 59, true, 765700482, 0
1000, 0, 0, 60, true, 766217842, 0
1000, 0, 0, 61, true, 766911591, 0
1000, 0, 0, 62, true, 802515828, 0
1000, 0, 0, 63, true, 826683929, 0
1000, 0, 0, 64, true, 759033431, 0
1000, 0, 0, 65, true, 770907190, 0
1000, 0, 0, 66, true, 780118846, 0
1000, 0, 0, 67, true, 777080338, 0
1000, 0, 0, 68, true, 1008255523, 0
1000, 0, 0, 69, true, 762056105, 0
1000, 0, 0, 70, true, 783466131, 0
1000, 0, 0, 71, true, 779125027, 0
1000, 0, 0, 72, true, 839704568, 0
1000, 0, 0, 73, true, 853623190, 0
1000, 0, 0, 74, true, 767169280, 0
1000, 0, 0, 75, true, 767378989, 0
1000, 0, 0, 76, true, 767436629, 0
1000, 0, 0, 77, true, 847374882, 0
1000, 0, 0, 78, true, 857926344, 0
1000, 0, 0, 79, true, 765633311, 0
1000, 0, 0, 80, true, 768076499, 0
1000, 0, 0, 81, true, 775426923, 0
1000, 0, 0, 82, true, 778049280, 0
1000, 0, 0, 83, true, 1020256232, 0
1000, 0, 0, 84, true, 832740320, 0
1000, 0, 0, 85, true, 772023520, 0
1000, 0, 0, 86, true, 761397127, 0
1000, 0, 0, 87, true, 775082291, 0
1000, 0, 0, 88, true, 870215464, 0
1000, 0, 0, 89, true, 809645702, 0
1000, 0, 0, 90, true, 761302539, 0
1000, 0, 0, 91, true, 772986951, 0
1000, 0, 0, 92, true, 793369082, 0
1000, 0, 0, 93, true, 975113756, 0
1000, 0, 0, 94, true, 827695679, 0
1000, 0, 0, 95, true, 771771678, 0
1000, 0, 0, 96, true, 769378820, 0
1000, 0, 0, 97, true, 761540168, 0
1000, 0, 0, 98, true, 877441978, 0
1000, 0, 0, 99, true, 803161862, 0
1500, 0, 0, 0, true, 1105841942, 0
1500, 0, 0, 1, true, 1204690268, 0
1500, 0, 0, 2, true, 1222468018, 0
1500, 0, 0, 3, true, 1146474317, 0
1500, 0, 0, 4, true, 1177196519, 0
1500, 0, 0, 5, true, 1286918973, 0
1500, 0, 0, 6, true, 1139356576, 0
1500, 0, 0, 7, true, 1103973023, 0
1500, 0, 0, 8, true, 1243417860, 0
1500, 0, 0, 9, true, 1091639792, 0
1500, 0, 0, 10, true, 1156019785, 0
1500, 0, 0, 11, true, 1275849220, 0
1500, 0, 0, 12, true, 1149565860, 0
1500, 0, 0, 13, true, 1175619251, 0
1500, 0, 0, 14, true, 1251927678, 0
1500, 0, 0, 15, true, 1088954243, 0
1500, 0, 0, 16, true, 1163269442, 0
1500, 0, 0, 17, true, 1061560616, 0
1500, 0, 0, 18, true, 1138648420, 0
1500, 0, 0, 19, true, 1103218802, 0
1500, 0, 0, 20, true, 1320127975, 0
1500, 0, 0, 21, true, 1134188864, 0
1500, 0, 0, 22, true, 1113681921, 0
1500, 0, 0, 23, true, 1200144678, 0
1500, 0, 0, 24, true, 1089055818, 0
1500, 0, 0, 25, true, 1161735919, 0
1500, 0, 0, 26, true, 1310850252, 0
1500, 0, 0, 27, true, 1135312901, 0
1500, 0, 0, 28, true, 1103295762, 0
1500, 0, 0, 29, true, 1218680405, 0
1500, 0, 0, 30, true, 1097877564, 0
1500, 0, 0, 31, true, 1150791448, 0
1500, 0, 0, 32, true, 1348475118, 0
1500, 0, 0, 33, true, 1136946686, 0
1500, 0, 0, 34, true, 1102110237, 0
1500, 0, 0, 35, true, 1209649827, 0
1500, 0, 0, 36, true, 1098347618, 0
1500, 0, 0, 37, true, 1169925648, 0
1500, 0, 0, 38, true, 1300002929, 0
1500, 0, 0, 39, true, 1135770514, 0
1500, 0, 0, 40, true, 1161417165, 0
1500, 0, 0, 41, true, 1202350000, 0
1500, 0, 0, 42, true, 1088906136, 0
1500, 0, 0, 43, true, 1148811011, 0
1500, 0, 0, 44, true, 1335635297, 0
1500, 0, 0, 45, true, 1142047127, 0
1500, 0, 0, 46, true, 1103761692, 0
1500, 0, 0, 47, true, 1201672674, 0
1500, 0, 0, 48, true, 1137424436, 0
1500, 0, 0, 49, true, 1160069678, 0
1500, 0, 0, 50, true, 1328893328, 0
1500, 0, 0, 51, true, 1148411856, 0
1500, 0, 0, 52, true, 1190795948, 0
1500, 0, 0, 53, true, 1308447408, 0
1500, 0, 0, 54, true, 1154666271, 0
1500, 0, 0, 55, true, 1186016112, 0
1500, 0, 0, 56, true, 1281069799, 0
1500, 0, 0, 57, true, 1159561916, 0
1500, 0, 0, 58, true, 1163978166, 0
1500, 0, 0, 59, true, 1065291038, 0
1500, 0, 0, 60, true, 1138536864, 0
1500, 0, 0, 61, true, 1105623836, 0
1500, 0, 0, 62, true, 1311930062, 0
1500, 0, 0, 63, true, 1138415061, 0
1500, 0, 0, 64, true, 1103556265, 0
1500, 0, 0, 65, true, 1217821492, 0
1500, 0, 0, 66, true, 1089294400, 0
1500, 0, 0, 67, true, 1158755646, 0
1500, 0, 0, 68, true, 1304792445, 0
1500, 0, 0, 69, true, 1134632662, 0
1500, 0, 0, 70, true, 1104397603, 0
1500, 0, 0, 71, true, 1238686399, 0
1500, 0, 0, 72, true, 1089229687, 0
1500, 0, 0, 73, true, 1159351491, 0
1500, 0, 0, 74, true, 1345992215, 0
1500, 0, 0, 75, true, 1139456007, 0
1500, 0, 0, 76, true, 1105837800, 0
1500, 0, 0, 77, true, 1200487930, 0
1500, 0, 0, 78, true, 1098616722, 0
1500, 0, 0, 79, true, 1155861938, 0
1500, 0, 0, 80, true, 1299982802, 0
1500, 0, 0, 81, true, 1136414973, 0
1500, 0, 0, 82, true, 1159701981, 0
1500, 0, 0, 83, true, 1221410535, 0
1500, 0, 0, 84, true, 1087467559, 0
1500, 0, 0, 85, true, 1151846889, 0
1500, 0, 0, 86, true, 1331826077, 0
1500, 0, 0, 87, true, 1143053787, 0
1500, 0, 0, 88, true, 1104852672, 0
1500, 0, 0, 89, true, 1196920354, 0
1500, 0, 0, 90, true, 1135576258, 0
1500, 0, 0, 91, true, 1148583768, 0
1500, 0, 0, 92, true, 1325331989, 0
1500, 0, 0, 93, true, 1142733593, 0
1500, 0, 0, 94, true, 1158315030, 0
1500, 0, 0, 95, true, 1197000389, 0
1500, 0, 0, 96, true, 1092934291, 0
1500, 0, 0, 97, true, 1160271422, 0
1500, 0, 0, 98, true, 1336593606, 0
1500, 0, 0, 99, true, 1146473405, 0
2000, 0, 0, 0, true, 3391775201, 0
2000, 0, 0, 1, true, 1452633126, 0
2000, 0, 0, 2, true, 2470746840, 0
2000, 0, 0, 3, true, 1509939991, 0
2000, 0, 0, 4, true, 1691959104, 0
2000, 0, 0, 5, true, 1535156901, 0
2000, 0, 0, 6, true, 1576125724, 0
2000, 0, 0, 7, true, 1510314241, 0
2000, 0, 0, 8, true, 1722734178, 0
2000, 0, 0, 9, true, 1505210549, 0
2000, 0, 0, 10, true, 1600781337, 0
2000, 0, 0, 11, true, 1504304285, 0
2000, 0, 0, 12, true, 1693820685, 0
2000, 0, 0, 13, true, 1594266706, 0
2000, 0, 0, 14, true, 1534044384, 0
2000, 0, 0, 15, true, 1504380539, 0
2000, 0, 0, 16, true, 1673983554, 0
2000, 0, 0, 17, true, 1524987231, 0
2000, 0, 0, 18, true, 1587906677, 0
2000, 0, 0, 19, true, 1501709720, 0
2000, 0, 0, 20, true, 1675544744, 0
2000, 0, 0, 21, true, 1511177722, 0
2000, 0, 0, 22, true, 1503546817, 0
2000, 0, 0, 23, true, 1499344265, 0
2000, 0, 0, 24, true, 1677483505, 0
2000, 0, 0, 25, true, 1514781370, 0
2000, 0, 0, 26, true, 1523587500, 0
2000, 0, 0, 27, true, 1489500692, 0
2000, 0, 0, 28, true, 1618084127, 0
2000, 0, 0, 29, true, 1503960322, 0
2000, 0, 0, 30, true, 1719868521, 0
2000, 0, 0, 31, true, 1495245834, 0
2000, 0, 0, 32, true, 1601776840, 0
2000, 0, 0, 33, true, 1498480541, 0
2000, 0, 0, 34, true, 1721217032, 0
2000, 0, 0, 35, true, 1498037312, 0
2000, 0, 0, 36, true, 1591936034, 0
2000, 0, 0, 37, true, 1495247388, 0
2000, 0, 0, 38, true, 1705315989, 0
2000, 0, 0, 39, true, 1529032779, 0
2000, 0, 0, 40, true, 1523273457, 0
2000, 0, 0, 41, true, 1498032396, 0
2000, 0, 0, 42, true, 1706330915, 0
2000, 0, 0, 43, true, 1523271335, 0
2000, 0, 0, 44, true, 1592973062, 0
2000, 0, 0, 45, true, 1499019152, 0
2000, 0, 0, 46, true, 1699282251, 0
2000, 0, 0, 47, true, 1507927894, 0
2000, 0, 0, 48, true, 1507637098, 0
2000, 0, 0, 49, true, 1497640392, 0
2000, 0, 0, 50, true, 1675551981, 0
2000, 0, 0, 51, true, 1523746280, 0
2000, 0, 0, 52, true, 1510601582, 0
2000, 0, 0, 53, true, 1500310924, 0
2000, 0, 0, 54, true, 1645254580, 0
2000, 0, 0, 55, true, 1504411221, 0
2000, 0, 0, 56, true, 1727565590, 0
2000, 0, 0, 57, true, 1522213306, 0
2000, 0, 0, 58, true, 1581024663, 0
2000, 0, 0, 59, true, 1499092369, 0
2000, 0, 0, 60, true, 1716342827, 0
2000, 0, 0, 61, true, 1499974794, 0
2000, 0, 0, 62, true, 1557617205, 0
2000, 0, 0, 63, true, 1499528602, 0
2000, 0, 0, 64, true, 1696928635, 0
2000, 0, 0, 65, true, 1512358803, 0
2000, 0, 0, 66, true, 1504598151, 0
2000, 0, 0, 67, true, 1500548604, 0
2000, 0, 0, 68, true, 1651506884, 0
2000, 0, 0, 69, true, 1509941287, 0
2000, 0, 0, 70, true, 1512834748, 0
2000, 0, 0, 71, true, 1497537061, 0
2000, 0, 0, 72, true, 1614405987, 0
2000, 0, 0, 73, true, 1501845218, 0
2000, 0, 0, 74, true, 1736512902, 0
2000, 0, 0, 75, true, 1516618115, 0
2000, 0, 0, 76, true, 1572180353, 0
2000, 0, 0, 77, true, 1501301050, 0
2000, 0, 0, 78, true, 1700318929, 0
2000, 0, 0, 79, true, 1534705730, 0
2000, 0, 0, 80, true, 1575030390, 0
2000, 0, 0, 81, true, 1501497975, 0
2000, 0, 0, 82, true, 1677549332, 0
2000, 0, 0, 83, true, 1524212562, 0
2000, 0, 0, 84, true, 1505395567, 0
2000, 0, 0, 85, true, 1514051018, 0
2000, 0, 0, 86, true, 1646766894, 0
2000, 0, 0, 87, true, 1508595174, 0
2000, 0, 0, 88, true, 1516977936, 0
2000, 0, 0, 89, true, 1497328292, 0
2000, 0, 0, 90, true, 1623317296, 0
2000, 0, 0, 91, true, 1506569456, 0
2000, 0, 0, 92, true, 1731507964, 0
2000, 0, 0, 93, true, 1500790729, 0
2000, 0, 0, 94, true, 1617613285, 0
2000, 0, 0, 95, true, 1502598289, 0
2000, 0, 0, 96, true, 1725514217, 0
2000, 0, 0, 97, true, 1496667841, 0
2000, 0, 0, 98, true, 1613545427, 0
2000, 0, 0, 99, true, 1500036166, 0
2500, 0, 0, 0, true, 2047443877, 0
2500, 0, 0, 1, true, 4107019634, 0
2500, 0, 0, 2, true, 1888444506, 0
2500, 0, 0, 3, true, 2054656968, 0
2500, 0, 0, 4, true, 4323265541, 0
2500, 0, 0, 5, true, 1886545127, 0
2500, 0, 0, 6, true, 2057116604, 0
2500, 0, 0, 7, true, 4264958308, 0
2500, 0, 0, 8, true, 1897716776, 0
2500, 0, 0, 9, true, 2105665777, 0
2500, 0, 0, 10, true, 4251652387, 0
2500, 0, 0, 11, true, 1865258086, 0
2500, 0, 0, 12, true, 1875128517, 0
2500, 0, 0, 13, true, 1863635639, 0
2500, 0, 0, 14, true, 1792353936, 0
2500, 0, 0, 15, true, 1857486882, 0
2500, 0, 0, 16, true, 1768158891, 0
2500, 0, 0, 17, true, 1866172474, 0
2500, 0, 0, 18, true, 1771106116, 0
2500, 0, 0, 19, true, 1863104387, 0
2500, 0, 0, 20, true, 1778164995, 0
2500, 0, 0, 21, true, 1869717854, 0
2500, 0, 0, 22, true, 1782895957, 0
2500, 0, 0, 23, true, 1870936067, 0
2500, 0, 0, 24, true, 1783417383, 0
2500, 0, 0, 25, true, 1865274544, 0
2500, 0, 0, 26, true, 1784452234, 0
2500, 0, 0, 27, true, 1871298375, 0
2500, 0, 0, 28, true, 1779925057, 0
2500, 0, 0, 29, true, 1877572376, 0
2500, 0, 0, 30, true, 1790192813, 0
2500, 0, 0, 31, true, 1865199090, 0
2500, 0, 0, 32, true, 1841507237, 0
2500, 0, 0, 33, true, 3899536099, 0
2500, 0, 0, 34, true, 1848579553, 0
2500, 0, 0, 35, true, 1833226780, 0
2500, 0, 0, 36, true, 4231432239, 0
2500, 0, 0, 37, true, 1888934509, 0
2500, 0, 0, 38, true, 2100248618, 0
2500, 0, 0, 39, true, 4311867515, 0
2500, 0, 0, 40, true, 1865236510, 0
2500, 0, 0, 41, true, 1923966819, 0
2500, 0, 0, 42, true, 1860994351, 0
2500, 0, 0, 43, true, 1778478583, 0
2500, 0, 0, 44, true, 1855338032, 0
2500, 0, 0, 45, true, 1767021516, 0
2500, 0, 0, 46, true, 1858488704, 0
2500, 0, 0, 47, true, 1789051993, 0
2500, 0, 0, 48, true, 1867796763, 0
2500, 0, 0, 49, true, 1777344308, 0
2500, 0, 0, 50, true, 1861882249, 0
2500, 0, 0, 51, true, 1784359478, 0
2500, 0, 0, 52, true, 1869094879, 0
2500, 0, 0, 53, true, 1784031531, 0
2500, 0, 0, 54, true, 1867748669, 0
2500, 0, 0, 55, true, 1783799068, 0
2500, 0, 0, 56, true, 1870644513, 0
2500, 0, 0, 57, true, 1782432150, 0
2500, 0, 0, 58, true, 1877686125, 0
2500, 0, 0, 59, true, 1790370046, 0
2500, 0, 0, 60, true, 1866864973, 0
2500, 0, 0, 61, true, 1787156602, 0
2500, 0, 0, 62, true, 1862080276, 0
2500, 0, 0, 63, true, 1778034585, 0
2500, 0, 0, 64, true, 1865859450, 0
2500, 0, 0, 65, true, 1860789779, 0
2500, 0, 0, 66, true, 4140900505, 0
2500, 0, 0, 67, true, 1818952561, 0
2500, 0, 0, 68, true, 1856875358, 0
2500, 0, 0, 69, true, 1855326306, 0
2500, 0, 0, 70, true, 1773854135, 0
2500, 0, 0, 71, true, 1866672448, 0
2500, 0, 0, 72, true, 1780205008, 0
2500, 0, 0, 73, true, 1859100053, 0
2500, 0, 0, 74, true, 1767744772, 0
2500, 0, 0, 75, true, 1862819519, 0
2500, 0, 0, 76, true, 1779483785, 0
2500, 0, 0, 77, true, 1866082599, 0
2500, 0, 0, 78, true, 1781307608, 0
2500, 0, 0, 79, true, 1865189592, 0
2500, 0, 0, 80, true, 1787826878, 0
2500, 0, 0, 81, true, 1867480267, 0
2500, 0, 0, 82, true, 1784404990, 0
2500, 0, 0, 83, true, 1873823342, 0
2500, 0, 0, 84, true, 1788427388, 0
2500, 0, 0, 85, true, 1863067029, 0
2500, 0, 0, 86, true, 1784516351, 0
2500, 0, 0, 87, true, 1870884290, 0
2500, 0, 0, 88, true, 1780522055, 0
2500, 0, 0, 89, true, 1867057990, 0
2500, 0, 0, 90, true, 1776188279, 0
2500, 0, 0, 91, true, 1878594644, 0
2500, 0, 0, 92, true, 1874428519, 0
2500, 0, 0, 93, true, 4110923355, 0
2500, 0, 0, 94, true, 1897201854, 0
2500, 0, 0, 95, true, 2051140388, 0
2500, 0, 0, 96, true, 4240901697, 0
2500, 0, 0, 97, true, 1893771714, 0
2500, 0, 0, 98, true, 2071726918, 0
2500, 0, 0, 99, true, 4250733516, 0
3000, 0, 0, 0, true, 2267684500, 0
3000, 0, 0, 1, true, 2169283743, 0
3000, 0, 0, 2, true, 3229537647, 0
3000, 0, 0, 3, true, 3429963120, 0
3000, 0, 0, 4, true, 3406179495, 0
3000, 0, 0, 5, true, 3414851239, 0
3000, 0, 0, 6, true, 3390936776, 0
3000, 0, 0, 7, true, 3571424387, 0
3000, 0, 0, 8, true, 3214200977, 0
3000, 0, 0, 9, true, 3410692659, 0
3000, 0, 0, 10, true, 3421901889, 0
3000, 0, 0, 11, true, 3403805452, 0
3000, 0, 0, 12, true, 3295975756, 0
3000, 0, 0, 13, true, 3556894647, 0
3000, 0, 0, 14, true, 3180967369, 0
3000, 0, 0, 15, true, 3506202290, 0
3000, 0, 0, 16, true, 3437961320, 0
3000, 0, 0, 17, true, 3401770905, 0
3000, 0, 0, 18, true, 3527749359, 0
3000, 0, 0, 19, true, 3209662437, 0
3000, 0, 0, 20, true, 3438519791, 0
3000, 0, 0, 21, true, 3441605844, 0
3000, 0, 0, 22, true, 3448000278, 0
3000, 0, 0, 23, true, 3298883932, 0
3000, 0, 0, 24, true, 3492009112, 0
3000, 0, 0, 25, true, 3139919324, 0
3000, 0, 0, 26, true, 3427427296, 0
3000, 0, 0, 27, true, 3425280385, 0
3000, 0, 0, 28, true, 3231894805, 0
3000, 0, 0, 29, true, 3524973232, 0
3000, 0, 0, 30, true, 3130682208, 0
3000, 0, 0, 31, true, 3470888008, 0
3000, 0, 0, 32, true, 3425256741, 0
3000, 0, 0, 33, true, 3279426047, 0
3000, 0, 0, 34, true, 3477914177, 0
3000, 0, 0, 35, true, 3156924715, 0
3000, 0, 0, 36, true, 3462243526, 0
3000, 0, 0, 37, true, 3471800300, 0
3000, 0, 0, 38, true, 3394213313, 0
3000, 0, 0, 39, true, 3569766749, 0
3000, 0, 0, 40, true, 3209792720, 0
3000, 0, 0, 41, true, 3425109705, 0
3000, 0, 0, 42, true, 3440065615, 0
3000, 0, 0, 43, true, 3375740417, 0
3000, 0, 0, 44, true, 3267706441, 0
3000, 0, 0, 45, true, 3499581464, 0
3000, 0, 0, 46, true, 3160112503, 0
3000, 0, 0, 47, true, 3453457543, 0
3000, 0, 0, 48, true, 3469982042, 0
3000, 0, 0, 49, true, 3458755556, 0
3000, 0, 0, 50, true, 3559324692, 0
3000, 0, 0, 51, true, 3176230000, 0
3000, 0, 0, 52, true, 3406068251, 0
3000, 0, 0, 53, true, 3434981891, 0
3000, 0, 0, 54, true, 3430601050, 0
3000, 0, 0, 55, true, 3290585349, 0
3000, 0, 0, 56, true, 3523491899, 0
3000, 0, 0, 57, true, 3208823678, 0
3000, 0, 0, 58, true, 3445633399, 0
3000, 0, 0, 59, true, 3437934551, 0
3000, 0, 0, 60, true, 3415739341, 0
3000, 0, 0, 61, true, 3523431655, 0
3000, 0, 0, 62, true, 3233245544, 0
3000, 0, 0, 63, true, 3439143584, 0
3000, 0, 0, 64, true, 3451880419, 0
3000, 0, 0, 65, true, 3414640227, 0
3000, 0, 0, 66, true, 3236109865, 0
3000, 0, 0, 67, true, 3512364577, 0
3000, 0, 0, 68, true, 3164442086, 0
3000, 0, 0, 69, true, 3419276686, 0
3000, 0, 0, 70, true, 3444588544, 0
3000, 0, 0, 71, true, 3265725285, 0
3000, 0, 0, 72, true, 3485088473, 0
3000, 0, 0, 73, true, 3159541148, 0
3000, 0, 0, 74, true, 3433093313, 0
3000, 0, 0, 75, true, 3431090685, 0
3000, 0, 0, 76, true, 3277334973, 0
3000, 0, 0, 77, true, 3550098734, 0
3000, 0, 0, 78, true, 3165475072, 0
3000, 0, 0, 79, true, 3454816733, 0
3000, 0, 0, 80, true, 3465449116, 0
3000, 0, 0, 81, true, 3434132540, 0
3000, 0, 0, 82, true, 3557096886, 0
3000, 0, 0, 83, true, 3228236061, 0
3000, 0, 0, 84, true, 3405366295, 0
3000, 0, 0, 85, true, 3457870234, 0
3000, 0, 0, 86, true, 3444598328, 0
3000, 0, 0, 87, true, 3275213775, 0
3000, 0, 0, 88, true, 3462015032, 0
3000, 0, 0, 89, true, 3165456546, 0
3000, 0, 0, 90, true, 3461541796, 0
3000, 0, 0, 91, true, 3463532278, 0
3000, 0, 0, 92, true, 3383239086, 0
3000, 0, 0, 93, true, 3569712809, 0
3000, 0, 0, 94, true, 3168416281, 0
3000, 0, 0, 95, true, 3432042188, 0
3000, 0, 0, 96, true, 3432333850, 0
3000, 0, 0, 97, true, 3449133674, 0
3000, 0, 0, 98, true, 3251625533, 0
3000, 0, 0, 99, true, 3493597034, 0
3500, 0, 0, 0, true, 3634958127, 0
3500, 0, 0, 1, true, 3227333884, 0
3500, 0, 0, 2, true, 2705723084, 0
3500, 0, 0, 3, true, 3079583648, 0
3500, 0, 0, 4, true, 2633925577, 0
3500, 0, 0, 5, true, 3057268798, 0
3500, 0, 0, 6, true, 2944470304, 0
3500, 0, 0, 7, true, 2788308404, 0
3500, 0, 0, 8, true, 3279978144, 0
3500, 0, 0, 9, true, 2785217931, 0
3500, 0, 0, 10, true, 3266659134, 0
3500, 0, 0, 11, true, 2766998454, 0
3500, 0, 0, 12, true, 3236185649, 0
3500, 0, 0, 13, true, 2730834516, 0
3500, 0, 0, 14, true, 3113158127, 0
3500, 0, 0, 15, true, 2666642673, 0
3500, 0, 0, 16, true, 3049080750, 0
3500, 0, 0, 17, true, 2955571866, 0
3500, 0, 0, 18, true, 2740548924, 0
3500, 0, 0, 19, true, 2947081516, 0
3500, 0, 0, 20, true, 2788588288, 0
3500, 0, 0, 21, true, 3278991979, 0
3500, 0, 0, 22, true, 2779600370, 0
3500, 0, 0, 23, true, 3255410206, 0
3500, 0, 0, 24, true, 2780533518, 0
3500, 0, 0, 25, true, 3284068889, 0
3500, 0, 0, 26, true, 2748745363, 0
3500, 0, 0, 27, true, 3130592186, 0
3500, 0, 0, 28, true, 2706826072, 0
3500, 0, 0, 29, true, 3072686842, 0
3500, 0, 0, 30, true, 2642184367, 0
3500, 0, 0, 31, true, 3055344283, 0
3500, 0, 0, 32, true, 2921616973, 0
3500, 0, 0, 33, true, 2805797983, 0
3500, 0, 0, 34, true, 3280147971, 0
3500, 0, 0, 35, true, 2786060188, 0
3500, 0, 0, 36, true, 3255401680, 0
3500, 0, 0, 37, true, 2768136121, 0
3500, 0, 0, 38, true, 3228260333, 0
3500, 0, 0, 39, true, 2740591478, 0
3500, 0, 0, 40, true, 3101237447, 0
3500, 0, 0, 41, true, 2668961355, 0
3500, 0, 0, 42, true, 3131869628, 0
3500, 0, 0, 43, true, 2969410108, 0
3500, 0, 0, 44, true, 2744545898, 0
3500, 0, 0, 45, true, 2924711952, 0
3500, 0, 0, 46, true, 2814290018, 0
3500, 0, 0, 47, true, 3323736114, 0
3500, 0, 0, 48, true, 2788995784, 0
3500, 0, 0, 49, true, 3336041844, 0
3500, 0, 0, 50, true, 2783443853, 0
3500, 0, 0, 51, true, 3245537031, 0
3500, 0, 0, 52, true, 2746043277, 0
3500, 0, 0, 53, true, 3146700725, 0
3500, 0, 0, 54, true, 2714024522, 0
3500, 0, 0, 55, true, 3063739216, 0
3500, 0, 0, 56, true, 2646800538, 0
3500, 0, 0, 57, true, 3128784124, 0
3500, 0, 0, 58, true, 2950268461, 0
3500, 0, 0, 59, true, 2801659857, 0
3500, 0, 0, 60, true, 3287071945, 0
3500, 0, 0, 61, true, 2772715794, 0
3500, 0, 0, 62, true, 3292772505, 0
3500, 0, 0, 63, true, 2776788722, 0
3500, 0, 0, 64, true, 3242405476, 0
3500, 0, 0, 65, true, 2733087956, 0
3500, 0, 0, 66, true, 3103157391, 0
3500, 0, 0, 67, true, 2665201247, 0
3500, 0, 0, 68, true, 3083818528, 0
3500, 0, 0, 69, true, 2980032790, 0
3500, 0, 0, 70, true, 2725225507, 0
3500, 0, 0, 71, true, 2955589614, 0
3500, 0, 0, 72, true, 2814515635, 0
3500, 0, 0, 73, true, 3279914467, 0
3500, 0, 0, 74, true, 2783032978, 0
3500, 0, 0, 75, true, 3267306430, 0
3500, 0, 0, 76, true, 2770523941, 0
3500, 0, 0, 77, true, 3278241963, 0
3500, 0, 0, 78, true, 2743614849, 0
3500, 0, 0, 79, true, 3184972433, 0
3500, 0, 0, 80, true, 2718249927, 0
3500, 0, 0, 81, true, 3149837532, 0
3500, 0, 0, 82, true, 2641780803, 0
3500, 0, 0, 83, true, 3066335832, 0
3500, 0, 0, 84, true, 2959907965, 0
3500, 0, 0, 85, true, 2790471198, 0
3500, 0, 0, 86, true, 3284786031, 0
3500, 0, 0, 87, true, 2784507789, 0
3500, 0, 0, 88, true, 3272260837, 0
3500, 0, 0, 89, true, 2764757135, 0
3500, 0, 0, 90, true, 3235419805, 0
3500, 0, 0, 91, true, 2725508708, 0
3500, 0, 0, 92, true, 3091026031, 0
3500, 0, 0, 93, true, 2656772762, 0
3500, 0, 0, 94, true, 3057629169, 0
3500, 0, 0, 95, true, 3011268071, 0
3500, 0, 0, 96, true, 2730460313, 0
3500, 0, 0, 97, true, 2964243568, 0
3500, 0, 0, 98, true, 2792192556, 0
3500, 0, 0, 99, true, 3306157205, 0
4000, 0, 0, 0, true, 3128685387, 0
4000, 0, 0, 1, true, 2999273180, 0
4000, 0, 0, 2, true, 3225051951, 0
4000, 0, 0, 3, true, 2888375209, 0
4000, 0, 0, 4, true, 3109627003, 0
4000, 0, 0, 5, true, 2994304203, 0
4000, 0, 0, 6, true, 3173132211, 0
4000, 0, 0, 7, true, 2890014903, 0
4000, 0, 0, 8, true, 3092886730, 0
4000, 0, 0, 9, true, 3001227368, 0
4000, 0, 0, 10, true, 2863997798, 0
4000, 0, 0, 11, true, 2902321209, 0
4000, 0, 0, 12, true, 3105949619, 0
4000, 0, 0, 13, true, 3012318301, 0
4000, 0, 0, 14, true, 3206866342, 0
4000, 0, 0, 15, true, 2896297159, 0
4000, 0, 0, 16, true, 3113202892, 0
4000, 0, 0, 17, true, 3002163661, 0
4000, 0, 0, 18, true, 3160940503, 0
4000, 0, 0, 19, true, 2896846624, 0
4000, 0, 0, 20, true, 3135421384, 0
4000, 0, 0, 21, true, 3013154463, 0
4000, 0, 0, 22, true, 3182234298, 0
4000, 0, 0, 23, true, 2901066620, 0
4000, 0, 0, 24, true, 3137090398, 0
4000, 0, 0, 25, true, 3003977806, 0
4000, 0, 0, 26, true, 3168940061, 0
4000, 0, 0, 27, true, 2897886494, 0
4000, 0, 0, 28, true, 3142335183, 0
4000, 0, 0, 29, true, 3001280580, 0
4000, 0, 0, 30, true, 3205388798, 0
4000, 0, 0, 31, true, 2884348325, 0
4000, 0, 0, 32, true, 3115847963, 0
4000, 0, 0, 33, true, 2990625551, 0
4000, 0, 0, 34, true, 3217343420, 0
4000, 0, 0, 35, true, 2905779961, 0
4000, 0, 0, 36, true, 3119623917, 0
4000, 0, 0, 37, true, 2999679840, 0
4000, 0, 0, 38, true, 3195808721, 0
4000, 0, 0, 39, true, 2896656165, 0
4000, 0, 0, 40, true, 3122385774, 0
4000, 0, 0, 41, true, 3006292600, 0
4000, 0, 0, 42, true, 3191533941, 0
4000, 0, 0, 43, true, 2903682197, 0
4000, 0, 0, 44, true, 3117873444, 0
4000, 0, 0, 45, true, 2996325317, 0
4000, 0, 0, 46, true, 3201284587, 0
4000, 0, 0, 47, true, 2886118845, 0
4000, 0, 0, 48, true, 3132799330, 0
4000, 0, 0, 49, true, 2995931756, 0
4000, 0, 0, 50, true, 3147680299, 0
4000, 0, 0, 51, true, 2898952621, 0
4000, 0, 0, 52, true, 3118047891, 0
4000, 0, 0, 53, true, 2990410238, 0
4000, 0, 0, 54, true, 3186139593, 0
4000, 0, 0, 55, true, 2892977363, 0
4000, 0, 0, 56, true, 3106995653, 0
4000, 0, 0, 57, true, 3000898423, 0
4000, 0, 0, 58, true, 3167977111, 0
4000, 0, 0, 59, true, 2889093823, 0
4000, 0, 0, 60, true, 3107799163, 0
4000, 0, 0, 61, true, 3000483015, 0
4000, 0, 0, 62, true, 3185878277, 0
4000, 0, 0, 63, true, 2883938412, 0
4000, 0, 0, 64, true, 3124433363, 0
4000, 0, 0, 65, true, 3005837420, 0
4000, 0, 0, 66, true, 3169931040, 0
4000, 0, 0, 67, true, 2898067074, 0
4000, 0, 0, 68, true, 3150954171, 0
4000, 0, 0, 69, true, 2998995124, 0
4000, 0, 0, 70, true, 3175474247, 0
4000, 0, 0, 71, true, 2901071702, 0
4000, 0, 0, 72, true, 3116464619, 0
4000, 0, 0, 73, true, 3004301495, 0
4000, 0, 0, 74, true, 3185845386, 0
4000, 0, 0, 75, true, 2905947688, 0
4000, 0, 0, 76, true, 3119175020, 0
4000, 0, 0, 77, true, 3004029093, 0
4000, 0, 0, 78, true, 3199908258, 0
4000, 0, 0, 79, true, 2894339719, 0
4000, 0, 0, 80, true, 3141299975, 0
4000, 0, 0, 81, true, 2998939361, 0
4000, 0, 0, 82, true, 3172424179, 0
4000, 0, 0, 83, true, 2897219017, 0
4000, 0, 0, 84, true, 3139098471, 0
4000, 0, 0, 85, true, 3000131733, 0
4000, 0, 0, 86, true, 3194830099, 0
4000, 0, 0, 87, true, 2902694978, 0
4000, 0, 0, 88, true, 3126411008, 0
4000, 0, 0, 89, true, 2997363416, 0
4000, 0, 0, 90, true, 3191977681, 0
4000, 0, 0, 91, true, 2896025872, 0
4000, 0, 0, 92, true, 3113122505, 0
4000, 0, 0, 93, true, 2997476250, 0
4000, 0, 0, 94, true, 3201303595, 0
4000, 0, 0, 95, true, 2900261992, 0
4000, 0, 0, 96, true, 3109104117, 0
4000, 0, 0, 97, true, 3008921849, 0
4000, 0, 0, 98, true, 3199418748, 0
4000, 0, 0, 99, true, 2906036066, 0
4500, 0, 0, 0, true, 3469008828, 0
4500, 0, 0, 1, true, 7169585577, 0
4500, 0, 0, 2, true, 4337713914, 0
4500, 0, 0, 3, true, 7232296666, 0
4500, 0, 0, 4, true, 4341292622, 0
4500, 0, 0, 5, true, 4055540776, 0
4500, 0, 0, 6, true, 4379270766, 0
4500, 0, 0, 7, true, 7387750594, 0
4500, 0, 0, 8, true, 4399731474, 0
4500, 0, 0, 9, true, 7390112502, 0
4500, 0, 0, 10, true, 5102767988, 0
4500, 0, 0, 11, true, 5196870459, 0
4500, 0, 0, 12, true, 5192905245, 0
4500, 0, 0, 13, true, 4537262494, 0
4500, 0, 0, 14, true, 3298714250, 0
4500, 0, 0, 15, true, 3247381699, 0
4500, 0, 0, 16, true, 3278857036, 0
4500, 0, 0, 17, true, 3296443129, 0
4500, 0, 0, 18, true, 3298520021, 0
4500, 0, 0, 19, true, 3280733796, 0
4500, 0, 0, 20, true, 3285726670, 0
4500, 0, 0, 21, true, 3285565905, 0
4500, 0, 0, 22, true, 3285837087, 0
4500, 0, 0, 23, true, 3286674668, 0
4500, 0, 0, 24, true, 3306865565, 0
4500, 0, 0, 25, true, 3290039667, 0
4500, 0, 0, 26, true, 3286697181, 0
4500, 0, 0, 27, true, 3285859405, 0
4500, 0, 0, 28, true, 3295365229, 0
4500, 0, 0, 29, true, 3283043754, 0
4500, 0, 0, 30, true, 3286334211, 0
4500, 0, 0, 31, true, 3279453693, 0
4500, 0, 0, 32, true, 3298070021, 0
4500, 0, 0, 33, true, 3282674275, 0
4500, 0, 0, 34, true, 3294094082, 0
4500, 0, 0, 35, true, 3278104793, 0
4500, 0, 0, 36, true, 3307068798, 0
4500, 0, 0, 37, true, 3290368242, 0
4500, 0, 0, 38, true, 3294732075, 0
4500, 0, 0, 39, true, 3292439048, 0
4500, 0, 0, 40, true, 3308125715, 0
4500, 0, 0, 41, true, 3286550011, 0
4500, 0, 0, 42, true, 3286883863, 0
4500, 0, 0, 43, true, 3285420190, 0
4500, 0, 0, 44, true, 3291029245, 0
4500, 0, 0, 45, true, 3305334058, 0
4500, 0, 0, 46, true, 3298688843, 0
4500, 0, 0, 47, true, 3294596576, 0
4500, 0, 0, 48, true, 3291077184, 0
4500, 0, 0, 49, true, 3282310693, 0
4500, 0, 0, 50, true, 3311357790, 0
4500, 0, 0, 51, true, 3282511382, 0
4500, 0, 0, 52, true, 3310681280, 0
4500, 0, 0, 53, true, 3284858550, 0
4500, 0, 0, 54, true, 3295153467, 0
4500, 0, 0, 55, true, 3284366354, 0
4500, 0, 0, 56, true, 3286173034, 0
4500, 0, 0, 57, true, 3296076699, 0
4500, 0, 0, 58, true, 3290985656, 0
4500, 0, 0, 59, true, 3278811531, 0
4500, 0, 0, 60, true, 3298650770, 0
4500, 0, 0, 61, true, 3289154531, 0
4500, 0, 0, 62, true, 3305587069, 0
4500, 0, 0, 63, true, 3284472094, 0
4500, 0, 0, 64, true, 3295828041, 0
4500, 0, 0, 65, true, 3292872312, 0
4500, 0, 0, 66, true, 3297009100, 0
4500, 0, 0, 67, true, 3288522765, 0
4500, 0, 0, 68, true, 3297037812, 0
4500, 0, 0, 69, true, 3288029158, 0
4500, 0, 0, 70, true, 3289366834, 0
4500, 0, 0, 71, true, 3276838318, 0
4500, 0, 0, 72, true, 3300765646, 0
4500, 0, 0, 73, true, 3288295175, 0
4500, 0, 0, 74, true, 3282336118, 0
4500, 0, 0, 75, true, 3289049487, 0
4500, 0, 0, 76, true, 3287014358, 0
4500, 0, 0, 77, true, 3298748878, 0
4500, 0, 0, 78, true, 3283769747, 0
4500, 0, 0, 79, true, 3294360125, 0
4500, 0, 0, 80, true, 3289728960, 0
4500, 0, 0, 81, true, 3283742556, 0
4500, 0, 0, 82, true, 3287107887, 0
4500, 0, 0, 83, true, 3273910965, 0
4500, 0, 0, 84, true, 3296342141, 0
4500, 0, 0, 85, true, 3287938788, 0
4500, 0, 0, 86, true, 3289117234, 0
4500, 0, 0, 87, true, 3290943744, 0
4500, 0, 0, 88, true, 3298041025, 0
4500, 0, 0, 89, true, 3276781208, 0
4500, 0, 0, 90, true, 3299202001, 0
4500, 0, 0, 91, true, 3286405068, 0
4500, 0, 0, 92, true, 3308665118, 0
4500, 0, 0, 93, true, 3277800740, 0
4500, 0, 0, 94, true, 3285803630, 0
4500, 0, 0, 95, true, 3296602423, 0
4500, 0, 0, 96, true, 3292557774, 0
4500, 0, 0, 97, true, 3300240377, 0
4500, 0, 0, 98, true, 3294941596, 0
4500, 0, 0, 99, true, 3286585066, 0
5000, 0, 0, 0, true, 4735530614, 0
5000, 0, 0, 1, true, 5223224963, 0
5000, 0, 0, 2, true, 5121495499, 0
5000, 0, 0, 3, true, 4958852056, 0
5000, 0, 0, 4, true, 5086073683, 0
5000, 0, 0, 5, true, 4071080961, 0
5000, 0, 0, 6, true, 8114304077, 0
5000, 0, 0, 7, true, 5345312675, 0
5000, 0, 0, 8, true, 5052923852, 0
5000, 0, 0, 9, true, 5042626843, 0
5000, 0, 0, 10, true, 4915298416, 0
5000, 0, 0, 11, true, 4056021265, 0
5000, 0, 0, 12, true, 7985247743, 0
5000, 0, 0, 13, true, 5362717474, 0
5000, 0, 0, 14, true, 5062304247, 0
5000, 0, 0, 15, true, 4964670457, 0
5000, 0, 0, 16, true, 4646763515, 0
5000, 0, 0, 17, true, 4113963271, 0
5000, 0, 0, 18, true, 7607796412, 0
5000, 0, 0, 19, true, 5331539894, 0
5000, 0, 0, 20, true, 5041812155, 0
5000, 0, 0, 21, true, 5027126536, 0
5000, 0, 0, 22, true, 4942091651, 0
5000, 0, 0, 23, true, 4049895871, 0
5000, 0, 0, 24, true, 7959716060, 0
5000, 0, 0, 25, true, 5645444724, 0
5000, 0, 0, 26, true, 5148475317, 0
5000, 0, 0, 27, true, 5720320682, 0
5000, 0, 0, 28, true, 4937564364, 0
5000, 0, 0, 29, true, 4133275220, 0
5000, 0, 0, 30, true, 7604053621, 0
5000, 0, 0, 31, true, 5359400708, 0
5000, 0, 0, 32, true, 5056819956, 0
5000, 0, 0, 33, true, 4999393772, 0
5000, 0, 0, 34, true, 4908719255, 0
5000, 0, 0, 35, true, 4072221897, 0
5000, 0, 0, 36, true, 7944145109, 0
5000, 0, 0, 37, true, 5294173320, 0
5000, 0, 0, 38, true, 5011829515, 0
5000, 0, 0, 39, true, 5079903080, 0
5000, 0, 0, 40, true, 4666611140, 0
5000, 0, 0, 41, true, 4100233176, 0
5000, 0, 0, 42, true, 7546238875, 0
5000, 0, 0, 43, true, 5343082440, 0
5000, 0, 0, 44, true, 5057329381, 0
5000, 0, 0, 45, true, 5076846259, 0
5000, 0, 0, 46, true, 4956150984, 0
5000, 0, 0, 47, true, 4075134029, 0
5000, 0, 0, 48, true, 8025247377, 0
5000, 0, 0, 49, true, 5364411993, 0
5000, 0, 0, 50, true, 5670697808, 0
5000, 0, 0, 51, true, 4986757101, 0
5000, 0, 0, 52, true, 4684135012, 0
5000, 0, 0, 53, true, 4085596664, 0
5000, 0, 0, 54, true, 7571992907, 0
5000, 0, 0, 55, true, 5369462783, 0
5000, 0, 0, 56, true, 5033304781, 0
5000, 0, 0, 57, true, 4982724934, 0
5000, 0, 0, 58, true, 4944472811, 0
5000, 0, 0, 59, true, 4078618918, 0
5000, 0, 0, 60, true, 8088289426, 0
5000, 0, 0, 61, true, 5342046061, 0
5000, 0, 0, 62, true, 5097962255, 0
5000, 0, 0, 63, true, 5044641455, 0
5000, 0, 0, 64, true, 4708905201, 0
5000, 0, 0, 65, true, 4126692746, 0
5000, 0, 0, 66, true, 7530326008, 0
5000, 0, 0, 67, true, 6365978096, 0
5000, 0, 0, 68, true, 5048037460, 0
5000, 0, 0, 69, true, 4996443138, 0
5000, 0, 0, 70, true, 4951544244, 0
5000, 0, 0, 71, true, 4065672606, 0
5000, 0, 0, 72, true, 3587747191, 0
5000, 0, 0, 73, true, 4493049236, 0
5000, 0, 0, 74, true, 5178872135, 0
5000, 0, 0, 75, true, 5076396999, 0
5000, 0, 0, 76, true, 5073871243, 0
5000, 0, 0, 77, true, 4923535901, 0
5000, 0, 0, 78, true, 4039150753, 0
5000, 0, 0, 79, true, 6935434973, 0
5000, 0, 0, 80, true, 5345361495, 0
5000, 0, 0, 81, true, 5079192888, 0
5000, 0, 0, 82, true, 4968366107, 0
5000, 0, 0, 83, true, 4141759274, 0
5000, 0, 0, 84, true, 3598839902, 0
5000, 0, 0, 85, true, 7684261450, 0
5000, 0, 0, 86, true, 5369862317, 0
5000, 0, 0, 87, true, 5039550974, 0
5000, 0, 0, 88, true, 5071882362, 0
5000, 0, 0, 89, true, 4920333393, 0
5000, 0, 0, 90, true, 4075715996, 0
5000, 0, 0, 91, true, 3582734070, 0
5000, 0, 0, 92, true, 4509281152, 0
5000, 0, 0, 93, true, 5244232278, 0
5000, 0, 0, 94, true, 5057294893, 0
5000, 0, 0, 95, true, 5031265512, 0
5000, 0, 0, 96, true, 4936757427, 0
5000, 0, 0, 97, true, 4069050143, 0
5000, 0, 0, 98, true, 4492875630, 0
5000, 0, 0, 99, true, 5367102349, 0
5500, 0, 0, 0, true, 5452067093, 0
5500, 0, 0, 1, true, 4737524419, 0
5500, 0, 0, 2, true, 8599920264, 0
5500, 0, 0, 3, true, 8704060880, 0
5500, 0, 0, 4, true, 4650422363, 0
5500, 0, 0, 5, true, 8697941137, 0
5500, 0, 0, 6, true, 8705613611, 0
5500, 0, 0, 7, true, 4657885455, 0
5500, 0, 0, 8, true, 8073866225, 0
5500, 0, 0, 9, true, 4904788699, 0
5500, 0, 0, 10, true, 4623524994, 0
5500, 0, 0, 11, true, 8152146674, 0
5500, 0, 0, 12, true, 8678765711, 0
5500, 0, 0, 13, true, 4625990747, 0
5500, 0, 0, 14, true, 8067056282, 0
5500, 0, 0, 15, true, 8608032857, 0
5500, 0, 0, 16, true, 4584186143, 0
5500, 0, 0, 17, true, 8060543369, 0
5500, 0, 0, 18, true, 8520291167, 0
5500, 0, 0, 19, true, 8564044698, 0
5500, 0, 0, 20, true, 8534835666, 0
5500, 0, 0, 21, true, 4629197364, 0
5500, 0, 0, 22, true, 8455697709, 0
5500, 0, 0, 23, true, 8627552265, 0
5500, 0, 0, 24, true, 4632420166, 0
5500, 0, 0, 25, true, 8047058985, 0
5500, 0, 0, 26, true, 8316320676, 0
5500, 0, 0, 27, true, 4617291279, 0
5500, 0, 0, 28, true, 8143416936, 0
5500, 0, 0, 29, true, 8482741621, 0
5500, 0, 0, 30, true, 4615484209, 0
5500, 0, 0, 31, true, 8203892021, 0
5500, 0, 0, 32, true, 8508386077, 0
5500, 0, 0, 33, true, 4604975115, 0
5500, 0, 0, 34, true, 8121900868, 0
5500, 0, 0, 35, true, 8470483478, 0
5500, 0, 0, 36, true, 4591785140, 0
5500, 0, 0, 37, true, 7905573887, 0
5500, 0, 0, 38, true, 8523981527, 0
5500, 0, 0, 39, true, 8603180180, 0
5500, 0, 0, 40, true, 7926941549, 0
5500, 0, 0, 41, true, 8622560705, 0
5500, 0, 0, 42, true, 8630119556, 0
5500, 0, 0, 43, true, 8675495260, 0
5500, 0, 0, 44, true, 4622601611, 0
5500, 0, 0, 45, true, 8602488569, 0
5500, 0, 0, 46, true, 8595918363, 0
5500, 0, 0, 47, true, 4656603856, 0
5500, 0, 0, 48, true, 8021176127, 0
5500, 0, 0, 49, true, 8473338174, 0
5500, 0, 0, 50, true, 8280232930, 0
5500, 0, 0, 51, true, 8090702850, 0
5500, 0, 0, 52, true, 8582833970, 0
5500, 0, 0, 53, true, 4577393615, 0
5500, 0, 0, 54, true, 7982792412, 0
5500, 0, 0, 55, true, 8421111231, 0
5500, 0, 0, 56, true, 8652456112, 0
5500, 0, 0, 57, true, 8610832130, 0
5500, 0, 0, 58, true, 4654017433, 0
5500, 0, 0, 59, true, 8620869685, 0
5500, 0, 0, 60, true, 8604142826, 0
5500, 0, 0, 61, true, 4654955518, 0
5500, 0, 0, 62, true, 8099791635, 0
5500, 0, 0, 63, true, 8554196752, 0
5500, 0, 0, 64, true, 4598006874, 0
5500, 0, 0, 65, true, 8072377989, 0
5500, 0, 0, 66, true, 8538788110, 0
5500, 0, 0, 67, true, 4588859195, 0
5500, 0, 0, 68, true, 8095024623, 0
5500, 0, 0, 69, true, 8460039333, 0
5500, 0, 0, 70, true, 8556696333, 0
5500, 0, 0, 71, true, 8691265776, 0
5500, 0, 0, 72, true, 4611720539, 0
5500, 0, 0, 73, true, 8747767415, 0
5500, 0, 0, 74, true, 8635647288, 0
5500, 0, 0, 75, true, 4639608113, 0
5500, 0, 0, 76, true, 8530733704, 0
5500, 0, 0, 77, true, 4873554651, 0
5500, 0, 0, 78, true, 4615814299, 0
5500, 0, 0, 79, true, 8151615491, 0
5500, 0, 0, 80, true, 8462248422, 0
5500, 0, 0, 81, true, 4606986339, 0
5500, 0, 0, 82, true, 8073658015, 0
5500, 0, 0, 83, true, 8420517860, 0
5500, 0, 0, 84, true, 8588688407, 0
5500, 0, 0, 85, true, 8032902307, 0
5500, 0, 0, 86, true, 8515409570, 0
5500, 0, 0, 87, true, 8681406519, 0
5500, 0, 0, 88, true, 7936285454, 0
5500, 0, 0, 89, true, 8491861191, 0
5500, 0, 0, 90, true, 8627734294, 0
5500, 0, 0, 91, true, 8578583661, 0
5500, 0, 0, 92, true, 8519856901, 0
5500, 0, 0, 93, true, 8592811259, 0
5500, 0, 0, 94, true, 8704458374, 0
5500, 0, 0, 95, true, 4609028401, 0
5500, 0, 0, 96, true, 8126901081, 0
5500, 0, 0, 97, true, 8274852393, 0
5500, 0, 0, 98, true, 4611528023, 0
5500, 0, 0, 99, true, 8187143789, 0
6000, 0, 0, 0, true, 9753760878, 0
6000, 0, 0, 1, true, 8842289214, 0
6000, 0, 0, 2, true, 9129198702, 0
6000, 0, 0, 3, true, 8614548535, 0
6000, 0, 0, 4, true, 4895865195, 0
6000, 0, 0, 5, true, 8717064658, 0
6000, 0, 0, 6, true, 4926274500, 0
6000, 0, 0, 7, true, 8659214739, 0
6000, 0, 0, 8, true, 5015961794, 0
6000, 0, 0, 9, true, 8623796086, 0
6000, 0, 0, 10, true, 4950819720, 0
6000, 0, 0, 11, true, 9502767715, 0
6000, 0, 0, 12, true, 9043776550, 0
6000, 0, 0, 13, true, 9546779847, 0
6000, 0, 0, 14, true, 8850175248, 0
6000, 0, 0, 15, true, 9369690920, 0
6000, 0, 0, 16, true, 8731853958, 0
6000, 0, 0, 17, true, 4928996806, 0
6000, 0, 0, 18, true, 8606384644, 0
6000, 0, 0, 19, true, 4918502444, 0
6000, 0, 0, 20, true, 8577124499, 0
6000, 0, 0, 21, true, 4962058975, 0
6000, 0, 0, 22, true, 9578125518, 0
6000, 0, 0, 23, true, 8822720490, 0
6000, 0, 0, 24, true, 4915325208, 0
6000, 0, 0, 25, true, 8607038695, 0
6000, 0, 0, 26, true, 4915009839, 0
6000, 0, 0, 27, true, 8871480867, 0
6000, 0, 0, 28, true, 4949268865, 0
6000, 0, 0, 29, true, 8613348662, 0
6000, 0, 0, 30, true, 4960544211, 0
6000, 0, 0, 31, true, 9472672650, 0
6000, 0, 0, 32, true, 9243739389, 0
6000, 0, 0, 33, true, 9819633166, 0
6000, 0, 0, 34, true, 8896846900, 0
6000, 0, 0, 35, true, 9499478625, 0
6000, 0, 0, 36, true, 8704676162, 0
6000, 0, 0, 37, true, 4947100805, 0
6000, 0, 0, 38, true, 8756544243, 0
6000, 0, 0, 39, true, 4915080516, 0
6000, 0, 0, 40, true, 8582863736, 0
6000, 0, 0, 41, true, 4949073393, 0
6000, 0, 0, 42, true, 9593962950, 0
6000, 0, 0, 43, true, 8772599234, 0
6000, 0, 0, 44, true, 4906409029, 0
6000, 0, 0, 45, true, 8818276567, 0
6000, 0, 0, 46, true, 4921435490, 0
6000, 0, 0, 47, true, 8812252010, 0
6000, 0, 0, 48, true, 4961362732, 0
6000, 0, 0, 49, true, 8559306675, 0
6000, 0, 0, 50, true, 4944058187, 0
6000, 0, 0, 51, true, 9581155502, 0
6000, 0, 0, 52, true, 9123404639, 0
6000, 0, 0, 53, true, 9966564798, 0
6000, 0, 0, 54, true, 8742692474, 0
6000, 0, 0, 55, true, 10033728138, 0
6000, 0, 0, 56, true, 8746667077, 0
6000, 0, 0, 57, true, 4917108879, 0
6000, 0, 0, 58, true, 8671771967, 0
6000, 0, 0, 59, true, 4881003294, 0
6000, 0, 0, 60, true, 8652628264, 0
6000, 0, 0, 61, true, 4956978878, 0
6000, 0, 0, 62, true, 9540826033, 0
6000, 0, 0, 63, true, 8868484811, 0
6000, 0, 0, 64, true, 4932340658, 0
6000, 0, 0, 65, true, 8741692498, 0
6000, 0, 0, 66, true, 4947494649, 0
6000, 0, 0, 67, true, 8492690230, 0
6000, 0, 0, 68, true, 4961497263, 0
6000, 0, 0, 69, true, 8712278064, 0
6000, 0, 0, 70, true, 4955858100, 0
6000, 0, 0, 71, true, 9502070609, 0
6000, 0, 0, 72, true, 9091479512, 0
6000, 0, 0, 73, true, 9452918469, 0
6000, 0, 0, 74, true, 8850167795, 0
6000, 0, 0, 75, true, 10511397093, 0
6000, 0, 0, 76, true, 8778102204, 0
6000, 0, 0, 77, true, 4934986030, 0
6000, 0, 0, 78, true, 8673045170, 0
6000, 0, 0, 79, true, 4892118714, 0
6000, 0, 0, 80, true, 8509674375, 0
6000, 0, 0, 81, true, 4954662479, 0
6000, 0, 0, 82, true, 9587126519, 0
6000, 0, 0, 83, true, 9152722344, 0
6000, 0, 0, 84, true, 10113227656, 0
6000, 0, 0, 85, true, 8829484876, 0
6000, 0, 0, 86, true, 4939253226, 0
6000, 0, 0, 87, true, 8739814375, 0
6000, 0, 0, 88, true, 8927441987, 0
6000, 0, 0, 89, true, 9274526457, 0
6000, 0, 0, 90, true, 5117258364, 0
6000, 0, 0, 91, true, 9594995788, 0
6000, 0, 0, 92, true, 9150227278, 0
6000, 0, 0, 93, true, 10108251103, 0
6000, 0, 0, 94, true, 8661865990, 0
6000, 0, 0, 95, true, 4943473347, 0
6000, 0, 0, 96, true, 8743722352, 0
6000, 0, 0, 97, true, 4888015839, 0
6000, 0, 0, 98, true, 8543591191, 0
6000, 0, 0, 99, true, 4953586263, 0
6500, 0, 0, 0, true, 11078718728, 0
6500, 0, 0, 1, true, 10181204232, 0
6500, 0, 0, 2, true, 9697019285, 0
6500, 0, 0, 3, true, 5986537579, 0
6500, 0, 0, 4, true, 10054144142, 0
6500, 0, 0, 5, true, 10161488241, 0
6500, 0, 0, 6, true, 9636116531, 0
6500, 0, 0, 7, true, 6020480888, 0
6500, 0, 0, 8, true, 9995153359, 0
6500, 0, 0, 9, true, 10225011055, 0
6500, 0, 0, 10, true, 9675436107, 0
6500, 0, 0, 11, true, 6021166415, 0
6500, 0, 0, 12, true, 10386296002, 0
6500, 0, 0, 13, true, 10207415352, 0
6500, 0, 0, 14, true, 9433312256, 0
6500, 0, 0, 15, true, 6043349498, 0
6500, 0, 0, 16, true, 10164966279, 0
6500, 0, 0, 17, true, 10220389878, 0
6500, 0, 0, 18, true, 9597414051, 0
6500, 0, 0, 19, true, 10815106799, 0
6500, 0, 0, 20, true, 10671581148, 0
6500, 0, 0, 21, true, 9409534146, 0
6500, 0, 0, 22, true, 5364860020, 0
6500, 0, 0, 23, true, 6042270498, 0
6500, 0, 0, 24, true, 11138840334, 0
6500, 0, 0, 25, true, 10289388215, 0
6500, 0, 0, 26, true, 9623835517, 0
6500, 0, 0, 27, true, 5956675508, 0
6500, 0, 0, 28, true, 11395459680, 0
6500, 0, 0, 29, true, 10188880204, 0
6500, 0, 0, 30, true, 9584065352, 0
6500, 0, 0, 31, true, 5945138060, 0
6500, 0, 0, 32, true, 10674330278, 0
6500, 0, 0, 33, true, 9446067009, 0
6500, 0, 0, 34, true, 5355054219, 0
6500, 0, 0, 35, true, 5952622408, 0
6500, 0, 0, 36, true, 10348914518, 0
6500, 0, 0, 37, true, 9412664439, 0
6500, 0, 0, 38, true, 5334014711, 0
6500, 0, 0, 39, true, 5979080969, 0
6500, 0, 0, 40, true, 6052430840, 0
6500, 0, 0, 41, true, 10118947992, 0
6500, 0, 0, 42, true, 9449869081, 0
6500, 0, 0, 43, true, 6028576974, 0
6500, 0, 0, 44, true, 10043739067, 0
6500, 0, 0, 45, true, 10286214755, 0
6500, 0, 0, 46, true, 9470878553, 0
6500, 0, 0, 47, true, 6023406289, 0
6500, 0, 0, 48, true, 10829691204, 0
6500, 0, 0, 49, true, 10237312461, 0
6500, 0, 0, 50, true, 9473932762, 0
6500, 0, 0, 51, true, 5354612277, 0
6500, 0, 0, 52, true, 6042699677, 0
6500, 0, 0, 53, true, 10115031834, 0
6500, 0, 0, 54, true, 10259276814, 0
6500, 0, 0, 55, true, 9683149328, 0
6500, 0, 0, 56, true, 5948558453, 0
6500, 0, 0, 57, true, 10930038647, 0
6500, 0, 0, 58, true, 9323753518, 0
6500, 0, 0, 59, true, 5333119027, 0
6500, 0, 0, 60, true, 5975690489, 0
6500, 0, 0, 61, true, 5928565923, 0
6500, 0, 0, 62, true, 10098791950, 0
6500, 0, 0, 63, true, 9547382753, 0
6500, 0, 0, 64, true, 6024524301, 0
6500, 0, 0, 65, true, 10039650098, 0
6500, 0, 0, 66, true, 10265684793, 0
6500, 0, 0, 67, true, 9446073335, 0
6500, 0, 0, 68, true, 5984527206, 0
6500, 0, 0, 69, true, 5974569938, 0
6500, 0, 0, 70, true, 10139432017, 0
6500, 0, 0, 71, true, 9416421991, 0
6500, 0, 0, 72, true, 5333746343, 0
6500, 0, 0, 73, true, 6036394862, 0
6500, 0, 0, 74, true, 10263290053, 0
6500, 0, 0, 75, true, 10329543990, 0
6500, 0, 0, 76, true, 9554118340, 0
6500, 0, 0, 77, true, 10768140760, 0
6500, 0, 0, 78, true, 11020335679, 0
6500, 0, 0, 79, true, 9418064370, 0
6500, 0, 0, 80, true, 5359618735, 0
6500, 0, 0, 81, true, 6022711797, 0
6500, 0, 0, 82, true, 6071243586, 0
6500, 0, 0, 83, true, 10031264728, 0
6500, 0, 0, 84, true, 9565923575, 0
6500, 0, 0, 85, true, 6023718805, 0
6500, 0, 0, 86, true, 10088303276, 0
6500, 0, 0, 87, true, 10195017275, 0
6500, 0, 0, 88, true, 9482392436, 0
6500, 0, 0, 89, true, 6005418823, 0
6500, 0, 0, 90, true, 5938967064, 0
6500, 0, 0, 91, true, 10220895935, 0
6500, 0, 0, 92, true, 9372448644, 0
6500, 0, 0, 93, true, 5356575954, 0
6500, 0, 0, 94, true, 6028235399, 0
6500, 0, 0, 95, true, 10234625833, 0
6500, 0, 0, 96, true, 10212872547, 0
6500, 0, 0, 97, true, 9665439875, 0
6500, 0, 0, 98, true, 5917119422, 0
6500, 0, 0, 99, true, 10053785797, 0
7000, 0, 0, 0, true, 10810219905, 0
7000, 0, 0, 1, true, 10629508335, 0
7000, 0, 0, 2, true, 12635945538, 0
7000, 0, 0, 3, true, 10901345232, 0
7000, 0, 0, 4, true, 10848647110, 0
7000, 0, 0, 5, true, 6325541061, 0
7000, 0, 0, 6, true, 7022882538, 0
7000, 0, 0, 7, true, 11035172416, 0
7000, 0, 0, 8, true, 11452945256, 0
7000, 0, 0, 9, true, 10855984106, 0
7000, 0, 0, 10, true, 10847630751, 0
7000, 0, 0, 11, true, 6382624517, 0
7000, 0, 0, 12, true, 7181875035, 0
7000, 0, 0, 13, true, 10690783103, 0
7000, 0, 0, 14, true, 11337199773, 0
7000, 0, 0, 15, true, 11051956640, 0
7000, 0, 0, 16, true, 10801378034, 0
7000, 0, 0, 17, true, 6379710407, 0
7000, 0, 0, 18, true, 7211659483, 0
7000, 0, 0, 19, true, 10869203719, 0
7000, 0, 0, 20, true, 12348456876, 0
7000, 0, 0, 21, true, 10887716085, 0
7000, 0, 0, 22, true, 10806038970, 0
7000, 0, 0, 23, true, 6380833612, 0
7000, 0, 0, 24, true, 7038868702, 0
7000, 0, 0, 25, true, 10701360102, 0
7000, 0, 0, 26, true, 11436070663, 0
7000, 0, 0, 27, true, 11003106074, 0
7000, 0, 0, 28, true, 10788464233, 0
7000, 0, 0, 29, true, 6319963565, 0
7000, 0, 0, 30, true, 7036412960, 0
7000, 0, 0, 31, true, 10725584219, 0
7000, 0, 0, 32, true, 11977591142, 0
7000, 0, 0, 33, true, 11056908708, 0
7000, 0, 0, 34, true, 10789177611, 0
7000, 0, 0, 35, true, 10697932608, 0
7000, 0, 0, 36, true, 12682354303, 0
7000, 0, 0, 37, true, 10878677636, 0
7000, 0, 0, 38, true, 10832735020, 0
7000, 0, 0, 39, true, 6324447902, 0
7000, 0, 0, 40, true, 7221591957, 0
7000, 0, 0, 41, true, 10718546827, 0
7000, 0, 0, 42, true, 11884875399, 0
7000, 0, 0, 43, true, 10980194325, 0
7000, 0, 0, 44, true, 10745986922, 0
7000, 0, 0, 45, true, 10717743546, 0
7000, 0, 0, 46, true, 12728076448, 0
7000, 0, 0, 47, true, 10780028823, 0
7000, 0, 0, 48, true, 10714346826, 0
7000, 0, 0, 49, true, 6325218136, 0
7000, 0, 0, 50, true, 7202799379, 0
7000, 0, 0, 51, true, 10739050203, 0
7000, 0, 0, 52, true, 11910372666, 0
7000, 0, 0, 53, true, 11097334901, 0
7000, 0, 0, 54, true, 10731422850, 0
7000, 0, 0, 55, true, 10663654179, 0
7000, 0, 0, 56, true, 12657013413, 0
7000, 0, 0, 57, true, 10863054382, 0
7000, 0, 0, 58, true, 10714021176, 0
7000, 0, 0, 59, true, 6343772083, 0
7000, 0, 0, 60, true, 7279204310, 0
7000, 0, 0, 61, true, 10666011763, 0
7000, 0, 0, 62, true, 12447735244, 0
7000, 0, 0, 63, true, 11132326939, 0
7000, 0, 0, 64, true, 10997249554, 0
7000, 0, 0, 65, true, 10692572390, 0
7000, 0, 0, 66, true, 12705550326, 0
7000, 0, 0, 67, true, 10831059629, 0
7000, 0, 0, 68, true, 10669078815, 0
7000, 0, 0, 69, true, 6323991026, 0
7000, 0, 0, 70, true, 7234946489, 0
7000, 0, 0, 71, true, 10663760481, 0
7000, 0, 0, 72, true, 13409937011, 0
7000, 0, 0, 73, true, 11126026996, 0
7000, 0, 0, 74, true, 10770798429, 0
7000, 0, 0, 75, true, 10706922301, 0
7000, 0, 0, 76, true, 13243495742, 0
7000, 0, 0, 77, true, 10969329350, 0
7000, 0, 0, 78, true, 10784050588, 0
7000, 0, 0, 79, true, 6364941984, 0
7000, 0, 0, 80, true, 7024013026, 0
7000, 0, 0, 81, true, 10656943105, 0
7000, 0, 0, 82, true, 11310181906, 0
7000, 0, 0, 83, true, 10882616799, 0
7000, 0, 0, 84, true, 10875849912, 0
7000, 0, 0, 85, true, 6332136101, 0
7000, 0, 0, 86, true, 7210892761, 0
7000, 0, 0, 87, true, 10674482492, 0
7000, 0, 0, 88, true, 12061831908, 0
7000, 0, 0, 89, true, 10880524152, 0
7000, 0, 0, 90, true, 10773807975, 0
7000, 0, 0, 91, true, 6325364700, 0
7000, 0, 0, 92, true, 7211418571, 0
7000, 0, 0, 93, true, 10759294966, 0
7000, 0, 0, 94, true, 12710361419, 0
7000, 0, 0, 95, true, 11064392421, 0
7000, 0, 0, 96, true, 10923045979, 0
7000, 0, 0, 97, true, 10630126650, 0
7000, 0, 0, 98, true, 13188206232, 0
7000, 0, 0, 99, true, 10963128627, 0
7500, 0, 0, 0, true, 12078841780, 0
7500, 0, 0, 1, true, 13875958564, 0
7500, 0, 0, 2, true, 14026698234, 0
7500, 0, 0, 3, true, 13718467650, 0
7500, 0, 0, 4, true, 15827867734, 0
7500, 0, 0, 5, true, 14565087719, 0
7500, 0, 0, 6, true, 14873322147, 0
7500, 0, 0, 7, true, 14508594806, 0
7500, 0, 0, 8, true, 13238891130, 0
7500, 0, 0, 9, true, 15394835418, 0
7500, 0, 0, 10, true, 14475877031, 0
7500, 0, 0, 11, true, 12851483332, 0
7500, 0, 0, 12, true, 14366169527, 0
7500, 0, 0, 13, true, 14582070353, 0
7500, 0, 0, 14, true, 14376035955, 0
7500, 0, 0, 15, true, 13149569245, 0
7500, 0, 0, 16, true, 14552611993, 0
7500, 0, 0, 17, true, 14476094091, 0
7500, 0, 0, 18, true, 12810676722, 0
7500, 0, 0, 19, true, 14602520603, 0
7500, 0, 0, 20, true, 14587134499, 0
7500, 0, 0, 21, true, 14511829897, 0
7500, 0, 0, 22, true, 14709607418, 0
7500, 0, 0, 23, true, 14449384609, 0
7500, 0, 0, 24, true, 14921402761, 0
7500, 0, 0, 25, true, 15159440172, 0
7500, 0, 0, 26, true, 14297851243, 0
7500, 0, 0, 27, true, 12983010816, 0
7500, 0, 0, 28, true, 14757511937, 0
7500, 0, 0, 29, true, 12853180623, 0
7500, 0, 0, 30, true, 14670683437, 0
7500, 0, 0, 31, true, 14606015911, 0
7500, 0, 0, 32, true, 12963682492, 0
7500, 0, 0, 33, true, 13204661242, 0
7500, 0, 0, 34, true, 14740573698, 0
7500, 0, 0, 35, true, 14888611959, 0
7500, 0, 0, 36, true, 14582585954, 0
7500, 0, 0, 37, true, 15306079698, 0
7500, 0, 0, 38, true, 14362727220, 0
7500, 0, 0, 39, true, 15733657393, 0
7500, 0, 0, 40, true, 14640481846, 0
7500, 0, 0, 41, true, 15288603495, 0
7500, 0, 0, 42, true, 15180633245, 0
7500, 0, 0, 43, true, 14429555537, 0
7500, 0, 0, 44, true, 14797750129, 0
7500, 0, 0, 45, true, 12950971492, 0
7500, 0, 0, 46, true, 14444427290, 0
7500, 0, 0, 47, true, 14845253404, 0
7500, 0, 0, 48, true, 14868337999, 0
7500, 0, 0, 49, true, 14223897800, 0
7500, 0, 0, 50, true, 14557241498, 0
7500, 0, 0, 51, true, 14020143864, 0
7500, 0, 0, 52, true, 12899839087, 0
7500, 0, 0, 53, true, 15025316862, 0
7500, 0, 0, 54, true, 14548600570, 0
7500, 0, 0, 55, true, 15601716003, 0
7500, 0, 0, 56, true, 12921791220, 0
7500, 0, 0, 57, true, 14575655231, 0
7500, 0, 0, 58, true, 14599981283, 0
7500, 0, 0, 59, true, 13245920899, 0
7500, 0, 0, 60, true, 14494029660, 0
7500, 0, 0, 61, true, 14540092773, 0
7500, 0, 0, 62, true, 15838960859, 0
7500, 0, 0, 63, true, 14586432217, 0
7500, 0, 0, 64, true, 14414101970, 0
7500, 0, 0, 65, true, 13321165545, 0
7500, 0, 0, 66, true, 14721589161, 0
7500, 0, 0, 67, true, 15346416534, 0
7500, 0, 0, 68, true, 14601966842, 0
7500, 0, 0, 69, true, 14547713315, 0
7500, 0, 0, 70, true, 14960199842, 0
7500, 0, 0, 71, true, 13987327994, 0
7500, 0, 0, 72, true, 14808347615, 0
7500, 0, 0, 73, true, 14992471282, 0
7500, 0, 0, 74, true, 13314910412, 0
7500, 0, 0, 75, true, 14808977855, 0
7500, 0, 0, 76, true, 14608483887, 0
7500, 0, 0, 77, true, 15743486707, 0
7500, 0, 0, 78, true, 13070406942, 0
7500, 0, 0, 79, true, 14452845854, 0
7500, 0, 0, 80, true, 14547060893, 0
7500, 0, 0, 81, true, 12958699508, 0
7500, 0, 0, 82, true, 12767216196, 0
7500, 0, 0, 83, true, 14558110022, 0
7500, 0, 0, 84, true, 14614720486, 0
7500, 0, 0, 85, true, 13292046942, 0
7500, 0, 0, 86, true, 13902458884, 0
7500, 0, 0, 87, true, 15422616127, 0
7500, 0, 0, 88, true, 14409436154, 0
7500, 0, 0, 89, true, 14695671803, 0
7500, 0, 0, 90, true, 15139211703, 0
7500, 0, 0, 91, true, 14378382306, 0
7500, 0, 0, 92, true, 14558822993, 0
7500, 0, 0, 93, true, 12998821338, 0
7500, 0, 0, 94, true, 15437183048, 0
7500, 0, 0, 95, true, 14561565751, 0
7500, 0, 0, 96, true, 13029725530, 0
7500, 0, 0, 97, true, 14808182401, 0
7500, 0, 0, 98, true, 14522957750, 0
7500, 0, 0, 99, true, 13002500027, 0
8000, 0, 0, 0, true, 19327305764, 0
8000, 0, 0, 1, true, 18340488545, 0
8000, 0, 0, 2, true, 17030027813, 0
8000, 0, 0, 3, true, 18916349542, 0
8000, 0, 0, 4, true, 17501867114, 0
8000, 0, 0, 5, true, 20152895850, 0
8000, 0, 0, 6, true, 21574499300, 0
8000, 0, 0, 7, true, 20585598726, 0
8000, 0, 0, 8, true, 20461750823, 0
8000, 0, 0, 9, true, 20480715136, 0
8000, 0, 0, 10, true, 17245689156, 0
8000, 0, 0, 11, true, 17370944802, 0
8000, 0, 0, 12, true, 17204832066, 0
8000, 0, 0, 13, true, 20262979125, 0
8000, 0, 0, 14, true, 17284131881, 0
8000, 0, 0, 15, true, 20021879542, 0
8000, 0, 0, 16, true, 17298826961, 0
8000, 0, 0, 17, true, 19381687233, 0
8000, 0, 0, 18, true, 17474728631, 0
8000, 0, 0, 19, true, 17298307083, 0
8000, 0, 0, 20, true, 17286201337, 0
8000, 0, 0, 21, true, 20066182127, 0
8000, 0, 0, 22, true, 19929580167, 0
8000, 0, 0, 23, true, 17302308597, 0
8000, 0, 0, 24, true, 17284252297, 0
8000, 0, 0, 25, true, 17288926804, 0
8000, 0, 0, 26, true, 19876082097, 0
8000, 0, 0, 27, true, 17298343847, 0
8000, 0, 0, 28, true, 17380995122, 0
8000, 0, 0, 29, true, 17308197479, 0
8000, 0, 0, 30, true, 18556871763, 0
8000, 0, 0, 31, true, 17389052237, 0
8000, 0, 0, 32, true, 17289843296, 0
8000, 0, 0, 33, true, 19953588839, 0
8000, 0, 0, 34, true, 17299633247, 0
8000, 0, 0, 35, true, 20180734002, 0
8000, 0, 0, 36, true, 21777755089, 0
8000, 0, 0, 37, true, 17196883810, 0
8000, 0, 0, 38, true, 21073865504, 0
8000, 0, 0, 39, true, 19724402024, 0
8000, 0, 0, 40, true, 17221998802, 0
8000, 0, 0, 41, true, 17435465394, 0
8000, 0, 0, 42, true, 17283100857, 0
8000, 0, 0, 43, true, 20133675424, 0
8000, 0, 0, 44, true, 20632794798, 0
8000, 0, 0, 45, true, 17472008202, 0
8000, 0, 0, 46, true, 17281812221, 0
8000, 0, 0, 47, true, 18878999645, 0
8000, 0, 0, 48, true, 17507294138, 0
8000, 0, 0, 49, true, 17367012698, 0
8000, 0, 0, 50, true, 19881354113, 0
8000, 0, 0, 51, true, 17288449793, 0
8000, 0, 0, 52, true, 17295996658, 0
8000, 0, 0, 53, true, 20151064193, 0
8000, 0, 0, 54, true, 17266023225, 0
8000, 0, 0, 55, true, 18973219122, 0
8000, 0, 0, 56, true, 21587986947, 0
8000, 0, 0, 57, true, 17340989845, 0
8000, 0, 0, 58, true, 17601329928, 0
8000, 0, 0, 59, true, 17425920590, 0
8000, 0, 0, 60, true, 20568185115, 0
8000, 0, 0, 61, true, 17313519584, 0
8000, 0, 0, 62, true, 17295339181, 0
8000, 0, 0, 63, true, 19200038610, 0
8000, 0, 0, 64, true, 17349829081, 0
8000, 0, 0, 65, true, 17429242972, 0
8000, 0, 0, 66, true, 17387942114, 0
8000, 0, 0, 67, true, 17227796242, 0
8000, 0, 0, 68, true, 20699665674, 0
8000, 0, 0, 69, true, 18836962472, 0
8000, 0, 0, 70, true, 21688177980, 0
8000, 0, 0, 71, true, 20014670364, 0
8000, 0, 0, 72, true, 17422479338, 0
8000, 0, 0, 73, true, 17419812073, 0
8000, 0, 0, 74, true, 17468421096, 0
8000, 0, 0, 75, true, 17308418094, 0
8000, 0, 0, 76, true, 21547769117, 0
8000, 0, 0, 77, true, 19903225388, 0
8000, 0, 0, 78, true, 17372135178, 0
8000, 0, 0, 79, true, 17373021376, 0
8000, 0, 0, 80, true, 17503632533, 0
8000, 0, 0, 81, true, 17369688044, 0
8000, 0, 0, 82, true, 17242691515, 0
8000, 0, 0, 83, true, 19920403269, 0
8000, 0, 0, 84, true, 19967362487, 0
8000, 0, 0, 85, true, 17290764682, 0
8000, 0, 0, 86, true, 19603312896, 0
8000, 0, 0, 87, true, 20005287356, 0
8000, 0, 0, 88, true, 17225430187, 0
8000, 0, 0, 89, true, 20451703469, 0
8000, 0, 0, 90, true, 21856641275, 0
8000, 0, 0, 91, true, 18911315314, 0
8000, 0, 0, 92, true, 17291013067, 0
8000, 0, 0, 93, true, 19973694661, 0
8000, 0, 0, 94, true, 17367184142, 0
8000, 0, 0, 95, true, 17530639752, 0
8000, 0, 0, 96, true, 21490128338, 0
8000, 0, 0, 97, true, 17386958738, 0
8000, 0, 0, 98, true, 17237821456, 0
8000, 0, 0, 99, true, 17318984060, 0
