3, 4, 10, 10, 50, 50, 5, 0, true, 0, 33360955
3, 4, 10, 10, 50, 50, 5, 0, true, 1, 30351107
3, 4, 10, 10, 50, 50, 5, 0, true, 2, 31355025
3, 4, 10, 10, 50, 50, 5, 0, true, 3, 32870310
3, 4, 10, 10, 50, 50, 5, 0, true, 4, 31446868
3, 4, 10, 10, 50, 50, 5, 0, true, 5, 29869597
3, 4, 10, 10, 50, 50, 5, 0, true, 6, 36162099
3, 4, 10, 10, 50, 50, 5, 0, true, 7, 29683026
3, 4, 10, 10, 50, 50, 5, 0, true, 8, 29807656
3, 4, 10, 10, 50, 50, 5, 0, true, 9, 34633855
3, 4, 10, 10, 50, 50, 5, 0, true, 10, 32549062
3, 4, 10, 10, 50, 50, 5, 0, true, 11, 31825200
3, 4, 10, 10, 50, 50, 5, 0, true, 12, 30013436
3, 4, 10, 10, 50, 50, 5, 0, true, 13, 31704341
3, 4, 10, 10, 50, 50, 5, 0, true, 14, 29677560
3, 4, 10, 10, 50, 50, 5, 0, true, 15, 28629224
3, 4, 10, 10, 50, 50, 5, 0, true, 16, 32726955
3, 4, 10, 10, 50, 50, 5, 0, true, 17, 27956482
3, 4, 10, 10, 50, 50, 5, 0, true, 18, 32393545
3, 4, 10, 10, 50, 50, 5, 0, true, 19, 29981033
3, 4, 10, 10, 50, 50, 5, 0, true, 20, 30402151
3, 4, 10, 10, 50, 50, 5, 0, true, 21, 29608233
3, 4, 10, 10, 50, 50, 5, 0, true, 22, 30351335
3, 4, 10, 10, 50, 50, 5, 0, true, 23, 31268338
3, 4, 10, 10, 50, 50, 5, 0, true, 24, 33099262
3, 4, 10, 10, 50, 50, 5, 0, true, 25, 29723521
3, 4, 10, 10, 50, 50, 5, 0, true, 26, 31083212
3, 4, 10, 10, 50, 50, 5, 0, true, 27, 31735792
3, 4, 10, 10, 50, 50, 5, 0, true, 28, 35193459
3, 4, 10, 10, 50, 50, 5, 0, true, 29, 30130186
3, 4, 10, 10, 50, 50, 5, 0, true, 30, 29750397
3, 4, 10, 10, 50, 50, 5, 0, true, 31, 28075232
3, 4, 10, 10, 50, 50, 5, 0, true, 32, 33527998
3, 4, 10, 10, 50, 50, 5, 0, true, 33, 29008906
3, 4, 10, 10, 50, 50, 5, 0, true, 34, 32886089
3, 4, 10, 10, 50, 50, 5, 0, true, 35, 27577105
3, 4, 10, 10, 50, 50, 5, 0, true, 36, 29896255
3, 4, 10, 10, 50, 50, 5, 0, true, 37, 30930665
3, 4, 10, 10, 50, 50, 5, 0, true, 38, 34608800
3, 4, 10, 10, 50, 50, 5, 0, true, 39, 30507517
3, 4, 10, 10, 50, 50, 5, 0, true, 40, 33642993
3, 4, 10, 10, 50, 50, 5, 0, true, 41, 32831341
3, 4, 10, 10, 50, 50, 5, 0, true, 42, 30972954
3, 4, 10, 10, 50, 50, 5, 0, true, 43, 29695614
3, 4, 10, 10, 50, 50, 5, 0, true, 44, 32608578
3, 4, 10, 10, 50, 50, 5, 0, true, 45, 29900404
3, 4, 10, 10, 50, 50, 5, 0, true, 46, 32881063
3, 4, 10, 10, 50, 50, 5, 0, true, 47, 32892145
3, 4, 10, 10, 50, 50, 5, 0, true, 48, 32848773
3, 4, 10, 10, 50, 50, 5, 0, true, 49, 32299057
3, 4, 10, 10, 50, 50, 5, 0, true, 50, 35198565
3, 4, 10, 10, 50, 50, 5, 0, true, 51, 29891823
3, 4, 10, 10, 50, 50, 5, 0, true, 52, 29812237
3, 4, 10, 10, 50, 50, 5, 0, true, 53, 29409618
3, 4, 10, 10, 50, 50, 5, 0, true, 54, 32633546
3, 4, 10, 10, 50, 50, 5, 0, true, 55, 30363125
3, 4, 10, 10, 50, 50, 5, 0, true, 56, 34902269
3, 4, 10, 10, 50, 50, 5, 0, true, 57, 33156490
3, 4, 10, 10, 50, 50, 5, 0, true, 58, 32849195
3, 4, 10, 10, 50, 50, 5, 0, true, 59, 32716893
3, 4, 10, 10, 50, 50, 5, 0, true, 60, 30924606
3, 4, 10, 10, 50, 50, 5, 0, true, 61, 33423422
3, 4, 10, 10, 50, 50, 5, 0, true, 62, 31931542
3, 4, 10, 10, 50, 50, 5, 0, true, 63, 33875577
3, 4, 10, 10, 50, 50, 5, 0, true, 64, 33609331
3, 4, 10, 10, 50, 50, 5, 0, true, 65, 33084444
3, 4, 10, 10, 50, 50, 5, 0, true, 66, 32729744
3, 4, 10, 10, 50, 50, 5, 0, true, 67, 30069115
3, 4, 10, 10, 50, 50, 5, 0, true, 68, 32757941
3, 4, 10, 10, 50, 50, 5, 0, true, 69, 34571692
3, 4, 10, 10, 50, 50, 5, 0, true, 70, 32928386
3, 4, 10, 10, 50, 50, 5, 0, true, 71, 32868124
3, 4, 10, 10, 50, 50, 5, 0, true, 72, 32561242
3, 4, 10, 10, 50, 50, 5, 0, true, 73, 32246075
3, 4, 10, 10, 50, 50, 5, 0, true, 74, 29956467
3, 4, 10, 10, 50, 50, 5, 0, true, 75, 31437770
3, 4, 10, 10, 50, 50, 5, 0, true, 76, 31174770
3, 4, 10, 10, 50, 50, 5, 0, true, 77, 32896800
3, 4, 10, 10, 50, 50, 5, 0, true, 78, 32824075
3, 4, 10, 10, 50, 50, 5, 0, true, 79, 29708687
3, 4, 10, 10, 50, 50, 5, 0, true, 80, 33066979
3, 4, 10, 10, 50, 50, 5, 0, true, 81, 32484825
3, 4, 10, 10, 50, 50, 5, 0, true, 82, 31286142
3, 4, 10, 10, 50, 50, 5, 0, true, 83, 29588547
3, 4, 10, 10, 50, 50, 5, 0, true, 84, 29559258
3, 4, 10, 10, 50, 50, 5, 0, true, 85, 33166923
3, 4, 10, 10, 50, 50, 5, 0, true, 86, 32544028
3, 4, 10, 10, 50, 50, 5, 0, true, 87, 28603481
3, 4, 10, 10, 50, 50, 5, 0, true, 88, 31676732
3, 4, 10, 10, 50, 50, 5, 0, true, 89, 32873141
3, 4, 10, 10, 50, 50, 5, 0, true, 90, 27611778
3, 4, 10, 10, 50, 50, 5, 0, true, 91, 33057459
3, 4, 10, 10, 50, 50, 5, 0, true, 92, 27698645
3, 4, 10, 10, 50, 50, 5, 0, true, 93, 29776993
3, 4, 10, 10, 50, 50, 5, 0, true, 94, 32847351
3, 4, 10, 10, 50, 50, 5, 0, true, 95, 32896408
3, 4, 10, 10, 50, 50, 5, 0, true, 96, 30869405
3, 4, 10, 10, 50, 50, 5, 0, true, 97, 30046512
3, 4, 10, 10, 50, 50, 5, 0, true, 98, 33273795
3, 4, 10, 10, 50, 50, 5, 0, true, 99, 29932796
3, 4, 10, 10, 50, 50, 6, 0, true, 0, 40992522
3, 4, 10, 10, 50, 50, 6, 0, true, 1, 45457444
3, 4, 10, 10, 50, 50, 6, 0, true, 2, 47256210
3, 4, 10, 10, 50, 50, 6, 0, true, 3, 41140485
3, 4, 10, 10, 50, 50, 6, 0, true, 4, 40777570
3, 4, 10, 10, 50, 50, 6, 0, true, 5, 45382291
3, 4, 10, 10, 50, 50, 6, 0, true, 6, 42031846
3, 4, 10, 10, 50, 50, 6, 0, true, 7, 37096094
3, 4, 10, 10, 50, 50, 6, 0, true, 8, 47524111
3, 4, 10, 10, 50, 50, 6, 0, true, 9, 41992308
3, 4, 10, 10, 50, 50, 6, 0, true, 10, 47561268
3, 4, 10, 10, 50, 50, 6, 0, true, 11, 37047641
3, 4, 10, 10, 50, 50, 6, 0, true, 12, 42881160
3, 4, 10, 10, 50, 50, 6, 0, true, 13, 40511955
3, 4, 10, 10, 50, 50, 6, 0, true, 14, 39451748
3, 4, 10, 10, 50, 50, 6, 0, true, 15, 40684968
3, 4, 10, 10, 50, 50, 6, 0, true, 16, 39276545
3, 4, 10, 10, 50, 50, 6, 0, true, 17, 41321321
3, 4, 10, 10, 50, 50, 6, 0, true, 18, 43222632
3, 4, 10, 10, 50, 50, 6, 0, true, 19, 40684208
3, 4, 10, 10, 50, 50, 6, 0, true, 20, 41505867
3, 4, 10, 10, 50, 50, 6, 0, true, 21, 41017769
3, 4, 10, 10, 50, 50, 6, 0, true, 22, 40194629
3, 4, 10, 10, 50, 50, 6, 0, true, 23, 43205733
3, 4, 10, 10, 50, 50, 6, 0, true, 24, 47365376
3, 4, 10, 10, 50, 50, 6, 0, true, 25, 39109316
3, 4, 10, 10, 50, 50, 6, 0, true, 26, 47206596
3, 4, 10, 10, 50, 50, 6, 0, true, 27, 41560798
3, 4, 10, 10, 50, 50, 6, 0, true, 28, 42504404
3, 4, 10, 10, 50, 50, 6, 0, true, 29, 39465693
3, 4, 10, 10, 50, 50, 6, 0, true, 30, 47321807
3, 4, 10, 10, 50, 50, 6, 0, true, 31, 41546226
3, 4, 10, 10, 50, 50, 6, 0, true, 32, 47963784
3, 4, 10, 10, 50, 50, 6, 0, true, 33, 39758997
3, 4, 10, 10, 50, 50, 6, 0, true, 34, 41371145
3, 4, 10, 10, 50, 50, 6, 0, true, 35, 39377518
3, 4, 10, 10, 50, 50, 6, 0, true, 36, 38904402
3, 4, 10, 10, 50, 50, 6, 0, true, 37, 40495877
3, 4, 10, 10, 50, 50, 6, 0, true, 38, 39269159
3, 4, 10, 10, 50, 50, 6, 0, true, 39, 44099825
3, 4, 10, 10, 50, 50, 6, 0, true, 40, 39593166
3, 4, 10, 10, 50, 50, 6, 0, true, 41, 40500140
3, 4, 10, 10, 50, 50, 6, 0, true, 42, 41193471
3, 4, 10, 10, 50, 50, 6, 0, true, 43, 40871611
3, 4, 10, 10, 50, 50, 6, 0, true, 44, 42985575
3, 4, 10, 10, 50, 50, 6, 0, true, 45, 42041350
3, 4, 10, 10, 50, 50, 6, 0, true, 46, 39745163
3, 4, 10, 10, 50, 50, 6, 0, true, 47, 41382760
3, 4, 10, 10, 50, 50, 6, 0, true, 48, 47373602
3, 4, 10, 10, 50, 50, 6, 0, true, 49, 39524087
3, 4, 10, 10, 50, 50, 6, 0, true, 50, 41034889
3, 4, 10, 10, 50, 50, 6, 0, true, 51, 41504029
3, 4, 10, 10, 50, 50, 6, 0, true, 52, 47058823
3, 4, 10, 10, 50, 50, 6, 0, true, 53, 39789991
3, 4, 10, 10, 50, 50, 6, 0, true, 54, 41989023
3, 4, 10, 10, 50, 50, 6, 0, true, 55, 39308988
3, 4, 10, 10, 50, 50, 6, 0, true, 56, 41473090
3, 4, 10, 10, 50, 50, 6, 0, true, 57, 39641478
3, 4, 10, 10, 50, 50, 6, 0, true, 58, 38277211
3, 4, 10, 10, 50, 50, 6, 0, true, 59, 40346889
3, 4, 10, 10, 50, 50, 6, 0, true, 60, 41043093
3, 4, 10, 10, 50, 50, 6, 0, true, 61, 41977390
3, 4, 10, 10, 50, 50, 6, 0, true, 62, 40454660
3, 4, 10, 10, 50, 50, 6, 0, true, 63, 41472194
3, 4, 10, 10, 50, 50, 6, 0, true, 64, 47143841
3, 4, 10, 10, 50, 50, 6, 0, true, 65, 40634747
3, 4, 10, 10, 50, 50, 6, 0, true, 66, 47345395
3, 4, 10, 10, 50, 50, 6, 0, true, 67, 47266903
3, 4, 10, 10, 50, 50, 6, 0, true, 68, 43848390
3, 4, 10, 10, 50, 50, 6, 0, true, 69, 38214132
3, 4, 10, 10, 50, 50, 6, 0, true, 70, 47438798
3, 4, 10, 10, 50, 50, 6, 0, true, 71, 39257042
3, 4, 10, 10, 50, 50, 6, 0, true, 72, 40718374
3, 4, 10, 10, 50, 50, 6, 0, true, 73, 39448401
3, 4, 10, 10, 50, 50, 6, 0, true, 74, 43765747
3, 4, 10, 10, 50, 50, 6, 0, true, 75, 39519516
3, 4, 10, 10, 50, 50, 6, 0, true, 76, 39025449
3, 4, 10, 10, 50, 50, 6, 0, true, 77, 39476538
3, 4, 10, 10, 50, 50, 6, 0, true, 78, 39468351
3, 4, 10, 10, 50, 50, 6, 0, true, 79, 39396124
3, 4, 10, 10, 50, 50, 6, 0, true, 80, 41517762
3, 4, 10, 10, 50, 50, 6, 0, true, 81, 40852669
3, 4, 10, 10, 50, 50, 6, 0, true, 82, 39686269
3, 4, 10, 10, 50, 50, 6, 0, true, 83, 47527340
3, 4, 10, 10, 50, 50, 6, 0, true, 84, 39594850
3, 4, 10, 10, 50, 50, 6, 0, true, 85, 43621641
3, 4, 10, 10, 50, 50, 6, 0, true, 86, 49366082
3, 4, 10, 10, 50, 50, 6, 0, true, 87, 41057481
3, 4, 10, 10, 50, 50, 6, 0, true, 88, 47533127
3, 4, 10, 10, 50, 50, 6, 0, true, 89, 45029660
3, 4, 10, 10, 50, 50, 6, 0, true, 90, 41064494
3, 4, 10, 10, 50, 50, 6, 0, true, 91, 46953497
3, 4, 10, 10, 50, 50, 6, 0, true, 92, 47695659
3, 4, 10, 10, 50, 50, 6, 0, true, 93, 41530474
3, 4, 10, 10, 50, 50, 6, 0, true, 94, 47291594
3, 4, 10, 10, 50, 50, 6, 0, true, 95, 41178262
3, 4, 10, 10, 50, 50, 6, 0, true, 96, 47441449
3, 4, 10, 10, 50, 50, 6, 0, true, 97, 46863390
3, 4, 10, 10, 50, 50, 6, 0, true, 98, 40553991
3, 4, 10, 10, 50, 50, 6, 0, true, 99, 37005859
3, 4, 10, 10, 50, 50, 7, 0, true, 0, 113752422
3, 4, 10, 10, 50, 50, 7, 0, true, 1, 101087179
3, 4, 10, 10, 50, 50, 7, 0, true, 2, 114150010
3, 4, 10, 10, 50, 50, 7, 0, true, 3, 98937993
3, 4, 10, 10, 50, 50, 7, 0, true, 4, 118488858
3, 4, 10, 10, 50, 50, 7, 0, true, 5, 99291165
3, 4, 10, 10, 50, 50, 7, 0, true, 6, 114006529
3, 4, 10, 10, 50, 50, 7, 0, true, 7, 120102859
3, 4, 10, 10, 50, 50, 7, 0, true, 8, 96631907
3, 4, 10, 10, 50, 50, 7, 0, true, 9, 119288437
3, 4, 10, 10, 50, 50, 7, 0, true, 10, 97691551
3, 4, 10, 10, 50, 50, 7, 0, true, 11, 120049541
3, 4, 10, 10, 50, 50, 7, 0, true, 12, 98331281
3, 4, 10, 10, 50, 50, 7, 0, true, 13, 120382892
3, 4, 10, 10, 50, 50, 7, 0, true, 14, 99201625
3, 4, 10, 10, 50, 50, 7, 0, true, 15, 120465234
3, 4, 10, 10, 50, 50, 7, 0, true, 16, 98457427
3, 4, 10, 10, 50, 50, 7, 0, true, 17, 120680608
3, 4, 10, 10, 50, 50, 7, 0, true, 18, 115036425
3, 4, 10, 10, 50, 50, 7, 0, true, 19, 99750781
3, 4, 10, 10, 50, 50, 7, 0, true, 20, 119512883
3, 4, 10, 10, 50, 50, 7, 0, true, 21, 99410567
3, 4, 10, 10, 50, 50, 7, 0, true, 22, 114758632
3, 4, 10, 10, 50, 50, 7, 0, true, 23, 99994327
3, 4, 10, 10, 50, 50, 7, 0, true, 24, 114697775
3, 4, 10, 10, 50, 50, 7, 0, true, 25, 98554402
3, 4, 10, 10, 50, 50, 7, 0, true, 26, 98127879
3, 4, 10, 10, 50, 50, 7, 0, true, 27, 98419387
3, 4, 10, 10, 50, 50, 7, 0, true, 28, 99310746
3, 4, 10, 10, 50, 50, 7, 0, true, 29, 99813587
3, 4, 10, 10, 50, 50, 7, 0, true, 30, 98310245
3, 4, 10, 10, 50, 50, 7, 0, true, 31, 118641540
3, 4, 10, 10, 50, 50, 7, 0, true, 32, 98432555
3, 4, 10, 10, 50, 50, 7, 0, true, 33, 119293664
3, 4, 10, 10, 50, 50, 7, 0, true, 34, 96776722
3, 4, 10, 10, 50, 50, 7, 0, true, 35, 118930104
3, 4, 10, 10, 50, 50, 7, 0, true, 36, 98172647
3, 4, 10, 10, 50, 50, 7, 0, true, 37, 110161479
3, 4, 10, 10, 50, 50, 7, 0, true, 38, 99994560
3, 4, 10, 10, 50, 50, 7, 0, true, 39, 109935391
3, 4, 10, 10, 50, 50, 7, 0, true, 40, 113201431
3, 4, 10, 10, 50, 50, 7, 0, true, 41, 109904048
3, 4, 10, 10, 50, 50, 7, 0, true, 42, 118917094
3, 4, 10, 10, 50, 50, 7, 0, true, 43, 100994320
3, 4, 10, 10, 50, 50, 7, 0, true, 44, 118352261
3, 4, 10, 10, 50, 50, 7, 0, true, 45, 98264361
3, 4, 10, 10, 50, 50, 7, 0, true, 46, 98299971
3, 4, 10, 10, 50, 50, 7, 0, true, 47, 98552423
3, 4, 10, 10, 50, 50, 7, 0, true, 48, 117742320
3, 4, 10, 10, 50, 50, 7, 0, true, 49, 98163902
3, 4, 10, 10, 50, 50, 7, 0, true, 50, 99131015
3, 4, 10, 10, 50, 50, 7, 0, true, 51, 98135576
3, 4, 10, 10, 50, 50, 7, 0, true, 52, 100140824
3, 4, 10, 10, 50, 50, 7, 0, true, 53, 99682577
3, 4, 10, 10, 50, 50, 7, 0, true, 54, 98326444
3, 4, 10, 10, 50, 50, 7, 0, true, 55, 109894315
3, 4, 10, 10, 50, 50, 7, 0, true, 56, 113764130
3, 4, 10, 10, 50, 50, 7, 0, true, 57, 120305739
3, 4, 10, 10, 50, 50, 7, 0, true, 58, 98260640
3, 4, 10, 10, 50, 50, 7, 0, true, 59, 111177687
3, 4, 10, 10, 50, 50, 7, 0, true, 60, 118741067
3, 4, 10, 10, 50, 50, 7, 0, true, 61, 96394046
3, 4, 10, 10, 50, 50, 7, 0, true, 62, 115672140
3, 4, 10, 10, 50, 50, 7, 0, true, 63, 110318234
3, 4, 10, 10, 50, 50, 7, 0, true, 64, 113469346
3, 4, 10, 10, 50, 50, 7, 0, true, 65, 98854123
3, 4, 10, 10, 50, 50, 7, 0, true, 66, 99141944
3, 4, 10, 10, 50, 50, 7, 0, true, 67, 100489179
3, 4, 10, 10, 50, 50, 7, 0, true, 68, 99178859
3, 4, 10, 10, 50, 50, 7, 0, true, 69, 99023416
3, 4, 10, 10, 50, 50, 7, 0, true, 70, 98593211
3, 4, 10, 10, 50, 50, 7, 0, true, 71, 100644508
3, 4, 10, 10, 50, 50, 7, 0, true, 72, 103195173
3, 4, 10, 10, 50, 50, 7, 0, true, 73, 118776997
3, 4, 10, 10, 50, 50, 7, 0, true, 74, 102469370
3, 4, 10, 10, 50, 50, 7, 0, true, 75, 118746028
3, 4, 10, 10, 50, 50, 7, 0, true, 76, 101095532
3, 4, 10, 10, 50, 50, 7, 0, true, 77, 110037559
3, 4, 10, 10, 50, 50, 7, 0, true, 78, 113746056
3, 4, 10, 10, 50, 50, 7, 0, true, 79, 98951645
3, 4, 10, 10, 50, 50, 7, 0, true, 80, 116242825
3, 4, 10, 10, 50, 50, 7, 0, true, 81, 117722116
3, 4, 10, 10, 50, 50, 7, 0, true, 82, 118614279
3, 4, 10, 10, 50, 50, 7, 0, true, 83, 91679744
3, 4, 10, 10, 50, 50, 7, 0, true, 84, 115415322
3, 4, 10, 10, 50, 50, 7, 0, true, 85, 100194089
3, 4, 10, 10, 50, 50, 7, 0, true, 86, 113806597
3, 4, 10, 10, 50, 50, 7, 0, true, 87, 99054240
3, 4, 10, 10, 50, 50, 7, 0, true, 88, 119020628
3, 4, 10, 10, 50, 50, 7, 0, true, 89, 118983210
3, 4, 10, 10, 50, 50, 7, 0, true, 90, 99271211
3, 4, 10, 10, 50, 50, 7, 0, true, 91, 98118344
3, 4, 10, 10, 50, 50, 7, 0, true, 92, 100914486
3, 4, 10, 10, 50, 50, 7, 0, true, 93, 119774828
3, 4, 10, 10, 50, 50, 7, 0, true, 94, 102718465
3, 4, 10, 10, 50, 50, 7, 0, true, 95, 118652472
3, 4, 10, 10, 50, 50, 7, 0, true, 96, 96856330
3, 4, 10, 10, 50, 50, 7, 0, true, 97, 119575753
3, 4, 10, 10, 50, 50, 7, 0, true, 98, 96624519
3, 4, 10, 10, 50, 50, 7, 0, true, 99, 119494435
3, 4, 10, 10, 50, 50, 8, 0, true, 0, 276709071
3, 4, 10, 10, 50, 50, 8, 0, true, 1, 257490404
3, 4, 10, 10, 50, 50, 8, 0, true, 2, 246659823
3, 4, 10, 10, 50, 50, 8, 0, true, 3, 249610515
3, 4, 10, 10, 50, 50, 8, 0, true, 4, 254284424
3, 4, 10, 10, 50, 50, 8, 0, true, 5, 239085671
3, 4, 10, 10, 50, 50, 8, 0, true, 6, 253807457
3, 4, 10, 10, 50, 50, 8, 0, true, 7, 244632117
3, 4, 10, 10, 50, 50, 8, 0, true, 8, 246335736
3, 4, 10, 10, 50, 50, 8, 0, true, 9, 244956689
3, 4, 10, 10, 50, 50, 8, 0, true, 10, 254371991
3, 4, 10, 10, 50, 50, 8, 0, true, 11, 245137659
3, 4, 10, 10, 50, 50, 8, 0, true, 12, 253494889
3, 4, 10, 10, 50, 50, 8, 0, true, 13, 248543006
3, 4, 10, 10, 50, 50, 8, 0, true, 14, 255646380
3, 4, 10, 10, 50, 50, 8, 0, true, 15, 238751528
3, 4, 10, 10, 50, 50, 8, 0, true, 16, 253890952
3, 4, 10, 10, 50, 50, 8, 0, true, 17, 253027072
3, 4, 10, 10, 50, 50, 8, 0, true, 18, 247686576
3, 4, 10, 10, 50, 50, 8, 0, true, 19, 243420662
3, 4, 10, 10, 50, 50, 8, 0, true, 20, 254386673
3, 4, 10, 10, 50, 50, 8, 0, true, 21, 247013694
3, 4, 10, 10, 50, 50, 8, 0, true, 22, 253727596
3, 4, 10, 10, 50, 50, 8, 0, true, 23, 243506427
3, 4, 10, 10, 50, 50, 8, 0, true, 24, 242931435
3, 4, 10, 10, 50, 50, 8, 0, true, 25, 257101453
3, 4, 10, 10, 50, 50, 8, 0, true, 26, 241819117
3, 4, 10, 10, 50, 50, 8, 0, true, 27, 255101231
3, 4, 10, 10, 50, 50, 8, 0, true, 28, 251904282
3, 4, 10, 10, 50, 50, 8, 0, true, 29, 255429150
3, 4, 10, 10, 50, 50, 8, 0, true, 30, 276570426
3, 4, 10, 10, 50, 50, 8, 0, true, 31, 256105833
3, 4, 10, 10, 50, 50, 8, 0, true, 32, 244414150
3, 4, 10, 10, 50, 50, 8, 0, true, 33, 254543445
3, 4, 10, 10, 50, 50, 8, 0, true, 34, 239554538
3, 4, 10, 10, 50, 50, 8, 0, true, 35, 254749732
3, 4, 10, 10, 50, 50, 8, 0, true, 36, 255522784
3, 4, 10, 10, 50, 50, 8, 0, true, 37, 249276098
3, 4, 10, 10, 50, 50, 8, 0, true, 38, 255294892
3, 4, 10, 10, 50, 50, 8, 0, true, 39, 235894994
3, 4, 10, 10, 50, 50, 8, 0, true, 40, 246119423
3, 4, 10, 10, 50, 50, 8, 0, true, 41, 246388953
3, 4, 10, 10, 50, 50, 8, 0, true, 42, 253670590
3, 4, 10, 10, 50, 50, 8, 0, true, 43, 243824715
3, 4, 10, 10, 50, 50, 8, 0, true, 44, 254802284
3, 4, 10, 10, 50, 50, 8, 0, true, 45, 238951315
3, 4, 10, 10, 50, 50, 8, 0, true, 46, 240195843
3, 4, 10, 10, 50, 50, 8, 0, true, 47, 238548219
3, 4, 10, 10, 50, 50, 8, 0, true, 48, 277132193
3, 4, 10, 10, 50, 50, 8, 0, true, 49, 255387751
3, 4, 10, 10, 50, 50, 8, 0, true, 50, 236346849
3, 4, 10, 10, 50, 50, 8, 0, true, 51, 256054220
3, 4, 10, 10, 50, 50, 8, 0, true, 52, 240246236
3, 4, 10, 10, 50, 50, 8, 0, true, 53, 255121685
3, 4, 10, 10, 50, 50, 8, 0, true, 54, 239149722
3, 4, 10, 10, 50, 50, 8, 0, true, 55, 247908662
3, 4, 10, 10, 50, 50, 8, 0, true, 56, 255300423
3, 4, 10, 10, 50, 50, 8, 0, true, 57, 253745497
3, 4, 10, 10, 50, 50, 8, 0, true, 58, 241251313
3, 4, 10, 10, 50, 50, 8, 0, true, 59, 247379462
3, 4, 10, 10, 50, 50, 8, 0, true, 60, 236142621
3, 4, 10, 10, 50, 50, 8, 0, true, 61, 258575952
3, 4, 10, 10, 50, 50, 8, 0, true, 62, 247102251
3, 4, 10, 10, 50, 50, 8, 0, true, 63, 256911569
3, 4, 10, 10, 50, 50, 8, 0, true, 64, 250935908
3, 4, 10, 10, 50, 50, 8, 0, true, 65, 245695459
3, 4, 10, 10, 50, 50, 8, 0, true, 66, 243124844
3, 4, 10, 10, 50, 50, 8, 0, true, 67, 237454409
3, 4, 10, 10, 50, 50, 8, 0, true, 68, 237310832
3, 4, 10, 10, 50, 50, 8, 0, true, 69, 238060561
3, 4, 10, 10, 50, 50, 8, 0, true, 70, 245124868
3, 4, 10, 10, 50, 50, 8, 0, true, 71, 254610248
3, 4, 10, 10, 50, 50, 8, 0, true, 72, 238004570
3, 4, 10, 10, 50, 50, 8, 0, true, 73, 246216201
3, 4, 10, 10, 50, 50, 8, 0, true, 74, 246805146
3, 4, 10, 10, 50, 50, 8, 0, true, 75, 255010919
3, 4, 10, 10, 50, 50, 8, 0, true, 76, 238243163
3, 4, 10, 10, 50, 50, 8, 0, true, 77, 244391633
3, 4, 10, 10, 50, 50, 8, 0, true, 78, 238451998
3, 4, 10, 10, 50, 50, 8, 0, true, 79, 239098497
3, 4, 10, 10, 50, 50, 8, 0, true, 80, 247037261
3, 4, 10, 10, 50, 50, 8, 0, true, 81, 236781989
3, 4, 10, 10, 50, 50, 8, 0, true, 82, 254010086
3, 4, 10, 10, 50, 50, 8, 0, true, 83, 238160642
3, 4, 10, 10, 50, 50, 8, 0, true, 84, 240530843
3, 4, 10, 10, 50, 50, 8, 0, true, 85, 238388937
3, 4, 10, 10, 50, 50, 8, 0, true, 86, 244747044
3, 4, 10, 10, 50, 50, 8, 0, true, 87, 237390263
3, 4, 10, 10, 50, 50, 8, 0, true, 88, 243552808
3, 4, 10, 10, 50, 50, 8, 0, true, 89, 237550080
3, 4, 10, 10, 50, 50, 8, 0, true, 90, 243532113
3, 4, 10, 10, 50, 50, 8, 0, true, 91, 237141290
3, 4, 10, 10, 50, 50, 8, 0, true, 92, 239281535
3, 4, 10, 10, 50, 50, 8, 0, true, 93, 254697828
3, 4, 10, 10, 50, 50, 8, 0, true, 94, 258846157
3, 4, 10, 10, 50, 50, 8, 0, true, 95, 245214193
3, 4, 10, 10, 50, 50, 8, 0, true, 96, 247232732
3, 4, 10, 10, 50, 50, 8, 0, true, 97, 246026887
3, 4, 10, 10, 50, 50, 8, 0, true, 98, 253343332
3, 4, 10, 10, 50, 50, 8, 0, true, 99, 238271026
3, 4, 10, 10, 50, 50, 9, 0, true, 0, 425308780
3, 4, 10, 10, 50, 50, 9, 0, true, 1, 441000597
3, 4, 10, 10, 50, 50, 9, 0, true, 2, 398114495
3, 4, 10, 10, 50, 50, 9, 0, true, 3, 409853233
3, 4, 10, 10, 50, 50, 9, 0, true, 4, 425631273
3, 4, 10, 10, 50, 50, 9, 0, true, 5, 396289358
3, 4, 10, 10, 50, 50, 9, 0, true, 6, 424301837
3, 4, 10, 10, 50, 50, 9, 0, true, 7, 428368217
3, 4, 10, 10, 50, 50, 9, 0, true, 8, 383145670
3, 4, 10, 10, 50, 50, 9, 0, true, 9, 411342486
3, 4, 10, 10, 50, 50, 9, 0, true, 10, 431189611
3, 4, 10, 10, 50, 50, 9, 0, true, 11, 410946165
3, 4, 10, 10, 50, 50, 9, 0, true, 12, 396376341
3, 4, 10, 10, 50, 50, 9, 0, true, 13, 428224059
3, 4, 10, 10, 50, 50, 9, 0, true, 14, 390553374
3, 4, 10, 10, 50, 50, 9, 0, true, 15, 422566090
3, 4, 10, 10, 50, 50, 9, 0, true, 16, 381928275
3, 4, 10, 10, 50, 50, 9, 0, true, 17, 425117256
3, 4, 10, 10, 50, 50, 9, 0, true, 18, 394996405
3, 4, 10, 10, 50, 50, 9, 0, true, 19, 403983228
3, 4, 10, 10, 50, 50, 9, 0, true, 20, 395477252
3, 4, 10, 10, 50, 50, 9, 0, true, 21, 411401710
3, 4, 10, 10, 50, 50, 9, 0, true, 22, 422886150
3, 4, 10, 10, 50, 50, 9, 0, true, 23, 399862137
3, 4, 10, 10, 50, 50, 9, 0, true, 24, 397683406
3, 4, 10, 10, 50, 50, 9, 0, true, 25, 419761775
3, 4, 10, 10, 50, 50, 9, 0, true, 26, 398166703
3, 4, 10, 10, 50, 50, 9, 0, true, 27, 384754781
3, 4, 10, 10, 50, 50, 9, 0, true, 28, 426761627
3, 4, 10, 10, 50, 50, 9, 0, true, 29, 405656606
3, 4, 10, 10, 50, 50, 9, 0, true, 30, 425929959
3, 4, 10, 10, 50, 50, 9, 0, true, 31, 399110731
3, 4, 10, 10, 50, 50, 9, 0, true, 32, 392980044
3, 4, 10, 10, 50, 50, 9, 0, true, 33, 387026861
3, 4, 10, 10, 50, 50, 9, 0, true, 34, 426843402
3, 4, 10, 10, 50, 50, 9, 0, true, 35, 385407366
3, 4, 10, 10, 50, 50, 9, 0, true, 36, 422909172
3, 4, 10, 10, 50, 50, 9, 0, true, 37, 408986498
3, 4, 10, 10, 50, 50, 9, 0, true, 38, 395320160
3, 4, 10, 10, 50, 50, 9, 0, true, 39, 425394483
3, 4, 10, 10, 50, 50, 9, 0, true, 40, 424917702
3, 4, 10, 10, 50, 50, 9, 0, true, 41, 412373687
3, 4, 10, 10, 50, 50, 9, 0, true, 42, 380662246
3, 4, 10, 10, 50, 50, 9, 0, true, 43, 427847033
3, 4, 10, 10, 50, 50, 9, 0, true, 44, 407385597
3, 4, 10, 10, 50, 50, 9, 0, true, 45, 425605521
3, 4, 10, 10, 50, 50, 9, 0, true, 46, 407038044
3, 4, 10, 10, 50, 50, 9, 0, true, 47, 402382540
3, 4, 10, 10, 50, 50, 9, 0, true, 48, 411391939
3, 4, 10, 10, 50, 50, 9, 0, true, 49, 424172581
3, 4, 10, 10, 50, 50, 9, 0, true, 50, 409936991
3, 4, 10, 10, 50, 50, 9, 0, true, 51, 425473337
3, 4, 10, 10, 50, 50, 9, 0, true, 52, 423629323
3, 4, 10, 10, 50, 50, 9, 0, true, 53, 436073717
3, 4, 10, 10, 50, 50, 9, 0, true, 54, 394441330
3, 4, 10, 10, 50, 50, 9, 0, true, 55, 427456612
3, 4, 10, 10, 50, 50, 9, 0, true, 56, 393949215
3, 4, 10, 10, 50, 50, 9, 0, true, 57, 412832931
3, 4, 10, 10, 50, 50, 9, 0, true, 58, 411608878
3, 4, 10, 10, 50, 50, 9, 0, true, 59, 411202182
3, 4, 10, 10, 50, 50, 9, 0, true, 60, 403350289
3, 4, 10, 10, 50, 50, 9, 0, true, 61, 410275944
3, 4, 10, 10, 50, 50, 9, 0, true, 62, 410122330
3, 4, 10, 10, 50, 50, 9, 0, true, 63, 409422044
3, 4, 10, 10, 50, 50, 9, 0, true, 64, 385379451
3, 4, 10, 10, 50, 50, 9, 0, true, 65, 411046402
3, 4, 10, 10, 50, 50, 9, 0, true, 66, 394517006
3, 4, 10, 10, 50, 50, 9, 0, true, 67, 421779276
3, 4, 10, 10, 50, 50, 9, 0, true, 68, 411374362
3, 4, 10, 10, 50, 50, 9, 0, true, 69, 403302623
3, 4, 10, 10, 50, 50, 9, 0, true, 70, 409577556
3, 4, 10, 10, 50, 50, 9, 0, true, 71, 402316565
3, 4, 10, 10, 50, 50, 9, 0, true, 72, 394025266
3, 4, 10, 10, 50, 50, 9, 0, true, 73, 404391283
3, 4, 10, 10, 50, 50, 9, 0, true, 74, 424291500
3, 4, 10, 10, 50, 50, 9, 0, true, 75, 441429936
3, 4, 10, 10, 50, 50, 9, 0, true, 76, 425512098
3, 4, 10, 10, 50, 50, 9, 0, true, 77, 424637399
3, 4, 10, 10, 50, 50, 9, 0, true, 78, 386450741
3, 4, 10, 10, 50, 50, 9, 0, true, 79, 411729102
3, 4, 10, 10, 50, 50, 9, 0, true, 80, 377441326
3, 4, 10, 10, 50, 50, 9, 0, true, 81, 411408424
3, 4, 10, 10, 50, 50, 9, 0, true, 82, 384456915
3, 4, 10, 10, 50, 50, 9, 0, true, 83, 411484568
3, 4, 10, 10, 50, 50, 9, 0, true, 84, 413255080
3, 4, 10, 10, 50, 50, 9, 0, true, 85, 424266459
3, 4, 10, 10, 50, 50, 9, 0, true, 86, 429988712
3, 4, 10, 10, 50, 50, 9, 0, true, 87, 407814856
3, 4, 10, 10, 50, 50, 9, 0, true, 88, 390001184
3, 4, 10, 10, 50, 50, 9, 0, true, 89, 403185893
3, 4, 10, 10, 50, 50, 9, 0, true, 90, 423730203
3, 4, 10, 10, 50, 50, 9, 0, true, 91, 444641776
3, 4, 10, 10, 50, 50, 9, 0, true, 92, 425520750
3, 4, 10, 10, 50, 50, 9, 0, true, 93, 439586531
3, 4, 10, 10, 50, 50, 9, 0, true, 94, 393143812
3, 4, 10, 10, 50, 50, 9, 0, true, 95, 408334053
3, 4, 10, 10, 50, 50, 9, 0, true, 96, 426444997
3, 4, 10, 10, 50, 50, 9, 0, true, 97, 439317866
3, 4, 10, 10, 50, 50, 9, 0, true, 98, 425174470
3, 4, 10, 10, 50, 50, 9, 0, true, 99, 417217441
3, 4, 10, 10, 50, 50, 10, 0, true, 0, 1017546473
3, 4, 10, 10, 50, 50, 10, 0, true, 1, 970982105
3, 4, 10, 10, 50, 50, 10, 0, true, 2, 845424275
3, 4, 10, 10, 50, 50, 10, 0, true, 3, 987218203
3, 4, 10, 10, 50, 50, 10, 0, true, 4, 853206389
3, 4, 10, 10, 50, 50, 10, 0, true, 5, 949065158
3, 4, 10, 10, 50, 50, 10, 0, true, 6, 964930013
3, 4, 10, 10, 50, 50, 10, 0, true, 7, 937824476
3, 4, 10, 10, 50, 50, 10, 0, true, 8, 917851838
3, 4, 10, 10, 50, 50, 10, 0, true, 9, 952936536
3, 4, 10, 10, 50, 50, 10, 0, true, 10, 964118132
3, 4, 10, 10, 50, 50, 10, 0, true, 11, 942109655
3, 4, 10, 10, 50, 50, 10, 0, true, 12, 984964408
3, 4, 10, 10, 50, 50, 10, 0, true, 13, 985000356
3, 4, 10, 10, 50, 50, 10, 0, true, 14, 936778948
3, 4, 10, 10, 50, 50, 10, 0, true, 15, 844367009
3, 4, 10, 10, 50, 50, 10, 0, true, 16, 1014791670
3, 4, 10, 10, 50, 50, 10, 0, true, 17, 947363554
3, 4, 10, 10, 50, 50, 10, 0, true, 18, 1016596144
3, 4, 10, 10, 50, 50, 10, 0, true, 19, 846871577
3, 4, 10, 10, 50, 50, 10, 0, true, 20, 954524941
3, 4, 10, 10, 50, 50, 10, 0, true, 21, 927633241
3, 4, 10, 10, 50, 50, 10, 0, true, 22, 1016040043
3, 4, 10, 10, 50, 50, 10, 0, true, 23, 853983360
3, 4, 10, 10, 50, 50, 10, 0, true, 24, 841357231
3, 4, 10, 10, 50, 50, 10, 0, true, 25, 948279720
3, 4, 10, 10, 50, 50, 10, 0, true, 26, 917633734
3, 4, 10, 10, 50, 50, 10, 0, true, 27, 938497625
3, 4, 10, 10, 50, 50, 10, 0, true, 28, 948269796
3, 4, 10, 10, 50, 50, 10, 0, true, 29, 950831315
3, 4, 10, 10, 50, 50, 10, 0, true, 30, 919311664
3, 4, 10, 10, 50, 50, 10, 0, true, 31, 955729599
3, 4, 10, 10, 50, 50, 10, 0, true, 32, 993304877
3, 4, 10, 10, 50, 50, 10, 0, true, 33, 954776840
3, 4, 10, 10, 50, 50, 10, 0, true, 34, 979485492
3, 4, 10, 10, 50, 50, 10, 0, true, 35, 953038511
3, 4, 10, 10, 50, 50, 10, 0, true, 36, 952633919
3, 4, 10, 10, 50, 50, 10, 0, true, 37, 896642003
3, 4, 10, 10, 50, 50, 10, 0, true, 38, 1018965250
3, 4, 10, 10, 50, 50, 10, 0, true, 39, 973884975
3, 4, 10, 10, 50, 50, 10, 0, true, 40, 1003587793
3, 4, 10, 10, 50, 50, 10, 0, true, 41, 990584800
3, 4, 10, 10, 50, 50, 10, 0, true, 42, 984241405
3, 4, 10, 10, 50, 50, 10, 0, true, 43, 961568953
3, 4, 10, 10, 50, 50, 10, 0, true, 44, 1015854435
3, 4, 10, 10, 50, 50, 10, 0, true, 45, 994971622
3, 4, 10, 10, 50, 50, 10, 0, true, 46, 984879985
3, 4, 10, 10, 50, 50, 10, 0, true, 47, 979425289
3, 4, 10, 10, 50, 50, 10, 0, true, 48, 1021693003
3, 4, 10, 10, 50, 50, 10, 0, true, 49, 989814425
3, 4, 10, 10, 50, 50, 10, 0, true, 50, 996921984
3, 4, 10, 10, 50, 50, 10, 0, true, 51, 963053392
3, 4, 10, 10, 50, 50, 10, 0, true, 52, 989935359
3, 4, 10, 10, 50, 50, 10, 0, true, 53, 975862684
3, 4, 10, 10, 50, 50, 10, 0, true, 54, 985243649
3, 4, 10, 10, 50, 50, 10, 0, true, 55, 991806676
3, 4, 10, 10, 50, 50, 10, 0, true, 56, 995678569
3, 4, 10, 10, 50, 50, 10, 0, true, 57, 985761734
3, 4, 10, 10, 50, 50, 10, 0, true, 58, 943149278
3, 4, 10, 10, 50, 50, 10, 0, true, 59, 940404896
3, 4, 10, 10, 50, 50, 10, 0, true, 60, 985635830
3, 4, 10, 10, 50, 50, 10, 0, true, 61, 981939526
3, 4, 10, 10, 50, 50, 10, 0, true, 62, 987662600
3, 4, 10, 10, 50, 50, 10, 0, true, 63, 969737686
3, 4, 10, 10, 50, 50, 10, 0, true, 64, 1017135487
3, 4, 10, 10, 50, 50, 10, 0, true, 65, 950119669
3, 4, 10, 10, 50, 50, 10, 0, true, 66, 946043333
3, 4, 10, 10, 50, 50, 10, 0, true, 67, 917063376
3, 4, 10, 10, 50, 50, 10, 0, true, 68, 951359150
3, 4, 10, 10, 50, 50, 10, 0, true, 69, 919159434
3, 4, 10, 10, 50, 50, 10, 0, true, 70, 1014907549
3, 4, 10, 10, 50, 50, 10, 0, true, 71, 990082902
3, 4, 10, 10, 50, 50, 10, 0, true, 72, 907999144
3, 4, 10, 10, 50, 50, 10, 0, true, 73, 987333719
3, 4, 10, 10, 50, 50, 10, 0, true, 74, 844374615
3, 4, 10, 10, 50, 50, 10, 0, true, 75, 985468649
3, 4, 10, 10, 50, 50, 10, 0, true, 76, 891725715
3, 4, 10, 10, 50, 50, 10, 0, true, 77, 987844025
3, 4, 10, 10, 50, 50, 10, 0, true, 78, 925104839
3, 4, 10, 10, 50, 50, 10, 0, true, 79, 974055146
3, 4, 10, 10, 50, 50, 10, 0, true, 80, 965408286
3, 4, 10, 10, 50, 50, 10, 0, true, 81, 950383833
3, 4, 10, 10, 50, 50, 10, 0, true, 82, 840281789
3, 4, 10, 10, 50, 50, 10, 0, true, 83, 1018354476
3, 4, 10, 10, 50, 50, 10, 0, true, 84, 995079395
3, 4, 10, 10, 50, 50, 10, 0, true, 85, 930143202
3, 4, 10, 10, 50, 50, 10, 0, true, 86, 1016128092
3, 4, 10, 10, 50, 50, 10, 0, true, 87, 984786289
3, 4, 10, 10, 50, 50, 10, 0, true, 88, 948448275
3, 4, 10, 10, 50, 50, 10, 0, true, 89, 955948943
3, 4, 10, 10, 50, 50, 10, 0, true, 90, 959077271
3, 4, 10, 10, 50, 50, 10, 0, true, 91, 956144003
3, 4, 10, 10, 50, 50, 10, 0, true, 92, 1022873061
3, 4, 10, 10, 50, 50, 10, 0, true, 93, 849587481
3, 4, 10, 10, 50, 50, 10, 0, true, 94, 1021680905
3, 4, 10, 10, 50, 50, 10, 0, true, 95, 1001782434
3, 4, 10, 10, 50, 50, 10, 0, true, 96, 850549114
3, 4, 10, 10, 50, 50, 10, 0, true, 97, 955982188
3, 4, 10, 10, 50, 50, 10, 0, true, 98, 851068141
3, 4, 10, 10, 50, 50, 10, 0, true, 99, 953987587
3, 4, 10, 10, 50, 50, 11, 0, true, 0, 1579367767
3, 4, 10, 10, 50, 50, 11, 0, true, 1, 1561688885
3, 4, 10, 10, 50, 50, 11, 0, true, 2, 1639539581
3, 4, 10, 10, 50, 50, 11, 0, true, 3, 1574055728
3, 4, 10, 10, 50, 50, 11, 0, true, 4, 1620899872
3, 4, 10, 10, 50, 50, 11, 0, true, 5, 1569202992
3, 4, 10, 10, 50, 50, 11, 0, true, 6, 1673184361
3, 4, 10, 10, 50, 50, 11, 0, true, 7, 1656627733
3, 4, 10, 10, 50, 50, 11, 0, true, 8, 1629427243
3, 4, 10, 10, 50, 50, 11, 0, true, 9, 1645394296
3, 4, 10, 10, 50, 50, 11, 0, true, 10, 1620893639
3, 4, 10, 10, 50, 50, 11, 0, true, 11, 1723959996
3, 4, 10, 10, 50, 50, 11, 0, true, 12, 1576024026
3, 4, 10, 10, 50, 50, 11, 0, true, 13, 1645636906
3, 4, 10, 10, 50, 50, 11, 0, true, 14, 1635340849
3, 4, 10, 10, 50, 50, 11, 0, true, 15, 1620742789
3, 4, 10, 10, 50, 50, 11, 0, true, 16, 1626521407
3, 4, 10, 10, 50, 50, 11, 0, true, 17, 1622448116
3, 4, 10, 10, 50, 50, 11, 0, true, 18, 1639614328
3, 4, 10, 10, 50, 50, 11, 0, true, 19, 1556498901
3, 4, 10, 10, 50, 50, 11, 0, true, 20, 1654563712
3, 4, 10, 10, 50, 50, 11, 0, true, 21, 1581891247
3, 4, 10, 10, 50, 50, 11, 0, true, 22, 1588039068
3, 4, 10, 10, 50, 50, 11, 0, true, 23, 1579632001
3, 4, 10, 10, 50, 50, 11, 0, true, 24, 1602556646
3, 4, 10, 10, 50, 50, 11, 0, true, 25, 1551188443
3, 4, 10, 10, 50, 50, 11, 0, true, 26, 1694937792
3, 4, 10, 10, 50, 50, 11, 0, true, 27, 1565646186
3, 4, 10, 10, 50, 50, 11, 0, true, 28, 1639310196
3, 4, 10, 10, 50, 50, 11, 0, true, 29, 1636183089
3, 4, 10, 10, 50, 50, 11, 0, true, 30, 1632514064
3, 4, 10, 10, 50, 50, 11, 0, true, 31, 1605851566
3, 4, 10, 10, 50, 50, 11, 0, true, 32, 1641731561
3, 4, 10, 10, 50, 50, 11, 0, true, 33, 1658569030
3, 4, 10, 10, 50, 50, 11, 0, true, 34, 1634095298
3, 4, 10, 10, 50, 50, 11, 0, true, 35, 1620418288
3, 4, 10, 10, 50, 50, 11, 0, true, 36, 1645539325
3, 4, 10, 10, 50, 50, 11, 0, true, 37, 1810135207
3, 4, 10, 10, 50, 50, 11, 0, true, 38, 1634833631
3, 4, 10, 10, 50, 50, 11, 0, true, 39, 1657882388
3, 4, 10, 10, 50, 50, 11, 0, true, 40, 1637327011
3, 4, 10, 10, 50, 50, 11, 0, true, 41, 1647441650
3, 4, 10, 10, 50, 50, 11, 0, true, 42, 1707030889
3, 4, 10, 10, 50, 50, 11, 0, true, 43, 1560966657
3, 4, 10, 10, 50, 50, 11, 0, true, 44, 1651433772
3, 4, 10, 10, 50, 50, 11, 0, true, 45, 1579012053
3, 4, 10, 10, 50, 50, 11, 0, true, 46, 1638624162
3, 4, 10, 10, 50, 50, 11, 0, true, 47, 1624921020
3, 4, 10, 10, 50, 50, 11, 0, true, 48, 1648012729
3, 4, 10, 10, 50, 50, 11, 0, true, 49, 1559919804
3, 4, 10, 10, 50, 50, 11, 0, true, 50, 1653469749
3, 4, 10, 10, 50, 50, 11, 0, true, 51, 1644990969
3, 4, 10, 10, 50, 50, 11, 0, true, 52, 1553646026
3, 4, 10, 10, 50, 50, 11, 0, true, 53, 1701583290
3, 4, 10, 10, 50, 50, 11, 0, true, 54, 1635695825
3, 4, 10, 10, 50, 50, 11, 0, true, 55, 1651318077
3, 4, 10, 10, 50, 50, 11, 0, true, 56, 1566842110
3, 4, 10, 10, 50, 50, 11, 0, true, 57, 1651478758
3, 4, 10, 10, 50, 50, 11, 0, true, 58, 1631302952
3, 4, 10, 10, 50, 50, 11, 0, true, 59, 1649790408
3, 4, 10, 10, 50, 50, 11, 0, true, 60, 1646708771
3, 4, 10, 10, 50, 50, 11, 0, true, 61, 1642067856
3, 4, 10, 10, 50, 50, 11, 0, true, 62, 1649465743
3, 4, 10, 10, 50, 50, 11, 0, true, 63, 1647252212
3, 4, 10, 10, 50, 50, 11, 0, true, 64, 1609478634
3, 4, 10, 10, 50, 50, 11, 0, true, 65, 1655257862
3, 4, 10, 10, 50, 50, 11, 0, true, 66, 1619897834
3, 4, 10, 10, 50, 50, 11, 0, true, 67, 1642828649
3, 4, 10, 10, 50, 50, 11, 0, true, 68, 1604056273
3, 4, 10, 10, 50, 50, 11, 0, true, 69, 1653147201
3, 4, 10, 10, 50, 50, 11, 0, true, 70, 1550241704
3, 4, 10, 10, 50, 50, 11, 0, true, 71, 1655323884
3, 4, 10, 10, 50, 50, 11, 0, true, 72, 1663156126
3, 4, 10, 10, 50, 50, 11, 0, true, 73, 1556154148
3, 4, 10, 10, 50, 50, 11, 0, true, 74, 1669503704
3, 4, 10, 10, 50, 50, 11, 0, true, 75, 1568050612
3, 4, 10, 10, 50, 50, 11, 0, true, 76, 1634991395
3, 4, 10, 10, 50, 50, 11, 0, true, 77, 1630151029
3, 4, 10, 10, 50, 50, 11, 0, true, 78, 1631984032
3, 4, 10, 10, 50, 50, 11, 0, true, 79, 1675110839
3, 4, 10, 10, 50, 50, 11, 0, true, 80, 1638975284
3, 4, 10, 10, 50, 50, 11, 0, true, 81, 1614292896
3, 4, 10, 10, 50, 50, 11, 0, true, 82, 1547787931
3, 4, 10, 10, 50, 50, 11, 0, true, 83, 1635146887
3, 4, 10, 10, 50, 50, 11, 0, true, 84, 1634882929
3, 4, 10, 10, 50, 50, 11, 0, true, 85, 1640102855
3, 4, 10, 10, 50, 50, 11, 0, true, 86, 1645492875
3, 4, 10, 10, 50, 50, 11, 0, true, 87, 1610179565
3, 4, 10, 10, 50, 50, 11, 0, true, 88, 1552939085
3, 4, 10, 10, 50, 50, 11, 0, true, 89, 1570649552
3, 4, 10, 10, 50, 50, 11, 0, true, 90, 1627840570
3, 4, 10, 10, 50, 50, 11, 0, true, 91, 1631240670
3, 4, 10, 10, 50, 50, 11, 0, true, 92, 1563565286
3, 4, 10, 10, 50, 50, 11, 0, true, 93, 1579138747
3, 4, 10, 10, 50, 50, 11, 0, true, 94, 1615009696
3, 4, 10, 10, 50, 50, 11, 0, true, 95, 1567391344
3, 4, 10, 10, 50, 50, 11, 0, true, 96, 1640790667
3, 4, 10, 10, 50, 50, 11, 0, true, 97, 1549648333
3, 4, 10, 10, 50, 50, 11, 0, true, 98, 1573838293
3, 4, 10, 10, 50, 50, 11, 0, true, 99, 1566566419
3, 4, 10, 10, 50, 50, 12, 0, true, 0, 2891460594
3, 4, 10, 10, 50, 50, 12, 0, true, 1, 3164591086
3, 4, 10, 10, 50, 50, 12, 0, true, 2, 3001192241
3, 4, 10, 10, 50, 50, 12, 0, true, 3, 3144543716
3, 4, 10, 10, 50, 50, 12, 0, true, 4, 3042592246
3, 4, 10, 10, 50, 50, 12, 0, true, 5, 3169741492
3, 4, 10, 10, 50, 50, 12, 0, true, 6, 2985985218
3, 4, 10, 10, 50, 50, 12, 0, true, 7, 3098671119
3, 4, 10, 10, 50, 50, 12, 0, true, 8, 2995975780
3, 4, 10, 10, 50, 50, 12, 0, true, 9, 3108338535
3, 4, 10, 10, 50, 50, 12, 0, true, 10, 3007766439
3, 4, 10, 10, 50, 50, 12, 0, true, 11, 3055989073
3, 4, 10, 10, 50, 50, 12, 0, true, 12, 2948622854
3, 4, 10, 10, 50, 50, 12, 0, true, 13, 3011509478
3, 4, 10, 10, 50, 50, 12, 0, true, 14, 2904361985
3, 4, 10, 10, 50, 50, 12, 0, true, 15, 3013383587
3, 4, 10, 10, 50, 50, 12, 0, true, 16, 2854985549
3, 4, 10, 10, 50, 50, 12, 0, true, 17, 2980574100
3, 4, 10, 10, 50, 50, 12, 0, true, 18, 3089397399
3, 4, 10, 10, 50, 50, 12, 0, true, 19, 3016016181
3, 4, 10, 10, 50, 50, 12, 0, true, 20, 2906375877
3, 4, 10, 10, 50, 50, 12, 0, true, 21, 2925733386
3, 4, 10, 10, 50, 50, 12, 0, true, 22, 2938703097
3, 4, 10, 10, 50, 50, 12, 0, true, 23, 2976826922
3, 4, 10, 10, 50, 50, 12, 0, true, 24, 2997139032
3, 4, 10, 10, 50, 50, 12, 0, true, 25, 3172551367
3, 4, 10, 10, 50, 50, 12, 0, true, 26, 3013383190
3, 4, 10, 10, 50, 50, 12, 0, true, 27, 3092241341
3, 4, 10, 10, 50, 50, 12, 0, true, 28, 2982556641
3, 4, 10, 10, 50, 50, 12, 0, true, 29, 3066554694
3, 4, 10, 10, 50, 50, 12, 0, true, 30, 2965056688
3, 4, 10, 10, 50, 50, 12, 0, true, 31, 2912225917
3, 4, 10, 10, 50, 50, 12, 0, true, 32, 2902649258
3, 4, 10, 10, 50, 50, 12, 0, true, 33, 2933229554
3, 4, 10, 10, 50, 50, 12, 0, true, 34, 3124636703
3, 4, 10, 10, 50, 50, 12, 0, true, 35, 2883731505
3, 4, 10, 10, 50, 50, 12, 0, true, 36, 3108619037
3, 4, 10, 10, 50, 50, 12, 0, true, 37, 2992551530
3, 4, 10, 10, 50, 50, 12, 0, true, 38, 2887113470
3, 4, 10, 10, 50, 50, 12, 0, true, 39, 2912610767
3, 4, 10, 10, 50, 50, 12, 0, true, 40, 2977974119
3, 4, 10, 10, 50, 50, 12, 0, true, 41, 2946186160
3, 4, 10, 10, 50, 50, 12, 0, true, 42, 3080925878
3, 4, 10, 10, 50, 50, 12, 0, true, 43, 2896667720
3, 4, 10, 10, 50, 50, 12, 0, true, 44, 2871141413
3, 4, 10, 10, 50, 50, 12, 0, true, 45, 2901728175
3, 4, 10, 10, 50, 50, 12, 0, true, 46, 2970264685
3, 4, 10, 10, 50, 50, 12, 0, true, 47, 2850464413
3, 4, 10, 10, 50, 50, 12, 0, true, 48, 2987282876
3, 4, 10, 10, 50, 50, 12, 0, true, 49, 2922204196
3, 4, 10, 10, 50, 50, 12, 0, true, 50, 2887284287
3, 4, 10, 10, 50, 50, 12, 0, true, 51, 3082107543
3, 4, 10, 10, 50, 50, 12, 0, true, 52, 3043930395
3, 4, 10, 10, 50, 50, 12, 0, true, 53, 2903182326
3, 4, 10, 10, 50, 50, 12, 0, true, 54, 2916306131
3, 4, 10, 10, 50, 50, 12, 0, true, 55, 2898337809
3, 4, 10, 10, 50, 50, 12, 0, true, 56, 3076469080
3, 4, 10, 10, 50, 50, 12, 0, true, 57, 2915940197
3, 4, 10, 10, 50, 50, 12, 0, true, 58, 3026466372
3, 4, 10, 10, 50, 50, 12, 0, true, 59, 2985006187
3, 4, 10, 10, 50, 50, 12, 0, true, 60, 2903213918
3, 4, 10, 10, 50, 50, 12, 0, true, 61, 2856702402
3, 4, 10, 10, 50, 50, 12, 0, true, 62, 2977337268
3, 4, 10, 10, 50, 50, 12, 0, true, 63, 2903548844
3, 4, 10, 10, 50, 50, 12, 0, true, 64, 2942039367
3, 4, 10, 10, 50, 50, 12, 0, true, 65, 2981924739
3, 4, 10, 10, 50, 50, 12, 0, true, 66, 2996402536
3, 4, 10, 10, 50, 50, 12, 0, true, 67, 3049454957
3, 4, 10, 10, 50, 50, 12, 0, true, 68, 2969429223
3, 4, 10, 10, 50, 50, 12, 0, true, 69, 3079529966
3, 4, 10, 10, 50, 50, 12, 0, true, 70, 2931291007
3, 4, 10, 10, 50, 50, 12, 0, true, 71, 2906793750
3, 4, 10, 10, 50, 50, 12, 0, true, 72, 3158469215
3, 4, 10, 10, 50, 50, 12, 0, true, 73, 2946373684
3, 4, 10, 10, 50, 50, 12, 0, true, 74, 3072435842
3, 4, 10, 10, 50, 50, 12, 0, true, 75, 2913235863
3, 4, 10, 10, 50, 50, 12, 0, true, 76, 3062450806
3, 4, 10, 10, 50, 50, 12, 0, true, 77, 2902863502
3, 4, 10, 10, 50, 50, 12, 0, true, 78, 3034908320
3, 4, 10, 10, 50, 50, 12, 0, true, 79, 2914309855
3, 4, 10, 10, 50, 50, 12, 0, true, 80, 3166708952
3, 4, 10, 10, 50, 50, 12, 0, true, 81, 2952520612
3, 4, 10, 10, 50, 50, 12, 0, true, 82, 2836357847
3, 4, 10, 10, 50, 50, 12, 0, true, 83, 2913298424
3, 4, 10, 10, 50, 50, 12, 0, true, 84, 3057437956
3, 4, 10, 10, 50, 50, 12, 0, true, 85, 2986282765
3, 4, 10, 10, 50, 50, 12, 0, true, 86, 3159180654
3, 4, 10, 10, 50, 50, 12, 0, true, 87, 2964667428
3, 4, 10, 10, 50, 50, 12, 0, true, 88, 3168355782
3, 4, 10, 10, 50, 50, 12, 0, true, 89, 2982572829
3, 4, 10, 10, 50, 50, 12, 0, true, 90, 2815228892
3, 4, 10, 10, 50, 50, 12, 0, true, 91, 2981335856
3, 4, 10, 10, 50, 50, 12, 0, true, 92, 2915226649
3, 4, 10, 10, 50, 50, 12, 0, true, 93, 2957878057
3, 4, 10, 10, 50, 50, 12, 0, true, 94, 3078935517
3, 4, 10, 10, 50, 50, 12, 0, true, 95, 3120333257
3, 4, 10, 10, 50, 50, 12, 0, true, 96, 3000269074
3, 4, 10, 10, 50, 50, 12, 0, true, 97, 3131290438
3, 4, 10, 10, 50, 50, 12, 0, true, 98, 2923022056
3, 4, 10, 10, 50, 50, 12, 0, true, 99, 3083122882
3, 4, 10, 10, 50, 50, 13, 0, true, 0, 5291858804
3, 4, 10, 10, 50, 50, 13, 0, true, 1, 5024092870
3, 4, 10, 10, 50, 50, 13, 0, true, 2, 5178193159
3, 4, 10, 10, 50, 50, 13, 0, true, 3, 4928813266
3, 4, 10, 10, 50, 50, 13, 0, true, 4, 5243164362
3, 4, 10, 10, 50, 50, 13, 0, true, 5, 5124746281
3, 4, 10, 10, 50, 50, 13, 0, true, 6, 5099811429
3, 4, 10, 10, 50, 50, 13, 0, true, 7, 5193636922
3, 4, 10, 10, 50, 50, 13, 0, true, 8, 5125839001
3, 4, 10, 10, 50, 50, 13, 0, true, 9, 5145219060
3, 4, 10, 10, 50, 50, 13, 0, true, 10, 5312453115
3, 4, 10, 10, 50, 50, 13, 0, true, 11, 5196193243
3, 4, 10, 10, 50, 50, 13, 0, true, 12, 4996667805
3, 4, 10, 10, 50, 50, 13, 0, true, 13, 4934519551
3, 4, 10, 10, 50, 50, 13, 0, true, 14, 5163526233
3, 4, 10, 10, 50, 50, 13, 0, true, 15, 5181959834
3, 4, 10, 10, 50, 50, 13, 0, true, 16, 5227164945
3, 4, 10, 10, 50, 50, 13, 0, true, 17, 5129203416
3, 4, 10, 10, 50, 50, 13, 0, true, 18, 5179149977
3, 4, 10, 10, 50, 50, 13, 0, true, 19, 5135273076
3, 4, 10, 10, 50, 50, 13, 0, true, 20, 5131601336
3, 4, 10, 10, 50, 50, 13, 0, true, 21, 5211581260
3, 4, 10, 10, 50, 50, 13, 0, true, 22, 5335235545
3, 4, 10, 10, 50, 50, 13, 0, true, 23, 4981432256
3, 4, 10, 10, 50, 50, 13, 0, true, 24, 5192769631
3, 4, 10, 10, 50, 50, 13, 0, true, 25, 4909991203
3, 4, 10, 10, 50, 50, 13, 0, true, 26, 5182303299
3, 4, 10, 10, 50, 50, 13, 0, true, 27, 5247910730
3, 4, 10, 10, 50, 50, 13, 0, true, 28, 4985347493
3, 4, 10, 10, 50, 50, 13, 0, true, 29, 5231400884
3, 4, 10, 10, 50, 50, 13, 0, true, 30, 5206291388
3, 4, 10, 10, 50, 50, 13, 0, true, 31, 5163364681
3, 4, 10, 10, 50, 50, 13, 0, true, 32, 5308763930
3, 4, 10, 10, 50, 50, 13, 0, true, 33, 5116329160
3, 4, 10, 10, 50, 50, 13, 0, true, 34, 5074873281
3, 4, 10, 10, 50, 50, 13, 0, true, 35, 5177575294
3, 4, 10, 10, 50, 50, 13, 0, true, 36, 5162767171
3, 4, 10, 10, 50, 50, 13, 0, true, 37, 4939779236
3, 4, 10, 10, 50, 50, 13, 0, true, 38, 5324485766
3, 4, 10, 10, 50, 50, 13, 0, true, 39, 4944817921
3, 4, 10, 10, 50, 50, 13, 0, true, 40, 5321038788
3, 4, 10, 10, 50, 50, 13, 0, true, 41, 4724620158
3, 4, 10, 10, 50, 50, 13, 0, true, 42, 5237461102
3, 4, 10, 10, 50, 50, 13, 0, true, 43, 5194408352
3, 4, 10, 10, 50, 50, 13, 0, true, 44, 5265202284
3, 4, 10, 10, 50, 50, 13, 0, true, 45, 5243712430
3, 4, 10, 10, 50, 50, 13, 0, true, 46, 4926427950
3, 4, 10, 10, 50, 50, 13, 0, true, 47, 5234426902
3, 4, 10, 10, 50, 50, 13, 0, true, 48, 5113363901
3, 4, 10, 10, 50, 50, 13, 0, true, 49, 5152538340
3, 4, 10, 10, 50, 50, 13, 0, true, 50, 5039296925
3, 4, 10, 10, 50, 50, 13, 0, true, 51, 5236116254
3, 4, 10, 10, 50, 50, 13, 0, true, 52, 4834040102
3, 4, 10, 10, 50, 50, 13, 0, true, 53, 5233710153
3, 4, 10, 10, 50, 50, 13, 0, true, 54, 5270619454
3, 4, 10, 10, 50, 50, 13, 0, true, 55, 4946910545
3, 4, 10, 10, 50, 50, 13, 0, true, 56, 5332311515
3, 4, 10, 10, 50, 50, 13, 0, true, 57, 5270168467
3, 4, 10, 10, 50, 50, 13, 0, true, 58, 5256229253
3, 4, 10, 10, 50, 50, 13, 0, true, 59, 5264881303
3, 4, 10, 10, 50, 50, 13, 0, true, 60, 5223190757
3, 4, 10, 10, 50, 50, 13, 0, true, 61, 5097579552
3, 4, 10, 10, 50, 50, 13, 0, true, 62, 5266631527
3, 4, 10, 10, 50, 50, 13, 0, true, 63, 5107594511
3, 4, 10, 10, 50, 50, 13, 0, true, 64, 5116154276
3, 4, 10, 10, 50, 50, 13, 0, true, 65, 5202294279
3, 4, 10, 10, 50, 50, 13, 0, true, 66, 5129219732
3, 4, 10, 10, 50, 50, 13, 0, true, 67, 5191248124
3, 4, 10, 10, 50, 50, 13, 0, true, 68, 5127228627
3, 4, 10, 10, 50, 50, 13, 0, true, 69, 5177532995
3, 4, 10, 10, 50, 50, 13, 0, true, 70, 5330468692
3, 4, 10, 10, 50, 50, 13, 0, true, 71, 5229558777
3, 4, 10, 10, 50, 50, 13, 0, true, 72, 5260501670
3, 4, 10, 10, 50, 50, 13, 0, true, 73, 5197353395
3, 4, 10, 10, 50, 50, 13, 0, true, 74, 5075973047
3, 4, 10, 10, 50, 50, 13, 0, true, 75, 5194387610
3, 4, 10, 10, 50, 50, 13, 0, true, 76, 5342691090
3, 4, 10, 10, 50, 50, 13, 0, true, 77, 4878087559
3, 4, 10, 10, 50, 50, 13, 0, true, 78, 5327450497
3, 4, 10, 10, 50, 50, 13, 0, true, 79, 4989516777
3, 4, 10, 10, 50, 50, 13, 0, true, 80, 5175346952
3, 4, 10, 10, 50, 50, 13, 0, true, 81, 5228839305
3, 4, 10, 10, 50, 50, 13, 0, true, 82, 5131569728
3, 4, 10, 10, 50, 50, 13, 0, true, 83, 5314411399
3, 4, 10, 10, 50, 50, 13, 0, true, 84, 5270969891
3, 4, 10, 10, 50, 50, 13, 0, true, 85, 4913424808
3, 4, 10, 10, 50, 50, 13, 0, true, 86, 5222636102
3, 4, 10, 10, 50, 50, 13, 0, true, 87, 4923388571
3, 4, 10, 10, 50, 50, 13, 0, true, 88, 5193565700
3, 4, 10, 10, 50, 50, 13, 0, true, 89, 5115580075
3, 4, 10, 10, 50, 50, 13, 0, true, 90, 5131105547
3, 4, 10, 10, 50, 50, 13, 0, true, 91, 5163929902
3, 4, 10, 10, 50, 50, 13, 0, true, 92, 5222885152
3, 4, 10, 10, 50, 50, 13, 0, true, 93, 5197819978
3, 4, 10, 10, 50, 50, 13, 0, true, 94, 5251122175
3, 4, 10, 10, 50, 50, 13, 0, true, 95, 5162420978
3, 4, 10, 10, 50, 50, 13, 0, true, 96, 5132220163
3, 4, 10, 10, 50, 50, 13, 0, true, 97, 5154051706
3, 4, 10, 10, 50, 50, 13, 0, true, 98, 5124467673
3, 4, 10, 10, 50, 50, 13, 0, true, 99, 5127619399
3, 4, 10, 10, 50, 50, 14, 0, true, 0, 8622022930
3, 4, 10, 10, 50, 50, 14, 0, true, 1, 8543685892
3, 4, 10, 10, 50, 50, 14, 0, true, 2, 8694039104
3, 4, 10, 10, 50, 50, 14, 0, true, 3, 8688223320
3, 4, 10, 10, 50, 50, 14, 0, true, 4, 8379383476
3, 4, 10, 10, 50, 50, 14, 0, true, 5, 8677960299
3, 4, 10, 10, 50, 50, 14, 0, true, 6, 7675674655
3, 4, 10, 10, 50, 50, 14, 0, true, 7, 8704021657
3, 4, 10, 10, 50, 50, 14, 0, true, 8, 8646807051
3, 4, 10, 10, 50, 50, 14, 0, true, 9, 8658062877
3, 4, 10, 10, 50, 50, 14, 0, true, 10, 7703421204
3, 4, 10, 10, 50, 50, 14, 0, true, 11, 8161404596
3, 4, 10, 10, 50, 50, 14, 0, true, 12, 7712116825
3, 4, 10, 10, 50, 50, 14, 0, true, 13, 7919453504
3, 4, 10, 10, 50, 50, 14, 0, true, 14, 8211877091
3, 4, 10, 10, 50, 50, 14, 0, true, 15, 8485689327
3, 4, 10, 10, 50, 50, 14, 0, true, 16, 8602037158
3, 4, 10, 10, 50, 50, 14, 0, true, 17, 8023444328
3, 4, 10, 10, 50, 50, 14, 0, true, 18, 8529132413
3, 4, 10, 10, 50, 50, 14, 0, true, 19, 7722101131
3, 4, 10, 10, 50, 50, 14, 0, true, 20, 7559763349
3, 4, 10, 10, 50, 50, 14, 0, true, 21, 7753303672
3, 4, 10, 10, 50, 50, 14, 0, true, 22, 8210882650
3, 4, 10, 10, 50, 50, 14, 0, true, 23, 7640991561
3, 4, 10, 10, 50, 50, 14, 0, true, 24, 8571354103
3, 4, 10, 10, 50, 50, 14, 0, true, 25, 8533504929
3, 4, 10, 10, 50, 50, 14, 0, true, 26, 7660510075
3, 4, 10, 10, 50, 50, 14, 0, true, 27, 8509588791
3, 4, 10, 10, 50, 50, 14, 0, true, 28, 7723182119
3, 4, 10, 10, 50, 50, 14, 0, true, 29, 8190041610
3, 4, 10, 10, 50, 50, 14, 0, true, 30, 8108318465
3, 4, 10, 10, 50, 50, 14, 0, true, 31, 8644930442
3, 4, 10, 10, 50, 50, 14, 0, true, 32, 8091369381
3, 4, 10, 10, 50, 50, 14, 0, true, 33, 7729745360
3, 4, 10, 10, 50, 50, 14, 0, true, 34, 8608438214
3, 4, 10, 10, 50, 50, 14, 0, true, 35, 8629928489
3, 4, 10, 10, 50, 50, 14, 0, true, 36, 8218629873
3, 4, 10, 10, 50, 50, 14, 0, true, 37, 7692447218
3, 4, 10, 10, 50, 50, 14, 0, true, 38, 8716956324
3, 4, 10, 10, 50, 50, 14, 0, true, 39, 7702653136
3, 4, 10, 10, 50, 50, 14, 0, true, 40, 8059551207
3, 4, 10, 10, 50, 50, 14, 0, true, 41, 7664200173
3, 4, 10, 10, 50, 50, 14, 0, true, 42, 7984107479
3, 4, 10, 10, 50, 50, 14, 0, true, 43, 7727090412
3, 4, 10, 10, 50, 50, 14, 0, true, 44, 8475552807
3, 4, 10, 10, 50, 50, 14, 0, true, 45, 7727042226
3, 4, 10, 10, 50, 50, 14, 0, true, 46, 8354047409
3, 4, 10, 10, 50, 50, 14, 0, true, 47, 8651804282
3, 4, 10, 10, 50, 50, 14, 0, true, 48, 8149116185
3, 4, 10, 10, 50, 50, 14, 0, true, 49, 8212061950
3, 4, 10, 10, 50, 50, 14, 0, true, 50, 7754813786
3, 4, 10, 10, 50, 50, 14, 0, true, 51, 8145107948
3, 4, 10, 10, 50, 50, 14, 0, true, 52, 8653900199
3, 4, 10, 10, 50, 50, 14, 0, true, 53, 8544512189
3, 4, 10, 10, 50, 50, 14, 0, true, 54, 8156796934
3, 4, 10, 10, 50, 50, 14, 0, true, 55, 8478148199
3, 4, 10, 10, 50, 50, 14, 0, true, 56, 8638310747
3, 4, 10, 10, 50, 50, 14, 0, true, 57, 8627658088
3, 4, 10, 10, 50, 50, 14, 0, true, 58, 8569347119
3, 4, 10, 10, 50, 50, 14, 0, true, 59, 8474221288
3, 4, 10, 10, 50, 50, 14, 0, true, 60, 8286068569
3, 4, 10, 10, 50, 50, 14, 0, true, 61, 7756437795
3, 4, 10, 10, 50, 50, 14, 0, true, 62, 8355323936
3, 4, 10, 10, 50, 50, 14, 0, true, 63, 7749928049
3, 4, 10, 10, 50, 50, 14, 0, true, 64, 8069363023
3, 4, 10, 10, 50, 50, 14, 0, true, 65, 8599425519
3, 4, 10, 10, 50, 50, 14, 0, true, 66, 8471097442
3, 4, 10, 10, 50, 50, 14, 0, true, 67, 8552705869
3, 4, 10, 10, 50, 50, 14, 0, true, 68, 8473932180
3, 4, 10, 10, 50, 50, 14, 0, true, 69, 7779177169
3, 4, 10, 10, 50, 50, 14, 0, true, 70, 8689764341
3, 4, 10, 10, 50, 50, 14, 0, true, 71, 8278218216
3, 4, 10, 10, 50, 50, 14, 0, true, 72, 8654821198
3, 4, 10, 10, 50, 50, 14, 0, true, 73, 8640015107
3, 4, 10, 10, 50, 50, 14, 0, true, 74, 8586224164
3, 4, 10, 10, 50, 50, 14, 0, true, 75, 8703090509
3, 4, 10, 10, 50, 50, 14, 0, true, 76, 8119580353
3, 4, 10, 10, 50, 50, 14, 0, true, 77, 8587147921
3, 4, 10, 10, 50, 50, 14, 0, true, 78, 8692266605
3, 4, 10, 10, 50, 50, 14, 0, true, 79, 8435179366
3, 4, 10, 10, 50, 50, 14, 0, true, 80, 8699910200
3, 4, 10, 10, 50, 50, 14, 0, true, 81, 7981483554
3, 4, 10, 10, 50, 50, 14, 0, true, 82, 8237373478
3, 4, 10, 10, 50, 50, 14, 0, true, 83, 7684008965
3, 4, 10, 10, 50, 50, 14, 0, true, 84, 8527426243
3, 4, 10, 10, 50, 50, 14, 0, true, 85, 8616193925
3, 4, 10, 10, 50, 50, 14, 0, true, 86, 8694372668
3, 4, 10, 10, 50, 50, 14, 0, true, 87, 8687414419
3, 4, 10, 10, 50, 50, 14, 0, true, 88, 8423446534
3, 4, 10, 10, 50, 50, 14, 0, true, 89, 8706600591
3, 4, 10, 10, 50, 50, 14, 0, true, 90, 8408793452
3, 4, 10, 10, 50, 50, 14, 0, true, 91, 8714504312
3, 4, 10, 10, 50, 50, 14, 0, true, 92, 8542020758
3, 4, 10, 10, 50, 50, 14, 0, true, 93, 8726546874
3, 4, 10, 10, 50, 50, 14, 0, true, 94, 7739545848
3, 4, 10, 10, 50, 50, 14, 0, true, 95, 8596568897
3, 4, 10, 10, 50, 50, 14, 0, true, 96, 8707536893
3, 4, 10, 10, 50, 50, 14, 0, true, 97, 8433390269
3, 4, 10, 10, 50, 50, 14, 0, true, 98, 8170935142
3, 4, 10, 10, 50, 50, 14, 0, true, 99, 7928687895
3, 4, 10, 10, 50, 50, 15, 0, true, 0, 14713650176
3, 4, 10, 10, 50, 50, 15, 0, true, 1, 13656269211
3, 4, 10, 10, 50, 50, 15, 0, true, 2, 14676446785
3, 4, 10, 10, 50, 50, 15, 0, true, 3, 13670890579
3, 4, 10, 10, 50, 50, 15, 0, true, 4, 14258157504
3, 4, 10, 10, 50, 50, 15, 0, true, 5, 13776868619
3, 4, 10, 10, 50, 50, 15, 0, true, 6, 14620194664
3, 4, 10, 10, 50, 50, 15, 0, true, 7, 14706893564
3, 4, 10, 10, 50, 50, 15, 0, true, 8, 14030481489
3, 4, 10, 10, 50, 50, 15, 0, true, 9, 14712237898
3, 4, 10, 10, 50, 50, 15, 0, true, 10, 13643178902
3, 4, 10, 10, 50, 50, 15, 0, true, 11, 14892184516
3, 4, 10, 10, 50, 50, 15, 0, true, 12, 14429141324
3, 4, 10, 10, 50, 50, 15, 0, true, 13, 13974161639
3, 4, 10, 10, 50, 50, 15, 0, true, 14, 14296726460
3, 4, 10, 10, 50, 50, 15, 0, true, 15, 14687557165
3, 4, 10, 10, 50, 50, 15, 0, true, 16, 13754087720
3, 4, 10, 10, 50, 50, 15, 0, true, 17, 14693733573
3, 4, 10, 10, 50, 50, 15, 0, true, 18, 13739684653
3, 4, 10, 10, 50, 50, 15, 0, true, 19, 14578246579
3, 4, 10, 10, 50, 50, 15, 0, true, 20, 14507327131
3, 4, 10, 10, 50, 50, 15, 0, true, 21, 13863704517
3, 4, 10, 10, 50, 50, 15, 0, true, 22, 14281409930
3, 4, 10, 10, 50, 50, 15, 0, true, 23, 14532608640
3, 4, 10, 10, 50, 50, 15, 0, true, 24, 13744197054
3, 4, 10, 10, 50, 50, 15, 0, true, 25, 14521972647
3, 4, 10, 10, 50, 50, 15, 0, true, 26, 14727064226
3, 4, 10, 10, 50, 50, 15, 0, true, 27, 14481342501
3, 4, 10, 10, 50, 50, 15, 0, true, 28, 14279401593
3, 4, 10, 10, 50, 50, 15, 0, true, 29, 13864624001
3, 4, 10, 10, 50, 50, 15, 0, true, 30, 14719985894
3, 4, 10, 10, 50, 50, 15, 0, true, 31, 14257252094
3, 4, 10, 10, 50, 50, 15, 0, true, 32, 14937250390
3, 4, 10, 10, 50, 50, 15, 0, true, 33, 14440733977
3, 4, 10, 10, 50, 50, 15, 0, true, 34, 13604406676
3, 4, 10, 10, 50, 50, 15, 0, true, 35, 14434380131
3, 4, 10, 10, 50, 50, 15, 0, true, 36, 14149005297
3, 4, 10, 10, 50, 50, 15, 0, true, 37, 14471281237
3, 4, 10, 10, 50, 50, 15, 0, true, 38, 13622410540
3, 4, 10, 10, 50, 50, 15, 0, true, 39, 14444021964
3, 4, 10, 10, 50, 50, 15, 0, true, 40, 13428199366
3, 4, 10, 10, 50, 50, 15, 0, true, 41, 14678155134
3, 4, 10, 10, 50, 50, 15, 0, true, 42, 14242157064
3, 4, 10, 10, 50, 50, 15, 0, true, 43, 13984301881
3, 4, 10, 10, 50, 50, 15, 0, true, 44, 14254865122
3, 4, 10, 10, 50, 50, 15, 0, true, 45, 13937434836
3, 4, 10, 10, 50, 50, 15, 0, true, 46, 14273014918
3, 4, 10, 10, 50, 50, 15, 0, true, 47, 13942601165
3, 4, 10, 10, 50, 50, 15, 0, true, 48, 14675524400
3, 4, 10, 10, 50, 50, 15, 0, true, 49, 13903940441
3, 4, 10, 10, 50, 50, 15, 0, true, 50, 14706135342
3, 4, 10, 10, 50, 50, 15, 0, true, 51, 14458170610
3, 4, 10, 10, 50, 50, 15, 0, true, 52, 14304528853
3, 4, 10, 10, 50, 50, 15, 0, true, 53, 13320570043
3, 4, 10, 10, 50, 50, 15, 0, true, 54, 14096866980
3, 4, 10, 10, 50, 50, 15, 0, true, 55, 14251973767
3, 4, 10, 10, 50, 50, 15, 0, true, 56, 13794168888
3, 4, 10, 10, 50, 50, 15, 0, true, 57, 14333542056
3, 4, 10, 10, 50, 50, 15, 0, true, 58, 13442722879
3, 4, 10, 10, 50, 50, 15, 0, true, 59, 14527788119
3, 4, 10, 10, 50, 50, 15, 0, true, 60, 13587797274
3, 4, 10, 10, 50, 50, 15, 0, true, 61, 14379167820
3, 4, 10, 10, 50, 50, 15, 0, true, 62, 13518266152
3, 4, 10, 10, 50, 50, 15, 0, true, 63, 14593509447
3, 4, 10, 10, 50, 50, 15, 0, true, 64, 13981465327
3, 4, 10, 10, 50, 50, 15, 0, true, 65, 14393627699
3, 4, 10, 10, 50, 50, 15, 0, true, 66, 14729235439
3, 4, 10, 10, 50, 50, 15, 0, true, 67, 14028653604
3, 4, 10, 10, 50, 50, 15, 0, true, 68, 14313065085
3, 4, 10, 10, 50, 50, 15, 0, true, 69, 14147552177
3, 4, 10, 10, 50, 50, 15, 0, true, 70, 14719688082
3, 4, 10, 10, 50, 50, 15, 0, true, 71, 14430796061
3, 4, 10, 10, 50, 50, 15, 0, true, 72, 14699281461
3, 4, 10, 10, 50, 50, 15, 0, true, 73, 13612055101
3, 4, 10, 10, 50, 50, 15, 0, true, 74, 14332081485
3, 4, 10, 10, 50, 50, 15, 0, true, 75, 13609771752
3, 4, 10, 10, 50, 50, 15, 0, true, 76, 14703256205
3, 4, 10, 10, 50, 50, 15, 0, true, 77, 14316045877
3, 4, 10, 10, 50, 50, 15, 0, true, 78, 13576770727
3, 4, 10, 10, 50, 50, 15, 0, true, 79, 14512310949
3, 4, 10, 10, 50, 50, 15, 0, true, 80, 14095527105
3, 4, 10, 10, 50, 50, 15, 0, true, 81, 14570196690
3, 4, 10, 10, 50, 50, 15, 0, true, 82, 13966251634
3, 4, 10, 10, 50, 50, 15, 0, true, 83, 14612186357
3, 4, 10, 10, 50, 50, 15, 0, true, 84, 14019174313
3, 4, 10, 10, 50, 50, 15, 0, true, 85, 14537062439
3, 4, 10, 10, 50, 50, 15, 0, true, 86, 13711453947
3, 4, 10, 10, 50, 50, 15, 0, true, 87, 14523419174
3, 4, 10, 10, 50, 50, 15, 0, true, 88, 14475463062
3, 4, 10, 10, 50, 50, 15, 0, true, 89, 13855927586
3, 4, 10, 10, 50, 50, 15, 0, true, 90, 14386119370
3, 4, 10, 10, 50, 50, 15, 0, true, 91, 13223806821
3, 4, 10, 10, 50, 50, 15, 0, true, 92, 14313945738
3, 4, 10, 10, 50, 50, 15, 0, true, 93, 13624975825
3, 4, 10, 10, 50, 50, 15, 0, true, 94, 14723469706
3, 4, 10, 10, 50, 50, 15, 0, true, 95, 13595039803
3, 4, 10, 10, 50, 50, 15, 0, true, 96, 14373057725
3, 4, 10, 10, 50, 50, 15, 0, true, 97, 13586712282
3, 4, 10, 10, 50, 50, 15, 0, true, 98, 14722687280
3, 4, 10, 10, 50, 50, 15, 0, true, 99, 14270655008
3, 4, 10, 10, 50, 50, 16, 0, true, 0, 19960152116
3, 4, 10, 10, 50, 50, 16, 0, true, 1, 24073449110
3, 4, 10, 10, 50, 50, 16, 0, true, 2, 20250157026
3, 4, 10, 10, 50, 50, 16, 0, true, 3, 23926177412
3, 4, 10, 10, 50, 50, 16, 0, true, 4, 20591804038
3, 4, 10, 10, 50, 50, 16, 0, true, 5, 24104884649
3, 4, 10, 10, 50, 50, 16, 0, true, 6, 19996912461
3, 4, 10, 10, 50, 50, 16, 0, true, 7, 24020125171
3, 4, 10, 10, 50, 50, 16, 0, true, 8, 19406608731
3, 4, 10, 10, 50, 50, 16, 0, true, 9, 24077656060
3, 4, 10, 10, 50, 50, 16, 0, true, 10, 19966053220
3, 4, 10, 10, 50, 50, 16, 0, true, 11, 24036046397
3, 4, 10, 10, 50, 50, 16, 0, true, 12, 19481531697
3, 4, 10, 10, 50, 50, 16, 0, true, 13, 19718784240
3, 4, 10, 10, 50, 50, 16, 0, true, 14, 24498715365
3, 4, 10, 10, 50, 50, 16, 0, true, 15, 20620761370
3, 4, 10, 10, 50, 50, 16, 0, true, 16, 19981528929
3, 4, 10, 10, 50, 50, 16, 0, true, 17, 19764174115
3, 4, 10, 10, 50, 50, 16, 0, true, 18, 24370647802
3, 4, 10, 10, 50, 50, 16, 0, true, 19, 19747698211
3, 4, 10, 10, 50, 50, 16, 0, true, 20, 21252189414
3, 4, 10, 10, 50, 50, 16, 0, true, 21, 19721612449
3, 4, 10, 10, 50, 50, 16, 0, true, 22, 20816941319
3, 4, 10, 10, 50, 50, 16, 0, true, 23, 19831535249
3, 4, 10, 10, 50, 50, 16, 0, true, 24, 19530050551
3, 4, 10, 10, 50, 50, 16, 0, true, 25, 23997242998
3, 4, 10, 10, 50, 50, 16, 0, true, 26, 19987738293
3, 4, 10, 10, 50, 50, 16, 0, true, 27, 23973966597
3, 4, 10, 10, 50, 50, 16, 0, true, 28, 19965151098
3, 4, 10, 10, 50, 50, 16, 0, true, 29, 24317458875
3, 4, 10, 10, 50, 50, 16, 0, true, 30, 24411857262
3, 4, 10, 10, 50, 50, 16, 0, true, 31, 24123749106
3, 4, 10, 10, 50, 50, 16, 0, true, 32, 24329334208
3, 4, 10, 10, 50, 50, 16, 0, true, 33, 19273257949
3, 4, 10, 10, 50, 50, 16, 0, true, 34, 24301574124
3, 4, 10, 10, 50, 50, 16, 0, true, 35, 19347913550
3, 4, 10, 10, 50, 50, 16, 0, true, 36, 19706020788
3, 4, 10, 10, 50, 50, 16, 0, true, 37, 24330480393
3, 4, 10, 10, 50, 50, 16, 0, true, 38, 24094670996
3, 4, 10, 10, 50, 50, 16, 0, true, 39, 23242205076
3, 4, 10, 10, 50, 50, 16, 0, true, 40, 24053501658
3, 4, 10, 10, 50, 50, 16, 0, true, 41, 19326398475
3, 4, 10, 10, 50, 50, 16, 0, true, 42, 23992742896
3, 4, 10, 10, 50, 50, 16, 0, true, 43, 19339828651
3, 4, 10, 10, 50, 50, 16, 0, true, 44, 24237212333
3, 4, 10, 10, 50, 50, 16, 0, true, 45, 23770391084
3, 4, 10, 10, 50, 50, 16, 0, true, 46, 24204870083
3, 4, 10, 10, 50, 50, 16, 0, true, 47, 21333223102
3, 4, 10, 10, 50, 50, 16, 0, true, 48, 20015800409
3, 4, 10, 10, 50, 50, 16, 0, true, 49, 19977184618
3, 4, 10, 10, 50, 50, 16, 0, true, 50, 20420956520
3, 4, 10, 10, 50, 50, 16, 0, true, 51, 19882331417
3, 4, 10, 10, 50, 50, 16, 0, true, 52, 21582911847
3, 4, 10, 10, 50, 50, 16, 0, true, 53, 19800956192
3, 4, 10, 10, 50, 50, 16, 0, true, 54, 20361385585
3, 4, 10, 10, 50, 50, 16, 0, true, 55, 24339952456
3, 4, 10, 10, 50, 50, 16, 0, true, 56, 18941482849
3, 4, 10, 10, 50, 50, 16, 0, true, 57, 23893334192
3, 4, 10, 10, 50, 50, 16, 0, true, 58, 20172041262
3, 4, 10, 10, 50, 50, 16, 0, true, 59, 24096572980
3, 4, 10, 10, 50, 50, 16, 0, true, 60, 24526097317
3, 4, 10, 10, 50, 50, 16, 0, true, 61, 21160849909
3, 4, 10, 10, 50, 50, 16, 0, true, 62, 24329611275
3, 4, 10, 10, 50, 50, 16, 0, true, 63, 20844153834
3, 4, 10, 10, 50, 50, 16, 0, true, 64, 24407999826
3, 4, 10, 10, 50, 50, 16, 0, true, 65, 21015691355
3, 4, 10, 10, 50, 50, 16, 0, true, 66, 24436186754
3, 4, 10, 10, 50, 50, 16, 0, true, 67, 19875862198
3, 4, 10, 10, 50, 50, 16, 0, true, 68, 24490371082
3, 4, 10, 10, 50, 50, 16, 0, true, 69, 20517472538
3, 4, 10, 10, 50, 50, 16, 0, true, 70, 24394221798
3, 4, 10, 10, 50, 50, 16, 0, true, 71, 24094149285
3, 4, 10, 10, 50, 50, 16, 0, true, 72, 20165902957
3, 4, 10, 10, 50, 50, 16, 0, true, 73, 23870841191
3, 4, 10, 10, 50, 50, 16, 0, true, 74, 19078313893
3, 4, 10, 10, 50, 50, 16, 0, true, 75, 24162934168
3, 4, 10, 10, 50, 50, 16, 0, true, 76, 20555888543
3, 4, 10, 10, 50, 50, 16, 0, true, 77, 24301202894
3, 4, 10, 10, 50, 50, 16, 0, true, 78, 20379374126
3, 4, 10, 10, 50, 50, 16, 0, true, 79, 24451099230
3, 4, 10, 10, 50, 50, 16, 0, true, 80, 19795265008
3, 4, 10, 10, 50, 50, 16, 0, true, 81, 24322289977
3, 4, 10, 10, 50, 50, 16, 0, true, 82, 20269854411
3, 4, 10, 10, 50, 50, 16, 0, true, 83, 20217259556
3, 4, 10, 10, 50, 50, 16, 0, true, 84, 24284598205
3, 4, 10, 10, 50, 50, 16, 0, true, 85, 20810883986
3, 4, 10, 10, 50, 50, 16, 0, true, 86, 24059783648
3, 4, 10, 10, 50, 50, 16, 0, true, 87, 20237517704
3, 4, 10, 10, 50, 50, 16, 0, true, 88, 24359127051
3, 4, 10, 10, 50, 50, 16, 0, true, 89, 20120232647
3, 4, 10, 10, 50, 50, 16, 0, true, 90, 24547718363
3, 4, 10, 10, 50, 50, 16, 0, true, 91, 19866572540
3, 4, 10, 10, 50, 50, 16, 0, true, 92, 24302506858
3, 4, 10, 10, 50, 50, 16, 0, true, 93, 19718151870
3, 4, 10, 10, 50, 50, 16, 0, true, 94, 19449620425
3, 4, 10, 10, 50, 50, 16, 0, true, 95, 24049348778
3, 4, 10, 10, 50, 50, 16, 0, true, 96, 20523480788
3, 4, 10, 10, 50, 50, 16, 0, true, 97, 24071323216
3, 4, 10, 10, 50, 50, 16, 0, true, 98, 20537142195
3, 4, 10, 10, 50, 50, 16, 0, true, 99, 24004244510
3, 4, 10, 10, 50, 50, 17, 0, true, 0, FAIL
3, 4, 10, 10, 50, 50, 17, 0, true, 1, FAIL
3, 4, 10, 10, 50, 50, 17, 0, true, 2, FAIL
3, 4, 10, 10, 50, 50, 17, 0, true, 3, FAIL
3, 4, 10, 10, 50, 50, 17, 0, true, 4, FAIL
3, 4, 10, 10, 50, 50, 17, 0, true, 5, FAIL
3, 4, 10, 10, 50, 50, 17, 0, true, 6, FAIL
3, 4, 10, 10, 50, 50, 17, 0, true, 7, FAIL
3, 4, 10, 10, 50, 50, 17, 0, true, 8, FAIL
3, 4, 10, 10, 50, 50, 17, 0, true, 9, FAIL
3, 4, 10, 10, 50, 50, 17, 0, true, 10, FAIL
3, 4, 10, 10, 50, 50, 17, 0, true, 11, FAIL
3, 4, 10, 10, 50, 50, 17, 0, true, 12, FAIL
3, 4, 10, 10, 50, 50, 17, 0, true, 13, FAIL
3, 4, 10, 10, 50, 50, 17, 0, true, 14, FAIL
3, 4, 10, 10, 50, 50, 17, 0, true, 15, FAIL
3, 4, 10, 10, 50, 50, 17, 0, true, 16, FAIL
3, 4, 10, 10, 50, 50, 17, 0, true, 17, FAIL
3, 4, 10, 10, 50, 50, 17, 0, true, 18, FAIL
3, 4, 10, 10, 50, 50, 17, 0, true, 19, FAIL
3, 4, 10, 10, 50, 50, 17, 0, true, 20, FAIL
3, 4, 10, 10, 50, 50, 17, 0, true, 21, FAIL
3, 4, 10, 10, 50, 50, 17, 0, true, 22, FAIL
3, 4, 10, 10, 50, 50, 17, 0, true, 23, FAIL
3, 4, 10, 10, 50, 50, 17, 0, true, 24, FAIL
3, 4, 10, 10, 50, 50, 17, 0, true, 25, FAIL
3, 4, 10, 10, 50, 50, 17, 0, true, 26, FAIL
3, 4, 10, 10, 50, 50, 17, 0, true, 27, FAIL
3, 4, 10, 10, 50, 50, 17, 0, true, 28, FAIL
3, 4, 10, 10, 50, 50, 17, 0, true, 29, FAIL
3, 4, 10, 10, 50, 50, 17, 0, true, 30, FAIL
3, 4, 10, 10, 50, 50, 17, 0, true, 31, FAIL
3, 4, 10, 10, 50, 50, 17, 0, true, 32, FAIL
3, 4, 10, 10, 50, 50, 17, 0, true, 33, FAIL
3, 4, 10, 10, 50, 50, 17, 0, true, 34, FAIL
3, 4, 10, 10, 50, 50, 17, 0, true, 35, FAIL
3, 4, 10, 10, 50, 50, 17, 0, true, 36, FAIL
3, 4, 10, 10, 50, 50, 17, 0, true, 37, FAIL
3, 4, 10, 10, 50, 50, 17, 0, true, 38, FAIL
3, 4, 10, 10, 50, 50, 17, 0, true, 39, FAIL
3, 4, 10, 10, 50, 50, 17, 0, true, 40, FAIL
3, 4, 10, 10, 50, 50, 17, 0, true, 41, FAIL
3, 4, 10, 10, 50, 50, 17, 0, true, 42, FAIL
3, 4, 10, 10, 50, 50, 17, 0, true, 43, FAIL
3, 4, 10, 10, 50, 50, 17, 0, true, 44, FAIL
3, 4, 10, 10, 50, 50, 17, 0, true, 45, FAIL
3, 4, 10, 10, 50, 50, 17, 0, true, 46, FAIL
3, 4, 10, 10, 50, 50, 17, 0, true, 47, FAIL
3, 4, 10, 10, 50, 50, 17, 0, true, 48, FAIL
3, 4, 10, 10, 50, 50, 17, 0, true, 49, FAIL
3, 4, 10, 10, 50, 50, 17, 0, true, 50, FAIL
3, 4, 10, 10, 50, 50, 17, 0, true, 51, FAIL
3, 4, 10, 10, 50, 50, 17, 0, true, 52, FAIL
3, 4, 10, 10, 50, 50, 17, 0, true, 53, FAIL
3, 4, 10, 10, 50, 50, 17, 0, true, 54, FAIL
3, 4, 10, 10, 50, 50, 17, 0, true, 55, FAIL
3, 4, 10, 10, 50, 50, 17, 0, true, 56, FAIL
3, 4, 10, 10, 50, 50, 17, 0, true, 57, FAIL
3, 4, 10, 10, 50, 50, 17, 0, true, 58, FAIL
3, 4, 10, 10, 50, 50, 17, 0, true, 59, FAIL
3, 4, 10, 10, 50, 50, 17, 0, true, 60, FAIL
3, 4, 10, 10, 50, 50, 17, 0, true, 61, FAIL
3, 4, 10, 10, 50, 50, 17, 0, true, 62, FAIL
3, 4, 10, 10, 50, 50, 17, 0, true, 63, FAIL
3, 4, 10, 10, 50, 50, 17, 0, true, 64, FAIL
3, 4, 10, 10, 50, 50, 17, 0, true, 65, FAIL
3, 4, 10, 10, 50, 50, 17, 0, true, 66, FAIL
3, 4, 10, 10, 50, 50, 17, 0, true, 67, FAIL
3, 4, 10, 10, 50, 50, 17, 0, true, 68, FAIL
3, 4, 10, 10, 50, 50, 17, 0, true, 69, FAIL
3, 4, 10, 10, 50, 50, 17, 0, true, 70, FAIL
3, 4, 10, 10, 50, 50, 17, 0, true, 71, FAIL
3, 4, 10, 10, 50, 50, 17, 0, true, 72, FAIL
3, 4, 10, 10, 50, 50, 17, 0, true, 73, FAIL
3, 4, 10, 10, 50, 50, 17, 0, true, 74, FAIL
3, 4, 10, 10, 50, 50, 17, 0, true, 75, FAIL
3, 4, 10, 10, 50, 50, 17, 0, true, 76, FAIL
3, 4, 10, 10, 50, 50, 17, 0, true, 77, FAIL
3, 4, 10, 10, 50, 50, 17, 0, true, 78, FAIL
3, 4, 10, 10, 50, 50, 17, 0, true, 79, FAIL
3, 4, 10, 10, 50, 50, 17, 0, true, 80, FAIL
3, 4, 10, 10, 50, 50, 17, 0, true, 81, FAIL
3, 4, 10, 10, 50, 50, 17, 0, true, 82, FAIL
3, 4, 10, 10, 50, 50, 17, 0, true, 83, FAIL
3, 4, 10, 10, 50, 50, 17, 0, true, 84, FAIL
3, 4, 10, 10, 50, 50, 17, 0, true, 85, FAIL
3, 4, 10, 10, 50, 50, 17, 0, true, 86, FAIL
3, 4, 10, 10, 50, 50, 17, 0, true, 87, FAIL
3, 4, 10, 10, 50, 50, 17, 0, true, 88, FAIL
3, 4, 10, 10, 50, 50, 17, 0, true, 89, FAIL
3, 4, 10, 10, 50, 50, 17, 0, true, 90, FAIL
3, 4, 10, 10, 50, 50, 17, 0, true, 91, FAIL
3, 4, 10, 10, 50, 50, 17, 0, true, 92, FAIL
3, 4, 10, 10, 50, 50, 17, 0, true, 93, FAIL
3, 4, 10, 10, 50, 50, 17, 0, true, 94, FAIL
3, 4, 10, 10, 50, 50, 17, 0, true, 95, FAIL
3, 4, 10, 10, 50, 50, 17, 0, true, 96, FAIL
3, 4, 10, 10, 50, 50, 17, 0, true, 97, FAIL
3, 4, 10, 10, 50, 50, 17, 0, true, 98, FAIL
3, 4, 10, 10, 50, 50, 17, 0, true, 99, FAIL
