3, 4, 10, 10, 50, 50, 5, 0, true, 0, 10466098
3, 4, 10, 10, 50, 50, 5, 0, true, 1, 9369296
3, 4, 10, 10, 50, 50, 5, 0, true, 2, 7190030
3, 4, 10, 10, 50, 50, 5, 0, true, 3, 7591466
3, 4, 10, 10, 50, 50, 5, 0, true, 4, 7233616
3, 4, 10, 10, 50, 50, 5, 0, true, 5, 7485601
3, 4, 10, 10, 50, 50, 5, 0, true, 6, 7463127
3, 4, 10, 10, 50, 50, 5, 0, true, 7, 7653802
3, 4, 10, 10, 50, 50, 5, 0, true, 8, 9717427
3, 4, 10, 10, 50, 50, 5, 0, true, 9, 7346374
3, 4, 10, 10, 50, 50, 5, 0, true, 10, 7246625
3, 4, 10, 10, 50, 50, 5, 0, true, 11, 7564840
3, 4, 10, 10, 50, 50, 5, 0, true, 12, 7191476
3, 4, 10, 10, 50, 50, 5, 0, true, 13, 7476606
3, 4, 10, 10, 50, 50, 5, 0, true, 14, 9997562
3, 4, 10, 10, 50, 50, 5, 0, true, 15, 7284059
3, 4, 10, 10, 50, 50, 5, 0, true, 16, 8329218
3, 4, 10, 10, 50, 50, 5, 0, true, 17, 7343308
3, 4, 10, 10, 50, 50, 5, 0, true, 18, 7263340
3, 4, 10, 10, 50, 50, 5, 0, true, 19, 7219489
3, 4, 10, 10, 50, 50, 5, 0, true, 20, 7455265
3, 4, 10, 10, 50, 50, 5, 0, true, 21, 9214011
3, 4, 10, 10, 50, 50, 5, 0, true, 22, 7532756
3, 4, 10, 10, 50, 50, 5, 0, true, 23, 7315653
3, 4, 10, 10, 50, 50, 5, 0, true, 24, 7189328
3, 4, 10, 10, 50, 50, 5, 0, true, 25, 7249462
3, 4, 10, 10, 50, 50, 5, 0, true, 26, 7252224
3, 4, 10, 10, 50, 50, 5, 0, true, 27, 7123961
3, 4, 10, 10, 50, 50, 5, 0, true, 28, 7214717
3, 4, 10, 10, 50, 50, 5, 0, true, 29, 8070103
3, 4, 10, 10, 50, 50, 5, 0, true, 30, 8629670
3, 4, 10, 10, 50, 50, 5, 0, true, 31, 7529236
3, 4, 10, 10, 50, 50, 5, 0, true, 32, 7271940
3, 4, 10, 10, 50, 50, 5, 0, true, 33, 7202773
3, 4, 10, 10, 50, 50, 5, 0, true, 34, 7270081
3, 4, 10, 10, 50, 50, 5, 0, true, 35, 7169026
3, 4, 10, 10, 50, 50, 5, 0, true, 36, 7141888
3, 4, 10, 10, 50, 50, 5, 0, true, 37, 7187480
3, 4, 10, 10, 50, 50, 5, 0, true, 38, 7347331
3, 4, 10, 10, 50, 50, 5, 0, true, 39, 8297046
3, 4, 10, 10, 50, 50, 5, 0, true, 40, 7259614
3, 4, 10, 10, 50, 50, 5, 0, true, 41, 7218842
3, 4, 10, 10, 50, 50, 5, 0, true, 42, 7261726
3, 4, 10, 10, 50, 50, 5, 0, true, 43, 7251778
3, 4, 10, 10, 50, 50, 5, 0, true, 44, 7175230
3, 4, 10, 10, 50, 50, 5, 0, true, 45, 7448517
3, 4, 10, 10, 50, 50, 5, 0, true, 46, 7279914
3, 4, 10, 10, 50, 50, 5, 0, true, 47, 7639512
3, 4, 10, 10, 50, 50, 5, 0, true, 48, 7561705
3, 4, 10, 10, 50, 50, 5, 0, true, 49, 7826733
3, 4, 10, 10, 50, 50, 5, 0, true, 50, 10790342
3, 4, 10, 10, 50, 50, 5, 0, true, 51, 7692182
3, 4, 10, 10, 50, 50, 5, 0, true, 52, 7672171
3, 4, 10, 10, 50, 50, 5, 0, true, 53, 7593790
3, 4, 10, 10, 50, 50, 5, 0, true, 54, 7729557
3, 4, 10, 10, 50, 50, 5, 0, true, 55, 8050945
3, 4, 10, 10, 50, 50, 5, 0, true, 56, 7759973
3, 4, 10, 10, 50, 50, 5, 0, true, 57, 7666503
3, 4, 10, 10, 50, 50, 5, 0, true, 58, 7632854
3, 4, 10, 10, 50, 50, 5, 0, true, 59, 7733062
3, 4, 10, 10, 50, 50, 5, 0, true, 60, 7695803
3, 4, 10, 10, 50, 50, 5, 0, true, 61, 7179747
3, 4, 10, 10, 50, 50, 5, 0, true, 62, 8857912
3, 4, 10, 10, 50, 50, 5, 0, true, 63, 7230412
3, 4, 10, 10, 50, 50, 5, 0, true, 64, 7284225
3, 4, 10, 10, 50, 50, 5, 0, true, 65, 7273152
3, 4, 10, 10, 50, 50, 5, 0, true, 66, 7361186
3, 4, 10, 10, 50, 50, 5, 0, true, 67, 7521470
3, 4, 10, 10, 50, 50, 5, 0, true, 68, 7292460
3, 4, 10, 10, 50, 50, 5, 0, true, 69, 7520007
3, 4, 10, 10, 50, 50, 5, 0, true, 70, 7132647
3, 4, 10, 10, 50, 50, 5, 0, true, 71, 7287994
3, 4, 10, 10, 50, 50, 5, 0, true, 72, 7338059
3, 4, 10, 10, 50, 50, 5, 0, true, 73, 7305511
3, 4, 10, 10, 50, 50, 5, 0, true, 74, 7213496
3, 4, 10, 10, 50, 50, 5, 0, true, 75, 7866356
3, 4, 10, 10, 50, 50, 5, 0, true, 76, 9335966
3, 4, 10, 10, 50, 50, 5, 0, true, 77, 7268626
3, 4, 10, 10, 50, 50, 5, 0, true, 78, 7208165
3, 4, 10, 10, 50, 50, 5, 0, true, 79, 7448374
3, 4, 10, 10, 50, 50, 5, 0, true, 80, 7418760
3, 4, 10, 10, 50, 50, 5, 0, true, 81, 7393059
3, 4, 10, 10, 50, 50, 5, 0, true, 82, 7649899
3, 4, 10, 10, 50, 50, 5, 0, true, 83, 7535509
3, 4, 10, 10, 50, 50, 5, 0, true, 84, 7558488
3, 4, 10, 10, 50, 50, 5, 0, true, 85, 7419332
3, 4, 10, 10, 50, 50, 5, 0, true, 86, 7437631
3, 4, 10, 10, 50, 50, 5, 0, true, 87, 7230202
3, 4, 10, 10, 50, 50, 5, 0, true, 88, 7443020
3, 4, 10, 10, 50, 50, 5, 0, true, 89, 7572503
3, 4, 10, 10, 50, 50, 5, 0, true, 90, 7510144
3, 4, 10, 10, 50, 50, 5, 0, true, 91, 8706862
3, 4, 10, 10, 50, 50, 5, 0, true, 92, 7423524
3, 4, 10, 10, 50, 50, 5, 0, true, 93, 7261347
3, 4, 10, 10, 50, 50, 5, 0, true, 94, 7302235
3, 4, 10, 10, 50, 50, 5, 0, true, 95, 7434917
3, 4, 10, 10, 50, 50, 5, 0, true, 96, 7352979
3, 4, 10, 10, 50, 50, 5, 0, true, 97, 7350784
3, 4, 10, 10, 50, 50, 5, 0, true, 98, 7591485
3, 4, 10, 10, 50, 50, 5, 0, true, 99, 7418126
3, 4, 10, 10, 50, 50, 6, 0, true, 0, 9419820
3, 4, 10, 10, 50, 50, 6, 0, true, 1, 9993555
3, 4, 10, 10, 50, 50, 6, 0, true, 2, 9602621
3, 4, 10, 10, 50, 50, 6, 0, true, 3, 9872636
3, 4, 10, 10, 50, 50, 6, 0, true, 4, 9049991
3, 4, 10, 10, 50, 50, 6, 0, true, 5, 9848047
3, 4, 10, 10, 50, 50, 6, 0, true, 6, 10039166
3, 4, 10, 10, 50, 50, 6, 0, true, 7, 9535197
3, 4, 10, 10, 50, 50, 6, 0, true, 8, 12916169
3, 4, 10, 10, 50, 50, 6, 0, true, 9, 8778020
3, 4, 10, 10, 50, 50, 6, 0, true, 10, 9437892
3, 4, 10, 10, 50, 50, 6, 0, true, 11, 9141272
3, 4, 10, 10, 50, 50, 6, 0, true, 12, 9807668
3, 4, 10, 10, 50, 50, 6, 0, true, 13, 9215763
3, 4, 10, 10, 50, 50, 6, 0, true, 14, 9536195
3, 4, 10, 10, 50, 50, 6, 0, true, 15, 8922231
3, 4, 10, 10, 50, 50, 6, 0, true, 16, 9563272
3, 4, 10, 10, 50, 50, 6, 0, true, 17, 9042500
3, 4, 10, 10, 50, 50, 6, 0, true, 18, 9227109
3, 4, 10, 10, 50, 50, 6, 0, true, 19, 10003907
3, 4, 10, 10, 50, 50, 6, 0, true, 20, 9226070
3, 4, 10, 10, 50, 50, 6, 0, true, 21, 9651512
3, 4, 10, 10, 50, 50, 6, 0, true, 22, 8871841
3, 4, 10, 10, 50, 50, 6, 0, true, 23, 9813391
3, 4, 10, 10, 50, 50, 6, 0, true, 24, 9288639
3, 4, 10, 10, 50, 50, 6, 0, true, 25, 9708803
3, 4, 10, 10, 50, 50, 6, 0, true, 26, 12698287
3, 4, 10, 10, 50, 50, 6, 0, true, 27, 9718116
3, 4, 10, 10, 50, 50, 6, 0, true, 28, 9885426
3, 4, 10, 10, 50, 50, 6, 0, true, 29, 9695896
3, 4, 10, 10, 50, 50, 6, 0, true, 30, 9772329
3, 4, 10, 10, 50, 50, 6, 0, true, 31, 9040128
3, 4, 10, 10, 50, 50, 6, 0, true, 32, 9638708
3, 4, 10, 10, 50, 50, 6, 0, true, 33, 9085852
3, 4, 10, 10, 50, 50, 6, 0, true, 34, 9526220
3, 4, 10, 10, 50, 50, 6, 0, true, 35, 9004246
3, 4, 10, 10, 50, 50, 6, 0, true, 36, 9677455
3, 4, 10, 10, 50, 50, 6, 0, true, 37, 9048807
3, 4, 10, 10, 50, 50, 6, 0, true, 38, 9404541
3, 4, 10, 10, 50, 50, 6, 0, true, 39, 9613695
3, 4, 10, 10, 50, 50, 6, 0, true, 40, 9227592
3, 4, 10, 10, 50, 50, 6, 0, true, 41, 9059034
3, 4, 10, 10, 50, 50, 6, 0, true, 42, 9188378
3, 4, 10, 10, 50, 50, 6, 0, true, 43, 9294409
3, 4, 10, 10, 50, 50, 6, 0, true, 44, 9203063
3, 4, 10, 10, 50, 50, 6, 0, true, 45, 9443590
3, 4, 10, 10, 50, 50, 6, 0, true, 46, 9607306
3, 4, 10, 10, 50, 50, 6, 0, true, 47, 9398055
3, 4, 10, 10, 50, 50, 6, 0, true, 48, 9753703
3, 4, 10, 10, 50, 50, 6, 0, true, 49, 11639717
3, 4, 10, 10, 50, 50, 6, 0, true, 50, 9315534
3, 4, 10, 10, 50, 50, 6, 0, true, 51, 9394399
3, 4, 10, 10, 50, 50, 6, 0, true, 52, 9428697
3, 4, 10, 10, 50, 50, 6, 0, true, 53, 8763522
3, 4, 10, 10, 50, 50, 6, 0, true, 54, 9250882
3, 4, 10, 10, 50, 50, 6, 0, true, 55, 9013239
3, 4, 10, 10, 50, 50, 6, 0, true, 56, 9519295
3, 4, 10, 10, 50, 50, 6, 0, true, 57, 8867357
3, 4, 10, 10, 50, 50, 6, 0, true, 58, 8915612
3, 4, 10, 10, 50, 50, 6, 0, true, 59, 8652826
3, 4, 10, 10, 50, 50, 6, 0, true, 60, 8640162
3, 4, 10, 10, 50, 50, 6, 0, true, 61, 9143166
3, 4, 10, 10, 50, 50, 6, 0, true, 62, 8736335
3, 4, 10, 10, 50, 50, 6, 0, true, 63, 9281595
3, 4, 10, 10, 50, 50, 6, 0, true, 64, 8930586
3, 4, 10, 10, 50, 50, 6, 0, true, 65, 9374252
3, 4, 10, 10, 50, 50, 6, 0, true, 66, 9146364
3, 4, 10, 10, 50, 50, 6, 0, true, 67, 9129942
3, 4, 10, 10, 50, 50, 6, 0, true, 68, 9765722
3, 4, 10, 10, 50, 50, 6, 0, true, 69, 9235724
3, 4, 10, 10, 50, 50, 6, 0, true, 70, 9388832
3, 4, 10, 10, 50, 50, 6, 0, true, 71, 12749144
3, 4, 10, 10, 50, 50, 6, 0, true, 72, 9584567
3, 4, 10, 10, 50, 50, 6, 0, true, 73, 9562497
3, 4, 10, 10, 50, 50, 6, 0, true, 74, 9885424
3, 4, 10, 10, 50, 50, 6, 0, true, 75, 8963445
3, 4, 10, 10, 50, 50, 6, 0, true, 76, 9655158
3, 4, 10, 10, 50, 50, 6, 0, true, 77, 8960084
3, 4, 10, 10, 50, 50, 6, 0, true, 78, 9201106
3, 4, 10, 10, 50, 50, 6, 0, true, 79, 9748676
3, 4, 10, 10, 50, 50, 6, 0, true, 80, 9288603
3, 4, 10, 10, 50, 50, 6, 0, true, 81, 9906543
3, 4, 10, 10, 50, 50, 6, 0, true, 82, 9036780
3, 4, 10, 10, 50, 50, 6, 0, true, 83, 9498727
3, 4, 10, 10, 50, 50, 6, 0, true, 84, 8918121
3, 4, 10, 10, 50, 50, 6, 0, true, 85, 9208627
3, 4, 10, 10, 50, 50, 6, 0, true, 86, 8732015
3, 4, 10, 10, 50, 50, 6, 0, true, 87, 9750927
3, 4, 10, 10, 50, 50, 6, 0, true, 88, 9675338
3, 4, 10, 10, 50, 50, 6, 0, true, 89, 9626267
3, 4, 10, 10, 50, 50, 6, 0, true, 90, 9704627
3, 4, 10, 10, 50, 50, 6, 0, true, 91, 8805420
3, 4, 10, 10, 50, 50, 6, 0, true, 92, 9520534
3, 4, 10, 10, 50, 50, 6, 0, true, 93, 8533114
3, 4, 10, 10, 50, 50, 6, 0, true, 94, 9703612
3, 4, 10, 10, 50, 50, 6, 0, true, 95, 8991462
3, 4, 10, 10, 50, 50, 6, 0, true, 96, 10084620
3, 4, 10, 10, 50, 50, 6, 0, true, 97, 8849104
3, 4, 10, 10, 50, 50, 6, 0, true, 98, 9671357
3, 4, 10, 10, 50, 50, 6, 0, true, 99, 11548058
3, 4, 10, 10, 50, 50, 7, 0, true, 0, 8322977
3, 4, 10, 10, 50, 50, 7, 0, true, 1, 8852107
3, 4, 10, 10, 50, 50, 7, 0, true, 2, 11280593
3, 4, 10, 10, 50, 50, 7, 0, true, 3, 8363774
3, 4, 10, 10, 50, 50, 7, 0, true, 4, 11142533
3, 4, 10, 10, 50, 50, 7, 0, true, 5, 8714710
3, 4, 10, 10, 50, 50, 7, 0, true, 6, 12433503
3, 4, 10, 10, 50, 50, 7, 0, true, 7, 8252377
3, 4, 10, 10, 50, 50, 7, 0, true, 8, 11467867
3, 4, 10, 10, 50, 50, 7, 0, true, 9, 8474386
3, 4, 10, 10, 50, 50, 7, 0, true, 10, 11303925
3, 4, 10, 10, 50, 50, 7, 0, true, 11, 8384992
3, 4, 10, 10, 50, 50, 7, 0, true, 12, 12190583
3, 4, 10, 10, 50, 50, 7, 0, true, 13, 8329044
3, 4, 10, 10, 50, 50, 7, 0, true, 14, 12395039
3, 4, 10, 10, 50, 50, 7, 0, true, 15, 8266021
3, 4, 10, 10, 50, 50, 7, 0, true, 16, 11672710
3, 4, 10, 10, 50, 50, 7, 0, true, 17, 8287290
3, 4, 10, 10, 50, 50, 7, 0, true, 18, 11317130
3, 4, 10, 10, 50, 50, 7, 0, true, 19, 8412395
3, 4, 10, 10, 50, 50, 7, 0, true, 20, 8453926
3, 4, 10, 10, 50, 50, 7, 0, true, 21, 8544658
3, 4, 10, 10, 50, 50, 7, 0, true, 22, 8584429
3, 4, 10, 10, 50, 50, 7, 0, true, 23, 8418338
3, 4, 10, 10, 50, 50, 7, 0, true, 24, 8519409
3, 4, 10, 10, 50, 50, 7, 0, true, 25, 12337940
3, 4, 10, 10, 50, 50, 7, 0, true, 26, 10944225
3, 4, 10, 10, 50, 50, 7, 0, true, 27, 12593252
3, 4, 10, 10, 50, 50, 7, 0, true, 28, 8464039
3, 4, 10, 10, 50, 50, 7, 0, true, 29, 12142024
3, 4, 10, 10, 50, 50, 7, 0, true, 30, 8341752
3, 4, 10, 10, 50, 50, 7, 0, true, 31, 12565227
3, 4, 10, 10, 50, 50, 7, 0, true, 32, 8271884
3, 4, 10, 10, 50, 50, 7, 0, true, 33, 12484737
3, 4, 10, 10, 50, 50, 7, 0, true, 34, 11360858
3, 4, 10, 10, 50, 50, 7, 0, true, 35, 12615299
3, 4, 10, 10, 50, 50, 7, 0, true, 36, 8332345
3, 4, 10, 10, 50, 50, 7, 0, true, 37, 8491566
3, 4, 10, 10, 50, 50, 7, 0, true, 38, 11435756
3, 4, 10, 10, 50, 50, 7, 0, true, 39, 8578625
3, 4, 10, 10, 50, 50, 7, 0, true, 40, 8398142
3, 4, 10, 10, 50, 50, 7, 0, true, 41, 8491511
3, 4, 10, 10, 50, 50, 7, 0, true, 42, 8254525
3, 4, 10, 10, 50, 50, 7, 0, true, 43, 8310516
3, 4, 10, 10, 50, 50, 7, 0, true, 44, 8287668
3, 4, 10, 10, 50, 50, 7, 0, true, 45, 12287637
3, 4, 10, 10, 50, 50, 7, 0, true, 46, 8296102
3, 4, 10, 10, 50, 50, 7, 0, true, 47, 8593546
3, 4, 10, 10, 50, 50, 7, 0, true, 48, 8506993
3, 4, 10, 10, 50, 50, 7, 0, true, 49, 12672200
3, 4, 10, 10, 50, 50, 7, 0, true, 50, 11101568
3, 4, 10, 10, 50, 50, 7, 0, true, 51, 12295846
3, 4, 10, 10, 50, 50, 7, 0, true, 52, 11183060
3, 4, 10, 10, 50, 50, 7, 0, true, 53, 11666678
3, 4, 10, 10, 50, 50, 7, 0, true, 54, 12530450
3, 4, 10, 10, 50, 50, 7, 0, true, 55, 8701781
3, 4, 10, 10, 50, 50, 7, 0, true, 56, 11726713
3, 4, 10, 10, 50, 50, 7, 0, true, 57, 13127434
3, 4, 10, 10, 50, 50, 7, 0, true, 58, 11570242
3, 4, 10, 10, 50, 50, 7, 0, true, 59, 8634492
3, 4, 10, 10, 50, 50, 7, 0, true, 60, 12116436
3, 4, 10, 10, 50, 50, 7, 0, true, 61, 8259709
3, 4, 10, 10, 50, 50, 7, 0, true, 62, 8274663
3, 4, 10, 10, 50, 50, 7, 0, true, 63, 8266224
3, 4, 10, 10, 50, 50, 7, 0, true, 64, 8256932
3, 4, 10, 10, 50, 50, 7, 0, true, 65, 8394705
3, 4, 10, 10, 50, 50, 7, 0, true, 66, 8383153
3, 4, 10, 10, 50, 50, 7, 0, true, 67, 12163238
3, 4, 10, 10, 50, 50, 7, 0, true, 68, 8433490
3, 4, 10, 10, 50, 50, 7, 0, true, 69, 12264002
3, 4, 10, 10, 50, 50, 7, 0, true, 70, 8292706
3, 4, 10, 10, 50, 50, 7, 0, true, 71, 12570888
3, 4, 10, 10, 50, 50, 7, 0, true, 72, 11230549
3, 4, 10, 10, 50, 50, 7, 0, true, 73, 8732478
3, 4, 10, 10, 50, 50, 7, 0, true, 74, 11600031
3, 4, 10, 10, 50, 50, 7, 0, true, 75, 12279161
3, 4, 10, 10, 50, 50, 7, 0, true, 76, 12298148
3, 4, 10, 10, 50, 50, 7, 0, true, 77, 8645723
3, 4, 10, 10, 50, 50, 7, 0, true, 78, 11346965
3, 4, 10, 10, 50, 50, 7, 0, true, 79, 8445866
3, 4, 10, 10, 50, 50, 7, 0, true, 80, 11114262
3, 4, 10, 10, 50, 50, 7, 0, true, 81, 8300475
3, 4, 10, 10, 50, 50, 7, 0, true, 82, 12259345
3, 4, 10, 10, 50, 50, 7, 0, true, 83, 12255313
3, 4, 10, 10, 50, 50, 7, 0, true, 84, 8233369
3, 4, 10, 10, 50, 50, 7, 0, true, 85, 12181264
3, 4, 10, 10, 50, 50, 7, 0, true, 86, 8487151
3, 4, 10, 10, 50, 50, 7, 0, true, 87, 12303633
3, 4, 10, 10, 50, 50, 7, 0, true, 88, 8456923
3, 4, 10, 10, 50, 50, 7, 0, true, 89, 12067879
3, 4, 10, 10, 50, 50, 7, 0, true, 90, 8515655
3, 4, 10, 10, 50, 50, 7, 0, true, 91, 12123779
3, 4, 10, 10, 50, 50, 7, 0, true, 92, 8334848
3, 4, 10, 10, 50, 50, 7, 0, true, 93, 12257103
3, 4, 10, 10, 50, 50, 7, 0, true, 94, 11051869
3, 4, 10, 10, 50, 50, 7, 0, true, 95, 8568756
3, 4, 10, 10, 50, 50, 7, 0, true, 96, 11336888
3, 4, 10, 10, 50, 50, 7, 0, true, 97, 8348507
3, 4, 10, 10, 50, 50, 7, 0, true, 98, 12149203
3, 4, 10, 10, 50, 50, 7, 0, true, 99, 8252050
3, 4, 10, 10, 50, 50, 8, 0, true, 0, 23208894
3, 4, 10, 10, 50, 50, 8, 0, true, 1, 25862633
3, 4, 10, 10, 50, 50, 8, 0, true, 2, 21662925
3, 4, 10, 10, 50, 50, 8, 0, true, 3, 25903866
3, 4, 10, 10, 50, 50, 8, 0, true, 4, 22936601
3, 4, 10, 10, 50, 50, 8, 0, true, 5, 24423426
3, 4, 10, 10, 50, 50, 8, 0, true, 6, 27993789
3, 4, 10, 10, 50, 50, 8, 0, true, 7, 23153137
3, 4, 10, 10, 50, 50, 8, 0, true, 8, 29238677
3, 4, 10, 10, 50, 50, 8, 0, true, 9, 23035857
3, 4, 10, 10, 50, 50, 8, 0, true, 10, 27115556
3, 4, 10, 10, 50, 50, 8, 0, true, 11, 23778275
3, 4, 10, 10, 50, 50, 8, 0, true, 12, 26783225
3, 4, 10, 10, 50, 50, 8, 0, true, 13, 23093761
3, 4, 10, 10, 50, 50, 8, 0, true, 14, 26102462
3, 4, 10, 10, 50, 50, 8, 0, true, 15, 23563043
3, 4, 10, 10, 50, 50, 8, 0, true, 16, 27844475
3, 4, 10, 10, 50, 50, 8, 0, true, 17, 23431494
3, 4, 10, 10, 50, 50, 8, 0, true, 18, 21339412
3, 4, 10, 10, 50, 50, 8, 0, true, 19, 26837255
3, 4, 10, 10, 50, 50, 8, 0, true, 20, 23111561
3, 4, 10, 10, 50, 50, 8, 0, true, 21, 26075767
3, 4, 10, 10, 50, 50, 8, 0, true, 22, 23048483
3, 4, 10, 10, 50, 50, 8, 0, true, 23, 27461137
3, 4, 10, 10, 50, 50, 8, 0, true, 24, 21129463
3, 4, 10, 10, 50, 50, 8, 0, true, 25, 26580151
3, 4, 10, 10, 50, 50, 8, 0, true, 26, 25285772
3, 4, 10, 10, 50, 50, 8, 0, true, 27, 28126366
3, 4, 10, 10, 50, 50, 8, 0, true, 28, 27599044
3, 4, 10, 10, 50, 50, 8, 0, true, 29, 28009088
3, 4, 10, 10, 50, 50, 8, 0, true, 30, 23243324
3, 4, 10, 10, 50, 50, 8, 0, true, 31, 27169558
3, 4, 10, 10, 50, 50, 8, 0, true, 32, 21141917
3, 4, 10, 10, 50, 50, 8, 0, true, 33, 27818304
3, 4, 10, 10, 50, 50, 8, 0, true, 34, 22540443
3, 4, 10, 10, 50, 50, 8, 0, true, 35, 28066310
3, 4, 10, 10, 50, 50, 8, 0, true, 36, 27283620
3, 4, 10, 10, 50, 50, 8, 0, true, 37, 27798164
3, 4, 10, 10, 50, 50, 8, 0, true, 38, 24386218
3, 4, 10, 10, 50, 50, 8, 0, true, 39, 27822491
3, 4, 10, 10, 50, 50, 8, 0, true, 40, 26019275
3, 4, 10, 10, 50, 50, 8, 0, true, 41, 27792104
3, 4, 10, 10, 50, 50, 8, 0, true, 42, 21145404
3, 4, 10, 10, 50, 50, 8, 0, true, 43, 22985482
3, 4, 10, 10, 50, 50, 8, 0, true, 44, 26264888
3, 4, 10, 10, 50, 50, 8, 0, true, 45, 23689089
3, 4, 10, 10, 50, 50, 8, 0, true, 46, 23074691
3, 4, 10, 10, 50, 50, 8, 0, true, 47, 27441119
3, 4, 10, 10, 50, 50, 8, 0, true, 48, 21366854
3, 4, 10, 10, 50, 50, 8, 0, true, 49, 23909978
3, 4, 10, 10, 50, 50, 8, 0, true, 50, 21326633
3, 4, 10, 10, 50, 50, 8, 0, true, 51, 21205126
3, 4, 10, 10, 50, 50, 8, 0, true, 52, 22938034
3, 4, 10, 10, 50, 50, 8, 0, true, 53, 29641015
3, 4, 10, 10, 50, 50, 8, 0, true, 54, 24497159
3, 4, 10, 10, 50, 50, 8, 0, true, 55, 27806333
3, 4, 10, 10, 50, 50, 8, 0, true, 56, 26762714
3, 4, 10, 10, 50, 50, 8, 0, true, 57, 30359929
3, 4, 10, 10, 50, 50, 8, 0, true, 58, 26161840
3, 4, 10, 10, 50, 50, 8, 0, true, 59, 23003338
3, 4, 10, 10, 50, 50, 8, 0, true, 60, 26094426
3, 4, 10, 10, 50, 50, 8, 0, true, 61, 23366913
3, 4, 10, 10, 50, 50, 8, 0, true, 62, 26393585
3, 4, 10, 10, 50, 50, 8, 0, true, 63, 28197487
3, 4, 10, 10, 50, 50, 8, 0, true, 64, 31503446
3, 4, 10, 10, 50, 50, 8, 0, true, 65, 24148092
3, 4, 10, 10, 50, 50, 8, 0, true, 66, 21385564
3, 4, 10, 10, 50, 50, 8, 0, true, 67, 21059662
3, 4, 10, 10, 50, 50, 8, 0, true, 68, 23686294
3, 4, 10, 10, 50, 50, 8, 0, true, 69, 25904087
3, 4, 10, 10, 50, 50, 8, 0, true, 70, 21884259
3, 4, 10, 10, 50, 50, 8, 0, true, 71, 26516867
3, 4, 10, 10, 50, 50, 8, 0, true, 72, 21287119
3, 4, 10, 10, 50, 50, 8, 0, true, 73, 24944484
3, 4, 10, 10, 50, 50, 8, 0, true, 74, 23297636
3, 4, 10, 10, 50, 50, 8, 0, true, 75, 25019113
3, 4, 10, 10, 50, 50, 8, 0, true, 76, 21428060
3, 4, 10, 10, 50, 50, 8, 0, true, 77, 27979476
3, 4, 10, 10, 50, 50, 8, 0, true, 78, 26139163
3, 4, 10, 10, 50, 50, 8, 0, true, 79, 23217398
3, 4, 10, 10, 50, 50, 8, 0, true, 80, 26113811
3, 4, 10, 10, 50, 50, 8, 0, true, 81, 27830380
3, 4, 10, 10, 50, 50, 8, 0, true, 82, 30715840
3, 4, 10, 10, 50, 50, 8, 0, true, 83, 23022671
3, 4, 10, 10, 50, 50, 8, 0, true, 84, 27281259
3, 4, 10, 10, 50, 50, 8, 0, true, 85, 22967568
3, 4, 10, 10, 50, 50, 8, 0, true, 86, 31401977
3, 4, 10, 10, 50, 50, 8, 0, true, 87, 23103073
3, 4, 10, 10, 50, 50, 8, 0, true, 88, 26603700
3, 4, 10, 10, 50, 50, 8, 0, true, 89, 24652546
3, 4, 10, 10, 50, 50, 8, 0, true, 90, 22919524
3, 4, 10, 10, 50, 50, 8, 0, true, 91, 29657590
3, 4, 10, 10, 50, 50, 8, 0, true, 92, 23075016
3, 4, 10, 10, 50, 50, 8, 0, true, 93, 25971407
3, 4, 10, 10, 50, 50, 8, 0, true, 94, 21259012
3, 4, 10, 10, 50, 50, 8, 0, true, 95, 26156517
3, 4, 10, 10, 50, 50, 8, 0, true, 96, 23110849
3, 4, 10, 10, 50, 50, 8, 0, true, 97, 24915932
3, 4, 10, 10, 50, 50, 8, 0, true, 98, 22995801
3, 4, 10, 10, 50, 50, 8, 0, true, 99, 27512533
3, 4, 10, 10, 50, 50, 9, 0, true, 0, 19406294
3, 4, 10, 10, 50, 50, 9, 0, true, 1, 21821448
3, 4, 10, 10, 50, 50, 9, 0, true, 2, 22678002
3, 4, 10, 10, 50, 50, 9, 0, true, 3, 21787541
3, 4, 10, 10, 50, 50, 9, 0, true, 4, 18241417
3, 4, 10, 10, 50, 50, 9, 0, true, 5, 21836994
3, 4, 10, 10, 50, 50, 9, 0, true, 6, 19829613
3, 4, 10, 10, 50, 50, 9, 0, true, 7, 22278325
3, 4, 10, 10, 50, 50, 9, 0, true, 8, 16980623
3, 4, 10, 10, 50, 50, 9, 0, true, 9, 22188913
3, 4, 10, 10, 50, 50, 9, 0, true, 10, 20078680
3, 4, 10, 10, 50, 50, 9, 0, true, 11, 21897090
3, 4, 10, 10, 50, 50, 9, 0, true, 12, 19499241
3, 4, 10, 10, 50, 50, 9, 0, true, 13, 19703172
3, 4, 10, 10, 50, 50, 9, 0, true, 14, 21919706
3, 4, 10, 10, 50, 50, 9, 0, true, 15, 19300602
3, 4, 10, 10, 50, 50, 9, 0, true, 16, 19514487
3, 4, 10, 10, 50, 50, 9, 0, true, 17, 16956510
3, 4, 10, 10, 50, 50, 9, 0, true, 18, 21784224
3, 4, 10, 10, 50, 50, 9, 0, true, 19, 17721672
3, 4, 10, 10, 50, 50, 9, 0, true, 20, 17230443
3, 4, 10, 10, 50, 50, 9, 0, true, 21, 16961791
3, 4, 10, 10, 50, 50, 9, 0, true, 22, 20019296
3, 4, 10, 10, 50, 50, 9, 0, true, 23, 17253576
3, 4, 10, 10, 50, 50, 9, 0, true, 24, 21934988
3, 4, 10, 10, 50, 50, 9, 0, true, 25, 21872012
3, 4, 10, 10, 50, 50, 9, 0, true, 26, 19550853
3, 4, 10, 10, 50, 50, 9, 0, true, 27, 21829471
3, 4, 10, 10, 50, 50, 9, 0, true, 28, 19993354
3, 4, 10, 10, 50, 50, 9, 0, true, 29, 22006457
3, 4, 10, 10, 50, 50, 9, 0, true, 30, 16961899
3, 4, 10, 10, 50, 50, 9, 0, true, 31, 19106753
3, 4, 10, 10, 50, 50, 9, 0, true, 32, 19795146
3, 4, 10, 10, 50, 50, 9, 0, true, 33, 19614142
3, 4, 10, 10, 50, 50, 9, 0, true, 34, 19771193
3, 4, 10, 10, 50, 50, 9, 0, true, 35, 17379765
3, 4, 10, 10, 50, 50, 9, 0, true, 36, 16889656
3, 4, 10, 10, 50, 50, 9, 0, true, 37, 17278498
3, 4, 10, 10, 50, 50, 9, 0, true, 38, 19336646
3, 4, 10, 10, 50, 50, 9, 0, true, 39, 17677182
3, 4, 10, 10, 50, 50, 9, 0, true, 40, 17238179
3, 4, 10, 10, 50, 50, 9, 0, true, 41, 16916949
3, 4, 10, 10, 50, 50, 9, 0, true, 42, 21901879
3, 4, 10, 10, 50, 50, 9, 0, true, 43, 16838073
3, 4, 10, 10, 50, 50, 9, 0, true, 44, 20169944
3, 4, 10, 10, 50, 50, 9, 0, true, 45, 21766594
3, 4, 10, 10, 50, 50, 9, 0, true, 46, 19896840
3, 4, 10, 10, 50, 50, 9, 0, true, 47, 16924580
3, 4, 10, 10, 50, 50, 9, 0, true, 48, 16992582
3, 4, 10, 10, 50, 50, 9, 0, true, 49, 16855028
3, 4, 10, 10, 50, 50, 9, 0, true, 50, 20317798
3, 4, 10, 10, 50, 50, 9, 0, true, 51, 16873146
3, 4, 10, 10, 50, 50, 9, 0, true, 52, 18324885
3, 4, 10, 10, 50, 50, 9, 0, true, 53, 21814672
3, 4, 10, 10, 50, 50, 9, 0, true, 54, 20123650
3, 4, 10, 10, 50, 50, 9, 0, true, 55, 16869647
3, 4, 10, 10, 50, 50, 9, 0, true, 56, 18937487
3, 4, 10, 10, 50, 50, 9, 0, true, 57, 21727717
3, 4, 10, 10, 50, 50, 9, 0, true, 58, 20464046
3, 4, 10, 10, 50, 50, 9, 0, true, 59, 21962015
3, 4, 10, 10, 50, 50, 9, 0, true, 60, 22014943
3, 4, 10, 10, 50, 50, 9, 0, true, 61, 18471511
3, 4, 10, 10, 50, 50, 9, 0, true, 62, 21844446
3, 4, 10, 10, 50, 50, 9, 0, true, 63, 20214085
3, 4, 10, 10, 50, 50, 9, 0, true, 64, 19453987
3, 4, 10, 10, 50, 50, 9, 0, true, 65, 21981206
3, 4, 10, 10, 50, 50, 9, 0, true, 66, 21715132
3, 4, 10, 10, 50, 50, 9, 0, true, 67, 19278959
3, 4, 10, 10, 50, 50, 9, 0, true, 68, 23801668
3, 4, 10, 10, 50, 50, 9, 0, true, 69, 20400762
3, 4, 10, 10, 50, 50, 9, 0, true, 70, 19526851
3, 4, 10, 10, 50, 50, 9, 0, true, 71, 17003670
3, 4, 10, 10, 50, 50, 9, 0, true, 72, 18212978
3, 4, 10, 10, 50, 50, 9, 0, true, 73, 16985801
3, 4, 10, 10, 50, 50, 9, 0, true, 74, 18968330
3, 4, 10, 10, 50, 50, 9, 0, true, 75, 22156813
3, 4, 10, 10, 50, 50, 9, 0, true, 76, 22172375
3, 4, 10, 10, 50, 50, 9, 0, true, 77, 21862481
3, 4, 10, 10, 50, 50, 9, 0, true, 78, 20490438
3, 4, 10, 10, 50, 50, 9, 0, true, 79, 21674318
3, 4, 10, 10, 50, 50, 9, 0, true, 80, 20369796
3, 4, 10, 10, 50, 50, 9, 0, true, 81, 22114883
3, 4, 10, 10, 50, 50, 9, 0, true, 82, 19974797
3, 4, 10, 10, 50, 50, 9, 0, true, 83, 19961053
3, 4, 10, 10, 50, 50, 9, 0, true, 84, 22385624
3, 4, 10, 10, 50, 50, 9, 0, true, 85, 18881845
3, 4, 10, 10, 50, 50, 9, 0, true, 86, 19820319
3, 4, 10, 10, 50, 50, 9, 0, true, 87, 20275087
3, 4, 10, 10, 50, 50, 9, 0, true, 88, 21906127
3, 4, 10, 10, 50, 50, 9, 0, true, 89, 20454915
3, 4, 10, 10, 50, 50, 9, 0, true, 90, 21687041
3, 4, 10, 10, 50, 50, 9, 0, true, 91, 20120112
3, 4, 10, 10, 50, 50, 9, 0, true, 92, 19361262
3, 4, 10, 10, 50, 50, 9, 0, true, 93, 18932636
3, 4, 10, 10, 50, 50, 9, 0, true, 94, 21615047
3, 4, 10, 10, 50, 50, 9, 0, true, 95, 21717213
3, 4, 10, 10, 50, 50, 9, 0, true, 96, 18089783
3, 4, 10, 10, 50, 50, 9, 0, true, 97, 22055596
3, 4, 10, 10, 50, 50, 9, 0, true, 98, 21865328
3, 4, 10, 10, 50, 50, 9, 0, true, 99, 21848864
3, 4, 10, 10, 50, 50, 10, 0, true, 0, 29173466
3, 4, 10, 10, 50, 50, 10, 0, true, 1, 79413796
3, 4, 10, 10, 50, 50, 10, 0, true, 2, 30377283
3, 4, 10, 10, 50, 50, 10, 0, true, 3, 79558995
3, 4, 10, 10, 50, 50, 10, 0, true, 4, 28886776
3, 4, 10, 10, 50, 50, 10, 0, true, 5, 77397334
3, 4, 10, 10, 50, 50, 10, 0, true, 6, 28836189
3, 4, 10, 10, 50, 50, 10, 0, true, 7, 31111205
3, 4, 10, 10, 50, 50, 10, 0, true, 8, 87579263
3, 4, 10, 10, 50, 50, 10, 0, true, 9, 28551619
3, 4, 10, 10, 50, 50, 10, 0, true, 10, 77774863
3, 4, 10, 10, 50, 50, 10, 0, true, 11, 31293701
3, 4, 10, 10, 50, 50, 10, 0, true, 12, 87470577
3, 4, 10, 10, 50, 50, 10, 0, true, 13, 28649580
3, 4, 10, 10, 50, 50, 10, 0, true, 14, 28748117
3, 4, 10, 10, 50, 50, 10, 0, true, 15, 28433165
3, 4, 10, 10, 50, 50, 10, 0, true, 16, 82740725
3, 4, 10, 10, 50, 50, 10, 0, true, 17, 30483729
3, 4, 10, 10, 50, 50, 10, 0, true, 18, 30219697
3, 4, 10, 10, 50, 50, 10, 0, true, 19, 77986113
3, 4, 10, 10, 50, 50, 10, 0, true, 20, 28681177
3, 4, 10, 10, 50, 50, 10, 0, true, 21, 78294616
3, 4, 10, 10, 50, 50, 10, 0, true, 22, 28629451
3, 4, 10, 10, 50, 50, 10, 0, true, 23, 85884430
3, 4, 10, 10, 50, 50, 10, 0, true, 24, 87635157
3, 4, 10, 10, 50, 50, 10, 0, true, 25, 79745547
3, 4, 10, 10, 50, 50, 10, 0, true, 26, 87703306
3, 4, 10, 10, 50, 50, 10, 0, true, 27, 87285246
3, 4, 10, 10, 50, 50, 10, 0, true, 28, 78719442
3, 4, 10, 10, 50, 50, 10, 0, true, 29, 30651279
3, 4, 10, 10, 50, 50, 10, 0, true, 30, 87576710
3, 4, 10, 10, 50, 50, 10, 0, true, 31, 30293493
3, 4, 10, 10, 50, 50, 10, 0, true, 32, 87704238
3, 4, 10, 10, 50, 50, 10, 0, true, 33, 28688609
3, 4, 10, 10, 50, 50, 10, 0, true, 34, 31014402
3, 4, 10, 10, 50, 50, 10, 0, true, 35, 28669503
3, 4, 10, 10, 50, 50, 10, 0, true, 36, 31310424
3, 4, 10, 10, 50, 50, 10, 0, true, 37, 28730677
3, 4, 10, 10, 50, 50, 10, 0, true, 38, 28953697
3, 4, 10, 10, 50, 50, 10, 0, true, 39, 28563309
3, 4, 10, 10, 50, 50, 10, 0, true, 40, 32994992
3, 4, 10, 10, 50, 50, 10, 0, true, 41, 28625596
3, 4, 10, 10, 50, 50, 10, 0, true, 42, 88190959
3, 4, 10, 10, 50, 50, 10, 0, true, 43, 78014733
3, 4, 10, 10, 50, 50, 10, 0, true, 44, 28783284
3, 4, 10, 10, 50, 50, 10, 0, true, 45, 85373441
3, 4, 10, 10, 50, 50, 10, 0, true, 46, 78202131
3, 4, 10, 10, 50, 50, 10, 0, true, 47, 30237649
3, 4, 10, 10, 50, 50, 10, 0, true, 48, 88867250
3, 4, 10, 10, 50, 50, 10, 0, true, 49, 85306555
3, 4, 10, 10, 50, 50, 10, 0, true, 50, 77889896
3, 4, 10, 10, 50, 50, 10, 0, true, 51, 30314993
3, 4, 10, 10, 50, 50, 10, 0, true, 52, 77755819
3, 4, 10, 10, 50, 50, 10, 0, true, 53, 30956973
3, 4, 10, 10, 50, 50, 10, 0, true, 54, 31044049
3, 4, 10, 10, 50, 50, 10, 0, true, 55, 28769322
3, 4, 10, 10, 50, 50, 10, 0, true, 56, 30354976
3, 4, 10, 10, 50, 50, 10, 0, true, 57, 28559732
3, 4, 10, 10, 50, 50, 10, 0, true, 58, 31096618
3, 4, 10, 10, 50, 50, 10, 0, true, 59, 77993420
3, 4, 10, 10, 50, 50, 10, 0, true, 60, 30612879
3, 4, 10, 10, 50, 50, 10, 0, true, 61, 78712835
3, 4, 10, 10, 50, 50, 10, 0, true, 62, 32878189
3, 4, 10, 10, 50, 50, 10, 0, true, 63, 28624509
3, 4, 10, 10, 50, 50, 10, 0, true, 64, 30435889
3, 4, 10, 10, 50, 50, 10, 0, true, 65, 77902320
3, 4, 10, 10, 50, 50, 10, 0, true, 66, 30520126
3, 4, 10, 10, 50, 50, 10, 0, true, 67, 78295630
3, 4, 10, 10, 50, 50, 10, 0, true, 68, 30341229
3, 4, 10, 10, 50, 50, 10, 0, true, 69, 77845647
3, 4, 10, 10, 50, 50, 10, 0, true, 70, 31434845
3, 4, 10, 10, 50, 50, 10, 0, true, 71, 28522397
3, 4, 10, 10, 50, 50, 10, 0, true, 72, 30186901
3, 4, 10, 10, 50, 50, 10, 0, true, 73, 77926753
3, 4, 10, 10, 50, 50, 10, 0, true, 74, 28638383
3, 4, 10, 10, 50, 50, 10, 0, true, 75, 77982653
3, 4, 10, 10, 50, 50, 10, 0, true, 76, 30404322
3, 4, 10, 10, 50, 50, 10, 0, true, 77, 30597115
3, 4, 10, 10, 50, 50, 10, 0, true, 78, 87005576
3, 4, 10, 10, 50, 50, 10, 0, true, 79, 31051572
3, 4, 10, 10, 50, 50, 10, 0, true, 80, 78570222
3, 4, 10, 10, 50, 50, 10, 0, true, 81, 30933016
3, 4, 10, 10, 50, 50, 10, 0, true, 82, 78234960
3, 4, 10, 10, 50, 50, 10, 0, true, 83, 33464495
3, 4, 10, 10, 50, 50, 10, 0, true, 84, 87137262
3, 4, 10, 10, 50, 50, 10, 0, true, 85, 28474519
3, 4, 10, 10, 50, 50, 10, 0, true, 86, 78626258
3, 4, 10, 10, 50, 50, 10, 0, true, 87, 28629311
3, 4, 10, 10, 50, 50, 10, 0, true, 88, 28669911
3, 4, 10, 10, 50, 50, 10, 0, true, 89, 78234066
3, 4, 10, 10, 50, 50, 10, 0, true, 90, 30496722
3, 4, 10, 10, 50, 50, 10, 0, true, 91, 77684189
3, 4, 10, 10, 50, 50, 10, 0, true, 92, 28716464
3, 4, 10, 10, 50, 50, 10, 0, true, 93, 77607700
3, 4, 10, 10, 50, 50, 10, 0, true, 94, 30399473
3, 4, 10, 10, 50, 50, 10, 0, true, 95, 77973208
3, 4, 10, 10, 50, 50, 10, 0, true, 96, 28571010
3, 4, 10, 10, 50, 50, 10, 0, true, 97, 78157802
3, 4, 10, 10, 50, 50, 10, 0, true, 98, 28519583
3, 4, 10, 10, 50, 50, 10, 0, true, 99, 86426731
3, 4, 10, 10, 50, 50, 11, 0, true, 0, 435289495
3, 4, 10, 10, 50, 50, 11, 0, true, 1, 483492546
3, 4, 10, 10, 50, 50, 11, 0, true, 2, 437902240
3, 4, 10, 10, 50, 50, 11, 0, true, 3, 484846272
3, 4, 10, 10, 50, 50, 11, 0, true, 4, 437367369
3, 4, 10, 10, 50, 50, 11, 0, true, 5, 435940792
3, 4, 10, 10, 50, 50, 11, 0, true, 6, 434926017
3, 4, 10, 10, 50, 50, 11, 0, true, 7, 462181195
3, 4, 10, 10, 50, 50, 11, 0, true, 8, 413492898
3, 4, 10, 10, 50, 50, 11, 0, true, 9, 453205846
3, 4, 10, 10, 50, 50, 11, 0, true, 10, 461885068
3, 4, 10, 10, 50, 50, 11, 0, true, 11, 454632558
3, 4, 10, 10, 50, 50, 11, 0, true, 12, 474964962
3, 4, 10, 10, 50, 50, 11, 0, true, 13, 442016776
3, 4, 10, 10, 50, 50, 11, 0, true, 14, 455808004
3, 4, 10, 10, 50, 50, 11, 0, true, 15, 414449123
3, 4, 10, 10, 50, 50, 11, 0, true, 16, 453609355
3, 4, 10, 10, 50, 50, 11, 0, true, 17, 438203966
3, 4, 10, 10, 50, 50, 11, 0, true, 18, 434953447
3, 4, 10, 10, 50, 50, 11, 0, true, 19, 414624538
3, 4, 10, 10, 50, 50, 11, 0, true, 20, 439790022
3, 4, 10, 10, 50, 50, 11, 0, true, 21, 470777681
3, 4, 10, 10, 50, 50, 11, 0, true, 22, 452486029
3, 4, 10, 10, 50, 50, 11, 0, true, 23, 414904785
3, 4, 10, 10, 50, 50, 11, 0, true, 24, 433113368
3, 4, 10, 10, 50, 50, 11, 0, true, 25, 444246904
3, 4, 10, 10, 50, 50, 11, 0, true, 26, 445716112
3, 4, 10, 10, 50, 50, 11, 0, true, 27, 452957799
3, 4, 10, 10, 50, 50, 11, 0, true, 28, 454252501
3, 4, 10, 10, 50, 50, 11, 0, true, 29, 451498703
3, 4, 10, 10, 50, 50, 11, 0, true, 30, 451512334
3, 4, 10, 10, 50, 50, 11, 0, true, 31, 452928773
3, 4, 10, 10, 50, 50, 11, 0, true, 32, 424909745
3, 4, 10, 10, 50, 50, 11, 0, true, 33, 452273727
3, 4, 10, 10, 50, 50, 11, 0, true, 34, 425176930
3, 4, 10, 10, 50, 50, 11, 0, true, 35, 440493095
3, 4, 10, 10, 50, 50, 11, 0, true, 36, 451127288
3, 4, 10, 10, 50, 50, 11, 0, true, 37, 414659057
3, 4, 10, 10, 50, 50, 11, 0, true, 38, 453919210
3, 4, 10, 10, 50, 50, 11, 0, true, 39, 468209879
3, 4, 10, 10, 50, 50, 11, 0, true, 40, 435192217
3, 4, 10, 10, 50, 50, 11, 0, true, 41, 458464633
3, 4, 10, 10, 50, 50, 11, 0, true, 42, 439868271
3, 4, 10, 10, 50, 50, 11, 0, true, 43, 466120829
3, 4, 10, 10, 50, 50, 11, 0, true, 44, 439496667
3, 4, 10, 10, 50, 50, 11, 0, true, 45, 458797136
3, 4, 10, 10, 50, 50, 11, 0, true, 46, 436758104
3, 4, 10, 10, 50, 50, 11, 0, true, 47, 450012912
3, 4, 10, 10, 50, 50, 11, 0, true, 48, 455360935
3, 4, 10, 10, 50, 50, 11, 0, true, 49, 452870160
3, 4, 10, 10, 50, 50, 11, 0, true, 50, 487839871
3, 4, 10, 10, 50, 50, 11, 0, true, 51, 452724664
3, 4, 10, 10, 50, 50, 11, 0, true, 52, 455104432
3, 4, 10, 10, 50, 50, 11, 0, true, 53, 441317760
3, 4, 10, 10, 50, 50, 11, 0, true, 54, 425842182
3, 4, 10, 10, 50, 50, 11, 0, true, 55, 452871486
3, 4, 10, 10, 50, 50, 11, 0, true, 56, 465917163
3, 4, 10, 10, 50, 50, 11, 0, true, 57, 440612183
3, 4, 10, 10, 50, 50, 11, 0, true, 58, 455838769
3, 4, 10, 10, 50, 50, 11, 0, true, 59, 438604499
3, 4, 10, 10, 50, 50, 11, 0, true, 60, 439439473
3, 4, 10, 10, 50, 50, 11, 0, true, 61, 456862489
3, 4, 10, 10, 50, 50, 11, 0, true, 62, 434571404
3, 4, 10, 10, 50, 50, 11, 0, true, 63, 452217104
3, 4, 10, 10, 50, 50, 11, 0, true, 64, 441503631
3, 4, 10, 10, 50, 50, 11, 0, true, 65, 427045460
3, 4, 10, 10, 50, 50, 11, 0, true, 66, 438263229
3, 4, 10, 10, 50, 50, 11, 0, true, 67, 448849197
3, 4, 10, 10, 50, 50, 11, 0, true, 68, 436099541
3, 4, 10, 10, 50, 50, 11, 0, true, 69, 495396828
3, 4, 10, 10, 50, 50, 11, 0, true, 70, 438987183
3, 4, 10, 10, 50, 50, 11, 0, true, 71, 454524858
3, 4, 10, 10, 50, 50, 11, 0, true, 72, 425669038
3, 4, 10, 10, 50, 50, 11, 0, true, 73, 440804846
3, 4, 10, 10, 50, 50, 11, 0, true, 74, 466518694
3, 4, 10, 10, 50, 50, 11, 0, true, 75, 440100732
3, 4, 10, 10, 50, 50, 11, 0, true, 76, 455198096
3, 4, 10, 10, 50, 50, 11, 0, true, 77, 440201570
3, 4, 10, 10, 50, 50, 11, 0, true, 78, 466354674
3, 4, 10, 10, 50, 50, 11, 0, true, 79, 440974750
3, 4, 10, 10, 50, 50, 11, 0, true, 80, 435220731
3, 4, 10, 10, 50, 50, 11, 0, true, 81, 441087324
3, 4, 10, 10, 50, 50, 11, 0, true, 82, 455035670
3, 4, 10, 10, 50, 50, 11, 0, true, 83, 438513202
3, 4, 10, 10, 50, 50, 11, 0, true, 84, 453779867
3, 4, 10, 10, 50, 50, 11, 0, true, 85, 440660031
3, 4, 10, 10, 50, 50, 11, 0, true, 86, 487988691
3, 4, 10, 10, 50, 50, 11, 0, true, 87, 439875003
3, 4, 10, 10, 50, 50, 11, 0, true, 88, 434053750
3, 4, 10, 10, 50, 50, 11, 0, true, 89, 438894487
3, 4, 10, 10, 50, 50, 11, 0, true, 90, 453728728
3, 4, 10, 10, 50, 50, 11, 0, true, 91, 440561159
3, 4, 10, 10, 50, 50, 11, 0, true, 92, 433905851
3, 4, 10, 10, 50, 50, 11, 0, true, 93, 413529824
3, 4, 10, 10, 50, 50, 11, 0, true, 94, 434626135
3, 4, 10, 10, 50, 50, 11, 0, true, 95, 485398447
3, 4, 10, 10, 50, 50, 11, 0, true, 96, 438560804
3, 4, 10, 10, 50, 50, 11, 0, true, 97, 453778968
3, 4, 10, 10, 50, 50, 11, 0, true, 98, 434679569
3, 4, 10, 10, 50, 50, 11, 0, true, 99, 461546931
3, 4, 10, 10, 50, 50, 12, 0, true, 0, 285326482
3, 4, 10, 10, 50, 50, 12, 0, true, 1, 341786505
3, 4, 10, 10, 50, 50, 12, 0, true, 2, 336500854
3, 4, 10, 10, 50, 50, 12, 0, true, 3, 343284242
3, 4, 10, 10, 50, 50, 12, 0, true, 4, 310413672
3, 4, 10, 10, 50, 50, 12, 0, true, 5, 341359074
3, 4, 10, 10, 50, 50, 12, 0, true, 6, 302682263
3, 4, 10, 10, 50, 50, 12, 0, true, 7, 274434527
3, 4, 10, 10, 50, 50, 12, 0, true, 8, 342825334
3, 4, 10, 10, 50, 50, 12, 0, true, 9, 350330003
3, 4, 10, 10, 50, 50, 12, 0, true, 10, 310633838
3, 4, 10, 10, 50, 50, 12, 0, true, 11, 349298859
3, 4, 10, 10, 50, 50, 12, 0, true, 12, 348732003
3, 4, 10, 10, 50, 50, 12, 0, true, 13, 311898261
3, 4, 10, 10, 50, 50, 12, 0, true, 14, 342012380
3, 4, 10, 10, 50, 50, 12, 0, true, 15, 274262323
3, 4, 10, 10, 50, 50, 12, 0, true, 16, 285374176
3, 4, 10, 10, 50, 50, 12, 0, true, 17, 274245059
3, 4, 10, 10, 50, 50, 12, 0, true, 18, 342122272
3, 4, 10, 10, 50, 50, 12, 0, true, 19, 343901229
3, 4, 10, 10, 50, 50, 12, 0, true, 20, 313364378
3, 4, 10, 10, 50, 50, 12, 0, true, 21, 342758832
3, 4, 10, 10, 50, 50, 12, 0, true, 22, 303934001
3, 4, 10, 10, 50, 50, 12, 0, true, 23, 342437230
3, 4, 10, 10, 50, 50, 12, 0, true, 24, 341816334
3, 4, 10, 10, 50, 50, 12, 0, true, 25, 342956392
3, 4, 10, 10, 50, 50, 12, 0, true, 26, 357364846
3, 4, 10, 10, 50, 50, 12, 0, true, 27, 352209328
3, 4, 10, 10, 50, 50, 12, 0, true, 28, 333674974
3, 4, 10, 10, 50, 50, 12, 0, true, 29, 342125101
3, 4, 10, 10, 50, 50, 12, 0, true, 30, 342768518
3, 4, 10, 10, 50, 50, 12, 0, true, 31, 274624159
3, 4, 10, 10, 50, 50, 12, 0, true, 32, 284074767
3, 4, 10, 10, 50, 50, 12, 0, true, 33, 274998191
3, 4, 10, 10, 50, 50, 12, 0, true, 34, 349199126
3, 4, 10, 10, 50, 50, 12, 0, true, 35, 311033177
3, 4, 10, 10, 50, 50, 12, 0, true, 36, 351356800
3, 4, 10, 10, 50, 50, 12, 0, true, 37, 311611118
3, 4, 10, 10, 50, 50, 12, 0, true, 38, 285104626
3, 4, 10, 10, 50, 50, 12, 0, true, 39, 303133797
3, 4, 10, 10, 50, 50, 12, 0, true, 40, 348992342
3, 4, 10, 10, 50, 50, 12, 0, true, 41, 303540093
3, 4, 10, 10, 50, 50, 12, 0, true, 42, 335500261
3, 4, 10, 10, 50, 50, 12, 0, true, 43, 342020239
3, 4, 10, 10, 50, 50, 12, 0, true, 44, 304116361
3, 4, 10, 10, 50, 50, 12, 0, true, 45, 350422012
3, 4, 10, 10, 50, 50, 12, 0, true, 46, 357893654
3, 4, 10, 10, 50, 50, 12, 0, true, 47, 342638775
3, 4, 10, 10, 50, 50, 12, 0, true, 48, 354881823
3, 4, 10, 10, 50, 50, 12, 0, true, 49, 352712848
3, 4, 10, 10, 50, 50, 12, 0, true, 50, 305913321
3, 4, 10, 10, 50, 50, 12, 0, true, 51, 357009699
3, 4, 10, 10, 50, 50, 12, 0, true, 52, 305076833
3, 4, 10, 10, 50, 50, 12, 0, true, 53, 349445058
3, 4, 10, 10, 50, 50, 12, 0, true, 54, 285355982
3, 4, 10, 10, 50, 50, 12, 0, true, 55, 310870056
3, 4, 10, 10, 50, 50, 12, 0, true, 56, 349439937
3, 4, 10, 10, 50, 50, 12, 0, true, 57, 281089758
3, 4, 10, 10, 50, 50, 12, 0, true, 58, 349264629
3, 4, 10, 10, 50, 50, 12, 0, true, 59, 303324480
3, 4, 10, 10, 50, 50, 12, 0, true, 60, 284234661
3, 4, 10, 10, 50, 50, 12, 0, true, 61, 336190760
3, 4, 10, 10, 50, 50, 12, 0, true, 62, 283830548
3, 4, 10, 10, 50, 50, 12, 0, true, 63, 302347790
3, 4, 10, 10, 50, 50, 12, 0, true, 64, 350451609
3, 4, 10, 10, 50, 50, 12, 0, true, 65, 340268367
3, 4, 10, 10, 50, 50, 12, 0, true, 66, 353178135
3, 4, 10, 10, 50, 50, 12, 0, true, 67, 348602554
3, 4, 10, 10, 50, 50, 12, 0, true, 68, 305256903
3, 4, 10, 10, 50, 50, 12, 0, true, 69, 348622509
3, 4, 10, 10, 50, 50, 12, 0, true, 70, 354101002
3, 4, 10, 10, 50, 50, 12, 0, true, 71, 349787636
3, 4, 10, 10, 50, 50, 12, 0, true, 72, 307817291
3, 4, 10, 10, 50, 50, 12, 0, true, 73, 349641735
3, 4, 10, 10, 50, 50, 12, 0, true, 74, 344045937
3, 4, 10, 10, 50, 50, 12, 0, true, 75, 348696893
3, 4, 10, 10, 50, 50, 12, 0, true, 76, 326027213
3, 4, 10, 10, 50, 50, 12, 0, true, 77, 307681614
3, 4, 10, 10, 50, 50, 12, 0, true, 78, 284489335
3, 4, 10, 10, 50, 50, 12, 0, true, 79, 336589277
3, 4, 10, 10, 50, 50, 12, 0, true, 80, 350486521
3, 4, 10, 10, 50, 50, 12, 0, true, 81, 306071012
3, 4, 10, 10, 50, 50, 12, 0, true, 82, 284193732
3, 4, 10, 10, 50, 50, 12, 0, true, 83, 336369701
3, 4, 10, 10, 50, 50, 12, 0, true, 84, 283898514
3, 4, 10, 10, 50, 50, 12, 0, true, 85, 342789730
3, 4, 10, 10, 50, 50, 12, 0, true, 86, 340547203
3, 4, 10, 10, 50, 50, 12, 0, true, 87, 342831762
3, 4, 10, 10, 50, 50, 12, 0, true, 88, 310665079
3, 4, 10, 10, 50, 50, 12, 0, true, 89, 349362962
3, 4, 10, 10, 50, 50, 12, 0, true, 90, 326824554
3, 4, 10, 10, 50, 50, 12, 0, true, 91, 349580866
3, 4, 10, 10, 50, 50, 12, 0, true, 92, 342513699
3, 4, 10, 10, 50, 50, 12, 0, true, 93, 349981496
3, 4, 10, 10, 50, 50, 12, 0, true, 94, 318204573
3, 4, 10, 10, 50, 50, 12, 0, true, 95, 349273739
3, 4, 10, 10, 50, 50, 12, 0, true, 96, 343226276
3, 4, 10, 10, 50, 50, 12, 0, true, 97, 274712193
3, 4, 10, 10, 50, 50, 12, 0, true, 98, 342249997
3, 4, 10, 10, 50, 50, 12, 0, true, 99, 274892162
3, 4, 10, 10, 50, 50, 13, 0, true, 0, 654750571
3, 4, 10, 10, 50, 50, 13, 0, true, 1, 630681082
3, 4, 10, 10, 50, 50, 13, 0, true, 2, 684793082
3, 4, 10, 10, 50, 50, 13, 0, true, 3, 626845732
3, 4, 10, 10, 50, 50, 13, 0, true, 4, 656824938
3, 4, 10, 10, 50, 50, 13, 0, true, 5, 644096559
3, 4, 10, 10, 50, 50, 13, 0, true, 6, 654173822
3, 4, 10, 10, 50, 50, 13, 0, true, 7, 642127119
3, 4, 10, 10, 50, 50, 13, 0, true, 8, 653293835
3, 4, 10, 10, 50, 50, 13, 0, true, 9, 640440028
3, 4, 10, 10, 50, 50, 13, 0, true, 10, 630038588
3, 4, 10, 10, 50, 50, 13, 0, true, 11, 702179369
3, 4, 10, 10, 50, 50, 13, 0, true, 12, 647633327
3, 4, 10, 10, 50, 50, 13, 0, true, 13, 653120054
3, 4, 10, 10, 50, 50, 13, 0, true, 14, 694098232
3, 4, 10, 10, 50, 50, 13, 0, true, 15, 653457041
3, 4, 10, 10, 50, 50, 13, 0, true, 16, 655154061
3, 4, 10, 10, 50, 50, 13, 0, true, 17, 652431208
3, 4, 10, 10, 50, 50, 13, 0, true, 18, 649644814
3, 4, 10, 10, 50, 50, 13, 0, true, 19, 625950369
3, 4, 10, 10, 50, 50, 13, 0, true, 20, 654508619
3, 4, 10, 10, 50, 50, 13, 0, true, 21, 652579675
3, 4, 10, 10, 50, 50, 13, 0, true, 22, 690798764
3, 4, 10, 10, 50, 50, 13, 0, true, 23, 654883045
3, 4, 10, 10, 50, 50, 13, 0, true, 24, 651879160
3, 4, 10, 10, 50, 50, 13, 0, true, 25, 627564648
3, 4, 10, 10, 50, 50, 13, 0, true, 26, 626025743
3, 4, 10, 10, 50, 50, 13, 0, true, 27, 703416403
3, 4, 10, 10, 50, 50, 13, 0, true, 28, 629841855
3, 4, 10, 10, 50, 50, 13, 0, true, 29, 702981217
3, 4, 10, 10, 50, 50, 13, 0, true, 30, 652252834
3, 4, 10, 10, 50, 50, 13, 0, true, 31, 724476797
3, 4, 10, 10, 50, 50, 13, 0, true, 32, 627323552
3, 4, 10, 10, 50, 50, 13, 0, true, 33, 695586570
3, 4, 10, 10, 50, 50, 13, 0, true, 34, 628496237
3, 4, 10, 10, 50, 50, 13, 0, true, 35, 697913618
3, 4, 10, 10, 50, 50, 13, 0, true, 36, 663757658
3, 4, 10, 10, 50, 50, 13, 0, true, 37, 651591590
3, 4, 10, 10, 50, 50, 13, 0, true, 38, 682776045
3, 4, 10, 10, 50, 50, 13, 0, true, 39, 654419688
3, 4, 10, 10, 50, 50, 13, 0, true, 40, 603776761
3, 4, 10, 10, 50, 50, 13, 0, true, 41, 626622157
3, 4, 10, 10, 50, 50, 13, 0, true, 42, 689782075
3, 4, 10, 10, 50, 50, 13, 0, true, 43, 628660143
3, 4, 10, 10, 50, 50, 13, 0, true, 44, 690302620
3, 4, 10, 10, 50, 50, 13, 0, true, 45, 635029738
3, 4, 10, 10, 50, 50, 13, 0, true, 46, 629225501
3, 4, 10, 10, 50, 50, 13, 0, true, 47, 627382494
3, 4, 10, 10, 50, 50, 13, 0, true, 48, 649631872
3, 4, 10, 10, 50, 50, 13, 0, true, 49, 644476485
3, 4, 10, 10, 50, 50, 13, 0, true, 50, 626102776
3, 4, 10, 10, 50, 50, 13, 0, true, 51, 650782817
3, 4, 10, 10, 50, 50, 13, 0, true, 52, 654859252
3, 4, 10, 10, 50, 50, 13, 0, true, 53, 656714927
3, 4, 10, 10, 50, 50, 13, 0, true, 54, 650103790
3, 4, 10, 10, 50, 50, 13, 0, true, 55, 663309376
3, 4, 10, 10, 50, 50, 13, 0, true, 56, 627268867
3, 4, 10, 10, 50, 50, 13, 0, true, 57, 663984954
3, 4, 10, 10, 50, 50, 13, 0, true, 58, 652473082
3, 4, 10, 10, 50, 50, 13, 0, true, 59, 559786912
3, 4, 10, 10, 50, 50, 13, 0, true, 60, 678027181
3, 4, 10, 10, 50, 50, 13, 0, true, 61, 625975606
3, 4, 10, 10, 50, 50, 13, 0, true, 62, 606728397
3, 4, 10, 10, 50, 50, 13, 0, true, 63, 631459832
3, 4, 10, 10, 50, 50, 13, 0, true, 64, 604033898
3, 4, 10, 10, 50, 50, 13, 0, true, 65, 628390142
3, 4, 10, 10, 50, 50, 13, 0, true, 66, 660794166
3, 4, 10, 10, 50, 50, 13, 0, true, 67, 628112324
3, 4, 10, 10, 50, 50, 13, 0, true, 68, 640119529
3, 4, 10, 10, 50, 50, 13, 0, true, 69, 627787955
3, 4, 10, 10, 50, 50, 13, 0, true, 70, 686586148
3, 4, 10, 10, 50, 50, 13, 0, true, 71, 697115159
3, 4, 10, 10, 50, 50, 13, 0, true, 72, 633018166
3, 4, 10, 10, 50, 50, 13, 0, true, 73, 663473964
3, 4, 10, 10, 50, 50, 13, 0, true, 74, 652496851
3, 4, 10, 10, 50, 50, 13, 0, true, 75, 656318552
3, 4, 10, 10, 50, 50, 13, 0, true, 76, 651561459
3, 4, 10, 10, 50, 50, 13, 0, true, 77, 656623158
3, 4, 10, 10, 50, 50, 13, 0, true, 78, 626323479
3, 4, 10, 10, 50, 50, 13, 0, true, 79, 652554894
3, 4, 10, 10, 50, 50, 13, 0, true, 80, 683491766
3, 4, 10, 10, 50, 50, 13, 0, true, 81, 559999919
3, 4, 10, 10, 50, 50, 13, 0, true, 82, 644351490
3, 4, 10, 10, 50, 50, 13, 0, true, 83, 629059882
3, 4, 10, 10, 50, 50, 13, 0, true, 84, 677164635
3, 4, 10, 10, 50, 50, 13, 0, true, 85, 627647801
3, 4, 10, 10, 50, 50, 13, 0, true, 86, 701780690
3, 4, 10, 10, 50, 50, 13, 0, true, 87, 631415078
3, 4, 10, 10, 50, 50, 13, 0, true, 88, 653417445
3, 4, 10, 10, 50, 50, 13, 0, true, 89, 641963285
3, 4, 10, 10, 50, 50, 13, 0, true, 90, 668960262
3, 4, 10, 10, 50, 50, 13, 0, true, 91, 627349306
3, 4, 10, 10, 50, 50, 13, 0, true, 92, 650743060
3, 4, 10, 10, 50, 50, 13, 0, true, 93, 645428567
3, 4, 10, 10, 50, 50, 13, 0, true, 94, 626867962
3, 4, 10, 10, 50, 50, 13, 0, true, 95, 655658693
3, 4, 10, 10, 50, 50, 13, 0, true, 96, 630914397
3, 4, 10, 10, 50, 50, 13, 0, true, 97, 558565451
3, 4, 10, 10, 50, 50, 13, 0, true, 98, 656463222
3, 4, 10, 10, 50, 50, 13, 0, true, 99, 655414282
3, 4, 10, 10, 50, 50, 14, 0, true, 0, 1103415783
3, 4, 10, 10, 50, 50, 14, 0, true, 1, 1032142145
3, 4, 10, 10, 50, 50, 14, 0, true, 2, 1039400609
3, 4, 10, 10, 50, 50, 14, 0, true, 3, 1013193479
3, 4, 10, 10, 50, 50, 14, 0, true, 4, 1140491803
3, 4, 10, 10, 50, 50, 14, 0, true, 5, 1020571966
3, 4, 10, 10, 50, 50, 14, 0, true, 6, 1073582092
3, 4, 10, 10, 50, 50, 14, 0, true, 7, 1095322466
3, 4, 10, 10, 50, 50, 14, 0, true, 8, 1111830423
3, 4, 10, 10, 50, 50, 14, 0, true, 9, 1137749791
3, 4, 10, 10, 50, 50, 14, 0, true, 10, 1030944778
3, 4, 10, 10, 50, 50, 14, 0, true, 11, 1097217088
3, 4, 10, 10, 50, 50, 14, 0, true, 12, 1138582406
3, 4, 10, 10, 50, 50, 14, 0, true, 13, 1098178209
3, 4, 10, 10, 50, 50, 14, 0, true, 14, 1110361178
3, 4, 10, 10, 50, 50, 14, 0, true, 15, 1108049071
3, 4, 10, 10, 50, 50, 14, 0, true, 16, 1108956108
3, 4, 10, 10, 50, 50, 14, 0, true, 17, 1103276379
3, 4, 10, 10, 50, 50, 14, 0, true, 18, 1017455076
3, 4, 10, 10, 50, 50, 14, 0, true, 19, 1102889280
3, 4, 10, 10, 50, 50, 14, 0, true, 20, 1145884165
3, 4, 10, 10, 50, 50, 14, 0, true, 21, 1107182693
3, 4, 10, 10, 50, 50, 14, 0, true, 22, 1097452913
3, 4, 10, 10, 50, 50, 14, 0, true, 23, 1111036191
3, 4, 10, 10, 50, 50, 14, 0, true, 24, 1157335936
3, 4, 10, 10, 50, 50, 14, 0, true, 25, 1104700916
3, 4, 10, 10, 50, 50, 14, 0, true, 26, 1137251140
3, 4, 10, 10, 50, 50, 14, 0, true, 27, 1061177565
3, 4, 10, 10, 50, 50, 14, 0, true, 28, 1110281868
3, 4, 10, 10, 50, 50, 14, 0, true, 29, 1047675294
3, 4, 10, 10, 50, 50, 14, 0, true, 30, 1015232403
3, 4, 10, 10, 50, 50, 14, 0, true, 31, 1017510310
3, 4, 10, 10, 50, 50, 14, 0, true, 32, 1021511969
3, 4, 10, 10, 50, 50, 14, 0, true, 33, 1148817309
3, 4, 10, 10, 50, 50, 14, 0, true, 34, 1039497299
3, 4, 10, 10, 50, 50, 14, 0, true, 35, 1136296088
3, 4, 10, 10, 50, 50, 14, 0, true, 36, 1068372236
3, 4, 10, 10, 50, 50, 14, 0, true, 37, 1020566562
3, 4, 10, 10, 50, 50, 14, 0, true, 38, 1059876853
3, 4, 10, 10, 50, 50, 14, 0, true, 39, 1148040675
3, 4, 10, 10, 50, 50, 14, 0, true, 40, 1039485621
3, 4, 10, 10, 50, 50, 14, 0, true, 41, 1136904845
3, 4, 10, 10, 50, 50, 14, 0, true, 42, 1136710797
3, 4, 10, 10, 50, 50, 14, 0, true, 43, 1058227589
3, 4, 10, 10, 50, 50, 14, 0, true, 44, 1118549886
3, 4, 10, 10, 50, 50, 14, 0, true, 45, 1042355273
3, 4, 10, 10, 50, 50, 14, 0, true, 46, 1108250299
3, 4, 10, 10, 50, 50, 14, 0, true, 47, 1029747958
3, 4, 10, 10, 50, 50, 14, 0, true, 48, 1141177356
3, 4, 10, 10, 50, 50, 14, 0, true, 49, 1023173339
3, 4, 10, 10, 50, 50, 14, 0, true, 50, 1108334289
3, 4, 10, 10, 50, 50, 14, 0, true, 51, 1067675037
3, 4, 10, 10, 50, 50, 14, 0, true, 52, 1111396594
3, 4, 10, 10, 50, 50, 14, 0, true, 53, 997615070
3, 4, 10, 10, 50, 50, 14, 0, true, 54, 1057963627
3, 4, 10, 10, 50, 50, 14, 0, true, 55, 1141302159
3, 4, 10, 10, 50, 50, 14, 0, true, 56, 1061729283
3, 4, 10, 10, 50, 50, 14, 0, true, 57, 1135194906
3, 4, 10, 10, 50, 50, 14, 0, true, 58, 986408420
3, 4, 10, 10, 50, 50, 14, 0, true, 59, 1136019002
3, 4, 10, 10, 50, 50, 14, 0, true, 60, 1133394905
3, 4, 10, 10, 50, 50, 14, 0, true, 61, 1134583293
3, 4, 10, 10, 50, 50, 14, 0, true, 62, 1023661711
3, 4, 10, 10, 50, 50, 14, 0, true, 63, 1149279450
3, 4, 10, 10, 50, 50, 14, 0, true, 64, 1017077349
3, 4, 10, 10, 50, 50, 14, 0, true, 65, 1140289928
3, 4, 10, 10, 50, 50, 14, 0, true, 66, 1123431350
3, 4, 10, 10, 50, 50, 14, 0, true, 67, 1065286950
3, 4, 10, 10, 50, 50, 14, 0, true, 68, 1115253473
3, 4, 10, 10, 50, 50, 14, 0, true, 69, 1065608818
3, 4, 10, 10, 50, 50, 14, 0, true, 70, 1132350233
3, 4, 10, 10, 50, 50, 14, 0, true, 71, 1026217730
3, 4, 10, 10, 50, 50, 14, 0, true, 72, 1112442385
3, 4, 10, 10, 50, 50, 14, 0, true, 73, 1039432147
3, 4, 10, 10, 50, 50, 14, 0, true, 74, 1094920319
3, 4, 10, 10, 50, 50, 14, 0, true, 75, 1020672398
3, 4, 10, 10, 50, 50, 14, 0, true, 76, 1018400168
3, 4, 10, 10, 50, 50, 14, 0, true, 77, 1149263432
3, 4, 10, 10, 50, 50, 14, 0, true, 78, 1061140652
3, 4, 10, 10, 50, 50, 14, 0, true, 79, 1138784481
3, 4, 10, 10, 50, 50, 14, 0, true, 80, 1022916271
3, 4, 10, 10, 50, 50, 14, 0, true, 81, 1098370637
3, 4, 10, 10, 50, 50, 14, 0, true, 82, 1026725661
3, 4, 10, 10, 50, 50, 14, 0, true, 83, 1121009726
3, 4, 10, 10, 50, 50, 14, 0, true, 84, 1108681612
3, 4, 10, 10, 50, 50, 14, 0, true, 85, 1145835348
3, 4, 10, 10, 50, 50, 14, 0, true, 86, 1109484252
3, 4, 10, 10, 50, 50, 14, 0, true, 87, 1120426920
3, 4, 10, 10, 50, 50, 14, 0, true, 88, 1025701863
3, 4, 10, 10, 50, 50, 14, 0, true, 89, 1040158687
3, 4, 10, 10, 50, 50, 14, 0, true, 90, 1107960934
3, 4, 10, 10, 50, 50, 14, 0, true, 91, 994052693
3, 4, 10, 10, 50, 50, 14, 0, true, 92, 1141917033
3, 4, 10, 10, 50, 50, 14, 0, true, 93, 1021212694
3, 4, 10, 10, 50, 50, 14, 0, true, 94, 1040814784
3, 4, 10, 10, 50, 50, 14, 0, true, 95, 1029641573
3, 4, 10, 10, 50, 50, 14, 0, true, 96, 1033735355
3, 4, 10, 10, 50, 50, 14, 0, true, 97, 1027364810
3, 4, 10, 10, 50, 50, 14, 0, true, 98, 1095079607
3, 4, 10, 10, 50, 50, 14, 0, true, 99, 1016831262
3, 4, 10, 10, 50, 50, 15, 0, true, 0, 1799133755
3, 4, 10, 10, 50, 50, 15, 0, true, 1, 1706979918
3, 4, 10, 10, 50, 50, 15, 0, true, 2, 1760511316
3, 4, 10, 10, 50, 50, 15, 0, true, 3, 1694522231
3, 4, 10, 10, 50, 50, 15, 0, true, 4, 1807891201
3, 4, 10, 10, 50, 50, 15, 0, true, 5, 1714682394
3, 4, 10, 10, 50, 50, 15, 0, true, 6, 1721118412
3, 4, 10, 10, 50, 50, 15, 0, true, 7, 1722833278
3, 4, 10, 10, 50, 50, 15, 0, true, 8, 1765894166
3, 4, 10, 10, 50, 50, 15, 0, true, 9, 1814414353
3, 4, 10, 10, 50, 50, 15, 0, true, 10, 1717072255
3, 4, 10, 10, 50, 50, 15, 0, true, 11, 1525923595
3, 4, 10, 10, 50, 50, 15, 0, true, 12, 1760279046
3, 4, 10, 10, 50, 50, 15, 0, true, 13, 1803290292
3, 4, 10, 10, 50, 50, 15, 0, true, 14, 1836260121
3, 4, 10, 10, 50, 50, 15, 0, true, 15, 1817211913
3, 4, 10, 10, 50, 50, 15, 0, true, 16, 1759062457
3, 4, 10, 10, 50, 50, 15, 0, true, 17, 1816583783
3, 4, 10, 10, 50, 50, 15, 0, true, 18, 1658117534
3, 4, 10, 10, 50, 50, 15, 0, true, 19, 1708331296
3, 4, 10, 10, 50, 50, 15, 0, true, 20, 1710138455
3, 4, 10, 10, 50, 50, 15, 0, true, 21, 1800868085
3, 4, 10, 10, 50, 50, 15, 0, true, 22, 1772920545
3, 4, 10, 10, 50, 50, 15, 0, true, 23, 1698122878
3, 4, 10, 10, 50, 50, 15, 0, true, 24, 1741419173
3, 4, 10, 10, 50, 50, 15, 0, true, 25, 1753487755
3, 4, 10, 10, 50, 50, 15, 0, true, 26, 1712608599
3, 4, 10, 10, 50, 50, 15, 0, true, 27, 1775849080
3, 4, 10, 10, 50, 50, 15, 0, true, 28, 1707184850
3, 4, 10, 10, 50, 50, 15, 0, true, 29, 1764230091
3, 4, 10, 10, 50, 50, 15, 0, true, 30, 1741616921
3, 4, 10, 10, 50, 50, 15, 0, true, 31, 1701172017
3, 4, 10, 10, 50, 50, 15, 0, true, 32, 1699751281
3, 4, 10, 10, 50, 50, 15, 0, true, 33, 1742171136
3, 4, 10, 10, 50, 50, 15, 0, true, 34, 1684767183
3, 4, 10, 10, 50, 50, 15, 0, true, 35, 1796670714
3, 4, 10, 10, 50, 50, 15, 0, true, 36, 1806279548
3, 4, 10, 10, 50, 50, 15, 0, true, 37, 1729365994
3, 4, 10, 10, 50, 50, 15, 0, true, 38, 1701113772
3, 4, 10, 10, 50, 50, 15, 0, true, 39, 1528394658
3, 4, 10, 10, 50, 50, 15, 0, true, 40, 1750480825
3, 4, 10, 10, 50, 50, 15, 0, true, 41, 1693454634
3, 4, 10, 10, 50, 50, 15, 0, true, 42, 1730075942
3, 4, 10, 10, 50, 50, 15, 0, true, 43, 1800977762
3, 4, 10, 10, 50, 50, 15, 0, true, 44, 1702034167
3, 4, 10, 10, 50, 50, 15, 0, true, 45, 1785821619
3, 4, 10, 10, 50, 50, 15, 0, true, 46, 1751807077
3, 4, 10, 10, 50, 50, 15, 0, true, 47, 1737645813
3, 4, 10, 10, 50, 50, 15, 0, true, 48, 1795713906
3, 4, 10, 10, 50, 50, 15, 0, true, 49, 1808727586
3, 4, 10, 10, 50, 50, 15, 0, true, 50, 1727247832
3, 4, 10, 10, 50, 50, 15, 0, true, 51, 1797131792
3, 4, 10, 10, 50, 50, 15, 0, true, 52, 1533014125
3, 4, 10, 10, 50, 50, 15, 0, true, 53, 1700404094
3, 4, 10, 10, 50, 50, 15, 0, true, 54, 1804968817
3, 4, 10, 10, 50, 50, 15, 0, true, 55, 1824333397
3, 4, 10, 10, 50, 50, 15, 0, true, 56, 1771273828
3, 4, 10, 10, 50, 50, 15, 0, true, 57, 1700065899
3, 4, 10, 10, 50, 50, 15, 0, true, 58, 1740785277
3, 4, 10, 10, 50, 50, 15, 0, true, 59, 1698844313
3, 4, 10, 10, 50, 50, 15, 0, true, 60, 1682837345
3, 4, 10, 10, 50, 50, 15, 0, true, 61, 1805775747
3, 4, 10, 10, 50, 50, 15, 0, true, 62, 1744629618
3, 4, 10, 10, 50, 50, 15, 0, true, 63, 1649942690
3, 4, 10, 10, 50, 50, 15, 0, true, 64, 1703911484
3, 4, 10, 10, 50, 50, 15, 0, true, 65, 1774419374
3, 4, 10, 10, 50, 50, 15, 0, true, 66, 1680730999
3, 4, 10, 10, 50, 50, 15, 0, true, 67, 1743139979
3, 4, 10, 10, 50, 50, 15, 0, true, 68, 1743925028
3, 4, 10, 10, 50, 50, 15, 0, true, 69, 1727723357
3, 4, 10, 10, 50, 50, 15, 0, true, 70, 1708295766
3, 4, 10, 10, 50, 50, 15, 0, true, 71, 1802076496
3, 4, 10, 10, 50, 50, 15, 0, true, 72, 1759685181
3, 4, 10, 10, 50, 50, 15, 0, true, 73, 1703101434
3, 4, 10, 10, 50, 50, 15, 0, true, 74, 1725584385
3, 4, 10, 10, 50, 50, 15, 0, true, 75, 1700419150
3, 4, 10, 10, 50, 50, 15, 0, true, 76, 1752795751
3, 4, 10, 10, 50, 50, 15, 0, true, 77, 1694416216
3, 4, 10, 10, 50, 50, 15, 0, true, 78, 1771216892
3, 4, 10, 10, 50, 50, 15, 0, true, 79, 1705265303
3, 4, 10, 10, 50, 50, 15, 0, true, 80, 1771272679
3, 4, 10, 10, 50, 50, 15, 0, true, 81, 1698461726
3, 4, 10, 10, 50, 50, 15, 0, true, 82, 1810573150
3, 4, 10, 10, 50, 50, 15, 0, true, 83, 1779982697
3, 4, 10, 10, 50, 50, 15, 0, true, 84, 1724625600
3, 4, 10, 10, 50, 50, 15, 0, true, 85, 1770057087
3, 4, 10, 10, 50, 50, 15, 0, true, 86, 1697965976
3, 4, 10, 10, 50, 50, 15, 0, true, 87, 1728379371
3, 4, 10, 10, 50, 50, 15, 0, true, 88, 1724728470
3, 4, 10, 10, 50, 50, 15, 0, true, 89, 1682438559
3, 4, 10, 10, 50, 50, 15, 0, true, 90, 1760056050
3, 4, 10, 10, 50, 50, 15, 0, true, 91, 1856041491
3, 4, 10, 10, 50, 50, 15, 0, true, 92, 1717635573
3, 4, 10, 10, 50, 50, 15, 0, true, 93, 1814069805
3, 4, 10, 10, 50, 50, 15, 0, true, 94, 1905008724
3, 4, 10, 10, 50, 50, 15, 0, true, 95, 1700083776
3, 4, 10, 10, 50, 50, 15, 0, true, 96, 1675159457
3, 4, 10, 10, 50, 50, 15, 0, true, 97, 1706059330
3, 4, 10, 10, 50, 50, 15, 0, true, 98, 1723581650
3, 4, 10, 10, 50, 50, 15, 0, true, 99, 1716884491
3, 4, 10, 10, 50, 50, 16, 0, true, 0, 289495968
3, 4, 10, 10, 50, 50, 16, 0, true, 1, 2091826943
3, 4, 10, 10, 50, 50, 16, 0, true, 2, 285388339
3, 4, 10, 10, 50, 50, 16, 0, true, 3, 2107797892
3, 4, 10, 10, 50, 50, 16, 0, true, 4, 279945580
3, 4, 10, 10, 50, 50, 16, 0, true, 5, 2229818733
3, 4, 10, 10, 50, 50, 16, 0, true, 6, 279516995
3, 4, 10, 10, 50, 50, 16, 0, true, 7, 278972490
3, 4, 10, 10, 50, 50, 16, 0, true, 8, 2104244099
3, 4, 10, 10, 50, 50, 16, 0, true, 9, 244775646
3, 4, 10, 10, 50, 50, 16, 0, true, 10, 279742339
3, 4, 10, 10, 50, 50, 16, 0, true, 11, 285786763
3, 4, 10, 10, 50, 50, 16, 0, true, 12, 2262314740
3, 4, 10, 10, 50, 50, 16, 0, true, 13, 278952987
3, 4, 10, 10, 50, 50, 16, 0, true, 14, 262833680
3, 4, 10, 10, 50, 50, 16, 0, true, 15, 278922920
3, 4, 10, 10, 50, 50, 16, 0, true, 16, 271822788
3, 4, 10, 10, 50, 50, 16, 0, true, 17, 279387441
3, 4, 10, 10, 50, 50, 16, 0, true, 18, 289229453
3, 4, 10, 10, 50, 50, 16, 0, true, 19, 2136177851
3, 4, 10, 10, 50, 50, 16, 0, true, 20, 282381899
3, 4, 10, 10, 50, 50, 16, 0, true, 21, 2243690476
3, 4, 10, 10, 50, 50, 16, 0, true, 22, 279700789
3, 4, 10, 10, 50, 50, 16, 0, true, 23, 2259621485
3, 4, 10, 10, 50, 50, 16, 0, true, 24, 2129079607
3, 4, 10, 10, 50, 50, 16, 0, true, 25, 2127010353
3, 4, 10, 10, 50, 50, 16, 0, true, 26, 2134780291
3, 4, 10, 10, 50, 50, 16, 0, true, 27, 273206425
3, 4, 10, 10, 50, 50, 16, 0, true, 28, 2130665816
3, 4, 10, 10, 50, 50, 16, 0, true, 29, 276183017
3, 4, 10, 10, 50, 50, 16, 0, true, 30, 2352610021
3, 4, 10, 10, 50, 50, 16, 0, true, 31, 280674089
3, 4, 10, 10, 50, 50, 16, 0, true, 32, 289213008
3, 4, 10, 10, 50, 50, 16, 0, true, 33, 283192149
3, 4, 10, 10, 50, 50, 16, 0, true, 34, 273832571
3, 4, 10, 10, 50, 50, 16, 0, true, 35, 283281338
3, 4, 10, 10, 50, 50, 16, 0, true, 36, 288064341
3, 4, 10, 10, 50, 50, 16, 0, true, 37, 277910874
3, 4, 10, 10, 50, 50, 16, 0, true, 38, 296436396
3, 4, 10, 10, 50, 50, 16, 0, true, 39, 280525655
3, 4, 10, 10, 50, 50, 16, 0, true, 40, 252134511
3, 4, 10, 10, 50, 50, 16, 0, true, 41, 2111162517
3, 4, 10, 10, 50, 50, 16, 0, true, 42, 2134514328
3, 4, 10, 10, 50, 50, 16, 0, true, 43, 272805839
3, 4, 10, 10, 50, 50, 16, 0, true, 44, 277991010
3, 4, 10, 10, 50, 50, 16, 0, true, 45, 2369682261
3, 4, 10, 10, 50, 50, 16, 0, true, 46, 2080521072
3, 4, 10, 10, 50, 50, 16, 0, true, 47, 263142972
3, 4, 10, 10, 50, 50, 16, 0, true, 48, 2110322038
3, 4, 10, 10, 50, 50, 16, 0, true, 49, 278176197
3, 4, 10, 10, 50, 50, 16, 0, true, 50, 2106815432
3, 4, 10, 10, 50, 50, 16, 0, true, 51, 298402079
3, 4, 10, 10, 50, 50, 16, 0, true, 52, 2114749897
3, 4, 10, 10, 50, 50, 16, 0, true, 53, 272948049
3, 4, 10, 10, 50, 50, 16, 0, true, 54, 2106863876
3, 4, 10, 10, 50, 50, 16, 0, true, 55, 263054847
3, 4, 10, 10, 50, 50, 16, 0, true, 56, 2095622421
3, 4, 10, 10, 50, 50, 16, 0, true, 57, 284273107
3, 4, 10, 10, 50, 50, 16, 0, true, 58, 2107959409
3, 4, 10, 10, 50, 50, 16, 0, true, 59, 270780166
3, 4, 10, 10, 50, 50, 16, 0, true, 60, 2106806125
3, 4, 10, 10, 50, 50, 16, 0, true, 61, 274743383
3, 4, 10, 10, 50, 50, 16, 0, true, 62, 2112469011
3, 4, 10, 10, 50, 50, 16, 0, true, 63, 285680081
3, 4, 10, 10, 50, 50, 16, 0, true, 64, 2102406793
3, 4, 10, 10, 50, 50, 16, 0, true, 65, 278767699
3, 4, 10, 10, 50, 50, 16, 0, true, 66, 282238773
3, 4, 10, 10, 50, 50, 16, 0, true, 67, 2120352635
3, 4, 10, 10, 50, 50, 16, 0, true, 68, 298018455
3, 4, 10, 10, 50, 50, 16, 0, true, 69, 2107129123
3, 4, 10, 10, 50, 50, 16, 0, true, 70, 305364123
3, 4, 10, 10, 50, 50, 16, 0, true, 71, 2114593924
3, 4, 10, 10, 50, 50, 16, 0, true, 72, 285302201
3, 4, 10, 10, 50, 50, 16, 0, true, 73, 2109743361
3, 4, 10, 10, 50, 50, 16, 0, true, 74, 278636242
3, 4, 10, 10, 50, 50, 16, 0, true, 75, 2108930386
3, 4, 10, 10, 50, 50, 16, 0, true, 76, 272617480
3, 4, 10, 10, 50, 50, 16, 0, true, 77, 285016091
3, 4, 10, 10, 50, 50, 16, 0, true, 78, 2116984916
3, 4, 10, 10, 50, 50, 16, 0, true, 79, 271427194
3, 4, 10, 10, 50, 50, 16, 0, true, 80, 2112796251
3, 4, 10, 10, 50, 50, 16, 0, true, 81, 252655717
3, 4, 10, 10, 50, 50, 16, 0, true, 82, 2107634247
3, 4, 10, 10, 50, 50, 16, 0, true, 83, 271858990
3, 4, 10, 10, 50, 50, 16, 0, true, 84, 2114920598
3, 4, 10, 10, 50, 50, 16, 0, true, 85, 245309523
3, 4, 10, 10, 50, 50, 16, 0, true, 86, 278836812
3, 4, 10, 10, 50, 50, 16, 0, true, 87, 281057371
3, 4, 10, 10, 50, 50, 16, 0, true, 88, 285311586
3, 4, 10, 10, 50, 50, 16, 0, true, 89, 2104842782
3, 4, 10, 10, 50, 50, 16, 0, true, 90, 282237189
3, 4, 10, 10, 50, 50, 16, 0, true, 91, 2089836285
3, 4, 10, 10, 50, 50, 16, 0, true, 92, 278404103
3, 4, 10, 10, 50, 50, 16, 0, true, 93, 2102455756
3, 4, 10, 10, 50, 50, 16, 0, true, 94, 284569272
3, 4, 10, 10, 50, 50, 16, 0, true, 95, 2106930887
3, 4, 10, 10, 50, 50, 16, 0, true, 96, 285932439
3, 4, 10, 10, 50, 50, 16, 0, true, 97, 2231773509
3, 4, 10, 10, 50, 50, 16, 0, true, 98, 278576384
3, 4, 10, 10, 50, 50, 16, 0, true, 99, 2227334676
3, 4, 10, 10, 50, 50, 17, 0, true, 0, 4875990385
3, 4, 10, 10, 50, 50, 17, 0, true, 1, 4083877815
3, 4, 10, 10, 50, 50, 17, 0, true, 2, 4094333264
3, 4, 10, 10, 50, 50, 17, 0, true, 3, 5037464795
3, 4, 10, 10, 50, 50, 17, 0, true, 4, 4950291136
3, 4, 10, 10, 50, 50, 17, 0, true, 5, 4095901807
3, 4, 10, 10, 50, 50, 17, 0, true, 6, 4778526468
3, 4, 10, 10, 50, 50, 17, 0, true, 7, 4101651021
3, 4, 10, 10, 50, 50, 17, 0, true, 8, 4040378129
3, 4, 10, 10, 50, 50, 17, 0, true, 9, 4111132261
3, 4, 10, 10, 50, 50, 17, 0, true, 10, 4127762428
3, 4, 10, 10, 50, 50, 17, 0, true, 11, 4092251208
3, 4, 10, 10, 50, 50, 17, 0, true, 12, 5094135768
3, 4, 10, 10, 50, 50, 17, 0, true, 13, 4719255368
3, 4, 10, 10, 50, 50, 17, 0, true, 14, 4098662506
3, 4, 10, 10, 50, 50, 17, 0, true, 15, 4710119517
3, 4, 10, 10, 50, 50, 17, 0, true, 16, 4927514287
3, 4, 10, 10, 50, 50, 17, 0, true, 17, 3879231389
3, 4, 10, 10, 50, 50, 17, 0, true, 18, 4092512680
3, 4, 10, 10, 50, 50, 17, 0, true, 19, 3731160476
3, 4, 10, 10, 50, 50, 17, 0, true, 20, 3879415965
3, 4, 10, 10, 50, 50, 17, 0, true, 21, 3773992057
3, 4, 10, 10, 50, 50, 17, 0, true, 22, 4930792374
3, 4, 10, 10, 50, 50, 17, 0, true, 23, 4112050274
3, 4, 10, 10, 50, 50, 17, 0, true, 24, 4111510611
3, 4, 10, 10, 50, 50, 17, 0, true, 25, 4100712061
3, 4, 10, 10, 50, 50, 17, 0, true, 26, 5029969850
3, 4, 10, 10, 50, 50, 17, 0, true, 27, 4053946787
3, 4, 10, 10, 50, 50, 17, 0, true, 28, 3933412791
3, 4, 10, 10, 50, 50, 17, 0, true, 29, 4106804968
3, 4, 10, 10, 50, 50, 17, 0, true, 30, 5222627784
3, 4, 10, 10, 50, 50, 17, 0, true, 31, 4077518375
3, 4, 10, 10, 50, 50, 17, 0, true, 32, 5217467049
3, 4, 10, 10, 50, 50, 17, 0, true, 33, 3880009291
3, 4, 10, 10, 50, 50, 17, 0, true, 34, 5180670191
3, 4, 10, 10, 50, 50, 17, 0, true, 35, 3864371740
3, 4, 10, 10, 50, 50, 17, 0, true, 36, 4078586748
3, 4, 10, 10, 50, 50, 17, 0, true, 37, 4695888004
3, 4, 10, 10, 50, 50, 17, 0, true, 38, 4895203188
3, 4, 10, 10, 50, 50, 17, 0, true, 39, 3925456542
3, 4, 10, 10, 50, 50, 17, 0, true, 40, 4912829970
3, 4, 10, 10, 50, 50, 17, 0, true, 41, 5619375051
3, 4, 10, 10, 50, 50, 17, 0, true, 42, 3868965890
3, 4, 10, 10, 50, 50, 17, 0, true, 43, 4362287885
3, 4, 10, 10, 50, 50, 17, 0, true, 44, 4911166748
3, 4, 10, 10, 50, 50, 17, 0, true, 45, 3946402356
3, 4, 10, 10, 50, 50, 17, 0, true, 46, 4918277812
3, 4, 10, 10, 50, 50, 17, 0, true, 47, 3954220866
3, 4, 10, 10, 50, 50, 17, 0, true, 48, 5179544179
3, 4, 10, 10, 50, 50, 17, 0, true, 49, 3863932771
3, 4, 10, 10, 50, 50, 17, 0, true, 50, 5037514341
3, 4, 10, 10, 50, 50, 17, 0, true, 51, 4071029463
3, 4, 10, 10, 50, 50, 17, 0, true, 52, 4334193288
3, 4, 10, 10, 50, 50, 17, 0, true, 53, 3868719059
3, 4, 10, 10, 50, 50, 17, 0, true, 54, 4142992887
3, 4, 10, 10, 50, 50, 17, 0, true, 55, 3920989647
3, 4, 10, 10, 50, 50, 17, 0, true, 56, 4156042231
3, 4, 10, 10, 50, 50, 17, 0, true, 57, 3905305110
3, 4, 10, 10, 50, 50, 17, 0, true, 58, 5175361205
3, 4, 10, 10, 50, 50, 17, 0, true, 59, 3866095552
3, 4, 10, 10, 50, 50, 17, 0, true, 60, 4910393594
3, 4, 10, 10, 50, 50, 17, 0, true, 61, 4097818119
3, 4, 10, 10, 50, 50, 17, 0, true, 62, 4946343847
3, 4, 10, 10, 50, 50, 17, 0, true, 63, 4816440269
3, 4, 10, 10, 50, 50, 17, 0, true, 64, 3888144769
3, 4, 10, 10, 50, 50, 17, 0, true, 65, 4228796779
3, 4, 10, 10, 50, 50, 17, 0, true, 66, 4919286012
3, 4, 10, 10, 50, 50, 17, 0, true, 67, 5060326251
3, 4, 10, 10, 50, 50, 17, 0, true, 68, 4870057869
3, 4, 10, 10, 50, 50, 17, 0, true, 69, 5024722964
3, 4, 10, 10, 50, 50, 17, 0, true, 70, 3890853250
3, 4, 10, 10, 50, 50, 17, 0, true, 71, 4731324108
3, 4, 10, 10, 50, 50, 17, 0, true, 72, 3871931462
3, 4, 10, 10, 50, 50, 17, 0, true, 73, 4118269485
3, 4, 10, 10, 50, 50, 17, 0, true, 74, 4913471849
3, 4, 10, 10, 50, 50, 17, 0, true, 75, 5027782620
3, 4, 10, 10, 50, 50, 17, 0, true, 76, 4916482386
3, 4, 10, 10, 50, 50, 17, 0, true, 77, 5028953902
3, 4, 10, 10, 50, 50, 17, 0, true, 78, 3881114368
3, 4, 10, 10, 50, 50, 17, 0, true, 79, 4116690660
3, 4, 10, 10, 50, 50, 17, 0, true, 80, 3987356449
3, 4, 10, 10, 50, 50, 17, 0, true, 81, 5040755664
3, 4, 10, 10, 50, 50, 17, 0, true, 82, 3610693358
3, 4, 10, 10, 50, 50, 17, 0, true, 83, 3860715918
3, 4, 10, 10, 50, 50, 17, 0, true, 84, 4357682686
3, 4, 10, 10, 50, 50, 17, 0, true, 85, 3878920688
3, 4, 10, 10, 50, 50, 17, 0, true, 86, 3926118766
3, 4, 10, 10, 50, 50, 17, 0, true, 87, 3883964793
3, 4, 10, 10, 50, 50, 17, 0, true, 88, 4094580311
3, 4, 10, 10, 50, 50, 17, 0, true, 89, 4692864104
3, 4, 10, 10, 50, 50, 17, 0, true, 90, 4091987156
3, 4, 10, 10, 50, 50, 17, 0, true, 91, 3830869912
3, 4, 10, 10, 50, 50, 17, 0, true, 92, 4908955962
3, 4, 10, 10, 50, 50, 17, 0, true, 93, 4708874828
3, 4, 10, 10, 50, 50, 17, 0, true, 94, 3861944249
3, 4, 10, 10, 50, 50, 17, 0, true, 95, 5040149605
3, 4, 10, 10, 50, 50, 17, 0, true, 96, 4916327778
3, 4, 10, 10, 50, 50, 17, 0, true, 97, 4950544646
3, 4, 10, 10, 50, 50, 17, 0, true, 98, 4911319189
3, 4, 10, 10, 50, 50, 17, 0, true, 99, 4087720320
3, 4, 10, 10, 50, 50, 18, 0, true, 0, 8494082257
3, 4, 10, 10, 50, 50, 18, 0, true, 1, 8146281280
3, 4, 10, 10, 50, 50, 18, 0, true, 2, 7491195897
3, 4, 10, 10, 50, 50, 18, 0, true, 3, 8271742231
3, 4, 10, 10, 50, 50, 18, 0, true, 4, 8172306632
3, 4, 10, 10, 50, 50, 18, 0, true, 5, 8274849049
3, 4, 10, 10, 50, 50, 18, 0, true, 6, 8362850345
3, 4, 10, 10, 50, 50, 18, 0, true, 7, 9550179113
3, 4, 10, 10, 50, 50, 18, 0, true, 8, 9941414038
3, 4, 10, 10, 50, 50, 18, 0, true, 9, 8903478285
3, 4, 10, 10, 50, 50, 18, 0, true, 10, 8145666096
3, 4, 10, 10, 50, 50, 18, 0, true, 11, 9674296042
3, 4, 10, 10, 50, 50, 18, 0, true, 12, 8912266745
3, 4, 10, 10, 50, 50, 18, 0, true, 13, 8496685086
3, 4, 10, 10, 50, 50, 18, 0, true, 14, 9926885974
3, 4, 10, 10, 50, 50, 18, 0, true, 15, 9671636355
3, 4, 10, 10, 50, 50, 18, 0, true, 16, 8927196624
3, 4, 10, 10, 50, 50, 18, 0, true, 17, 8389196492
3, 4, 10, 10, 50, 50, 18, 0, true, 18, 8279540803
3, 4, 10, 10, 50, 50, 18, 0, true, 19, 8294582833
3, 4, 10, 10, 50, 50, 18, 0, true, 20, 8784733134
3, 4, 10, 10, 50, 50, 18, 0, true, 21, 8274580779
3, 4, 10, 10, 50, 50, 18, 0, true, 22, 7889708320
3, 4, 10, 10, 50, 50, 18, 0, true, 23, 8171614371
3, 4, 10, 10, 50, 50, 18, 0, true, 24, 8314956398
3, 4, 10, 10, 50, 50, 18, 0, true, 25, 8909798598
3, 4, 10, 10, 50, 50, 18, 0, true, 26, 8386553829
3, 4, 10, 10, 50, 50, 18, 0, true, 27, 8935507050
3, 4, 10, 10, 50, 50, 18, 0, true, 28, 8379654879
3, 4, 10, 10, 50, 50, 18, 0, true, 29, 8281458722
3, 4, 10, 10, 50, 50, 18, 0, true, 30, 9833359364
3, 4, 10, 10, 50, 50, 18, 0, true, 31, 9672587188
3, 4, 10, 10, 50, 50, 18, 0, true, 32, 9983228103
3, 4, 10, 10, 50, 50, 18, 0, true, 33, 9854767479
3, 4, 10, 10, 50, 50, 18, 0, true, 34, 8922019074
3, 4, 10, 10, 50, 50, 18, 0, true, 35, 7798841247
3, 4, 10, 10, 50, 50, 18, 0, true, 36, 9857397906
3, 4, 10, 10, 50, 50, 18, 0, true, 37, 8264501249
3, 4, 10, 10, 50, 50, 18, 0, true, 38, 9978675655
3, 4, 10, 10, 50, 50, 18, 0, true, 39, 8884694288
3, 4, 10, 10, 50, 50, 18, 0, true, 40, 8853298246
3, 4, 10, 10, 50, 50, 18, 0, true, 41, 8878174531
3, 4, 10, 10, 50, 50, 18, 0, true, 42, 8309183225
3, 4, 10, 10, 50, 50, 18, 0, true, 43, 8165376375
3, 4, 10, 10, 50, 50, 18, 0, true, 44, 8352141695
3, 4, 10, 10, 50, 50, 18, 0, true, 45, 8911966230
3, 4, 10, 10, 50, 50, 18, 0, true, 46, 7784416708
3, 4, 10, 10, 50, 50, 18, 0, true, 47, 8901287193
3, 4, 10, 10, 50, 50, 18, 0, true, 48, 7783980691
3, 4, 10, 10, 50, 50, 18, 0, true, 49, 8812946341
3, 4, 10, 10, 50, 50, 18, 0, true, 50, 7872860529
3, 4, 10, 10, 50, 50, 18, 0, true, 51, 8905610893
3, 4, 10, 10, 50, 50, 18, 0, true, 52, 7942196569
3, 4, 10, 10, 50, 50, 18, 0, true, 53, 8883655820
3, 4, 10, 10, 50, 50, 18, 0, true, 54, 9933697892
3, 4, 10, 10, 50, 50, 18, 0, true, 55, 8222793092
3, 4, 10, 10, 50, 50, 18, 0, true, 56, 8809489464
3, 4, 10, 10, 50, 50, 18, 0, true, 57, 8360413067
3, 4, 10, 10, 50, 50, 18, 0, true, 58, 9903219306
3, 4, 10, 10, 50, 50, 18, 0, true, 59, 8222006918
3, 4, 10, 10, 50, 50, 18, 0, true, 60, 9915042514
3, 4, 10, 10, 50, 50, 18, 0, true, 61, 8287184116
3, 4, 10, 10, 50, 50, 18, 0, true, 62, 8910667337
3, 4, 10, 10, 50, 50, 18, 0, true, 63, 7414692147
3, 4, 10, 10, 50, 50, 18, 0, true, 64, 9949579928
3, 4, 10, 10, 50, 50, 18, 0, true, 65, 8946578071
3, 4, 10, 10, 50, 50, 18, 0, true, 66, 7862232666
3, 4, 10, 10, 50, 50, 18, 0, true, 67, 8856937528
3, 4, 10, 10, 50, 50, 18, 0, true, 68, 7816705969
3, 4, 10, 10, 50, 50, 18, 0, true, 69, 8720976033
3, 4, 10, 10, 50, 50, 18, 0, true, 70, 7384029691
3, 4, 10, 10, 50, 50, 18, 0, true, 71, 8860209106
3, 4, 10, 10, 50, 50, 18, 0, true, 72, 8149907494
3, 4, 10, 10, 50, 50, 18, 0, true, 73, 9604906509
3, 4, 10, 10, 50, 50, 18, 0, true, 74, 8215035949
3, 4, 10, 10, 50, 50, 18, 0, true, 75, 8743147670
3, 4, 10, 10, 50, 50, 18, 0, true, 76, 8458365155
3, 4, 10, 10, 50, 50, 18, 0, true, 77, 8787535294
3, 4, 10, 10, 50, 50, 18, 0, true, 78, 8861570736
3, 4, 10, 10, 50, 50, 18, 0, true, 79, 8287006471
3, 4, 10, 10, 50, 50, 18, 0, true, 80, 8915569479
3, 4, 10, 10, 50, 50, 18, 0, true, 81, 8914728758
3, 4, 10, 10, 50, 50, 18, 0, true, 82, 9750305800
3, 4, 10, 10, 50, 50, 18, 0, true, 83, 8458034331
3, 4, 10, 10, 50, 50, 18, 0, true, 84, 8232456444
3, 4, 10, 10, 50, 50, 18, 0, true, 85, 8312473166
3, 4, 10, 10, 50, 50, 18, 0, true, 86, 8912310277
3, 4, 10, 10, 50, 50, 18, 0, true, 87, 8215648086
3, 4, 10, 10, 50, 50, 18, 0, true, 88, 8102909687
3, 4, 10, 10, 50, 50, 18, 0, true, 89, 8908285707
3, 4, 10, 10, 50, 50, 18, 0, true, 90, 9890790833
3, 4, 10, 10, 50, 50, 18, 0, true, 91, 8445586363
3, 4, 10, 10, 50, 50, 18, 0, true, 92, 8221850470
3, 4, 10, 10, 50, 50, 18, 0, true, 93, 8194068207
3, 4, 10, 10, 50, 50, 18, 0, true, 94, 7401563258
3, 4, 10, 10, 50, 50, 18, 0, true, 95, 8135640962
3, 4, 10, 10, 50, 50, 18, 0, true, 96, 8220340163
3, 4, 10, 10, 50, 50, 18, 0, true, 97, 8225236550
3, 4, 10, 10, 50, 50, 18, 0, true, 98, 8343474945
3, 4, 10, 10, 50, 50, 18, 0, true, 99, 8198917650
3, 4, 10, 10, 50, 50, 19, 0, true, 0, 13503969220
3, 4, 10, 10, 50, 50, 19, 0, true, 1, 12484753052
3, 4, 10, 10, 50, 50, 19, 0, true, 2, 13379105461
3, 4, 10, 10, 50, 50, 19, 0, true, 3, 13120095139
3, 4, 10, 10, 50, 50, 19, 0, true, 4, 13347635770
3, 4, 10, 10, 50, 50, 19, 0, true, 5, 13138907196
3, 4, 10, 10, 50, 50, 19, 0, true, 6, 12868962712
3, 4, 10, 10, 50, 50, 19, 0, true, 7, 14145174209
3, 4, 10, 10, 50, 50, 19, 0, true, 8, 12545804469
3, 4, 10, 10, 50, 50, 19, 0, true, 9, 12612154045
3, 4, 10, 10, 50, 50, 19, 0, true, 10, 12711409539
3, 4, 10, 10, 50, 50, 19, 0, true, 11, 13568916946
3, 4, 10, 10, 50, 50, 19, 0, true, 12, 12311994232
3, 4, 10, 10, 50, 50, 19, 0, true, 13, 13360556424
3, 4, 10, 10, 50, 50, 19, 0, true, 14, 13209029032
3, 4, 10, 10, 50, 50, 19, 0, true, 15, 13403228478
3, 4, 10, 10, 50, 50, 19, 0, true, 16, 13545317501
3, 4, 10, 10, 50, 50, 19, 0, true, 17, 13293447823
3, 4, 10, 10, 50, 50, 19, 0, true, 18, 13886011061
3, 4, 10, 10, 50, 50, 19, 0, true, 19, 12664015736
3, 4, 10, 10, 50, 50, 19, 0, true, 20, 13441566644
3, 4, 10, 10, 50, 50, 19, 0, true, 21, 13373153033
3, 4, 10, 10, 50, 50, 19, 0, true, 22, 14054292787
3, 4, 10, 10, 50, 50, 19, 0, true, 23, 12704949409
3, 4, 10, 10, 50, 50, 19, 0, true, 24, 12718939111
3, 4, 10, 10, 50, 50, 19, 0, true, 25, 12549646617
3, 4, 10, 10, 50, 50, 19, 0, true, 26, 12678513962
3, 4, 10, 10, 50, 50, 19, 0, true, 27, 12728624526
3, 4, 10, 10, 50, 50, 19, 0, true, 28, 12827793749
3, 4, 10, 10, 50, 50, 19, 0, true, 29, 13327984688
3, 4, 10, 10, 50, 50, 19, 0, true, 30, 12733161747
3, 4, 10, 10, 50, 50, 19, 0, true, 31, 12996244781
3, 4, 10, 10, 50, 50, 19, 0, true, 32, 12729176429
3, 4, 10, 10, 50, 50, 19, 0, true, 33, 13816419346
3, 4, 10, 10, 50, 50, 19, 0, true, 34, 12851824594
3, 4, 10, 10, 50, 50, 19, 0, true, 35, 13412393557
3, 4, 10, 10, 50, 50, 19, 0, true, 36, 13416408237
3, 4, 10, 10, 50, 50, 19, 0, true, 37, 13367060072
3, 4, 10, 10, 50, 50, 19, 0, true, 38, 13596598500
3, 4, 10, 10, 50, 50, 19, 0, true, 39, 12682203758
3, 4, 10, 10, 50, 50, 19, 0, true, 40, 14009478742
3, 4, 10, 10, 50, 50, 19, 0, true, 41, 12707234841
3, 4, 10, 10, 50, 50, 19, 0, true, 42, 14509117865
3, 4, 10, 10, 50, 50, 19, 0, true, 43, 12518970500
3, 4, 10, 10, 50, 50, 19, 0, true, 44, 14158547294
3, 4, 10, 10, 50, 50, 19, 0, true, 45, 12717414655
3, 4, 10, 10, 50, 50, 19, 0, true, 46, 13156263425
3, 4, 10, 10, 50, 50, 19, 0, true, 47, 12648227048
3, 4, 10, 10, 50, 50, 19, 0, true, 48, 12651755799
3, 4, 10, 10, 50, 50, 19, 0, true, 49, 12974070345
3, 4, 10, 10, 50, 50, 19, 0, true, 50, 12838998525
3, 4, 10, 10, 50, 50, 19, 0, true, 51, 14228323798
3, 4, 10, 10, 50, 50, 19, 0, true, 52, 12842904538
3, 4, 10, 10, 50, 50, 19, 0, true, 53, 13424558217
3, 4, 10, 10, 50, 50, 19, 0, true, 54, 12689673025
3, 4, 10, 10, 50, 50, 19, 0, true, 55, 13965409578
3, 4, 10, 10, 50, 50, 19, 0, true, 56, 12844405701
3, 4, 10, 10, 50, 50, 19, 0, true, 57, 13422679044
3, 4, 10, 10, 50, 50, 19, 0, true, 58, 12832406617
3, 4, 10, 10, 50, 50, 19, 0, true, 59, 13216281296
3, 4, 10, 10, 50, 50, 19, 0, true, 60, 14483051320
3, 4, 10, 10, 50, 50, 19, 0, true, 61, 12677845593
3, 4, 10, 10, 50, 50, 19, 0, true, 62, 12708894855
3, 4, 10, 10, 50, 50, 19, 0, true, 63, 12640309743
3, 4, 10, 10, 50, 50, 19, 0, true, 64, 14488927677
3, 4, 10, 10, 50, 50, 19, 0, true, 65, 12569216519
3, 4, 10, 10, 50, 50, 19, 0, true, 66, 13356343547
3, 4, 10, 10, 50, 50, 19, 0, true, 67, 12672764095
3, 4, 10, 10, 50, 50, 19, 0, true, 68, 13485554014
3, 4, 10, 10, 50, 50, 19, 0, true, 69, 12660625766
3, 4, 10, 10, 50, 50, 19, 0, true, 70, 13361769393
3, 4, 10, 10, 50, 50, 19, 0, true, 71, 13933775294
3, 4, 10, 10, 50, 50, 19, 0, true, 72, 12605694268
3, 4, 10, 10, 50, 50, 19, 0, true, 73, 13277437112
3, 4, 10, 10, 50, 50, 19, 0, true, 74, 12847433803
3, 4, 10, 10, 50, 50, 19, 0, true, 75, 13177534760
3, 4, 10, 10, 50, 50, 19, 0, true, 76, 12722410739
3, 4, 10, 10, 50, 50, 19, 0, true, 77, 13462962956
3, 4, 10, 10, 50, 50, 19, 0, true, 78, 12501415247
3, 4, 10, 10, 50, 50, 19, 0, true, 79, 13385888839
3, 4, 10, 10, 50, 50, 19, 0, true, 80, 13358993731
3, 4, 10, 10, 50, 50, 19, 0, true, 81, 13307841876
3, 4, 10, 10, 50, 50, 19, 0, true, 82, 13422631790
3, 4, 10, 10, 50, 50, 19, 0, true, 83, 12675653000
3, 4, 10, 10, 50, 50, 19, 0, true, 84, 13715355186
3, 4, 10, 10, 50, 50, 19, 0, true, 85, 12676595793
3, 4, 10, 10, 50, 50, 19, 0, true, 86, 13320128677
3, 4, 10, 10, 50, 50, 19, 0, true, 87, 12664386444
3, 4, 10, 10, 50, 50, 19, 0, true, 88, 13427504011
3, 4, 10, 10, 50, 50, 19, 0, true, 89, 13207562325
3, 4, 10, 10, 50, 50, 19, 0, true, 90, 12869974180
3, 4, 10, 10, 50, 50, 19, 0, true, 91, 12539569237
3, 4, 10, 10, 50, 50, 19, 0, true, 92, 12903002107
3, 4, 10, 10, 50, 50, 19, 0, true, 93, 12627217512
3, 4, 10, 10, 50, 50, 19, 0, true, 94, 12736636781
3, 4, 10, 10, 50, 50, 19, 0, true, 95, 13339568233
3, 4, 10, 10, 50, 50, 19, 0, true, 96, 13018135238
3, 4, 10, 10, 50, 50, 19, 0, true, 97, 13258744731
3, 4, 10, 10, 50, 50, 19, 0, true, 98, 12767102055
3, 4, 10, 10, 50, 50, 19, 0, true, 99, 13439616658
3, 4, 10, 10, 50, 50, 20, 0, true, 0, 8553823705
3, 4, 10, 10, 50, 50, 20, 0, true, 1, 10233447644
3, 4, 10, 10, 50, 50, 20, 0, true, 2, 9753792275
3, 4, 10, 10, 50, 50, 20, 0, true, 3, 10277966096
3, 4, 10, 10, 50, 50, 20, 0, true, 4, 9493020765
3, 4, 10, 10, 50, 50, 20, 0, true, 5, 10229330711
3, 4, 10, 10, 50, 50, 20, 0, true, 6, 10143175429
3, 4, 10, 10, 50, 50, 20, 0, true, 7, 10156474153
3, 4, 10, 10, 50, 50, 20, 0, true, 8, 8642682840
3, 4, 10, 10, 50, 50, 20, 0, true, 9, 10339268450
3, 4, 10, 10, 50, 50, 20, 0, true, 10, 9670807511
3, 4, 10, 10, 50, 50, 20, 0, true, 11, 10254873977
3, 4, 10, 10, 50, 50, 20, 0, true, 12, 9230415027
3, 4, 10, 10, 50, 50, 20, 0, true, 13, 10255147675
3, 4, 10, 10, 50, 50, 20, 0, true, 14, 10178699716
3, 4, 10, 10, 50, 50, 20, 0, true, 15, 9815221294
3, 4, 10, 10, 50, 50, 20, 0, true, 16, 8063544464
3, 4, 10, 10, 50, 50, 20, 0, true, 17, 9728455760
3, 4, 10, 10, 50, 50, 20, 0, true, 18, 10213832988
3, 4, 10, 10, 50, 50, 20, 0, true, 19, 9773238331
3, 4, 10, 10, 50, 50, 20, 0, true, 20, 9280232940
3, 4, 10, 10, 50, 50, 20, 0, true, 21, 9602915402
3, 4, 10, 10, 50, 50, 20, 0, true, 22, 9336812959
3, 4, 10, 10, 50, 50, 20, 0, true, 23, 10300569158
3, 4, 10, 10, 50, 50, 20, 0, true, 24, 9829302323
3, 4, 10, 10, 50, 50, 20, 0, true, 25, 9785536948
3, 4, 10, 10, 50, 50, 20, 0, true, 26, 9262247899
3, 4, 10, 10, 50, 50, 20, 0, true, 27, 8543902608
3, 4, 10, 10, 50, 50, 20, 0, true, 28, 9326527477
3, 4, 10, 10, 50, 50, 20, 0, true, 29, 9202171847
3, 4, 10, 10, 50, 50, 20, 0, true, 30, 8037056549
3, 4, 10, 10, 50, 50, 20, 0, true, 31, 9831348161
3, 4, 10, 10, 50, 50, 20, 0, true, 32, 8036849583
3, 4, 10, 10, 50, 50, 20, 0, true, 33, 9946583593
3, 4, 10, 10, 50, 50, 20, 0, true, 34, 9607177352
3, 4, 10, 10, 50, 50, 20, 0, true, 35, 9818743416
3, 4, 10, 10, 50, 50, 20, 0, true, 36, 7937027738
3, 4, 10, 10, 50, 50, 20, 0, true, 37, 9896550072
3, 4, 10, 10, 50, 50, 20, 0, true, 38, 10156933440
3, 4, 10, 10, 50, 50, 20, 0, true, 39, 9797344558
3, 4, 10, 10, 50, 50, 20, 0, true, 40, 10244644871
3, 4, 10, 10, 50, 50, 20, 0, true, 41, 9827434713
3, 4, 10, 10, 50, 50, 20, 0, true, 42, 9761681448
3, 4, 10, 10, 50, 50, 20, 0, true, 43, 9751705025
3, 4, 10, 10, 50, 50, 20, 0, true, 44, 9380265955
3, 4, 10, 10, 50, 50, 20, 0, true, 45, 9228233045
3, 4, 10, 10, 50, 50, 20, 0, true, 46, 9773344927
3, 4, 10, 10, 50, 50, 20, 0, true, 47, 9194593025
3, 4, 10, 10, 50, 50, 20, 0, true, 48, 9838189009
3, 4, 10, 10, 50, 50, 20, 0, true, 49, 8444501675
3, 4, 10, 10, 50, 50, 20, 0, true, 50, 9368261896
3, 4, 10, 10, 50, 50, 20, 0, true, 51, 8567093042
3, 4, 10, 10, 50, 50, 20, 0, true, 52, 9719163887
3, 4, 10, 10, 50, 50, 20, 0, true, 53, 9566266634
3, 4, 10, 10, 50, 50, 20, 0, true, 54, 9757470008
3, 4, 10, 10, 50, 50, 20, 0, true, 55, 9739956009
3, 4, 10, 10, 50, 50, 20, 0, true, 56, 9061302326
3, 4, 10, 10, 50, 50, 20, 0, true, 57, 9850039298
3, 4, 10, 10, 50, 50, 20, 0, true, 58, 9522731215
3, 4, 10, 10, 50, 50, 20, 0, true, 59, 9857299398
3, 4, 10, 10, 50, 50, 20, 0, true, 60, 8648318994
3, 4, 10, 10, 50, 50, 20, 0, true, 61, 9812482206
3, 4, 10, 10, 50, 50, 20, 0, true, 62, 9544041920
3, 4, 10, 10, 50, 50, 20, 0, true, 63, 10070940167
3, 4, 10, 10, 50, 50, 20, 0, true, 64, 10264943798
3, 4, 10, 10, 50, 50, 20, 0, true, 65, 9448906331
3, 4, 10, 10, 50, 50, 20, 0, true, 66, 9377347899
3, 4, 10, 10, 50, 50, 20, 0, true, 67, 9589730756
3, 4, 10, 10, 50, 50, 20, 0, true, 68, 9776044822
3, 4, 10, 10, 50, 50, 20, 0, true, 69, 8557714989
3, 4, 10, 10, 50, 50, 20, 0, true, 70, 9849800226
3, 4, 10, 10, 50, 50, 20, 0, true, 71, 8931126116
3, 4, 10, 10, 50, 50, 20, 0, true, 72, 9344420198
3, 4, 10, 10, 50, 50, 20, 0, true, 73, 10229714750
3, 4, 10, 10, 50, 50, 20, 0, true, 74, 10291483831
3, 4, 10, 10, 50, 50, 20, 0, true, 75, 10150161980
3, 4, 10, 10, 50, 50, 20, 0, true, 76, 9159927901
3, 4, 10, 10, 50, 50, 20, 0, true, 77, 9827048754
3, 4, 10, 10, 50, 50, 20, 0, true, 78, 9470499561
3, 4, 10, 10, 50, 50, 20, 0, true, 79, 9818111955
3, 4, 10, 10, 50, 50, 20, 0, true, 80, 10255375666
3, 4, 10, 10, 50, 50, 20, 0, true, 81, 9995723001
3, 4, 10, 10, 50, 50, 20, 0, true, 82, 9367955887
3, 4, 10, 10, 50, 50, 20, 0, true, 83, 9827682338
3, 4, 10, 10, 50, 50, 20, 0, true, 84, 9494939293
3, 4, 10, 10, 50, 50, 20, 0, true, 85, 9832547236
3, 4, 10, 10, 50, 50, 20, 0, true, 86, 9926161814
3, 4, 10, 10, 50, 50, 20, 0, true, 87, 8660074918
3, 4, 10, 10, 50, 50, 20, 0, true, 88, 9337220445
3, 4, 10, 10, 50, 50, 20, 0, true, 89, 10269072699
3, 4, 10, 10, 50, 50, 20, 0, true, 90, 9827117205
3, 4, 10, 10, 50, 50, 20, 0, true, 91, 9529623796
3, 4, 10, 10, 50, 50, 20, 0, true, 92, 9049664758
3, 4, 10, 10, 50, 50, 20, 0, true, 93, 10225363927
3, 4, 10, 10, 50, 50, 20, 0, true, 94, 9652311995
3, 4, 10, 10, 50, 50, 20, 0, true, 95, 10243505923
3, 4, 10, 10, 50, 50, 20, 0, true, 96, 9573577466
3, 4, 10, 10, 50, 50, 20, 0, true, 97, 10113171138
3, 4, 10, 10, 50, 50, 20, 0, true, 98, 8573306285
3, 4, 10, 10, 50, 50, 20, 0, true, 99, 9825256023
3, 4, 10, 10, 50, 50, 21, 0, true, 0, 8746055657
3, 4, 10, 10, 50, 50, 21, 0, true, 1, 13522051840
3, 4, 10, 10, 50, 50, 21, 0, true, 2, 9054970425
3, 4, 10, 10, 50, 50, 21, 0, true, 3, 14265263664
3, 4, 10, 10, 50, 50, 21, 0, true, 4, 13565204752
3, 4, 10, 10, 50, 50, 21, 0, true, 5, 14276694326
3, 4, 10, 10, 50, 50, 21, 0, true, 6, 13588846215
3, 4, 10, 10, 50, 50, 21, 0, true, 7, 13367698604
3, 4, 10, 10, 50, 50, 21, 0, true, 8, 13652299531
3, 4, 10, 10, 50, 50, 21, 0, true, 9, 8546176518
3, 4, 10, 10, 50, 50, 21, 0, true, 10, 13470814402
3, 4, 10, 10, 50, 50, 21, 0, true, 11, 8374234551
3, 4, 10, 10, 50, 50, 21, 0, true, 12, 12636295707
3, 4, 10, 10, 50, 50, 21, 0, true, 13, 8965086342
3, 4, 10, 10, 50, 50, 21, 0, true, 14, 8860817387
3, 4, 10, 10, 50, 50, 21, 0, true, 15, 9069248188
3, 4, 10, 10, 50, 50, 21, 0, true, 16, 9155842611
3, 4, 10, 10, 50, 50, 21, 0, true, 17, 9071831142
3, 4, 10, 10, 50, 50, 21, 0, true, 18, 8549080476
3, 4, 10, 10, 50, 50, 21, 0, true, 19, 13646577296
3, 4, 10, 10, 50, 50, 21, 0, true, 20, 8889649265
3, 4, 10, 10, 50, 50, 21, 0, true, 21, 9075034479
3, 4, 10, 10, 50, 50, 21, 0, true, 22, 9293880255
3, 4, 10, 10, 50, 50, 21, 0, true, 23, 13530166395
3, 4, 10, 10, 50, 50, 21, 0, true, 24, 9331107648
3, 4, 10, 10, 50, 50, 21, 0, true, 25, 13630460523
3, 4, 10, 10, 50, 50, 21, 0, true, 26, 8839179608
3, 4, 10, 10, 50, 50, 21, 0, true, 27, 13663580002
3, 4, 10, 10, 50, 50, 21, 0, true, 28, 8872434915
3, 4, 10, 10, 50, 50, 21, 0, true, 29, 8945126574
3, 4, 10, 10, 50, 50, 21, 0, true, 30, 9296967453
3, 4, 10, 10, 50, 50, 21, 0, true, 31, 13628414395
3, 4, 10, 10, 50, 50, 21, 0, true, 32, 10824765457
3, 4, 10, 10, 50, 50, 21, 0, true, 33, 13687624351
3, 4, 10, 10, 50, 50, 21, 0, true, 34, 8372722313
3, 4, 10, 10, 50, 50, 21, 0, true, 35, 13495558083
3, 4, 10, 10, 50, 50, 21, 0, true, 36, 13512501052
3, 4, 10, 10, 50, 50, 21, 0, true, 37, 10935071666
3, 4, 10, 10, 50, 50, 21, 0, true, 38, 13640481575
3, 4, 10, 10, 50, 50, 21, 0, true, 39, 8551069321
3, 4, 10, 10, 50, 50, 21, 0, true, 40, 13674981815
3, 4, 10, 10, 50, 50, 21, 0, true, 41, 9262730382
3, 4, 10, 10, 50, 50, 21, 0, true, 42, 13454483344
3, 4, 10, 10, 50, 50, 21, 0, true, 43, 9381039951
3, 4, 10, 10, 50, 50, 21, 0, true, 44, 13629592622
3, 4, 10, 10, 50, 50, 21, 0, true, 45, 10910354833
3, 4, 10, 10, 50, 50, 21, 0, true, 46, 9020838905
3, 4, 10, 10, 50, 50, 21, 0, true, 47, 9319979781
3, 4, 10, 10, 50, 50, 21, 0, true, 48, 8336623023
3, 4, 10, 10, 50, 50, 21, 0, true, 49, 13656321951
3, 4, 10, 10, 50, 50, 21, 0, true, 50, 8967919888
3, 4, 10, 10, 50, 50, 21, 0, true, 51, 13530972402
3, 4, 10, 10, 50, 50, 21, 0, true, 52, 8394770099
3, 4, 10, 10, 50, 50, 21, 0, true, 53, 13639395074
3, 4, 10, 10, 50, 50, 21, 0, true, 54, 8953831118
3, 4, 10, 10, 50, 50, 21, 0, true, 55, 13689306192
3, 4, 10, 10, 50, 50, 21, 0, true, 56, 9069181092
3, 4, 10, 10, 50, 50, 21, 0, true, 57, 13489397702
3, 4, 10, 10, 50, 50, 21, 0, true, 58, 8403913338
3, 4, 10, 10, 50, 50, 21, 0, true, 59, 14248098361
3, 4, 10, 10, 50, 50, 21, 0, true, 60, 13529119779
3, 4, 10, 10, 50, 50, 21, 0, true, 61, 9270035152
3, 4, 10, 10, 50, 50, 21, 0, true, 62, 13654197091
3, 4, 10, 10, 50, 50, 21, 0, true, 63, 9286861377
3, 4, 10, 10, 50, 50, 21, 0, true, 64, 13531192421
3, 4, 10, 10, 50, 50, 21, 0, true, 65, 10024705553
3, 4, 10, 10, 50, 50, 21, 0, true, 66, 13492377113
3, 4, 10, 10, 50, 50, 21, 0, true, 67, 8986606638
3, 4, 10, 10, 50, 50, 21, 0, true, 68, 9333275368
3, 4, 10, 10, 50, 50, 21, 0, true, 69, 9066399031
3, 4, 10, 10, 50, 50, 21, 0, true, 70, 9018702490
3, 4, 10, 10, 50, 50, 21, 0, true, 71, 13676598325
3, 4, 10, 10, 50, 50, 21, 0, true, 72, 9047905606
3, 4, 10, 10, 50, 50, 21, 0, true, 73, 14130562413
3, 4, 10, 10, 50, 50, 21, 0, true, 74, 13574737600
3, 4, 10, 10, 50, 50, 21, 0, true, 75, 13724473816
3, 4, 10, 10, 50, 50, 21, 0, true, 76, 8960118048
3, 4, 10, 10, 50, 50, 21, 0, true, 77, 13691488223
3, 4, 10, 10, 50, 50, 21, 0, true, 78, 9247460168
3, 4, 10, 10, 50, 50, 21, 0, true, 79, 8402914042
3, 4, 10, 10, 50, 50, 21, 0, true, 80, 13591438182
3, 4, 10, 10, 50, 50, 21, 0, true, 81, 14498087151
3, 4, 10, 10, 50, 50, 21, 0, true, 82, 13551157906
3, 4, 10, 10, 50, 50, 21, 0, true, 83, 10033652920
3, 4, 10, 10, 50, 50, 21, 0, true, 84, 9068147918
3, 4, 10, 10, 50, 50, 21, 0, true, 85, 8969740188
3, 4, 10, 10, 50, 50, 21, 0, true, 86, 8536328885
3, 4, 10, 10, 50, 50, 21, 0, true, 87, 9069824478
3, 4, 10, 10, 50, 50, 21, 0, true, 88, 9974997775
3, 4, 10, 10, 50, 50, 21, 0, true, 89, 9048839504
3, 4, 10, 10, 50, 50, 21, 0, true, 90, 9267168845
3, 4, 10, 10, 50, 50, 21, 0, true, 91, 8929365531
3, 4, 10, 10, 50, 50, 21, 0, true, 92, 8553616553
3, 4, 10, 10, 50, 50, 21, 0, true, 93, 13797671445
3, 4, 10, 10, 50, 50, 21, 0, true, 94, 9169507105
3, 4, 10, 10, 50, 50, 21, 0, true, 95, 14299924928
3, 4, 10, 10, 50, 50, 21, 0, true, 96, 9072930291
3, 4, 10, 10, 50, 50, 21, 0, true, 97, 14132141409
3, 4, 10, 10, 50, 50, 21, 0, true, 98, 13571718891
3, 4, 10, 10, 50, 50, 21, 0, true, 99, 14914566385
3, 4, 10, 10, 50, 50, 22, 0, true, 0, FAIL
3, 4, 10, 10, 50, 50, 22, 0, true, 1, FAIL
3, 4, 10, 10, 50, 50, 22, 0, true, 2, FAIL
3, 4, 10, 10, 50, 50, 22, 0, true, 3, FAIL
3, 4, 10, 10, 50, 50, 22, 0, true, 4, FAIL
3, 4, 10, 10, 50, 50, 22, 0, true, 5, FAIL
3, 4, 10, 10, 50, 50, 22, 0, true, 6, FAIL
3, 4, 10, 10, 50, 50, 22, 0, true, 7, FAIL
3, 4, 10, 10, 50, 50, 22, 0, true, 8, FAIL
3, 4, 10, 10, 50, 50, 22, 0, true, 9, FAIL
3, 4, 10, 10, 50, 50, 22, 0, true, 10, FAIL
3, 4, 10, 10, 50, 50, 22, 0, true, 11, FAIL
3, 4, 10, 10, 50, 50, 22, 0, true, 12, FAIL
3, 4, 10, 10, 50, 50, 22, 0, true, 13, FAIL
3, 4, 10, 10, 50, 50, 22, 0, true, 14, FAIL
3, 4, 10, 10, 50, 50, 22, 0, true, 15, FAIL
3, 4, 10, 10, 50, 50, 22, 0, true, 16, FAIL
3, 4, 10, 10, 50, 50, 22, 0, true, 17, FAIL
3, 4, 10, 10, 50, 50, 22, 0, true, 18, FAIL
3, 4, 10, 10, 50, 50, 22, 0, true, 19, FAIL
3, 4, 10, 10, 50, 50, 22, 0, true, 20, FAIL
3, 4, 10, 10, 50, 50, 22, 0, true, 21, FAIL
3, 4, 10, 10, 50, 50, 22, 0, true, 22, FAIL
3, 4, 10, 10, 50, 50, 22, 0, true, 23, FAIL
3, 4, 10, 10, 50, 50, 22, 0, true, 24, FAIL
3, 4, 10, 10, 50, 50, 22, 0, true, 25, FAIL
3, 4, 10, 10, 50, 50, 22, 0, true, 26, FAIL
3, 4, 10, 10, 50, 50, 22, 0, true, 27, FAIL
3, 4, 10, 10, 50, 50, 22, 0, true, 28, FAIL
3, 4, 10, 10, 50, 50, 22, 0, true, 29, FAIL
3, 4, 10, 10, 50, 50, 22, 0, true, 30, FAIL
3, 4, 10, 10, 50, 50, 22, 0, true, 31, FAIL
3, 4, 10, 10, 50, 50, 22, 0, true, 32, FAIL
3, 4, 10, 10, 50, 50, 22, 0, true, 33, FAIL
3, 4, 10, 10, 50, 50, 22, 0, true, 34, FAIL
3, 4, 10, 10, 50, 50, 22, 0, true, 35, FAIL
3, 4, 10, 10, 50, 50, 22, 0, true, 36, FAIL
3, 4, 10, 10, 50, 50, 22, 0, true, 37, FAIL
3, 4, 10, 10, 50, 50, 22, 0, true, 38, FAIL
3, 4, 10, 10, 50, 50, 22, 0, true, 39, FAIL
3, 4, 10, 10, 50, 50, 22, 0, true, 40, FAIL
3, 4, 10, 10, 50, 50, 22, 0, true, 41, FAIL
3, 4, 10, 10, 50, 50, 22, 0, true, 42, FAIL
3, 4, 10, 10, 50, 50, 22, 0, true, 43, FAIL
3, 4, 10, 10, 50, 50, 22, 0, true, 44, FAIL
3, 4, 10, 10, 50, 50, 22, 0, true, 45, FAIL
3, 4, 10, 10, 50, 50, 22, 0, true, 46, FAIL
3, 4, 10, 10, 50, 50, 22, 0, true, 47, FAIL
3, 4, 10, 10, 50, 50, 22, 0, true, 48, FAIL
3, 4, 10, 10, 50, 50, 22, 0, true, 49, FAIL
3, 4, 10, 10, 50, 50, 22, 0, true, 50, FAIL
3, 4, 10, 10, 50, 50, 22, 0, true, 51, FAIL
3, 4, 10, 10, 50, 50, 22, 0, true, 52, FAIL
3, 4, 10, 10, 50, 50, 22, 0, true, 53, FAIL
3, 4, 10, 10, 50, 50, 22, 0, true, 54, FAIL
3, 4, 10, 10, 50, 50, 22, 0, true, 55, FAIL
3, 4, 10, 10, 50, 50, 22, 0, true, 56, FAIL
3, 4, 10, 10, 50, 50, 22, 0, true, 57, FAIL
3, 4, 10, 10, 50, 50, 22, 0, true, 58, FAIL
3, 4, 10, 10, 50, 50, 22, 0, true, 59, FAIL
3, 4, 10, 10, 50, 50, 22, 0, true, 60, FAIL
3, 4, 10, 10, 50, 50, 22, 0, true, 61, FAIL
3, 4, 10, 10, 50, 50, 22, 0, true, 62, FAIL
3, 4, 10, 10, 50, 50, 22, 0, true, 63, FAIL
3, 4, 10, 10, 50, 50, 22, 0, true, 64, FAIL
3, 4, 10, 10, 50, 50, 22, 0, true, 65, FAIL
3, 4, 10, 10, 50, 50, 22, 0, true, 66, FAIL
3, 4, 10, 10, 50, 50, 22, 0, true, 67, FAIL
3, 4, 10, 10, 50, 50, 22, 0, true, 68, FAIL
3, 4, 10, 10, 50, 50, 22, 0, true, 69, FAIL
3, 4, 10, 10, 50, 50, 22, 0, true, 70, FAIL
3, 4, 10, 10, 50, 50, 22, 0, true, 71, FAIL
3, 4, 10, 10, 50, 50, 22, 0, true, 72, FAIL
3, 4, 10, 10, 50, 50, 22, 0, true, 73, FAIL
3, 4, 10, 10, 50, 50, 22, 0, true, 74, FAIL
3, 4, 10, 10, 50, 50, 22, 0, true, 75, FAIL
3, 4, 10, 10, 50, 50, 22, 0, true, 76, FAIL
3, 4, 10, 10, 50, 50, 22, 0, true, 77, FAIL
3, 4, 10, 10, 50, 50, 22, 0, true, 78, FAIL
3, 4, 10, 10, 50, 50, 22, 0, true, 79, FAIL
3, 4, 10, 10, 50, 50, 22, 0, true, 80, FAIL
3, 4, 10, 10, 50, 50, 22, 0, true, 81, FAIL
3, 4, 10, 10, 50, 50, 22, 0, true, 82, FAIL
3, 4, 10, 10, 50, 50, 22, 0, true, 83, FAIL
3, 4, 10, 10, 50, 50, 22, 0, true, 84, FAIL
3, 4, 10, 10, 50, 50, 22, 0, true, 85, FAIL
3, 4, 10, 10, 50, 50, 22, 0, true, 86, FAIL
3, 4, 10, 10, 50, 50, 22, 0, true, 87, FAIL
3, 4, 10, 10, 50, 50, 22, 0, true, 88, FAIL
3, 4, 10, 10, 50, 50, 22, 0, true, 89, FAIL
3, 4, 10, 10, 50, 50, 22, 0, true, 90, FAIL
3, 4, 10, 10, 50, 50, 22, 0, true, 91, FAIL
3, 4, 10, 10, 50, 50, 22, 0, true, 92, FAIL
3, 4, 10, 10, 50, 50, 22, 0, true, 93, FAIL
3, 4, 10, 10, 50, 50, 22, 0, true, 94, FAIL
3, 4, 10, 10, 50, 50, 22, 0, true, 95, FAIL
3, 4, 10, 10, 50, 50, 22, 0, true, 96, FAIL
3, 4, 10, 10, 50, 50, 22, 0, true, 97, FAIL
3, 4, 10, 10, 50, 50, 22, 0, true, 98, FAIL
3, 4, 10, 10, 50, 50, 22, 0, true, 99, FAIL
