5, 15, 20, 10, 50, 500, 50, 0, true, 0, 1061860277
5, 15, 20, 10, 50, 500, 50, 0, true, 1, 1053306226
5, 15, 20, 10, 50, 500, 50, 0, true, 2, 1056284512
5, 15, 20, 10, 50, 500, 50, 0, true, 3, 1043128434
5, 15, 20, 10, 50, 500, 50, 0, true, 4, 1069923905
5, 15, 20, 10, 50, 500, 100, 0, true, 0, 2058686957
5, 15, 20, 10, 50, 500, 100, 0, true, 1, 2026543495
5, 15, 20, 10, 50, 500, 100, 0, true, 2, 2030809984
5, 15, 20, 10, 50, 500, 100, 0, true, 3, 2046840973
5, 15, 20, 10, 50, 500, 100, 0, true, 4, 2050917868
5, 15, 20, 10, 50, 500, 150, 0, true, 0, 3010495900
5, 15, 20, 10, 50, 500, 150, 0, true, 1, 2971287431
5, 15, 20, 10, 50, 500, 150, 0, true, 2, 2975082350
5, 15, 20, 10, 50, 500, 150, 0, true, 3, 2988798215
5, 15, 20, 10, 50, 500, 150, 0, true, 4, 2956956679
5, 15, 20, 10, 50, 500, 200, 0, true, 0, 3873302337
5, 15, 20, 10, 50, 500, 200, 0, true, 1, 3898205644
5, 15, 20, 10, 50, 500, 200, 0, true, 2, 3896053747
5, 15, 20, 10, 50, 500, 200, 0, true, 3, 3895014416
5, 15, 20, 10, 50, 500, 200, 0, true, 4, 3880203798
5, 15, 20, 10, 50, 500, 250, 0, true, 0, 4757309724
5, 15, 20, 10, 50, 500, 250, 0, true, 1, 4723106434
5, 15, 20, 10, 50, 500, 250, 0, true, 2, 4726596795
5, 15, 20, 10, 50, 500, 250, 0, true, 3, 4759955650
5, 15, 20, 10, 50, 500, 250, 0, true, 4, 4738530303
5, 15, 20, 10, 50, 500, 300, 0, true, 0, 5622269783
5, 15, 20, 10, 50, 500, 300, 0, true, 1, 5592342017
5, 15, 20, 10, 50, 500, 300, 0, true, 2, 5606029231
5, 15, 20, 10, 50, 500, 300, 0, true, 3, 5597273683
5, 15, 20, 10, 50, 500, 300, 0, true, 4, 5596832814
5, 15, 20, 10, 50, 500, 350, 0, true, 0, 5301004407
5, 15, 20, 10, 50, 500, 350, 0, true, 1, 5473740067
5, 15, 20, 10, 50, 500, 350, 0, true, 2, 5187096934
5, 15, 20, 10, 50, 500, 350, 0, true, 3, 5257984444
5, 15, 20, 10, 50, 500, 350, 0, true, 4, 5386519700
5, 15, 20, 10, 50, 500, 400, 0, true, 0, 5359353412
5, 15, 20, 10, 50, 500, 400, 0, true, 1, 9686288209
5, 15, 20, 10, 50, 500, 400, 0, true, 2, 4836986655
5, 15, 20, 10, 50, 500, 400, 0, true, 3, 4483005685
5, 15, 20, 10, 50, 500, 400, 0, true, 4, 8800369462
5, 15, 20, 10, 50, 500, 450, 0, true, 0, 4529263196
5, 15, 20, 10, 50, 500, 450, 0, true, 1, 12975279446
5, 15, 20, 10, 50, 500, 450, 0, true, 2, 4580483102
5, 15, 20, 10, 50, 500, 450, 0, true, 3, 4709193257
5, 15, 20, 10, 50, 500, 450, 0, true, 4, 4329345036
5, 15, 20, 10, 50, 500, 500, 0, true, 0, 4287388668
5, 15, 20, 10, 50, 500, 500, 0, true, 1, 4764050267
5, 15, 20, 10, 50, 500, 500, 0, true, 2, 4822665005
5, 15, 20, 10, 50, 500, 500, 0, true, 3, 19077643379
5, 15, 20, 10, 50, 500, 500, 0, true, 4, 4634110897
15, 15, 20, 10, 50, 500, 50, 0, true, 0, 1048846493
15, 15, 20, 10, 50, 500, 50, 0, true, 1, 1029244974
15, 15, 20, 10, 50, 500, 50, 0, true, 2, 1041058320
15, 15, 20, 10, 50, 500, 50, 0, true, 3, 1019656649
15, 15, 20, 10, 50, 500, 50, 0, true, 4, 1016410224
15, 15, 20, 10, 50, 500, 100, 0, true, 0, 1977794152
15, 15, 20, 10, 50, 500, 100, 0, true, 1, 1984480636
15, 15, 20, 10, 50, 500, 100, 0, true, 2, 2005808611
15, 15, 20, 10, 50, 500, 100, 0, true, 3, 1988909357
15, 15, 20, 10, 50, 500, 100, 0, true, 4, 1982317146
15, 15, 20, 10, 50, 500, 150, 0, true, 0, 2934483790
15, 15, 20, 10, 50, 500, 150, 0, true, 1, 2974774848
15, 15, 20, 10, 50, 500, 150, 0, true, 2, 2968174840
15, 15, 20, 10, 50, 500, 150, 0, true, 3, 2975230218
15, 15, 20, 10, 50, 500, 150, 0, true, 4, 2950144152
15, 15, 20, 10, 50, 500, 200, 0, true, 0, 3934349236
15, 15, 20, 10, 50, 500, 200, 0, true, 1, 3933604728
15, 15, 20, 10, 50, 500, 200, 0, true, 2, 3954307488
15, 15, 20, 10, 50, 500, 200, 0, true, 3, 3952549564
15, 15, 20, 10, 50, 500, 200, 0, true, 4, 3886034469
15, 15, 20, 10, 50, 500, 250, 0, true, 0, 4911239333
15, 15, 20, 10, 50, 500, 250, 0, true, 1, 4859542796
15, 15, 20, 10, 50, 500, 250, 0, true, 2, 4875333098
15, 15, 20, 10, 50, 500, 250, 0, true, 3, 4883856675
15, 15, 20, 10, 50, 500, 250, 0, true, 4, 4879805652
15, 15, 20, 10, 50, 500, 300, 0, true, 0, 5808232837
15, 15, 20, 10, 50, 500, 300, 0, true, 1, 5800121690
15, 15, 20, 10, 50, 500, 300, 0, true, 2, 5787783843
15, 15, 20, 10, 50, 500, 300, 0, true, 3, 5795674892
15, 15, 20, 10, 50, 500, 300, 0, true, 4, 5832056664
15, 15, 20, 10, 50, 500, 350, 0, true, 0, 4720290993
15, 15, 20, 10, 50, 500, 350, 0, true, 1, 5293980986
15, 15, 20, 10, 50, 500, 350, 0, true, 2, 5107924711
15, 15, 20, 10, 50, 500, 350, 0, true, 3, 5036247495
15, 15, 20, 10, 50, 500, 350, 0, true, 4, 5072049664
15, 15, 20, 10, 50, 500, 400, 0, true, 0, 4299803747
15, 15, 20, 10, 50, 500, 400, 0, true, 1, 5081038876
15, 15, 20, 10, 50, 500, 400, 0, true, 2, 3621717520
15, 15, 20, 10, 50, 500, 400, 0, true, 3, 18216721512
15, 15, 20, 10, 50, 500, 400, 0, true, 4, 4276878276
15, 15, 20, 10, 50, 500, 450, 0, true, 0, 4896101839
15, 15, 20, 10, 50, 500, 450, 0, true, 1, 4815456433
15, 15, 20, 10, 50, 500, 450, 0, true, 2, 4215935514
15, 15, 20, 10, 50, 500, 450, 0, true, 3, 4939465672
15, 15, 20, 10, 50, 500, 450, 0, true, 4, 4897941539
15, 15, 20, 10, 50, 500, 500, 0, true, 0, 5175950212
15, 15, 20, 10, 50, 500, 500, 0, true, 1, 3700363232
15, 15, 20, 10, 50, 500, 500, 0, true, 2, 4067954054
15, 15, 20, 10, 50, 500, 500, 0, true, 3, 4643214771
15, 15, 20, 10, 50, 500, 500, 0, true, 4, 4446540510
25, 15, 20, 10, 50, 500, 50, 0, true, 0, 604664218
25, 15, 20, 10, 50, 500, 50, 0, true, 1, 601823364
25, 15, 20, 10, 50, 500, 50, 0, true, 2, 536249027
25, 15, 20, 10, 50, 500, 50, 0, true, 3, 615214856
25, 15, 20, 10, 50, 500, 50, 0, true, 4, 1942978188
25, 15, 20, 10, 50, 500, 100, 0, true, 0, 621351667
25, 15, 20, 10, 50, 500, 100, 0, true, 1, 8074242444
25, 15, 20, 10, 50, 500, 100, 0, true, 2, 708829180
25, 15, 20, 10, 50, 500, 100, 0, true, 3, 7141198253
25, 15, 20, 10, 50, 500, 100, 0, true, 4, 7910579157
25, 15, 20, 10, 50, 500, 150, 0, true, 0, 627445618
25, 15, 20, 10, 50, 500, 150, 0, true, 1, 16812286251
25, 15, 20, 10, 50, 500, 150, 0, true, 2, 714544069
25, 15, 20, 10, 50, 500, 150, 0, true, 3, 645198324
25, 15, 20, 10, 50, 500, 150, 0, true, 4, 17121719330
25, 15, 20, 10, 50, 500, 200, 0, true, 0, 660470149
25, 15, 20, 10, 50, 500, 200, 0, true, 1, 597800927
25, 15, 20, 10, 50, 500, 200, 0, true, 2, FAIL
25, 15, 20, 10, 50, 500, 200, 0, true, 3, 794865584
25, 15, 20, 10, 50, 500, 200, 0, true, 4, FAIL
25, 15, 20, 10, 50, 500, 250, 0, true, 0, 517182559
25, 15, 20, 10, 50, 500, 250, 0, true, 1, 572136655
25, 15, 20, 10, 50, 500, 250, 0, true, 2, FAIL
25, 15, 20, 10, 50, 500, 250, 0, true, 3, FAIL
25, 15, 20, 10, 50, 500, 250, 0, true, 4, FAIL
25, 15, 20, 10, 50, 500, 300, 0, true, 0, 620170161
25, 15, 20, 10, 50, 500, 300, 0, true, 1, FAIL
25, 15, 20, 10, 50, 500, 300, 0, true, 2, 705335471
25, 15, 20, 10, 50, 500, 300, 0, true, 3, 858556958
25, 15, 20, 10, 50, 500, 300, 0, true, 4, FAIL
25, 15, 20, 10, 50, 500, 350, 0, true, 0, 727485966
25, 15, 20, 10, 50, 500, 350, 0, true, 1, 617693640
25, 15, 20, 10, 50, 500, 350, 0, true, 2, FAIL
25, 15, 20, 10, 50, 500, 350, 0, true, 3, 594213087
25, 15, 20, 10, 50, 500, 350, 0, true, 4, FAIL
25, 15, 20, 10, 50, 500, 400, 0, true, 0, 732661717
25, 15, 20, 10, 50, 500, 400, 0, true, 1, 598672406
25, 15, 20, 10, 50, 500, 400, 0, true, 2, 689219974
25, 15, 20, 10, 50, 500, 400, 0, true, 3, 644084814
25, 15, 20, 10, 50, 500, 400, 0, true, 4, 704508424
25, 15, 20, 10, 50, 500, 450, 0, true, 0, 622646107
25, 15, 20, 10, 50, 500, 450, 0, true, 1, 605829269
25, 15, 20, 10, 50, 500, 450, 0, true, 2, FAIL
