warmup completed in 7552,97783 ms
===== assigning worker to rooms when project config matches =====
warmup completed in 860,01281 ms
Scenario ScenarioSpec(3,(3,5),(10,50),15,15,0,true) solved in avg 8,09467 ms (min: 7,72790, max: 10,70881, med: 8,00509), utility 75
Scenario ScenarioSpec(3,(3,6),(10,50),18,18,0,true) solved in avg 7,92203 ms (min: 7,48204, max: 11,33234, med: 7,73058), utility 108
Scenario ScenarioSpec(3,(3,7),(10,50),21,21,0,true) solved in avg 7,85310 ms (min: 6,67591, max: 9,83634, med: 8,14661), utility 147
Scenario ScenarioSpec(3,(3,8),(10,50),24,24,0,true) solved in avg 35,74152 ms (min: 31,84512, max: 42,32152, med: 33,19489), utility 192
Scenario ScenarioSpec(3,(3,9),(10,50),27,27,0,true) solved in avg 9,65955 ms (min: 7,30537, max: 13,33201, med: 10,58502), utility 243
Scenario ScenarioSpec(3,(3,10),(10,50),30,30,0,true) solved in avg 12,36112 ms (min: 11,68813, max: 14,64811, med: 12,00545), utility 300
Scenario ScenarioSpec(3,(3,11),(10,50),33,33,0,true) solved in avg 19,12040 ms (min: 17,13978, max: 29,45335, med: 18,04340), utility 363
Scenario ScenarioSpec(3,(3,12),(10,50),36,36,0,true) solved in avg 46,53427 ms (min: 45,57202, max: 48,93188, med: 46,21584), utility 432
Scenario ScenarioSpec(3,(3,13),(10,50),39,39,0,true) solved in avg 153,35632 ms (min: 121,73221, max: 190,80358, med: 164,64425), utility 507
Scenario ScenarioSpec(3,(3,14),(10,50),42,42,0,true) solved in avg 44,35203 ms (min: 31,64607, max: 50,51446, med: 46,22219), utility 588
Scenario ScenarioSpec(3,(3,15),(10,50),45,45,0,true) solved in avg 9,64099 ms (min: 9,33989, max: 12,49065, med: 9,51589), utility 675
Scenario ScenarioSpec(3,(3,16),(10,50),48,48,0,true) solved in avg 46,04947 ms (min: 35,35826, max: 78,34105, med: 39,23567), utility 768
Scenario ScenarioSpec(3,(3,17),(10,50),51,51,0,true) solved in avg 1455,12630 ms (min: 915,47843, max: 1769,39923, med: 1508,53833), utility 867
Scenario ScenarioSpec(3,(3,18),(10,50),54,54,0,true) solved in avg 236,37931 ms (min: 189,95247, max: 266,81706, med: 247,32340), utility 972
Scenario ScenarioSpec(3,(3,19),(10,50),57,57,0,true) solved in avg 667,57681 ms (min: 630,52140, max: 770,10906, med: 653,13630), utility 1083
Scenario ScenarioSpec(3,(3,20),(10,50),60,60,0,true) solved in avg 428,53413 ms (min: 296,24101, max: 519,45493, med: 444,39426), utility 1200
Scenario ScenarioSpec(3,(3,21),(10,50),63,63,0,true) solved in avg 12,91419 ms (min: 12,37149, max: 17,25592, med: 12,58424), utility 1323
Scenario ScenarioSpec(3,(3,22),(10,50),66,66,0,true) solved in avg 2865,40701 ms (min: 2616,21010, max: 3176,95271, med: 2922,68667), utility 1452
Scenario ScenarioSpec(3,(3,23),(10,50),69,69,0,true) solved in avg 4869,37709 ms (min: 4630,46169, max: 5267,88915, med: 4864,28061), utility 1587
Scenario ScenarioSpec(3,(3,24),(10,50),72,72,0,true) solved in avg 30002,31192 ms (min: 30002,19539, max: 30002,58104, med: 30002,28093), utility 1152
Scenario ScenarioSpec(3,(3,25),(10,50),75,75,0,true) solved in avg 10971,56354 ms (min: 10134,25200, max: 11690,22071, med: 11135,58089), utility 1875
Scenario ScenarioSpec(3,(3,26),(10,50),78,78,0,true) solved in avg 6294,78185 ms (min: 5867,27968, max: 7247,97637, med: 6257,28465), utility 2028
Scenario ScenarioSpec(3,(3,27),(10,50),81,81,0,true) solved in avg 13661,59520 ms (min: 12578,38328, max: 15267,23572, med: 13797,06777), utility 2187
Scenario ScenarioSpec(3,(3,28),(10,50),84,84,0,true) solved in avg 17,23317 ms (min: 16,32763, max: 21,11932, med: 16,69238), utility 2352
Scenario ScenarioSpec(3,(3,29),(10,50),87,87,0,true) solved in avg 18,17888 ms (min: 17,50880, max: 22,30447, med: 17,86280), utility 2523
Scenario ScenarioSpec(3,(3,30),(10,50),90,90,0,true) solved in avg 20,73838 ms (min: 20,12291, max: 24,25423, med: 20,43941), utility 2700
Scenario ScenarioSpec(3,(3,31),(10,50),93,93,0,true) solved in avg 21,96871 ms (min: 21,38234, max: 24,97301, med: 21,80366), utility 2883
Scenario ScenarioSpec(3,(3,32),(10,50),96,96,0,true) solved in avg 20,81484 ms (min: 20,29714, max: 23,59433, med: 20,64681), utility 3072
Scenario ScenarioSpec(3,(3,33),(10,50),99,99,0,true) solved in avg 21,78482 ms (min: 21,10642, max: 27,70121, med: 21,54969), utility 3267
Scenario ScenarioSpec(3,(3,34),(10,50),102,102,0,true) solved in avg 30003,28390 ms (min: 30003,00486, max: 30006,16790, med: 30003,12959), utility 2888
Scenario ScenarioSpec(3,(3,35),(10,50),105,105,0,true) solved in avg 22,52116 ms (min: 21,79800, max: 25,84738, med: 22,13574), utility 3675
Scenario ScenarioSpec(3,(3,36),(10,50),108,108,0,true) solved in avg 30003,29541 ms (min: 30003,14902, max: 30003,47249, med: 30003,28491), utility 3033
Scenario ScenarioSpec(3,(3,37),(10,50),111,111,0,true) solved in avg 30003,54958 ms (min: 30003,26282, max: 30006,33768, med: 30003,39583), utility 3522
Scenario ScenarioSpec(3,(3,38),(10,50),114,114,0,true) solved in avg 30003,84364 ms (min: 30003,33856, max: 30007,22116, med: 30003,51656), utility 3513
Scenario ScenarioSpec(3,(3,39),(10,50),117,117,0,true) solved in avg 30004,17913 ms (min: 30003,40387, max: 30007,39440, med: 30003,60240), utility 3571
Scenario ScenarioSpec(3,(3,40),(10,50),120,120,0,true) solved in avg 30,74238 ms (min: 29,52581, max: 35,07928, med: 29,83848), utility 4800
Scenario ScenarioSpec(3,(3,41),(10,50),123,123,0,true) solved in avg 35,16449 ms (min: 34,17506, max: 40,38201, med: 34,65343), utility 5043
Scenario ScenarioSpec(3,(3,42),(10,50),126,126,0,true) solved in avg 30004,07010 ms (min: 30003,65575, max: 30007,77390, med: 30003,81105), utility 4489
Scenario ScenarioSpec(3,(3,43),(10,50),129,129,0,true) solved in avg 30004,18240 ms (min: 30003,75488, max: 30007,91425, med: 30003,91523), utility 4427
Scenario ScenarioSpec(3,(3,44),(10,50),132,132,0,true) solved in avg 30004,33804 ms (min: 30003,85252, max: 30009,99912, med: 30004,05111), utility 4448
Scenario ScenarioSpec(3,(3,45),(10,50),135,135,0,true) solved in avg 30004,77217 ms (min: 30003,96061, max: 30009,22356, med: 30004,09259), utility 3962
Scenario ScenarioSpec(3,(3,46),(10,50),138,138,0,true) solved in avg 36,64728 ms (min: 35,42975, max: 40,36885, med: 35,86340), utility 6348
Scenario ScenarioSpec(3,(3,47),(10,50),141,141,0,true) solved in avg 30004,59260 ms (min: 30004,11298, max: 30007,30302, med: 30004,26499), utility 4418
Scenario ScenarioSpec(3,(3,48),(10,50),144,144,0,true) solved in avg 41,14357 ms (min: 40,06967, max: 47,12935, med: 40,53477), utility 6912
Scenario ScenarioSpec(3,(3,49),(10,50),147,147,0,true) solved in avg 30004,62590 ms (min: 30004,27919, max: 30007,25859, med: 30004,44629), utility 4802
Scenario ScenarioSpec(3,(3,50),(10,50),150,150,0,true) solved in avg 30005,14312 ms (min: 30004,34151, max: 30008,79869, med: 30004,55296), utility 5784
